2025-03-07 03:21:14,400 - INFO - Logging system initialized.
2025-03-07 03:21:14,401 - INFO - 
Pan and Tilt Mechanism: 
Current Date: 2025-03-07_03-21-14

------------------------- Running Parameters -------------------------
Pan Servo: Pin 17, PID Values: 
 KP: 0.5
 KI: 0.0
 KD: 0.5, Angle Range -135-135, Current Angle -0.0
Tilt Servo: Pin 27, PID Values: 
 KP: 0.75
 KI: 0.0
 KD: 1, Angle Range -90-90, Current Angle -0.0

Tracking Point: False
--------------------------------------------------

2025-03-07 03:21:14,429 - INFO - Initialization successful.
2025-03-07 03:21:14,429 - INFO - Camera now open.
2025-03-07 03:21:14,434 - INFO - Camera configuration has been adjusted!
2025-03-07 03:21:14,436 - INFO - Configuration successful!
2025-03-07 03:21:14,483 - INFO - Camera started
2025-03-07 03:21:14,497 - INFO - [31m[1mWARNING: This is a development server. Do not use it in a production deployment. Use a production WSGI server instead.[0m
 * Running on all addresses (0.0.0.0)
 * Running on http://127.0.0.1:5000
 * Running on http://172.20.10.4:5000
2025-03-07 03:21:14,498 - INFO - [33mPress CTRL+C to quit[0m
2025-03-07 03:21:14,676 - INFO - Stream stats - Frame: 0, Size: 194237 bytes, Clients: 0
2025-03-07 03:21:19,431 - INFO - 172.20.10.2 - - [07/Mar/2025 03:21:19] "GET / HTTP/1.1" 200 -
2025-03-07 03:21:19,477 - INFO - Client connected. Total clients: 1
2025-03-07 03:21:19,678 - INFO - 172.20.10.2 - - [07/Mar/2025 03:21:19] "GET /video_feed HTTP/1.1" 200 -
2025-03-07 03:21:21,351 - INFO - Time: 1741317681.35s | Pan Error: -0.64, Tilt Error: -5.00
2025-03-07 03:21:21,353 - INFO - Pan Angle: 0.27, Tilt Angle: -6.48
2025-03-07 03:21:21,509 - INFO - Time: 1741317681.51s | Pan Error: -0.66, Tilt Error: -5.74
2025-03-07 03:21:21,510 - INFO - Pan Angle: 0.54, Tilt Angle: -11.16
2025-03-07 03:21:21,646 - INFO - Time: 1741317681.65s | Pan Error: -1.87, Tilt Error: 0.49
2025-03-07 03:21:21,647 - INFO - Pan Angle: 1.62, Tilt Angle: -7.92
2025-03-07 03:21:21,912 - INFO - Time: 1741317681.91s | Pan Error: -5.21, Tilt Error: -2.22
2025-03-07 03:21:21,913 - INFO - Pan Angle: 4.86, Tilt Angle: -10.8
2025-03-07 03:21:22,054 - INFO - Time: 1741317682.05s | Pan Error: -5.24, Tilt Error: -2.86
2025-03-07 03:21:22,055 - INFO - Pan Angle: 7.29, Tilt Angle: -13.32
2025-03-07 03:21:22,178 - INFO - Time: 1741317682.18s | Pan Error: -4.35, Tilt Error: -3.19
2025-03-07 03:21:22,179 - INFO - Pan Angle: 9.18, Tilt Angle: -15.84
2025-03-07 03:21:22,304 - INFO - Time: 1741317682.30s | Pan Error: -3.06, Tilt Error: -1.20
2025-03-07 03:21:22,306 - INFO - Pan Angle: 10.26, Tilt Angle: -16.2
2025-03-07 03:21:22,438 - INFO - Time: 1741317682.44s | Pan Error: -2.16, Tilt Error: 1.64
2025-03-07 03:21:22,439 - INFO - Pan Angle: 11.07, Tilt Angle: -14.04
2025-03-07 03:21:22,591 - INFO - Time: 1741317682.59s | Pan Error: -1.17, Tilt Error: 0.07
2025-03-07 03:21:22,592 - INFO - Pan Angle: 11.34, Tilt Angle: -14.58
2025-03-07 03:21:22,762 - INFO - Time: 1741317682.76s | Pan Error: 0.11, Tilt Error: -0.55
2025-03-07 03:21:22,763 - INFO - Pan Angle: 11.07, Tilt Angle: -15.3
2025-03-07 03:21:22,892 - INFO - Time: 1741317682.89s | Pan Error: 1.00, Tilt Error: -0.60
2025-03-07 03:21:22,893 - INFO - Pan Angle: 10.26, Tilt Angle: -15.84
2025-03-07 03:21:23,017 - INFO - Time: 1741317683.02s | Pan Error: 1.53, Tilt Error: -0.52
2025-03-07 03:21:23,018 - INFO - Pan Angle: 9.18, Tilt Angle: -16.38
2025-03-07 03:21:23,140 - INFO - Time: 1741317683.14s | Pan Error: 1.76, Tilt Error: -0.65
2025-03-07 03:21:23,141 - INFO - Pan Angle: 8.1, Tilt Angle: -16.92
2025-03-07 03:21:23,266 - INFO - Time: 1741317683.27s | Pan Error: 1.69, Tilt Error: -3.14
2025-03-07 03:21:23,267 - INFO - Pan Angle: 7.02, Tilt Angle: -19.98
2025-03-07 03:21:23,652 - INFO - Time: 1741317683.65s | Pan Error: -1.47, Tilt Error: -13.08
2025-03-07 03:21:23,653 - INFO - Pan Angle: 8.1, Tilt Angle: -32.22
2025-03-07 03:21:23,830 - INFO - Time: 1741317683.83s | Pan Error: -1.47, Tilt Error: -13.71
2025-03-07 03:21:23,831 - INFO - Pan Angle: 8.64, Tilt Angle: -42.66
2025-03-07 03:21:23,961 - INFO - Time: 1741317683.96s | Pan Error: -1.35, Tilt Error: -0.25
2025-03-07 03:21:23,963 - INFO - Pan Angle: 9.18, Tilt Angle: -39.96
2025-03-07 03:21:24,207 - INFO - Time: 1741317684.21s | Pan Error: -1.12, Tilt Error: 10.70
2025-03-07 03:21:24,208 - INFO - Pan Angle: 9.45, Tilt Angle: -29.7
2025-03-07 03:21:24,338 - INFO - Time: 1741317684.34s | Pan Error: -0.99, Tilt Error: 10.81
2025-03-07 03:21:24,339 - INFO - Pan Angle: 9.72, Tilt Angle: -21.6
2025-03-07 03:21:24,465 - INFO - Time: 1741317684.47s | Pan Error: -0.95, Tilt Error: 0.93
2025-03-07 03:21:24,466 - INFO - Pan Angle: 9.99, Tilt Angle: -23.04
2025-03-07 03:21:24,641 - INFO - Time: 1741317684.64s | Pan Error: -0.63, Tilt Error: -9.09
2025-03-07 03:21:24,642 - INFO - Pan Angle: 10.26, Tilt Angle: -31.86
2025-03-07 03:21:24,790 - INFO - Time: 1741317684.79s | Pan Error: -0.61, Tilt Error: -10.08
2025-03-07 03:21:24,790 - INFO - Pan Angle: 10.53, Tilt Angle: -39.78
2025-03-07 03:21:24,912 - INFO - Time: 1741317684.91s | Pan Error: -0.73, Tilt Error: -1.31
2025-03-07 03:21:24,914 - INFO - Pan Angle: 10.8, Tilt Angle: -39.24
2025-03-07 03:21:25,160 - INFO - Time: 1741317685.16s | Pan Error: -0.69, Tilt Error: 7.88
2025-03-07 03:21:25,161 - INFO - Pan Angle: 11.07, Tilt Angle: -31.86
2025-03-07 03:21:25,296 - INFO - Time: 1741317685.30s | Pan Error: -0.69, Tilt Error: 7.75
2025-03-07 03:21:25,297 - INFO - Pan Angle: 11.34, Tilt Angle: -26.1
2025-03-07 03:21:25,567 - INFO - Time: 1741317685.57s | Pan Error: -0.70, Tilt Error: -4.58
2025-03-07 03:21:25,568 - INFO - Pan Angle: 11.61, Tilt Angle: -31.68
2025-03-07 03:21:25,710 - INFO - Time: 1741317685.71s | Pan Error: -0.76, Tilt Error: -5.82
2025-03-07 03:21:25,716 - INFO - Pan Angle: 11.88, Tilt Angle: -36.36
2025-03-07 03:21:25,913 - INFO - Time: 1741317685.91s | Pan Error: -0.92, Tilt Error: -1.53
2025-03-07 03:21:25,913 - INFO - Pan Angle: 12.15, Tilt Angle: -36.9
2025-03-07 03:21:26,065 - INFO - Time: 1741317686.07s | Pan Error: -1.13, Tilt Error: 3.30
2025-03-07 03:21:26,069 - INFO - Pan Angle: 12.69, Tilt Angle: -33.84
2025-03-07 03:21:26,197 - INFO - Time: 1741317686.20s | Pan Error: -1.23, Tilt Error: 3.35
2025-03-07 03:21:26,198 - INFO - Pan Angle: 13.23, Tilt Angle: -31.32
2025-03-07 03:21:26,322 - INFO - Time: 1741317686.32s | Pan Error: -1.32, Tilt Error: 2.92
2025-03-07 03:21:26,322 - INFO - Pan Angle: 13.77, Tilt Angle: -29.34
2025-03-07 03:21:26,448 - INFO - Time: 1741317686.45s | Pan Error: -1.39, Tilt Error: 0.40
2025-03-07 03:21:26,449 - INFO - Pan Angle: 14.31, Tilt Angle: -29.52
2025-03-07 03:21:26,572 - INFO - Time: 1741317686.57s | Pan Error: -1.44, Tilt Error: -1.71
2025-03-07 03:21:26,573 - INFO - Pan Angle: 14.85, Tilt Angle: -31.14
2025-03-07 03:21:26,702 - INFO - Time: 1741317686.70s | Pan Error: -1.50, Tilt Error: -1.88
2025-03-07 03:21:26,703 - INFO - Pan Angle: 15.39, Tilt Angle: -32.58
2025-03-07 03:21:26,828 - INFO - Time: 1741317686.83s | Pan Error: -1.54, Tilt Error: -1.72
2025-03-07 03:21:26,829 - INFO - Pan Angle: 15.93, Tilt Angle: -34.02
2025-03-07 03:21:27,100 - INFO - Time: 1741317687.10s | Pan Error: -1.65, Tilt Error: 0.65
2025-03-07 03:21:27,101 - INFO - Pan Angle: 16.74, Tilt Angle: -33.3
2025-03-07 03:21:27,228 - INFO - Time: 1741317687.23s | Pan Error: -1.70, Tilt Error: 0.64
2025-03-07 03:21:27,229 - INFO - Pan Angle: 17.55, Tilt Angle: -32.94
2025-03-07 03:21:27,354 - INFO - Time: 1741317687.35s | Pan Error: -1.71, Tilt Error: 0.67
2025-03-07 03:21:27,354 - INFO - Pan Angle: 18.36, Tilt Angle: -32.58
2025-03-07 03:21:27,476 - INFO - Time: 1741317687.48s | Pan Error: -1.81, Tilt Error: 0.65
2025-03-07 03:21:27,477 - INFO - Pan Angle: 19.17, Tilt Angle: -32.22
2025-03-07 03:21:27,630 - INFO - Time: 1741317687.63s | Pan Error: -1.83, Tilt Error: 0.70
2025-03-07 03:21:27,631 - INFO - Pan Angle: 19.98, Tilt Angle: -31.86
2025-03-07 03:21:27,761 - INFO - Time: 1741317687.76s | Pan Error: -1.91, Tilt Error: 0.79
2025-03-07 03:21:27,762 - INFO - Pan Angle: 20.79, Tilt Angle: -31.32
2025-03-07 03:21:27,882 - INFO - Time: 1741317687.88s | Pan Error: -2.03, Tilt Error: 0.79
2025-03-07 03:21:27,883 - INFO - Pan Angle: 21.6, Tilt Angle: -30.78
2025-03-07 03:21:28,010 - INFO - Time: 1741317688.01s | Pan Error: -2.22, Tilt Error: 0.47
2025-03-07 03:21:28,011 - INFO - Pan Angle: 22.68, Tilt Angle: -30.6
2025-03-07 03:21:28,134 - INFO - Time: 1741317688.13s | Pan Error: -1.85, Tilt Error: 1.58
2025-03-07 03:21:28,135 - INFO - Pan Angle: 23.49, Tilt Angle: -29.34
2025-03-07 03:21:29,431 - INFO - Stream stats - Frame: 300, Size: 184450 bytes, Clients: 1
2025-03-07 03:21:37,515 - INFO - Camera stopped
