2025-03-07 03:27:40,666 - INFO - Logging system initialized.
2025-03-07 03:27:40,667 - INFO - 
Pan and Tilt Mechanism: 
Current Date: 2025-03-07_03-27-40

------------------------- Running Parameters -------------------------
Pan Servo: Pin 17, PID Values: 
 KP: 0.5
 KI: 0.0
 KD: 0.5, Angle Range -135-135, Current Angle -0.0
Tilt Servo: Pin 27, PID Values: 
 KP: 0.5
 KI: 0.05
 KD: 0.5, Angle Range -90-90, Current Angle -0.0

Tracking Point: False
--------------------------------------------------

2025-03-07 03:27:40,694 - INFO - Initialization successful.
2025-03-07 03:27:40,695 - INFO - Camera now open.
2025-03-07 03:27:40,699 - INFO - Camera configuration has been adjusted!
2025-03-07 03:27:40,701 - INFO - Configuration successful!
2025-03-07 03:27:40,759 - INFO - Camera started
2025-03-07 03:27:40,774 - INFO - [31m[1mWARNING: This is a development server. Do not use it in a production deployment. Use a production WSGI server instead.[0m
 * Running on all addresses (0.0.0.0)
 * Running on http://127.0.0.1:5000
 * Running on http://172.20.10.4:5000
2025-03-07 03:27:40,774 - INFO - [33mPress CTRL+C to quit[0m
2025-03-07 03:27:40,955 - INFO - Stream stats - Frame: 0, Size: 203280 bytes, Clients: 0
2025-03-07 03:27:43,087 - INFO - 172.20.10.2 - - [07/Mar/2025 03:27:43] "GET / HTTP/1.1" 200 -
2025-03-07 03:27:43,127 - INFO - Client connected. Total clients: 1
2025-03-07 03:27:43,280 - INFO - 172.20.10.2 - - [07/Mar/2025 03:27:43] "GET /video_feed HTTP/1.1" 200 -
2025-03-07 03:27:46,899 - INFO - Time: 1741318066.90s | Pan Error: -14.56, Tilt Error: 6.90
2025-03-07 03:27:46,900 - INFO - Pan Angle: 9.18, Tilt Angle: 5.58
2025-03-07 03:27:47,020 - INFO - Time: 1741318067.02s | Pan Error: -13.01, Tilt Error: 6.03
2025-03-07 03:27:47,021 - INFO - Pan Angle: 15.39, Tilt Angle: 10.8
2025-03-07 03:27:47,152 - INFO - Time: 1741318067.15s | Pan Error: -12.78, Tilt Error: -0.60
2025-03-07 03:27:47,154 - INFO - Pan Angle: 21.6, Tilt Angle: 11.88
2025-03-07 03:27:47,393 - INFO - Time: 1741318067.39s | Pan Error: -14.17, Tilt Error: -14.89
2025-03-07 03:27:47,394 - INFO - Pan Angle: 28.62, Tilt Angle: 1.8
2025-03-07 03:27:47,514 - INFO - Time: 1741318067.51s | Pan Error: -13.28, Tilt Error: -15.78
2025-03-07 03:27:47,516 - INFO - Pan Angle: 35.1, Tilt Angle: -10.62
2025-03-07 03:27:47,632 - INFO - Time: 1741318067.63s | Pan Error: -11.81, Tilt Error: -6.14
2025-03-07 03:27:47,634 - INFO - Pan Angle: 40.77, Tilt Angle: -18.36
2025-03-07 03:27:47,755 - INFO - Time: 1741318067.76s | Pan Error: -11.71, Tilt Error: 8.11
2025-03-07 03:27:47,756 - INFO - Pan Angle: 46.44, Tilt Angle: -16.56
2025-03-07 03:27:47,922 - INFO - Time: 1741318067.92s | Pan Error: -10.07, Tilt Error: 17.77
2025-03-07 03:27:47,923 - INFO - Pan Angle: 51.3, Tilt Angle: -6.3
2025-03-07 03:27:48,060 - INFO - Time: 1741318068.06s | Pan Error: -9.62, Tilt Error: 18.73
2025-03-07 03:27:48,061 - INFO - Pan Angle: 55.89, Tilt Angle: 8.1
2025-03-07 03:27:48,184 - INFO - Time: 1741318068.18s | Pan Error: -9.84, Tilt Error: 9.32
2025-03-07 03:27:48,185 - INFO - Pan Angle: 60.75, Tilt Angle: 19.08
2025-03-07 03:27:50,649 - INFO - Time: 1741318070.65s | Pan Error: -14.88, Tilt Error: -17.33
2025-03-07 03:27:50,651 - INFO - Pan Angle: 68.31, Tilt Angle: 9.54
2025-03-07 03:27:50,784 - INFO - Time: 1741318070.78s | Pan Error: -13.80, Tilt Error: -13.99
2025-03-07 03:27:50,784 - INFO - Pan Angle: 75.06, Tilt Angle: -1.8
2025-03-07 03:27:51,157 - INFO - Time: 1741318071.16s | Pan Error: -12.07, Tilt Error: 8.68
2025-03-07 03:27:51,157 - INFO - Pan Angle: 80.73, Tilt Angle: 2.88
2025-03-07 03:27:51,295 - INFO - Time: 1741318071.30s | Pan Error: -11.59, Tilt Error: 9.36
2025-03-07 03:27:51,296 - INFO - Pan Angle: 86.4, Tilt Angle: 10.44
2025-03-07 03:27:51,424 - INFO - Time: 1741318071.42s | Pan Error: -11.03, Tilt Error: 5.43
2025-03-07 03:27:51,425 - INFO - Pan Angle: 91.8, Tilt Angle: 18.0
2025-03-07 03:27:51,807 - INFO - Time: 1741318071.81s | Pan Error: -6.68, Tilt Error: -12.54
2025-03-07 03:27:51,808 - INFO - Pan Angle: 94.77, Tilt Angle: 10.26
2025-03-07 03:27:51,931 - INFO - Time: 1741318071.93s | Pan Error: -6.88, Tilt Error: -12.48
2025-03-07 03:27:51,931 - INFO - Pan Angle: 98.01, Tilt Angle: -1.8
2025-03-07 03:27:52,303 - INFO - Time: 1741318072.30s | Pan Error: -11.13, Tilt Error: 7.24
2025-03-07 03:27:52,303 - INFO - Pan Angle: 103.68, Tilt Angle: 0.36
2025-03-07 03:27:52,441 - INFO - Time: 1741318072.44s | Pan Error: -11.23, Tilt Error: 7.24
2025-03-07 03:27:52,442 - INFO - Pan Angle: 109.08, Tilt Angle: 4.68
2025-03-07 03:27:52,578 - INFO - Time: 1741318072.58s | Pan Error: -11.55, Tilt Error: 6.84
2025-03-07 03:27:52,579 - INFO - Pan Angle: 114.75, Tilt Angle: 12.06
2025-03-07 03:27:52,724 - INFO - Time: 1741318072.72s | Pan Error: -11.91, Tilt Error: 1.50
2025-03-07 03:27:52,725 - INFO - Pan Angle: 120.69, Tilt Angle: 17.28
2025-03-07 03:27:52,860 - INFO - Time: 1741318072.86s | Pan Error: -9.52, Tilt Error: -5.75
2025-03-07 03:27:52,861 - INFO - Pan Angle: 125.28, Tilt Angle: 16.02
2025-03-07 03:27:52,991 - INFO - Time: 1741318072.99s | Pan Error: -8.13, Tilt Error: -12.43
2025-03-07 03:27:52,992 - INFO - Pan Angle: 129.06, Tilt Angle: 5.22
2025-03-07 03:27:53,096 - INFO - Stream stats - Frame: 300, Size: 163644 bytes, Clients: 1
2025-03-07 03:27:53,121 - INFO - Time: 1741318073.12s | Pan Error: -8.36, Tilt Error: -13.01
2025-03-07 03:27:53,122 - INFO - Pan Angle: 133.11, Tilt Angle: -12.06
2025-03-07 03:27:53,656 - INFO - Time: 1741318073.66s | Pan Error: -17.54, Tilt Error: 17.58
2025-03-07 03:27:53,657 - INFO - Pan Angle: 135.0, Tilt Angle: -3.24
2025-03-07 03:27:53,930 - INFO - Time: 1741318073.93s | Pan Error: -10.84, Tilt Error: 14.01
2025-03-07 03:27:53,931 - INFO - Pan Angle: 135.0, Tilt Angle: 9.72
2025-03-07 03:27:54,066 - INFO - Time: 1741318074.07s | Pan Error: -9.78, Tilt Error: 13.63
2025-03-07 03:27:54,067 - INFO - Pan Angle: 135.0, Tilt Angle: 30.06
2025-03-07 03:27:54,204 - INFO - Time: 1741318074.20s | Pan Error: -12.22, Tilt Error: -0.30
2025-03-07 03:27:54,205 - INFO - Pan Angle: 135.0, Tilt Angle: 42.66
2025-03-07 03:27:58,944 - INFO - Camera stopped
2025-03-07 03:27:58,962 - INFO - Camera closed successfully.
