2025-03-13 00:40:57,204 - INFO - Logging system initialized.
2025-03-13 00:40:57,205 - INFO - 
Pan and Tilt Mechanism: 
Current Date: 2025-03-13_00-40-57

------------------------- Running Parameters -------------------------
Pan Servo: Pin 17, PID Values: 
 KP: 0.5
 KI: 0.0
 KD: 0.5, Angle Range -135-135, Current Angle -0.0
Tilt Servo: Pin 27, PID Values: 
 KP: 0.5
 KI: 0.0
 KD: 0.5, Angle Range -90-90, Current Angle -0.0

Tracking Point: False
--------------------------------------------------

2025-03-13 00:40:57,233 - INFO - Initialization successful.
2025-03-13 00:40:57,234 - INFO - Camera now open.
2025-03-13 00:40:57,238 - INFO - Camera configuration has been adjusted!
2025-03-13 00:40:57,240 - INFO - Configuration successful!
2025-03-13 00:40:57,286 - INFO - Camera started
2025-03-13 00:40:57,301 - INFO - [31m[1mWARNING: This is a development server. Do not use it in a production deployment. Use a production WSGI server instead.[0m
 * Running on all addresses (0.0.0.0)
 * Running on http://127.0.0.1:5000
 * Running on http://172.20.10.4:5000
2025-03-13 00:40:57,301 - INFO - [33mPress CTRL+C to quit[0m
2025-03-13 00:40:57,481 - INFO - Stream stats - Frame: 0, Size: 178187 bytes, Clients: 0
2025-03-13 00:41:00,565 - INFO - 172.20.10.2 - - [13/Mar/2025 00:41:00] "GET / HTTP/1.1" 200 -
2025-03-13 00:41:00,619 - INFO - Client connected. Total clients: 1
2025-03-13 00:41:00,797 - INFO - 172.20.10.2 - - [13/Mar/2025 00:41:00] "GET /video_feed HTTP/1.1" 200 -
2025-03-13 00:41:00,955 - INFO - Time: 1741826460.96s | Pan Error: 14.84, Tilt Error: -5.67
2025-03-13 00:41:00,956 - INFO - Pan Angle: -31.32, Tilt Angle: -11.88
2025-03-13 00:41:01,081 - INFO - Time: 1741826461.08s | Pan Error: 14.84, Tilt Error: -5.67
2025-03-13 00:41:01,082 - INFO - Pan Angle: -38.88, Tilt Angle: -14.76
2025-03-13 00:41:01,457 - INFO - Time: 1741826461.46s | Pan Error: -21.18, Tilt Error: 10.14
2025-03-13 00:41:01,458 - INFO - Pan Angle: -6.48, Tilt Angle: -0.18
2025-03-13 00:41:01,590 - INFO - Time: 1741826461.59s | Pan Error: -22.28, Tilt Error: 10.20
2025-03-13 00:41:01,590 - INFO - Pan Angle: 5.13, Tilt Angle: 4.86
2025-03-13 00:41:01,965 - INFO - Time: 1741826461.97s | Pan Error: 16.78, Tilt Error: -11.54
2025-03-13 00:41:01,966 - INFO - Pan Angle: -18.09, Tilt Angle: -9.18
2025-03-13 00:41:02,101 - INFO - Time: 1741826462.10s | Pan Error: 17.84, Tilt Error: -11.62
2025-03-13 00:41:02,102 - INFO - Pan Angle: -27.54, Tilt Angle: -15.12
2025-03-13 00:41:02,479 - INFO - Time: 1741826462.48s | Pan Error: -10.81, Tilt Error: 9.11
2025-03-13 00:41:02,480 - INFO - Pan Angle: -14.58, Tilt Angle: -5.04
2025-03-13 00:41:02,612 - INFO - Time: 1741826462.61s | Pan Error: -11.34, Tilt Error: 9.19
2025-03-13 00:41:02,613 - INFO - Pan Angle: -8.91, Tilt Angle: -0.54
2025-03-13 00:41:02,981 - INFO - Time: 1741826462.98s | Pan Error: 3.59, Tilt Error: -4.93
2025-03-13 00:41:02,982 - INFO - Pan Angle: -14.04, Tilt Angle: -6.12
2025-03-13 00:41:03,108 - INFO - Time: 1741826463.11s | Pan Error: 3.88, Tilt Error: -4.84
2025-03-13 00:41:03,109 - INFO - Pan Angle: -16.2, Tilt Angle: -8.64
2025-03-13 00:41:03,241 - INFO - Time: 1741826463.24s | Pan Error: 2.92, Tilt Error: -0.72
2025-03-13 00:41:03,241 - INFO - Pan Angle: -17.55, Tilt Angle: -8.28
2025-03-13 00:41:03,376 - INFO - Time: 1741826463.38s | Pan Error: 0.67, Tilt Error: 1.42
2025-03-13 00:41:03,376 - INFO - Pan Angle: -17.55, Tilt Angle: -7.2
2025-03-13 00:41:03,635 - INFO - Time: 1741826463.64s | Pan Error: -1.80, Tilt Error: 1.65
2025-03-13 00:41:03,636 - INFO - Pan Angle: -16.47, Tilt Angle: -6.48
2025-03-13 00:41:03,759 - INFO - Time: 1741826463.76s | Pan Error: -1.75, Tilt Error: 1.69
2025-03-13 00:41:03,760 - INFO - Pan Angle: -15.66, Tilt Angle: -5.76
2025-03-13 00:41:03,882 - INFO - Time: 1741826463.88s | Pan Error: -1.76, Tilt Error: 1.45
2025-03-13 00:41:03,883 - INFO - Pan Angle: -14.85, Tilt Angle: -5.22
2025-03-13 00:41:04,010 - INFO - Time: 1741826464.01s | Pan Error: -1.79, Tilt Error: 0.75
2025-03-13 00:41:04,011 - INFO - Pan Angle: -14.04, Tilt Angle: -5.04
2025-03-13 00:41:04,134 - INFO - Time: 1741826464.13s | Pan Error: -1.79, Tilt Error: 0.24
2025-03-13 00:41:04,135 - INFO - Pan Angle: -13.23, Tilt Angle: -5.04
2025-03-13 00:41:04,263 - INFO - Time: 1741826464.26s | Pan Error: -1.85, Tilt Error: 0.18
2025-03-13 00:41:04,263 - INFO - Pan Angle: -12.42, Tilt Angle: -5.04
2025-03-13 00:41:04,389 - INFO - Time: 1741826464.39s | Pan Error: -1.85, Tilt Error: 0.16
2025-03-13 00:41:04,389 - INFO - Pan Angle: -11.61, Tilt Angle: -5.04
2025-03-13 00:41:04,512 - INFO - Time: 1741826464.51s | Pan Error: -1.85, Tilt Error: 0.15
2025-03-13 00:41:04,513 - INFO - Pan Angle: -10.8, Tilt Angle: -5.04
2025-03-13 00:41:04,647 - INFO - Time: 1741826464.65s | Pan Error: -0.19, Tilt Error: 0.04
2025-03-13 00:41:04,648 - INFO - Pan Angle: -11.07, Tilt Angle: -5.04
2025-03-13 00:41:04,779 - INFO - Time: 1741826464.78s | Pan Error: 2.09, Tilt Error: -0.10
2025-03-13 00:41:04,779 - INFO - Pan Angle: -12.42, Tilt Angle: -5.22
2025-03-13 00:41:04,911 - INFO - Time: 1741826464.91s | Pan Error: 2.71, Tilt Error: -0.12
2025-03-13 00:41:04,912 - INFO - Pan Angle: -14.04, Tilt Angle: -5.4
2025-03-13 00:41:05,041 - INFO - Time: 1741826465.04s | Pan Error: 2.67, Tilt Error: -0.13
2025-03-13 00:41:05,042 - INFO - Pan Angle: -15.39, Tilt Angle: -5.58
2025-03-13 00:41:05,169 - INFO - Time: 1741826465.17s | Pan Error: 2.11, Tilt Error: -0.10
2025-03-13 00:41:05,171 - INFO - Pan Angle: -16.47, Tilt Angle: -5.76
2025-03-13 00:41:05,295 - INFO - Time: 1741826465.30s | Pan Error: 0.58, Tilt Error: -0.03
2025-03-13 00:41:05,296 - INFO - Pan Angle: -16.74, Tilt Angle: -5.94
2025-03-13 00:41:05,417 - INFO - Time: 1741826465.42s | Pan Error: -0.88, Tilt Error: 0.00
2025-03-13 00:41:05,418 - INFO - Pan Angle: -16.2, Tilt Angle: -5.94
2025-03-13 00:41:05,547 - INFO - Time: 1741826465.55s | Pan Error: -1.44, Tilt Error: 0.03
2025-03-13 00:41:05,548 - INFO - Pan Angle: -15.66, Tilt Angle: -5.94
2025-03-13 00:41:05,682 - INFO - Time: 1741826465.68s | Pan Error: -1.43, Tilt Error: 0.05
2025-03-13 00:41:05,684 - INFO - Pan Angle: -15.12, Tilt Angle: -5.94
2025-03-13 00:41:05,810 - INFO - Time: 1741826465.81s | Pan Error: -1.35, Tilt Error: 0.05
2025-03-13 00:41:05,811 - INFO - Pan Angle: -14.58, Tilt Angle: -5.94
2025-03-13 00:41:05,949 - INFO - Time: 1741826465.95s | Pan Error: -1.14, Tilt Error: 0.10
2025-03-13 00:41:05,950 - INFO - Pan Angle: -14.04, Tilt Angle: -5.94
2025-03-13 00:41:06,075 - INFO - Time: 1741826466.08s | Pan Error: -0.61, Tilt Error: 0.09
2025-03-13 00:41:06,076 - INFO - Pan Angle: -14.04, Tilt Angle: -5.94
2025-03-13 00:41:06,318 - INFO - Time: 1741826466.32s | Pan Error: 0.20, Tilt Error: 0.05
2025-03-13 00:41:06,319 - INFO - Pan Angle: -14.31, Tilt Angle: -5.94
2025-03-13 00:41:06,449 - INFO - Time: 1741826466.45s | Pan Error: 2.18, Tilt Error: -0.07
2025-03-13 00:41:06,450 - INFO - Pan Angle: -15.66, Tilt Angle: -6.12
2025-03-13 00:41:06,583 - INFO - Time: 1741826466.58s | Pan Error: 4.18, Tilt Error: -0.15
2025-03-13 00:41:06,584 - INFO - Pan Angle: -18.09, Tilt Angle: -6.3
2025-03-13 00:41:06,719 - INFO - Time: 1741826466.72s | Pan Error: 6.01, Tilt Error: -0.29
2025-03-13 00:41:06,720 - INFO - Pan Angle: -21.33, Tilt Angle: -6.48
2025-03-13 00:41:06,846 - INFO - Time: 1741826466.85s | Pan Error: 7.18, Tilt Error: -0.38
2025-03-13 00:41:06,848 - INFO - Pan Angle: -25.11, Tilt Angle: -6.84
2025-03-13 00:41:07,001 - INFO - Time: 1741826467.00s | Pan Error: 6.30, Tilt Error: -0.36
2025-03-13 00:41:07,002 - INFO - Pan Angle: -28.35, Tilt Angle: -7.02
2025-03-13 00:41:07,123 - INFO - Time: 1741826467.12s | Pan Error: 3.40, Tilt Error: -0.26
2025-03-13 00:41:07,124 - INFO - Pan Angle: -29.97, Tilt Angle: -7.2
2025-03-13 00:41:07,248 - INFO - Time: 1741826467.25s | Pan Error: 2.23, Tilt Error: -0.21
2025-03-13 00:41:07,249 - INFO - Pan Angle: -31.05, Tilt Angle: -7.38
2025-03-13 00:41:07,372 - INFO - Time: 1741826467.37s | Pan Error: 1.01, Tilt Error: -0.20
2025-03-13 00:41:07,373 - INFO - Pan Angle: -31.59, Tilt Angle: -7.56
2025-03-13 00:41:07,496 - INFO - Time: 1741826467.50s | Pan Error: 0.29, Tilt Error: -0.17
2025-03-13 00:41:07,497 - INFO - Pan Angle: -31.86, Tilt Angle: -7.74
2025-03-13 00:41:07,626 - INFO - Time: 1741826467.63s | Pan Error: 0.32, Tilt Error: -0.20
2025-03-13 00:41:07,627 - INFO - Pan Angle: -32.13, Tilt Angle: -7.92
2025-03-13 00:41:07,760 - INFO - Time: 1741826467.76s | Pan Error: -1.07, Tilt Error: 0.63
2025-03-13 00:41:07,760 - INFO - Pan Angle: -31.59, Tilt Angle: -7.56
2025-03-13 00:41:08,020 - INFO - Time: 1741826468.02s | Pan Error: -6.00, Tilt Error: 0.85
2025-03-13 00:41:08,021 - INFO - Pan Angle: -28.35, Tilt Angle: -7.2
2025-03-13 00:41:08,153 - INFO - Time: 1741826468.15s | Pan Error: -5.83, Tilt Error: 0.96
2025-03-13 00:41:08,154 - INFO - Pan Angle: -25.65, Tilt Angle: -6.84
2025-03-13 00:41:08,284 - INFO - Time: 1741826468.28s | Pan Error: -5.63, Tilt Error: 0.99
2025-03-13 00:41:08,285 - INFO - Pan Angle: -22.95, Tilt Angle: -6.48
2025-03-13 00:41:08,425 - INFO - Time: 1741826468.43s | Pan Error: -4.43, Tilt Error: 0.92
2025-03-13 00:41:08,426 - INFO - Pan Angle: -21.06, Tilt Angle: -6.12
2025-03-13 00:41:08,556 - INFO - Time: 1741826468.56s | Pan Error: -3.15, Tilt Error: 0.92
2025-03-13 00:41:08,556 - INFO - Pan Angle: -19.71, Tilt Angle: -5.76
2025-03-13 00:41:08,945 - INFO - Time: 1741826468.95s | Pan Error: -3.20, Tilt Error: 0.92
2025-03-13 00:41:08,947 - INFO - Pan Angle: -18.36, Tilt Angle: -5.4
2025-03-13 00:41:09,081 - INFO - Time: 1741826469.08s | Pan Error: -6.26, Tilt Error: 1.31
2025-03-13 00:41:09,082 - INFO - Pan Angle: -15.12, Tilt Angle: -4.86
2025-03-13 00:41:09,215 - INFO - Time: 1741826469.22s | Pan Error: -7.53, Tilt Error: 0.60
2025-03-13 00:41:09,215 - INFO - Pan Angle: -11.34, Tilt Angle: -4.68
2025-03-13 00:41:09,348 - INFO - Time: 1741826469.35s | Pan Error: -5.32, Tilt Error: -0.05
2025-03-13 00:41:09,349 - INFO - Pan Angle: -8.91, Tilt Angle: -4.86
2025-03-13 00:41:09,481 - INFO - Time: 1741826469.48s | Pan Error: -3.39, Tilt Error: -0.21
2025-03-13 00:41:09,481 - INFO - Pan Angle: -7.56, Tilt Angle: -5.04
2025-03-13 00:41:09,639 - INFO - Time: 1741826469.64s | Pan Error: -1.96, Tilt Error: -0.29
2025-03-13 00:41:09,640 - INFO - Pan Angle: -6.75, Tilt Angle: -5.22
2025-03-13 00:41:09,776 - INFO - Time: 1741826469.78s | Pan Error: -0.46, Tilt Error: -0.32
2025-03-13 00:41:09,777 - INFO - Pan Angle: -6.75, Tilt Angle: -5.4
2025-03-13 00:41:09,909 - INFO - Time: 1741826469.91s | Pan Error: 1.04, Tilt Error: -0.34
2025-03-13 00:41:09,910 - INFO - Pan Angle: -7.56, Tilt Angle: -5.58
2025-03-13 00:41:10,048 - INFO - Time: 1741826470.05s | Pan Error: 1.04, Tilt Error: -0.35
2025-03-13 00:41:10,049 - INFO - Pan Angle: -8.1, Tilt Angle: -5.76
2025-03-13 00:41:10,179 - INFO - Time: 1741826470.18s | Pan Error: 1.02, Tilt Error: -0.43
2025-03-13 00:41:10,180 - INFO - Pan Angle: -8.64, Tilt Angle: -6.12
2025-03-13 00:41:10,309 - INFO - Time: 1741826470.31s | Pan Error: 0.72, Tilt Error: -0.38
2025-03-13 00:41:10,309 - INFO - Pan Angle: -9.18, Tilt Angle: -6.48
2025-03-13 00:41:10,443 - INFO - Time: 1741826470.44s | Pan Error: 0.83, Tilt Error: -0.29
2025-03-13 00:41:10,443 - INFO - Pan Angle: -9.72, Tilt Angle: -6.66
2025-03-13 00:41:10,575 - INFO - Time: 1741826470.58s | Pan Error: 0.05, Tilt Error: -0.32
2025-03-13 00:41:10,576 - INFO - Pan Angle: -9.72, Tilt Angle: -6.84
2025-03-13 00:41:10,584 - INFO - Stream stats - Frame: 300, Size: 197378 bytes, Clients: 1
2025-03-13 00:41:10,713 - INFO - Time: 1741826470.71s | Pan Error: 0.38, Tilt Error: -0.37
2025-03-13 00:41:10,714 - INFO - Pan Angle: -9.99, Tilt Angle: -7.2
2025-03-13 00:41:10,850 - INFO - Time: 1741826470.85s | Pan Error: 1.09, Tilt Error: -4.04
2025-03-13 00:41:10,851 - INFO - Pan Angle: -10.8, Tilt Angle: -9.54
2025-03-13 00:41:11,279 - INFO - Time: 1741826471.28s | Pan Error: 2.16, Tilt Error: -8.45
2025-03-13 00:41:11,280 - INFO - Pan Angle: -12.15, Tilt Angle: -14.04
2025-03-13 00:41:11,411 - INFO - Time: 1741826471.41s | Pan Error: 2.14, Tilt Error: -12.63
2025-03-13 00:41:11,412 - INFO - Pan Angle: -13.23, Tilt Angle: -20.7
2025-03-13 00:41:11,547 - INFO - Time: 1741826471.55s | Pan Error: 1.50, Tilt Error: -10.42
2025-03-13 00:41:11,548 - INFO - Pan Angle: -14.04, Tilt Angle: -25.92
2025-03-13 00:41:11,829 - INFO - Time: 1741826471.83s | Pan Error: -2.21, Tilt Error: -4.85
2025-03-13 00:41:11,830 - INFO - Pan Angle: -12.96, Tilt Angle: -28.26
2025-03-13 00:41:11,977 - INFO - Time: 1741826471.98s | Pan Error: -2.14, Tilt Error: -7.59
2025-03-13 00:41:11,978 - INFO - Pan Angle: -12.15, Tilt Angle: -32.22
2025-03-13 00:41:12,203 - INFO - Time: 1741826472.20s | Pan Error: -2.28, Tilt Error: -9.02
2025-03-13 00:41:12,205 - INFO - Pan Angle: -11.07, Tilt Angle: -36.9
2025-03-13 00:41:12,356 - INFO - Time: 1741826472.36s | Pan Error: -2.23, Tilt Error: -6.31
2025-03-13 00:41:12,356 - INFO - Pan Angle: -9.99, Tilt Angle: -39.96
2025-03-13 00:41:12,778 - INFO - Time: 1741826472.78s | Pan Error: 6.41, Tilt Error: 4.19
2025-03-13 00:41:12,779 - INFO - Pan Angle: -13.77, Tilt Angle: -37.44
2025-03-13 00:41:12,915 - INFO - Time: 1741826472.92s | Pan Error: 11.19, Tilt Error: 4.67
2025-03-13 00:41:12,916 - INFO - Pan Angle: -19.71, Tilt Angle: -35.1
2025-03-13 00:41:13,203 - INFO - Time: 1741826473.20s | Pan Error: 14.32, Tilt Error: 3.20
2025-03-13 00:41:13,204 - INFO - Pan Angle: -27.0, Tilt Angle: -33.66
2025-03-13 00:41:13,410 - INFO - Time: 1741826473.41s | Pan Error: 14.01, Tilt Error: 3.50
2025-03-13 00:41:13,411 - INFO - Pan Angle: -34.02, Tilt Angle: -32.04
2025-03-13 00:41:13,543 - INFO - Time: 1741826473.54s | Pan Error: 11.94, Tilt Error: 3.13
2025-03-13 00:41:13,544 - INFO - Pan Angle: -39.96, Tilt Angle: -30.6
2025-03-13 00:41:13,977 - INFO - Time: 1741826473.98s | Pan Error: 0.81, Tilt Error: 1.95
2025-03-13 00:41:13,978 - INFO - Pan Angle: -39.96, Tilt Angle: -29.7
2025-03-13 00:41:14,116 - INFO - Time: 1741826474.12s | Pan Error: 0.25, Tilt Error: 1.85
2025-03-13 00:41:14,117 - INFO - Pan Angle: -40.23, Tilt Angle: -28.8
2025-03-13 00:41:14,264 - INFO - Time: 1741826474.26s | Pan Error: -0.24, Tilt Error: 0.79
2025-03-13 00:41:14,266 - INFO - Pan Angle: -40.23, Tilt Angle: -28.62
2025-03-13 00:41:14,394 - INFO - Time: 1741826474.39s | Pan Error: -2.62, Tilt Error: -0.63
2025-03-13 00:41:14,395 - INFO - Pan Angle: -38.88, Tilt Angle: -29.16
2025-03-13 00:41:14,524 - INFO - Time: 1741826474.52s | Pan Error: -5.09, Tilt Error: -0.53
2025-03-13 00:41:14,525 - INFO - Pan Angle: -36.45, Tilt Angle: -29.52
2025-03-13 00:41:14,736 - INFO - Time: 1741826474.74s | Pan Error: -7.47, Tilt Error: -0.61
2025-03-13 00:41:14,738 - INFO - Pan Angle: -32.67, Tilt Angle: -29.88
2025-03-13 00:41:14,859 - INFO - Time: 1741826474.86s | Pan Error: -10.22, Tilt Error: -0.50
2025-03-13 00:41:14,860 - INFO - Pan Angle: -27.54, Tilt Angle: -30.24
2025-03-13 00:41:14,985 - INFO - Time: 1741826474.99s | Pan Error: -10.65, Tilt Error: -0.52
2025-03-13 00:41:14,986 - INFO - Pan Angle: -22.41, Tilt Angle: -30.6
2025-03-13 00:41:15,108 - INFO - Time: 1741826475.11s | Pan Error: -8.70, Tilt Error: -0.22
2025-03-13 00:41:15,109 - INFO - Pan Angle: -18.36, Tilt Angle: -30.78
2025-03-13 00:41:15,290 - INFO - Time: 1741826475.29s | Pan Error: -6.61, Tilt Error: -0.15
2025-03-13 00:41:15,291 - INFO - Pan Angle: -15.39, Tilt Angle: -30.96
2025-03-13 00:41:15,509 - INFO - Time: 1741826475.51s | Pan Error: -4.20, Tilt Error: -0.33
2025-03-13 00:41:15,510 - INFO - Pan Angle: -13.5, Tilt Angle: -31.14
2025-03-13 00:41:15,649 - INFO - Time: 1741826475.65s | Pan Error: -4.93, Tilt Error: 0.37
2025-03-13 00:41:15,650 - INFO - Pan Angle: -11.07, Tilt Angle: -30.96
2025-03-13 00:41:15,786 - INFO - Time: 1741826475.79s | Pan Error: -6.18, Tilt Error: 0.78
2025-03-13 00:41:15,787 - INFO - Pan Angle: -8.1, Tilt Angle: -30.6
2025-03-13 00:41:15,923 - INFO - Time: 1741826475.92s | Pan Error: -6.76, Tilt Error: 1.15
2025-03-13 00:41:15,924 - INFO - Pan Angle: -4.86, Tilt Angle: -30.06
2025-03-13 00:41:16,073 - INFO - Time: 1741826476.07s | Pan Error: -6.59, Tilt Error: 1.06
2025-03-13 00:41:16,074 - INFO - Pan Angle: -1.62, Tilt Angle: -29.7
2025-03-13 00:41:16,207 - INFO - Time: 1741826476.21s | Pan Error: -6.44, Tilt Error: 1.02
2025-03-13 00:41:16,208 - INFO - Pan Angle: 1.35, Tilt Angle: -29.34
2025-03-13 00:41:16,417 - INFO - Time: 1741826476.42s | Pan Error: -6.13, Tilt Error: 1.57
2025-03-13 00:41:16,418 - INFO - Pan Angle: 4.32, Tilt Angle: -28.62
2025-03-13 00:41:16,584 - INFO - Time: 1741826476.58s | Pan Error: -3.96, Tilt Error: 2.18
2025-03-13 00:41:16,586 - INFO - Pan Angle: 6.21, Tilt Angle: -27.54
2025-03-13 00:41:16,739 - INFO - Time: 1741826476.74s | Pan Error: -3.11, Tilt Error: 2.44
2025-03-13 00:41:16,740 - INFO - Pan Angle: 7.56, Tilt Angle: -26.46
2025-03-13 00:41:16,877 - INFO - Time: 1741826476.88s | Pan Error: -2.52, Tilt Error: 2.27
2025-03-13 00:41:16,878 - INFO - Pan Angle: 8.64, Tilt Angle: -25.38
2025-03-13 00:41:17,016 - INFO - Time: 1741826477.02s | Pan Error: -2.20, Tilt Error: 0.60
2025-03-13 00:41:17,017 - INFO - Pan Angle: 9.72, Tilt Angle: -25.2
2025-03-13 00:41:17,721 - INFO - Time: 1741826477.72s | Pan Error: -2.18, Tilt Error: -1.22
2025-03-13 00:41:17,723 - INFO - Pan Angle: 10.8, Tilt Angle: -25.92
2025-03-13 00:41:17,914 - INFO - Time: 1741826477.91s | Pan Error: -1.76, Tilt Error: -2.44
2025-03-13 00:41:17,916 - INFO - Pan Angle: 11.61, Tilt Angle: -27.18
2025-03-13 00:41:18,189 - INFO - Time: 1741826478.19s | Pan Error: -1.04, Tilt Error: -3.99
2025-03-13 00:41:18,190 - INFO - Pan Angle: 11.88, Tilt Angle: -29.34
2025-03-13 00:41:18,343 - INFO - Time: 1741826478.34s | Pan Error: 2.54, Tilt Error: -8.70
2025-03-13 00:41:18,344 - INFO - Pan Angle: 10.26, Tilt Angle: -33.84
2025-03-13 00:41:18,476 - INFO - Time: 1741826478.48s | Pan Error: 4.25, Tilt Error: -5.82
2025-03-13 00:41:18,478 - INFO - Pan Angle: 7.83, Tilt Angle: -36.72
2025-03-13 00:41:18,667 - INFO - Time: 1741826478.67s | Pan Error: 5.22, Tilt Error: 1.57
2025-03-13 00:41:18,668 - INFO - Pan Angle: 5.13, Tilt Angle: -35.82
2025-03-13 00:41:19,049 - INFO - Time: 1741826479.05s | Pan Error: 2.61, Tilt Error: 15.29
2025-03-13 00:41:19,050 - INFO - Pan Angle: 3.78, Tilt Angle: -27.9
2025-03-13 00:41:19,199 - INFO - Time: 1741826479.20s | Pan Error: 3.04, Tilt Error: 16.59
2025-03-13 00:41:19,200 - INFO - Pan Angle: 2.16, Tilt Angle: -19.62
2025-03-13 00:41:19,350 - INFO - Time: 1741826479.35s | Pan Error: 2.02, Tilt Error: 10.44
2025-03-13 00:41:19,351 - INFO - Pan Angle: 1.08, Tilt Angle: -14.58
2025-03-13 00:41:19,612 - INFO - Time: 1741826479.61s | Pan Error: 0.14, Tilt Error: -0.94
2025-03-13 00:41:19,614 - INFO - Pan Angle: 0.81, Tilt Angle: -15.48
2025-03-13 00:41:19,757 - INFO - Time: 1741826479.76s | Pan Error: 0.31, Tilt Error: -0.34
2025-03-13 00:41:19,759 - INFO - Pan Angle: 0.54, Tilt Angle: -15.66
2025-03-13 00:41:19,899 - INFO - Time: 1741826479.90s | Pan Error: 0.32, Tilt Error: 0.74
2025-03-13 00:41:19,900 - INFO - Pan Angle: 0.27, Tilt Angle: -15.3
2025-03-13 00:41:20,083 - INFO - Time: 1741826480.08s | Pan Error: 0.67, Tilt Error: 1.65
2025-03-13 00:41:20,085 - INFO - Pan Angle: -0.27, Tilt Angle: -14.58
2025-03-13 00:41:20,237 - INFO - Time: 1741826480.24s | Pan Error: 1.25, Tilt Error: 2.60
2025-03-13 00:41:20,238 - INFO - Pan Angle: -1.08, Tilt Angle: -13.32
2025-03-13 00:41:20,395 - INFO - Time: 1741826480.40s | Pan Error: 0.99, Tilt Error: 2.88
2025-03-13 00:41:20,397 - INFO - Pan Angle: -1.62, Tilt Angle: -11.88
2025-03-13 00:41:20,562 - INFO - Time: 1741826480.56s | Pan Error: 1.87, Tilt Error: 1.23
2025-03-13 00:41:20,568 - INFO - Pan Angle: -2.7, Tilt Angle: -11.34
2025-03-13 00:41:20,614 - INFO - Stream stats - Frame: 600, Size: 213803 bytes, Clients: 1
2025-03-13 00:41:20,732 - INFO - Time: 1741826480.73s | Pan Error: 3.17, Tilt Error: -0.49
2025-03-13 00:41:20,733 - INFO - Pan Angle: -4.32, Tilt Angle: -11.7
2025-03-13 00:41:20,884 - INFO - Time: 1741826480.88s | Pan Error: 2.41, Tilt Error: -0.65
2025-03-13 00:41:20,885 - INFO - Pan Angle: -5.67, Tilt Angle: -12.06
2025-03-13 00:41:21,031 - INFO - Time: 1741826481.03s | Pan Error: 1.46, Tilt Error: -0.46
2025-03-13 00:41:21,032 - INFO - Pan Angle: -6.48, Tilt Angle: -12.42
2025-03-13 00:41:21,171 - INFO - Time: 1741826481.17s | Pan Error: 1.62, Tilt Error: -0.33
2025-03-13 00:41:21,172 - INFO - Pan Angle: -7.56, Tilt Angle: -12.6
2025-03-13 00:41:21,311 - INFO - Time: 1741826481.31s | Pan Error: 1.17, Tilt Error: -0.59
2025-03-13 00:41:21,312 - INFO - Pan Angle: -8.37, Tilt Angle: -12.96
2025-03-13 00:41:21,636 - INFO - Time: 1741826481.64s | Pan Error: 4.43, Tilt Error: -2.99
2025-03-13 00:41:21,638 - INFO - Pan Angle: -10.8, Tilt Angle: -14.58
2025-03-13 00:41:21,823 - INFO - Time: 1741826481.82s | Pan Error: 8.46, Tilt Error: -5.12
2025-03-13 00:41:21,824 - INFO - Pan Angle: -15.39, Tilt Angle: -17.28
2025-03-13 00:41:21,981 - INFO - Time: 1741826481.98s | Pan Error: 11.19, Tilt Error: -4.92
2025-03-13 00:41:21,983 - INFO - Pan Angle: -21.06, Tilt Angle: -19.8
2025-03-13 00:41:22,149 - INFO - Time: 1741826482.15s | Pan Error: 10.66, Tilt Error: -1.66
2025-03-13 00:41:22,150 - INFO - Pan Angle: -26.46, Tilt Angle: -20.7
2025-03-13 00:41:22,286 - INFO - Time: 1741826482.29s | Pan Error: 7.56, Tilt Error: 1.37
2025-03-13 00:41:22,287 - INFO - Pan Angle: -30.24, Tilt Angle: -19.98
2025-03-13 00:41:22,439 - INFO - Time: 1741826482.44s | Pan Error: 4.56, Tilt Error: 1.77
2025-03-13 00:41:22,440 - INFO - Pan Angle: -32.67, Tilt Angle: -19.26
2025-03-13 00:41:22,571 - INFO - Time: 1741826482.57s | Pan Error: 1.76, Tilt Error: 1.82
2025-03-13 00:41:22,572 - INFO - Pan Angle: -33.75, Tilt Angle: -18.36
2025-03-13 00:41:22,713 - INFO - Time: 1741826482.71s | Pan Error: -0.65, Tilt Error: 1.97
2025-03-13 00:41:22,714 - INFO - Pan Angle: -33.48, Tilt Angle: -17.46
2025-03-13 00:41:22,875 - INFO - Time: 1741826482.88s | Pan Error: -2.45, Tilt Error: 1.60
2025-03-13 00:41:22,878 - INFO - Pan Angle: -32.4, Tilt Angle: -16.74
2025-03-13 00:41:23,063 - INFO - Time: 1741826483.06s | Pan Error: -2.44, Tilt Error: -0.52
2025-03-13 00:41:23,064 - INFO - Pan Angle: -31.32, Tilt Angle: -17.1
2025-03-13 00:41:23,270 - INFO - Time: 1741826483.27s | Pan Error: -2.90, Tilt Error: -3.99
2025-03-13 00:41:23,273 - INFO - Pan Angle: -29.97, Tilt Angle: -19.26
2025-03-13 00:41:23,507 - INFO - Time: 1741826483.51s | Pan Error: -3.22, Tilt Error: -6.26
2025-03-13 00:41:23,508 - INFO - Pan Angle: -28.62, Tilt Angle: -22.5
2025-03-13 00:41:23,680 - INFO - Time: 1741826483.68s | Pan Error: -1.78, Tilt Error: -8.15
2025-03-13 00:41:23,681 - INFO - Pan Angle: -27.81, Tilt Angle: -26.64
2025-03-13 00:41:23,820 - INFO - Time: 1741826483.82s | Pan Error: -1.05, Tilt Error: -6.95
2025-03-13 00:41:23,821 - INFO - Pan Angle: -27.54, Tilt Angle: -30.24
2025-03-13 00:41:23,972 - INFO - Time: 1741826483.97s | Pan Error: -0.77, Tilt Error: -3.73
2025-03-13 00:41:23,973 - INFO - Pan Angle: -27.27, Tilt Angle: -32.04
2025-03-13 00:41:24,124 - INFO - Time: 1741826484.12s | Pan Error: -0.79, Tilt Error: -1.63
2025-03-13 00:41:24,125 - INFO - Pan Angle: -27.0, Tilt Angle: -32.94
2025-03-13 00:41:24,257 - INFO - Time: 1741826484.26s | Pan Error: -0.93, Tilt Error: -1.10
2025-03-13 00:41:24,259 - INFO - Pan Angle: -26.73, Tilt Angle: -33.48
2025-03-13 00:41:24,460 - INFO - Time: 1741826484.46s | Pan Error: -0.28, Tilt Error: -0.43
2025-03-13 00:41:24,461 - INFO - Pan Angle: -26.73, Tilt Angle: -33.84
2025-03-13 00:41:24,590 - INFO - Time: 1741826484.59s | Pan Error: 0.28, Tilt Error: 1.93
2025-03-13 00:41:24,592 - INFO - Pan Angle: -27.0, Tilt Angle: -32.94
2025-03-13 00:41:24,739 - INFO - Time: 1741826484.74s | Pan Error: -0.22, Tilt Error: 4.82
2025-03-13 00:41:24,740 - INFO - Pan Angle: -27.0, Tilt Angle: -30.6
2025-03-13 00:41:24,883 - INFO - Time: 1741826484.88s | Pan Error: -1.21, Tilt Error: 8.78
2025-03-13 00:41:24,884 - INFO - Pan Angle: -26.46, Tilt Angle: -26.28
2025-03-13 00:41:25,030 - INFO - Time: 1741826485.03s | Pan Error: -2.22, Tilt Error: 11.05
2025-03-13 00:41:25,031 - INFO - Pan Angle: -25.38, Tilt Angle: -20.88
2025-03-13 00:41:25,322 - INFO - Time: 1741826485.32s | Pan Error: -3.19, Tilt Error: 9.13
2025-03-13 00:41:25,324 - INFO - Pan Angle: -24.03, Tilt Angle: -16.38
2025-03-13 00:41:25,593 - INFO - Time: 1741826485.59s | Pan Error: -5.27, Tilt Error: 8.92
2025-03-13 00:41:25,594 - INFO - Pan Angle: -21.6, Tilt Angle: -12.06
2025-03-13 00:41:25,831 - INFO - Time: 1741826485.83s | Pan Error: -7.55, Tilt Error: 7.97
2025-03-13 00:41:25,832 - INFO - Pan Angle: -17.82, Tilt Angle: -8.1
2025-03-13 00:41:25,986 - INFO - Time: 1741826485.99s | Pan Error: -4.16, Tilt Error: 4.67
2025-03-13 00:41:25,987 - INFO - Pan Angle: -15.93, Tilt Angle: -5.94
2025-03-13 00:41:26,143 - INFO - Time: 1741826486.14s | Pan Error: -1.79, Tilt Error: 0.89
2025-03-13 00:41:26,144 - INFO - Pan Angle: -15.12, Tilt Angle: -5.58
2025-03-13 00:41:26,378 - INFO - Time: 1741826486.38s | Pan Error: 0.42, Tilt Error: -1.75
2025-03-13 00:41:26,380 - INFO - Pan Angle: -15.39, Tilt Angle: -6.66
2025-03-13 00:41:26,511 - INFO - Time: 1741826486.51s | Pan Error: 0.11, Tilt Error: -2.26
2025-03-13 00:41:26,512 - INFO - Pan Angle: -15.66, Tilt Angle: -7.92
2025-03-13 00:41:26,645 - INFO - Time: 1741826486.65s | Pan Error: -0.35, Tilt Error: -2.28
2025-03-13 00:41:26,646 - INFO - Pan Angle: -15.66, Tilt Angle: -9.18
2025-03-13 00:41:26,779 - INFO - Time: 1741826486.78s | Pan Error: -1.38, Tilt Error: -2.51
2025-03-13 00:41:26,780 - INFO - Pan Angle: -15.12, Tilt Angle: -10.62
2025-03-13 00:41:26,914 - INFO - Time: 1741826486.91s | Pan Error: -2.69, Tilt Error: -0.80
2025-03-13 00:41:26,915 - INFO - Pan Angle: -13.77, Tilt Angle: -11.16
2025-03-13 00:41:27,107 - INFO - Time: 1741826487.11s | Pan Error: -3.53, Tilt Error: 1.96
2025-03-13 00:41:27,108 - INFO - Pan Angle: -12.15, Tilt Angle: -10.26
2025-03-13 00:41:27,237 - INFO - Time: 1741826487.24s | Pan Error: -4.97, Tilt Error: 4.57
2025-03-13 00:41:27,238 - INFO - Pan Angle: -9.72, Tilt Angle: -8.1
2025-03-13 00:41:27,468 - INFO - Time: 1741826487.47s | Pan Error: -3.31, Tilt Error: 4.50
2025-03-13 00:41:27,470 - INFO - Pan Angle: -8.1, Tilt Angle: -5.94
2025-03-13 00:41:27,615 - INFO - Time: 1741826487.62s | Pan Error: 0.72, Tilt Error: 3.33
2025-03-13 00:41:27,616 - INFO - Pan Angle: -8.64, Tilt Angle: -4.32
2025-03-13 00:41:27,817 - INFO - Time: 1741826487.82s | Pan Error: 0.66, Tilt Error: 1.08
2025-03-13 00:41:27,818 - INFO - Pan Angle: -9.18, Tilt Angle: -3.96
2025-03-13 00:41:27,955 - INFO - Time: 1741826487.95s | Pan Error: 0.60, Tilt Error: -0.38
2025-03-13 00:41:27,957 - INFO - Pan Angle: -9.72, Tilt Angle: -4.32
2025-03-13 00:41:28,152 - INFO - Time: 1741826488.15s | Pan Error: 0.64, Tilt Error: -0.83
2025-03-13 00:41:28,153 - INFO - Pan Angle: -10.26, Tilt Angle: -4.86
2025-03-13 00:41:28,366 - INFO - Time: 1741826488.37s | Pan Error: 0.64, Tilt Error: -0.83
2025-03-13 00:41:28,367 - INFO - Pan Angle: -10.8, Tilt Angle: -5.4
2025-03-13 00:41:28,503 - INFO - Time: 1741826488.50s | Pan Error: 0.64, Tilt Error: -0.83
2025-03-13 00:41:28,504 - INFO - Pan Angle: -11.34, Tilt Angle: -5.94
2025-03-13 00:41:28,637 - INFO - Time: 1741826488.64s | Pan Error: 0.64, Tilt Error: -0.83
2025-03-13 00:41:28,638 - INFO - Pan Angle: -11.88, Tilt Angle: -6.48
2025-03-13 00:41:28,787 - INFO - Time: 1741826488.79s | Pan Error: 0.64, Tilt Error: -0.83
2025-03-13 00:41:28,790 - INFO - Pan Angle: -12.42, Tilt Angle: -7.02
2025-03-13 00:41:28,965 - INFO - Time: 1741826488.97s | Pan Error: 0.53, Tilt Error: -0.82
2025-03-13 00:41:28,966 - INFO - Pan Angle: -12.69, Tilt Angle: -7.56
2025-03-13 00:41:29,162 - INFO - Time: 1741826489.16s | Pan Error: 0.56, Tilt Error: -0.26
2025-03-13 00:41:29,163 - INFO - Pan Angle: -13.23, Tilt Angle: -7.74
2025-03-13 00:41:29,362 - INFO - Time: 1741826489.36s | Pan Error: 0.65, Tilt Error: 0.36
2025-03-13 00:41:29,363 - INFO - Pan Angle: -13.77, Tilt Angle: -7.56
2025-03-13 00:41:29,678 - INFO - Time: 1741826489.68s | Pan Error: -1.02, Tilt Error: 1.17
2025-03-13 00:41:29,679 - INFO - Pan Angle: -13.5, Tilt Angle: -7.02
2025-03-13 00:41:29,816 - INFO - Time: 1741826489.82s | Pan Error: -1.37, Tilt Error: 1.31
2025-03-13 00:41:29,817 - INFO - Pan Angle: -12.96, Tilt Angle: -6.48
2025-03-13 00:41:29,949 - INFO - Time: 1741826489.95s | Pan Error: -1.34, Tilt Error: 1.33
2025-03-13 00:41:29,949 - INFO - Pan Angle: -12.42, Tilt Angle: -5.94
2025-03-13 00:41:30,080 - INFO - Time: 1741826490.08s | Pan Error: -1.42, Tilt Error: 1.33
2025-03-13 00:41:30,081 - INFO - Pan Angle: -11.88, Tilt Angle: -5.4
2025-03-13 00:41:30,278 - INFO - Time: 1741826490.28s | Pan Error: -1.34, Tilt Error: 1.33
2025-03-13 00:41:30,279 - INFO - Pan Angle: -11.34, Tilt Angle: -4.86
2025-03-13 00:41:30,421 - INFO - Time: 1741826490.42s | Pan Error: -1.45, Tilt Error: 0.44
2025-03-13 00:41:30,422 - INFO - Pan Angle: -10.8, Tilt Angle: -4.68
2025-03-13 00:41:30,558 - INFO - Time: 1741826490.56s | Pan Error: -1.36, Tilt Error: 0.43
2025-03-13 00:41:30,559 - INFO - Pan Angle: -10.26, Tilt Angle: -4.5
2025-03-13 00:41:30,601 - INFO - Stream stats - Frame: 900, Size: 200201 bytes, Clients: 1
2025-03-13 00:41:30,692 - INFO - Time: 1741826490.69s | Pan Error: -0.61, Tilt Error: 0.02
2025-03-13 00:41:30,693 - INFO - Pan Angle: -9.99, Tilt Angle: -4.5
2025-03-13 00:41:30,858 - INFO - Time: 1741826490.86s | Pan Error: -0.59, Tilt Error: -0.29
2025-03-13 00:41:30,860 - INFO - Pan Angle: -9.72, Tilt Angle: -4.68
2025-03-13 00:41:31,052 - INFO - Time: 1741826491.05s | Pan Error: -0.58, Tilt Error: -0.35
2025-03-13 00:41:31,053 - INFO - Pan Angle: -9.45, Tilt Angle: -4.86
2025-03-13 00:41:31,187 - INFO - Time: 1741826491.19s | Pan Error: -0.59, Tilt Error: -0.29
2025-03-13 00:41:31,187 - INFO - Pan Angle: -9.18, Tilt Angle: -5.04
2025-03-13 00:41:31,331 - INFO - Time: 1741826491.33s | Pan Error: -0.59, Tilt Error: -0.27
2025-03-13 00:41:31,334 - INFO - Pan Angle: -8.91, Tilt Angle: -5.22
2025-03-13 00:41:31,519 - INFO - Time: 1741826491.52s | Pan Error: -0.63, Tilt Error: -0.27
2025-03-13 00:41:31,520 - INFO - Pan Angle: -8.64, Tilt Angle: -5.4
2025-03-13 00:41:31,730 - INFO - Time: 1741826491.73s | Pan Error: -0.64, Tilt Error: -0.26
2025-03-13 00:41:31,734 - INFO - Pan Angle: -8.37, Tilt Angle: -5.58
2025-03-13 00:41:31,869 - INFO - Time: 1741826491.87s | Pan Error: -0.64, Tilt Error: -0.26
2025-03-13 00:41:31,870 - INFO - Pan Angle: -8.1, Tilt Angle: -5.76
2025-03-13 00:41:32,240 - INFO - Time: 1741826492.24s | Pan Error: 1.67, Tilt Error: -0.40
2025-03-13 00:41:32,241 - INFO - Pan Angle: -9.18, Tilt Angle: -6.12
2025-03-13 00:41:32,410 - INFO - Time: 1741826492.41s | Pan Error: 1.97, Tilt Error: -0.40
2025-03-13 00:41:32,411 - INFO - Pan Angle: -10.26, Tilt Angle: -6.48
2025-03-13 00:41:32,536 - INFO - Time: 1741826492.54s | Pan Error: 1.99, Tilt Error: -0.38
2025-03-13 00:41:32,537 - INFO - Pan Angle: -11.34, Tilt Angle: -6.84
2025-03-13 00:41:33,187 - INFO - Time: 1741826493.19s | Pan Error: 1.97, Tilt Error: 0.05
2025-03-13 00:41:33,188 - INFO - Pan Angle: -12.42, Tilt Angle: -6.84
2025-03-13 00:41:33,335 - INFO - Time: 1741826493.34s | Pan Error: 1.96, Tilt Error: 0.10
2025-03-13 00:41:33,337 - INFO - Pan Angle: -13.5, Tilt Angle: -6.84
2025-03-13 00:41:33,532 - INFO - Time: 1741826493.53s | Pan Error: 0.87, Tilt Error: 0.13
2025-03-13 00:41:33,533 - INFO - Pan Angle: -14.04, Tilt Angle: -6.84
2025-03-13 00:41:33,670 - INFO - Time: 1741826493.67s | Pan Error: -0.79, Tilt Error: 0.23
2025-03-13 00:41:33,670 - INFO - Pan Angle: -13.77, Tilt Angle: -6.84
2025-03-13 00:41:33,810 - INFO - Time: 1741826493.81s | Pan Error: -0.82, Tilt Error: 0.22
2025-03-13 00:41:33,811 - INFO - Pan Angle: -13.5, Tilt Angle: -6.84
2025-03-13 00:41:34,016 - INFO - Time: 1741826494.02s | Pan Error: -0.30, Tilt Error: 0.17
2025-03-13 00:41:34,019 - INFO - Pan Angle: -13.5, Tilt Angle: -6.84
2025-03-13 00:41:34,156 - INFO - Time: 1741826494.16s | Pan Error: 0.96, Tilt Error: 0.08
2025-03-13 00:41:34,157 - INFO - Pan Angle: -14.04, Tilt Angle: -6.84
2025-03-13 00:41:34,347 - INFO - Time: 1741826494.35s | Pan Error: 2.92, Tilt Error: 0.00
2025-03-13 00:41:34,348 - INFO - Pan Angle: -15.66, Tilt Angle: -7.02
2025-03-13 00:41:34,569 - INFO - Time: 1741826494.57s | Pan Error: 7.42, Tilt Error: -0.25
2025-03-13 00:41:34,569 - INFO - Pan Angle: -19.44, Tilt Angle: -7.2
2025-03-13 00:41:34,713 - INFO - Time: 1741826494.71s | Pan Error: 9.45, Tilt Error: -0.44
2025-03-13 00:41:34,716 - INFO - Pan Angle: -24.3, Tilt Angle: -7.56
2025-03-13 00:41:34,845 - INFO - Time: 1741826494.85s | Pan Error: 8.27, Tilt Error: -0.39
2025-03-13 00:41:34,846 - INFO - Pan Angle: -28.62, Tilt Angle: -7.92
2025-03-13 00:41:35,051 - INFO - Time: 1741826495.05s | Pan Error: 5.69, Tilt Error: -0.22
2025-03-13 00:41:35,053 - INFO - Pan Angle: -31.59, Tilt Angle: -8.1
2025-03-13 00:41:35,257 - INFO - Time: 1741826495.26s | Pan Error: 1.74, Tilt Error: 0.88
2025-03-13 00:41:35,258 - INFO - Pan Angle: -32.67, Tilt Angle: -7.74
2025-03-13 00:41:35,471 - INFO - Time: 1741826495.47s | Pan Error: 1.02, Tilt Error: 0.91
2025-03-13 00:41:35,472 - INFO - Pan Angle: -33.21, Tilt Angle: -7.38
2025-03-13 00:41:35,600 - INFO - Time: 1741826495.60s | Pan Error: 1.58, Tilt Error: 0.91
2025-03-13 00:41:35,601 - INFO - Pan Angle: -34.02, Tilt Angle: -7.02
2025-03-13 00:41:35,841 - INFO - Time: 1741826495.84s | Pan Error: 1.22, Tilt Error: 0.94
2025-03-13 00:41:35,842 - INFO - Pan Angle: -34.83, Tilt Angle: -6.66
2025-03-13 00:41:35,968 - INFO - Time: 1741826495.97s | Pan Error: -0.56, Tilt Error: 1.00
2025-03-13 00:41:35,969 - INFO - Pan Angle: -34.56, Tilt Angle: -6.3
2025-03-13 00:41:36,108 - INFO - Time: 1741826496.11s | Pan Error: -2.03, Tilt Error: 1.06
2025-03-13 00:41:36,109 - INFO - Pan Angle: -33.75, Tilt Angle: -5.94
2025-03-13 00:41:36,359 - INFO - Time: 1741826496.36s | Pan Error: -2.75, Tilt Error: 1.09
2025-03-13 00:41:36,359 - INFO - Pan Angle: -32.4, Tilt Angle: -5.4
2025-03-13 00:41:36,539 - INFO - Time: 1741826496.54s | Pan Error: -2.98, Tilt Error: 1.08
2025-03-13 00:41:36,541 - INFO - Pan Angle: -31.05, Tilt Angle: -5.04
2025-03-13 00:41:36,808 - INFO - Time: 1741826496.81s | Pan Error: -4.41, Tilt Error: 0.50
2025-03-13 00:41:36,809 - INFO - Pan Angle: -28.89, Tilt Angle: -4.86
2025-03-13 00:41:36,977 - INFO - Time: 1741826496.98s | Pan Error: -8.36, Tilt Error: 0.65
2025-03-13 00:41:36,978 - INFO - Pan Angle: -24.84, Tilt Angle: -4.68
2025-03-13 00:41:37,124 - INFO - Time: 1741826497.12s | Pan Error: -9.15, Tilt Error: 0.20
2025-03-13 00:41:37,126 - INFO - Pan Angle: -20.52, Tilt Angle: -4.68
2025-03-13 00:41:37,337 - INFO - Time: 1741826497.34s | Pan Error: -8.59, Tilt Error: 0.15
2025-03-13 00:41:37,339 - INFO - Pan Angle: -16.47, Tilt Angle: -4.68
2025-03-13 00:41:37,543 - INFO - Time: 1741826497.54s | Pan Error: -4.09, Tilt Error: -0.04
2025-03-13 00:41:37,544 - INFO - Pan Angle: -14.58, Tilt Angle: -4.86
2025-03-13 00:41:37,751 - INFO - Time: 1741826497.75s | Pan Error: -0.74, Tilt Error: -0.24
2025-03-13 00:41:37,753 - INFO - Pan Angle: -14.31, Tilt Angle: -5.04
2025-03-13 00:41:37,890 - INFO - Time: 1741826497.89s | Pan Error: 1.16, Tilt Error: -0.31
2025-03-13 00:41:37,891 - INFO - Pan Angle: -15.12, Tilt Angle: -5.22
2025-03-13 00:41:38,025 - INFO - Time: 1741826498.03s | Pan Error: 1.16, Tilt Error: -0.27
2025-03-13 00:41:38,026 - INFO - Pan Angle: -15.93, Tilt Angle: -5.4
2025-03-13 00:41:38,225 - INFO - Time: 1741826498.23s | Pan Error: 1.04, Tilt Error: -0.32
2025-03-13 00:41:38,226 - INFO - Pan Angle: -16.47, Tilt Angle: -5.58
2025-03-13 00:41:38,360 - INFO - Time: 1741826498.36s | Pan Error: 0.93, Tilt Error: -0.27
2025-03-13 00:41:38,361 - INFO - Pan Angle: -17.01, Tilt Angle: -5.76
2025-03-13 00:41:38,552 - INFO - Time: 1741826498.55s | Pan Error: 0.87, Tilt Error: -0.27
2025-03-13 00:41:38,555 - INFO - Pan Angle: -17.55, Tilt Angle: -5.94
2025-03-13 00:41:38,721 - INFO - Time: 1741826498.72s | Pan Error: 0.87, Tilt Error: -0.27
2025-03-13 00:41:38,725 - INFO - Pan Angle: -18.09, Tilt Angle: -6.12
2025-03-13 00:41:38,880 - INFO - Time: 1741826498.88s | Pan Error: 0.48, Tilt Error: -0.27
2025-03-13 00:41:38,881 - INFO - Pan Angle: -18.36, Tilt Angle: -6.3
2025-03-13 00:41:39,093 - INFO - Time: 1741826499.09s | Pan Error: -0.60, Tilt Error: -0.18
2025-03-13 00:41:39,094 - INFO - Pan Angle: -18.09, Tilt Angle: -6.48
2025-03-13 00:41:39,235 - INFO - Time: 1741826499.24s | Pan Error: -0.64, Tilt Error: -0.18
2025-03-13 00:41:39,237 - INFO - Pan Angle: -17.82, Tilt Angle: -6.66
2025-03-13 00:41:39,400 - INFO - Time: 1741826499.40s | Pan Error: -0.73, Tilt Error: -0.20
2025-03-13 00:41:39,401 - INFO - Pan Angle: -17.55, Tilt Angle: -6.84
2025-03-13 00:41:39,559 - INFO - Time: 1741826499.56s | Pan Error: -0.73, Tilt Error: -0.17
2025-03-13 00:41:39,561 - INFO - Pan Angle: -17.28, Tilt Angle: -7.02
2025-03-13 00:41:39,714 - INFO - Time: 1741826499.71s | Pan Error: -0.74, Tilt Error: -0.20
2025-03-13 00:41:39,716 - INFO - Pan Angle: -17.01, Tilt Angle: -7.2
2025-03-13 00:41:39,919 - INFO - Time: 1741826499.92s | Pan Error: -0.74, Tilt Error: -0.21
2025-03-13 00:41:39,920 - INFO - Pan Angle: -16.74, Tilt Angle: -7.38
2025-03-13 00:41:40,073 - INFO - Time: 1741826500.07s | Pan Error: -0.67, Tilt Error: -0.18
2025-03-13 00:41:40,073 - INFO - Pan Angle: -16.47, Tilt Angle: -7.56
2025-03-13 00:41:40,251 - INFO - Time: 1741826500.25s | Pan Error: -0.76, Tilt Error: -0.20
2025-03-13 00:41:40,257 - INFO - Pan Angle: -16.2, Tilt Angle: -7.74
2025-03-13 00:41:40,436 - INFO - Time: 1741826500.44s | Pan Error: -0.74, Tilt Error: 0.49
2025-03-13 00:41:40,437 - INFO - Pan Angle: -15.93, Tilt Angle: -7.56
2025-03-13 00:41:40,616 - INFO - Time: 1741826500.62s | Pan Error: -0.69, Tilt Error: 0.64
2025-03-13 00:41:40,617 - INFO - Pan Angle: -15.66, Tilt Angle: -7.38
2025-03-13 00:41:40,632 - INFO - Stream stats - Frame: 1200, Size: 185614 bytes, Clients: 1
2025-03-13 00:41:40,815 - INFO - Time: 1741826500.81s | Pan Error: -0.65, Tilt Error: 0.64
2025-03-13 00:41:40,816 - INFO - Pan Angle: -15.39, Tilt Angle: -7.2
2025-03-13 00:41:41,028 - INFO - Time: 1741826501.03s | Pan Error: -0.73, Tilt Error: 0.66
2025-03-13 00:41:41,031 - INFO - Pan Angle: -15.12, Tilt Angle: -7.02
2025-03-13 00:41:41,211 - INFO - Time: 1741826501.21s | Pan Error: -0.71, Tilt Error: 0.64
2025-03-13 00:41:41,212 - INFO - Pan Angle: -14.85, Tilt Angle: -6.84
2025-03-13 00:41:41,341 - INFO - Time: 1741826501.34s | Pan Error: -0.74, Tilt Error: 0.63
2025-03-13 00:41:41,342 - INFO - Pan Angle: -14.58, Tilt Angle: -6.66
2025-03-13 00:41:41,543 - INFO - Time: 1741826501.54s | Pan Error: 0.38, Tilt Error: 0.61
2025-03-13 00:41:41,544 - INFO - Pan Angle: -14.85, Tilt Angle: -6.48
2025-03-13 00:41:41,675 - INFO - Time: 1741826501.68s | Pan Error: 0.79, Tilt Error: 0.61
2025-03-13 00:41:41,676 - INFO - Pan Angle: -15.39, Tilt Angle: -6.3
2025-03-13 00:41:41,801 - INFO - Time: 1741826501.80s | Pan Error: 0.84, Tilt Error: 0.60
2025-03-13 00:41:41,802 - INFO - Pan Angle: -15.93, Tilt Angle: -6.12
2025-03-13 00:41:41,996 - INFO - Time: 1741826502.00s | Pan Error: 0.84, Tilt Error: 0.60
2025-03-13 00:41:41,997 - INFO - Pan Angle: -16.47, Tilt Angle: -5.94
2025-03-13 00:41:42,175 - INFO - Time: 1741826502.18s | Pan Error: 0.84, Tilt Error: 0.60
2025-03-13 00:41:42,176 - INFO - Pan Angle: -17.01, Tilt Angle: -5.76
2025-03-13 00:41:42,305 - INFO - Time: 1741826502.31s | Pan Error: 0.77, Tilt Error: 0.58
2025-03-13 00:41:42,306 - INFO - Pan Angle: -17.55, Tilt Angle: -5.58
2025-03-13 00:41:42,454 - INFO - Time: 1741826502.45s | Pan Error: 0.84, Tilt Error: 0.60
2025-03-13 00:41:42,457 - INFO - Pan Angle: -18.09, Tilt Angle: -5.4
2025-03-13 00:41:42,640 - INFO - Time: 1741826502.64s | Pan Error: 0.79, Tilt Error: 0.60
2025-03-13 00:41:42,640 - INFO - Pan Angle: -18.63, Tilt Angle: -5.22
2025-03-13 00:41:42,789 - INFO - Time: 1741826502.79s | Pan Error: -0.69, Tilt Error: 0.61
2025-03-13 00:41:42,790 - INFO - Pan Angle: -18.36, Tilt Angle: -5.04
2025-03-13 00:41:42,923 - INFO - Time: 1741826502.92s | Pan Error: -1.19, Tilt Error: 0.67
2025-03-13 00:41:42,924 - INFO - Pan Angle: -17.82, Tilt Angle: -4.86
2025-03-13 00:41:43,075 - INFO - Time: 1741826503.07s | Pan Error: -1.16, Tilt Error: 0.66
2025-03-13 00:41:43,077 - INFO - Pan Angle: -17.28, Tilt Angle: -4.68
2025-03-13 00:41:43,242 - INFO - Time: 1741826503.24s | Pan Error: -1.17, Tilt Error: 0.60
2025-03-13 00:41:43,242 - INFO - Pan Angle: -16.74, Tilt Angle: -4.5
2025-03-13 00:41:43,433 - INFO - Time: 1741826503.43s | Pan Error: -1.13, Tilt Error: -0.10
2025-03-13 00:41:43,434 - INFO - Pan Angle: -16.2, Tilt Angle: -4.68
2025-03-13 00:41:43,562 - INFO - Time: 1741826503.56s | Pan Error: -1.20, Tilt Error: -0.40
2025-03-13 00:41:43,563 - INFO - Pan Angle: -15.66, Tilt Angle: -5.04
2025-03-13 00:41:43,780 - INFO - Time: 1741826503.78s | Pan Error: -1.20, Tilt Error: -0.32
2025-03-13 00:41:43,781 - INFO - Pan Angle: -15.12, Tilt Angle: -5.22
2025-03-13 00:41:43,919 - INFO - Time: 1741826503.92s | Pan Error: -1.22, Tilt Error: -0.34
2025-03-13 00:41:43,920 - INFO - Pan Angle: -14.58, Tilt Angle: -5.4
2025-03-13 00:41:44,056 - INFO - Time: 1741826504.06s | Pan Error: -1.23, Tilt Error: -0.32
2025-03-13 00:41:44,057 - INFO - Pan Angle: -14.04, Tilt Angle: -5.58
2025-03-13 00:41:44,264 - INFO - Time: 1741826504.26s | Pan Error: -1.20, Tilt Error: -0.32
2025-03-13 00:41:44,265 - INFO - Pan Angle: -13.5, Tilt Angle: -5.76
2025-03-13 00:41:44,476 - INFO - Time: 1741826504.48s | Pan Error: -1.20, Tilt Error: -0.34
2025-03-13 00:41:44,477 - INFO - Pan Angle: -12.96, Tilt Angle: -5.94
2025-03-13 00:41:44,619 - INFO - Time: 1741826504.62s | Pan Error: -1.22, Tilt Error: -0.34
2025-03-13 00:41:44,620 - INFO - Pan Angle: -12.42, Tilt Angle: -6.12
2025-03-13 00:41:44,825 - INFO - Time: 1741826504.83s | Pan Error: 1.18, Tilt Error: -0.40
2025-03-13 00:41:44,826 - INFO - Pan Angle: -13.23, Tilt Angle: -6.48
2025-03-13 00:41:44,968 - INFO - Time: 1741826504.97s | Pan Error: 1.58, Tilt Error: -0.44
2025-03-13 00:41:44,969 - INFO - Pan Angle: -14.04, Tilt Angle: -6.84
2025-03-13 00:41:45,105 - INFO - Time: 1741826505.11s | Pan Error: 1.57, Tilt Error: -0.44
2025-03-13 00:41:45,106 - INFO - Pan Angle: -14.85, Tilt Angle: -7.2
2025-03-13 00:41:45,238 - INFO - Time: 1741826505.24s | Pan Error: 1.60, Tilt Error: 0.05
2025-03-13 00:41:45,239 - INFO - Pan Angle: -15.66, Tilt Angle: -7.2
2025-03-13 00:41:45,452 - INFO - Time: 1741826505.45s | Pan Error: 1.57, Tilt Error: 0.04
2025-03-13 00:41:45,453 - INFO - Pan Angle: -16.47, Tilt Angle: -7.2
2025-03-13 00:41:45,601 - INFO - Time: 1741826505.60s | Pan Error: 1.57, Tilt Error: 0.04
2025-03-13 00:41:45,602 - INFO - Pan Angle: -17.28, Tilt Angle: -7.2
2025-03-13 00:41:45,750 - INFO - Time: 1741826505.75s | Pan Error: 1.39, Tilt Error: 0.05
2025-03-13 00:41:45,752 - INFO - Pan Angle: -18.09, Tilt Angle: -7.2
2025-03-13 00:41:45,895 - INFO - Time: 1741826505.90s | Pan Error: 1.38, Tilt Error: 0.05
2025-03-13 00:41:45,896 - INFO - Pan Angle: -18.9, Tilt Angle: -7.2
2025-03-13 00:41:46,096 - INFO - Time: 1741826506.10s | Pan Error: 0.27, Tilt Error: 0.14
2025-03-13 00:41:46,097 - INFO - Pan Angle: -19.17, Tilt Angle: -7.2
2025-03-13 00:41:46,228 - INFO - Time: 1741826506.23s | Pan Error: -1.26, Tilt Error: 0.18
2025-03-13 00:41:46,229 - INFO - Pan Angle: -18.63, Tilt Angle: -7.2
2025-03-13 00:41:46,362 - INFO - Time: 1741826506.36s | Pan Error: -1.26, Tilt Error: 0.18
2025-03-13 00:41:46,363 - INFO - Pan Angle: -18.09, Tilt Angle: -7.2
2025-03-13 00:41:46,576 - INFO - Time: 1741826506.58s | Pan Error: -1.25, Tilt Error: 0.18
2025-03-13 00:41:46,580 - INFO - Pan Angle: -17.55, Tilt Angle: -7.2
2025-03-13 00:41:46,726 - INFO - Time: 1741826506.73s | Pan Error: -1.26, Tilt Error: 0.18
2025-03-13 00:41:46,731 - INFO - Pan Angle: -17.01, Tilt Angle: -7.2
2025-03-13 00:41:46,983 - INFO - Time: 1741826506.98s | Pan Error: -1.26, Tilt Error: 0.18
2025-03-13 00:41:46,984 - INFO - Pan Angle: -16.47, Tilt Angle: -7.2
2025-03-13 00:41:47,117 - INFO - Time: 1741826507.12s | Pan Error: -1.25, Tilt Error: 0.18
2025-03-13 00:41:47,118 - INFO - Pan Angle: -15.93, Tilt Angle: -7.2
2025-03-13 00:41:47,267 - INFO - Time: 1741826507.27s | Pan Error: -1.26, Tilt Error: 0.18
2025-03-13 00:41:47,268 - INFO - Pan Angle: -15.39, Tilt Angle: -7.2
2025-03-13 00:41:47,399 - INFO - Time: 1741826507.40s | Pan Error: -1.22, Tilt Error: 0.16
2025-03-13 00:41:47,400 - INFO - Pan Angle: -14.85, Tilt Angle: -7.2
2025-03-13 00:41:47,542 - INFO - Time: 1741826507.54s | Pan Error: -1.23, Tilt Error: 0.17
2025-03-13 00:41:47,545 - INFO - Pan Angle: -14.31, Tilt Angle: -7.2
2025-03-13 00:41:47,737 - INFO - Time: 1741826507.74s | Pan Error: -1.23, Tilt Error: 0.17
2025-03-13 00:41:47,738 - INFO - Pan Angle: -13.77, Tilt Angle: -7.2
2025-03-13 00:41:47,916 - INFO - Time: 1741826507.92s | Pan Error: 0.50, Tilt Error: 0.10
2025-03-13 00:41:47,917 - INFO - Pan Angle: -14.04, Tilt Angle: -7.2
2025-03-13 00:41:48,149 - INFO - Time: 1741826508.15s | Pan Error: 0.76, Tilt Error: 0.10
2025-03-13 00:41:48,151 - INFO - Pan Angle: -14.58, Tilt Angle: -7.2
2025-03-13 00:41:48,325 - INFO - Time: 1741826508.33s | Pan Error: 0.76, Tilt Error: 0.10
2025-03-13 00:41:48,327 - INFO - Pan Angle: -15.12, Tilt Angle: -7.2
2025-03-13 00:41:48,529 - INFO - Time: 1741826508.53s | Pan Error: 0.76, Tilt Error: 0.10
2025-03-13 00:41:48,530 - INFO - Pan Angle: -15.66, Tilt Angle: -7.2
2025-03-13 00:41:48,739 - INFO - Time: 1741826508.74s | Pan Error: 0.76, Tilt Error: 0.10
2025-03-13 00:41:48,741 - INFO - Pan Angle: -16.2, Tilt Angle: -7.2
2025-03-13 00:41:48,935 - INFO - Time: 1741826508.94s | Pan Error: 0.76, Tilt Error: 0.08
2025-03-13 00:41:48,936 - INFO - Pan Angle: -16.74, Tilt Angle: -7.2
2025-03-13 00:41:49,102 - INFO - Time: 1741826509.10s | Pan Error: 0.76, Tilt Error: 0.10
2025-03-13 00:41:49,105 - INFO - Pan Angle: -17.28, Tilt Angle: -7.2
2025-03-13 00:41:49,332 - INFO - Time: 1741826509.33s | Pan Error: 0.71, Tilt Error: 0.11
2025-03-13 00:41:49,333 - INFO - Pan Angle: -17.82, Tilt Angle: -7.2
2025-03-13 00:41:49,537 - INFO - Time: 1741826509.54s | Pan Error: 0.67, Tilt Error: 0.12
2025-03-13 00:41:49,538 - INFO - Pan Angle: -18.36, Tilt Angle: -7.2
2025-03-13 00:41:49,735 - INFO - Time: 1741826509.74s | Pan Error: -0.83, Tilt Error: 0.18
2025-03-13 00:41:49,736 - INFO - Pan Angle: -18.09, Tilt Angle: -7.2
2025-03-13 00:41:49,866 - INFO - Time: 1741826509.87s | Pan Error: -0.84, Tilt Error: 0.18
2025-03-13 00:41:49,867 - INFO - Pan Angle: -17.82, Tilt Angle: -7.2
2025-03-13 00:41:50,060 - INFO - Time: 1741826510.06s | Pan Error: -0.79, Tilt Error: 0.16
2025-03-13 00:41:50,061 - INFO - Pan Angle: -17.55, Tilt Angle: -7.2
2025-03-13 00:41:50,262 - INFO - Time: 1741826510.26s | Pan Error: -0.79, Tilt Error: 0.16
2025-03-13 00:41:50,263 - INFO - Pan Angle: -17.28, Tilt Angle: -7.2
2025-03-13 00:41:50,408 - INFO - Time: 1741826510.41s | Pan Error: -0.79, Tilt Error: 0.16
2025-03-13 00:41:50,409 - INFO - Pan Angle: -17.01, Tilt Angle: -7.2
2025-03-13 00:41:50,569 - INFO - Time: 1741826510.57s | Pan Error: -0.84, Tilt Error: 0.18
2025-03-13 00:41:50,570 - INFO - Pan Angle: -16.74, Tilt Angle: -7.2
2025-03-13 00:41:50,606 - INFO - Stream stats - Frame: 1500, Size: 190639 bytes, Clients: 1
2025-03-13 00:41:50,763 - INFO - Time: 1741826510.76s | Pan Error: -0.84, Tilt Error: 0.18
2025-03-13 00:41:50,764 - INFO - Pan Angle: -16.47, Tilt Angle: -7.2
2025-03-13 00:41:51,039 - INFO - Time: 1741826511.04s | Pan Error: -0.84, Tilt Error: 0.18
2025-03-13 00:41:51,041 - INFO - Pan Angle: -16.2, Tilt Angle: -7.2
2025-03-13 00:41:51,222 - INFO - Time: 1741826511.22s | Pan Error: -0.84, Tilt Error: 0.18
2025-03-13 00:41:51,223 - INFO - Pan Angle: -15.93, Tilt Angle: -7.2
2025-03-13 00:41:51,382 - INFO - Time: 1741826511.38s | Pan Error: -0.84, Tilt Error: 0.18
2025-03-13 00:41:51,383 - INFO - Pan Angle: -15.66, Tilt Angle: -7.2
2025-03-13 00:41:51,602 - INFO - Time: 1741826511.60s | Pan Error: -0.84, Tilt Error: 0.18
2025-03-13 00:41:51,607 - INFO - Pan Angle: -15.39, Tilt Angle: -7.2
2025-03-13 00:41:51,799 - INFO - Time: 1741826511.80s | Pan Error: -0.84, Tilt Error: 0.18
2025-03-13 00:41:51,801 - INFO - Pan Angle: -15.12, Tilt Angle: -7.2
2025-03-13 00:41:51,967 - INFO - Time: 1741826511.97s | Pan Error: -0.84, Tilt Error: 0.18
2025-03-13 00:41:51,968 - INFO - Pan Angle: -14.85, Tilt Angle: -7.2
2025-03-13 00:41:52,093 - INFO - Time: 1741826512.09s | Pan Error: -0.84, Tilt Error: 0.18
2025-03-13 00:41:52,094 - INFO - Pan Angle: -14.58, Tilt Angle: -7.2
2025-03-13 00:41:52,238 - INFO - Time: 1741826512.24s | Pan Error: 0.23, Tilt Error: 0.11
2025-03-13 00:41:52,240 - INFO - Pan Angle: -14.85, Tilt Angle: -7.2
2025-03-13 00:41:52,414 - INFO - Time: 1741826512.41s | Pan Error: 0.70, Tilt Error: 0.08
2025-03-13 00:41:52,415 - INFO - Pan Angle: -15.39, Tilt Angle: -7.2
2025-03-13 00:41:52,576 - INFO - Time: 1741826512.58s | Pan Error: 0.64, Tilt Error: 0.12
2025-03-13 00:41:52,579 - INFO - Pan Angle: -15.93, Tilt Angle: -7.2
2025-03-13 00:41:52,739 - INFO - Time: 1741826512.74s | Pan Error: 0.70, Tilt Error: 0.08
2025-03-13 00:41:52,741 - INFO - Pan Angle: -16.47, Tilt Angle: -7.2
2025-03-13 00:41:52,973 - INFO - Time: 1741826512.97s | Pan Error: 0.67, Tilt Error: 0.10
2025-03-13 00:41:52,976 - INFO - Pan Angle: -17.01, Tilt Angle: -7.2
2025-03-13 00:41:53,130 - INFO - Time: 1741826513.13s | Pan Error: 0.70, Tilt Error: 0.10
2025-03-13 00:41:53,131 - INFO - Pan Angle: -17.55, Tilt Angle: -7.2
2025-03-13 00:41:53,366 - INFO - Time: 1741826513.37s | Pan Error: 0.68, Tilt Error: 0.10
2025-03-13 00:41:53,369 - INFO - Pan Angle: -18.09, Tilt Angle: -7.2
2025-03-13 00:41:53,535 - INFO - Time: 1741826513.54s | Pan Error: 0.06, Tilt Error: 0.12
2025-03-13 00:41:53,536 - INFO - Pan Angle: -18.36, Tilt Angle: -7.2
2025-03-13 00:41:53,674 - INFO - Time: 1741826513.67s | Pan Error: -0.80, Tilt Error: 0.15
2025-03-13 00:41:53,675 - INFO - Pan Angle: -18.09, Tilt Angle: -7.2
2025-03-13 00:41:53,812 - INFO - Time: 1741826513.81s | Pan Error: -0.85, Tilt Error: 0.16
2025-03-13 00:41:53,813 - INFO - Pan Angle: -17.82, Tilt Angle: -7.2
2025-03-13 00:41:54,022 - INFO - Time: 1741826514.02s | Pan Error: -0.90, Tilt Error: 0.18
2025-03-13 00:41:54,023 - INFO - Pan Angle: -17.55, Tilt Angle: -7.2
2025-03-13 00:41:54,167 - INFO - Time: 1741826514.17s | Pan Error: -0.90, Tilt Error: 0.18
2025-03-13 00:41:54,168 - INFO - Pan Angle: -17.28, Tilt Angle: -7.2
2025-03-13 00:41:54,325 - INFO - Time: 1741826514.33s | Pan Error: -0.90, Tilt Error: 0.18
2025-03-13 00:41:54,326 - INFO - Pan Angle: -17.01, Tilt Angle: -7.2
2025-03-13 00:41:54,555 - INFO - Time: 1741826514.56s | Pan Error: -0.90, Tilt Error: 0.18
2025-03-13 00:41:54,556 - INFO - Pan Angle: -16.74, Tilt Angle: -7.2
2025-03-13 00:41:54,748 - INFO - Time: 1741826514.75s | Pan Error: -0.85, Tilt Error: 0.16
2025-03-13 00:41:54,749 - INFO - Pan Angle: -16.47, Tilt Angle: -7.2
2025-03-13 00:41:54,908 - INFO - Time: 1741826514.91s | Pan Error: -0.92, Tilt Error: 0.18
2025-03-13 00:41:54,910 - INFO - Pan Angle: -16.2, Tilt Angle: -7.2
2025-03-13 00:41:55,069 - INFO - Time: 1741826515.07s | Pan Error: -0.90, Tilt Error: 0.18
2025-03-13 00:41:55,070 - INFO - Pan Angle: -15.93, Tilt Angle: -7.2
2025-03-13 00:41:55,202 - INFO - Time: 1741826515.20s | Pan Error: -0.90, Tilt Error: 0.18
2025-03-13 00:41:55,202 - INFO - Pan Angle: -15.66, Tilt Angle: -7.2
2025-03-13 00:41:55,339 - INFO - Time: 1741826515.34s | Pan Error: -0.90, Tilt Error: 0.18
2025-03-13 00:41:55,341 - INFO - Pan Angle: -15.39, Tilt Angle: -7.2
2025-03-13 00:41:55,470 - INFO - Time: 1741826515.47s | Pan Error: -0.90, Tilt Error: 0.18
2025-03-13 00:41:55,471 - INFO - Pan Angle: -15.12, Tilt Angle: -7.2
2025-03-13 00:41:55,630 - INFO - Time: 1741826515.63s | Pan Error: -0.90, Tilt Error: 0.18
2025-03-13 00:41:55,632 - INFO - Pan Angle: -14.85, Tilt Angle: -7.2
2025-03-13 00:41:55,790 - INFO - Time: 1741826515.79s | Pan Error: -0.90, Tilt Error: 0.18
2025-03-13 00:41:55,791 - INFO - Pan Angle: -14.58, Tilt Angle: -7.2
2025-03-13 00:41:55,924 - INFO - Time: 1741826515.92s | Pan Error: 0.44, Tilt Error: 0.10
2025-03-13 00:41:55,925 - INFO - Pan Angle: -14.85, Tilt Angle: -7.2
2025-03-13 00:41:56,057 - INFO - Time: 1741826516.06s | Pan Error: 0.60, Tilt Error: 0.11
2025-03-13 00:41:56,057 - INFO - Pan Angle: -15.39, Tilt Angle: -7.2
2025-03-13 00:41:56,192 - INFO - Time: 1741826516.19s | Pan Error: 0.64, Tilt Error: 0.10
2025-03-13 00:41:56,193 - INFO - Pan Angle: -15.93, Tilt Angle: -7.2
2025-03-13 00:41:56,428 - INFO - Time: 1741826516.43s | Pan Error: 0.57, Tilt Error: 0.10
2025-03-13 00:41:56,429 - INFO - Pan Angle: -16.47, Tilt Angle: -7.2
2025-03-13 00:41:56,559 - INFO - Time: 1741826516.56s | Pan Error: 0.64, Tilt Error: 0.10
2025-03-13 00:41:56,560 - INFO - Pan Angle: -17.01, Tilt Angle: -7.2
2025-03-13 00:41:56,697 - INFO - Time: 1741826516.70s | Pan Error: 0.58, Tilt Error: 0.11
2025-03-13 00:41:56,698 - INFO - Pan Angle: -17.55, Tilt Angle: -7.2
2025-03-13 00:41:56,884 - INFO - Time: 1741826516.88s | Pan Error: 0.58, Tilt Error: 0.11
2025-03-13 00:41:56,885 - INFO - Pan Angle: -18.09, Tilt Angle: -7.2
2025-03-13 00:41:57,296 - INFO - Time: 1741826517.30s | Pan Error: -0.94, Tilt Error: 0.16
2025-03-13 00:41:57,297 - INFO - Pan Angle: -17.82, Tilt Angle: -7.2
2025-03-13 00:41:57,493 - INFO - Time: 1741826517.49s | Pan Error: -0.94, Tilt Error: 0.16
2025-03-13 00:41:57,493 - INFO - Pan Angle: -17.55, Tilt Angle: -7.2
2025-03-13 00:41:57,722 - INFO - Time: 1741826517.72s | Pan Error: -0.96, Tilt Error: 0.18
2025-03-13 00:41:57,723 - INFO - Pan Angle: -17.28, Tilt Angle: -7.2
2025-03-13 00:41:57,916 - INFO - Time: 1741826517.92s | Pan Error: -0.97, Tilt Error: 0.18
2025-03-13 00:41:57,917 - INFO - Pan Angle: -17.01, Tilt Angle: -7.2
2025-03-13 00:41:58,063 - INFO - Time: 1741826518.06s | Pan Error: -0.96, Tilt Error: 0.18
2025-03-13 00:41:58,066 - INFO - Pan Angle: -16.74, Tilt Angle: -7.2
2025-03-13 00:41:58,225 - INFO - Time: 1741826518.23s | Pan Error: -0.96, Tilt Error: 0.18
2025-03-13 00:41:58,226 - INFO - Pan Angle: -16.47, Tilt Angle: -7.2
2025-03-13 00:41:58,412 - INFO - Time: 1741826518.41s | Pan Error: -0.96, Tilt Error: 0.18
2025-03-13 00:41:58,413 - INFO - Pan Angle: -16.2, Tilt Angle: -7.2
2025-03-13 00:41:58,615 - INFO - Time: 1741826518.62s | Pan Error: -0.96, Tilt Error: 0.18
2025-03-13 00:41:58,616 - INFO - Pan Angle: -15.93, Tilt Angle: -7.2
2025-03-13 00:41:58,770 - INFO - Time: 1741826518.77s | Pan Error: -0.94, Tilt Error: 0.16
2025-03-13 00:41:58,773 - INFO - Pan Angle: -15.66, Tilt Angle: -7.2
2025-03-13 00:41:58,948 - INFO - Time: 1741826518.95s | Pan Error: -0.94, Tilt Error: 0.17
2025-03-13 00:41:58,949 - INFO - Pan Angle: -15.39, Tilt Angle: -7.2
2025-03-13 00:41:59,094 - INFO - Time: 1741826519.09s | Pan Error: -0.94, Tilt Error: 0.16
2025-03-13 00:41:59,095 - INFO - Pan Angle: -15.12, Tilt Angle: -7.2
2025-03-13 00:41:59,321 - INFO - Time: 1741826519.32s | Pan Error: -0.94, Tilt Error: 0.16
2025-03-13 00:41:59,322 - INFO - Pan Angle: -14.85, Tilt Angle: -7.2
2025-03-13 00:41:59,631 - INFO - Time: 1741826519.63s | Pan Error: -0.94, Tilt Error: 0.16
2025-03-13 00:41:59,634 - INFO - Pan Angle: -14.58, Tilt Angle: -7.2
2025-03-13 00:41:59,849 - INFO - Time: 1741826519.85s | Pan Error: 0.62, Tilt Error: 0.10
2025-03-13 00:41:59,851 - INFO - Pan Angle: -15.12, Tilt Angle: -7.2
2025-03-13 00:42:00,018 - INFO - Time: 1741826520.02s | Pan Error: 0.54, Tilt Error: 0.11
2025-03-13 00:42:00,019 - INFO - Pan Angle: -15.66, Tilt Angle: -7.2
2025-03-13 00:42:00,250 - INFO - Time: 1741826520.25s | Pan Error: 0.54, Tilt Error: 0.11
2025-03-13 00:42:00,252 - INFO - Pan Angle: -16.2, Tilt Angle: -7.2
2025-03-13 00:42:00,533 - INFO - Time: 1741826520.53s | Pan Error: 0.53, Tilt Error: 0.12
2025-03-13 00:42:00,535 - INFO - Pan Angle: -16.47, Tilt Angle: -7.2
2025-03-13 00:42:00,600 - INFO - Stream stats - Frame: 1800, Size: 185251 bytes, Clients: 1
2025-03-13 00:42:00,816 - INFO - Time: 1741826520.82s | Pan Error: 0.53, Tilt Error: 0.08
2025-03-13 00:42:00,817 - INFO - Pan Angle: -16.74, Tilt Angle: -7.2
2025-03-13 00:42:00,949 - INFO - Time: 1741826520.95s | Pan Error: 0.54, Tilt Error: 0.11
2025-03-13 00:42:00,950 - INFO - Pan Angle: -17.28, Tilt Angle: -7.2
2025-03-13 00:42:01,079 - INFO - Time: 1741826521.08s | Pan Error: 0.60, Tilt Error: 0.13
2025-03-13 00:42:01,080 - INFO - Pan Angle: -17.82, Tilt Angle: -7.2
2025-03-13 00:42:01,274 - INFO - Time: 1741826521.27s | Pan Error: 0.37, Tilt Error: 0.08
2025-03-13 00:42:01,275 - INFO - Pan Angle: -18.09, Tilt Angle: -7.2
2025-03-13 00:42:01,430 - INFO - Time: 1741826521.43s | Pan Error: -0.92, Tilt Error: 0.16
2025-03-13 00:42:01,432 - INFO - Pan Angle: -17.82, Tilt Angle: -7.2
2025-03-13 00:42:01,672 - INFO - Time: 1741826521.67s | Pan Error: -0.92, Tilt Error: 0.22
2025-03-13 00:42:01,673 - INFO - Pan Angle: -17.55, Tilt Angle: -7.2
2025-03-13 00:42:01,811 - INFO - Time: 1741826521.81s | Pan Error: -1.00, Tilt Error: 0.21
2025-03-13 00:42:01,812 - INFO - Pan Angle: -17.28, Tilt Angle: -7.2
2025-03-13 00:42:02,014 - INFO - Time: 1741826522.01s | Pan Error: -1.00, Tilt Error: 0.16
2025-03-13 00:42:02,016 - INFO - Pan Angle: -17.01, Tilt Angle: -7.2
2025-03-13 00:42:02,151 - INFO - Time: 1741826522.15s | Pan Error: -0.93, Tilt Error: 0.15
2025-03-13 00:42:02,152 - INFO - Pan Angle: -16.74, Tilt Angle: -7.2
2025-03-13 00:42:02,288 - INFO - Time: 1741826522.29s | Pan Error: -1.00, Tilt Error: 0.18
2025-03-13 00:42:02,289 - INFO - Pan Angle: -16.47, Tilt Angle: -7.2
2025-03-13 00:42:02,430 - INFO - Time: 1741826522.43s | Pan Error: -1.00, Tilt Error: 0.17
2025-03-13 00:42:02,432 - INFO - Pan Angle: -16.2, Tilt Angle: -7.2
2025-03-13 00:42:02,612 - INFO - Time: 1741826522.61s | Pan Error: -1.00, Tilt Error: 0.16
2025-03-13 00:42:02,613 - INFO - Pan Angle: -15.93, Tilt Angle: -7.2
2025-03-13 00:42:02,809 - INFO - Time: 1741826522.81s | Pan Error: -1.00, Tilt Error: 0.19
2025-03-13 00:42:02,810 - INFO - Pan Angle: -15.66, Tilt Angle: -7.2
2025-03-13 00:42:02,968 - INFO - Time: 1741826522.97s | Pan Error: -1.00, Tilt Error: 0.19
2025-03-13 00:42:02,970 - INFO - Pan Angle: -15.39, Tilt Angle: -7.2
2025-03-13 00:42:03,132 - INFO - Time: 1741826523.13s | Pan Error: -0.99, Tilt Error: 0.18
2025-03-13 00:42:03,133 - INFO - Pan Angle: -15.12, Tilt Angle: -7.2
2025-03-13 00:42:03,298 - INFO - Time: 1741826523.30s | Pan Error: -0.99, Tilt Error: 0.18
2025-03-13 00:42:03,301 - INFO - Pan Angle: -14.85, Tilt Angle: -7.2
2025-03-13 00:42:03,455 - INFO - Time: 1741826523.46s | Pan Error: -0.98, Tilt Error: 0.21
2025-03-13 00:42:03,456 - INFO - Pan Angle: -14.58, Tilt Angle: -7.2
2025-03-13 00:42:03,591 - INFO - Time: 1741826523.59s | Pan Error: 0.11, Tilt Error: 0.11
2025-03-13 00:42:03,593 - INFO - Pan Angle: -14.85, Tilt Angle: -7.2
2025-03-13 00:42:03,733 - INFO - Time: 1741826523.73s | Pan Error: 0.52, Tilt Error: 0.13
2025-03-13 00:42:03,734 - INFO - Pan Angle: -15.12, Tilt Angle: -7.2
2025-03-13 00:42:03,865 - INFO - Time: 1741826523.87s | Pan Error: 0.51, Tilt Error: 0.11
2025-03-13 00:42:03,866 - INFO - Pan Angle: -15.39, Tilt Angle: -7.2
2025-03-13 00:42:04,067 - INFO - Time: 1741826524.07s | Pan Error: 0.50, Tilt Error: 0.13
2025-03-13 00:42:04,068 - INFO - Pan Angle: -15.66, Tilt Angle: -7.2
2025-03-13 00:42:04,201 - INFO - Time: 1741826524.20s | Pan Error: 0.51, Tilt Error: 0.11
2025-03-13 00:42:04,201 - INFO - Pan Angle: -15.93, Tilt Angle: -7.2
2025-03-13 00:42:04,406 - INFO - Time: 1741826524.41s | Pan Error: 0.51, Tilt Error: 0.11
2025-03-13 00:42:04,409 - INFO - Pan Angle: -16.2, Tilt Angle: -7.2
2025-03-13 00:42:04,544 - INFO - Time: 1741826524.54s | Pan Error: 0.51, Tilt Error: 0.11
2025-03-13 00:42:04,545 - INFO - Pan Angle: -16.47, Tilt Angle: -7.2
2025-03-13 00:42:04,685 - INFO - Time: 1741826524.69s | Pan Error: 0.51, Tilt Error: 0.11
2025-03-13 00:42:04,686 - INFO - Pan Angle: -16.74, Tilt Angle: -7.2
2025-03-13 00:42:04,984 - INFO - Time: 1741826524.98s | Pan Error: 0.51, Tilt Error: 0.11
2025-03-13 00:42:04,985 - INFO - Pan Angle: -17.01, Tilt Angle: -7.2
2025-03-13 00:42:05,147 - INFO - Time: 1741826525.15s | Pan Error: 0.50, Tilt Error: 0.13
2025-03-13 00:42:05,148 - INFO - Pan Angle: -17.28, Tilt Angle: -7.2
2025-03-13 00:42:05,291 - INFO - Time: 1741826525.29s | Pan Error: 0.17, Tilt Error: 0.13
2025-03-13 00:42:05,294 - INFO - Pan Angle: -17.55, Tilt Angle: -7.2
2025-03-13 00:42:10,582 - INFO - Stream stats - Frame: 2100, Size: 187593 bytes, Clients: 1
2025-03-13 00:42:13,749 - INFO - Time: 1741826533.75s | Pan Error: 0.46, Tilt Error: 0.13
2025-03-13 00:42:13,750 - INFO - Pan Angle: -17.82, Tilt Angle: -7.2
2025-03-13 00:42:13,890 - INFO - Time: 1741826533.89s | Pan Error: -1.42, Tilt Error: 0.18
2025-03-13 00:42:13,891 - INFO - Pan Angle: -17.28, Tilt Angle: -7.2
2025-03-13 00:42:14,024 - INFO - Time: 1741826534.02s | Pan Error: -3.56, Tilt Error: 0.24
2025-03-13 00:42:14,025 - INFO - Pan Angle: -15.66, Tilt Angle: -7.2
2025-03-13 00:42:14,233 - INFO - Time: 1741826534.23s | Pan Error: -6.93, Tilt Error: 0.50
2025-03-13 00:42:14,233 - INFO - Pan Angle: -12.42, Tilt Angle: -7.02
2025-03-13 00:42:14,388 - INFO - Time: 1741826534.39s | Pan Error: -10.32, Tilt Error: 0.76
2025-03-13 00:42:14,390 - INFO - Pan Angle: -7.29, Tilt Angle: -6.66
2025-03-13 00:42:14,551 - INFO - Time: 1741826534.55s | Pan Error: -9.53, Tilt Error: 0.70
2025-03-13 00:42:14,552 - INFO - Pan Angle: -2.7, Tilt Angle: -6.48
2025-03-13 00:42:14,739 - INFO - Time: 1741826534.74s | Pan Error: -5.89, Tilt Error: 0.46
2025-03-13 00:42:14,740 - INFO - Pan Angle: -0.0, Tilt Angle: -6.3
2025-03-13 00:42:14,948 - INFO - Time: 1741826534.95s | Pan Error: -1.69, Tilt Error: 0.19
2025-03-13 00:42:14,949 - INFO - Pan Angle: 0.81, Tilt Angle: -6.3
2025-03-13 00:42:15,139 - INFO - Time: 1741826535.14s | Pan Error: 1.03, Tilt Error: 0.24
2025-03-13 00:42:15,140 - INFO - Pan Angle: 0.27, Tilt Angle: -6.3
2025-03-13 00:42:15,278 - INFO - Time: 1741826535.28s | Pan Error: 2.43, Tilt Error: 0.18
2025-03-13 00:42:15,279 - INFO - Pan Angle: -1.08, Tilt Angle: -6.3
2025-03-13 00:42:15,473 - INFO - Time: 1741826535.47s | Pan Error: 2.52, Tilt Error: 0.18
2025-03-13 00:42:15,475 - INFO - Pan Angle: -2.43, Tilt Angle: -6.3
2025-03-13 00:42:15,687 - INFO - Time: 1741826535.69s | Pan Error: 2.52, Tilt Error: 0.18
2025-03-13 00:42:15,688 - INFO - Pan Angle: -3.78, Tilt Angle: -6.3
2025-03-13 00:42:15,884 - INFO - Time: 1741826535.88s | Pan Error: 1.87, Tilt Error: 0.21
2025-03-13 00:42:15,886 - INFO - Pan Angle: -4.86, Tilt Angle: -6.3
2025-03-13 00:42:16,111 - INFO - Time: 1741826536.11s | Pan Error: 0.65, Tilt Error: 0.22
2025-03-13 00:42:16,112 - INFO - Pan Angle: -5.4, Tilt Angle: -6.3
2025-03-13 00:42:16,328 - INFO - Time: 1741826536.33s | Pan Error: -0.25, Tilt Error: 0.29
2025-03-13 00:42:16,329 - INFO - Pan Angle: -5.4, Tilt Angle: -6.3
2025-03-13 00:42:16,460 - INFO - Time: 1741826536.46s | Pan Error: -0.27, Tilt Error: 0.30
2025-03-13 00:42:16,461 - INFO - Pan Angle: -5.4, Tilt Angle: -6.3
2025-03-13 00:42:16,719 - INFO - Time: 1741826536.72s | Pan Error: -0.24, Tilt Error: 0.29
2025-03-13 00:42:16,721 - INFO - Pan Angle: -5.4, Tilt Angle: -6.3
2025-03-13 00:42:16,906 - INFO - Time: 1741826536.91s | Pan Error: 1.95, Tilt Error: 0.12
2025-03-13 00:42:16,908 - INFO - Pan Angle: -6.48, Tilt Angle: -6.3
2025-03-13 00:42:17,107 - INFO - Time: 1741826537.11s | Pan Error: 5.19, Tilt Error: -0.08
2025-03-13 00:42:17,110 - INFO - Pan Angle: -9.18, Tilt Angle: -6.48
2025-03-13 00:42:17,251 - INFO - Time: 1741826537.25s | Pan Error: 7.36, Tilt Error: -0.22
2025-03-13 00:42:17,252 - INFO - Pan Angle: -12.96, Tilt Angle: -6.66
2025-03-13 00:42:17,391 - INFO - Time: 1741826537.39s | Pan Error: 7.04, Tilt Error: -0.19
2025-03-13 00:42:17,392 - INFO - Pan Angle: -16.74, Tilt Angle: -6.84
2025-03-13 00:42:17,539 - INFO - Time: 1741826537.54s | Pan Error: 5.30, Tilt Error: -0.05
2025-03-13 00:42:17,541 - INFO - Pan Angle: -19.44, Tilt Angle: -7.02
2025-03-13 00:42:17,710 - INFO - Time: 1741826537.71s | Pan Error: 3.51, Tilt Error: -0.01
2025-03-13 00:42:17,711 - INFO - Pan Angle: -21.33, Tilt Angle: -7.2
2025-03-13 00:42:17,929 - INFO - Time: 1741826537.93s | Pan Error: 1.88, Tilt Error: 0.02
2025-03-13 00:42:17,930 - INFO - Pan Angle: -22.41, Tilt Angle: -7.2
2025-03-13 00:42:18,055 - INFO - Time: 1741826538.06s | Pan Error: 1.65, Tilt Error: -0.01
2025-03-13 00:42:18,056 - INFO - Pan Angle: -23.49, Tilt Angle: -7.38
2025-03-13 00:42:18,307 - INFO - Time: 1741826538.31s | Pan Error: 1.83, Tilt Error: 0.07
2025-03-13 00:42:18,316 - INFO - Pan Angle: -24.57, Tilt Angle: -7.38
2025-03-13 00:42:18,563 - INFO - Time: 1741826538.56s | Pan Error: 3.81, Tilt Error: 0.16
2025-03-13 00:42:18,564 - INFO - Pan Angle: -26.73, Tilt Angle: -7.38
2025-03-13 00:42:18,708 - INFO - Time: 1741826538.71s | Pan Error: 3.51, Tilt Error: 0.16
2025-03-13 00:42:18,709 - INFO - Pan Angle: -28.62, Tilt Angle: -7.38
2025-03-13 00:42:18,841 - INFO - Time: 1741826538.84s | Pan Error: 2.86, Tilt Error: 0.19
2025-03-13 00:42:18,842 - INFO - Pan Angle: -30.24, Tilt Angle: -7.38
2025-03-13 00:42:19,034 - INFO - Time: 1741826539.03s | Pan Error: 2.05, Tilt Error: 0.22
2025-03-13 00:42:19,035 - INFO - Pan Angle: -31.32, Tilt Angle: -7.38
2025-03-13 00:42:19,192 - INFO - Time: 1741826539.19s | Pan Error: 1.87, Tilt Error: 0.19
2025-03-13 00:42:19,195 - INFO - Pan Angle: -32.4, Tilt Angle: -7.38
2025-03-13 00:42:19,482 - INFO - Time: 1741826539.48s | Pan Error: 0.89, Tilt Error: 0.27
2025-03-13 00:42:19,484 - INFO - Pan Angle: -32.94, Tilt Angle: -7.38
2025-03-13 00:42:19,694 - INFO - Time: 1741826539.69s | Pan Error: 0.11, Tilt Error: 0.30
2025-03-13 00:42:19,697 - INFO - Pan Angle: -33.21, Tilt Angle: -7.38
2025-03-13 00:42:19,865 - INFO - Time: 1741826539.87s | Pan Error: -0.25, Tilt Error: 0.33
2025-03-13 00:42:19,866 - INFO - Pan Angle: -33.21, Tilt Angle: -7.38
2025-03-13 00:42:20,009 - INFO - Time: 1741826540.01s | Pan Error: -1.81, Tilt Error: 0.37
2025-03-13 00:42:20,010 - INFO - Pan Angle: -32.4, Tilt Angle: -7.2
2025-03-13 00:42:20,144 - INFO - Time: 1741826540.14s | Pan Error: -4.42, Tilt Error: 0.53
2025-03-13 00:42:20,144 - INFO - Pan Angle: -30.24, Tilt Angle: -7.02
2025-03-13 00:42:20,288 - INFO - Time: 1741826540.29s | Pan Error: -7.13, Tilt Error: 0.72
2025-03-13 00:42:20,290 - INFO - Pan Angle: -26.73, Tilt Angle: -6.66
2025-03-13 00:42:20,470 - INFO - Time: 1741826540.47s | Pan Error: -7.86, Tilt Error: 0.74
2025-03-13 00:42:20,471 - INFO - Pan Angle: -22.95, Tilt Angle: -6.3
2025-03-13 00:42:20,591 - INFO - Stream stats - Frame: 2400, Size: 170529 bytes, Clients: 1
2025-03-13 00:42:20,717 - INFO - Time: 1741826540.72s | Pan Error: -5.93, Tilt Error: 0.58
2025-03-13 00:42:20,721 - INFO - Pan Angle: -20.25, Tilt Angle: -6.12
2025-03-13 00:42:20,881 - INFO - Time: 1741826540.88s | Pan Error: -1.46, Tilt Error: 0.36
2025-03-13 00:42:20,881 - INFO - Pan Angle: -19.71, Tilt Angle: -6.12
2025-03-13 00:42:21,046 - INFO - Time: 1741826541.05s | Pan Error: -0.99, Tilt Error: 0.32
2025-03-13 00:42:21,049 - INFO - Pan Angle: -19.44, Tilt Angle: -6.12
2025-03-13 00:42:21,200 - INFO - Time: 1741826541.20s | Pan Error: 0.88, Tilt Error: 0.24
2025-03-13 00:42:21,201 - INFO - Pan Angle: -19.98, Tilt Angle: -6.12
2025-03-13 00:42:21,333 - INFO - Time: 1741826541.33s | Pan Error: 2.47, Tilt Error: 0.13
2025-03-13 00:42:21,334 - INFO - Pan Angle: -21.33, Tilt Angle: -6.12
2025-03-13 00:42:21,470 - INFO - Time: 1741826541.47s | Pan Error: 2.36, Tilt Error: 0.18
2025-03-13 00:42:21,471 - INFO - Pan Angle: -22.68, Tilt Angle: -6.12
2025-03-13 00:42:21,668 - INFO - Time: 1741826541.67s | Pan Error: 2.41, Tilt Error: 0.15
2025-03-13 00:42:21,668 - INFO - Pan Angle: -24.03, Tilt Angle: -6.12
2025-03-13 00:42:21,812 - INFO - Time: 1741826541.81s | Pan Error: 0.86, Tilt Error: 0.19
2025-03-13 00:42:21,812 - INFO - Pan Angle: -24.57, Tilt Angle: -6.12
2025-03-13 00:42:22,021 - INFO - Time: 1741826542.02s | Pan Error: -1.12, Tilt Error: 0.25
2025-03-13 00:42:22,023 - INFO - Pan Angle: -24.03, Tilt Angle: -6.12
2025-03-13 00:42:22,201 - INFO - Time: 1741826542.20s | Pan Error: -2.70, Tilt Error: 0.32
2025-03-13 00:42:22,202 - INFO - Pan Angle: -22.68, Tilt Angle: -6.12
2025-03-13 00:42:22,391 - INFO - Time: 1741826542.39s | Pan Error: -2.94, Tilt Error: 0.38
2025-03-13 00:42:22,392 - INFO - Pan Angle: -21.33, Tilt Angle: -5.94
2025-03-13 00:42:22,536 - INFO - Time: 1741826542.54s | Pan Error: -2.95, Tilt Error: 0.39
2025-03-13 00:42:22,537 - INFO - Pan Angle: -19.98, Tilt Angle: -5.76
2025-03-13 00:42:22,677 - INFO - Time: 1741826542.68s | Pan Error: -1.94, Tilt Error: 0.33
2025-03-13 00:42:22,678 - INFO - Pan Angle: -19.17, Tilt Angle: -5.76
2025-03-13 00:42:22,840 - INFO - Time: 1741826542.84s | Pan Error: -0.02, Tilt Error: 0.24
2025-03-13 00:42:22,842 - INFO - Pan Angle: -19.44, Tilt Angle: -5.76
2025-03-13 00:42:23,057 - INFO - Time: 1741826543.06s | Pan Error: 0.22, Tilt Error: 0.23
2025-03-13 00:42:23,059 - INFO - Pan Angle: -19.71, Tilt Angle: -5.76
2025-03-13 00:42:23,251 - INFO - Time: 1741826543.25s | Pan Error: 0.24, Tilt Error: 0.21
2025-03-13 00:42:23,252 - INFO - Pan Angle: -19.98, Tilt Angle: -5.76
2025-03-13 00:42:23,526 - INFO - Time: 1741826543.53s | Pan Error: 0.22, Tilt Error: 0.23
2025-03-13 00:42:23,528 - INFO - Pan Angle: -20.25, Tilt Angle: -5.76
2025-03-13 00:42:23,724 - INFO - Time: 1741826543.72s | Pan Error: 0.22, Tilt Error: 0.23
2025-03-13 00:42:23,724 - INFO - Pan Angle: -20.52, Tilt Angle: -5.76
2025-03-13 00:42:23,917 - INFO - Time: 1741826543.92s | Pan Error: 0.19, Tilt Error: 0.24
2025-03-13 00:42:23,918 - INFO - Pan Angle: -20.79, Tilt Angle: -5.76
2025-03-13 00:42:24,128 - INFO - Time: 1741826544.13s | Pan Error: 0.22, Tilt Error: 0.23
2025-03-13 00:42:24,129 - INFO - Pan Angle: -21.06, Tilt Angle: -5.76
2025-03-13 00:42:24,314 - INFO - Time: 1741826544.31s | Pan Error: 0.20, Tilt Error: 0.22
2025-03-13 00:42:24,317 - INFO - Pan Angle: -21.33, Tilt Angle: -5.76
2025-03-13 00:42:24,505 - INFO - Time: 1741826544.51s | Pan Error: 0.14, Tilt Error: 0.21
2025-03-13 00:42:24,509 - INFO - Pan Angle: -21.6, Tilt Angle: -5.76
2025-03-13 00:42:24,667 - INFO - Time: 1741826544.67s | Pan Error: 0.20, Tilt Error: 0.22
2025-03-13 00:42:24,668 - INFO - Pan Angle: -21.87, Tilt Angle: -5.76
2025-03-13 00:42:24,798 - INFO - Time: 1741826544.80s | Pan Error: 0.25, Tilt Error: 0.21
2025-03-13 00:42:24,799 - INFO - Pan Angle: -22.14, Tilt Angle: -5.76
2025-03-13 00:42:24,936 - INFO - Time: 1741826544.94s | Pan Error: 0.22, Tilt Error: 0.23
2025-03-13 00:42:24,936 - INFO - Pan Angle: -22.41, Tilt Angle: -5.76
2025-03-13 00:42:25,073 - INFO - Time: 1741826545.07s | Pan Error: 0.20, Tilt Error: 0.22
2025-03-13 00:42:25,074 - INFO - Pan Angle: -22.68, Tilt Angle: -5.76
2025-03-13 00:42:25,299 - INFO - Time: 1741826545.30s | Pan Error: 0.14, Tilt Error: 0.21
2025-03-13 00:42:25,300 - INFO - Pan Angle: -22.95, Tilt Angle: -5.76
2025-03-13 00:42:25,507 - INFO - Time: 1741826545.51s | Pan Error: -0.86, Tilt Error: 0.25
2025-03-13 00:42:25,508 - INFO - Pan Angle: -22.68, Tilt Angle: -5.76
2025-03-13 00:42:25,729 - INFO - Time: 1741826545.73s | Pan Error: -0.86, Tilt Error: 0.25
2025-03-13 00:42:25,730 - INFO - Pan Angle: -22.41, Tilt Angle: -5.76
2025-03-13 00:42:25,879 - INFO - Time: 1741826545.88s | Pan Error: -0.86, Tilt Error: 0.27
2025-03-13 00:42:25,881 - INFO - Pan Angle: -22.14, Tilt Angle: -5.76
2025-03-13 00:42:26,111 - INFO - Time: 1741826546.11s | Pan Error: -0.79, Tilt Error: 0.28
2025-03-13 00:42:26,113 - INFO - Pan Angle: -21.87, Tilt Angle: -5.76
2025-03-13 00:42:26,289 - INFO - Time: 1741826546.29s | Pan Error: -0.77, Tilt Error: 0.29
2025-03-13 00:42:26,293 - INFO - Pan Angle: -21.6, Tilt Angle: -5.76
2025-03-13 00:42:26,536 - INFO - Time: 1741826546.54s | Pan Error: -0.79, Tilt Error: 0.24
2025-03-13 00:42:26,542 - INFO - Pan Angle: -21.33, Tilt Angle: -5.76
2025-03-13 00:42:26,737 - INFO - Time: 1741826546.74s | Pan Error: -0.86, Tilt Error: 0.27
2025-03-13 00:42:26,738 - INFO - Pan Angle: -21.06, Tilt Angle: -5.76
2025-03-13 00:42:26,869 - INFO - Time: 1741826546.87s | Pan Error: -0.86, Tilt Error: 0.25
2025-03-13 00:42:26,870 - INFO - Pan Angle: -20.79, Tilt Angle: -5.76
2025-03-13 00:42:27,014 - INFO - Time: 1741826547.01s | Pan Error: -0.86, Tilt Error: 0.27
2025-03-13 00:42:27,016 - INFO - Pan Angle: -20.52, Tilt Angle: -5.76
2025-03-13 00:42:27,239 - INFO - Time: 1741826547.24s | Pan Error: -0.83, Tilt Error: 0.30
2025-03-13 00:42:27,243 - INFO - Pan Angle: -20.25, Tilt Angle: -5.76
2025-03-13 00:42:27,426 - INFO - Time: 1741826547.43s | Pan Error: -0.84, Tilt Error: 0.25
2025-03-13 00:42:27,427 - INFO - Pan Angle: -19.98, Tilt Angle: -5.76
2025-03-13 00:42:27,510 - INFO - Camera stopped
2025-03-13 00:42:27,524 - INFO - Camera closed successfully.
