2025-03-07 01:11:16,475 - INFO - Logging system initialized.
2025-03-07 01:11:16,476 - INFO - 
Pan and Tilt Mechanism: 
Current Date: 2025-03-07_01-11-16

------------------------- Running Parameters -------------------------
Pan Servo: Pin 17, PID Values: 
 KP: 1
 KI: 0.0
 KD: 0.0, Angle Range -135-135, Current Angle -0.0
Tilt Servo: Pin 27, PID Values: 
 KP: 0.3
 KI: 0.0
 KD: 0.3, Angle Range -90-90, Current Angle -0.0

Tracking Point: False
--------------------------------------------------

2025-03-07 01:11:16,505 - INFO - Initialization successful.
2025-03-07 01:11:16,505 - INFO - Camera now open.
2025-03-07 01:11:16,509 - INFO - Camera configuration has been adjusted!
2025-03-07 01:11:16,511 - INFO - Configuration successful!
2025-03-07 01:11:16,556 - INFO - Camera started
2025-03-07 01:11:16,570 - INFO - [31m[1mWARNING: This is a development server. Do not use it in a production deployment. Use a production WSGI server instead.[0m
 * Running on all addresses (0.0.0.0)
 * Running on http://127.0.0.1:5000
 * Running on http://172.20.10.4:5000
2025-03-07 01:11:16,570 - INFO - [33mPress CTRL+C to quit[0m
2025-03-07 01:11:16,750 - INFO - Stream stats - Frame: 0, Size: 195127 bytes, Clients: 0
2025-03-07 01:11:35,153 - INFO - 172.20.10.2 - - [07/Mar/2025 01:11:35] "GET / HTTP/1.1" 200 -
2025-03-07 01:11:35,228 - INFO - Client connected. Total clients: 1
2025-03-07 01:11:35,422 - INFO - 172.20.10.2 - - [07/Mar/2025 01:11:35] "GET /video_feed HTTP/1.1" 200 -
2025-03-07 01:11:39,782 - INFO - Time: 1741309899.78s | Pan Error: -8.80, Tilt Error: -14.13
2025-03-07 01:11:39,783 - INFO - Pan Angle: 8.64, Tilt Angle: -5.22
2025-03-07 01:11:39,911 - INFO - Time: 1741309899.91s | Pan Error: -5.10, Tilt Error: -13.09
2025-03-07 01:11:39,912 - INFO - Pan Angle: 13.5, Tilt Angle: -9.18
2025-03-07 01:11:40,049 - INFO - Time: 1741309900.05s | Pan Error: -3.40, Tilt Error: -9.56
2025-03-07 01:11:40,049 - INFO - Pan Angle: 16.74, Tilt Angle: -11.88
2025-03-07 01:11:40,175 - INFO - Time: 1741309900.18s | Pan Error: -3.47, Tilt Error: -6.29
2025-03-07 01:11:40,177 - INFO - Pan Angle: 19.98, Tilt Angle: -13.68
2025-03-07 01:11:40,309 - INFO - Time: 1741309900.31s | Pan Error: -5.32, Tilt Error: -4.65
2025-03-07 01:11:40,310 - INFO - Pan Angle: 25.11, Tilt Angle: -15.12
2025-03-07 01:11:40,440 - INFO - Time: 1741309900.44s | Pan Error: -9.17, Tilt Error: -2.14
2025-03-07 01:11:40,441 - INFO - Pan Angle: 34.02, Tilt Angle: -15.66
2025-03-07 01:11:40,572 - INFO - Time: 1741309900.57s | Pan Error: -12.27, Tilt Error: -1.82
2025-03-07 01:11:40,573 - INFO - Pan Angle: 46.17, Tilt Angle: -16.2
2025-03-07 01:11:40,704 - INFO - Time: 1741309900.70s | Pan Error: -13.41, Tilt Error: -2.02
2025-03-07 01:11:40,705 - INFO - Pan Angle: 59.4, Tilt Angle: -16.92
2025-03-07 01:11:40,835 - INFO - Time: 1741309900.84s | Pan Error: -13.46, Tilt Error: -1.30
2025-03-07 01:11:40,836 - INFO - Pan Angle: 72.63, Tilt Angle: -17.28
2025-03-07 01:11:40,972 - INFO - Time: 1741309900.97s | Pan Error: -12.93, Tilt Error: -1.03
2025-03-07 01:11:40,973 - INFO - Pan Angle: 85.32, Tilt Angle: -17.64
2025-03-07 01:11:41,109 - INFO - Time: 1741309901.11s | Pan Error: -12.74, Tilt Error: -1.15
2025-03-07 01:11:41,110 - INFO - Pan Angle: 98.01, Tilt Angle: -18.0
2025-03-07 01:11:41,247 - INFO - Time: 1741309901.25s | Pan Error: -12.49, Tilt Error: -0.85
2025-03-07 01:11:41,247 - INFO - Pan Angle: 110.43, Tilt Angle: -18.36
2025-03-07 01:11:41,376 - INFO - Time: 1741309901.38s | Pan Error: -12.18, Tilt Error: -0.12
2025-03-07 01:11:41,377 - INFO - Pan Angle: 122.58, Tilt Angle: -18.54
2025-03-07 01:11:41,510 - INFO - Time: 1741309901.51s | Pan Error: -12.03, Tilt Error: 0.11
2025-03-07 01:11:41,511 - INFO - Pan Angle: 134.46, Tilt Angle: -18.54
2025-03-07 01:11:41,641 - INFO - Time: 1741309901.64s | Pan Error: -11.93, Tilt Error: 1.15
2025-03-07 01:11:41,642 - INFO - Pan Angle: 135.0, Tilt Angle: -18.18
2025-03-07 01:11:41,772 - INFO - Time: 1741309901.77s | Pan Error: -11.89, Tilt Error: 1.54
2025-03-07 01:11:41,773 - INFO - Pan Angle: 135.0, Tilt Angle: -17.82
2025-03-07 01:11:41,905 - INFO - Time: 1741309901.91s | Pan Error: -11.74, Tilt Error: 1.87
2025-03-07 01:11:41,905 - INFO - Pan Angle: 135.0, Tilt Angle: -17.28
2025-03-07 01:11:42,039 - INFO - Time: 1741309902.04s | Pan Error: -12.32, Tilt Error: 4.99
2025-03-07 01:11:42,039 - INFO - Pan Angle: 135.0, Tilt Angle: -15.66
2025-03-07 01:11:42,172 - INFO - Time: 1741309902.17s | Pan Error: -13.00, Tilt Error: 5.94
2025-03-07 01:11:42,173 - INFO - Pan Angle: 135.0, Tilt Angle: -13.86
2025-03-07 01:11:42,306 - INFO - Time: 1741309902.31s | Pan Error: -13.48, Tilt Error: 5.08
2025-03-07 01:11:42,307 - INFO - Pan Angle: 135.0, Tilt Angle: -12.42
2025-03-07 01:11:42,443 - INFO - Time: 1741309902.44s | Pan Error: -13.67, Tilt Error: 3.87
2025-03-07 01:11:42,443 - INFO - Pan Angle: 135.0, Tilt Angle: -11.34
2025-03-07 01:11:42,594 - INFO - Time: 1741309902.59s | Pan Error: -13.84, Tilt Error: 2.83
2025-03-07 01:11:42,595 - INFO - Pan Angle: 135.0, Tilt Angle: -10.62
2025-03-07 01:11:42,738 - INFO - Time: 1741309902.74s | Pan Error: -14.07, Tilt Error: 2.14
2025-03-07 01:11:42,739 - INFO - Pan Angle: 135.0, Tilt Angle: -10.08
2025-03-07 01:11:42,876 - INFO - Time: 1741309902.88s | Pan Error: -14.19, Tilt Error: 1.02
2025-03-07 01:11:42,878 - INFO - Pan Angle: 135.0, Tilt Angle: -9.9
2025-03-07 01:11:43,033 - INFO - Time: 1741309903.03s | Pan Error: -14.24, Tilt Error: 0.17
2025-03-07 01:11:43,034 - INFO - Pan Angle: 135.0, Tilt Angle: -9.9
2025-03-07 01:11:43,184 - INFO - Time: 1741309903.18s | Pan Error: -14.35, Tilt Error: -0.38
2025-03-07 01:11:43,185 - INFO - Pan Angle: 135.0, Tilt Angle: -10.08
2025-03-07 01:11:43,315 - INFO - Time: 1741309903.32s | Pan Error: -14.47, Tilt Error: -0.39
2025-03-07 01:11:43,316 - INFO - Pan Angle: 135.0, Tilt Angle: -10.26
2025-03-07 01:11:43,452 - INFO - Time: 1741309903.45s | Pan Error: -14.76, Tilt Error: -0.36
2025-03-07 01:11:43,452 - INFO - Pan Angle: 135.0, Tilt Angle: -10.44
2025-03-07 01:11:43,580 - INFO - Time: 1741309903.58s | Pan Error: -14.88, Tilt Error: -0.26
2025-03-07 01:11:43,580 - INFO - Pan Angle: 135.0, Tilt Angle: -10.62
2025-03-07 01:11:43,712 - INFO - Time: 1741309903.71s | Pan Error: -14.91, Tilt Error: -0.22
2025-03-07 01:11:43,713 - INFO - Pan Angle: 135.0, Tilt Angle: -10.8
2025-03-07 01:11:43,846 - INFO - Time: 1741309903.85s | Pan Error: -14.81, Tilt Error: -0.17
2025-03-07 01:11:43,846 - INFO - Pan Angle: 135.0, Tilt Angle: -10.98
2025-03-07 01:11:43,983 - INFO - Time: 1741309903.98s | Pan Error: -14.87, Tilt Error: -0.13
2025-03-07 01:11:43,983 - INFO - Pan Angle: 135.0, Tilt Angle: -11.16
2025-03-07 01:11:44,131 - INFO - Time: 1741309904.13s | Pan Error: -14.87, Tilt Error: -0.02
2025-03-07 01:11:44,132 - INFO - Pan Angle: 135.0, Tilt Angle: -11.34
2025-03-07 01:11:44,267 - INFO - Time: 1741309904.27s | Pan Error: -14.84, Tilt Error: 0.06
2025-03-07 01:11:44,268 - INFO - Pan Angle: 135.0, Tilt Angle: -11.34
2025-03-07 01:11:44,405 - INFO - Time: 1741309904.41s | Pan Error: -14.82, Tilt Error: 0.17
2025-03-07 01:11:44,406 - INFO - Pan Angle: 135.0, Tilt Angle: -11.34
2025-03-07 01:11:44,548 - INFO - Time: 1741309904.55s | Pan Error: -14.79, Tilt Error: 0.32
2025-03-07 01:11:44,549 - INFO - Pan Angle: 135.0, Tilt Angle: -11.34
2025-03-07 01:11:44,678 - INFO - Time: 1741309904.68s | Pan Error: -14.69, Tilt Error: 0.39
2025-03-07 01:11:44,678 - INFO - Pan Angle: 135.0, Tilt Angle: -11.34
2025-03-07 01:11:44,837 - INFO - Time: 1741309904.84s | Pan Error: -14.60, Tilt Error: 0.40
2025-03-07 01:11:44,838 - INFO - Pan Angle: 135.0, Tilt Angle: -11.34
2025-03-07 01:11:44,977 - INFO - Time: 1741309904.98s | Pan Error: -14.63, Tilt Error: 0.51
2025-03-07 01:11:44,977 - INFO - Pan Angle: 135.0, Tilt Angle: -11.34
2025-03-07 01:11:45,110 - INFO - Time: 1741309905.11s | Pan Error: -14.54, Tilt Error: 0.66
2025-03-07 01:11:45,111 - INFO - Pan Angle: 135.0, Tilt Angle: -11.16
2025-03-07 01:11:45,207 - INFO - Stream stats - Frame: 300, Size: 189302 bytes, Clients: 1
2025-03-07 01:11:45,249 - INFO - Time: 1741309905.25s | Pan Error: -14.50, Tilt Error: 0.73
2025-03-07 01:11:45,250 - INFO - Pan Angle: 135.0, Tilt Angle: -10.98
2025-03-07 01:11:45,379 - INFO - Time: 1741309905.38s | Pan Error: -14.45, Tilt Error: 0.68
2025-03-07 01:11:45,380 - INFO - Pan Angle: 135.0, Tilt Angle: -10.8
2025-03-07 01:11:45,514 - INFO - Time: 1741309905.51s | Pan Error: -14.36, Tilt Error: 0.81
2025-03-07 01:11:45,514 - INFO - Pan Angle: 135.0, Tilt Angle: -10.62
2025-03-07 01:11:45,648 - INFO - Time: 1741309905.65s | Pan Error: -14.50, Tilt Error: 1.79
2025-03-07 01:11:45,649 - INFO - Pan Angle: 135.0, Tilt Angle: -10.08
2025-03-07 01:11:45,813 - INFO - Time: 1741309905.81s | Pan Error: -15.04, Tilt Error: 6.41
2025-03-07 01:11:45,814 - INFO - Pan Angle: 135.0, Tilt Angle: -8.1
2025-03-07 01:11:46,011 - INFO - Time: 1741309906.01s | Pan Error: -16.01, Tilt Error: 12.06
2025-03-07 01:11:46,012 - INFO - Pan Angle: 135.0, Tilt Angle: -4.5
2025-03-07 01:11:46,213 - INFO - Time: 1741309906.21s | Pan Error: -17.31, Tilt Error: 13.61
2025-03-07 01:11:46,214 - INFO - Pan Angle: 135.0, Tilt Angle: -0.54
2025-03-07 01:11:46,418 - INFO - Time: 1741309906.42s | Pan Error: -17.96, Tilt Error: 10.85
2025-03-07 01:11:46,419 - INFO - Pan Angle: 135.0, Tilt Angle: 2.52
2025-03-07 01:11:46,578 - INFO - Time: 1741309906.58s | Pan Error: -18.65, Tilt Error: 8.09
2025-03-07 01:11:46,579 - INFO - Pan Angle: 135.0, Tilt Angle: 4.86
2025-03-07 01:11:46,737 - INFO - Time: 1741309906.74s | Pan Error: -18.88, Tilt Error: 3.92
2025-03-07 01:11:46,737 - INFO - Pan Angle: 135.0, Tilt Angle: 5.76
2025-03-07 01:11:46,904 - INFO - Time: 1741309906.90s | Pan Error: -18.87, Tilt Error: 1.45
2025-03-07 01:11:46,905 - INFO - Pan Angle: 135.0, Tilt Angle: 6.12
2025-03-07 01:11:47,043 - INFO - Time: 1741309907.04s | Pan Error: -18.99, Tilt Error: 0.47
2025-03-07 01:11:47,044 - INFO - Pan Angle: 135.0, Tilt Angle: 6.12
2025-03-07 01:11:47,169 - INFO - Time: 1741309907.17s | Pan Error: -19.23, Tilt Error: -0.31
2025-03-07 01:11:47,170 - INFO - Pan Angle: 135.0, Tilt Angle: 5.94
2025-03-07 01:11:47,294 - INFO - Time: 1741309907.29s | Pan Error: -19.32, Tilt Error: -0.29
2025-03-07 01:11:47,295 - INFO - Pan Angle: 135.0, Tilt Angle: 5.76
2025-03-07 01:11:47,417 - INFO - Time: 1741309907.42s | Pan Error: -19.41, Tilt Error: -0.36
2025-03-07 01:11:47,418 - INFO - Pan Angle: 135.0, Tilt Angle: 5.58
2025-03-07 01:11:47,544 - INFO - Time: 1741309907.54s | Pan Error: -19.50, Tilt Error: -0.46
2025-03-07 01:11:47,545 - INFO - Pan Angle: 135.0, Tilt Angle: 5.4
2025-03-07 01:11:47,669 - INFO - Time: 1741309907.67s | Pan Error: -19.60, Tilt Error: -0.53
2025-03-07 01:11:47,669 - INFO - Pan Angle: 135.0, Tilt Angle: 5.22
2025-03-07 01:11:47,793 - INFO - Time: 1741309907.79s | Pan Error: -19.68, Tilt Error: -0.56
2025-03-07 01:11:47,793 - INFO - Pan Angle: 135.0, Tilt Angle: 5.04
2025-03-07 01:11:47,914 - INFO - Time: 1741309907.91s | Pan Error: -19.79, Tilt Error: -0.51
2025-03-07 01:11:47,915 - INFO - Pan Angle: 135.0, Tilt Angle: 4.86
2025-03-07 01:11:48,035 - INFO - Time: 1741309908.04s | Pan Error: -19.81, Tilt Error: -0.51
2025-03-07 01:11:48,036 - INFO - Pan Angle: 135.0, Tilt Angle: 4.68
2025-03-07 01:11:48,166 - INFO - Time: 1741309908.17s | Pan Error: -19.80, Tilt Error: -0.51
2025-03-07 01:11:48,167 - INFO - Pan Angle: 135.0, Tilt Angle: 4.5
2025-03-07 01:11:48,297 - INFO - Time: 1741309908.30s | Pan Error: -19.79, Tilt Error: -0.51
2025-03-07 01:11:48,297 - INFO - Pan Angle: 135.0, Tilt Angle: 4.32
2025-03-07 01:11:48,442 - INFO - Time: 1741309908.44s | Pan Error: -19.77, Tilt Error: -0.54
2025-03-07 01:11:48,443 - INFO - Pan Angle: 135.0, Tilt Angle: 4.14
2025-03-07 01:11:48,579 - INFO - Time: 1741309908.58s | Pan Error: -19.60, Tilt Error: -0.81
2025-03-07 01:11:48,580 - INFO - Pan Angle: 135.0, Tilt Angle: 3.78
2025-03-07 01:11:48,703 - INFO - Time: 1741309908.70s | Pan Error: -19.53, Tilt Error: -1.04
2025-03-07 01:11:48,704 - INFO - Pan Angle: 135.0, Tilt Angle: 3.42
2025-03-07 01:11:48,832 - INFO - Time: 1741309908.83s | Pan Error: -19.80, Tilt Error: -0.82
2025-03-07 01:11:48,833 - INFO - Pan Angle: 135.0, Tilt Angle: 3.06
2025-03-07 01:11:48,957 - INFO - Time: 1741309908.96s | Pan Error: -19.87, Tilt Error: 0.30
2025-03-07 01:11:48,958 - INFO - Pan Angle: 135.0, Tilt Angle: 3.06
2025-03-07 01:11:49,080 - INFO - Time: 1741309909.08s | Pan Error: -19.73, Tilt Error: 0.85
2025-03-07 01:11:49,081 - INFO - Pan Angle: 135.0, Tilt Angle: 3.24
2025-03-07 01:11:49,204 - INFO - Time: 1741309909.20s | Pan Error: -19.51, Tilt Error: 0.77
2025-03-07 01:11:49,205 - INFO - Pan Angle: 135.0, Tilt Angle: 3.42
2025-03-07 01:11:49,329 - INFO - Time: 1741309909.33s | Pan Error: -19.44, Tilt Error: 0.67
2025-03-07 01:11:49,330 - INFO - Pan Angle: 135.0, Tilt Angle: 3.6
2025-03-07 01:11:49,453 - INFO - Time: 1741309909.45s | Pan Error: -19.52, Tilt Error: 0.80
2025-03-07 01:11:49,455 - INFO - Pan Angle: 135.0, Tilt Angle: 3.78
2025-03-07 01:11:49,579 - INFO - Time: 1741309909.58s | Pan Error: -19.63, Tilt Error: 0.92
2025-03-07 01:11:49,580 - INFO - Pan Angle: 135.0, Tilt Angle: 3.96
2025-03-07 01:11:49,702 - INFO - Time: 1741309909.70s | Pan Error: -19.63, Tilt Error: 0.91
2025-03-07 01:11:49,703 - INFO - Pan Angle: 135.0, Tilt Angle: 4.14
2025-03-07 01:11:49,828 - INFO - Time: 1741309909.83s | Pan Error: -19.48, Tilt Error: 0.88
2025-03-07 01:11:49,829 - INFO - Pan Angle: 135.0, Tilt Angle: 4.32
2025-03-07 01:11:49,957 - INFO - Time: 1741309909.96s | Pan Error: -19.51, Tilt Error: 0.80
2025-03-07 01:11:49,958 - INFO - Pan Angle: 135.0, Tilt Angle: 4.5
2025-03-07 01:11:50,081 - INFO - Time: 1741309910.08s | Pan Error: -19.41, Tilt Error: 0.69
2025-03-07 01:11:50,081 - INFO - Pan Angle: 135.0, Tilt Angle: 4.68
2025-03-07 01:11:50,204 - INFO - Time: 1741309910.20s | Pan Error: -19.43, Tilt Error: 0.64
2025-03-07 01:11:50,205 - INFO - Pan Angle: 135.0, Tilt Angle: 4.86
2025-03-07 01:11:50,328 - INFO - Time: 1741309910.33s | Pan Error: -19.46, Tilt Error: 0.67
2025-03-07 01:11:50,329 - INFO - Pan Angle: 135.0, Tilt Angle: 5.04
2025-03-07 01:11:50,457 - INFO - Time: 1741309910.46s | Pan Error: -19.45, Tilt Error: 0.55
2025-03-07 01:11:50,458 - INFO - Pan Angle: 135.0, Tilt Angle: 5.04
2025-03-07 01:11:50,587 - INFO - Time: 1741309910.59s | Pan Error: -19.31, Tilt Error: 0.26
2025-03-07 01:11:50,588 - INFO - Pan Angle: 135.0, Tilt Angle: 5.04
2025-03-07 01:11:50,713 - INFO - Time: 1741309910.71s | Pan Error: -18.55, Tilt Error: -2.21
2025-03-07 01:11:50,714 - INFO - Pan Angle: 135.0, Tilt Angle: 4.32
2025-03-07 01:11:52,164 - INFO - Time: 1741309912.16s | Pan Error: -16.67, Tilt Error: -16.58
2025-03-07 01:11:52,165 - INFO - Pan Angle: 135.0, Tilt Angle: -1.08
2025-03-07 01:11:52,318 - INFO - Time: 1741309912.32s | Pan Error: -17.24, Tilt Error: -14.75
2025-03-07 01:11:52,320 - INFO - Pan Angle: 135.0, Tilt Angle: -5.58
2025-03-07 01:11:52,443 - INFO - Time: 1741309912.44s | Pan Error: -17.48, Tilt Error: -10.29
2025-03-07 01:11:52,444 - INFO - Pan Angle: 135.0, Tilt Angle: -8.64
2025-03-07 01:11:52,564 - INFO - Time: 1741309912.56s | Pan Error: -17.73, Tilt Error: -4.63
2025-03-07 01:11:52,565 - INFO - Pan Angle: 135.0, Tilt Angle: -10.08
2025-03-07 01:11:52,687 - INFO - Time: 1741309912.69s | Pan Error: -17.83, Tilt Error: -0.32
2025-03-07 01:11:52,688 - INFO - Pan Angle: 135.0, Tilt Angle: -10.26
2025-03-07 01:11:52,811 - INFO - Time: 1741309912.81s | Pan Error: -17.98, Tilt Error: 0.49
2025-03-07 01:11:52,812 - INFO - Pan Angle: 135.0, Tilt Angle: -10.26
2025-03-07 01:11:52,940 - INFO - Time: 1741309912.94s | Pan Error: -18.00, Tilt Error: 0.58
2025-03-07 01:11:52,941 - INFO - Pan Angle: 135.0, Tilt Angle: -10.26
2025-03-07 01:11:53,072 - INFO - Time: 1741309913.07s | Pan Error: -18.02, Tilt Error: 0.66
2025-03-07 01:11:53,074 - INFO - Pan Angle: 135.0, Tilt Angle: -10.08
2025-03-07 01:11:53,196 - INFO - Time: 1741309913.20s | Pan Error: -18.09, Tilt Error: 0.66
2025-03-07 01:11:53,197 - INFO - Pan Angle: 135.0, Tilt Angle: -9.9
2025-03-07 01:11:53,322 - INFO - Time: 1741309913.32s | Pan Error: -18.05, Tilt Error: 0.64
2025-03-07 01:11:53,322 - INFO - Pan Angle: 135.0, Tilt Angle: -9.72
2025-03-07 01:11:53,444 - INFO - Time: 1741309913.44s | Pan Error: -17.95, Tilt Error: 0.59
2025-03-07 01:11:53,445 - INFO - Pan Angle: 135.0, Tilt Angle: -9.72
2025-03-07 01:11:53,568 - INFO - Time: 1741309913.57s | Pan Error: -18.01, Tilt Error: 0.62
2025-03-07 01:11:53,568 - INFO - Pan Angle: 135.0, Tilt Angle: -9.54
2025-03-07 01:11:53,691 - INFO - Time: 1741309913.69s | Pan Error: -17.96, Tilt Error: -0.41
2025-03-07 01:11:53,692 - INFO - Pan Angle: 135.0, Tilt Angle: -9.72
2025-03-07 01:11:53,832 - INFO - Time: 1741309913.83s | Pan Error: -17.43, Tilt Error: -3.69
2025-03-07 01:11:53,833 - INFO - Pan Angle: 135.0, Tilt Angle: -10.98
2025-03-07 01:11:53,961 - INFO - Time: 1741309913.96s | Pan Error: -16.19, Tilt Error: -9.30
2025-03-07 01:11:53,962 - INFO - Pan Angle: 135.0, Tilt Angle: -13.86
2025-03-07 01:11:54,086 - INFO - Time: 1741309914.09s | Pan Error: -15.71, Tilt Error: -9.93
2025-03-07 01:11:54,087 - INFO - Pan Angle: 135.0, Tilt Angle: -16.92
2025-03-07 01:11:54,342 - INFO - Time: 1741309914.34s | Pan Error: -16.01, Tilt Error: -6.47
2025-03-07 01:11:54,343 - INFO - Pan Angle: 135.0, Tilt Angle: -18.9
2025-03-07 01:11:54,466 - INFO - Time: 1741309914.47s | Pan Error: -16.15, Tilt Error: -6.21
2025-03-07 01:11:54,467 - INFO - Pan Angle: 135.0, Tilt Angle: -20.88
2025-03-07 01:11:54,594 - INFO - Time: 1741309914.59s | Pan Error: -16.12, Tilt Error: -4.55
2025-03-07 01:11:54,595 - INFO - Pan Angle: 135.0, Tilt Angle: -22.32
2025-03-07 01:11:54,737 - INFO - Time: 1741309914.74s | Pan Error: -16.36, Tilt Error: -1.73
2025-03-07 01:11:54,738 - INFO - Pan Angle: 135.0, Tilt Angle: -22.86
2025-03-07 01:11:54,879 - INFO - Time: 1741309914.88s | Pan Error: -16.44, Tilt Error: -0.22
2025-03-07 01:11:54,880 - INFO - Pan Angle: 135.0, Tilt Angle: -23.04
2025-03-07 01:11:55,003 - INFO - Time: 1741309915.00s | Pan Error: -16.43, Tilt Error: -0.31
2025-03-07 01:11:55,003 - INFO - Pan Angle: 135.0, Tilt Angle: -23.22
2025-03-07 01:11:55,133 - INFO - Time: 1741309915.13s | Pan Error: -16.46, Tilt Error: 0.90
2025-03-07 01:11:55,134 - INFO - Pan Angle: 135.0, Tilt Angle: -23.04
2025-03-07 01:11:55,205 - INFO - Stream stats - Frame: 600, Size: 194272 bytes, Clients: 1
2025-03-07 01:11:55,259 - INFO - Time: 1741309915.26s | Pan Error: -16.55, Tilt Error: 0.95
2025-03-07 01:11:55,263 - INFO - Pan Angle: 135.0, Tilt Angle: -22.86
2025-03-07 01:11:55,394 - INFO - Time: 1741309915.39s | Pan Error: -16.55, Tilt Error: 0.86
2025-03-07 01:11:55,395 - INFO - Pan Angle: 135.0, Tilt Angle: -22.68
2025-03-07 01:11:55,523 - INFO - Time: 1741309915.52s | Pan Error: -16.59, Tilt Error: 0.81
2025-03-07 01:11:55,524 - INFO - Pan Angle: 135.0, Tilt Angle: -22.5
2025-03-07 01:11:55,650 - INFO - Time: 1741309915.65s | Pan Error: -16.58, Tilt Error: 0.73
2025-03-07 01:11:55,651 - INFO - Pan Angle: 135.0, Tilt Angle: -22.32
2025-03-07 01:11:55,772 - INFO - Time: 1741309915.77s | Pan Error: -16.51, Tilt Error: 0.59
2025-03-07 01:11:55,773 - INFO - Pan Angle: 135.0, Tilt Angle: -22.32
2025-03-07 01:11:55,898 - INFO - Time: 1741309915.90s | Pan Error: -16.48, Tilt Error: 0.61
2025-03-07 01:11:55,899 - INFO - Pan Angle: 135.0, Tilt Angle: -22.14
2025-03-07 01:11:56,024 - INFO - Time: 1741309916.02s | Pan Error: -16.51, Tilt Error: 0.68
2025-03-07 01:11:56,025 - INFO - Pan Angle: 135.0, Tilt Angle: -21.96
2025-03-07 01:11:56,151 - INFO - Time: 1741309916.15s | Pan Error: -16.43, Tilt Error: 0.72
2025-03-07 01:11:56,152 - INFO - Pan Angle: 135.0, Tilt Angle: -21.78
2025-03-07 01:11:56,277 - INFO - Time: 1741309916.28s | Pan Error: -16.43, Tilt Error: 0.93
2025-03-07 01:11:56,278 - INFO - Pan Angle: 135.0, Tilt Angle: -21.6
2025-03-07 01:11:56,424 - INFO - Time: 1741309916.42s | Pan Error: -16.40, Tilt Error: 0.97
2025-03-07 01:11:56,425 - INFO - Pan Angle: 135.0, Tilt Angle: -21.42
2025-03-07 01:11:56,554 - INFO - Time: 1741309916.55s | Pan Error: -16.31, Tilt Error: 0.93
2025-03-07 01:11:56,555 - INFO - Pan Angle: 135.0, Tilt Angle: -21.24
2025-03-07 01:11:56,676 - INFO - Time: 1741309916.68s | Pan Error: -16.34, Tilt Error: 1.07
2025-03-07 01:11:56,677 - INFO - Pan Angle: 135.0, Tilt Angle: -21.06
2025-03-07 01:11:56,799 - INFO - Time: 1741309916.80s | Pan Error: -16.55, Tilt Error: 2.21
2025-03-07 01:11:56,800 - INFO - Pan Angle: 135.0, Tilt Angle: -20.52
2025-03-07 01:11:58,050 - INFO - Time: 1741309918.05s | Pan Error: -20.82, Tilt Error: 18.65
2025-03-07 01:11:58,051 - INFO - Pan Angle: 135.0, Tilt Angle: -14.76
2025-03-07 01:11:58,246 - INFO - Time: 1741309918.25s | Pan Error: -20.34, Tilt Error: 16.89
2025-03-07 01:11:58,247 - INFO - Pan Angle: 135.0, Tilt Angle: -9.72
2025-03-07 01:11:58,385 - INFO - Time: 1741309918.39s | Pan Error: -20.25, Tilt Error: 8.85
2025-03-07 01:11:58,386 - INFO - Pan Angle: 135.0, Tilt Angle: -7.2
2025-03-07 01:11:58,667 - INFO - Time: 1741309918.67s | Pan Error: -20.32, Tilt Error: 0.01
2025-03-07 01:11:58,668 - INFO - Pan Angle: 135.0, Tilt Angle: -7.38
2025-03-07 01:11:58,796 - INFO - Time: 1741309918.80s | Pan Error: -20.34, Tilt Error: 0.08
2025-03-07 01:11:58,796 - INFO - Pan Angle: 135.0, Tilt Angle: -7.38
2025-03-07 01:11:58,918 - INFO - Time: 1741309918.92s | Pan Error: -20.41, Tilt Error: 0.36
2025-03-07 01:11:58,919 - INFO - Pan Angle: 135.0, Tilt Angle: -7.38
2025-03-07 01:11:59,045 - INFO - Time: 1741309919.05s | Pan Error: -20.46, Tilt Error: 0.42
2025-03-07 01:11:59,046 - INFO - Pan Angle: 135.0, Tilt Angle: -7.38
2025-03-07 01:11:59,168 - INFO - Time: 1741309919.17s | Pan Error: -20.59, Tilt Error: 0.48
2025-03-07 01:11:59,169 - INFO - Pan Angle: 135.0, Tilt Angle: -7.38
2025-03-07 01:11:59,297 - INFO - Time: 1741309919.30s | Pan Error: -20.65, Tilt Error: 0.58
2025-03-07 01:11:59,298 - INFO - Pan Angle: 135.0, Tilt Angle: -7.38
2025-03-07 01:11:59,425 - INFO - Time: 1741309919.43s | Pan Error: -20.75, Tilt Error: 0.58
2025-03-07 01:11:59,426 - INFO - Pan Angle: 135.0, Tilt Angle: -7.38
2025-03-07 01:11:59,554 - INFO - Time: 1741309919.55s | Pan Error: -20.77, Tilt Error: 0.56
2025-03-07 01:11:59,555 - INFO - Pan Angle: 135.0, Tilt Angle: -7.38
2025-03-07 01:11:59,686 - INFO - Time: 1741309919.69s | Pan Error: -20.81, Tilt Error: 0.51
2025-03-07 01:11:59,687 - INFO - Pan Angle: 135.0, Tilt Angle: -7.38
2025-03-07 01:11:59,812 - INFO - Time: 1741309919.81s | Pan Error: -20.86, Tilt Error: 0.51
2025-03-07 01:11:59,814 - INFO - Pan Angle: 135.0, Tilt Angle: -7.38
2025-03-07 01:11:59,935 - INFO - Time: 1741309919.94s | Pan Error: -20.95, Tilt Error: 0.47
2025-03-07 01:11:59,936 - INFO - Pan Angle: 135.0, Tilt Angle: -7.38
2025-03-07 01:12:00,066 - INFO - Time: 1741309920.07s | Pan Error: -20.86, Tilt Error: 0.42
2025-03-07 01:12:00,066 - INFO - Pan Angle: 135.0, Tilt Angle: -7.38
2025-03-07 01:12:00,195 - INFO - Time: 1741309920.20s | Pan Error: -20.75, Tilt Error: 0.36
2025-03-07 01:12:00,196 - INFO - Pan Angle: 135.0, Tilt Angle: -7.38
2025-03-07 01:12:00,344 - INFO - Time: 1741309920.34s | Pan Error: -20.60, Tilt Error: 0.36
2025-03-07 01:12:00,345 - INFO - Pan Angle: 135.0, Tilt Angle: -7.38
2025-03-07 01:12:00,475 - INFO - Time: 1741309920.48s | Pan Error: -20.66, Tilt Error: 0.39
2025-03-07 01:12:00,476 - INFO - Pan Angle: 135.0, Tilt Angle: -7.38
2025-03-07 01:12:00,602 - INFO - Time: 1741309920.60s | Pan Error: -20.62, Tilt Error: 0.36
2025-03-07 01:12:00,604 - INFO - Pan Angle: 135.0, Tilt Angle: -7.38
2025-03-07 01:12:00,726 - INFO - Time: 1741309920.73s | Pan Error: -20.64, Tilt Error: 0.29
2025-03-07 01:12:00,727 - INFO - Pan Angle: 135.0, Tilt Angle: -7.38
2025-03-07 01:12:00,850 - INFO - Time: 1741309920.85s | Pan Error: -20.83, Tilt Error: 0.38
2025-03-07 01:12:00,851 - INFO - Pan Angle: 135.0, Tilt Angle: -7.38
2025-03-07 01:12:00,974 - INFO - Time: 1741309920.97s | Pan Error: -21.00, Tilt Error: 0.70
2025-03-07 01:12:00,975 - INFO - Pan Angle: 135.0, Tilt Angle: -7.2
2025-03-07 01:12:01,108 - INFO - Time: 1741309921.11s | Pan Error: -21.24, Tilt Error: 0.85
2025-03-07 01:12:01,109 - INFO - Pan Angle: 135.0, Tilt Angle: -7.02
2025-03-07 01:12:01,233 - INFO - Time: 1741309921.23s | Pan Error: -21.14, Tilt Error: 0.56
2025-03-07 01:12:01,234 - INFO - Pan Angle: 135.0, Tilt Angle: -7.02
2025-03-07 01:12:01,358 - INFO - Time: 1741309921.36s | Pan Error: -21.21, Tilt Error: 0.46
2025-03-07 01:12:01,359 - INFO - Pan Angle: 135.0, Tilt Angle: -7.02
2025-03-07 01:12:01,484 - INFO - Time: 1741309921.48s | Pan Error: -21.19, Tilt Error: 0.39
2025-03-07 01:12:01,485 - INFO - Pan Angle: 135.0, Tilt Angle: -7.02
2025-03-07 01:12:01,607 - INFO - Time: 1741309921.61s | Pan Error: -21.19, Tilt Error: 0.53
2025-03-07 01:12:01,608 - INFO - Pan Angle: 135.0, Tilt Angle: -7.02
2025-03-07 01:12:01,733 - INFO - Time: 1741309921.73s | Pan Error: -20.94, Tilt Error: 0.39
2025-03-07 01:12:01,734 - INFO - Pan Angle: 135.0, Tilt Angle: -7.02
2025-03-07 01:12:01,866 - INFO - Time: 1741309921.87s | Pan Error: -20.79, Tilt Error: 0.36
2025-03-07 01:12:01,866 - INFO - Pan Angle: 135.0, Tilt Angle: -7.02
2025-03-07 01:12:01,994 - INFO - Time: 1741309921.99s | Pan Error: -20.75, Tilt Error: 0.46
2025-03-07 01:12:01,994 - INFO - Pan Angle: 135.0, Tilt Angle: -7.02
2025-03-07 01:12:02,127 - INFO - Time: 1741309922.13s | Pan Error: -20.52, Tilt Error: 0.32
2025-03-07 01:12:02,127 - INFO - Pan Angle: 135.0, Tilt Angle: -7.02
2025-03-07 01:12:02,253 - INFO - Time: 1741309922.25s | Pan Error: -20.36, Tilt Error: -0.45
2025-03-07 01:12:02,254 - INFO - Pan Angle: 135.0, Tilt Angle: -7.2
2025-03-07 01:12:02,632 - INFO - Time: 1741309922.63s | Pan Error: -18.76, Tilt Error: -16.44
2025-03-07 01:12:02,632 - INFO - Pan Angle: 135.0, Tilt Angle: -12.42
2025-03-07 01:12:02,764 - INFO - Time: 1741309922.76s | Pan Error: -19.04, Tilt Error: -17.08
2025-03-07 01:12:02,765 - INFO - Pan Angle: 135.0, Tilt Angle: -17.64
2025-03-07 01:12:02,887 - INFO - Time: 1741309922.89s | Pan Error: -19.17, Tilt Error: -13.20
2025-03-07 01:12:02,887 - INFO - Pan Angle: 135.0, Tilt Angle: -21.6
2025-03-07 01:12:03,027 - INFO - Time: 1741309923.03s | Pan Error: -19.19, Tilt Error: -6.93
2025-03-07 01:12:03,027 - INFO - Pan Angle: 135.0, Tilt Angle: -23.76
2025-03-07 01:12:03,154 - INFO - Time: 1741309923.15s | Pan Error: -19.62, Tilt Error: -3.25
2025-03-07 01:12:03,155 - INFO - Pan Angle: 135.0, Tilt Angle: -24.84
2025-03-07 01:12:03,287 - INFO - Time: 1741309923.29s | Pan Error: -19.64, Tilt Error: -1.01
2025-03-07 01:12:03,288 - INFO - Pan Angle: 135.0, Tilt Angle: -25.2
2025-03-07 01:12:03,411 - INFO - Time: 1741309923.41s | Pan Error: -19.66, Tilt Error: 0.26
2025-03-07 01:12:03,412 - INFO - Pan Angle: 135.0, Tilt Angle: -25.2
2025-03-07 01:12:03,535 - INFO - Time: 1741309923.54s | Pan Error: -19.63, Tilt Error: 0.40
2025-03-07 01:12:03,536 - INFO - Pan Angle: 135.0, Tilt Angle: -25.2
2025-03-07 01:12:03,666 - INFO - Time: 1741309923.67s | Pan Error: -19.72, Tilt Error: 0.37
2025-03-07 01:12:03,667 - INFO - Pan Angle: 135.0, Tilt Angle: -25.2
2025-03-07 01:12:03,798 - INFO - Time: 1741309923.80s | Pan Error: -19.71, Tilt Error: 0.36
2025-03-07 01:12:03,799 - INFO - Pan Angle: 135.0, Tilt Angle: -25.2
2025-03-07 01:12:03,929 - INFO - Time: 1741309923.93s | Pan Error: -19.71, Tilt Error: 0.67
2025-03-07 01:12:03,930 - INFO - Pan Angle: 135.0, Tilt Angle: -25.02
2025-03-07 01:12:04,063 - INFO - Time: 1741309924.06s | Pan Error: -20.10, Tilt Error: 3.13
2025-03-07 01:12:04,064 - INFO - Pan Angle: 135.0, Tilt Angle: -24.12
2025-03-07 01:12:04,192 - INFO - Time: 1741309924.19s | Pan Error: -20.86, Tilt Error: 8.61
2025-03-07 01:12:04,192 - INFO - Pan Angle: 135.0, Tilt Angle: -21.6
2025-03-07 01:12:04,318 - INFO - Time: 1741309924.32s | Pan Error: -21.71, Tilt Error: 13.05
2025-03-07 01:12:04,319 - INFO - Pan Angle: 135.0, Tilt Angle: -17.64
2025-03-07 01:12:04,445 - INFO - Time: 1741309924.45s | Pan Error: -22.52, Tilt Error: 15.54
2025-03-07 01:12:04,445 - INFO - Pan Angle: 135.0, Tilt Angle: -12.96
2025-03-07 01:12:04,570 - INFO - Time: 1741309924.57s | Pan Error: -22.93, Tilt Error: 13.80
2025-03-07 01:12:04,570 - INFO - Pan Angle: 135.0, Tilt Angle: -9.0
2025-03-07 01:12:04,714 - INFO - Time: 1741309924.71s | Pan Error: -23.27, Tilt Error: 9.88
2025-03-07 01:12:04,715 - INFO - Pan Angle: 135.0, Tilt Angle: -6.12
2025-03-07 01:12:04,841 - INFO - Time: 1741309924.84s | Pan Error: -23.56, Tilt Error: 5.35
2025-03-07 01:12:04,843 - INFO - Pan Angle: 135.0, Tilt Angle: -4.68
2025-03-07 01:12:04,971 - INFO - Time: 1741309924.97s | Pan Error: -23.63, Tilt Error: 2.48
2025-03-07 01:12:04,972 - INFO - Pan Angle: 135.0, Tilt Angle: -4.14
2025-03-07 01:12:05,102 - INFO - Time: 1741309925.10s | Pan Error: -23.64, Tilt Error: 0.79
2025-03-07 01:12:05,103 - INFO - Pan Angle: 135.0, Tilt Angle: -3.96
2025-03-07 01:12:05,198 - INFO - Stream stats - Frame: 900, Size: 185919 bytes, Clients: 1
2025-03-07 01:12:05,231 - INFO - Time: 1741309925.23s | Pan Error: -23.78, Tilt Error: 0.65
2025-03-07 01:12:05,232 - INFO - Pan Angle: 135.0, Tilt Angle: -3.78
2025-03-07 01:12:05,360 - INFO - Time: 1741309925.36s | Pan Error: -23.98, Tilt Error: 0.17
2025-03-07 01:12:05,361 - INFO - Pan Angle: 135.0, Tilt Angle: -3.78
2025-03-07 01:12:05,490 - INFO - Time: 1741309925.49s | Pan Error: -23.97, Tilt Error: -0.47
2025-03-07 01:12:05,490 - INFO - Pan Angle: 135.0, Tilt Angle: -3.96
2025-03-07 01:12:05,622 - INFO - Time: 1741309925.62s | Pan Error: -23.72, Tilt Error: -3.15
2025-03-07 01:12:05,623 - INFO - Pan Angle: 135.0, Tilt Angle: -5.04
2025-03-07 01:12:05,867 - INFO - Time: 1741309925.87s | Pan Error: -22.02, Tilt Error: -16.71
2025-03-07 01:12:05,868 - INFO - Pan Angle: 135.0, Tilt Angle: -10.26
2025-03-07 01:12:07,122 - INFO - Time: 1741309927.12s | Pan Error: -22.53, Tilt Error: -14.96
2025-03-07 01:12:07,123 - INFO - Pan Angle: 135.0, Tilt Angle: -14.76
2025-03-07 01:12:07,365 - INFO - Time: 1741309927.37s | Pan Error: -24.66, Tilt Error: 4.73
2025-03-07 01:12:07,366 - INFO - Pan Angle: 135.0, Tilt Angle: -13.32
2025-03-07 01:12:07,497 - INFO - Time: 1741309927.50s | Pan Error: -25.51, Tilt Error: 8.68
2025-03-07 01:12:07,498 - INFO - Pan Angle: 135.0, Tilt Angle: -10.8
2025-03-07 01:12:07,627 - INFO - Time: 1741309927.63s | Pan Error: -25.72, Tilt Error: 10.23
2025-03-07 01:12:07,627 - INFO - Pan Angle: 135.0, Tilt Angle: -7.74
2025-03-07 01:12:07,766 - INFO - Time: 1741309927.77s | Pan Error: -25.83, Tilt Error: 8.14
2025-03-07 01:12:07,767 - INFO - Pan Angle: 135.0, Tilt Angle: -5.4
2025-03-07 01:12:07,893 - INFO - Time: 1741309927.89s | Pan Error: -25.98, Tilt Error: 5.38
2025-03-07 01:12:07,893 - INFO - Pan Angle: 135.0, Tilt Angle: -3.96
2025-03-07 01:12:08,024 - INFO - Time: 1741309928.02s | Pan Error: -26.03, Tilt Error: 1.94
2025-03-07 01:12:08,025 - INFO - Pan Angle: 135.0, Tilt Angle: -3.42
2025-03-07 01:12:08,154 - INFO - Time: 1741309928.15s | Pan Error: -25.96, Tilt Error: 0.91
2025-03-07 01:12:08,154 - INFO - Pan Angle: 135.0, Tilt Angle: -3.24
2025-03-07 01:12:08,285 - INFO - Time: 1741309928.29s | Pan Error: -26.04, Tilt Error: 0.26
2025-03-07 01:12:08,286 - INFO - Pan Angle: 135.0, Tilt Angle: -3.24
2025-03-07 01:12:08,414 - INFO - Time: 1741309928.41s | Pan Error: -26.06, Tilt Error: 0.21
2025-03-07 01:12:08,415 - INFO - Pan Angle: 135.0, Tilt Angle: -3.24
2025-03-07 01:12:08,545 - INFO - Time: 1741309928.54s | Pan Error: -26.11, Tilt Error: 0.15
2025-03-07 01:12:08,545 - INFO - Pan Angle: 135.0, Tilt Angle: -3.24
2025-03-07 01:12:08,694 - INFO - Time: 1741309928.69s | Pan Error: -26.21, Tilt Error: 0.24
2025-03-07 01:12:08,695 - INFO - Pan Angle: 135.0, Tilt Angle: -3.24
2025-03-07 01:12:08,832 - INFO - Time: 1741309928.83s | Pan Error: -26.35, Tilt Error: 0.15
2025-03-07 01:12:08,833 - INFO - Pan Angle: 135.0, Tilt Angle: -3.24
2025-03-07 01:12:09,035 - INFO - Time: 1741309929.04s | Pan Error: -26.32, Tilt Error: -0.13
2025-03-07 01:12:09,036 - INFO - Pan Angle: 135.0, Tilt Angle: -3.42
2025-03-07 01:12:09,232 - INFO - Time: 1741309929.23s | Pan Error: -26.18, Tilt Error: -0.46
2025-03-07 01:12:09,233 - INFO - Pan Angle: 135.0, Tilt Angle: -3.6
2025-03-07 01:12:09,407 - INFO - Time: 1741309929.41s | Pan Error: -25.97, Tilt Error: -0.80
2025-03-07 01:12:09,408 - INFO - Pan Angle: 135.0, Tilt Angle: -3.96
2025-03-07 01:12:09,546 - INFO - Time: 1741309929.55s | Pan Error: -25.51, Tilt Error: -1.50
2025-03-07 01:12:09,547 - INFO - Pan Angle: 135.0, Tilt Angle: -4.5
2025-03-07 01:12:09,689 - INFO - Time: 1741309929.69s | Pan Error: -24.98, Tilt Error: -2.32
2025-03-07 01:12:09,690 - INFO - Pan Angle: 135.0, Tilt Angle: -5.22
2025-03-07 01:12:09,828 - INFO - Time: 1741309929.83s | Pan Error: -24.53, Tilt Error: -2.83
2025-03-07 01:12:09,829 - INFO - Pan Angle: 135.0, Tilt Angle: -6.12
2025-03-07 01:12:09,973 - INFO - Time: 1741309929.97s | Pan Error: -24.52, Tilt Error: -3.00
2025-03-07 01:12:09,974 - INFO - Pan Angle: 135.0, Tilt Angle: -7.02
2025-03-07 01:12:10,101 - INFO - Time: 1741309930.10s | Pan Error: -24.06, Tilt Error: -3.50
2025-03-07 01:12:10,102 - INFO - Pan Angle: 135.0, Tilt Angle: -8.1
2025-03-07 01:12:10,349 - INFO - Time: 1741309930.35s | Pan Error: -22.10, Tilt Error: -8.12
2025-03-07 01:12:10,350 - INFO - Pan Angle: 135.0, Tilt Angle: -10.62
2025-03-07 01:12:10,491 - INFO - Time: 1741309930.49s | Pan Error: -21.43, Tilt Error: -12.55
2025-03-07 01:12:10,493 - INFO - Pan Angle: 135.0, Tilt Angle: -14.58
2025-03-07 01:12:10,618 - INFO - Time: 1741309930.62s | Pan Error: -21.13, Tilt Error: -13.03
2025-03-07 01:12:10,619 - INFO - Pan Angle: 135.0, Tilt Angle: -18.54
2025-03-07 01:12:10,752 - INFO - Time: 1741309930.75s | Pan Error: -21.24, Tilt Error: -10.27
2025-03-07 01:12:10,753 - INFO - Pan Angle: 135.0, Tilt Angle: -21.6
2025-03-07 01:12:10,878 - INFO - Time: 1741309930.88s | Pan Error: -21.22, Tilt Error: -7.17
2025-03-07 01:12:10,879 - INFO - Pan Angle: 135.0, Tilt Angle: -23.76
2025-03-07 01:12:11,016 - INFO - Time: 1741309931.02s | Pan Error: -21.13, Tilt Error: -3.83
2025-03-07 01:12:11,017 - INFO - Pan Angle: 135.0, Tilt Angle: -25.02
2025-03-07 01:12:11,145 - INFO - Time: 1741309931.15s | Pan Error: -21.42, Tilt Error: -1.58
2025-03-07 01:12:11,146 - INFO - Pan Angle: 135.0, Tilt Angle: -25.56
2025-03-07 01:12:11,276 - INFO - Time: 1741309931.28s | Pan Error: -21.40, Tilt Error: -0.34
2025-03-07 01:12:11,277 - INFO - Pan Angle: 135.0, Tilt Angle: -25.74
2025-03-07 01:12:11,423 - INFO - Time: 1741309931.42s | Pan Error: -21.49, Tilt Error: 0.24
2025-03-07 01:12:11,424 - INFO - Pan Angle: 135.0, Tilt Angle: -25.74
2025-03-07 01:12:11,564 - INFO - Time: 1741309931.56s | Pan Error: -21.42, Tilt Error: 0.89
2025-03-07 01:12:11,565 - INFO - Pan Angle: 135.0, Tilt Angle: -25.56
2025-03-07 01:12:11,691 - INFO - Time: 1741309931.69s | Pan Error: -21.44, Tilt Error: 0.95
2025-03-07 01:12:11,693 - INFO - Pan Angle: 135.0, Tilt Angle: -25.38
2025-03-07 01:12:11,828 - INFO - Time: 1741309931.83s | Pan Error: -21.51, Tilt Error: 1.08
2025-03-07 01:12:11,829 - INFO - Pan Angle: 135.0, Tilt Angle: -25.2
2025-03-07 01:12:11,960 - INFO - Time: 1741309931.96s | Pan Error: -21.55, Tilt Error: 4.02
2025-03-07 01:12:11,961 - INFO - Pan Angle: 135.0, Tilt Angle: -24.12
2025-03-07 01:12:12,093 - INFO - Time: 1741309932.09s | Pan Error: -22.30, Tilt Error: 10.43
2025-03-07 01:12:12,094 - INFO - Pan Angle: 135.0, Tilt Angle: -21.06
2025-03-07 01:12:12,227 - INFO - Time: 1741309932.23s | Pan Error: -22.96, Tilt Error: 15.43
2025-03-07 01:12:12,228 - INFO - Pan Angle: 135.0, Tilt Angle: -16.56
2025-03-07 01:12:12,354 - INFO - Time: 1741309932.35s | Pan Error: -23.63, Tilt Error: 15.44
2025-03-07 01:12:12,355 - INFO - Pan Angle: 135.0, Tilt Angle: -12.06
2025-03-07 01:12:12,491 - INFO - Time: 1741309932.49s | Pan Error: -23.93, Tilt Error: 11.64
2025-03-07 01:12:12,492 - INFO - Pan Angle: 135.0, Tilt Angle: -8.64
2025-03-07 01:12:12,622 - INFO - Time: 1741309932.62s | Pan Error: -24.09, Tilt Error: 7.22
2025-03-07 01:12:12,623 - INFO - Pan Angle: 135.0, Tilt Angle: -6.66
2025-03-07 01:12:12,752 - INFO - Time: 1741309932.75s | Pan Error: -24.04, Tilt Error: 2.63
2025-03-07 01:12:12,753 - INFO - Pan Angle: 135.0, Tilt Angle: -5.94
2025-03-07 01:12:12,881 - INFO - Time: 1741309932.88s | Pan Error: -24.15, Tilt Error: 0.55
2025-03-07 01:12:12,882 - INFO - Pan Angle: 135.0, Tilt Angle: -5.94
2025-03-07 01:12:13,015 - INFO - Time: 1741309933.02s | Pan Error: -24.21, Tilt Error: -0.15
2025-03-07 01:12:13,016 - INFO - Pan Angle: 135.0, Tilt Angle: -6.12
2025-03-07 01:12:13,146 - INFO - Time: 1741309933.15s | Pan Error: -24.13, Tilt Error: -0.27
2025-03-07 01:12:13,147 - INFO - Pan Angle: 135.0, Tilt Angle: -6.3
2025-03-07 01:12:13,274 - INFO - Time: 1741309933.27s | Pan Error: -24.12, Tilt Error: -0.29
2025-03-07 01:12:13,276 - INFO - Pan Angle: 135.0, Tilt Angle: -6.48
2025-03-07 01:12:13,405 - INFO - Time: 1741309933.41s | Pan Error: -24.18, Tilt Error: -0.23
2025-03-07 01:12:13,407 - INFO - Pan Angle: 135.0, Tilt Angle: -6.66
2025-03-07 01:12:13,534 - INFO - Time: 1741309933.53s | Pan Error: -24.11, Tilt Error: -2.56
2025-03-07 01:12:13,536 - INFO - Pan Angle: 135.0, Tilt Angle: -7.56
2025-03-07 01:12:13,657 - INFO - Time: 1741309933.66s | Pan Error: -23.51, Tilt Error: -7.89
2025-03-07 01:12:13,658 - INFO - Pan Angle: 135.0, Tilt Angle: -10.08
2025-03-07 01:12:13,794 - INFO - Time: 1741309933.79s | Pan Error: -22.90, Tilt Error: -13.89
2025-03-07 01:12:13,795 - INFO - Pan Angle: 135.0, Tilt Angle: -14.4
2025-03-07 01:12:13,918 - INFO - Time: 1741309933.92s | Pan Error: -22.65, Tilt Error: -15.82
2025-03-07 01:12:13,919 - INFO - Pan Angle: 135.0, Tilt Angle: -19.26
2025-03-07 01:12:14,059 - INFO - Time: 1741309934.06s | Pan Error: -22.49, Tilt Error: -13.38
2025-03-07 01:12:14,061 - INFO - Pan Angle: 135.0, Tilt Angle: -23.4
2025-03-07 01:12:14,193 - INFO - Time: 1741309934.19s | Pan Error: -22.98, Tilt Error: -9.68
2025-03-07 01:12:14,194 - INFO - Pan Angle: 135.0, Tilt Angle: -26.28
2025-03-07 01:12:14,348 - INFO - Time: 1741309934.35s | Pan Error: -23.11, Tilt Error: -4.82
2025-03-07 01:12:14,349 - INFO - Pan Angle: 135.0, Tilt Angle: -27.72
2025-03-07 01:12:14,507 - INFO - Time: 1741309934.51s | Pan Error: -23.32, Tilt Error: -1.25
2025-03-07 01:12:14,509 - INFO - Pan Angle: 135.0, Tilt Angle: -28.08
2025-03-07 01:12:14,639 - INFO - Time: 1741309934.64s | Pan Error: -23.35, Tilt Error: 0.28
2025-03-07 01:12:14,640 - INFO - Pan Angle: 135.0, Tilt Angle: -28.08
2025-03-07 01:12:14,770 - INFO - Time: 1741309934.77s | Pan Error: -23.36, Tilt Error: 0.73
2025-03-07 01:12:14,771 - INFO - Pan Angle: 135.0, Tilt Angle: -27.9
2025-03-07 01:12:14,896 - INFO - Time: 1741309934.90s | Pan Error: -23.43, Tilt Error: 1.86
2025-03-07 01:12:14,897 - INFO - Pan Angle: 135.0, Tilt Angle: -27.36
2025-03-07 01:12:15,021 - INFO - Time: 1741309935.02s | Pan Error: -23.77, Tilt Error: 6.72
2025-03-07 01:12:15,022 - INFO - Pan Angle: 135.0, Tilt Angle: -25.38
2025-03-07 01:12:15,169 - INFO - Time: 1741309935.17s | Pan Error: -24.31, Tilt Error: 13.11
2025-03-07 01:12:15,171 - INFO - Pan Angle: 135.0, Tilt Angle: -21.42
2025-03-07 01:12:15,185 - INFO - Stream stats - Frame: 1200, Size: 196111 bytes, Clients: 1
2025-03-07 01:12:15,416 - INFO - Time: 1741309935.42s | Pan Error: -26.41, Tilt Error: 17.07
2025-03-07 01:12:15,417 - INFO - Pan Angle: 135.0, Tilt Angle: -16.38
2025-03-07 01:12:15,553 - INFO - Time: 1741309935.55s | Pan Error: -26.81, Tilt Error: 18.09
2025-03-07 01:12:15,554 - INFO - Pan Angle: 135.0, Tilt Angle: -10.98
2025-03-07 01:12:15,682 - INFO - Time: 1741309935.68s | Pan Error: -26.94, Tilt Error: 13.07
2025-03-07 01:12:15,683 - INFO - Pan Angle: 135.0, Tilt Angle: -7.2
2025-03-07 01:12:15,809 - INFO - Time: 1741309935.81s | Pan Error: -26.97, Tilt Error: 7.56
2025-03-07 01:12:15,810 - INFO - Pan Angle: 135.0, Tilt Angle: -5.04
2025-03-07 01:12:15,929 - INFO - Time: 1741309935.93s | Pan Error: -27.12, Tilt Error: 2.50
2025-03-07 01:12:15,930 - INFO - Pan Angle: 135.0, Tilt Angle: -4.5
2025-03-07 01:12:16,064 - INFO - Time: 1741309936.06s | Pan Error: -27.14, Tilt Error: 0.47
2025-03-07 01:12:16,065 - INFO - Pan Angle: 135.0, Tilt Angle: -4.5
2025-03-07 01:12:16,188 - INFO - Time: 1741309936.19s | Pan Error: -27.17, Tilt Error: -0.93
2025-03-07 01:12:16,188 - INFO - Pan Angle: 135.0, Tilt Angle: -4.86
2025-03-07 01:12:16,315 - INFO - Time: 1741309936.32s | Pan Error: -27.20, Tilt Error: -0.93
2025-03-07 01:12:16,316 - INFO - Pan Angle: 135.0, Tilt Angle: -5.22
2025-03-07 01:12:16,446 - INFO - Time: 1741309936.45s | Pan Error: -27.20, Tilt Error: -1.04
2025-03-07 01:12:16,446 - INFO - Pan Angle: 135.0, Tilt Angle: -5.58
2025-03-07 01:12:16,571 - INFO - Time: 1741309936.57s | Pan Error: -27.28, Tilt Error: -1.05
2025-03-07 01:12:16,572 - INFO - Pan Angle: 135.0, Tilt Angle: -5.94
2025-03-07 01:12:16,698 - INFO - Time: 1741309936.70s | Pan Error: -27.29, Tilt Error: -1.10
2025-03-07 01:12:16,699 - INFO - Pan Angle: 135.0, Tilt Angle: -6.3
2025-03-07 01:12:16,824 - INFO - Time: 1741309936.82s | Pan Error: -27.32, Tilt Error: -1.21
2025-03-07 01:12:16,824 - INFO - Pan Angle: 135.0, Tilt Angle: -6.84
2025-03-07 01:12:16,953 - INFO - Time: 1741309936.95s | Pan Error: -27.31, Tilt Error: -1.30
2025-03-07 01:12:16,953 - INFO - Pan Angle: 135.0, Tilt Angle: -7.38
2025-03-07 01:12:17,085 - INFO - Time: 1741309937.09s | Pan Error: -27.29, Tilt Error: -0.93
2025-03-07 01:12:17,086 - INFO - Pan Angle: 135.0, Tilt Angle: -7.74
2025-03-07 01:12:17,222 - INFO - Time: 1741309937.22s | Pan Error: -27.38, Tilt Error: -0.37
2025-03-07 01:12:17,223 - INFO - Pan Angle: 135.0, Tilt Angle: -7.92
2025-03-07 01:12:17,357 - INFO - Time: 1741309937.36s | Pan Error: -27.32, Tilt Error: 0.07
2025-03-07 01:12:17,358 - INFO - Pan Angle: 135.0, Tilt Angle: -7.92
2025-03-07 01:12:17,484 - INFO - Time: 1741309937.48s | Pan Error: -27.38, Tilt Error: 0.02
2025-03-07 01:12:17,485 - INFO - Pan Angle: 135.0, Tilt Angle: -7.92
2025-03-07 01:12:17,621 - INFO - Time: 1741309937.62s | Pan Error: -27.39, Tilt Error: 0.16
2025-03-07 01:12:17,622 - INFO - Pan Angle: 135.0, Tilt Angle: -7.92
2025-03-07 01:12:17,753 - INFO - Time: 1741309937.75s | Pan Error: -25.85, Tilt Error: 0.62
2025-03-07 01:12:17,754 - INFO - Pan Angle: 135.0, Tilt Angle: -7.74
2025-03-07 01:12:17,885 - INFO - Time: 1741309937.89s | Pan Error: -23.38, Tilt Error: 1.16
2025-03-07 01:12:17,886 - INFO - Pan Angle: 135.0, Tilt Angle: -7.56
2025-03-07 01:12:18,025 - INFO - Time: 1741309938.03s | Pan Error: -21.81, Tilt Error: 1.82
2025-03-07 01:12:18,026 - INFO - Pan Angle: 135.0, Tilt Angle: -7.02
2025-03-07 01:12:18,153 - INFO - Time: 1741309938.15s | Pan Error: -20.59, Tilt Error: 2.14
2025-03-07 01:12:18,153 - INFO - Pan Angle: 135.0, Tilt Angle: -6.48
2025-03-07 01:12:18,290 - INFO - Time: 1741309938.29s | Pan Error: -19.55, Tilt Error: 2.22
2025-03-07 01:12:18,291 - INFO - Pan Angle: 135.0, Tilt Angle: -5.94
2025-03-07 01:12:18,480 - INFO - Time: 1741309938.48s | Pan Error: -18.84, Tilt Error: 1.90
2025-03-07 01:12:18,481 - INFO - Pan Angle: 135.0, Tilt Angle: -5.4
2025-03-07 01:12:18,645 - INFO - Time: 1741309938.65s | Pan Error: -18.21, Tilt Error: 1.14
2025-03-07 01:12:18,649 - INFO - Pan Angle: 135.0, Tilt Angle: -5.22
2025-03-07 01:12:18,777 - INFO - Time: 1741309938.78s | Pan Error: -17.97, Tilt Error: -0.24
2025-03-07 01:12:18,778 - INFO - Pan Angle: 135.0, Tilt Angle: -5.4
2025-03-07 01:12:18,905 - INFO - Time: 1741309938.90s | Pan Error: -17.84, Tilt Error: -0.65
2025-03-07 01:12:18,907 - INFO - Pan Angle: 135.0, Tilt Angle: -5.76
2025-03-07 01:12:19,039 - INFO - Time: 1741309939.04s | Pan Error: -17.93, Tilt Error: -1.17
2025-03-07 01:12:19,041 - INFO - Pan Angle: 135.0, Tilt Angle: -6.12
2025-03-07 01:12:19,169 - INFO - Time: 1741309939.17s | Pan Error: -18.12, Tilt Error: -1.15
2025-03-07 01:12:19,170 - INFO - Pan Angle: 135.0, Tilt Angle: -6.48
2025-03-07 01:12:19,305 - INFO - Time: 1741309939.31s | Pan Error: -18.05, Tilt Error: -1.02
2025-03-07 01:12:19,306 - INFO - Pan Angle: 135.0, Tilt Angle: -6.84
2025-03-07 01:12:19,438 - INFO - Time: 1741309939.44s | Pan Error: -17.99, Tilt Error: -0.99
2025-03-07 01:12:19,439 - INFO - Pan Angle: 135.0, Tilt Angle: -7.2
2025-03-07 01:12:19,570 - INFO - Time: 1741309939.57s | Pan Error: -18.17, Tilt Error: -0.95
2025-03-07 01:12:19,572 - INFO - Pan Angle: 135.0, Tilt Angle: -7.56
2025-03-07 01:12:19,703 - INFO - Time: 1741309939.70s | Pan Error: -18.29, Tilt Error: -1.01
2025-03-07 01:12:19,704 - INFO - Pan Angle: 135.0, Tilt Angle: -7.92
2025-03-07 01:12:19,832 - INFO - Time: 1741309939.83s | Pan Error: -18.18, Tilt Error: -1.13
2025-03-07 01:12:19,833 - INFO - Pan Angle: 135.0, Tilt Angle: -8.28
2025-03-07 01:12:19,964 - INFO - Time: 1741309939.96s | Pan Error: -18.22, Tilt Error: -0.52
2025-03-07 01:12:19,965 - INFO - Pan Angle: 135.0, Tilt Angle: -8.46
2025-03-07 01:12:20,089 - INFO - Time: 1741309940.09s | Pan Error: -18.27, Tilt Error: 0.44
2025-03-07 01:12:20,090 - INFO - Pan Angle: 135.0, Tilt Angle: -8.46
2025-03-07 01:12:20,282 - INFO - Time: 1741309940.28s | Pan Error: -18.26, Tilt Error: 0.41
2025-03-07 01:12:20,283 - INFO - Pan Angle: 135.0, Tilt Angle: -8.46
2025-03-07 01:12:20,432 - INFO - Time: 1741309940.43s | Pan Error: -18.26, Tilt Error: 0.38
2025-03-07 01:12:20,433 - INFO - Pan Angle: 135.0, Tilt Angle: -8.46
2025-03-07 01:12:20,573 - INFO - Time: 1741309940.57s | Pan Error: -18.22, Tilt Error: 0.43
2025-03-07 01:12:20,574 - INFO - Pan Angle: 135.0, Tilt Angle: -8.46
2025-03-07 01:12:20,709 - INFO - Time: 1741309940.71s | Pan Error: -18.21, Tilt Error: 0.32
2025-03-07 01:12:20,710 - INFO - Pan Angle: 135.0, Tilt Angle: -8.46
2025-03-07 01:12:20,860 - INFO - Time: 1741309940.86s | Pan Error: -18.17, Tilt Error: 0.29
2025-03-07 01:12:20,861 - INFO - Pan Angle: 135.0, Tilt Angle: -8.46
2025-03-07 01:12:21,047 - INFO - Time: 1741309941.05s | Pan Error: -18.31, Tilt Error: 0.44
2025-03-07 01:12:21,048 - INFO - Pan Angle: 135.0, Tilt Angle: -8.46
2025-03-07 01:12:21,257 - INFO - Time: 1741309941.26s | Pan Error: -18.33, Tilt Error: 0.44
2025-03-07 01:12:21,258 - INFO - Pan Angle: 135.0, Tilt Angle: -8.46
2025-03-07 01:12:21,447 - INFO - Time: 1741309941.45s | Pan Error: -18.43, Tilt Error: 0.35
2025-03-07 01:12:21,451 - INFO - Pan Angle: 135.0, Tilt Angle: -8.46
2025-03-07 01:12:21,585 - INFO - Time: 1741309941.59s | Pan Error: -18.48, Tilt Error: 0.46
2025-03-07 01:12:21,586 - INFO - Pan Angle: 135.0, Tilt Angle: -8.46
2025-03-07 01:12:21,718 - INFO - Time: 1741309941.72s | Pan Error: -18.55, Tilt Error: 0.48
2025-03-07 01:12:21,718 - INFO - Pan Angle: 135.0, Tilt Angle: -8.46
2025-03-07 01:12:21,844 - INFO - Time: 1741309941.84s | Pan Error: -18.57, Tilt Error: 0.66
2025-03-07 01:12:21,845 - INFO - Pan Angle: 135.0, Tilt Angle: -8.28
2025-03-07 01:12:21,974 - INFO - Time: 1741309941.97s | Pan Error: -18.47, Tilt Error: 0.55
2025-03-07 01:12:21,975 - INFO - Pan Angle: 135.0, Tilt Angle: -8.28
2025-03-07 01:12:22,104 - INFO - Time: 1741309942.10s | Pan Error: -18.34, Tilt Error: 0.38
2025-03-07 01:12:22,105 - INFO - Pan Angle: 135.0, Tilt Angle: -8.28
2025-03-07 01:12:22,230 - INFO - Time: 1741309942.23s | Pan Error: -18.25, Tilt Error: 0.31
2025-03-07 01:12:22,231 - INFO - Pan Angle: 135.0, Tilt Angle: -8.28
2025-03-07 01:12:22,362 - INFO - Time: 1741309942.36s | Pan Error: -18.24, Tilt Error: 0.34
2025-03-07 01:12:22,363 - INFO - Pan Angle: 135.0, Tilt Angle: -8.28
2025-03-07 01:12:22,496 - INFO - Time: 1741309942.50s | Pan Error: -18.21, Tilt Error: 0.47
2025-03-07 01:12:22,498 - INFO - Pan Angle: 135.0, Tilt Angle: -8.28
2025-03-07 01:12:22,621 - INFO - Time: 1741309942.62s | Pan Error: -17.92, Tilt Error: -0.24
2025-03-07 01:12:22,621 - INFO - Pan Angle: 135.0, Tilt Angle: -8.46
2025-03-07 01:12:22,761 - INFO - Time: 1741309942.76s | Pan Error: -16.94, Tilt Error: -3.29
2025-03-07 01:12:22,762 - INFO - Pan Angle: 135.0, Tilt Angle: -9.54
2025-03-07 01:12:22,884 - INFO - Time: 1741309942.88s | Pan Error: -15.76, Tilt Error: -6.71
2025-03-07 01:12:22,885 - INFO - Pan Angle: 135.0, Tilt Angle: -11.7
2025-03-07 01:12:23,012 - INFO - Time: 1741309943.01s | Pan Error: -15.01, Tilt Error: -8.94
2025-03-07 01:12:23,014 - INFO - Pan Angle: 135.0, Tilt Angle: -14.4
2025-03-07 01:12:23,256 - INFO - Time: 1741309943.26s | Pan Error: -14.36, Tilt Error: -7.38
2025-03-07 01:12:23,257 - INFO - Pan Angle: 135.0, Tilt Angle: -16.74
2025-03-07 01:12:23,383 - INFO - Time: 1741309943.38s | Pan Error: -14.33, Tilt Error: -8.33
2025-03-07 01:12:23,384 - INFO - Pan Angle: 135.0, Tilt Angle: -19.26
2025-03-07 01:12:23,527 - INFO - Time: 1741309943.53s | Pan Error: -14.51, Tilt Error: -5.31
2025-03-07 01:12:23,530 - INFO - Pan Angle: 135.0, Tilt Angle: -20.88
2025-03-07 01:12:23,665 - INFO - Time: 1741309943.67s | Pan Error: -14.82, Tilt Error: -2.33
2025-03-07 01:12:23,666 - INFO - Pan Angle: 135.0, Tilt Angle: -21.6
2025-03-07 01:12:23,805 - INFO - Time: 1741309943.81s | Pan Error: -15.09, Tilt Error: -0.21
2025-03-07 01:12:23,806 - INFO - Pan Angle: 135.0, Tilt Angle: -21.78
2025-03-07 01:12:23,935 - INFO - Time: 1741309943.94s | Pan Error: -15.25, Tilt Error: 0.34
2025-03-07 01:12:23,936 - INFO - Pan Angle: 135.0, Tilt Angle: -21.78
2025-03-07 01:12:24,059 - INFO - Time: 1741309944.06s | Pan Error: -15.33, Tilt Error: 0.56
2025-03-07 01:12:24,060 - INFO - Pan Angle: 135.0, Tilt Angle: -21.78
2025-03-07 01:12:24,188 - INFO - Time: 1741309944.19s | Pan Error: -15.43, Tilt Error: 0.53
2025-03-07 01:12:24,189 - INFO - Pan Angle: 135.0, Tilt Angle: -21.78
2025-03-07 01:12:24,315 - INFO - Time: 1741309944.32s | Pan Error: -15.47, Tilt Error: 0.56
2025-03-07 01:12:24,316 - INFO - Pan Angle: 135.0, Tilt Angle: -21.78
2025-03-07 01:12:24,446 - INFO - Time: 1741309944.45s | Pan Error: -15.53, Tilt Error: 0.56
2025-03-07 01:12:24,448 - INFO - Pan Angle: 135.0, Tilt Angle: -21.78
2025-03-07 01:12:24,585 - INFO - Time: 1741309944.59s | Pan Error: -15.55, Tilt Error: 0.59
2025-03-07 01:12:24,586 - INFO - Pan Angle: 135.0, Tilt Angle: -21.78
2025-03-07 01:12:24,712 - INFO - Time: 1741309944.71s | Pan Error: -15.54, Tilt Error: 0.60
2025-03-07 01:12:24,713 - INFO - Pan Angle: 135.0, Tilt Angle: -21.78
2025-03-07 01:12:24,844 - INFO - Time: 1741309944.84s | Pan Error: -15.55, Tilt Error: 0.53
2025-03-07 01:12:24,845 - INFO - Pan Angle: 135.0, Tilt Angle: -21.78
2025-03-07 01:12:24,982 - INFO - Time: 1741309944.98s | Pan Error: -15.51, Tilt Error: 0.56
2025-03-07 01:12:24,983 - INFO - Pan Angle: 135.0, Tilt Angle: -21.78
2025-03-07 01:12:25,111 - INFO - Time: 1741309945.11s | Pan Error: -15.48, Tilt Error: 0.59
2025-03-07 01:12:25,112 - INFO - Pan Angle: 135.0, Tilt Angle: -21.78
2025-03-07 01:12:25,197 - INFO - Stream stats - Frame: 1500, Size: 187665 bytes, Clients: 1
2025-03-07 01:12:25,240 - INFO - Time: 1741309945.24s | Pan Error: -15.55, Tilt Error: 0.62
2025-03-07 01:12:25,241 - INFO - Pan Angle: 135.0, Tilt Angle: -21.6
2025-03-07 01:12:25,367 - INFO - Time: 1741309945.37s | Pan Error: -15.58, Tilt Error: 0.62
2025-03-07 01:12:25,369 - INFO - Pan Angle: 135.0, Tilt Angle: -21.42
2025-03-07 01:12:25,492 - INFO - Time: 1741309945.49s | Pan Error: -15.59, Tilt Error: 0.56
2025-03-07 01:12:25,492 - INFO - Pan Angle: 135.0, Tilt Angle: -21.42
2025-03-07 01:12:25,621 - INFO - Time: 1741309945.62s | Pan Error: -15.53, Tilt Error: 0.59
2025-03-07 01:12:25,622 - INFO - Pan Angle: 135.0, Tilt Angle: -21.42
2025-03-07 01:12:25,748 - INFO - Time: 1741309945.75s | Pan Error: -15.59, Tilt Error: 2.04
2025-03-07 01:12:25,749 - INFO - Pan Angle: 135.0, Tilt Angle: -20.88
2025-03-07 01:12:25,882 - INFO - Time: 1741309945.88s | Pan Error: -16.17, Tilt Error: 7.11
2025-03-07 01:12:25,882 - INFO - Pan Angle: 135.0, Tilt Angle: -18.72
2025-03-07 01:12:26,011 - INFO - Time: 1741309946.01s | Pan Error: -16.96, Tilt Error: 11.51
2025-03-07 01:12:26,012 - INFO - Pan Angle: 135.0, Tilt Angle: -15.3
2025-03-07 01:12:26,141 - INFO - Time: 1741309946.14s | Pan Error: -18.12, Tilt Error: 15.15
2025-03-07 01:12:26,142 - INFO - Pan Angle: 135.0, Tilt Angle: -10.8
2025-03-07 01:12:26,262 - INFO - Time: 1741309946.26s | Pan Error: -19.03, Tilt Error: 13.55
2025-03-07 01:12:26,263 - INFO - Pan Angle: 135.0, Tilt Angle: -6.84
2025-03-07 01:12:26,391 - INFO - Time: 1741309946.39s | Pan Error: -19.76, Tilt Error: 9.45
2025-03-07 01:12:26,392 - INFO - Pan Angle: 135.0, Tilt Angle: -4.14
2025-03-07 01:12:26,517 - INFO - Time: 1741309946.52s | Pan Error: -20.01, Tilt Error: 5.16
2025-03-07 01:12:26,518 - INFO - Pan Angle: 135.0, Tilt Angle: -2.7
2025-03-07 01:12:26,649 - INFO - Time: 1741309946.65s | Pan Error: -20.08, Tilt Error: 1.78
2025-03-07 01:12:26,650 - INFO - Pan Angle: 135.0, Tilt Angle: -2.34
2025-03-07 01:12:26,782 - INFO - Time: 1741309946.78s | Pan Error: -20.12, Tilt Error: -0.51
2025-03-07 01:12:26,782 - INFO - Pan Angle: 135.0, Tilt Angle: -2.52
2025-03-07 01:12:26,917 - INFO - Time: 1741309946.92s | Pan Error: -20.21, Tilt Error: -0.82
2025-03-07 01:12:26,918 - INFO - Pan Angle: 135.0, Tilt Angle: -2.88
2025-03-07 01:12:27,046 - INFO - Time: 1741309947.05s | Pan Error: -20.15, Tilt Error: -0.91
2025-03-07 01:12:27,047 - INFO - Pan Angle: 135.0, Tilt Angle: -3.24
2025-03-07 01:12:27,173 - INFO - Time: 1741309947.17s | Pan Error: -20.17, Tilt Error: -0.93
2025-03-07 01:12:27,175 - INFO - Pan Angle: 135.0, Tilt Angle: -3.6
2025-03-07 01:12:27,301 - INFO - Time: 1741309947.30s | Pan Error: -20.21, Tilt Error: -0.96
2025-03-07 01:12:27,302 - INFO - Pan Angle: 135.0, Tilt Angle: -3.96
2025-03-07 01:12:27,427 - INFO - Time: 1741309947.43s | Pan Error: -20.31, Tilt Error: -0.88
2025-03-07 01:12:27,428 - INFO - Pan Angle: 135.0, Tilt Angle: -4.32
2025-03-07 01:12:27,552 - INFO - Time: 1741309947.55s | Pan Error: -20.37, Tilt Error: -0.87
2025-03-07 01:12:27,553 - INFO - Pan Angle: 135.0, Tilt Angle: -4.68
2025-03-07 01:12:27,703 - INFO - Time: 1741309947.70s | Pan Error: -20.36, Tilt Error: -0.95
2025-03-07 01:12:27,704 - INFO - Pan Angle: 135.0, Tilt Angle: -5.04
2025-03-07 01:12:27,830 - INFO - Time: 1741309947.83s | Pan Error: -20.28, Tilt Error: -1.08
2025-03-07 01:12:27,832 - INFO - Pan Angle: 135.0, Tilt Angle: -5.4
2025-03-07 01:12:27,962 - INFO - Time: 1741309947.96s | Pan Error: -20.23, Tilt Error: -0.29
2025-03-07 01:12:27,963 - INFO - Pan Angle: 135.0, Tilt Angle: -5.58
2025-03-07 01:12:28,087 - INFO - Time: 1741309948.09s | Pan Error: -20.18, Tilt Error: -0.33
2025-03-07 01:12:28,087 - INFO - Pan Angle: 135.0, Tilt Angle: -5.76
2025-03-07 01:12:28,215 - INFO - Time: 1741309948.22s | Pan Error: -20.16, Tilt Error: -0.27
2025-03-07 01:12:28,216 - INFO - Pan Angle: 135.0, Tilt Angle: -5.94
2025-03-07 01:12:28,344 - INFO - Time: 1741309948.34s | Pan Error: -20.21, Tilt Error: -0.29
2025-03-07 01:12:28,345 - INFO - Pan Angle: 135.0, Tilt Angle: -6.12
2025-03-07 01:12:28,498 - INFO - Time: 1741309948.50s | Pan Error: -20.20, Tilt Error: 0.66
2025-03-07 01:12:28,499 - INFO - Pan Angle: 135.0, Tilt Angle: -5.94
2025-03-07 01:12:28,627 - INFO - Time: 1741309948.63s | Pan Error: -20.04, Tilt Error: 0.48
2025-03-07 01:12:28,629 - INFO - Pan Angle: 135.0, Tilt Angle: -5.94
2025-03-07 01:12:28,770 - INFO - Time: 1741309948.77s | Pan Error: -20.12, Tilt Error: 0.46
2025-03-07 01:12:28,771 - INFO - Pan Angle: 135.0, Tilt Angle: -5.94
2025-03-07 01:12:28,900 - INFO - Time: 1741309948.90s | Pan Error: -20.13, Tilt Error: 0.47
2025-03-07 01:12:28,901 - INFO - Pan Angle: 135.0, Tilt Angle: -5.94
2025-03-07 01:12:29,025 - INFO - Time: 1741309949.03s | Pan Error: -20.13, Tilt Error: 0.53
2025-03-07 01:12:29,026 - INFO - Pan Angle: 135.0, Tilt Angle: -5.94
2025-03-07 01:12:29,156 - INFO - Time: 1741309949.16s | Pan Error: -20.12, Tilt Error: 0.54
2025-03-07 01:12:29,157 - INFO - Pan Angle: 135.0, Tilt Angle: -5.94
2025-03-07 01:12:29,315 - INFO - Time: 1741309949.32s | Pan Error: -20.09, Tilt Error: 0.44
2025-03-07 01:12:29,316 - INFO - Pan Angle: 135.0, Tilt Angle: -5.94
2025-03-07 01:12:29,449 - INFO - Time: 1741309949.45s | Pan Error: -20.29, Tilt Error: 0.78
2025-03-07 01:12:29,450 - INFO - Pan Angle: 135.0, Tilt Angle: -5.76
2025-03-07 01:12:29,583 - INFO - Time: 1741309949.58s | Pan Error: -20.85, Tilt Error: 2.83
2025-03-07 01:12:29,584 - INFO - Pan Angle: 135.0, Tilt Angle: -5.04
2025-03-07 01:12:29,714 - INFO - Time: 1741309949.71s | Pan Error: -22.33, Tilt Error: 6.07
2025-03-07 01:12:29,715 - INFO - Pan Angle: 135.0, Tilt Angle: -3.24
2025-03-07 01:12:29,846 - INFO - Time: 1741309949.85s | Pan Error: -23.70, Tilt Error: 9.00
2025-03-07 01:12:29,847 - INFO - Pan Angle: 135.0, Tilt Angle: -0.54
2025-03-07 01:12:29,985 - INFO - Time: 1741309949.98s | Pan Error: -24.70, Tilt Error: 9.96
2025-03-07 01:12:29,985 - INFO - Pan Angle: 135.0, Tilt Angle: 2.34
2025-03-07 01:12:30,119 - INFO - Time: 1741309950.12s | Pan Error: -25.63, Tilt Error: 8.57
2025-03-07 01:12:30,120 - INFO - Pan Angle: 135.0, Tilt Angle: 4.86
2025-03-07 01:12:30,251 - INFO - Time: 1741309950.25s | Pan Error: -26.10, Tilt Error: 5.21
2025-03-07 01:12:30,252 - INFO - Pan Angle: 135.0, Tilt Angle: 6.3
2025-03-07 01:12:30,380 - INFO - Time: 1741309950.38s | Pan Error: -25.70, Tilt Error: 1.97
2025-03-07 01:12:30,381 - INFO - Pan Angle: 135.0, Tilt Angle: 6.84
2025-03-07 01:12:30,503 - INFO - Time: 1741309950.50s | Pan Error: -25.35, Tilt Error: -1.33
2025-03-07 01:12:30,504 - INFO - Pan Angle: 135.0, Tilt Angle: 6.3
2025-03-07 01:12:30,626 - INFO - Time: 1741309950.63s | Pan Error: -25.32, Tilt Error: -1.86
2025-03-07 01:12:30,628 - INFO - Pan Angle: 135.0, Tilt Angle: 5.58
2025-03-07 01:12:30,773 - INFO - Time: 1741309950.77s | Pan Error: -25.36, Tilt Error: -1.55
2025-03-07 01:12:30,773 - INFO - Pan Angle: 135.0, Tilt Angle: 5.04
2025-03-07 01:12:30,898 - INFO - Time: 1741309950.90s | Pan Error: -25.37, Tilt Error: -1.38
2025-03-07 01:12:30,899 - INFO - Pan Angle: 135.0, Tilt Angle: 4.5
2025-03-07 01:12:31,022 - INFO - Time: 1741309951.02s | Pan Error: -25.38, Tilt Error: -1.29
2025-03-07 01:12:31,023 - INFO - Pan Angle: 135.0, Tilt Angle: 3.96
2025-03-07 01:12:31,147 - INFO - Time: 1741309951.15s | Pan Error: -25.38, Tilt Error: -1.33
2025-03-07 01:12:31,148 - INFO - Pan Angle: 135.0, Tilt Angle: 3.42
2025-03-07 01:12:31,276 - INFO - Time: 1741309951.28s | Pan Error: -25.19, Tilt Error: -1.30
2025-03-07 01:12:31,277 - INFO - Pan Angle: 135.0, Tilt Angle: 2.88
2025-03-07 01:12:31,423 - INFO - Time: 1741309951.42s | Pan Error: -24.54, Tilt Error: -3.35
2025-03-07 01:12:31,424 - INFO - Pan Angle: 135.0, Tilt Angle: 1.8
2025-03-07 01:12:31,553 - INFO - Time: 1741309951.55s | Pan Error: -22.74, Tilt Error: -10.09
2025-03-07 01:12:31,554 - INFO - Pan Angle: 135.0, Tilt Angle: -1.44
2025-03-07 01:12:31,818 - INFO - Time: 1741309951.82s | Pan Error: -20.60, Tilt Error: -16.27
2025-03-07 01:12:31,818 - INFO - Pan Angle: 135.0, Tilt Angle: -6.48
2025-03-07 01:12:32,098 - INFO - Time: 1741309952.10s | Pan Error: -20.25, Tilt Error: -12.56
2025-03-07 01:12:32,099 - INFO - Pan Angle: 135.0, Tilt Angle: -10.26
2025-03-07 01:12:32,267 - INFO - Time: 1741309952.27s | Pan Error: -20.45, Tilt Error: -12.38
2025-03-07 01:12:32,268 - INFO - Pan Angle: 135.0, Tilt Angle: -14.04
2025-03-07 01:12:32,457 - INFO - Time: 1741309952.46s | Pan Error: -20.21, Tilt Error: -8.76
2025-03-07 01:12:32,458 - INFO - Pan Angle: 135.0, Tilt Angle: -16.74
2025-03-07 01:12:32,666 - INFO - Time: 1741309952.67s | Pan Error: -20.15, Tilt Error: -4.32
2025-03-07 01:12:32,667 - INFO - Pan Angle: 135.0, Tilt Angle: -18.18
2025-03-07 01:12:32,846 - INFO - Time: 1741309952.85s | Pan Error: -20.41, Tilt Error: -1.39
2025-03-07 01:12:32,847 - INFO - Pan Angle: 135.0, Tilt Angle: -18.72
2025-03-07 01:12:32,986 - INFO - Time: 1741309952.99s | Pan Error: -20.43, Tilt Error: -0.80
2025-03-07 01:12:32,987 - INFO - Pan Angle: 135.0, Tilt Angle: -19.08
2025-03-07 01:12:33,137 - INFO - Time: 1741309953.14s | Pan Error: -20.54, Tilt Error: -0.29
2025-03-07 01:12:33,138 - INFO - Pan Angle: 135.0, Tilt Angle: -19.26
2025-03-07 01:12:33,314 - INFO - Time: 1741309953.31s | Pan Error: -20.57, Tilt Error: 0.33
2025-03-07 01:12:33,315 - INFO - Pan Angle: 135.0, Tilt Angle: -19.26
2025-03-07 01:12:33,445 - INFO - Time: 1741309953.45s | Pan Error: -20.75, Tilt Error: 0.41
2025-03-07 01:12:33,446 - INFO - Pan Angle: 135.0, Tilt Angle: -19.26
2025-03-07 01:12:33,578 - INFO - Time: 1741309953.58s | Pan Error: -20.84, Tilt Error: 0.55
2025-03-07 01:12:33,579 - INFO - Pan Angle: 135.0, Tilt Angle: -19.26
2025-03-07 01:12:33,718 - INFO - Time: 1741309953.72s | Pan Error: -20.83, Tilt Error: 0.52
2025-03-07 01:12:33,719 - INFO - Pan Angle: 135.0, Tilt Angle: -19.26
2025-03-07 01:12:33,849 - INFO - Time: 1741309953.85s | Pan Error: -20.85, Tilt Error: 0.52
2025-03-07 01:12:33,850 - INFO - Pan Angle: 135.0, Tilt Angle: -19.26
2025-03-07 01:12:33,980 - INFO - Time: 1741309953.98s | Pan Error: -20.94, Tilt Error: 0.63
2025-03-07 01:12:33,981 - INFO - Pan Angle: 135.0, Tilt Angle: -19.08
2025-03-07 01:12:34,116 - INFO - Time: 1741309954.12s | Pan Error: -20.94, Tilt Error: 0.63
2025-03-07 01:12:34,117 - INFO - Pan Angle: 135.0, Tilt Angle: -18.9
2025-03-07 01:12:34,275 - INFO - Time: 1741309954.28s | Pan Error: -20.96, Tilt Error: 0.58
2025-03-07 01:12:34,275 - INFO - Pan Angle: 135.0, Tilt Angle: -18.9
2025-03-07 01:12:34,405 - INFO - Time: 1741309954.40s | Pan Error: -20.86, Tilt Error: 0.65
2025-03-07 01:12:34,405 - INFO - Pan Angle: 135.0, Tilt Angle: -18.72
2025-03-07 01:12:34,538 - INFO - Time: 1741309954.54s | Pan Error: -20.75, Tilt Error: 0.60
2025-03-07 01:12:34,538 - INFO - Pan Angle: 135.0, Tilt Angle: -18.72
2025-03-07 01:12:34,665 - INFO - Time: 1741309954.67s | Pan Error: -20.73, Tilt Error: 0.83
2025-03-07 01:12:34,667 - INFO - Pan Angle: 135.0, Tilt Angle: -18.54
2025-03-07 01:12:34,799 - INFO - Time: 1741309954.80s | Pan Error: -21.12, Tilt Error: 3.63
2025-03-07 01:12:34,799 - INFO - Pan Angle: 135.0, Tilt Angle: -17.46
2025-03-07 01:12:34,932 - INFO - Time: 1741309954.93s | Pan Error: -22.39, Tilt Error: 9.61
2025-03-07 01:12:34,932 - INFO - Pan Angle: 135.0, Tilt Angle: -14.58
2025-03-07 01:12:35,067 - INFO - Time: 1741309955.07s | Pan Error: -24.64, Tilt Error: 16.34
2025-03-07 01:12:35,068 - INFO - Pan Angle: 135.0, Tilt Angle: -9.72
2025-03-07 01:12:35,183 - INFO - Stream stats - Frame: 1800, Size: 182618 bytes, Clients: 1
2025-03-07 01:12:35,200 - INFO - Time: 1741309955.20s | Pan Error: -26.02, Tilt Error: 17.37
2025-03-07 01:12:35,201 - INFO - Pan Angle: 135.0, Tilt Angle: -4.68
2025-03-07 01:12:35,333 - INFO - Time: 1741309955.33s | Pan Error: -26.56, Tilt Error: 12.81
2025-03-07 01:12:35,334 - INFO - Pan Angle: 135.0, Tilt Angle: -0.9
2025-03-07 01:12:35,459 - INFO - Time: 1741309955.46s | Pan Error: -26.66, Tilt Error: 6.90
2025-03-07 01:12:35,460 - INFO - Pan Angle: 135.0, Tilt Angle: 1.08
2025-03-07 01:12:35,586 - INFO - Time: 1741309955.59s | Pan Error: -27.03, Tilt Error: 2.00
2025-03-07 01:12:35,588 - INFO - Pan Angle: 135.0, Tilt Angle: 1.62
2025-03-07 01:12:35,717 - INFO - Time: 1741309955.72s | Pan Error: -27.16, Tilt Error: -0.40
2025-03-07 01:12:35,718 - INFO - Pan Angle: 135.0, Tilt Angle: 1.44
2025-03-07 01:12:35,852 - INFO - Time: 1741309955.85s | Pan Error: -27.18, Tilt Error: -1.37
2025-03-07 01:12:35,856 - INFO - Pan Angle: 135.0, Tilt Angle: 0.9
2025-03-07 01:12:35,989 - INFO - Time: 1741309955.99s | Pan Error: -27.15, Tilt Error: -1.38
2025-03-07 01:12:35,990 - INFO - Pan Angle: 135.0, Tilt Angle: 0.36
2025-03-07 01:12:36,119 - INFO - Time: 1741309956.12s | Pan Error: -27.11, Tilt Error: -1.49
2025-03-07 01:12:36,120 - INFO - Pan Angle: 135.0, Tilt Angle: -0.18
2025-03-07 01:12:36,253 - INFO - Time: 1741309956.25s | Pan Error: -27.13, Tilt Error: -1.46
2025-03-07 01:12:36,254 - INFO - Pan Angle: 135.0, Tilt Angle: -0.72
2025-03-07 01:12:36,402 - INFO - Time: 1741309956.40s | Pan Error: -27.10, Tilt Error: -1.42
2025-03-07 01:12:36,403 - INFO - Pan Angle: 135.0, Tilt Angle: -1.26
2025-03-07 01:12:36,530 - INFO - Time: 1741309956.53s | Pan Error: -27.11, Tilt Error: -1.25
2025-03-07 01:12:36,532 - INFO - Pan Angle: 135.0, Tilt Angle: -1.8
2025-03-07 01:12:36,659 - INFO - Time: 1741309956.66s | Pan Error: -27.18, Tilt Error: -0.94
2025-03-07 01:12:36,660 - INFO - Pan Angle: 135.0, Tilt Angle: -2.16
2025-03-07 01:12:36,789 - INFO - Time: 1741309956.79s | Pan Error: -27.20, Tilt Error: 1.66
2025-03-07 01:12:36,790 - INFO - Pan Angle: 135.0, Tilt Angle: -1.8
2025-03-07 01:12:45,190 - INFO - Stream stats - Frame: 2100, Size: 203846 bytes, Clients: 1
2025-03-07 01:12:46,055 - INFO - Client disconnected. Remaining clients: 0
2025-03-07 01:12:46,062 - INFO - Saved data at: /home/lberm/Documents/github/Senior_Desing_QKD_2024/src/Pi_Control/runs/run_2025-03-07_01-11-16/data_pan.csv
2025-03-07 01:12:46,665 - INFO - Pan plot saved at: /home/lberm/Documents/github/Senior_Desing_QKD_2024/src/Pi_Control/runs/run_2025-03-07_01-11-16/pan_response.png
2025-03-07 01:12:47,277 - INFO - Tilt plot saved at: /home/lberm/Documents/github/Senior_Desing_QKD_2024/src/Pi_Control/runs/run_2025-03-07_01-11-16/tilt_response.png
2025-03-07 01:13:45,132 - INFO - Camera stopped
