2025-03-07 03:16:14,634 - INFO - Logging system initialized.
2025-03-07 03:16:14,635 - INFO - 
Pan and Tilt Mechanism: 
Current Date: 2025-03-07_03-16-14

------------------------- Running Parameters -------------------------
Pan Servo: Pin 17, PID Values: 
 KP: 0.5
 KI: 0.0
 KD: 0.5, Angle Range -135-135, Current Angle -0.0
Tilt Servo: Pin 27, PID Values: 
 KP: 0.3
 KI: 0.0
 KD: 0.3, Angle Range -90-90, Current Angle -0.0

Tracking Point: False
--------------------------------------------------

2025-03-07 03:16:14,663 - INFO - Initialization successful.
2025-03-07 03:16:14,664 - INFO - Camera now open.
2025-03-07 03:16:14,668 - INFO - Camera configuration has been adjusted!
2025-03-07 03:16:14,670 - INFO - Configuration successful!
2025-03-07 03:16:14,728 - INFO - Camera started
2025-03-07 03:16:14,742 - INFO - [31m[1mWARNING: This is a development server. Do not use it in a production deployment. Use a production WSGI server instead.[0m
 * Running on all addresses (0.0.0.0)
 * Running on http://127.0.0.1:5000
 * Running on http://172.20.10.4:5000
2025-03-07 03:16:14,743 - INFO - [33mPress CTRL+C to quit[0m
2025-03-07 03:16:14,922 - INFO - Stream stats - Frame: 0, Size: 168324 bytes, Clients: 0
2025-03-07 03:16:47,474 - INFO - Camera stopped
