2025-03-13 00:30:23,601 - INFO - Logging system initialized.
2025-03-13 00:30:23,602 - INFO - 
Pan and Tilt Mechanism: 
Current Date: 2025-03-13_00-30-23

------------------------- Running Parameters -------------------------
Pan Servo: Pin 17, PID Values: 
 KP: 0.5
 KI: 0.0
 KD: 0.5, Angle Range -135-135, Current Angle -0.0
Tilt Servo: Pin 27, PID Values: 
 KP: 0.5
 KI: 0.0
 KD: 0.5, Angle Range -90-90, Current Angle -0.0

Tracking Point: False
--------------------------------------------------

2025-03-13 00:30:23,631 - INFO - Initialization successful.
2025-03-13 00:30:23,631 - INFO - Camera now open.
2025-03-13 00:30:23,636 - INFO - Camera configuration has been adjusted!
2025-03-13 00:30:23,638 - INFO - Configuration successful!
2025-03-13 00:30:23,695 - INFO - Camera started
2025-03-13 00:30:23,709 - INFO - [31m[1mWARNING: This is a development server. Do not use it in a production deployment. Use a production WSGI server instead.[0m
 * Running on all addresses (0.0.0.0)
 * Running on http://127.0.0.1:5000
 * Running on http://172.20.10.4:5000
2025-03-13 00:30:23,709 - INFO - [33mPress CTRL+C to quit[0m
2025-03-13 00:30:23,888 - INFO - Stream stats - Frame: 0, Size: 167323 bytes, Clients: 0
2025-03-13 00:30:39,145 - INFO - 172.20.10.2 - - [13/Mar/2025 00:30:39] "GET / HTTP/1.1" 200 -
2025-03-13 00:30:39,221 - INFO - Client connected. Total clients: 1
2025-03-13 00:30:39,369 - INFO - 172.20.10.2 - - [13/Mar/2025 00:30:39] "GET /video_feed HTTP/1.1" 200 -
2025-03-13 00:30:40,219 - INFO - Time: 1741825840.22s | Pan Error: 18.63, Tilt Error: -6.03
2025-03-13 00:30:40,221 - INFO - Pan Angle: -18.9, Tilt Angle: -6.12
2025-03-13 00:30:40,341 - INFO - Time: 1741825840.34s | Pan Error: 18.50, Tilt Error: -6.40
2025-03-13 00:30:40,342 - INFO - Pan Angle: -28.35, Tilt Angle: -9.54
2025-03-13 00:30:40,805 - INFO - Time: 1741825840.81s | Pan Error: -7.32, Tilt Error: 0.76
2025-03-13 00:30:40,805 - INFO - Pan Angle: -16.47, Tilt Angle: -7.02
2025-03-13 00:30:40,926 - INFO - Time: 1741825840.93s | Pan Error: -7.87, Tilt Error: 0.87
2025-03-13 00:30:40,927 - INFO - Pan Angle: -12.42, Tilt Angle: -6.66
2025-03-13 00:30:41,314 - INFO - Time: 1741825841.31s | Pan Error: 3.17, Tilt Error: -0.57
2025-03-13 00:30:41,314 - INFO - Pan Angle: -16.74, Tilt Angle: -7.38
2025-03-13 00:30:41,508 - INFO - Time: 1741825841.51s | Pan Error: 4.11, Tilt Error: -0.48
2025-03-13 00:30:41,510 - INFO - Pan Angle: -19.17, Tilt Angle: -7.74
2025-03-13 00:30:41,644 - INFO - Time: 1741825841.64s | Pan Error: 1.94, Tilt Error: -0.40
2025-03-13 00:30:41,645 - INFO - Pan Angle: -19.71, Tilt Angle: -8.1
2025-03-13 00:30:41,780 - INFO - Time: 1741825841.78s | Pan Error: -0.16, Tilt Error: -0.38
2025-03-13 00:30:41,781 - INFO - Pan Angle: -19.44, Tilt Angle: -8.46
2025-03-13 00:30:41,908 - INFO - Time: 1741825841.91s | Pan Error: -1.55, Tilt Error: -0.35
2025-03-13 00:30:41,911 - INFO - Pan Angle: -18.63, Tilt Angle: -8.64
2025-03-13 00:30:42,044 - INFO - Time: 1741825842.04s | Pan Error: -1.66, Tilt Error: -0.32
2025-03-13 00:30:42,045 - INFO - Pan Angle: -17.82, Tilt Angle: -8.82
2025-03-13 00:30:42,184 - INFO - Time: 1741825842.18s | Pan Error: -1.65, Tilt Error: -0.38
2025-03-13 00:30:42,185 - INFO - Pan Angle: -17.01, Tilt Angle: -9.18
2025-03-13 00:30:42,377 - INFO - Time: 1741825842.38s | Pan Error: -1.23, Tilt Error: -0.34
2025-03-13 00:30:42,378 - INFO - Pan Angle: -16.47, Tilt Angle: -9.36
2025-03-13 00:30:42,552 - INFO - Time: 1741825842.55s | Pan Error: -1.08, Tilt Error: 0.13
2025-03-13 00:30:42,553 - INFO - Pan Angle: -16.2, Tilt Angle: -9.36
2025-03-13 00:30:42,674 - INFO - Time: 1741825842.67s | Pan Error: -1.05, Tilt Error: 0.15
2025-03-13 00:30:42,675 - INFO - Pan Angle: -15.93, Tilt Angle: -9.36
2025-03-13 00:30:42,794 - INFO - Time: 1741825842.79s | Pan Error: 0.47, Tilt Error: 0.08
2025-03-13 00:30:42,795 - INFO - Pan Angle: -16.47, Tilt Angle: -9.36
2025-03-13 00:30:42,920 - INFO - Time: 1741825842.92s | Pan Error: 1.06, Tilt Error: 0.10
2025-03-13 00:30:42,920 - INFO - Pan Angle: -17.28, Tilt Angle: -9.36
2025-03-13 00:30:43,069 - INFO - Time: 1741825843.07s | Pan Error: 1.07, Tilt Error: 0.11
2025-03-13 00:30:43,070 - INFO - Pan Angle: -17.82, Tilt Angle: -9.36
2025-03-13 00:30:43,192 - INFO - Time: 1741825843.19s | Pan Error: 1.08, Tilt Error: 0.10
2025-03-13 00:30:43,193 - INFO - Pan Angle: -18.63, Tilt Angle: -9.36
2025-03-13 00:30:43,377 - INFO - Time: 1741825843.38s | Pan Error: 1.08, Tilt Error: 0.11
2025-03-13 00:30:43,378 - INFO - Pan Angle: -19.44, Tilt Angle: -9.36
2025-03-13 00:30:43,515 - INFO - Time: 1741825843.52s | Pan Error: -0.29, Tilt Error: 0.11
2025-03-13 00:30:43,517 - INFO - Pan Angle: -19.17, Tilt Angle: -9.36
2025-03-13 00:30:46,702 - INFO - Camera stopped
