2025-03-07 01:05:14,962 - INFO - Logging system initialized.
2025-03-07 01:05:14,963 - INFO - 
Pan and Tilt Mechanism: 
Current Date: 2025-03-07_01-05-14

------------------------- Running Parameters -------------------------
Pan Servo: Pin 17, PID Values: 
 KP: 1
 KI: 0.0
 KD: 0.0, Angle Range -135-135, Current Angle -0.0
Tilt Servo: Pin 27, PID Values: 
 KP: 0.5
 KI: 0.0
 KD: 0.5, Angle Range -90-90, Current Angle -0.0

Tracking Point: False
--------------------------------------------------

2025-03-07 01:05:14,992 - INFO - Initialization successful.
2025-03-07 01:05:14,993 - INFO - Camera now open.
2025-03-07 01:05:14,997 - INFO - Camera configuration has been adjusted!
2025-03-07 01:05:14,999 - INFO - Configuration successful!
2025-03-07 01:05:15,057 - INFO - Camera started
2025-03-07 01:05:15,070 - INFO - [31m[1mWARNING: This is a development server. Do not use it in a production deployment. Use a production WSGI server instead.[0m
 * Running on all addresses (0.0.0.0)
 * Running on http://127.0.0.1:5000
 * Running on http://172.20.10.4:5000
2025-03-07 01:05:15,071 - INFO - [33mPress CTRL+C to quit[0m
2025-03-07 01:05:15,251 - INFO - Stream stats - Frame: 0, Size: 174355 bytes, Clients: 0
2025-03-07 01:05:28,874 - INFO - 172.20.10.2 - - [07/Mar/2025 01:05:28] "GET / HTTP/1.1" 200 -
2025-03-07 01:05:28,954 - INFO - Client connected. Total clients: 1
2025-03-07 01:05:29,096 - INFO - 172.20.10.2 - - [07/Mar/2025 01:05:29] "GET /video_feed HTTP/1.1" 200 -
2025-03-07 01:05:31,404 - INFO - Time: 1741309531.40s | Pan Error: 3.28, Tilt Error: -9.32
2025-03-07 01:05:31,405 - INFO - Pan Angle: -3.51, Tilt Angle: -6.66
2025-03-07 01:05:33,911 - INFO - Time: 1741309533.91s | Pan Error: 3.15, Tilt Error: -8.90
2025-03-07 01:05:33,912 - INFO - Pan Angle: -6.75, Tilt Angle: -11.16
2025-03-07 01:05:34,043 - INFO - Time: 1741309534.04s | Pan Error: 0.89, Tilt Error: -8.55
2025-03-07 01:05:34,044 - INFO - Pan Angle: -7.83, Tilt Angle: -15.48
2025-03-07 01:05:34,185 - INFO - Time: 1741309534.19s | Pan Error: -0.50, Tilt Error: -3.72
2025-03-07 01:05:34,186 - INFO - Pan Angle: -7.56, Tilt Angle: -16.92
2025-03-07 01:05:34,335 - INFO - Time: 1741309534.34s | Pan Error: -2.00, Tilt Error: 2.19
2025-03-07 01:05:34,336 - INFO - Pan Angle: -5.67, Tilt Angle: -15.3
2025-03-07 01:05:34,458 - INFO - Time: 1741309534.46s | Pan Error: -2.99, Tilt Error: 4.62
2025-03-07 01:05:34,459 - INFO - Pan Angle: -2.7, Tilt Angle: -12.78
2025-03-07 01:05:34,579 - INFO - Time: 1741309534.58s | Pan Error: -3.28, Tilt Error: 5.90
2025-03-07 01:05:34,580 - INFO - Pan Angle: 0.54, Tilt Angle: -9.72
2025-03-07 01:05:34,709 - INFO - Time: 1741309534.71s | Pan Error: -3.47, Tilt Error: 4.00
2025-03-07 01:05:34,710 - INFO - Pan Angle: 3.78, Tilt Angle: -7.92
2025-03-07 01:05:34,835 - INFO - Time: 1741309534.84s | Pan Error: -4.35, Tilt Error: -1.81
2025-03-07 01:05:34,835 - INFO - Pan Angle: 8.1, Tilt Angle: -9.36
2025-03-07 01:05:34,955 - INFO - Time: 1741309534.96s | Pan Error: -4.66, Tilt Error: -5.25
2025-03-07 01:05:34,956 - INFO - Pan Angle: 12.69, Tilt Angle: -12.42
2025-03-07 01:05:35,075 - INFO - Time: 1741309535.08s | Pan Error: -4.74, Tilt Error: -5.22
2025-03-07 01:05:35,076 - INFO - Pan Angle: 17.28, Tilt Angle: -15.12
2025-03-07 01:05:35,196 - INFO - Time: 1741309535.20s | Pan Error: -4.76, Tilt Error: -2.01
2025-03-07 01:05:35,197 - INFO - Pan Angle: 21.87, Tilt Angle: -16.02
2025-03-07 01:05:35,317 - INFO - Time: 1741309535.32s | Pan Error: -4.60, Tilt Error: 2.06
2025-03-07 01:05:35,318 - INFO - Pan Angle: 26.46, Tilt Angle: -14.76
2025-03-07 01:05:35,442 - INFO - Time: 1741309535.44s | Pan Error: -4.47, Tilt Error: 2.60
2025-03-07 01:05:35,443 - INFO - Pan Angle: 30.78, Tilt Angle: -13.5
2025-03-07 01:05:35,567 - INFO - Time: 1741309535.57s | Pan Error: -4.52, Tilt Error: 2.70
2025-03-07 01:05:35,568 - INFO - Pan Angle: 35.1, Tilt Angle: -12.24
2025-03-07 01:05:35,690 - INFO - Time: 1741309535.69s | Pan Error: -4.68, Tilt Error: 2.20
2025-03-07 01:05:35,692 - INFO - Pan Angle: 39.69, Tilt Angle: -11.34
2025-03-07 01:05:35,813 - INFO - Time: 1741309535.81s | Pan Error: -4.79, Tilt Error: 1.27
2025-03-07 01:05:35,815 - INFO - Pan Angle: 44.28, Tilt Angle: -10.8
2025-03-07 01:05:35,955 - INFO - Time: 1741309535.96s | Pan Error: -4.91, Tilt Error: 0.34
2025-03-07 01:05:35,956 - INFO - Pan Angle: 49.14, Tilt Angle: -10.8
2025-03-07 01:05:36,108 - INFO - Time: 1741309536.11s | Pan Error: -4.93, Tilt Error: -0.75
2025-03-07 01:05:36,109 - INFO - Pan Angle: 54.0, Tilt Angle: -11.34
2025-03-07 01:05:36,232 - INFO - Time: 1741309536.23s | Pan Error: -4.84, Tilt Error: -0.71
2025-03-07 01:05:36,233 - INFO - Pan Angle: 58.59, Tilt Angle: -11.7
2025-03-07 01:05:36,720 - INFO - Time: 1741309536.72s | Pan Error: -4.39, Tilt Error: -0.60
2025-03-07 01:05:36,721 - INFO - Pan Angle: 62.91, Tilt Angle: -12.06
2025-03-07 01:05:36,866 - INFO - Time: 1741309536.87s | Pan Error: -4.40, Tilt Error: -0.57
2025-03-07 01:05:36,867 - INFO - Pan Angle: 67.23, Tilt Angle: -12.42
2025-03-07 01:05:38,477 - INFO - Time: 1741309538.48s | Pan Error: -6.47, Tilt Error: -1.03
2025-03-07 01:05:38,479 - INFO - Pan Angle: 73.44, Tilt Angle: -13.14
2025-03-07 01:05:38,617 - INFO - Time: 1741309538.62s | Pan Error: -5.66, Tilt Error: 3.04
2025-03-07 01:05:38,618 - INFO - Pan Angle: 78.84, Tilt Angle: -11.52
2025-03-07 01:05:38,761 - INFO - Time: 1741309538.76s | Pan Error: -5.51, Tilt Error: 5.22
2025-03-07 01:05:38,762 - INFO - Pan Angle: 84.24, Tilt Angle: -8.82
2025-03-07 01:05:38,887 - INFO - Time: 1741309538.89s | Pan Error: -6.22, Tilt Error: 5.29
2025-03-07 01:05:38,888 - INFO - Pan Angle: 90.45, Tilt Angle: -6.3
2025-03-07 01:05:38,943 - INFO - Stream stats - Frame: 300, Size: 187159 bytes, Clients: 1
2025-03-07 01:05:39,009 - INFO - Time: 1741309539.01s | Pan Error: -6.83, Tilt Error: 3.24
2025-03-07 01:05:39,010 - INFO - Pan Angle: 97.2, Tilt Angle: -4.86
2025-03-07 01:05:39,133 - INFO - Time: 1741309539.13s | Pan Error: -7.68, Tilt Error: 1.10
2025-03-07 01:05:39,134 - INFO - Pan Angle: 104.76, Tilt Angle: -4.5
2025-03-07 01:05:39,258 - INFO - Time: 1741309539.26s | Pan Error: -7.94, Tilt Error: 1.44
2025-03-07 01:05:39,259 - INFO - Pan Angle: 112.59, Tilt Angle: -3.78
2025-03-07 01:05:39,380 - INFO - Time: 1741309539.38s | Pan Error: -7.58, Tilt Error: 4.56
2025-03-07 01:05:39,381 - INFO - Pan Angle: 120.15, Tilt Angle: -1.44
2025-03-07 01:05:39,513 - INFO - Time: 1741309539.51s | Pan Error: -7.02, Tilt Error: 6.70
2025-03-07 01:05:39,514 - INFO - Pan Angle: 127.17, Tilt Angle: 1.98
2025-03-07 01:05:39,640 - INFO - Time: 1741309539.64s | Pan Error: -6.53, Tilt Error: 5.60
2025-03-07 01:05:39,640 - INFO - Pan Angle: 133.65, Tilt Angle: 4.68
2025-03-07 01:05:39,771 - INFO - Time: 1741309539.77s | Pan Error: -6.78, Tilt Error: 2.69
2025-03-07 01:05:39,772 - INFO - Pan Angle: 135.0, Tilt Angle: 5.76
2025-03-07 01:05:39,891 - INFO - Time: 1741309539.89s | Pan Error: -7.03, Tilt Error: -0.03
2025-03-07 01:05:39,892 - INFO - Pan Angle: 135.0, Tilt Angle: 5.58
2025-03-07 01:05:40,010 - INFO - Time: 1741309540.01s | Pan Error: -7.11, Tilt Error: 0.00
2025-03-07 01:05:40,011 - INFO - Pan Angle: 135.0, Tilt Angle: 5.58
2025-03-07 01:05:40,143 - INFO - Time: 1741309540.14s | Pan Error: -7.47, Tilt Error: 1.17
2025-03-07 01:05:40,144 - INFO - Pan Angle: 135.0, Tilt Angle: 6.12
2025-03-07 01:05:40,269 - INFO - Time: 1741309540.27s | Pan Error: -7.57, Tilt Error: 2.21
2025-03-07 01:05:40,270 - INFO - Pan Angle: 135.0, Tilt Angle: 7.2
2025-03-07 01:05:40,395 - INFO - Time: 1741309540.40s | Pan Error: -7.38, Tilt Error: 2.33
2025-03-07 01:05:40,397 - INFO - Pan Angle: 135.0, Tilt Angle: 8.28
2025-03-07 01:05:40,517 - INFO - Time: 1741309540.52s | Pan Error: -7.10, Tilt Error: 2.23
2025-03-07 01:05:40,517 - INFO - Pan Angle: 135.0, Tilt Angle: 9.36
2025-03-07 01:05:40,639 - INFO - Time: 1741309540.64s | Pan Error: -6.72, Tilt Error: 2.20
2025-03-07 01:05:40,640 - INFO - Pan Angle: 135.0, Tilt Angle: 10.44
2025-03-07 01:05:40,763 - INFO - Time: 1741309540.76s | Pan Error: -6.54, Tilt Error: 2.64
2025-03-07 01:05:40,763 - INFO - Pan Angle: 135.0, Tilt Angle: 11.7
2025-03-07 01:05:40,884 - INFO - Time: 1741309540.88s | Pan Error: -6.55, Tilt Error: 1.64
2025-03-07 01:05:40,885 - INFO - Pan Angle: 135.0, Tilt Angle: 12.42
2025-03-07 01:05:41,005 - INFO - Time: 1741309541.01s | Pan Error: -6.57, Tilt Error: 1.35
2025-03-07 01:05:41,006 - INFO - Pan Angle: 135.0, Tilt Angle: 12.96
2025-03-07 01:05:41,135 - INFO - Time: 1741309541.14s | Pan Error: -6.54, Tilt Error: 1.76
2025-03-07 01:05:41,136 - INFO - Pan Angle: 135.0, Tilt Angle: 13.68
2025-03-07 01:05:41,256 - INFO - Time: 1741309541.26s | Pan Error: -6.54, Tilt Error: 1.53
2025-03-07 01:05:41,257 - INFO - Pan Angle: 135.0, Tilt Angle: 14.4
2025-03-07 01:05:41,376 - INFO - Time: 1741309541.38s | Pan Error: -6.47, Tilt Error: 1.41
2025-03-07 01:05:41,377 - INFO - Pan Angle: 135.0, Tilt Angle: 14.94
2025-03-07 01:05:41,520 - INFO - Time: 1741309541.52s | Pan Error: -6.14, Tilt Error: 0.86
2025-03-07 01:05:41,522 - INFO - Pan Angle: 135.0, Tilt Angle: 15.3
2025-03-07 01:05:41,643 - INFO - Time: 1741309541.64s | Pan Error: -5.69, Tilt Error: 1.10
2025-03-07 01:05:41,643 - INFO - Pan Angle: 135.0, Tilt Angle: 15.84
2025-03-07 01:05:41,769 - INFO - Time: 1741309541.77s | Pan Error: -5.39, Tilt Error: 0.75
2025-03-07 01:05:41,770 - INFO - Pan Angle: 135.0, Tilt Angle: 16.2
2025-03-07 01:05:41,891 - INFO - Time: 1741309541.89s | Pan Error: -5.23, Tilt Error: 0.38
2025-03-07 01:05:41,892 - INFO - Pan Angle: 135.0, Tilt Angle: 16.2
2025-03-07 01:05:42,010 - INFO - Time: 1741309542.01s | Pan Error: -5.22, Tilt Error: -0.09
2025-03-07 01:05:42,011 - INFO - Pan Angle: 135.0, Tilt Angle: 16.02
2025-03-07 01:05:42,132 - INFO - Time: 1741309542.13s | Pan Error: -5.29, Tilt Error: -0.07
2025-03-07 01:05:42,133 - INFO - Pan Angle: 135.0, Tilt Angle: 15.84
2025-03-07 01:05:42,248 - INFO - Time: 1741309542.25s | Pan Error: -5.28, Tilt Error: 0.01
2025-03-07 01:05:42,249 - INFO - Pan Angle: 135.0, Tilt Angle: 15.84
2025-03-07 01:05:42,372 - INFO - Time: 1741309542.37s | Pan Error: -5.15, Tilt Error: 0.04
2025-03-07 01:05:42,373 - INFO - Pan Angle: 135.0, Tilt Angle: 15.84
2025-03-07 01:05:42,500 - INFO - Time: 1741309542.50s | Pan Error: -5.07, Tilt Error: 0.02
2025-03-07 01:05:42,501 - INFO - Pan Angle: 135.0, Tilt Angle: 15.84
2025-03-07 01:05:42,636 - INFO - Time: 1741309542.64s | Pan Error: -4.94, Tilt Error: -0.04
2025-03-07 01:05:42,637 - INFO - Pan Angle: 135.0, Tilt Angle: 15.66
2025-03-07 01:05:42,758 - INFO - Time: 1741309542.76s | Pan Error: -4.77, Tilt Error: -0.10
2025-03-07 01:05:42,758 - INFO - Pan Angle: 135.0, Tilt Angle: 15.48
2025-03-07 01:05:42,883 - INFO - Time: 1741309542.88s | Pan Error: -4.87, Tilt Error: -0.74
2025-03-07 01:05:42,884 - INFO - Pan Angle: 135.0, Tilt Angle: 14.94
2025-03-07 01:05:43,006 - INFO - Time: 1741309543.01s | Pan Error: -4.74, Tilt Error: -3.90
2025-03-07 01:05:43,007 - INFO - Pan Angle: 135.0, Tilt Angle: 12.78
2025-03-07 01:05:43,129 - INFO - Time: 1741309543.13s | Pan Error: -3.47, Tilt Error: -8.48
2025-03-07 01:05:43,130 - INFO - Pan Angle: 135.0, Tilt Angle: 8.28
2025-03-07 01:05:43,244 - INFO - Time: 1741309543.24s | Pan Error: -2.58, Tilt Error: -9.78
2025-03-07 01:05:43,245 - INFO - Pan Angle: 135.0, Tilt Angle: 3.24
2025-03-07 01:05:43,387 - INFO - Time: 1741309543.39s | Pan Error: -1.92, Tilt Error: -6.85
2025-03-07 01:05:43,391 - INFO - Pan Angle: 135.0, Tilt Angle: -0.18
2025-03-07 01:05:45,468 - INFO - Time: 1741309545.47s | Pan Error: -1.83, Tilt Error: -9.35
2025-03-07 01:05:45,470 - INFO - Pan Angle: 135.0, Tilt Angle: -5.04
2025-03-07 01:05:45,597 - INFO - Time: 1741309545.60s | Pan Error: -0.98, Tilt Error: -8.38
2025-03-07 01:05:45,598 - INFO - Pan Angle: 135.0, Tilt Angle: -9.36
2025-03-07 01:05:45,726 - INFO - Time: 1741309545.73s | Pan Error: -0.40, Tilt Error: -2.39
2025-03-07 01:05:45,728 - INFO - Pan Angle: 135.0, Tilt Angle: -10.44
2025-03-07 01:05:45,846 - INFO - Time: 1741309545.85s | Pan Error: -0.70, Tilt Error: 1.62
2025-03-07 01:05:45,847 - INFO - Pan Angle: 135.0, Tilt Angle: -9.54
2025-03-07 01:05:45,970 - INFO - Time: 1741309545.97s | Pan Error: -0.85, Tilt Error: 2.89
2025-03-07 01:05:45,971 - INFO - Pan Angle: 135.0, Tilt Angle: -8.1
2025-03-07 01:05:46,107 - INFO - Time: 1741309546.11s | Pan Error: -1.07, Tilt Error: 2.23
2025-03-07 01:05:46,108 - INFO - Pan Angle: 135.0, Tilt Angle: -7.02
2025-03-07 01:05:46,250 - INFO - Time: 1741309546.25s | Pan Error: -1.09, Tilt Error: 1.17
2025-03-07 01:05:46,251 - INFO - Pan Angle: 135.0, Tilt Angle: -6.48
2025-03-07 01:05:46,389 - INFO - Time: 1741309546.39s | Pan Error: -1.03, Tilt Error: -0.59
2025-03-07 01:05:46,390 - INFO - Pan Angle: 135.0, Tilt Angle: -6.84
2025-03-07 01:05:46,511 - INFO - Time: 1741309546.51s | Pan Error: -0.60, Tilt Error: -2.93
2025-03-07 01:05:46,512 - INFO - Pan Angle: 135.0, Tilt Angle: -8.46
2025-03-07 01:05:46,637 - INFO - Time: 1741309546.64s | Pan Error: 0.31, Tilt Error: -7.13
2025-03-07 01:05:46,638 - INFO - Pan Angle: 134.46, Tilt Angle: -12.24
2025-03-07 01:05:46,763 - INFO - Time: 1741309546.76s | Pan Error: 0.84, Tilt Error: -10.87
2025-03-07 01:05:46,764 - INFO - Pan Angle: 133.38, Tilt Angle: -17.82
2025-03-07 01:05:46,879 - INFO - Time: 1741309546.88s | Pan Error: 0.70, Tilt Error: -7.39
2025-03-07 01:05:46,880 - INFO - Pan Angle: 132.57, Tilt Angle: -21.42
2025-03-07 01:05:47,002 - INFO - Time: 1741309547.00s | Pan Error: 0.79, Tilt Error: -2.19
2025-03-07 01:05:47,003 - INFO - Pan Angle: 131.76, Tilt Angle: -22.5
2025-03-07 01:05:47,125 - INFO - Time: 1741309547.13s | Pan Error: 0.75, Tilt Error: 1.70
2025-03-07 01:05:47,126 - INFO - Pan Angle: 130.95, Tilt Angle: -21.6
2025-03-07 01:05:47,244 - INFO - Time: 1741309547.24s | Pan Error: 0.88, Tilt Error: 1.80
2025-03-07 01:05:47,245 - INFO - Pan Angle: 129.87, Tilt Angle: -20.7
2025-03-07 01:05:47,369 - INFO - Time: 1741309547.37s | Pan Error: 0.80, Tilt Error: 1.25
2025-03-07 01:05:47,370 - INFO - Pan Angle: 129.06, Tilt Angle: -20.16
2025-03-07 01:05:47,501 - INFO - Time: 1741309547.50s | Pan Error: 0.61, Tilt Error: -0.22
2025-03-07 01:05:47,502 - INFO - Pan Angle: 128.25, Tilt Angle: -20.34
2025-03-07 01:05:47,624 - INFO - Time: 1741309547.62s | Pan Error: 0.46, Tilt Error: -2.94
2025-03-07 01:05:47,625 - INFO - Pan Angle: 127.71, Tilt Angle: -21.96
2025-03-07 01:05:47,749 - INFO - Time: 1741309547.75s | Pan Error: 0.51, Tilt Error: -5.44
2025-03-07 01:05:47,751 - INFO - Pan Angle: 127.17, Tilt Angle: -24.84
2025-03-07 01:05:47,881 - INFO - Time: 1741309547.88s | Pan Error: 0.42, Tilt Error: -6.36
2025-03-07 01:05:47,883 - INFO - Pan Angle: 126.63, Tilt Angle: -28.08
2025-03-07 01:05:48,006 - INFO - Time: 1741309548.01s | Pan Error: 0.18, Tilt Error: -4.04
2025-03-07 01:05:48,007 - INFO - Pan Angle: 126.36, Tilt Angle: -30.06
2025-03-07 01:05:48,151 - INFO - Time: 1741309548.15s | Pan Error: 0.07, Tilt Error: -1.13
2025-03-07 01:05:48,153 - INFO - Pan Angle: 126.09, Tilt Angle: -30.6
2025-03-07 01:05:48,305 - INFO - Time: 1741309548.31s | Pan Error: -0.20, Tilt Error: 0.43
2025-03-07 01:05:48,306 - INFO - Pan Angle: 126.09, Tilt Angle: -30.42
2025-03-07 01:05:48,457 - INFO - Time: 1741309548.46s | Pan Error: -0.21, Tilt Error: 1.29
2025-03-07 01:05:48,458 - INFO - Pan Angle: 126.09, Tilt Angle: -29.88
2025-03-07 01:05:48,932 - INFO - Stream stats - Frame: 600, Size: 184872 bytes, Clients: 1
2025-03-07 01:05:49,013 - INFO - Time: 1741309549.01s | Pan Error: -0.91, Tilt Error: -3.56
2025-03-07 01:05:49,014 - INFO - Pan Angle: 126.9, Tilt Angle: -31.86
2025-03-07 01:05:49,140 - INFO - Time: 1741309549.14s | Pan Error: -0.90, Tilt Error: -5.57
2025-03-07 01:05:49,141 - INFO - Pan Angle: 127.71, Tilt Angle: -34.74
2025-03-07 01:05:49,270 - INFO - Time: 1741309549.27s | Pan Error: -1.06, Tilt Error: -5.09
2025-03-07 01:05:49,271 - INFO - Pan Angle: 128.52, Tilt Angle: -37.44
2025-03-07 01:05:49,554 - INFO - Time: 1741309549.55s | Pan Error: -1.82, Tilt Error: 1.17
2025-03-07 01:05:49,555 - INFO - Pan Angle: 130.14, Tilt Angle: -36.72
2025-03-07 01:05:49,681 - INFO - Time: 1741309549.68s | Pan Error: -1.86, Tilt Error: 1.21
2025-03-07 01:05:49,682 - INFO - Pan Angle: 131.76, Tilt Angle: -36.18
2025-03-07 01:05:49,812 - INFO - Time: 1741309549.81s | Pan Error: -1.76, Tilt Error: 1.42
2025-03-07 01:05:49,813 - INFO - Pan Angle: 133.38, Tilt Angle: -35.64
2025-03-07 01:05:50,059 - INFO - Time: 1741309550.06s | Pan Error: -1.83, Tilt Error: 0.97
2025-03-07 01:05:50,060 - INFO - Pan Angle: 135.0, Tilt Angle: -35.28
2025-03-07 01:05:50,299 - INFO - Time: 1741309550.30s | Pan Error: -2.04, Tilt Error: -6.19
2025-03-07 01:05:50,300 - INFO - Pan Angle: 135.0, Tilt Angle: -38.7
2025-03-07 01:05:50,419 - INFO - Time: 1741309550.42s | Pan Error: -2.09, Tilt Error: -7.55
2025-03-07 01:05:50,421 - INFO - Pan Angle: 135.0, Tilt Angle: -42.66
2025-03-07 01:05:50,540 - INFO - Time: 1741309550.54s | Pan Error: -2.36, Tilt Error: -6.25
2025-03-07 01:05:50,541 - INFO - Pan Angle: 135.0, Tilt Angle: -45.9
2025-03-07 01:05:50,781 - INFO - Time: 1741309550.78s | Pan Error: -2.39, Tilt Error: 2.48
2025-03-07 01:05:50,781 - INFO - Pan Angle: 135.0, Tilt Angle: -44.64
2025-03-07 01:05:50,901 - INFO - Time: 1741309550.90s | Pan Error: -2.26, Tilt Error: 2.71
2025-03-07 01:05:50,903 - INFO - Pan Angle: 135.0, Tilt Angle: -43.38
2025-03-07 01:05:51,036 - INFO - Time: 1741309551.04s | Pan Error: -2.18, Tilt Error: 2.76
2025-03-07 01:05:51,036 - INFO - Pan Angle: 135.0, Tilt Angle: -42.12
2025-03-07 01:05:51,179 - INFO - Time: 1741309551.18s | Pan Error: -2.24, Tilt Error: 2.70
2025-03-07 01:05:51,180 - INFO - Pan Angle: 135.0, Tilt Angle: -40.86
2025-03-07 01:05:51,304 - INFO - Time: 1741309551.30s | Pan Error: -2.49, Tilt Error: 1.16
2025-03-07 01:05:51,305 - INFO - Pan Angle: 135.0, Tilt Angle: -40.32
2025-03-07 01:05:51,428 - INFO - Time: 1741309551.43s | Pan Error: -2.89, Tilt Error: -2.90
2025-03-07 01:05:51,429 - INFO - Pan Angle: 135.0, Tilt Angle: -41.94
2025-03-07 01:05:51,550 - INFO - Time: 1741309551.55s | Pan Error: -2.84, Tilt Error: -5.57
2025-03-07 01:05:51,551 - INFO - Pan Angle: 135.0, Tilt Angle: -44.82
2025-03-07 01:05:51,672 - INFO - Time: 1741309551.67s | Pan Error: -2.54, Tilt Error: -9.46
2025-03-07 01:05:51,673 - INFO - Pan Angle: 135.0, Tilt Angle: -49.68
2025-03-07 01:05:51,795 - INFO - Time: 1741309551.80s | Pan Error: -2.34, Tilt Error: -9.43
2025-03-07 01:05:51,796 - INFO - Pan Angle: 135.0, Tilt Angle: -54.54
2025-03-07 01:05:51,914 - INFO - Time: 1741309551.91s | Pan Error: -2.15, Tilt Error: -4.06
2025-03-07 01:05:51,915 - INFO - Pan Angle: 135.0, Tilt Angle: -56.52
2025-03-07 01:05:52,155 - INFO - Time: 1741309552.16s | Pan Error: -1.69, Tilt Error: 3.70
2025-03-07 01:05:52,156 - INFO - Pan Angle: 135.0, Tilt Angle: -54.54
2025-03-07 01:05:52,276 - INFO - Time: 1741309552.28s | Pan Error: -1.53, Tilt Error: 4.13
2025-03-07 01:05:52,277 - INFO - Pan Angle: 135.0, Tilt Angle: -52.56
2025-03-07 01:05:52,402 - INFO - Time: 1741309552.40s | Pan Error: -1.34, Tilt Error: 3.95
2025-03-07 01:05:52,403 - INFO - Pan Angle: 135.0, Tilt Angle: -50.76
2025-03-07 01:05:52,878 - INFO - Time: 1741309552.88s | Pan Error: -1.54, Tilt Error: 12.36
2025-03-07 01:05:52,879 - INFO - Pan Angle: 135.0, Tilt Angle: -44.46
2025-03-07 01:05:53,000 - INFO - Time: 1741309553.00s | Pan Error: -1.59, Tilt Error: 15.79
2025-03-07 01:05:53,001 - INFO - Pan Angle: 135.0, Tilt Angle: -36.54
2025-03-07 01:05:53,137 - INFO - Time: 1741309553.14s | Pan Error: -1.99, Tilt Error: 10.21
2025-03-07 01:05:53,139 - INFO - Pan Angle: 135.0, Tilt Angle: -31.68
2025-03-07 01:05:53,264 - INFO - Time: 1741309553.26s | Pan Error: -2.30, Tilt Error: 2.45
2025-03-07 01:05:53,265 - INFO - Pan Angle: 135.0, Tilt Angle: -30.78
2025-03-07 01:05:53,388 - INFO - Time: 1741309553.39s | Pan Error: -2.41, Tilt Error: -2.63
2025-03-07 01:05:53,389 - INFO - Pan Angle: 135.0, Tilt Angle: -32.22
2025-03-07 01:05:53,519 - INFO - Time: 1741309553.52s | Pan Error: -2.64, Tilt Error: -3.66
2025-03-07 01:05:53,520 - INFO - Pan Angle: 135.0, Tilt Angle: -34.2
2025-03-07 01:05:53,642 - INFO - Time: 1741309553.64s | Pan Error: -2.80, Tilt Error: -3.38
2025-03-07 01:05:53,642 - INFO - Pan Angle: 135.0, Tilt Angle: -36.0
2025-03-07 01:05:53,770 - INFO - Time: 1741309553.77s | Pan Error: -2.86, Tilt Error: -1.56
2025-03-07 01:05:53,771 - INFO - Pan Angle: 135.0, Tilt Angle: -36.9
2025-03-07 01:05:53,903 - INFO - Time: 1741309553.90s | Pan Error: -2.52, Tilt Error: 4.52
2025-03-07 01:05:53,904 - INFO - Pan Angle: 135.0, Tilt Angle: -34.56
2025-03-07 01:05:54,027 - INFO - Time: 1741309554.03s | Pan Error: -1.81, Tilt Error: 10.11
2025-03-07 01:05:54,028 - INFO - Pan Angle: 135.0, Tilt Angle: -29.52
2025-03-07 01:05:54,151 - INFO - Time: 1741309554.15s | Pan Error: -1.40, Tilt Error: 12.52
2025-03-07 01:05:54,153 - INFO - Pan Angle: 135.0, Tilt Angle: -23.22
2025-03-07 01:05:54,274 - INFO - Time: 1741309554.27s | Pan Error: -1.44, Tilt Error: 9.69
2025-03-07 01:05:54,275 - INFO - Pan Angle: 135.0, Tilt Angle: -18.54
2025-03-07 01:05:54,397 - INFO - Time: 1741309554.40s | Pan Error: -1.76, Tilt Error: 3.78
2025-03-07 01:05:54,398 - INFO - Pan Angle: 135.0, Tilt Angle: -16.92
2025-03-07 01:05:54,534 - INFO - Time: 1741309554.53s | Pan Error: -2.16, Tilt Error: -0.76
2025-03-07 01:05:54,535 - INFO - Pan Angle: 135.0, Tilt Angle: -17.46
2025-03-07 01:05:54,667 - INFO - Time: 1741309554.67s | Pan Error: -2.21, Tilt Error: -2.49
2025-03-07 01:05:54,667 - INFO - Pan Angle: 135.0, Tilt Angle: -18.9
2025-03-07 01:05:54,795 - INFO - Time: 1741309554.79s | Pan Error: -2.23, Tilt Error: -2.31
2025-03-07 01:05:54,795 - INFO - Pan Angle: 135.0, Tilt Angle: -20.16
2025-03-07 01:05:54,920 - INFO - Time: 1741309554.92s | Pan Error: -2.27, Tilt Error: -1.87
2025-03-07 01:05:54,921 - INFO - Pan Angle: 135.0, Tilt Angle: -21.24
2025-03-07 01:05:55,042 - INFO - Time: 1741309555.04s | Pan Error: -2.51, Tilt Error: 1.67
2025-03-07 01:05:55,043 - INFO - Pan Angle: 135.0, Tilt Angle: -20.34
2025-03-07 01:05:55,297 - INFO - Time: 1741309555.30s | Pan Error: -2.26, Tilt Error: 12.54
2025-03-07 01:05:55,298 - INFO - Pan Angle: 135.0, Tilt Angle: -14.04
2025-03-07 01:05:55,421 - INFO - Time: 1741309555.42s | Pan Error: -1.76, Tilt Error: 15.84
2025-03-07 01:05:55,422 - INFO - Pan Angle: 135.0, Tilt Angle: -6.12
2025-03-07 01:05:55,544 - INFO - Time: 1741309555.54s | Pan Error: -2.00, Tilt Error: 11.28
2025-03-07 01:05:55,544 - INFO - Pan Angle: 135.0, Tilt Angle: -0.72
2025-03-07 01:05:55,666 - INFO - Time: 1741309555.67s | Pan Error: -2.60, Tilt Error: 3.87
2025-03-07 01:05:55,668 - INFO - Pan Angle: 135.0, Tilt Angle: 0.9
2025-03-07 01:05:55,807 - INFO - Time: 1741309555.81s | Pan Error: -3.22, Tilt Error: -1.24
2025-03-07 01:05:55,808 - INFO - Pan Angle: 135.0, Tilt Angle: 0.18
2025-03-07 01:05:55,945 - INFO - Time: 1741309555.95s | Pan Error: -3.22, Tilt Error: -3.21
2025-03-07 01:05:55,945 - INFO - Pan Angle: 135.0, Tilt Angle: -1.62
2025-03-07 01:05:56,065 - INFO - Time: 1741309556.07s | Pan Error: -3.26, Tilt Error: -3.03
2025-03-07 01:05:56,065 - INFO - Pan Angle: 135.0, Tilt Angle: -3.24
2025-03-07 01:05:56,190 - INFO - Time: 1741309556.19s | Pan Error: -3.39, Tilt Error: -2.52
2025-03-07 01:05:56,191 - INFO - Pan Angle: 135.0, Tilt Angle: -4.5
2025-03-07 01:05:56,309 - INFO - Time: 1741309556.31s | Pan Error: -3.43, Tilt Error: 0.01
2025-03-07 01:05:56,310 - INFO - Pan Angle: 135.0, Tilt Angle: -4.5
2025-03-07 01:05:56,428 - INFO - Time: 1741309556.43s | Pan Error: -3.60, Tilt Error: 0.56
2025-03-07 01:05:56,429 - INFO - Pan Angle: 135.0, Tilt Angle: -4.32
2025-03-07 01:05:56,554 - INFO - Time: 1741309556.55s | Pan Error: -3.59, Tilt Error: 0.51
2025-03-07 01:05:56,555 - INFO - Pan Angle: 135.0, Tilt Angle: -4.14
2025-03-07 01:05:56,680 - INFO - Time: 1741309556.68s | Pan Error: -3.55, Tilt Error: 0.70
2025-03-07 01:05:56,681 - INFO - Pan Angle: 135.0, Tilt Angle: -3.96
2025-03-07 01:05:57,060 - INFO - Time: 1741309557.06s | Pan Error: -3.59, Tilt Error: 1.89
2025-03-07 01:05:57,061 - INFO - Pan Angle: 135.0, Tilt Angle: -3.06
2025-03-07 01:05:57,182 - INFO - Time: 1741309557.18s | Pan Error: -3.31, Tilt Error: 4.42
2025-03-07 01:05:57,184 - INFO - Pan Angle: 135.0, Tilt Angle: -0.9
2025-03-07 01:05:57,305 - INFO - Time: 1741309557.31s | Pan Error: -2.06, Tilt Error: 8.91
2025-03-07 01:05:57,306 - INFO - Pan Angle: 135.0, Tilt Angle: 3.6
2025-03-07 01:05:57,435 - INFO - Time: 1741309557.44s | Pan Error: -1.17, Tilt Error: 9.94
2025-03-07 01:05:57,436 - INFO - Pan Angle: 135.0, Tilt Angle: 8.46
2025-03-07 01:05:57,560 - INFO - Time: 1741309557.56s | Pan Error: -1.03, Tilt Error: 6.14
2025-03-07 01:05:57,561 - INFO - Pan Angle: 135.0, Tilt Angle: 11.34
2025-03-07 01:05:57,680 - INFO - Time: 1741309557.68s | Pan Error: -1.01, Tilt Error: 2.01
2025-03-07 01:05:57,681 - INFO - Pan Angle: 135.0, Tilt Angle: 12.24
2025-03-07 01:05:57,925 - INFO - Time: 1741309557.93s | Pan Error: -0.90, Tilt Error: -2.14
2025-03-07 01:05:57,926 - INFO - Pan Angle: 135.0, Tilt Angle: 10.98
2025-03-07 01:05:58,049 - INFO - Time: 1741309558.05s | Pan Error: -0.86, Tilt Error: -1.95
2025-03-07 01:05:58,050 - INFO - Pan Angle: 135.0, Tilt Angle: 9.9
2025-03-07 01:05:58,185 - INFO - Time: 1741309558.19s | Pan Error: -0.67, Tilt Error: -2.13
2025-03-07 01:05:58,186 - INFO - Pan Angle: 135.0, Tilt Angle: 8.82
2025-03-07 01:05:58,322 - INFO - Time: 1741309558.32s | Pan Error: -0.80, Tilt Error: -2.69
2025-03-07 01:05:58,322 - INFO - Pan Angle: 135.0, Tilt Angle: 7.38
2025-03-07 01:05:58,436 - INFO - Time: 1741309558.44s | Pan Error: -1.27, Tilt Error: -1.90
2025-03-07 01:05:58,437 - INFO - Pan Angle: 135.0, Tilt Angle: 6.3
2025-03-07 01:05:58,556 - INFO - Time: 1741309558.56s | Pan Error: -1.32, Tilt Error: -4.40
2025-03-07 01:05:58,557 - INFO - Pan Angle: 135.0, Tilt Angle: 3.96
2025-03-07 01:05:58,674 - INFO - Time: 1741309558.67s | Pan Error: -0.80, Tilt Error: -6.77
2025-03-07 01:05:58,675 - INFO - Pan Angle: 135.0, Tilt Angle: 0.36
2025-03-07 01:05:58,796 - INFO - Time: 1741309558.80s | Pan Error: 0.01, Tilt Error: -6.28
2025-03-07 01:05:58,797 - INFO - Pan Angle: 134.73, Tilt Angle: -2.88
2025-03-07 01:05:58,923 - INFO - Time: 1741309558.92s | Pan Error: -0.13, Tilt Error: -4.21
2025-03-07 01:05:58,925 - INFO - Pan Angle: 134.73, Tilt Angle: -5.04
2025-03-07 01:05:58,931 - INFO - Stream stats - Frame: 900, Size: 182236 bytes, Clients: 1
2025-03-07 01:05:59,167 - INFO - Time: 1741309559.17s | Pan Error: -0.89, Tilt Error: 2.30
2025-03-07 01:05:59,168 - INFO - Pan Angle: 135.0, Tilt Angle: -3.96
2025-03-07 01:05:59,291 - INFO - Time: 1741309559.29s | Pan Error: -0.81, Tilt Error: 2.29
2025-03-07 01:05:59,292 - INFO - Pan Angle: 135.0, Tilt Angle: -2.88
2025-03-07 01:05:59,769 - INFO - Time: 1741309559.77s | Pan Error: -1.18, Tilt Error: -15.38
2025-03-07 01:05:59,770 - INFO - Pan Angle: 135.0, Tilt Angle: -10.98
2025-03-07 01:05:59,901 - INFO - Time: 1741309559.90s | Pan Error: -1.14, Tilt Error: -17.51
2025-03-07 01:05:59,902 - INFO - Pan Angle: 135.0, Tilt Angle: -19.8
2025-03-07 01:06:00,034 - INFO - Time: 1741309560.03s | Pan Error: -0.75, Tilt Error: -11.09
2025-03-07 01:06:00,035 - INFO - Pan Angle: 135.0, Tilt Angle: -25.38
2025-03-07 01:06:00,189 - INFO - Time: 1741309560.19s | Pan Error: -0.69, Tilt Error: -1.52
2025-03-07 01:06:00,191 - INFO - Pan Angle: 135.0, Tilt Angle: -26.1
2025-03-07 01:06:00,341 - INFO - Time: 1741309560.34s | Pan Error: -0.07, Tilt Error: 4.58
2025-03-07 01:06:00,342 - INFO - Pan Angle: 135.0, Tilt Angle: -23.76
2025-03-07 01:06:00,472 - INFO - Time: 1741309560.47s | Pan Error: -0.33, Tilt Error: 5.60
2025-03-07 01:06:00,473 - INFO - Pan Angle: 135.0, Tilt Angle: -21.06
2025-03-07 01:06:00,638 - INFO - Time: 1741309560.64s | Pan Error: -0.30, Tilt Error: 5.43
2025-03-07 01:06:00,639 - INFO - Pan Angle: 135.0, Tilt Angle: -18.36
2025-03-07 01:06:01,089 - INFO - Time: 1741309561.09s | Pan Error: -0.65, Tilt Error: -12.07
2025-03-07 01:06:01,090 - INFO - Pan Angle: 135.0, Tilt Angle: -24.84
2025-03-07 01:06:01,225 - INFO - Time: 1741309561.23s | Pan Error: -1.13, Tilt Error: -12.45
2025-03-07 01:06:01,226 - INFO - Pan Angle: 135.0, Tilt Angle: -31.14
2025-03-07 01:06:01,357 - INFO - Time: 1741309561.36s | Pan Error: -1.03, Tilt Error: -6.97
2025-03-07 01:06:01,358 - INFO - Pan Angle: 135.0, Tilt Angle: -34.56
2025-03-07 01:06:01,484 - INFO - Time: 1741309561.48s | Pan Error: -0.81, Tilt Error: -0.49
2025-03-07 01:06:01,485 - INFO - Pan Angle: 135.0, Tilt Angle: -34.74
2025-03-07 01:06:01,726 - INFO - Time: 1741309561.73s | Pan Error: -1.01, Tilt Error: 3.32
2025-03-07 01:06:01,727 - INFO - Pan Angle: 135.0, Tilt Angle: -33.12
2025-03-07 01:06:01,845 - INFO - Time: 1741309561.85s | Pan Error: -1.05, Tilt Error: 3.85
2025-03-07 01:06:01,846 - INFO - Pan Angle: 135.0, Tilt Angle: -31.32
2025-03-07 01:06:01,966 - INFO - Time: 1741309561.97s | Pan Error: -0.99, Tilt Error: 3.32
2025-03-07 01:06:01,967 - INFO - Pan Angle: 135.0, Tilt Angle: -29.7
2025-03-07 01:06:02,240 - INFO - Time: 1741309562.24s | Pan Error: -1.60, Tilt Error: -7.36
2025-03-07 01:06:02,242 - INFO - Pan Angle: 135.0, Tilt Angle: -33.66
2025-03-07 01:06:02,370 - INFO - Time: 1741309562.37s | Pan Error: -2.20, Tilt Error: -8.79
2025-03-07 01:06:02,371 - INFO - Pan Angle: 135.0, Tilt Angle: -38.16
2025-03-07 01:06:02,490 - INFO - Time: 1741309562.49s | Pan Error: -2.80, Tilt Error: -6.39
2025-03-07 01:06:02,491 - INFO - Pan Angle: 135.0, Tilt Angle: -41.4
2025-03-07 01:06:02,616 - INFO - Time: 1741309562.62s | Pan Error: -2.66, Tilt Error: -1.48
2025-03-07 01:06:02,617 - INFO - Pan Angle: 135.0, Tilt Angle: -42.12
2025-03-07 01:06:02,739 - INFO - Time: 1741309562.74s | Pan Error: -2.82, Tilt Error: 1.71
2025-03-07 01:06:02,740 - INFO - Pan Angle: 135.0, Tilt Angle: -41.22
2025-03-07 01:06:02,857 - INFO - Time: 1741309562.86s | Pan Error: -2.71, Tilt Error: 3.06
2025-03-07 01:06:02,858 - INFO - Pan Angle: 135.0, Tilt Angle: -39.78
2025-03-07 01:06:02,975 - INFO - Time: 1741309562.98s | Pan Error: -2.60, Tilt Error: 3.08
2025-03-07 01:06:02,976 - INFO - Pan Angle: 135.0, Tilt Angle: -38.34
2025-03-07 01:06:03,094 - INFO - Time: 1741309563.09s | Pan Error: -2.55, Tilt Error: 3.40
2025-03-07 01:06:03,095 - INFO - Pan Angle: 135.0, Tilt Angle: -36.72
2025-03-07 01:06:03,217 - INFO - Time: 1741309563.22s | Pan Error: -2.81, Tilt Error: 3.98
2025-03-07 01:06:03,218 - INFO - Pan Angle: 135.0, Tilt Angle: -34.74
2025-03-07 01:06:03,355 - INFO - Time: 1741309563.36s | Pan Error: -2.51, Tilt Error: 7.23
2025-03-07 01:06:03,356 - INFO - Pan Angle: 135.0, Tilt Angle: -31.14
2025-03-07 01:06:03,486 - INFO - Time: 1741309563.49s | Pan Error: -1.94, Tilt Error: 9.35
2025-03-07 01:06:03,486 - INFO - Pan Angle: 135.0, Tilt Angle: -26.46
2025-03-07 01:06:03,610 - INFO - Time: 1741309563.61s | Pan Error: -2.00, Tilt Error: 7.55
2025-03-07 01:06:03,611 - INFO - Pan Angle: 135.0, Tilt Angle: -22.86
2025-03-07 01:06:03,960 - INFO - Time: 1741309563.96s | Pan Error: -2.28, Tilt Error: -2.03
2025-03-07 01:06:03,961 - INFO - Pan Angle: 135.0, Tilt Angle: -24.12
2025-03-07 01:06:04,091 - INFO - Time: 1741309564.09s | Pan Error: -2.45, Tilt Error: -1.81
2025-03-07 01:06:04,092 - INFO - Pan Angle: 135.0, Tilt Angle: -25.2
2025-03-07 01:06:04,333 - INFO - Time: 1741309564.33s | Pan Error: -2.57, Tilt Error: 5.09
2025-03-07 01:06:04,334 - INFO - Pan Angle: 135.0, Tilt Angle: -22.68
2025-03-07 01:06:04,456 - INFO - Time: 1741309564.46s | Pan Error: -2.58, Tilt Error: 7.74
2025-03-07 01:06:04,457 - INFO - Pan Angle: 135.0, Tilt Angle: -18.9
2025-03-07 01:06:04,574 - INFO - Time: 1741309564.57s | Pan Error: -2.47, Tilt Error: 8.48
2025-03-07 01:06:04,575 - INFO - Pan Angle: 135.0, Tilt Angle: -14.76
2025-03-07 01:06:04,693 - INFO - Time: 1741309564.69s | Pan Error: -2.62, Tilt Error: 5.10
2025-03-07 01:06:04,694 - INFO - Pan Angle: 135.0, Tilt Angle: -12.42
2025-03-07 01:06:04,938 - INFO - Time: 1741309564.94s | Pan Error: -3.16, Tilt Error: -1.40
2025-03-07 01:06:04,938 - INFO - Pan Angle: 135.0, Tilt Angle: -13.32
2025-03-07 01:06:05,061 - INFO - Time: 1741309565.06s | Pan Error: -3.16, Tilt Error: -1.15
2025-03-07 01:06:05,062 - INFO - Pan Angle: 135.0, Tilt Angle: -14.04
2025-03-07 01:06:05,337 - INFO - Time: 1741309565.34s | Pan Error: -3.11, Tilt Error: -0.07
2025-03-07 01:06:05,338 - INFO - Pan Angle: 135.0, Tilt Angle: -14.22
2025-03-07 01:06:05,468 - INFO - Time: 1741309565.47s | Pan Error: -3.05, Tilt Error: 1.98
2025-03-07 01:06:05,469 - INFO - Pan Angle: 135.0, Tilt Angle: -13.32
2025-03-07 01:06:05,607 - INFO - Time: 1741309565.61s | Pan Error: -2.75, Tilt Error: 4.88
2025-03-07 01:06:05,608 - INFO - Pan Angle: 135.0, Tilt Angle: -10.98
2025-03-07 01:06:05,734 - INFO - Time: 1741309565.73s | Pan Error: -2.13, Tilt Error: 7.82
2025-03-07 01:06:05,735 - INFO - Pan Angle: 135.0, Tilt Angle: -7.2
2025-03-07 01:06:05,860 - INFO - Time: 1741309565.86s | Pan Error: -2.00, Tilt Error: 7.63
2025-03-07 01:06:05,860 - INFO - Pan Angle: 135.0, Tilt Angle: -3.42
2025-03-07 01:06:05,986 - INFO - Time: 1741309565.99s | Pan Error: -2.40, Tilt Error: 3.80
2025-03-07 01:06:05,988 - INFO - Pan Angle: 135.0, Tilt Angle: -1.62
2025-03-07 01:06:06,236 - INFO - Time: 1741309566.24s | Pan Error: -2.88, Tilt Error: -1.11
2025-03-07 01:06:06,237 - INFO - Pan Angle: 135.0, Tilt Angle: -2.34
2025-03-07 01:06:06,360 - INFO - Time: 1741309566.36s | Pan Error: -2.93, Tilt Error: -0.37
2025-03-07 01:06:06,361 - INFO - Pan Angle: 135.0, Tilt Angle: -2.52
2025-03-07 01:06:06,502 - INFO - Time: 1741309566.50s | Pan Error: -3.19, Tilt Error: 1.39
2025-03-07 01:06:06,502 - INFO - Pan Angle: 135.0, Tilt Angle: -1.98
2025-03-07 01:06:06,623 - INFO - Time: 1741309566.62s | Pan Error: -3.26, Tilt Error: 4.41
2025-03-07 01:06:06,623 - INFO - Pan Angle: 135.0, Tilt Angle: 0.18
2025-03-07 01:06:06,746 - INFO - Time: 1741309566.75s | Pan Error: -3.23, Tilt Error: 6.64
2025-03-07 01:06:06,747 - INFO - Pan Angle: 135.0, Tilt Angle: 3.42
2025-03-07 01:06:06,869 - INFO - Time: 1741309566.87s | Pan Error: -2.96, Tilt Error: 7.68
2025-03-07 01:06:06,870 - INFO - Pan Angle: 135.0, Tilt Angle: 7.2
2025-03-07 01:06:06,992 - INFO - Time: 1741309566.99s | Pan Error: -2.93, Tilt Error: 4.66
2025-03-07 01:06:06,995 - INFO - Pan Angle: 135.0, Tilt Angle: 9.36
2025-03-07 01:06:07,628 - INFO - Time: 1741309567.63s | Pan Error: -2.71, Tilt Error: 0.98
2025-03-07 01:06:07,629 - INFO - Pan Angle: 135.0, Tilt Angle: 9.72
2025-03-07 01:06:07,868 - INFO - Time: 1741309567.87s | Pan Error: -3.04, Tilt Error: 3.56
2025-03-07 01:06:07,869 - INFO - Pan Angle: 135.0, Tilt Angle: 11.52
2025-03-07 01:06:07,989 - INFO - Time: 1741309567.99s | Pan Error: -2.98, Tilt Error: 4.21
2025-03-07 01:06:07,990 - INFO - Pan Angle: 135.0, Tilt Angle: 13.5
2025-03-07 01:06:08,117 - INFO - Time: 1741309568.12s | Pan Error: -2.99, Tilt Error: 1.88
2025-03-07 01:06:08,118 - INFO - Pan Angle: 135.0, Tilt Angle: 14.4
2025-03-07 01:06:08,357 - INFO - Time: 1741309568.36s | Pan Error: -3.24, Tilt Error: -1.40
2025-03-07 01:06:08,358 - INFO - Pan Angle: 135.0, Tilt Angle: 13.5
2025-03-07 01:06:08,476 - INFO - Time: 1741309568.48s | Pan Error: -3.52, Tilt Error: -1.19
2025-03-07 01:06:08,477 - INFO - Pan Angle: 135.0, Tilt Angle: 12.78
2025-03-07 01:06:08,595 - INFO - Time: 1741309568.60s | Pan Error: -3.50, Tilt Error: -1.40
2025-03-07 01:06:08,596 - INFO - Pan Angle: 135.0, Tilt Angle: 12.06
2025-03-07 01:06:08,726 - INFO - Time: 1741309568.73s | Pan Error: -3.23, Tilt Error: -1.39
2025-03-07 01:06:08,726 - INFO - Pan Angle: 135.0, Tilt Angle: 11.34
2025-03-07 01:06:08,850 - INFO - Time: 1741309568.85s | Pan Error: -2.99, Tilt Error: -0.31
2025-03-07 01:06:08,850 - INFO - Pan Angle: 135.0, Tilt Angle: 11.16
2025-03-07 01:06:08,927 - INFO - Stream stats - Frame: 1200, Size: 188853 bytes, Clients: 1
2025-03-07 01:06:09,091 - INFO - Time: 1741309569.09s | Pan Error: -3.09, Tilt Error: -1.96
2025-03-07 01:06:09,091 - INFO - Pan Angle: 135.0, Tilt Angle: 10.08
2025-03-07 01:06:09,332 - INFO - Time: 1741309569.33s | Pan Error: -1.45, Tilt Error: -8.62
2025-03-07 01:06:09,332 - INFO - Pan Angle: 135.0, Tilt Angle: 5.58
2025-03-07 01:06:09,566 - INFO - Time: 1741309569.57s | Pan Error: 0.51, Tilt Error: -15.08
2025-03-07 01:06:09,567 - INFO - Pan Angle: 134.46, Tilt Angle: -2.16
2025-03-07 01:06:11,237 - INFO - Time: 1741309571.24s | Pan Error: -5.32, Tilt Error: -7.06
2025-03-07 01:06:11,239 - INFO - Pan Angle: 135.0, Tilt Angle: -5.76
2025-03-07 01:06:11,365 - INFO - Time: 1741309571.37s | Pan Error: -4.82, Tilt Error: -4.22
2025-03-07 01:06:11,366 - INFO - Pan Angle: 135.0, Tilt Angle: -7.92
2025-03-07 01:06:11,754 - INFO - Time: 1741309571.75s | Pan Error: -3.82, Tilt Error: 5.02
2025-03-07 01:06:11,755 - INFO - Pan Angle: 135.0, Tilt Angle: -5.4
2025-03-07 01:06:11,913 - INFO - Time: 1741309571.91s | Pan Error: -3.24, Tilt Error: -0.02
2025-03-07 01:06:11,914 - INFO - Pan Angle: 135.0, Tilt Angle: -5.58
2025-03-07 01:06:12,309 - INFO - Time: 1741309572.31s | Pan Error: -2.80, Tilt Error: -12.84
2025-03-07 01:06:12,310 - INFO - Pan Angle: 135.0, Tilt Angle: -12.24
2025-03-07 01:06:12,453 - INFO - Time: 1741309572.45s | Pan Error: -3.48, Tilt Error: -13.19
2025-03-07 01:06:12,453 - INFO - Pan Angle: 135.0, Tilt Angle: -18.9
2025-03-07 01:06:12,624 - INFO - Time: 1741309572.62s | Pan Error: -3.42, Tilt Error: -6.86
2025-03-07 01:06:12,625 - INFO - Pan Angle: 135.0, Tilt Angle: -22.32
2025-03-07 01:06:12,769 - INFO - Time: 1741309572.77s | Pan Error: -2.50, Tilt Error: 4.54
2025-03-07 01:06:12,770 - INFO - Pan Angle: 135.0, Tilt Angle: -19.98
2025-03-07 01:06:12,928 - INFO - Time: 1741309572.93s | Pan Error: -2.42, Tilt Error: 8.88
2025-03-07 01:06:12,929 - INFO - Pan Angle: 135.0, Tilt Angle: -15.66
2025-03-07 01:06:13,059 - INFO - Time: 1741309573.06s | Pan Error: -2.22, Tilt Error: 8.43
2025-03-07 01:06:13,060 - INFO - Pan Angle: 135.0, Tilt Angle: -11.52
2025-03-07 01:06:13,192 - INFO - Time: 1741309573.19s | Pan Error: -2.41, Tilt Error: 3.91
2025-03-07 01:06:13,193 - INFO - Pan Angle: 135.0, Tilt Angle: -9.72
2025-03-07 01:06:13,317 - INFO - Time: 1741309573.32s | Pan Error: -2.76, Tilt Error: -0.35
2025-03-07 01:06:13,318 - INFO - Pan Angle: 135.0, Tilt Angle: -10.08
2025-03-07 01:06:13,449 - INFO - Time: 1741309573.45s | Pan Error: -2.87, Tilt Error: -2.70
2025-03-07 01:06:13,450 - INFO - Pan Angle: 135.0, Tilt Angle: -11.52
2025-03-07 01:06:13,575 - INFO - Time: 1741309573.58s | Pan Error: -2.93, Tilt Error: -2.91
2025-03-07 01:06:13,576 - INFO - Pan Angle: 135.0, Tilt Angle: -13.14
2025-03-07 01:06:13,699 - INFO - Time: 1741309573.70s | Pan Error: -2.82, Tilt Error: -2.96
2025-03-07 01:06:13,700 - INFO - Pan Angle: 135.0, Tilt Angle: -14.76
2025-03-07 01:06:13,956 - INFO - Time: 1741309573.96s | Pan Error: -2.70, Tilt Error: 0.94
2025-03-07 01:06:13,957 - INFO - Pan Angle: 135.0, Tilt Angle: -14.4
2025-03-07 01:06:14,085 - INFO - Time: 1741309574.09s | Pan Error: -2.70, Tilt Error: 1.06
2025-03-07 01:06:14,086 - INFO - Pan Angle: 135.0, Tilt Angle: -14.04
2025-03-07 01:06:14,209 - INFO - Time: 1741309574.21s | Pan Error: -2.79, Tilt Error: 1.06
2025-03-07 01:06:14,210 - INFO - Pan Angle: 135.0, Tilt Angle: -13.68
2025-03-07 01:06:14,349 - INFO - Time: 1741309574.35s | Pan Error: -2.75, Tilt Error: 1.11
2025-03-07 01:06:14,350 - INFO - Pan Angle: 135.0, Tilt Angle: -13.14
2025-03-07 01:06:14,477 - INFO - Time: 1741309574.48s | Pan Error: -2.87, Tilt Error: 1.16
2025-03-07 01:06:14,478 - INFO - Pan Angle: 135.0, Tilt Angle: -12.6
2025-03-07 01:06:14,600 - INFO - Time: 1741309574.60s | Pan Error: -2.93, Tilt Error: 0.56
2025-03-07 01:06:14,601 - INFO - Pan Angle: 135.0, Tilt Angle: -12.42
2025-03-07 01:06:15,706 - INFO - Time: 1741309575.71s | Pan Error: -4.96, Tilt Error: -12.80
2025-03-07 01:06:15,707 - INFO - Pan Angle: 135.0, Tilt Angle: -19.08
2025-03-07 01:06:15,833 - INFO - Time: 1741309575.83s | Pan Error: -5.14, Tilt Error: -8.44
2025-03-07 01:06:15,834 - INFO - Pan Angle: 135.0, Tilt Angle: -23.4
2025-03-07 01:06:16,323 - INFO - Time: 1741309576.32s | Pan Error: -3.85, Tilt Error: 2.68
2025-03-07 01:06:16,324 - INFO - Pan Angle: 135.0, Tilt Angle: -21.96
2025-03-07 01:06:16,448 - INFO - Time: 1741309576.45s | Pan Error: -3.68, Tilt Error: 1.56
2025-03-07 01:06:16,449 - INFO - Pan Angle: 135.0, Tilt Angle: -21.24
2025-03-07 01:06:16,579 - INFO - Time: 1741309576.58s | Pan Error: -3.38, Tilt Error: -1.36
2025-03-07 01:06:16,580 - INFO - Pan Angle: 135.0, Tilt Angle: -21.96
2025-03-07 01:06:16,703 - INFO - Time: 1741309576.70s | Pan Error: -2.93, Tilt Error: -4.82
2025-03-07 01:06:16,705 - INFO - Pan Angle: 135.0, Tilt Angle: -24.48
2025-03-07 01:06:16,841 - INFO - Time: 1741309576.84s | Pan Error: -3.12, Tilt Error: -7.77
2025-03-07 01:06:16,841 - INFO - Pan Angle: 135.0, Tilt Angle: -28.44
2025-03-07 01:06:16,979 - INFO - Time: 1741309576.98s | Pan Error: -3.83, Tilt Error: -8.63
2025-03-07 01:06:16,980 - INFO - Pan Angle: 135.0, Tilt Angle: -32.94
2025-03-07 01:06:17,098 - INFO - Time: 1741309577.10s | Pan Error: -4.02, Tilt Error: -5.89
2025-03-07 01:06:17,099 - INFO - Pan Angle: 135.0, Tilt Angle: -36.0
2025-03-07 01:06:17,219 - INFO - Time: 1741309577.22s | Pan Error: -4.07, Tilt Error: -2.42
2025-03-07 01:06:17,220 - INFO - Pan Angle: 135.0, Tilt Angle: -37.26
2025-03-07 01:06:17,568 - INFO - Time: 1741309577.57s | Pan Error: -4.62, Tilt Error: -0.70
2025-03-07 01:06:17,569 - INFO - Pan Angle: 135.0, Tilt Angle: -37.62
2025-03-07 01:06:17,698 - INFO - Time: 1741309577.70s | Pan Error: -4.87, Tilt Error: -0.73
2025-03-07 01:06:17,699 - INFO - Pan Angle: 135.0, Tilt Angle: -38.16
2025-03-07 01:06:17,819 - INFO - Time: 1741309577.82s | Pan Error: -4.78, Tilt Error: -0.16
2025-03-07 01:06:17,820 - INFO - Pan Angle: 135.0, Tilt Angle: -38.34
2025-03-07 01:06:17,943 - INFO - Time: 1741309577.94s | Pan Error: -4.65, Tilt Error: -0.33
2025-03-07 01:06:17,944 - INFO - Pan Angle: 135.0, Tilt Angle: -38.52
2025-03-07 01:06:18,059 - INFO - Time: 1741309578.06s | Pan Error: -4.26, Tilt Error: -3.42
2025-03-07 01:06:18,060 - INFO - Pan Angle: 135.0, Tilt Angle: -40.32
2025-03-07 01:06:18,180 - INFO - Time: 1741309578.18s | Pan Error: -4.06, Tilt Error: -5.86
2025-03-07 01:06:18,181 - INFO - Pan Angle: 135.0, Tilt Angle: -43.38
2025-03-07 01:06:18,305 - INFO - Time: 1741309578.31s | Pan Error: -4.09, Tilt Error: -5.17
2025-03-07 01:06:18,306 - INFO - Pan Angle: 135.0, Tilt Angle: -46.08
2025-03-07 01:06:18,426 - INFO - Time: 1741309578.43s | Pan Error: -3.94, Tilt Error: -4.45
2025-03-07 01:06:18,427 - INFO - Pan Angle: 135.0, Tilt Angle: -48.42
2025-03-07 01:06:18,544 - INFO - Time: 1741309578.54s | Pan Error: -3.86, Tilt Error: -4.74
2025-03-07 01:06:18,545 - INFO - Pan Angle: 135.0, Tilt Angle: -50.94
2025-03-07 01:06:18,776 - INFO - Time: 1741309578.78s | Pan Error: -3.98, Tilt Error: -1.98
2025-03-07 01:06:18,776 - INFO - Pan Angle: 135.0, Tilt Angle: -52.02
2025-03-07 01:06:18,897 - INFO - Time: 1741309578.90s | Pan Error: -3.89, Tilt Error: -3.26
2025-03-07 01:06:18,897 - INFO - Pan Angle: 135.0, Tilt Angle: -53.82
2025-03-07 01:06:18,914 - INFO - Stream stats - Frame: 1500, Size: 174915 bytes, Clients: 1
2025-03-07 01:06:19,017 - INFO - Time: 1741309579.02s | Pan Error: -3.99, Tilt Error: -3.22
2025-03-07 01:06:19,018 - INFO - Pan Angle: 135.0, Tilt Angle: -55.44
2025-03-07 01:06:19,143 - INFO - Time: 1741309579.14s | Pan Error: -4.11, Tilt Error: -1.40
2025-03-07 01:06:19,144 - INFO - Pan Angle: 135.0, Tilt Angle: -56.16
2025-03-07 01:06:19,627 - INFO - Time: 1741309579.63s | Pan Error: -3.66, Tilt Error: 0.98
2025-03-07 01:06:19,628 - INFO - Pan Angle: 135.0, Tilt Angle: -55.8
2025-03-07 01:06:19,747 - INFO - Time: 1741309579.75s | Pan Error: -3.70, Tilt Error: 1.24
2025-03-07 01:06:19,748 - INFO - Pan Angle: 135.0, Tilt Angle: -55.26
2025-03-07 01:06:20,233 - INFO - Time: 1741309580.23s | Pan Error: -5.83, Tilt Error: 18.35
2025-03-07 01:06:20,234 - INFO - Pan Angle: 135.0, Tilt Angle: -46.08
2025-03-07 01:06:20,472 - INFO - Time: 1741309580.47s | Pan Error: -6.29, Tilt Error: 13.82
2025-03-07 01:06:20,473 - INFO - Pan Angle: 135.0, Tilt Angle: -39.24
2025-03-07 01:06:20,592 - INFO - Time: 1741309580.59s | Pan Error: -6.26, Tilt Error: 12.60
2025-03-07 01:06:20,592 - INFO - Pan Angle: 135.0, Tilt Angle: -33.12
2025-03-07 01:06:20,727 - INFO - Time: 1741309580.73s | Pan Error: -6.53, Tilt Error: 5.60
2025-03-07 01:06:20,728 - INFO - Pan Angle: 135.0, Tilt Angle: -30.42
2025-03-07 01:06:20,849 - INFO - Time: 1741309580.85s | Pan Error: -6.44, Tilt Error: -1.43
2025-03-07 01:06:20,850 - INFO - Pan Angle: 135.0, Tilt Angle: -31.32
2025-03-07 01:06:20,972 - INFO - Time: 1741309580.97s | Pan Error: -6.34, Tilt Error: -4.95
2025-03-07 01:06:20,973 - INFO - Pan Angle: 135.0, Tilt Angle: -33.84
2025-03-07 01:06:21,098 - INFO - Time: 1741309581.10s | Pan Error: -6.16, Tilt Error: -5.09
2025-03-07 01:06:21,099 - INFO - Pan Angle: 135.0, Tilt Angle: -36.54
2025-03-07 01:06:21,220 - INFO - Time: 1741309581.22s | Pan Error: -5.89, Tilt Error: -3.74
2025-03-07 01:06:21,222 - INFO - Pan Angle: 135.0, Tilt Angle: -38.52
2025-03-07 01:06:21,360 - INFO - Time: 1741309581.36s | Pan Error: -5.91, Tilt Error: 0.55
2025-03-07 01:06:21,361 - INFO - Pan Angle: 135.0, Tilt Angle: -38.34
2025-03-07 01:06:21,606 - INFO - Time: 1741309581.61s | Pan Error: -5.00, Tilt Error: 11.16
2025-03-07 01:06:21,607 - INFO - Pan Angle: 135.0, Tilt Angle: -32.76
2025-03-07 01:06:21,725 - INFO - Time: 1741309581.73s | Pan Error: -4.56, Tilt Error: 13.62
2025-03-07 01:06:21,726 - INFO - Pan Angle: 135.0, Tilt Angle: -26.1
2025-03-07 01:06:21,850 - INFO - Time: 1741309581.85s | Pan Error: -4.28, Tilt Error: 11.04
2025-03-07 01:06:21,851 - INFO - Pan Angle: 135.0, Tilt Angle: -20.7
2025-03-07 01:06:21,984 - INFO - Time: 1741309581.98s | Pan Error: -4.66, Tilt Error: 3.88
2025-03-07 01:06:21,984 - INFO - Pan Angle: 135.0, Tilt Angle: -18.9
2025-03-07 01:06:22,112 - INFO - Time: 1741309582.11s | Pan Error: -4.90, Tilt Error: -2.42
2025-03-07 01:06:22,113 - INFO - Pan Angle: 135.0, Tilt Angle: -20.34
2025-03-07 01:06:22,232 - INFO - Time: 1741309582.23s | Pan Error: -4.90, Tilt Error: -4.38
2025-03-07 01:06:22,233 - INFO - Pan Angle: 135.0, Tilt Angle: -22.68
2025-03-07 01:06:22,354 - INFO - Time: 1741309582.35s | Pan Error: -5.00, Tilt Error: -4.35
2025-03-07 01:06:22,355 - INFO - Pan Angle: 135.0, Tilt Angle: -25.02
2025-03-07 01:06:22,725 - INFO - Time: 1741309582.73s | Pan Error: -3.04, Tilt Error: 12.82
2025-03-07 01:06:22,726 - INFO - Pan Angle: 135.0, Tilt Angle: -18.54
2025-03-07 01:06:22,848 - INFO - Time: 1741309582.85s | Pan Error: -1.61, Tilt Error: 15.06
2025-03-07 01:06:22,849 - INFO - Pan Angle: 135.0, Tilt Angle: -11.16
2025-03-07 01:06:22,979 - INFO - Time: 1741309582.98s | Pan Error: -1.16, Tilt Error: 11.89
2025-03-07 01:06:22,980 - INFO - Pan Angle: 135.0, Tilt Angle: -5.4
2025-03-07 01:06:23,110 - INFO - Time: 1741309583.11s | Pan Error: -1.72, Tilt Error: 4.83
2025-03-07 01:06:23,110 - INFO - Pan Angle: 135.0, Tilt Angle: -3.06
2025-03-07 01:06:23,260 - INFO - Time: 1741309583.26s | Pan Error: -2.41, Tilt Error: -1.57
2025-03-07 01:06:23,261 - INFO - Pan Angle: 135.0, Tilt Angle: -3.96
2025-03-07 01:06:23,386 - INFO - Time: 1741309583.39s | Pan Error: -2.24, Tilt Error: -4.48
2025-03-07 01:06:23,387 - INFO - Pan Angle: 135.0, Tilt Angle: -6.3
2025-03-07 01:06:23,517 - INFO - Time: 1741309583.52s | Pan Error: -2.44, Tilt Error: -4.50
2025-03-07 01:06:23,517 - INFO - Pan Angle: 135.0, Tilt Angle: -8.64
2025-03-07 01:06:23,660 - INFO - Time: 1741309583.66s | Pan Error: -2.56, Tilt Error: -3.12
2025-03-07 01:06:23,662 - INFO - Pan Angle: 135.0, Tilt Angle: -10.26
2025-03-07 01:06:23,950 - INFO - Time: 1741309583.95s | Pan Error: -0.34, Tilt Error: 10.17
2025-03-07 01:06:23,950 - INFO - Pan Angle: 135.0, Tilt Angle: -5.22
2025-03-07 01:06:24,101 - INFO - Time: 1741309584.10s | Pan Error: 0.91, Tilt Error: 12.89
2025-03-07 01:06:24,101 - INFO - Pan Angle: 133.92, Tilt Angle: 1.08
2025-03-07 01:06:24,229 - INFO - Time: 1741309584.23s | Pan Error: 1.38, Tilt Error: 10.55
2025-03-07 01:06:24,230 - INFO - Pan Angle: 132.3, Tilt Angle: 6.3
2025-03-07 01:06:24,369 - INFO - Time: 1741309584.37s | Pan Error: 1.01, Tilt Error: 4.71
2025-03-07 01:06:24,370 - INFO - Pan Angle: 131.22, Tilt Angle: 8.46
2025-03-07 01:06:24,494 - INFO - Time: 1741309584.49s | Pan Error: 0.75, Tilt Error: -1.45
2025-03-07 01:06:24,495 - INFO - Pan Angle: 130.41, Tilt Angle: 7.56
2025-03-07 01:06:24,619 - INFO - Time: 1741309584.62s | Pan Error: 0.82, Tilt Error: -3.12
2025-03-07 01:06:24,620 - INFO - Pan Angle: 129.33, Tilt Angle: 5.94
2025-03-07 01:06:24,764 - INFO - Time: 1741309584.76s | Pan Error: 0.64, Tilt Error: -2.68
2025-03-07 01:06:24,767 - INFO - Pan Angle: 128.52, Tilt Angle: 4.5
2025-03-07 01:06:24,886 - INFO - Time: 1741309584.89s | Pan Error: 0.49, Tilt Error: -2.23
2025-03-07 01:06:24,887 - INFO - Pan Angle: 127.98, Tilt Angle: 3.24
2025-03-07 01:06:25,010 - INFO - Time: 1741309585.01s | Pan Error: 0.30, Tilt Error: 1.26
2025-03-07 01:06:25,011 - INFO - Pan Angle: 127.44, Tilt Angle: 3.78
2025-03-07 01:06:25,246 - INFO - Time: 1741309585.25s | Pan Error: -0.30, Tilt Error: 5.23
2025-03-07 01:06:25,247 - INFO - Pan Angle: 127.71, Tilt Angle: 6.3
2025-03-07 01:06:25,378 - INFO - Time: 1741309585.38s | Pan Error: -0.66, Tilt Error: 5.98
2025-03-07 01:06:25,379 - INFO - Pan Angle: 128.25, Tilt Angle: 9.18
2025-03-07 01:06:25,497 - INFO - Time: 1741309585.50s | Pan Error: -0.85, Tilt Error: 4.27
2025-03-07 01:06:25,498 - INFO - Pan Angle: 129.06, Tilt Angle: 11.16
2025-03-07 01:06:25,621 - INFO - Time: 1741309585.62s | Pan Error: -0.51, Tilt Error: 1.69
2025-03-07 01:06:25,621 - INFO - Pan Angle: 129.33, Tilt Angle: 11.88
2025-03-07 01:06:25,769 - INFO - Time: 1741309585.77s | Pan Error: -0.29, Tilt Error: 0.14
2025-03-07 01:06:25,770 - INFO - Pan Angle: 129.6, Tilt Angle: 11.88
2025-03-07 01:06:25,897 - INFO - Time: 1741309585.90s | Pan Error: -0.30, Tilt Error: -1.08
2025-03-07 01:06:25,898 - INFO - Pan Angle: 129.87, Tilt Angle: 11.16
2025-03-07 01:06:26,036 - INFO - Time: 1741309586.04s | Pan Error: -0.25, Tilt Error: -1.18
2025-03-07 01:06:26,037 - INFO - Pan Angle: 129.87, Tilt Angle: 10.44
2025-03-07 01:06:26,157 - INFO - Time: 1741309586.16s | Pan Error: -0.69, Tilt Error: -2.43
2025-03-07 01:06:26,158 - INFO - Pan Angle: 130.41, Tilt Angle: 9.18
2025-03-07 01:06:26,292 - INFO - Time: 1741309586.29s | Pan Error: -0.82, Tilt Error: -6.79
2025-03-07 01:06:26,293 - INFO - Pan Angle: 131.22, Tilt Angle: 5.58
2025-03-07 01:06:26,415 - INFO - Time: 1741309586.42s | Pan Error: -0.77, Tilt Error: -10.05
2025-03-07 01:06:26,416 - INFO - Pan Angle: 131.76, Tilt Angle: 0.36
2025-03-07 01:06:26,538 - INFO - Time: 1741309586.54s | Pan Error: -0.80, Tilt Error: -8.06
2025-03-07 01:06:26,538 - INFO - Pan Angle: 132.3, Tilt Angle: -3.78
2025-03-07 01:06:26,654 - INFO - Time: 1741309586.65s | Pan Error: -0.97, Tilt Error: -2.21
2025-03-07 01:06:26,655 - INFO - Pan Angle: 133.11, Tilt Angle: -4.86
2025-03-07 01:06:26,779 - INFO - Time: 1741309586.78s | Pan Error: -1.16, Tilt Error: 2.01
2025-03-07 01:06:26,779 - INFO - Pan Angle: 134.19, Tilt Angle: -3.96
2025-03-07 01:06:27,018 - INFO - Time: 1741309587.02s | Pan Error: -1.52, Tilt Error: 2.70
2025-03-07 01:06:27,019 - INFO - Pan Angle: 135.0, Tilt Angle: -2.7
2025-03-07 01:06:27,262 - INFO - Time: 1741309587.26s | Pan Error: -2.32, Tilt Error: -6.48
2025-03-07 01:06:27,263 - INFO - Pan Angle: 135.0, Tilt Angle: -6.12
2025-03-07 01:06:27,384 - INFO - Time: 1741309587.38s | Pan Error: -2.42, Tilt Error: -11.05
2025-03-07 01:06:27,384 - INFO - Pan Angle: 135.0, Tilt Angle: -11.7
2025-03-07 01:06:27,507 - INFO - Time: 1741309587.51s | Pan Error: -2.53, Tilt Error: -11.94
2025-03-07 01:06:27,507 - INFO - Pan Angle: 135.0, Tilt Angle: -17.82
2025-03-07 01:06:27,750 - INFO - Time: 1741309587.75s | Pan Error: -1.92, Tilt Error: -0.01
2025-03-07 01:06:27,750 - INFO - Pan Angle: 135.0, Tilt Angle: -17.82
2025-03-07 01:06:27,885 - INFO - Time: 1741309587.89s | Pan Error: -1.88, Tilt Error: -0.06
2025-03-07 01:06:27,886 - INFO - Pan Angle: 135.0, Tilt Angle: -18.0
2025-03-07 01:06:28,051 - INFO - Time: 1741309588.05s | Pan Error: -1.89, Tilt Error: 0.00
2025-03-07 01:06:28,052 - INFO - Pan Angle: 135.0, Tilt Angle: -18.0
2025-03-07 01:06:28,413 - INFO - Time: 1741309588.41s | Pan Error: -0.66, Tilt Error: -14.18
2025-03-07 01:06:28,414 - INFO - Pan Angle: 135.0, Tilt Angle: -25.38
2025-03-07 01:06:28,544 - INFO - Time: 1741309588.54s | Pan Error: -1.14, Tilt Error: -17.03
2025-03-07 01:06:28,545 - INFO - Pan Angle: 135.0, Tilt Angle: -34.02
2025-03-07 01:06:28,690 - INFO - Time: 1741309588.69s | Pan Error: -1.57, Tilt Error: -10.10
2025-03-07 01:06:28,692 - INFO - Pan Angle: 135.0, Tilt Angle: -39.06
2025-03-07 01:06:28,813 - INFO - Time: 1741309588.81s | Pan Error: -1.70, Tilt Error: -0.44
2025-03-07 01:06:28,814 - INFO - Pan Angle: 135.0, Tilt Angle: -39.24
2025-03-07 01:06:28,920 - INFO - Stream stats - Frame: 1800, Size: 181511 bytes, Clients: 1
2025-03-07 01:06:28,938 - INFO - Time: 1741309588.94s | Pan Error: -2.09, Tilt Error: 5.04
2025-03-07 01:06:28,938 - INFO - Pan Angle: 135.0, Tilt Angle: -36.72
2025-03-07 01:06:29,057 - INFO - Time: 1741309589.06s | Pan Error: -2.18, Tilt Error: 5.53
2025-03-07 01:06:29,058 - INFO - Pan Angle: 135.0, Tilt Angle: -34.02
2025-03-07 01:06:29,183 - INFO - Time: 1741309589.18s | Pan Error: -2.15, Tilt Error: 5.42
2025-03-07 01:06:29,184 - INFO - Pan Angle: 135.0, Tilt Angle: -31.32
2025-03-07 01:06:29,308 - INFO - Time: 1741309589.31s | Pan Error: -2.40, Tilt Error: 1.56
2025-03-07 01:06:29,309 - INFO - Pan Angle: 135.0, Tilt Angle: -30.6
2025-03-07 01:06:29,559 - INFO - Time: 1741309589.56s | Pan Error: -2.91, Tilt Error: -9.55
2025-03-07 01:06:29,560 - INFO - Pan Angle: 135.0, Tilt Angle: -35.64
2025-03-07 01:06:29,681 - INFO - Time: 1741309589.68s | Pan Error: -3.19, Tilt Error: -10.59
2025-03-07 01:06:29,681 - INFO - Pan Angle: 135.0, Tilt Angle: -41.04
2025-03-07 01:06:29,818 - INFO - Time: 1741309589.82s | Pan Error: -3.73, Tilt Error: -5.68
2025-03-07 01:06:29,819 - INFO - Pan Angle: 135.0, Tilt Angle: -43.92
2025-03-07 01:06:29,943 - INFO - Time: 1741309589.94s | Pan Error: -3.63, Tilt Error: 0.56
2025-03-07 01:06:29,944 - INFO - Pan Angle: 135.0, Tilt Angle: -43.74
2025-03-07 01:06:30,074 - INFO - Time: 1741309590.07s | Pan Error: -3.60, Tilt Error: 4.19
2025-03-07 01:06:30,075 - INFO - Pan Angle: 135.0, Tilt Angle: -41.76
2025-03-07 01:06:30,195 - INFO - Time: 1741309590.20s | Pan Error: -3.69, Tilt Error: 4.21
2025-03-07 01:06:30,196 - INFO - Pan Angle: 135.0, Tilt Angle: -39.78
2025-03-07 01:06:30,315 - INFO - Time: 1741309590.31s | Pan Error: -3.62, Tilt Error: 4.52
2025-03-07 01:06:30,315 - INFO - Pan Angle: 135.0, Tilt Angle: -37.62
2025-03-07 01:06:30,461 - INFO - Time: 1741309590.46s | Pan Error: -3.61, Tilt Error: 2.53
2025-03-07 01:06:30,461 - INFO - Pan Angle: 135.0, Tilt Angle: -36.54
2025-03-07 01:06:30,583 - INFO - Time: 1741309590.58s | Pan Error: -3.70, Tilt Error: 0.43
2025-03-07 01:06:30,584 - INFO - Pan Angle: 135.0, Tilt Angle: -36.36
2025-03-07 01:06:30,832 - INFO - Time: 1741309590.83s | Pan Error: -3.53, Tilt Error: -1.29
2025-03-07 01:06:30,833 - INFO - Pan Angle: 135.0, Tilt Angle: -37.08
2025-03-07 01:06:30,980 - INFO - Time: 1741309590.98s | Pan Error: -3.43, Tilt Error: -1.29
2025-03-07 01:06:30,981 - INFO - Pan Angle: 135.0, Tilt Angle: -37.8
2025-03-07 01:06:31,118 - INFO - Time: 1741309591.12s | Pan Error: -3.24, Tilt Error: -1.34
2025-03-07 01:06:31,119 - INFO - Pan Angle: 135.0, Tilt Angle: -38.52
2025-03-07 01:06:31,249 - INFO - Time: 1741309591.25s | Pan Error: -3.19, Tilt Error: -1.31
2025-03-07 01:06:31,250 - INFO - Pan Angle: 135.0, Tilt Angle: -39.24
2025-03-07 01:06:31,372 - INFO - Time: 1741309591.37s | Pan Error: -3.15, Tilt Error: -1.36
2025-03-07 01:06:31,373 - INFO - Pan Angle: 135.0, Tilt Angle: -39.96
2025-03-07 01:06:31,759 - INFO - Time: 1741309591.76s | Pan Error: -2.95, Tilt Error: 0.87
2025-03-07 01:06:31,761 - INFO - Pan Angle: 135.0, Tilt Angle: -39.6
2025-03-07 01:06:31,884 - INFO - Time: 1741309591.88s | Pan Error: -2.75, Tilt Error: 1.02
2025-03-07 01:06:31,885 - INFO - Pan Angle: 135.0, Tilt Angle: -39.24
2025-03-07 01:06:32,012 - INFO - Time: 1741309592.01s | Pan Error: -2.72, Tilt Error: 0.95
2025-03-07 01:06:32,013 - INFO - Pan Angle: 135.0, Tilt Angle: -38.88
2025-03-07 01:06:32,142 - INFO - Time: 1741309592.14s | Pan Error: -2.96, Tilt Error: 2.33
2025-03-07 01:06:32,142 - INFO - Pan Angle: 135.0, Tilt Angle: -37.8
2025-03-07 01:06:38,904 - INFO - Stream stats - Frame: 2100, Size: 191544 bytes, Clients: 1
2025-03-07 01:06:42,836 - INFO - Client disconnected. Remaining clients: 0
2025-03-07 01:06:42,840 - INFO - Saved data at: /home/lberm/Documents/github/Senior_Desing_QKD_2024/src/Pi_Control/runs/run_2025-03-07_01-05-14/data_pan.csv
2025-03-07 01:06:43,445 - INFO - Pan plot saved at: /home/lberm/Documents/github/Senior_Desing_QKD_2024/src/Pi_Control/runs/run_2025-03-07_01-05-14/pan_response.png
2025-03-07 01:06:44,061 - INFO - Tilt plot saved at: /home/lberm/Documents/github/Senior_Desing_QKD_2024/src/Pi_Control/runs/run_2025-03-07_01-05-14/tilt_response.png
2025-03-07 01:07:48,341 - INFO - Camera stopped
