2025-03-07 03:13:29,031 - INFO - Logging system initialized.
2025-03-07 03:13:29,032 - INFO - 
Pan and Tilt Mechanism: 
Current Date: 2025-03-07_03-13-29

------------------------- Running Parameters -------------------------
Pan Servo: Pin 17, PID Values: 
 KP: 0.5
 KI: 0.0
 KD: 0.5, Angle Range -135-135, Current Angle -0.0
Tilt Servo: Pin 27, PID Values: 
 KP: 0.3
 KI: 0.0
 KD: 0.3, Angle Range -90-90, Current Angle -0.0

Tracking Point: False
--------------------------------------------------

2025-03-07 03:13:29,060 - INFO - Initialization successful.
2025-03-07 03:13:29,060 - INFO - Camera now open.
2025-03-07 03:13:29,065 - INFO - Camera configuration has been adjusted!
2025-03-07 03:13:29,067 - INFO - Configuration successful!
2025-03-07 03:13:29,125 - INFO - Camera started
2025-03-07 03:13:29,139 - INFO - [31m[1mWARNING: This is a development server. Do not use it in a production deployment. Use a production WSGI server instead.[0m
 * Running on all addresses (0.0.0.0)
 * Running on http://127.0.0.1:5000
 * Running on http://172.20.10.4:5000
2025-03-07 03:13:29,139 - INFO - [33mPress CTRL+C to quit[0m
2025-03-07 03:13:29,317 - INFO - Stream stats - Frame: 0, Size: 187244 bytes, Clients: 0
2025-03-07 03:13:32,966 - INFO - 172.20.10.2 - - [07/Mar/2025 03:13:32] "GET / HTTP/1.1" 200 -
2025-03-07 03:13:33,012 - INFO - Client connected. Total clients: 1
2025-03-07 03:13:33,193 - INFO - 172.20.10.2 - - [07/Mar/2025 03:13:33] "GET /video_feed HTTP/1.1" 200 -
2025-03-07 03:13:38,291 - INFO - Time: 1741317218.29s | Pan Error: -18.56, Tilt Error: -15.40
2025-03-07 03:13:38,292 - INFO - Pan Angle: 10.8, Tilt Angle: 5.4
2025-03-07 03:13:38,417 - INFO - Time: 1741317218.42s | Pan Error: -18.33, Tilt Error: -14.96
2025-03-07 03:13:38,417 - INFO - Pan Angle: 19.71, Tilt Angle: 9.72
2025-03-07 03:13:41,681 - INFO - Time: 1741317221.68s | Pan Error: -16.68, Tilt Error: -15.39
2025-03-07 03:13:41,681 - INFO - Pan Angle: 27.81, Tilt Angle: 14.22
2025-03-07 03:13:41,818 - INFO - Time: 1741317221.82s | Pan Error: -16.64, Tilt Error: -15.20
2025-03-07 03:13:41,819 - INFO - Pan Angle: 35.91, Tilt Angle: 18.72
2025-03-07 03:13:42,985 - INFO - Stream stats - Frame: 300, Size: 179721 bytes, Clients: 1
2025-03-07 03:13:43,941 - INFO - Time: 1741317223.94s | Pan Error: -14.79, Tilt Error: -15.15
2025-03-07 03:13:43,943 - INFO - Pan Angle: 43.2, Tilt Angle: 23.22
2025-03-07 03:13:44,075 - INFO - Time: 1741317224.08s | Pan Error: -14.66, Tilt Error: -14.39
2025-03-07 03:13:44,076 - INFO - Pan Angle: 50.49, Tilt Angle: 27.36
2025-03-07 03:13:46,540 - INFO - Time: 1741317226.54s | Pan Error: -14.35, Tilt Error: -14.60
2025-03-07 03:13:46,541 - INFO - Pan Angle: 57.51, Tilt Angle: 31.68
2025-03-07 03:13:46,657 - INFO - Time: 1741317226.66s | Pan Error: -14.24, Tilt Error: -13.20
2025-03-07 03:13:46,658 - INFO - Pan Angle: 64.53, Tilt Angle: 35.46
2025-03-07 03:13:46,851 - INFO - Time: 1741317226.85s | Pan Error: -14.17, Tilt Error: -14.54
2025-03-07 03:13:46,853 - INFO - Pan Angle: 71.55, Tilt Angle: 39.78
2025-03-07 03:13:47,952 - INFO - Time: 1741317227.95s | Pan Error: -14.50, Tilt Error: -15.17
2025-03-07 03:13:47,953 - INFO - Pan Angle: 78.57, Tilt Angle: 44.28
2025-03-07 03:13:48,070 - INFO - Time: 1741317228.07s | Pan Error: -14.18, Tilt Error: -13.51
2025-03-07 03:13:48,071 - INFO - Pan Angle: 85.59, Tilt Angle: 48.24
2025-03-07 03:13:48,181 - INFO - Time: 1741317228.18s | Pan Error: -13.81, Tilt Error: -15.18
2025-03-07 03:13:48,181 - INFO - Pan Angle: 92.34, Tilt Angle: 52.74
2025-03-07 03:13:52,983 - INFO - Stream stats - Frame: 600, Size: 156138 bytes, Clients: 1
2025-03-07 03:13:53,170 - INFO - Time: 1741317233.17s | Pan Error: -19.81, Tilt Error: -11.27
2025-03-07 03:13:53,171 - INFO - Pan Angle: 102.33, Tilt Angle: 55.98
2025-03-07 03:13:53,291 - INFO - Time: 1741317233.29s | Pan Error: -21.85, Tilt Error: -14.54
2025-03-07 03:13:53,293 - INFO - Pan Angle: 113.13, Tilt Angle: 60.3
2025-03-07 03:13:53,419 - INFO - Time: 1741317233.42s | Pan Error: -23.11, Tilt Error: -13.84
2025-03-07 03:13:53,421 - INFO - Pan Angle: 124.47, Tilt Angle: 64.44
2025-03-07 03:13:53,542 - INFO - Time: 1741317233.54s | Pan Error: -24.22, Tilt Error: -14.66
2025-03-07 03:13:53,543 - INFO - Pan Angle: 135.0, Tilt Angle: 68.76
2025-03-07 03:13:54,333 - INFO - Time: 1741317234.33s | Pan Error: -25.08, Tilt Error: -12.78
2025-03-07 03:13:54,334 - INFO - Pan Angle: 135.0, Tilt Angle: 72.54
2025-03-07 03:13:54,454 - INFO - Time: 1741317234.45s | Pan Error: -24.78, Tilt Error: -11.65
2025-03-07 03:13:54,455 - INFO - Pan Angle: 135.0, Tilt Angle: 75.96
2025-03-07 03:13:54,570 - INFO - Time: 1741317234.57s | Pan Error: -25.21, Tilt Error: -13.39
2025-03-07 03:13:54,571 - INFO - Pan Angle: 135.0, Tilt Angle: 79.92
2025-03-07 03:14:02,974 - INFO - Stream stats - Frame: 900, Size: 141543 bytes, Clients: 1
2025-03-07 03:14:09,230 - INFO - Time: 1741317249.23s | Pan Error: -24.70, Tilt Error: -9.58
2025-03-07 03:14:09,231 - INFO - Pan Angle: 135.0, Tilt Angle: 82.62
2025-03-07 03:14:09,345 - INFO - Time: 1741317249.35s | Pan Error: -24.41, Tilt Error: -9.54
2025-03-07 03:14:09,346 - INFO - Pan Angle: 135.0, Tilt Angle: 85.32
2025-03-07 03:14:09,459 - INFO - Time: 1741317249.46s | Pan Error: -24.57, Tilt Error: -11.03
2025-03-07 03:14:09,460 - INFO - Pan Angle: 135.0, Tilt Angle: 88.56
2025-03-07 03:14:10,664 - INFO - Time: 1741317250.66s | Pan Error: -24.99, Tilt Error: -7.63
2025-03-07 03:14:10,665 - INFO - Pan Angle: 135.0, Tilt Angle: 90.0
2025-03-07 03:14:10,819 - INFO - Time: 1741317250.82s | Pan Error: -25.22, Tilt Error: -7.66
2025-03-07 03:14:10,820 - INFO - Pan Angle: 135.0, Tilt Angle: 90.0
2025-03-07 03:14:10,950 - INFO - Time: 1741317250.95s | Pan Error: -25.32, Tilt Error: -7.92
2025-03-07 03:14:10,952 - INFO - Pan Angle: 135.0, Tilt Angle: 90.0
2025-03-07 03:14:11,194 - INFO - Time: 1741317251.19s | Pan Error: -24.75, Tilt Error: -7.21
2025-03-07 03:14:11,195 - INFO - Pan Angle: 135.0, Tilt Angle: 90.0
2025-03-07 03:14:12,359 - INFO - Time: 1741317252.36s | Pan Error: -26.13, Tilt Error: -14.36
2025-03-07 03:14:12,360 - INFO - Pan Angle: 135.0, Tilt Angle: 90.0
2025-03-07 03:14:12,474 - INFO - Time: 1741317252.47s | Pan Error: -25.71, Tilt Error: -14.86
2025-03-07 03:14:12,475 - INFO - Pan Angle: 135.0, Tilt Angle: 90.0
2025-03-07 03:14:12,591 - INFO - Time: 1741317252.59s | Pan Error: -25.11, Tilt Error: -14.70
2025-03-07 03:14:12,591 - INFO - Pan Angle: 135.0, Tilt Angle: 90.0
2025-03-07 03:14:12,706 - INFO - Time: 1741317252.71s | Pan Error: -24.73, Tilt Error: -13.48
2025-03-07 03:14:12,707 - INFO - Pan Angle: 135.0, Tilt Angle: 90.0
2025-03-07 03:14:12,824 - INFO - Time: 1741317252.82s | Pan Error: -24.32, Tilt Error: -11.85
2025-03-07 03:14:12,825 - INFO - Pan Angle: 135.0, Tilt Angle: 90.0
2025-03-07 03:14:12,937 - INFO - Time: 1741317252.94s | Pan Error: -24.43, Tilt Error: -11.95
2025-03-07 03:14:12,937 - INFO - Pan Angle: 135.0, Tilt Angle: 90.0
2025-03-07 03:14:12,961 - INFO - Stream stats - Frame: 1200, Size: 155919 bytes, Clients: 1
2025-03-07 03:14:13,053 - INFO - Time: 1741317253.05s | Pan Error: -24.59, Tilt Error: -12.01
2025-03-07 03:14:13,054 - INFO - Pan Angle: 135.0, Tilt Angle: 90.0
2025-03-07 03:14:13,166 - INFO - Time: 1741317253.17s | Pan Error: -24.64, Tilt Error: -12.13
2025-03-07 03:14:13,167 - INFO - Pan Angle: 135.0, Tilt Angle: 90.0
2025-03-07 03:14:13,285 - INFO - Time: 1741317253.29s | Pan Error: -24.55, Tilt Error: -12.19
2025-03-07 03:14:13,286 - INFO - Pan Angle: 135.0, Tilt Angle: 90.0
2025-03-07 03:14:13,401 - INFO - Time: 1741317253.40s | Pan Error: -24.53, Tilt Error: -12.22
2025-03-07 03:14:13,402 - INFO - Pan Angle: 135.0, Tilt Angle: 90.0
2025-03-07 03:14:13,521 - INFO - Time: 1741317253.52s | Pan Error: -24.51, Tilt Error: -12.26
2025-03-07 03:14:13,522 - INFO - Pan Angle: 135.0, Tilt Angle: 90.0
2025-03-07 03:14:13,670 - INFO - Time: 1741317253.67s | Pan Error: -24.55, Tilt Error: -12.65
2025-03-07 03:14:13,671 - INFO - Pan Angle: 135.0, Tilt Angle: 90.0
2025-03-07 03:14:15,050 - INFO - Time: 1741317255.05s | Pan Error: -22.54, Tilt Error: -15.16
2025-03-07 03:14:15,050 - INFO - Pan Angle: 135.0, Tilt Angle: 90.0
2025-03-07 03:14:15,168 - INFO - Time: 1741317255.17s | Pan Error: -22.26, Tilt Error: -14.35
2025-03-07 03:14:15,169 - INFO - Pan Angle: 135.0, Tilt Angle: 90.0
2025-03-07 03:14:15,285 - INFO - Time: 1741317255.29s | Pan Error: -22.41, Tilt Error: -11.83
2025-03-07 03:14:15,286 - INFO - Pan Angle: 135.0, Tilt Angle: 90.0
2025-03-07 03:14:15,399 - INFO - Time: 1741317255.40s | Pan Error: -22.53, Tilt Error: -10.23
2025-03-07 03:14:15,399 - INFO - Pan Angle: 135.0, Tilt Angle: 90.0
2025-03-07 03:14:15,516 - INFO - Time: 1741317255.52s | Pan Error: -22.39, Tilt Error: -10.19
2025-03-07 03:14:15,517 - INFO - Pan Angle: 135.0, Tilt Angle: 90.0
2025-03-07 03:14:15,630 - INFO - Time: 1741317255.63s | Pan Error: -22.39, Tilt Error: -10.62
2025-03-07 03:14:15,631 - INFO - Pan Angle: 135.0, Tilt Angle: 90.0
2025-03-07 03:14:15,753 - INFO - Time: 1741317255.75s | Pan Error: -22.39, Tilt Error: -10.49
2025-03-07 03:14:15,753 - INFO - Pan Angle: 135.0, Tilt Angle: 90.0
2025-03-07 03:14:15,870 - INFO - Time: 1741317255.87s | Pan Error: -22.46, Tilt Error: -10.53
2025-03-07 03:14:15,871 - INFO - Pan Angle: 135.0, Tilt Angle: 90.0
2025-03-07 03:14:15,996 - INFO - Time: 1741317256.00s | Pan Error: -22.43, Tilt Error: -10.95
2025-03-07 03:14:15,999 - INFO - Pan Angle: 135.0, Tilt Angle: 90.0
2025-03-07 03:14:16,123 - INFO - Time: 1741317256.12s | Pan Error: -22.39, Tilt Error: -11.26
2025-03-07 03:14:16,123 - INFO - Pan Angle: 135.0, Tilt Angle: 90.0
2025-03-07 03:14:16,236 - INFO - Time: 1741317256.24s | Pan Error: -22.32, Tilt Error: -11.48
2025-03-07 03:14:16,237 - INFO - Pan Angle: 135.0, Tilt Angle: 90.0
2025-03-07 03:14:16,355 - INFO - Time: 1741317256.36s | Pan Error: -22.33, Tilt Error: -13.08
2025-03-07 03:14:16,355 - INFO - Pan Angle: 135.0, Tilt Angle: 90.0
2025-03-07 03:14:16,494 - INFO - Time: 1741317256.49s | Pan Error: -22.42, Tilt Error: -14.31
2025-03-07 03:14:16,495 - INFO - Pan Angle: 135.0, Tilt Angle: 90.0
2025-03-07 03:14:16,609 - INFO - Time: 1741317256.61s | Pan Error: -22.32, Tilt Error: -14.65
2025-03-07 03:14:16,610 - INFO - Pan Angle: 135.0, Tilt Angle: 90.0
2025-03-07 03:14:16,724 - INFO - Time: 1741317256.72s | Pan Error: -22.15, Tilt Error: -14.96
2025-03-07 03:14:16,724 - INFO - Pan Angle: 135.0, Tilt Angle: 90.0
2025-03-07 03:14:16,838 - INFO - Time: 1741317256.84s | Pan Error: -21.95, Tilt Error: -15.69
2025-03-07 03:14:16,839 - INFO - Pan Angle: 135.0, Tilt Angle: 90.0
2025-03-07 03:14:17,176 - INFO - Time: 1741317257.18s | Pan Error: -21.95, Tilt Error: -15.77
2025-03-07 03:14:17,177 - INFO - Pan Angle: 135.0, Tilt Angle: 90.0
2025-03-07 03:14:17,295 - INFO - Time: 1741317257.30s | Pan Error: -21.88, Tilt Error: -15.68
2025-03-07 03:14:17,295 - INFO - Pan Angle: 135.0, Tilt Angle: 90.0
2025-03-07 03:14:17,424 - INFO - Time: 1741317257.42s | Pan Error: -21.92, Tilt Error: -15.74
2025-03-07 03:14:17,424 - INFO - Pan Angle: 135.0, Tilt Angle: 90.0
2025-03-07 03:14:17,539 - INFO - Time: 1741317257.54s | Pan Error: -21.93, Tilt Error: -15.81
2025-03-07 03:14:17,540 - INFO - Pan Angle: 135.0, Tilt Angle: 90.0
2025-03-07 03:14:17,656 - INFO - Time: 1741317257.66s | Pan Error: -21.88, Tilt Error: -15.76
2025-03-07 03:14:17,656 - INFO - Pan Angle: 135.0, Tilt Angle: 90.0
2025-03-07 03:14:17,772 - INFO - Time: 1741317257.77s | Pan Error: -21.83, Tilt Error: -15.66
2025-03-07 03:14:17,772 - INFO - Pan Angle: 135.0, Tilt Angle: 90.0
2025-03-07 03:14:17,886 - INFO - Time: 1741317257.89s | Pan Error: -21.72, Tilt Error: -15.37
2025-03-07 03:14:17,886 - INFO - Pan Angle: 135.0, Tilt Angle: 90.0
2025-03-07 03:14:18,004 - INFO - Time: 1741317258.00s | Pan Error: -21.72, Tilt Error: -14.86
2025-03-07 03:14:18,005 - INFO - Pan Angle: 135.0, Tilt Angle: 90.0
2025-03-07 03:14:18,141 - INFO - Time: 1741317258.14s | Pan Error: -22.16, Tilt Error: -15.33
2025-03-07 03:14:18,143 - INFO - Pan Angle: 135.0, Tilt Angle: 90.0
2025-03-07 03:14:18,264 - INFO - Time: 1741317258.26s | Pan Error: -22.38, Tilt Error: -15.43
2025-03-07 03:14:18,265 - INFO - Pan Angle: 135.0, Tilt Angle: 90.0
2025-03-07 03:14:18,391 - INFO - Time: 1741317258.39s | Pan Error: -22.37, Tilt Error: -15.30
2025-03-07 03:14:18,392 - INFO - Pan Angle: 135.0, Tilt Angle: 90.0
2025-03-07 03:14:18,522 - INFO - Time: 1741317258.52s | Pan Error: -22.35, Tilt Error: -15.49
2025-03-07 03:14:18,523 - INFO - Pan Angle: 135.0, Tilt Angle: 90.0
2025-03-07 03:14:18,697 - INFO - Time: 1741317258.70s | Pan Error: -22.26, Tilt Error: -15.50
2025-03-07 03:14:18,698 - INFO - Pan Angle: 135.0, Tilt Angle: 90.0
2025-03-07 03:14:18,819 - INFO - Time: 1741317258.82s | Pan Error: -22.10, Tilt Error: -15.71
2025-03-07 03:14:18,819 - INFO - Pan Angle: 135.0, Tilt Angle: 90.0
2025-03-07 03:14:18,942 - INFO - Time: 1741317258.94s | Pan Error: -22.13, Tilt Error: -15.74
2025-03-07 03:14:18,943 - INFO - Pan Angle: 135.0, Tilt Angle: 90.0
2025-03-07 03:14:20,328 - INFO - Time: 1741317260.33s | Pan Error: -21.57, Tilt Error: -14.95
2025-03-07 03:14:20,329 - INFO - Pan Angle: 135.0, Tilt Angle: 90.0
2025-03-07 03:14:20,450 - INFO - Time: 1741317260.45s | Pan Error: -21.27, Tilt Error: -14.20
2025-03-07 03:14:20,451 - INFO - Pan Angle: 135.0, Tilt Angle: 90.0
2025-03-07 03:14:20,570 - INFO - Time: 1741317260.57s | Pan Error: -21.16, Tilt Error: -14.00
2025-03-07 03:14:20,570 - INFO - Pan Angle: 135.0, Tilt Angle: 90.0
2025-03-07 03:14:20,687 - INFO - Time: 1741317260.69s | Pan Error: -21.11, Tilt Error: -13.96
2025-03-07 03:14:20,688 - INFO - Pan Angle: 135.0, Tilt Angle: 90.0
2025-03-07 03:14:20,813 - INFO - Time: 1741317260.81s | Pan Error: -21.01, Tilt Error: -13.72
2025-03-07 03:14:20,815 - INFO - Pan Angle: 135.0, Tilt Angle: 90.0
2025-03-07 03:14:20,935 - INFO - Time: 1741317260.94s | Pan Error: -21.02, Tilt Error: -13.77
2025-03-07 03:14:20,936 - INFO - Pan Angle: 135.0, Tilt Angle: 90.0
2025-03-07 03:14:21,053 - INFO - Time: 1741317261.05s | Pan Error: -21.05, Tilt Error: -13.92
2025-03-07 03:14:21,054 - INFO - Pan Angle: 135.0, Tilt Angle: 90.0
2025-03-07 03:14:21,168 - INFO - Time: 1741317261.17s | Pan Error: -21.05, Tilt Error: -13.96
2025-03-07 03:14:21,169 - INFO - Pan Angle: 135.0, Tilt Angle: 90.0
2025-03-07 03:14:21,299 - INFO - Time: 1741317261.30s | Pan Error: -21.08, Tilt Error: -13.98
2025-03-07 03:14:21,300 - INFO - Pan Angle: 135.0, Tilt Angle: 90.0
2025-03-07 03:14:21,450 - INFO - Time: 1741317261.45s | Pan Error: -21.09, Tilt Error: -14.07
2025-03-07 03:14:21,451 - INFO - Pan Angle: 135.0, Tilt Angle: 90.0
2025-03-07 03:14:21,567 - INFO - Time: 1741317261.57s | Pan Error: -21.09, Tilt Error: -14.01
2025-03-07 03:14:21,568 - INFO - Pan Angle: 135.0, Tilt Angle: 90.0
2025-03-07 03:14:21,690 - INFO - Time: 1741317261.69s | Pan Error: -21.17, Tilt Error: -14.08
2025-03-07 03:14:21,691 - INFO - Pan Angle: 135.0, Tilt Angle: 90.0
2025-03-07 03:14:21,815 - INFO - Time: 1741317261.82s | Pan Error: -21.22, Tilt Error: -14.09
2025-03-07 03:14:21,816 - INFO - Pan Angle: 135.0, Tilt Angle: 90.0
2025-03-07 03:14:21,931 - INFO - Time: 1741317261.93s | Pan Error: -21.26, Tilt Error: -14.12
2025-03-07 03:14:21,932 - INFO - Pan Angle: 135.0, Tilt Angle: 90.0
2025-03-07 03:14:22,050 - INFO - Time: 1741317262.05s | Pan Error: -21.27, Tilt Error: -14.16
2025-03-07 03:14:22,050 - INFO - Pan Angle: 135.0, Tilt Angle: 90.0
2025-03-07 03:14:22,170 - INFO - Time: 1741317262.17s | Pan Error: -21.26, Tilt Error: -14.12
2025-03-07 03:14:22,170 - INFO - Pan Angle: 135.0, Tilt Angle: 90.0
2025-03-07 03:14:22,290 - INFO - Time: 1741317262.29s | Pan Error: -21.29, Tilt Error: -14.10
2025-03-07 03:14:22,290 - INFO - Pan Angle: 135.0, Tilt Angle: 90.0
2025-03-07 03:14:22,403 - INFO - Time: 1741317262.40s | Pan Error: -21.33, Tilt Error: -14.16
2025-03-07 03:14:22,404 - INFO - Pan Angle: 135.0, Tilt Angle: 90.0
2025-03-07 03:14:22,517 - INFO - Time: 1741317262.52s | Pan Error: -21.33, Tilt Error: -14.12
2025-03-07 03:14:22,518 - INFO - Pan Angle: 135.0, Tilt Angle: 90.0
2025-03-07 03:14:22,636 - INFO - Time: 1741317262.64s | Pan Error: -21.37, Tilt Error: -14.09
2025-03-07 03:14:22,637 - INFO - Pan Angle: 135.0, Tilt Angle: 90.0
2025-03-07 03:14:22,752 - INFO - Time: 1741317262.75s | Pan Error: -21.34, Tilt Error: -14.13
2025-03-07 03:14:22,753 - INFO - Pan Angle: 135.0, Tilt Angle: 90.0
2025-03-07 03:14:22,869 - INFO - Time: 1741317262.87s | Pan Error: -21.35, Tilt Error: -14.10
2025-03-07 03:14:22,870 - INFO - Pan Angle: 135.0, Tilt Angle: 90.0
2025-03-07 03:14:22,959 - INFO - Stream stats - Frame: 1500, Size: 156208 bytes, Clients: 1
2025-03-07 03:14:22,984 - INFO - Time: 1741317262.98s | Pan Error: -21.35, Tilt Error: -14.16
2025-03-07 03:14:22,984 - INFO - Pan Angle: 135.0, Tilt Angle: 90.0
2025-03-07 03:14:23,120 - INFO - Time: 1741317263.12s | Pan Error: -21.23, Tilt Error: -14.35
2025-03-07 03:14:23,120 - INFO - Pan Angle: 135.0, Tilt Angle: 90.0
2025-03-07 03:14:23,233 - INFO - Time: 1741317263.23s | Pan Error: -21.22, Tilt Error: -14.31
2025-03-07 03:14:23,233 - INFO - Pan Angle: 135.0, Tilt Angle: 90.0
2025-03-07 03:14:23,350 - INFO - Time: 1741317263.35s | Pan Error: -21.24, Tilt Error: -14.27
2025-03-07 03:14:23,351 - INFO - Pan Angle: 135.0, Tilt Angle: 90.0
2025-03-07 03:14:23,471 - INFO - Time: 1741317263.47s | Pan Error: -21.15, Tilt Error: -14.32
2025-03-07 03:14:23,472 - INFO - Pan Angle: 135.0, Tilt Angle: 90.0
2025-03-07 03:14:23,590 - INFO - Time: 1741317263.59s | Pan Error: -21.15, Tilt Error: -14.38
2025-03-07 03:14:23,590 - INFO - Pan Angle: 135.0, Tilt Angle: 90.0
2025-03-07 03:14:23,707 - INFO - Time: 1741317263.71s | Pan Error: -21.10, Tilt Error: -14.30
2025-03-07 03:14:23,708 - INFO - Pan Angle: 135.0, Tilt Angle: 90.0
2025-03-07 03:14:23,824 - INFO - Time: 1741317263.82s | Pan Error: -21.17, Tilt Error: -14.30
2025-03-07 03:14:23,825 - INFO - Pan Angle: 135.0, Tilt Angle: 90.0
2025-03-07 03:14:23,946 - INFO - Time: 1741317263.95s | Pan Error: -21.23, Tilt Error: -14.33
2025-03-07 03:14:23,947 - INFO - Pan Angle: 135.0, Tilt Angle: 90.0
2025-03-07 03:14:24,061 - INFO - Time: 1741317264.06s | Pan Error: -21.37, Tilt Error: -14.24
2025-03-07 03:14:24,062 - INFO - Pan Angle: 135.0, Tilt Angle: 90.0
2025-03-07 03:14:24,182 - INFO - Time: 1741317264.18s | Pan Error: -21.74, Tilt Error: -14.13
2025-03-07 03:14:24,183 - INFO - Pan Angle: 135.0, Tilt Angle: 90.0
2025-03-07 03:14:24,297 - INFO - Time: 1741317264.30s | Pan Error: -22.07, Tilt Error: -14.00
2025-03-07 03:14:24,298 - INFO - Pan Angle: 135.0, Tilt Angle: 90.0
2025-03-07 03:14:24,418 - INFO - Time: 1741317264.42s | Pan Error: -22.38, Tilt Error: -14.04
2025-03-07 03:14:24,419 - INFO - Pan Angle: 135.0, Tilt Angle: 90.0
2025-03-07 03:14:24,536 - INFO - Time: 1741317264.54s | Pan Error: -22.54, Tilt Error: -14.24
2025-03-07 03:14:24,536 - INFO - Pan Angle: 135.0, Tilt Angle: 90.0
2025-03-07 03:14:24,657 - INFO - Time: 1741317264.66s | Pan Error: -22.69, Tilt Error: -14.27
2025-03-07 03:14:24,657 - INFO - Pan Angle: 135.0, Tilt Angle: 90.0
2025-03-07 03:14:24,779 - INFO - Time: 1741317264.78s | Pan Error: -22.81, Tilt Error: -14.22
2025-03-07 03:14:24,780 - INFO - Pan Angle: 135.0, Tilt Angle: 90.0
2025-03-07 03:14:24,900 - INFO - Time: 1741317264.90s | Pan Error: -22.88, Tilt Error: -14.25
2025-03-07 03:14:24,901 - INFO - Pan Angle: 135.0, Tilt Angle: 90.0
2025-03-07 03:14:25,020 - INFO - Time: 1741317265.02s | Pan Error: -22.46, Tilt Error: -14.04
2025-03-07 03:14:25,021 - INFO - Pan Angle: 135.0, Tilt Angle: 90.0
2025-03-07 03:14:25,132 - INFO - Time: 1741317265.13s | Pan Error: -21.85, Tilt Error: -13.80
2025-03-07 03:14:25,132 - INFO - Pan Angle: 135.0, Tilt Angle: 90.0
2025-03-07 03:14:25,249 - INFO - Time: 1741317265.25s | Pan Error: -21.24, Tilt Error: -13.60
2025-03-07 03:14:25,250 - INFO - Pan Angle: 135.0, Tilt Angle: 90.0
2025-03-07 03:14:25,361 - INFO - Time: 1741317265.36s | Pan Error: -20.97, Tilt Error: -13.50
2025-03-07 03:14:25,363 - INFO - Pan Angle: 135.0, Tilt Angle: 90.0
2025-03-07 03:14:25,485 - INFO - Time: 1741317265.49s | Pan Error: -20.55, Tilt Error: -13.40
2025-03-07 03:14:25,485 - INFO - Pan Angle: 135.0, Tilt Angle: 90.0
2025-03-07 03:14:25,603 - INFO - Time: 1741317265.60s | Pan Error: -20.39, Tilt Error: -13.33
2025-03-07 03:14:25,604 - INFO - Pan Angle: 135.0, Tilt Angle: 90.0
2025-03-07 03:14:25,727 - INFO - Time: 1741317265.73s | Pan Error: -20.14, Tilt Error: -13.28
2025-03-07 03:14:25,728 - INFO - Pan Angle: 135.0, Tilt Angle: 90.0
2025-03-07 03:14:25,855 - INFO - Time: 1741317265.86s | Pan Error: -20.17, Tilt Error: -13.35
2025-03-07 03:14:25,856 - INFO - Pan Angle: 135.0, Tilt Angle: 90.0
2025-03-07 03:14:25,980 - INFO - Time: 1741317265.98s | Pan Error: -20.18, Tilt Error: -13.38
2025-03-07 03:14:25,981 - INFO - Pan Angle: 135.0, Tilt Angle: 90.0
2025-03-07 03:14:26,096 - INFO - Time: 1741317266.10s | Pan Error: -20.11, Tilt Error: -13.38
2025-03-07 03:14:26,097 - INFO - Pan Angle: 135.0, Tilt Angle: 90.0
2025-03-07 03:14:26,213 - INFO - Time: 1741317266.21s | Pan Error: -20.07, Tilt Error: -13.50
2025-03-07 03:14:26,214 - INFO - Pan Angle: 135.0, Tilt Angle: 90.0
2025-03-07 03:14:26,328 - INFO - Time: 1741317266.33s | Pan Error: -20.06, Tilt Error: -13.55
2025-03-07 03:14:26,329 - INFO - Pan Angle: 135.0, Tilt Angle: 90.0
2025-03-07 03:14:26,449 - INFO - Time: 1741317266.45s | Pan Error: -20.12, Tilt Error: -13.53
2025-03-07 03:14:26,449 - INFO - Pan Angle: 135.0, Tilt Angle: 90.0
2025-03-07 03:14:26,561 - INFO - Time: 1741317266.56s | Pan Error: -20.05, Tilt Error: -13.44
2025-03-07 03:14:26,562 - INFO - Pan Angle: 135.0, Tilt Angle: 90.0
2025-03-07 03:14:26,693 - INFO - Time: 1741317266.69s | Pan Error: -20.09, Tilt Error: -13.65
2025-03-07 03:14:26,694 - INFO - Pan Angle: 135.0, Tilt Angle: 90.0
2025-03-07 03:14:26,814 - INFO - Time: 1741317266.81s | Pan Error: -20.15, Tilt Error: -13.65
2025-03-07 03:14:26,815 - INFO - Pan Angle: 135.0, Tilt Angle: 90.0
2025-03-07 03:14:26,930 - INFO - Time: 1741317266.93s | Pan Error: -20.48, Tilt Error: -13.40
2025-03-07 03:14:26,931 - INFO - Pan Angle: 135.0, Tilt Angle: 90.0
2025-03-07 03:14:27,054 - INFO - Time: 1741317267.05s | Pan Error: -20.71, Tilt Error: -11.72
2025-03-07 03:14:27,054 - INFO - Pan Angle: 135.0, Tilt Angle: 90.0
2025-03-07 03:14:27,187 - INFO - Time: 1741317267.19s | Pan Error: -20.97, Tilt Error: -10.78
2025-03-07 03:14:27,189 - INFO - Pan Angle: 135.0, Tilt Angle: 90.0
2025-03-07 03:14:27,303 - INFO - Time: 1741317267.30s | Pan Error: -21.81, Tilt Error: -10.94
2025-03-07 03:14:27,303 - INFO - Pan Angle: 135.0, Tilt Angle: 90.0
2025-03-07 03:14:27,423 - INFO - Time: 1741317267.42s | Pan Error: -21.87, Tilt Error: -11.01
2025-03-07 03:14:27,423 - INFO - Pan Angle: 135.0, Tilt Angle: 90.0
2025-03-07 03:14:27,544 - INFO - Time: 1741317267.54s | Pan Error: -21.91, Tilt Error: -11.30
2025-03-07 03:14:27,545 - INFO - Pan Angle: 135.0, Tilt Angle: 90.0
2025-03-07 03:14:27,661 - INFO - Time: 1741317267.66s | Pan Error: -22.07, Tilt Error: -11.54
2025-03-07 03:14:27,661 - INFO - Pan Angle: 135.0, Tilt Angle: 90.0
2025-03-07 03:14:27,779 - INFO - Time: 1741317267.78s | Pan Error: -22.27, Tilt Error: -13.08
2025-03-07 03:14:27,780 - INFO - Pan Angle: 135.0, Tilt Angle: 90.0
2025-03-07 03:14:27,894 - INFO - Time: 1741317267.89s | Pan Error: -22.37, Tilt Error: -14.37
2025-03-07 03:14:27,894 - INFO - Pan Angle: 135.0, Tilt Angle: 90.0
2025-03-07 03:14:28,015 - INFO - Time: 1741317268.02s | Pan Error: -22.03, Tilt Error: -13.86
2025-03-07 03:14:28,015 - INFO - Pan Angle: 135.0, Tilt Angle: 90.0
2025-03-07 03:14:28,129 - INFO - Time: 1741317268.13s | Pan Error: -22.09, Tilt Error: -12.54
2025-03-07 03:14:28,129 - INFO - Pan Angle: 135.0, Tilt Angle: 90.0
2025-03-07 03:14:28,252 - INFO - Time: 1741317268.25s | Pan Error: -21.94, Tilt Error: -8.40
2025-03-07 03:14:28,252 - INFO - Pan Angle: 135.0, Tilt Angle: 90.0
2025-03-07 03:14:28,393 - INFO - Time: 1741317268.39s | Pan Error: -21.53, Tilt Error: -8.97
2025-03-07 03:14:28,394 - INFO - Pan Angle: 135.0, Tilt Angle: 90.0
2025-03-07 03:14:28,525 - INFO - Time: 1741317268.53s | Pan Error: -21.58, Tilt Error: -10.02
2025-03-07 03:14:28,526 - INFO - Pan Angle: 135.0, Tilt Angle: 90.0
2025-03-07 03:14:28,645 - INFO - Time: 1741317268.65s | Pan Error: -21.60, Tilt Error: -11.54
2025-03-07 03:14:28,645 - INFO - Pan Angle: 135.0, Tilt Angle: 90.0
2025-03-07 03:14:29,054 - INFO - Camera stopped
