2025-03-13 00:39:00,405 - INFO - Logging system initialized.
2025-03-13 00:39:00,406 - INFO - 
Pan and Tilt Mechanism: 
Current Date: 2025-03-13_00-39-00

------------------------- Running Parameters -------------------------
Pan Servo: Pin 17, PID Values: 
 KP: 0.5
 KI: 0.0
 KD: 0.5, Angle Range -135-135, Current Angle -0.0
Tilt Servo: Pin 27, PID Values: 
 KP: 0.5
 KI: 0.0
 KD: 0.5, Angle Range -90-90, Current Angle -0.0

Tracking Point: False
--------------------------------------------------

2025-03-13 00:39:00,435 - INFO - Initialization successful.
2025-03-13 00:39:00,435 - INFO - Camera now open.
2025-03-13 00:39:00,439 - INFO - Camera configuration has been adjusted!
2025-03-13 00:39:00,442 - INFO - Configuration successful!
2025-03-13 00:39:00,499 - INFO - Camera started
2025-03-13 00:39:00,514 - INFO - [31m[1mWARNING: This is a development server. Do not use it in a production deployment. Use a production WSGI server instead.[0m
 * Running on all addresses (0.0.0.0)
 * Running on http://127.0.0.1:5000
 * Running on http://172.20.10.4:5000
2025-03-13 00:39:00,515 - INFO - [33mPress CTRL+C to quit[0m
2025-03-13 00:39:00,693 - INFO - Stream stats - Frame: 0, Size: 182539 bytes, Clients: 0
2025-03-13 00:39:02,371 - INFO - 172.20.10.2 - - [13/Mar/2025 00:39:02] "GET / HTTP/1.1" 200 -
2025-03-13 00:39:02,425 - INFO - Client connected. Total clients: 1
2025-03-13 00:39:02,565 - INFO - 172.20.10.2 - - [13/Mar/2025 00:39:02] "GET /video_feed HTTP/1.1" 200 -
2025-03-13 00:39:02,708 - INFO - Time: 1741826342.71s | Pan Error: 20.16, Tilt Error: -6.25
2025-03-13 00:39:02,709 - INFO - Pan Angle: -49.95, Tilt Angle: -15.48
2025-03-13 00:39:02,847 - INFO - Time: 1741826342.85s | Pan Error: 20.17, Tilt Error: -6.25
2025-03-13 00:39:02,848 - INFO - Pan Angle: -60.21, Tilt Angle: -18.72
2025-03-13 00:39:05,676 - INFO - Time: 1741826345.68s | Pan Error: -10.74, Tilt Error: 2.36
2025-03-13 00:39:05,677 - INFO - Pan Angle: -50.22, Tilt Angle: -16.38
2025-03-13 00:39:05,795 - INFO - Time: 1741826345.80s | Pan Error: -8.25, Tilt Error: 3.17
2025-03-13 00:39:05,796 - INFO - Pan Angle: -46.71, Tilt Angle: -14.76
2025-03-13 00:39:05,912 - INFO - Time: 1741826345.91s | Pan Error: -3.48, Tilt Error: 1.32
2025-03-13 00:39:05,913 - INFO - Pan Angle: -45.9, Tilt Angle: -14.4
2025-03-13 00:39:06,030 - INFO - Time: 1741826346.03s | Pan Error: -0.60, Tilt Error: -2.33
2025-03-13 00:39:06,031 - INFO - Pan Angle: -46.17, Tilt Angle: -16.2
2025-03-13 00:39:06,158 - INFO - Time: 1741826346.16s | Pan Error: 1.32, Tilt Error: -3.03
2025-03-13 00:39:06,159 - INFO - Pan Angle: -47.25, Tilt Angle: -17.82
2025-03-13 00:39:06,292 - INFO - Time: 1741826346.29s | Pan Error: -0.43, Tilt Error: -3.35
2025-03-13 00:39:06,293 - INFO - Pan Angle: -46.98, Tilt Angle: -19.62
2025-03-13 00:39:06,419 - INFO - Time: 1741826346.42s | Pan Error: -4.69, Tilt Error: -1.75
2025-03-13 00:39:06,420 - INFO - Pan Angle: -44.28, Tilt Angle: -20.34
2025-03-13 00:39:06,568 - INFO - Time: 1741826346.57s | Pan Error: -11.68, Tilt Error: 2.00
2025-03-13 00:39:06,571 - INFO - Pan Angle: -37.8, Tilt Angle: -18.9
2025-03-13 00:39:06,702 - INFO - Time: 1741826346.70s | Pan Error: -18.20, Tilt Error: 5.49
2025-03-13 00:39:06,703 - INFO - Pan Angle: -28.08, Tilt Angle: -15.84
2025-03-13 00:39:06,825 - INFO - Time: 1741826346.83s | Pan Error: -16.88, Tilt Error: 6.65
2025-03-13 00:39:06,825 - INFO - Pan Angle: -19.98, Tilt Angle: -12.42
2025-03-13 00:39:06,948 - INFO - Time: 1741826346.95s | Pan Error: -11.19, Tilt Error: 6.96
2025-03-13 00:39:06,950 - INFO - Pan Angle: -15.12, Tilt Angle: -9.0
2025-03-13 00:39:07,276 - INFO - Time: 1741826347.28s | Pan Error: -0.24, Tilt Error: 4.14
2025-03-13 00:39:07,277 - INFO - Pan Angle: -16.2, Tilt Angle: -7.38
2025-03-13 00:39:07,402 - INFO - Time: 1741826347.40s | Pan Error: 0.50, Tilt Error: 3.95
2025-03-13 00:39:07,403 - INFO - Pan Angle: -16.74, Tilt Angle: -5.58
2025-03-13 00:39:07,551 - INFO - Time: 1741826347.55s | Pan Error: 1.07, Tilt Error: 2.49
2025-03-13 00:39:07,553 - INFO - Pan Angle: -17.55, Tilt Angle: -4.5
2025-03-13 00:39:07,690 - INFO - Time: 1741826347.69s | Pan Error: 1.30, Tilt Error: 0.69
2025-03-13 00:39:07,690 - INFO - Pan Angle: -18.36, Tilt Angle: -4.5
2025-03-13 00:39:07,895 - INFO - Time: 1741826347.90s | Pan Error: 1.23, Tilt Error: -0.72
2025-03-13 00:39:07,896 - INFO - Pan Angle: -19.17, Tilt Angle: -5.04
2025-03-13 00:39:08,034 - INFO - Time: 1741826348.03s | Pan Error: -0.02, Tilt Error: -0.76
2025-03-13 00:39:08,034 - INFO - Pan Angle: -19.17, Tilt Angle: -5.58
2025-03-13 00:39:08,176 - INFO - Time: 1741826348.18s | Pan Error: -0.07, Tilt Error: -0.76
2025-03-13 00:39:08,177 - INFO - Pan Angle: -19.17, Tilt Angle: -6.12
2025-03-13 00:39:08,296 - INFO - Time: 1741826348.30s | Pan Error: -0.10, Tilt Error: -0.74
2025-03-13 00:39:08,297 - INFO - Pan Angle: -19.17, Tilt Angle: -6.66
2025-03-13 00:39:08,427 - INFO - Time: 1741826348.43s | Pan Error: -0.10, Tilt Error: -0.74
2025-03-13 00:39:08,428 - INFO - Pan Angle: -19.17, Tilt Angle: -7.2
2025-03-13 00:39:08,552 - INFO - Time: 1741826348.55s | Pan Error: -0.10, Tilt Error: -0.74
2025-03-13 00:39:08,553 - INFO - Pan Angle: -19.17, Tilt Angle: -7.74
2025-03-13 00:39:08,673 - INFO - Time: 1741826348.67s | Pan Error: -0.16, Tilt Error: -0.10
2025-03-13 00:39:08,674 - INFO - Pan Angle: -19.17, Tilt Angle: -7.74
2025-03-13 00:39:08,794 - INFO - Time: 1741826348.79s | Pan Error: -0.05, Tilt Error: 0.69
2025-03-13 00:39:08,794 - INFO - Pan Angle: -19.17, Tilt Angle: -7.38
2025-03-13 00:39:08,913 - INFO - Time: 1741826348.91s | Pan Error: -0.05, Tilt Error: 0.73
2025-03-13 00:39:08,914 - INFO - Pan Angle: -19.17, Tilt Angle: -7.02
2025-03-13 00:39:09,040 - INFO - Time: 1741826349.04s | Pan Error: -0.04, Tilt Error: 0.74
2025-03-13 00:39:09,042 - INFO - Pan Angle: -19.17, Tilt Angle: -6.66
2025-03-13 00:39:09,164 - INFO - Time: 1741826349.16s | Pan Error: -0.04, Tilt Error: 0.74
2025-03-13 00:39:09,165 - INFO - Pan Angle: -19.17, Tilt Angle: -6.3
2025-03-13 00:39:09,294 - INFO - Time: 1741826349.29s | Pan Error: -0.04, Tilt Error: 0.74
2025-03-13 00:39:09,295 - INFO - Pan Angle: -19.17, Tilt Angle: -5.94
2025-03-13 00:39:09,546 - INFO - Time: 1741826349.55s | Pan Error: -0.67, Tilt Error: 0.78
2025-03-13 00:39:09,547 - INFO - Pan Angle: -18.9, Tilt Angle: -5.58
2025-03-13 00:39:09,672 - INFO - Time: 1741826349.67s | Pan Error: -3.36, Tilt Error: 0.90
2025-03-13 00:39:09,672 - INFO - Pan Angle: -17.28, Tilt Angle: -5.22
2025-03-13 00:39:09,795 - INFO - Time: 1741826349.80s | Pan Error: -6.11, Tilt Error: 1.06
2025-03-13 00:39:09,796 - INFO - Pan Angle: -14.04, Tilt Angle: -4.68
2025-03-13 00:39:09,925 - INFO - Time: 1741826349.93s | Pan Error: -8.56, Tilt Error: 0.90
2025-03-13 00:39:09,926 - INFO - Pan Angle: -9.72, Tilt Angle: -4.32
2025-03-13 00:39:10,058 - INFO - Time: 1741826350.06s | Pan Error: -8.93, Tilt Error: 0.06
2025-03-13 00:39:10,058 - INFO - Pan Angle: -5.4, Tilt Angle: -4.5
2025-03-13 00:39:10,201 - INFO - Time: 1741826350.20s | Pan Error: -7.06, Tilt Error: -0.35
2025-03-13 00:39:10,203 - INFO - Pan Angle: -2.16, Tilt Angle: -4.86
2025-03-13 00:39:10,332 - INFO - Time: 1741826350.33s | Pan Error: -3.82, Tilt Error: -0.44
2025-03-13 00:39:10,333 - INFO - Pan Angle: -0.54, Tilt Angle: -5.22
2025-03-13 00:39:10,461 - INFO - Time: 1741826350.46s | Pan Error: -1.02, Tilt Error: -0.46
2025-03-13 00:39:10,463 - INFO - Pan Angle: -0.27, Tilt Angle: -5.58
2025-03-13 00:39:10,595 - INFO - Time: 1741826350.59s | Pan Error: 0.97, Tilt Error: -0.59
2025-03-13 00:39:10,595 - INFO - Pan Angle: -1.08, Tilt Angle: -5.94
2025-03-13 00:39:10,724 - INFO - Time: 1741826350.72s | Pan Error: 1.38, Tilt Error: -0.57
2025-03-13 00:39:10,725 - INFO - Pan Angle: -1.89, Tilt Angle: -6.3
2025-03-13 00:39:10,852 - INFO - Time: 1741826350.85s | Pan Error: 1.03, Tilt Error: -0.56
2025-03-13 00:39:10,853 - INFO - Pan Angle: -2.43, Tilt Angle: -6.66
2025-03-13 00:39:10,984 - INFO - Time: 1741826350.98s | Pan Error: 0.58, Tilt Error: -0.54
2025-03-13 00:39:10,985 - INFO - Pan Angle: -2.7, Tilt Angle: -7.02
2025-03-13 00:39:11,120 - INFO - Time: 1741826351.12s | Pan Error: -0.23, Tilt Error: -0.52
2025-03-13 00:39:11,120 - INFO - Pan Angle: -2.7, Tilt Angle: -7.38
2025-03-13 00:39:11,250 - INFO - Time: 1741826351.25s | Pan Error: -1.10, Tilt Error: -0.06
2025-03-13 00:39:11,251 - INFO - Pan Angle: -2.16, Tilt Angle: -7.56
2025-03-13 00:39:11,376 - INFO - Time: 1741826351.38s | Pan Error: -1.77, Tilt Error: 0.35
2025-03-13 00:39:11,377 - INFO - Pan Angle: -1.35, Tilt Angle: -7.38
2025-03-13 00:39:11,513 - INFO - Time: 1741826351.51s | Pan Error: -1.99, Tilt Error: 0.30
2025-03-13 00:39:11,513 - INFO - Pan Angle: -0.54, Tilt Angle: -7.38
2025-03-13 00:39:11,643 - INFO - Time: 1741826351.64s | Pan Error: -1.94, Tilt Error: 0.33
2025-03-13 00:39:11,644 - INFO - Pan Angle: 0.27, Tilt Angle: -7.38
2025-03-13 00:39:11,782 - INFO - Time: 1741826351.78s | Pan Error: -1.93, Tilt Error: 0.32
2025-03-13 00:39:11,783 - INFO - Pan Angle: 1.08, Tilt Angle: -7.38
2025-03-13 00:39:11,904 - INFO - Time: 1741826351.90s | Pan Error: -1.44, Tilt Error: 0.27
2025-03-13 00:39:11,905 - INFO - Pan Angle: 1.62, Tilt Angle: -7.38
2025-03-13 00:39:12,034 - INFO - Time: 1741826352.03s | Pan Error: -0.04, Tilt Error: 0.18
2025-03-13 00:39:12,035 - INFO - Pan Angle: 1.35, Tilt Angle: -7.38
2025-03-13 00:39:12,169 - INFO - Time: 1741826352.17s | Pan Error: 1.66, Tilt Error: 0.13
2025-03-13 00:39:12,171 - INFO - Pan Angle: 0.27, Tilt Angle: -7.38
2025-03-13 00:39:12,301 - INFO - Time: 1741826352.30s | Pan Error: 2.99, Tilt Error: 0.13
2025-03-13 00:39:12,302 - INFO - Pan Angle: -1.35, Tilt Angle: -7.38
2025-03-13 00:39:12,402 - INFO - Stream stats - Frame: 300, Size: 206004 bytes, Clients: 1
2025-03-13 00:39:12,438 - INFO - Time: 1741826352.44s | Pan Error: 4.53, Tilt Error: 0.04
2025-03-13 00:39:12,439 - INFO - Pan Angle: -3.78, Tilt Angle: -7.38
2025-03-13 00:39:12,582 - INFO - Time: 1741826352.58s | Pan Error: 6.14, Tilt Error: -0.16
2025-03-13 00:39:12,583 - INFO - Pan Angle: -7.02, Tilt Angle: -7.56
2025-03-13 00:39:12,723 - INFO - Time: 1741826352.72s | Pan Error: 8.05, Tilt Error: -0.25
2025-03-13 00:39:12,724 - INFO - Pan Angle: -11.34, Tilt Angle: -7.74
2025-03-13 00:39:12,875 - INFO - Time: 1741826352.87s | Pan Error: 7.91, Tilt Error: -0.31
2025-03-13 00:39:12,876 - INFO - Pan Angle: -15.39, Tilt Angle: -7.92
2025-03-13 00:39:13,004 - INFO - Time: 1741826353.00s | Pan Error: 5.87, Tilt Error: 0.35
2025-03-13 00:39:13,006 - INFO - Pan Angle: -18.36, Tilt Angle: -7.74
2025-03-13 00:39:13,134 - INFO - Time: 1741826353.13s | Pan Error: 3.42, Tilt Error: 0.49
2025-03-13 00:39:13,135 - INFO - Pan Angle: -19.98, Tilt Angle: -7.56
2025-03-13 00:39:13,263 - INFO - Time: 1741826353.26s | Pan Error: 1.52, Tilt Error: 0.53
2025-03-13 00:39:13,264 - INFO - Pan Angle: -20.79, Tilt Angle: -7.38
2025-03-13 00:39:13,391 - INFO - Time: 1741826353.39s | Pan Error: 0.39, Tilt Error: 0.52
2025-03-13 00:39:13,393 - INFO - Pan Angle: -21.06, Tilt Angle: -7.2
2025-03-13 00:39:13,535 - INFO - Time: 1741826353.54s | Pan Error: 0.75, Tilt Error: 0.49
2025-03-13 00:39:13,536 - INFO - Pan Angle: -21.6, Tilt Angle: -7.02
2025-03-13 00:39:13,671 - INFO - Time: 1741826353.67s | Pan Error: 1.22, Tilt Error: 0.50
2025-03-13 00:39:13,672 - INFO - Pan Angle: -22.41, Tilt Angle: -6.84
2025-03-13 00:39:13,796 - INFO - Time: 1741826353.80s | Pan Error: 1.39, Tilt Error: 0.47
2025-03-13 00:39:13,796 - INFO - Pan Angle: -23.22, Tilt Angle: -6.66
2025-03-13 00:39:13,923 - INFO - Time: 1741826353.92s | Pan Error: 0.32, Tilt Error: 0.49
2025-03-13 00:39:13,924 - INFO - Pan Angle: -23.49, Tilt Angle: -6.48
2025-03-13 00:39:16,331 - INFO - Time: 1741826356.33s | Pan Error: -1.11, Tilt Error: 0.60
2025-03-13 00:39:16,332 - INFO - Pan Angle: -22.95, Tilt Angle: -6.3
2025-03-13 00:39:16,458 - INFO - Time: 1741826356.46s | Pan Error: -1.96, Tilt Error: 0.66
2025-03-13 00:39:16,459 - INFO - Pan Angle: -22.14, Tilt Angle: -6.12
2025-03-13 00:39:16,859 - INFO - Time: 1741826356.86s | Pan Error: -4.08, Tilt Error: 0.71
2025-03-13 00:39:16,860 - INFO - Pan Angle: -20.25, Tilt Angle: -5.94
2025-03-13 00:39:16,990 - INFO - Time: 1741826356.99s | Pan Error: -4.97, Tilt Error: 0.74
2025-03-13 00:39:16,991 - INFO - Pan Angle: -17.82, Tilt Angle: -5.58
2025-03-13 00:39:17,153 - INFO - Time: 1741826357.15s | Pan Error: -3.96, Tilt Error: 0.71
2025-03-13 00:39:17,154 - INFO - Pan Angle: -15.93, Tilt Angle: -5.4
2025-03-13 00:39:17,296 - INFO - Time: 1741826357.30s | Pan Error: -2.12, Tilt Error: 0.63
2025-03-13 00:39:17,297 - INFO - Pan Angle: -15.12, Tilt Angle: -5.22
2025-03-13 00:39:17,422 - INFO - Time: 1741826357.42s | Pan Error: -1.68, Tilt Error: 0.24
2025-03-13 00:39:17,423 - INFO - Pan Angle: -14.31, Tilt Angle: -5.22
2025-03-13 00:39:17,552 - INFO - Time: 1741826357.55s | Pan Error: -1.91, Tilt Error: 0.07
2025-03-13 00:39:17,553 - INFO - Pan Angle: -13.5, Tilt Angle: -5.22
2025-03-13 00:39:17,820 - INFO - Time: 1741826357.82s | Pan Error: -3.92, Tilt Error: 0.19
2025-03-13 00:39:17,821 - INFO - Pan Angle: -11.61, Tilt Angle: -5.22
2025-03-13 00:39:18,525 - INFO - Time: 1741826358.53s | Pan Error: -2.78, Tilt Error: 0.18
2025-03-13 00:39:18,526 - INFO - Pan Angle: -10.26, Tilt Angle: -5.22
2025-03-13 00:39:18,660 - INFO - Time: 1741826358.66s | Pan Error: -3.31, Tilt Error: 0.16
2025-03-13 00:39:18,661 - INFO - Pan Angle: -8.64, Tilt Angle: -5.22
2025-03-13 00:39:18,956 - INFO - Time: 1741826358.96s | Pan Error: -3.40, Tilt Error: 0.15
2025-03-13 00:39:18,957 - INFO - Pan Angle: -7.02, Tilt Angle: -5.22
2025-03-13 00:39:19,098 - INFO - Time: 1741826359.10s | Pan Error: -4.00, Tilt Error: 0.15
2025-03-13 00:39:19,100 - INFO - Pan Angle: -5.13, Tilt Angle: -5.22
2025-03-13 00:39:19,651 - INFO - Time: 1741826359.65s | Pan Error: -1.22, Tilt Error: 0.02
2025-03-13 00:39:19,652 - INFO - Pan Angle: -4.86, Tilt Angle: -5.22
2025-03-13 00:39:19,787 - INFO - Time: 1741826359.79s | Pan Error: -1.83, Tilt Error: 0.08
2025-03-13 00:39:19,788 - INFO - Pan Angle: -4.05, Tilt Angle: -5.22
2025-03-13 00:39:20,056 - INFO - Time: 1741826360.06s | Pan Error: -3.16, Tilt Error: 0.19
2025-03-13 00:39:20,057 - INFO - Pan Angle: -2.7, Tilt Angle: -5.22
2025-03-13 00:39:20,189 - INFO - Time: 1741826360.19s | Pan Error: -3.85, Tilt Error: 0.24
2025-03-13 00:39:20,189 - INFO - Pan Angle: -0.81, Tilt Angle: -5.22
2025-03-13 00:39:20,578 - INFO - Time: 1741826360.58s | Pan Error: -1.02, Tilt Error: 0.10
2025-03-13 00:39:20,580 - INFO - Pan Angle: -0.54, Tilt Angle: -5.22
2025-03-13 00:39:20,708 - INFO - Time: 1741826360.71s | Pan Error: -0.96, Tilt Error: 0.08
2025-03-13 00:39:20,710 - INFO - Pan Angle: -0.27, Tilt Angle: -5.22
2025-03-13 00:39:20,856 - INFO - Time: 1741826360.86s | Pan Error: -0.75, Tilt Error: 0.07
2025-03-13 00:39:20,856 - INFO - Pan Angle: -0.0, Tilt Angle: -5.22
2025-03-13 00:39:20,986 - INFO - Time: 1741826360.99s | Pan Error: -0.16, Tilt Error: 0.04
2025-03-13 00:39:20,987 - INFO - Pan Angle: -0.0, Tilt Angle: -5.22
2025-03-13 00:39:21,254 - INFO - Time: 1741826361.25s | Pan Error: 0.97, Tilt Error: -0.01
2025-03-13 00:39:21,255 - INFO - Pan Angle: -0.54, Tilt Angle: -5.4
2025-03-13 00:39:21,387 - INFO - Time: 1741826361.39s | Pan Error: 1.63, Tilt Error: -0.05
2025-03-13 00:39:21,388 - INFO - Pan Angle: -1.62, Tilt Angle: -5.58
2025-03-13 00:39:21,557 - INFO - Time: 1741826361.56s | Pan Error: 2.36, Tilt Error: -0.07
2025-03-13 00:39:21,558 - INFO - Pan Angle: -2.97, Tilt Angle: -5.76
2025-03-13 00:39:21,694 - INFO - Time: 1741826361.69s | Pan Error: 3.33, Tilt Error: -0.34
2025-03-13 00:39:21,695 - INFO - Pan Angle: -4.86, Tilt Angle: -5.94
2025-03-13 00:39:21,824 - INFO - Time: 1741826361.82s | Pan Error: 3.94, Tilt Error: -2.20
2025-03-13 00:39:21,825 - INFO - Pan Angle: -7.02, Tilt Angle: -7.2
2025-03-13 00:39:21,955 - INFO - Time: 1741826361.95s | Pan Error: 4.78, Tilt Error: -3.73
2025-03-13 00:39:21,955 - INFO - Pan Angle: -9.45, Tilt Angle: -9.18
2025-03-13 00:39:22,087 - INFO - Time: 1741826362.09s | Pan Error: 3.74, Tilt Error: -6.09
2025-03-13 00:39:22,088 - INFO - Pan Angle: -11.34, Tilt Angle: -12.42
2025-03-13 00:39:22,223 - INFO - Time: 1741826362.22s | Pan Error: 1.88, Tilt Error: -7.31
2025-03-13 00:39:22,224 - INFO - Pan Angle: -12.42, Tilt Angle: -16.2
2025-03-13 00:39:22,351 - INFO - Time: 1741826362.35s | Pan Error: 0.17, Tilt Error: -7.35
2025-03-13 00:39:22,352 - INFO - Pan Angle: -12.69, Tilt Angle: -19.98
2025-03-13 00:39:22,382 - INFO - Stream stats - Frame: 600, Size: 189889 bytes, Clients: 1
2025-03-13 00:39:22,618 - INFO - Time: 1741826362.62s | Pan Error: -1.40, Tilt Error: -2.64
2025-03-13 00:39:22,619 - INFO - Pan Angle: -12.15, Tilt Angle: -21.24
2025-03-13 00:39:22,752 - INFO - Time: 1741826362.75s | Pan Error: -1.48, Tilt Error: -4.55
2025-03-13 00:39:22,753 - INFO - Pan Angle: -11.61, Tilt Angle: -23.58
2025-03-13 00:39:22,888 - INFO - Time: 1741826362.89s | Pan Error: -1.40, Tilt Error: -5.67
2025-03-13 00:39:22,889 - INFO - Pan Angle: -11.07, Tilt Angle: -26.46
2025-03-13 00:39:23,021 - INFO - Time: 1741826363.02s | Pan Error: -1.22, Tilt Error: -4.80
2025-03-13 00:39:23,022 - INFO - Pan Angle: -10.53, Tilt Angle: -28.98
2025-03-13 00:39:23,154 - INFO - Time: 1741826363.15s | Pan Error: -0.99, Tilt Error: -3.02
2025-03-13 00:39:23,154 - INFO - Pan Angle: -10.26, Tilt Angle: -30.6
2025-03-13 00:39:23,287 - INFO - Time: 1741826363.29s | Pan Error: -0.84, Tilt Error: -1.13
2025-03-13 00:39:23,288 - INFO - Pan Angle: -9.99, Tilt Angle: -31.14
2025-03-13 00:39:23,593 - INFO - Time: 1741826363.59s | Pan Error: -0.59, Tilt Error: -1.13
2025-03-13 00:39:23,593 - INFO - Pan Angle: -9.72, Tilt Angle: -31.86
2025-03-13 00:39:23,749 - INFO - Time: 1741826363.75s | Pan Error: -0.45, Tilt Error: -2.58
2025-03-13 00:39:23,750 - INFO - Pan Angle: -9.72, Tilt Angle: -33.3
2025-03-13 00:39:23,876 - INFO - Time: 1741826363.88s | Pan Error: -0.48, Tilt Error: -3.14
2025-03-13 00:39:23,877 - INFO - Pan Angle: -9.72, Tilt Angle: -34.92
2025-03-13 00:39:24,010 - INFO - Time: 1741826364.01s | Pan Error: -0.58, Tilt Error: -2.55
2025-03-13 00:39:24,010 - INFO - Pan Angle: -9.45, Tilt Angle: -36.36
2025-03-13 00:39:24,140 - INFO - Time: 1741826364.14s | Pan Error: -0.62, Tilt Error: -1.18
2025-03-13 00:39:24,141 - INFO - Pan Angle: -9.18, Tilt Angle: -37.08
2025-03-13 00:39:25,082 - INFO - Time: 1741826365.08s | Pan Error: -0.54, Tilt Error: 5.39
2025-03-13 00:39:25,084 - INFO - Pan Angle: -9.18, Tilt Angle: -34.38
2025-03-13 00:39:25,222 - INFO - Time: 1741826365.22s | Pan Error: -0.82, Tilt Error: 9.15
2025-03-13 00:39:25,223 - INFO - Pan Angle: -8.91, Tilt Angle: -29.88
2025-03-13 00:39:25,430 - INFO - Time: 1741826365.43s | Pan Error: -1.25, Tilt Error: 11.03
2025-03-13 00:39:25,431 - INFO - Pan Angle: -8.37, Tilt Angle: -24.48
2025-03-13 00:39:25,568 - INFO - Time: 1741826365.57s | Pan Error: -2.07, Tilt Error: 9.96
2025-03-13 00:39:25,570 - INFO - Pan Angle: -7.56, Tilt Angle: -19.62
2025-03-13 00:39:25,698 - INFO - Time: 1741826365.70s | Pan Error: -1.84, Tilt Error: 5.89
2025-03-13 00:39:25,699 - INFO - Pan Angle: -6.75, Tilt Angle: -16.92
2025-03-13 00:39:25,830 - INFO - Time: 1741826365.83s | Pan Error: -1.99, Tilt Error: 2.35
2025-03-13 00:39:25,831 - INFO - Pan Angle: -5.94, Tilt Angle: -15.84
2025-03-13 00:39:26,020 - INFO - Time: 1741826366.02s | Pan Error: -1.28, Tilt Error: 0.95
2025-03-13 00:39:26,021 - INFO - Pan Angle: -5.4, Tilt Angle: -15.48
2025-03-13 00:39:26,162 - INFO - Time: 1741826366.16s | Pan Error: 0.07, Tilt Error: 1.64
2025-03-13 00:39:26,163 - INFO - Pan Angle: -5.67, Tilt Angle: -14.76
2025-03-13 00:39:26,426 - INFO - Time: 1741826366.43s | Pan Error: -0.63, Tilt Error: 1.40
2025-03-13 00:39:26,427 - INFO - Pan Angle: -5.4, Tilt Angle: -14.22
2025-03-13 00:39:26,588 - INFO - Time: 1741826366.59s | Pan Error: -0.89, Tilt Error: 2.07
2025-03-13 00:39:26,589 - INFO - Pan Angle: -5.13, Tilt Angle: -13.32
2025-03-13 00:39:26,737 - INFO - Time: 1741826366.74s | Pan Error: -0.91, Tilt Error: 2.32
2025-03-13 00:39:26,738 - INFO - Pan Angle: -4.86, Tilt Angle: -12.24
2025-03-13 00:39:26,887 - INFO - Time: 1741826366.89s | Pan Error: -1.18, Tilt Error: 2.23
2025-03-13 00:39:26,888 - INFO - Pan Angle: -4.32, Tilt Angle: -11.16
2025-03-13 00:39:27,060 - INFO - Time: 1741826367.06s | Pan Error: -1.29, Tilt Error: 1.76
2025-03-13 00:39:27,062 - INFO - Pan Angle: -3.78, Tilt Angle: -10.44
2025-03-13 00:39:27,205 - INFO - Time: 1741826367.21s | Pan Error: -1.57, Tilt Error: 0.92
2025-03-13 00:39:27,206 - INFO - Pan Angle: -3.24, Tilt Angle: -10.08
2025-03-13 00:39:27,353 - INFO - Time: 1741826367.35s | Pan Error: -1.92, Tilt Error: 0.91
2025-03-13 00:39:27,355 - INFO - Pan Angle: -2.43, Tilt Angle: -9.72
2025-03-13 00:39:27,498 - INFO - Time: 1741826367.50s | Pan Error: -0.82, Tilt Error: 0.79
2025-03-13 00:39:27,498 - INFO - Pan Angle: -2.16, Tilt Angle: -9.36
2025-03-13 00:39:27,634 - INFO - Time: 1741826367.63s | Pan Error: 0.53, Tilt Error: 0.32
2025-03-13 00:39:27,635 - INFO - Pan Angle: -2.7, Tilt Angle: -9.36
2025-03-13 00:39:27,858 - INFO - Time: 1741826367.86s | Pan Error: 0.64, Tilt Error: 0.16
2025-03-13 00:39:27,859 - INFO - Pan Angle: -3.24, Tilt Angle: -9.36
2025-03-13 00:39:27,986 - INFO - Time: 1741826367.99s | Pan Error: 0.17, Tilt Error: 1.06
2025-03-13 00:39:27,990 - INFO - Pan Angle: -3.51, Tilt Angle: -8.82
2025-03-13 00:39:28,171 - INFO - Time: 1741826368.17s | Pan Error: -0.04, Tilt Error: 1.55
2025-03-13 00:39:28,171 - INFO - Pan Angle: -3.51, Tilt Angle: -8.1
2025-03-13 00:39:28,301 - INFO - Time: 1741826368.30s | Pan Error: -0.65, Tilt Error: 2.35
2025-03-13 00:39:28,302 - INFO - Pan Angle: -3.24, Tilt Angle: -7.02
2025-03-13 00:39:28,437 - INFO - Time: 1741826368.44s | Pan Error: -1.06, Tilt Error: 2.37
2025-03-13 00:39:28,438 - INFO - Pan Angle: -2.97, Tilt Angle: -5.94
2025-03-13 00:39:28,568 - INFO - Time: 1741826368.57s | Pan Error: -1.49, Tilt Error: 2.14
2025-03-13 00:39:28,569 - INFO - Pan Angle: -2.43, Tilt Angle: -5.04
2025-03-13 00:39:28,738 - INFO - Time: 1741826368.74s | Pan Error: -1.82, Tilt Error: 1.55
2025-03-13 00:39:28,743 - INFO - Pan Angle: -1.62, Tilt Angle: -4.32
2025-03-13 00:39:28,920 - INFO - Time: 1741826368.92s | Pan Error: -1.93, Tilt Error: 0.68
2025-03-13 00:39:28,921 - INFO - Pan Angle: -0.81, Tilt Angle: -4.14
2025-03-13 00:39:29,067 - INFO - Time: 1741826369.07s | Pan Error: -1.98, Tilt Error: -0.09
2025-03-13 00:39:29,068 - INFO - Pan Angle: -0.0, Tilt Angle: -4.32
2025-03-13 00:39:29,288 - INFO - Time: 1741826369.29s | Pan Error: -2.03, Tilt Error: -0.20
2025-03-13 00:39:29,291 - INFO - Pan Angle: 0.81, Tilt Angle: -4.5
2025-03-13 00:39:29,461 - INFO - Time: 1741826369.46s | Pan Error: 0.53, Tilt Error: -0.38
2025-03-13 00:39:29,463 - INFO - Pan Angle: 0.27, Tilt Angle: -4.86
2025-03-13 00:39:29,638 - INFO - Time: 1741826369.64s | Pan Error: 0.95, Tilt Error: -0.41
2025-03-13 00:39:29,640 - INFO - Pan Angle: -0.27, Tilt Angle: -5.22
2025-03-13 00:39:29,839 - INFO - Time: 1741826369.84s | Pan Error: 1.78, Tilt Error: -0.40
2025-03-13 00:39:29,841 - INFO - Pan Angle: -1.35, Tilt Angle: -5.58
2025-03-13 00:39:30,012 - INFO - Time: 1741826370.01s | Pan Error: 3.46, Tilt Error: -0.52
2025-03-13 00:39:30,014 - INFO - Pan Angle: -3.24, Tilt Angle: -5.94
2025-03-13 00:39:30,201 - INFO - Time: 1741826370.20s | Pan Error: 6.23, Tilt Error: -0.74
2025-03-13 00:39:30,202 - INFO - Pan Angle: -6.48, Tilt Angle: -6.48
2025-03-13 00:39:30,355 - INFO - Time: 1741826370.36s | Pan Error: 8.50, Tilt Error: -0.83
2025-03-13 00:39:30,356 - INFO - Pan Angle: -10.8, Tilt Angle: -7.02
2025-03-13 00:39:30,535 - INFO - Time: 1741826370.54s | Pan Error: 8.76, Tilt Error: -0.90
2025-03-13 00:39:30,536 - INFO - Pan Angle: -15.39, Tilt Angle: -7.56
2025-03-13 00:39:30,669 - INFO - Time: 1741826370.67s | Pan Error: 7.08, Tilt Error: -0.41
2025-03-13 00:39:30,670 - INFO - Pan Angle: -18.9, Tilt Angle: -7.92
2025-03-13 00:39:30,808 - INFO - Time: 1741826370.81s | Pan Error: 4.90, Tilt Error: -0.07
2025-03-13 00:39:30,809 - INFO - Pan Angle: -21.33, Tilt Angle: -8.1
2025-03-13 00:39:30,960 - INFO - Time: 1741826370.96s | Pan Error: 2.46, Tilt Error: 0.63
2025-03-13 00:39:30,963 - INFO - Pan Angle: -22.68, Tilt Angle: -7.92
2025-03-13 00:39:31,288 - INFO - Time: 1741826371.29s | Pan Error: -2.58, Tilt Error: 0.84
2025-03-13 00:39:31,290 - INFO - Pan Angle: -21.33, Tilt Angle: -7.56
2025-03-13 00:39:31,459 - INFO - Time: 1741826371.46s | Pan Error: -2.57, Tilt Error: 0.86
2025-03-13 00:39:31,460 - INFO - Pan Angle: -20.25, Tilt Angle: -7.2
2025-03-13 00:39:31,594 - INFO - Time: 1741826371.59s | Pan Error: -2.64, Tilt Error: 0.85
2025-03-13 00:39:31,595 - INFO - Pan Angle: -19.17, Tilt Angle: -6.84
2025-03-13 00:39:31,753 - INFO - Time: 1741826371.75s | Pan Error: -2.57, Tilt Error: 0.85
2025-03-13 00:39:31,755 - INFO - Pan Angle: -18.09, Tilt Angle: -6.48
2025-03-13 00:39:31,897 - INFO - Time: 1741826371.90s | Pan Error: -1.33, Tilt Error: 0.75
2025-03-13 00:39:31,899 - INFO - Pan Angle: -17.55, Tilt Angle: -6.12
2025-03-13 00:39:32,040 - INFO - Time: 1741826372.04s | Pan Error: 0.47, Tilt Error: 0.69
2025-03-13 00:39:32,041 - INFO - Pan Angle: -17.82, Tilt Angle: -5.94
2025-03-13 00:39:32,174 - INFO - Time: 1741826372.17s | Pan Error: 0.83, Tilt Error: 0.66
2025-03-13 00:39:32,175 - INFO - Pan Angle: -18.36, Tilt Angle: -5.76
2025-03-13 00:39:32,380 - INFO - Time: 1741826372.38s | Pan Error: 0.84, Tilt Error: 0.69
2025-03-13 00:39:32,381 - INFO - Pan Angle: -18.9, Tilt Angle: -5.58
2025-03-13 00:39:32,403 - INFO - Stream stats - Frame: 900, Size: 189218 bytes, Clients: 1
2025-03-13 00:39:32,512 - INFO - Time: 1741826372.51s | Pan Error: 0.84, Tilt Error: 0.69
2025-03-13 00:39:32,512 - INFO - Pan Angle: -19.44, Tilt Angle: -5.4
2025-03-13 00:39:32,649 - INFO - Time: 1741826372.65s | Pan Error: 0.84, Tilt Error: 0.69
2025-03-13 00:39:32,653 - INFO - Pan Angle: -19.98, Tilt Angle: -5.22
2025-03-13 00:39:32,791 - INFO - Time: 1741826372.79s | Pan Error: 0.82, Tilt Error: 0.05
2025-03-13 00:39:32,792 - INFO - Pan Angle: -20.52, Tilt Angle: -5.22
2025-03-13 00:39:32,924 - INFO - Time: 1741826372.92s | Pan Error: 0.80, Tilt Error: 0.07
2025-03-13 00:39:32,925 - INFO - Pan Angle: -21.06, Tilt Angle: -5.22
2025-03-13 00:39:33,206 - INFO - Time: 1741826373.21s | Pan Error: -0.94, Tilt Error: 0.13
2025-03-13 00:39:33,207 - INFO - Pan Angle: -20.79, Tilt Angle: -5.22
2025-03-13 00:39:33,345 - INFO - Time: 1741826373.35s | Pan Error: -1.27, Tilt Error: 0.13
2025-03-13 00:39:33,345 - INFO - Pan Angle: -20.25, Tilt Angle: -5.22
2025-03-13 00:39:33,503 - INFO - Time: 1741826373.50s | Pan Error: -1.31, Tilt Error: 0.16
2025-03-13 00:39:33,505 - INFO - Pan Angle: -19.71, Tilt Angle: -5.22
2025-03-13 00:39:33,689 - INFO - Time: 1741826373.69s | Pan Error: -1.27, Tilt Error: 0.15
2025-03-13 00:39:33,690 - INFO - Pan Angle: -19.17, Tilt Angle: -5.22
2025-03-13 00:39:33,828 - INFO - Time: 1741826373.83s | Pan Error: -1.31, Tilt Error: 0.13
2025-03-13 00:39:33,829 - INFO - Pan Angle: -18.63, Tilt Angle: -5.22
2025-03-13 00:39:33,957 - INFO - Time: 1741826373.96s | Pan Error: -1.31, Tilt Error: 0.10
2025-03-13 00:39:33,958 - INFO - Pan Angle: -18.09, Tilt Angle: -5.22
2025-03-13 00:39:34,084 - INFO - Time: 1741826374.08s | Pan Error: -1.31, Tilt Error: 0.10
2025-03-13 00:39:34,085 - INFO - Pan Angle: -17.55, Tilt Angle: -5.22
2025-03-13 00:39:34,412 - INFO - Time: 1741826374.41s | Pan Error: 1.23, Tilt Error: -0.06
2025-03-13 00:39:34,413 - INFO - Pan Angle: -18.36, Tilt Angle: -5.4
2025-03-13 00:39:34,552 - INFO - Time: 1741826374.55s | Pan Error: 1.24, Tilt Error: -0.09
2025-03-13 00:39:34,553 - INFO - Pan Angle: -19.17, Tilt Angle: -5.58
2025-03-13 00:39:34,700 - INFO - Time: 1741826374.70s | Pan Error: 1.22, Tilt Error: -0.09
2025-03-13 00:39:34,701 - INFO - Pan Angle: -19.98, Tilt Angle: -5.76
2025-03-13 00:39:34,882 - INFO - Time: 1741826374.88s | Pan Error: 1.23, Tilt Error: -0.10
2025-03-13 00:39:34,884 - INFO - Pan Angle: -20.79, Tilt Angle: -5.94
2025-03-13 00:39:35,027 - INFO - Time: 1741826375.03s | Pan Error: 0.32, Tilt Error: -0.06
2025-03-13 00:39:35,028 - INFO - Pan Angle: -21.06, Tilt Angle: -6.12
2025-03-13 00:39:35,168 - INFO - Time: 1741826375.17s | Pan Error: -0.07, Tilt Error: -0.04
2025-03-13 00:39:35,171 - INFO - Pan Angle: -21.06, Tilt Angle: -6.3
2025-03-13 00:39:35,478 - INFO - Time: 1741826375.48s | Pan Error: -1.21, Tilt Error: 0.01
2025-03-13 00:39:35,484 - INFO - Pan Angle: -20.52, Tilt Angle: -6.3
2025-03-13 00:39:35,782 - INFO - Time: 1741826375.78s | Pan Error: -3.64, Tilt Error: 0.15
2025-03-13 00:39:35,783 - INFO - Pan Angle: -18.9, Tilt Angle: -6.3
2025-03-13 00:39:35,932 - INFO - Time: 1741826375.93s | Pan Error: -4.56, Tilt Error: 0.19
2025-03-13 00:39:35,933 - INFO - Pan Angle: -16.74, Tilt Angle: -6.3
2025-03-13 00:39:36,069 - INFO - Time: 1741826376.07s | Pan Error: -5.00, Tilt Error: 0.24
2025-03-13 00:39:36,070 - INFO - Pan Angle: -14.31, Tilt Angle: -6.3
2025-03-13 00:39:36,203 - INFO - Time: 1741826376.20s | Pan Error: -3.71, Tilt Error: 0.18
2025-03-13 00:39:36,204 - INFO - Pan Angle: -12.69, Tilt Angle: -6.3
2025-03-13 00:39:36,341 - INFO - Time: 1741826376.34s | Pan Error: -1.90, Tilt Error: 0.08
2025-03-13 00:39:36,345 - INFO - Pan Angle: -11.88, Tilt Angle: -6.3
2025-03-13 00:39:36,653 - INFO - Time: 1741826376.65s | Pan Error: 1.75, Tilt Error: -0.09
2025-03-13 00:39:36,654 - INFO - Pan Angle: -12.96, Tilt Angle: -6.48
2025-03-13 00:39:36,797 - INFO - Time: 1741826376.80s | Pan Error: 1.77, Tilt Error: -0.10
2025-03-13 00:39:36,798 - INFO - Pan Angle: -14.04, Tilt Angle: -6.66
2025-03-13 00:39:36,939 - INFO - Time: 1741826376.94s | Pan Error: 1.70, Tilt Error: -0.12
2025-03-13 00:39:36,940 - INFO - Pan Angle: -15.12, Tilt Angle: -6.84
2025-03-13 00:39:37,082 - INFO - Time: 1741826377.08s | Pan Error: 1.70, Tilt Error: -0.10
2025-03-13 00:39:37,083 - INFO - Pan Angle: -16.2, Tilt Angle: -7.02
2025-03-13 00:39:37,295 - INFO - Time: 1741826377.30s | Pan Error: 0.88, Tilt Error: -0.04
2025-03-13 00:39:37,296 - INFO - Pan Angle: -16.74, Tilt Angle: -7.2
2025-03-13 00:39:37,584 - INFO - Time: 1741826377.58s | Pan Error: -1.13, Tilt Error: 0.04
2025-03-13 00:39:37,587 - INFO - Pan Angle: -16.2, Tilt Angle: -7.2
2025-03-13 00:39:37,787 - INFO - Time: 1741826377.79s | Pan Error: -1.14, Tilt Error: 0.04
2025-03-13 00:39:37,788 - INFO - Pan Angle: -15.66, Tilt Angle: -7.2
2025-03-13 00:39:37,946 - INFO - Time: 1741826377.95s | Pan Error: -1.14, Tilt Error: 0.04
2025-03-13 00:39:37,947 - INFO - Pan Angle: -15.12, Tilt Angle: -7.2
2025-03-13 00:39:38,090 - INFO - Time: 1741826378.09s | Pan Error: -1.10, Tilt Error: 0.05
2025-03-13 00:39:38,091 - INFO - Pan Angle: -14.58, Tilt Angle: -7.2
2025-03-13 00:39:38,228 - INFO - Time: 1741826378.23s | Pan Error: -1.16, Tilt Error: 0.05
2025-03-13 00:39:38,229 - INFO - Pan Angle: -14.04, Tilt Angle: -7.2
2025-03-13 00:39:38,357 - INFO - Time: 1741826378.36s | Pan Error: -1.16, Tilt Error: 0.05
2025-03-13 00:39:38,358 - INFO - Pan Angle: -13.5, Tilt Angle: -7.2
2025-03-13 00:39:38,508 - INFO - Time: 1741826378.51s | Pan Error: -1.13, Tilt Error: 0.04
2025-03-13 00:39:38,508 - INFO - Pan Angle: -12.96, Tilt Angle: -7.2
2025-03-13 00:39:38,645 - INFO - Time: 1741826378.65s | Pan Error: -0.36, Tilt Error: 0.01
2025-03-13 00:39:38,646 - INFO - Pan Angle: -12.96, Tilt Angle: -7.2
2025-03-13 00:39:42,430 - INFO - Stream stats - Frame: 1200, Size: 193380 bytes, Clients: 1
2025-03-13 00:39:42,656 - INFO - Camera stopped
