2025-03-13 00:43:13,494 - INFO - Logging system initialized.
2025-03-13 00:43:13,495 - INFO - 
Pan and Tilt Mechanism: 
Current Date: 2025-03-13_00-43-13

------------------------- Running Parameters -------------------------
Pan Servo: Pin 17, PID Values: 
 KP: 0.5
 KI: 0.0
 KD: 0.5, Angle Range -135-135, Current Angle -0.0
Tilt Servo: Pin 27, PID Values: 
 KP: 0.5
 KI: 0.0
 KD: 0.5, Angle Range -90-90, Current Angle -0.0

Tracking Point: False
--------------------------------------------------

2025-03-13 00:43:13,523 - INFO - Initialization successful.
2025-03-13 00:43:13,524 - INFO - Camera now open.
2025-03-13 00:43:13,528 - INFO - Camera configuration has been adjusted!
2025-03-13 00:43:13,530 - INFO - Configuration successful!
2025-03-13 00:43:13,575 - INFO - Camera started
2025-03-13 00:43:13,590 - INFO - [31m[1mWARNING: This is a development server. Do not use it in a production deployment. Use a production WSGI server instead.[0m
 * Running on all addresses (0.0.0.0)
 * Running on http://127.0.0.1:5000
 * Running on http://172.20.10.4:5000
2025-03-13 00:43:13,590 - INFO - [33mPress CTRL+C to quit[0m
2025-03-13 00:43:13,770 - INFO - Stream stats - Frame: 0, Size: 184209 bytes, Clients: 0
2025-03-13 00:43:17,930 - INFO - 172.20.10.2 - - [13/Mar/2025 00:43:17] "GET / HTTP/1.1" 200 -
2025-03-13 00:43:17,977 - INFO - Client connected. Total clients: 1
2025-03-13 00:43:18,140 - INFO - Time: 1741826598.14s | Pan Error: 21.10, Tilt Error: -6.19
2025-03-13 00:43:18,141 - INFO - Pan Angle: -90.45, Tilt Angle: -26.64
2025-03-13 00:43:18,155 - INFO - 172.20.10.2 - - [13/Mar/2025 00:43:18] "GET /video_feed HTTP/1.1" 200 -
2025-03-13 00:43:18,306 - INFO - Time: 1741826598.31s | Pan Error: 14.98, Tilt Error: -5.70
2025-03-13 00:43:18,307 - INFO - Pan Angle: -87.75, Tilt Angle: -28.8
2025-03-13 00:43:27,150 - INFO - Time: 1741826607.15s | Pan Error: -5.30, Tilt Error: 0.47
2025-03-13 00:43:27,151 - INFO - Pan Angle: -84.24, Tilt Angle: -28.26
2025-03-13 00:43:27,643 - INFO - Time: 1741826607.64s | Pan Error: -16.08, Tilt Error: 11.28
2025-03-13 00:43:27,644 - INFO - Pan Angle: -75.87, Tilt Angle: -22.14
2025-03-13 00:43:27,778 - INFO - Time: 1741826607.78s | Pan Error: -17.17, Tilt Error: 10.17
2025-03-13 00:43:27,778 - INFO - Pan Angle: -67.23, Tilt Angle: -17.28
2025-03-13 00:43:27,912 - INFO - Time: 1741826607.91s | Pan Error: -12.76, Tilt Error: 4.98
2025-03-13 00:43:27,912 - INFO - Pan Angle: -61.29, Tilt Angle: -15.12
2025-03-13 00:43:27,932 - INFO - Stream stats - Frame: 300, Size: 160946 bytes, Clients: 1
2025-03-13 00:43:28,304 - INFO - Time: 1741826608.30s | Pan Error: 4.81, Tilt Error: 1.56
2025-03-13 00:43:28,305 - INFO - Pan Angle: -64.8, Tilt Angle: -14.58
2025-03-13 00:43:28,442 - INFO - Time: 1741826608.44s | Pan Error: 4.84, Tilt Error: 1.35
2025-03-13 00:43:28,443 - INFO - Pan Angle: -67.23, Tilt Angle: -14.04
2025-03-13 00:43:28,594 - INFO - Time: 1741826608.59s | Pan Error: 1.80, Tilt Error: 0.81
2025-03-13 00:43:28,597 - INFO - Pan Angle: -68.04, Tilt Angle: -13.68
2025-03-13 00:43:28,940 - INFO - Time: 1741826608.94s | Pan Error: -9.59, Tilt Error: 0.05
2025-03-13 00:43:28,940 - INFO - Pan Angle: -62.91, Tilt Angle: -13.86
2025-03-13 00:43:29,074 - INFO - Time: 1741826609.07s | Pan Error: -14.65, Tilt Error: 0.80
2025-03-13 00:43:29,075 - INFO - Pan Angle: -55.62, Tilt Angle: -13.5
2025-03-13 00:43:29,207 - INFO - Time: 1741826609.21s | Pan Error: -15.89, Tilt Error: -0.02
2025-03-13 00:43:29,208 - INFO - Pan Angle: -47.79, Tilt Angle: -13.68
2025-03-13 00:43:29,340 - INFO - Time: 1741826609.34s | Pan Error: -13.33, Tilt Error: -1.16
2025-03-13 00:43:29,341 - INFO - Pan Angle: -41.31, Tilt Angle: -14.4
2025-03-13 00:43:29,491 - INFO - Time: 1741826609.49s | Pan Error: -9.03, Tilt Error: -1.46
2025-03-13 00:43:29,492 - INFO - Pan Angle: -36.99, Tilt Angle: -15.3
2025-03-13 00:43:29,630 - INFO - Time: 1741826609.63s | Pan Error: -6.32, Tilt Error: -1.51
2025-03-13 00:43:29,632 - INFO - Pan Angle: -34.02, Tilt Angle: -16.2
2025-03-13 00:43:29,771 - INFO - Time: 1741826609.77s | Pan Error: -4.77, Tilt Error: -1.57
2025-03-13 00:43:29,773 - INFO - Pan Angle: -31.86, Tilt Angle: -17.1
2025-03-13 00:43:29,966 - INFO - Time: 1741826609.97s | Pan Error: -4.47, Tilt Error: -1.35
2025-03-13 00:43:29,967 - INFO - Pan Angle: -29.7, Tilt Angle: -17.82
2025-03-13 00:43:30,166 - INFO - Time: 1741826610.17s | Pan Error: -4.30, Tilt Error: -1.09
2025-03-13 00:43:30,167 - INFO - Pan Angle: -27.81, Tilt Angle: -18.36
2025-03-13 00:43:30,316 - INFO - Time: 1741826610.32s | Pan Error: -5.22, Tilt Error: -1.02
2025-03-13 00:43:30,319 - INFO - Pan Angle: -25.38, Tilt Angle: -18.9
2025-03-13 00:43:30,486 - INFO - Time: 1741826610.49s | Pan Error: -6.35, Tilt Error: -0.57
2025-03-13 00:43:30,488 - INFO - Pan Angle: -22.41, Tilt Angle: -19.26
2025-03-13 00:43:30,626 - INFO - Time: 1741826610.63s | Pan Error: -8.93, Tilt Error: 0.73
2025-03-13 00:43:30,627 - INFO - Pan Angle: -18.09, Tilt Angle: -18.9
2025-03-13 00:43:30,763 - INFO - Time: 1741826610.76s | Pan Error: -10.54, Tilt Error: 0.28
2025-03-13 00:43:30,764 - INFO - Pan Angle: -12.96, Tilt Angle: -18.9
2025-03-13 00:43:30,902 - INFO - Time: 1741826610.90s | Pan Error: -11.12, Tilt Error: -4.11
2025-03-13 00:43:30,905 - INFO - Pan Angle: -7.56, Tilt Angle: -21.24
2025-03-13 00:43:31,279 - INFO - Time: 1741826611.28s | Pan Error: 0.10, Tilt Error: -6.24
2025-03-13 00:43:31,282 - INFO - Pan Angle: -8.1, Tilt Angle: -24.48
2025-03-13 00:43:32,066 - INFO - Time: 1741826612.07s | Pan Error: 7.98, Tilt Error: 18.34
2025-03-13 00:43:32,067 - INFO - Pan Angle: -12.42, Tilt Angle: -14.58
2025-03-13 00:43:32,214 - INFO - Time: 1741826612.21s | Pan Error: 6.27, Tilt Error: 18.51
2025-03-13 00:43:32,215 - INFO - Pan Angle: -15.66, Tilt Angle: -5.4
2025-03-13 00:43:32,418 - INFO - Time: 1741826612.42s | Pan Error: 4.46, Tilt Error: 11.16
2025-03-13 00:43:32,420 - INFO - Pan Angle: -18.09, Tilt Angle: -0.18
2025-03-13 00:43:32,560 - INFO - Time: 1741826612.56s | Pan Error: 0.74, Tilt Error: 0.60
2025-03-13 00:43:32,561 - INFO - Pan Angle: -18.36, Tilt Angle: -0.36
2025-03-13 00:43:32,972 - INFO - Time: 1741826612.97s | Pan Error: -3.23, Tilt Error: -4.59
2025-03-13 00:43:32,972 - INFO - Pan Angle: -16.74, Tilt Angle: -2.88
2025-03-13 00:43:33,109 - INFO - Time: 1741826613.11s | Pan Error: -3.41, Tilt Error: -4.50
2025-03-13 00:43:33,111 - INFO - Pan Angle: -15.12, Tilt Angle: -5.22
2025-03-13 00:43:33,266 - INFO - Time: 1741826613.27s | Pan Error: -3.37, Tilt Error: -3.88
2025-03-13 00:43:33,267 - INFO - Pan Angle: -13.5, Tilt Angle: -7.2
2025-03-13 00:43:33,410 - INFO - Time: 1741826613.41s | Pan Error: -1.80, Tilt Error: -1.95
2025-03-13 00:43:33,411 - INFO - Pan Angle: -12.69, Tilt Angle: -8.28
2025-03-13 00:43:33,538 - INFO - Time: 1741826613.54s | Pan Error: 0.06, Tilt Error: 0.02
2025-03-13 00:43:33,539 - INFO - Pan Angle: -12.96, Tilt Angle: -8.28
2025-03-13 00:43:33,675 - INFO - Time: 1741826613.68s | Pan Error: 0.90, Tilt Error: 1.54
2025-03-13 00:43:33,676 - INFO - Pan Angle: -13.5, Tilt Angle: -7.56
2025-03-13 00:43:33,879 - INFO - Time: 1741826613.88s | Pan Error: 0.91, Tilt Error: 1.50
2025-03-13 00:43:33,880 - INFO - Pan Angle: -14.04, Tilt Angle: -6.84
2025-03-13 00:43:34,017 - INFO - Time: 1741826614.02s | Pan Error: 0.84, Tilt Error: 1.56
2025-03-13 00:43:34,018 - INFO - Pan Angle: -14.58, Tilt Angle: -6.12
2025-03-13 00:43:34,157 - INFO - Time: 1741826614.16s | Pan Error: 0.90, Tilt Error: 1.56
2025-03-13 00:43:34,158 - INFO - Pan Angle: -15.12, Tilt Angle: -5.4
2025-03-13 00:43:34,345 - INFO - Time: 1741826614.35s | Pan Error: 0.81, Tilt Error: 1.05
2025-03-13 00:43:34,346 - INFO - Pan Angle: -15.66, Tilt Angle: -5.04
2025-03-13 00:43:34,548 - INFO - Time: 1741826614.55s | Pan Error: 0.84, Tilt Error: 0.32
2025-03-13 00:43:34,549 - INFO - Pan Angle: -16.2, Tilt Angle: -5.04
2025-03-13 00:43:34,742 - INFO - Time: 1741826614.74s | Pan Error: 0.18, Tilt Error: 0.32
2025-03-13 00:43:34,743 - INFO - Pan Angle: -16.47, Tilt Angle: -5.04
2025-03-13 00:43:37,930 - INFO - Stream stats - Frame: 600, Size: 180347 bytes, Clients: 1
2025-03-13 00:43:47,924 - INFO - Stream stats - Frame: 900, Size: 205093 bytes, Clients: 1
2025-03-13 00:43:57,916 - INFO - Stream stats - Frame: 1200, Size: 194993 bytes, Clients: 1
2025-03-13 00:44:07,978 - INFO - Stream stats - Frame: 1500, Size: 195071 bytes, Clients: 1
2025-03-13 00:44:10,456 - INFO - Time: 1741826650.46s | Pan Error: 1.85, Tilt Error: 0.27
2025-03-13 00:44:10,457 - INFO - Pan Angle: -17.55, Tilt Angle: -5.04
2025-03-13 00:44:10,639 - INFO - Time: 1741826650.64s | Pan Error: 7.75, Tilt Error: -0.10
2025-03-13 00:44:10,642 - INFO - Pan Angle: -21.6, Tilt Angle: -5.22
2025-03-13 00:44:10,804 - INFO - Time: 1741826650.80s | Pan Error: 12.99, Tilt Error: -0.32
2025-03-13 00:44:10,808 - INFO - Pan Angle: -28.35, Tilt Angle: -5.4
2025-03-13 00:44:10,987 - INFO - Time: 1741826650.99s | Pan Error: 10.60, Tilt Error: -0.26
2025-03-13 00:44:10,988 - INFO - Pan Angle: -33.75, Tilt Angle: -5.58
2025-03-13 00:44:11,161 - INFO - Time: 1741826651.16s | Pan Error: 4.37, Tilt Error: 0.04
2025-03-13 00:44:11,168 - INFO - Pan Angle: -35.91, Tilt Angle: -5.58
2025-03-13 00:44:11,324 - INFO - Time: 1741826651.32s | Pan Error: -0.15, Tilt Error: 0.23
2025-03-13 00:44:11,324 - INFO - Pan Angle: -35.91, Tilt Angle: -5.58
2025-03-13 00:44:11,540 - INFO - Time: 1741826651.54s | Pan Error: -4.97, Tilt Error: 0.57
2025-03-13 00:44:11,541 - INFO - Pan Angle: -33.48, Tilt Angle: -5.4
2025-03-13 00:44:11,688 - INFO - Time: 1741826651.69s | Pan Error: -8.78, Tilt Error: 0.78
2025-03-13 00:44:11,689 - INFO - Pan Angle: -29.16, Tilt Angle: -5.04
2025-03-13 00:44:11,877 - INFO - Time: 1741826651.88s | Pan Error: -11.44, Tilt Error: 0.91
2025-03-13 00:44:11,878 - INFO - Pan Angle: -23.49, Tilt Angle: -4.68
2025-03-13 00:44:12,103 - INFO - Time: 1741826652.10s | Pan Error: -11.75, Tilt Error: 1.03
2025-03-13 00:44:12,104 - INFO - Pan Angle: -17.82, Tilt Angle: -4.32
2025-03-13 00:44:12,239 - INFO - Time: 1741826652.24s | Pan Error: -10.53, Tilt Error: 0.53
2025-03-13 00:44:12,240 - INFO - Pan Angle: -12.69, Tilt Angle: -4.14
2025-03-13 00:44:12,488 - INFO - Time: 1741826652.49s | Pan Error: -9.67, Tilt Error: 0.17
2025-03-13 00:44:12,490 - INFO - Pan Angle: -8.1, Tilt Angle: -4.14
2025-03-13 00:44:12,659 - INFO - Time: 1741826652.66s | Pan Error: -6.69, Tilt Error: -0.02
2025-03-13 00:44:12,661 - INFO - Pan Angle: -4.86, Tilt Angle: -4.32
2025-03-13 00:44:12,918 - INFO - Time: 1741826652.92s | Pan Error: -3.45, Tilt Error: -0.18
2025-03-13 00:44:12,924 - INFO - Pan Angle: -3.24, Tilt Angle: -4.5
2025-03-13 00:44:13,157 - INFO - Time: 1741826653.16s | Pan Error: 0.49, Tilt Error: -1.25
2025-03-13 00:44:13,158 - INFO - Pan Angle: -3.78, Tilt Angle: -5.22
2025-03-13 00:44:13,289 - INFO - Time: 1741826653.29s | Pan Error: 1.99, Tilt Error: -7.76
2025-03-13 00:44:13,292 - INFO - Pan Angle: -4.86, Tilt Angle: -9.18
2025-03-13 00:44:13,423 - INFO - Time: 1741826653.42s | Pan Error: 4.81, Tilt Error: -13.14
2025-03-13 00:44:13,423 - INFO - Pan Angle: -7.56, Tilt Angle: -15.84
2025-03-13 00:44:13,834 - INFO - Time: 1741826653.83s | Pan Error: 8.31, Tilt Error: -14.22
2025-03-13 00:44:13,835 - INFO - Pan Angle: -11.88, Tilt Angle: -23.04
2025-03-13 00:44:14,337 - INFO - Time: 1741826654.34s | Pan Error: 5.38, Tilt Error: -16.23
2025-03-13 00:44:14,338 - INFO - Pan Angle: -14.58, Tilt Angle: -31.32
2025-03-13 00:44:14,559 - INFO - Time: 1741826654.56s | Pan Error: 6.05, Tilt Error: -18.25
2025-03-13 00:44:14,561 - INFO - Pan Angle: -17.82, Tilt Angle: -40.5
2025-03-13 00:44:14,756 - INFO - Time: 1741826654.76s | Pan Error: 4.56, Tilt Error: -12.41
2025-03-13 00:44:14,760 - INFO - Pan Angle: -20.25, Tilt Angle: -46.8
2025-03-13 00:44:14,963 - INFO - Time: 1741826654.96s | Pan Error: 2.76, Tilt Error: -2.83
2025-03-13 00:44:14,968 - INFO - Pan Angle: -21.87, Tilt Angle: -48.24
2025-03-13 00:44:15,288 - INFO - Time: 1741826655.29s | Pan Error: 1.36, Tilt Error: 8.60
2025-03-13 00:44:15,289 - INFO - Pan Angle: -22.68, Tilt Angle: -43.92
2025-03-13 00:44:15,482 - INFO - Time: 1741826655.48s | Pan Error: 1.41, Tilt Error: 9.67
2025-03-13 00:44:15,482 - INFO - Pan Angle: -23.49, Tilt Angle: -39.24
2025-03-13 00:44:15,687 - INFO - Time: 1741826655.69s | Pan Error: 0.61, Tilt Error: 12.58
2025-03-13 00:44:15,688 - INFO - Pan Angle: -24.03, Tilt Angle: -32.94
2025-03-13 00:44:15,822 - INFO - Time: 1741826655.82s | Pan Error: -1.03, Tilt Error: 13.50
2025-03-13 00:44:15,823 - INFO - Pan Angle: -23.76, Tilt Angle: -26.28
2025-03-13 00:44:15,953 - INFO - Time: 1741826655.95s | Pan Error: -1.93, Tilt Error: 10.43
2025-03-13 00:44:15,954 - INFO - Pan Angle: -22.95, Tilt Angle: -21.24
2025-03-13 00:44:16,190 - INFO - Time: 1741826656.19s | Pan Error: -2.75, Tilt Error: 5.76
2025-03-13 00:44:16,191 - INFO - Pan Angle: -21.6, Tilt Angle: -18.54
2025-03-13 00:44:16,400 - INFO - Time: 1741826656.40s | Pan Error: -4.23, Tilt Error: 3.02
2025-03-13 00:44:16,402 - INFO - Pan Angle: -19.71, Tilt Angle: -17.1
2025-03-13 00:44:16,608 - INFO - Time: 1741826656.61s | Pan Error: -4.99, Tilt Error: 2.82
2025-03-13 00:44:16,609 - INFO - Pan Angle: -17.28, Tilt Angle: -15.84
2025-03-13 00:44:17,155 - INFO - Time: 1741826657.16s | Pan Error: 5.86, Tilt Error: -1.56
2025-03-13 00:44:17,156 - INFO - Pan Angle: -20.52, Tilt Angle: -16.74
2025-03-13 00:44:17,310 - INFO - Time: 1741826657.31s | Pan Error: 13.66, Tilt Error: -2.61
2025-03-13 00:44:17,310 - INFO - Pan Angle: -27.54, Tilt Angle: -18.18
2025-03-13 00:44:17,551 - INFO - Time: 1741826657.55s | Pan Error: 14.89, Tilt Error: -2.62
2025-03-13 00:44:17,556 - INFO - Pan Angle: -35.1, Tilt Angle: -19.62
2025-03-13 00:44:17,806 - INFO - Time: 1741826657.81s | Pan Error: 9.29, Tilt Error: -1.73
2025-03-13 00:44:17,807 - INFO - Pan Angle: -39.96, Tilt Angle: -20.52
2025-03-13 00:44:17,955 - INFO - Time: 1741826657.96s | Pan Error: -2.44, Tilt Error: 3.60
2025-03-13 00:44:17,956 - INFO - Pan Angle: -38.88, Tilt Angle: -18.72
2025-03-13 00:44:17,978 - INFO - Stream stats - Frame: 1800, Size: 153346 bytes, Clients: 1
2025-03-13 00:44:18,333 - INFO - Time: 1741826658.33s | Pan Error: -15.45, Tilt Error: 12.34
2025-03-13 00:44:18,334 - INFO - Pan Angle: -31.05, Tilt Angle: -12.6
2025-03-13 00:44:18,603 - INFO - Time: 1741826658.60s | Pan Error: -17.02, Tilt Error: 15.08
2025-03-13 00:44:18,604 - INFO - Pan Angle: -22.68, Tilt Angle: -5.04
2025-03-13 00:44:18,853 - INFO - Time: 1741826658.85s | Pan Error: -12.75, Tilt Error: 9.10
2025-03-13 00:44:18,854 - INFO - Pan Angle: -16.47, Tilt Angle: -0.54
2025-03-13 00:44:19,056 - INFO - Time: 1741826659.06s | Pan Error: -4.80, Tilt Error: 0.37
2025-03-13 00:44:19,057 - INFO - Pan Angle: -14.31, Tilt Angle: -0.54
2025-03-13 00:44:19,222 - INFO - Time: 1741826659.22s | Pan Error: 0.36, Tilt Error: -4.45
2025-03-13 00:44:19,224 - INFO - Pan Angle: -14.58, Tilt Angle: -2.88
2025-03-13 00:44:19,422 - INFO - Time: 1741826659.42s | Pan Error: 2.63, Tilt Error: -4.66
2025-03-13 00:44:19,423 - INFO - Pan Angle: -15.93, Tilt Angle: -5.22
2025-03-13 00:44:19,783 - INFO - Time: 1741826659.78s | Pan Error: 3.08, Tilt Error: -1.84
2025-03-13 00:44:19,784 - INFO - Pan Angle: -17.55, Tilt Angle: -6.12
2025-03-13 00:44:19,959 - INFO - Time: 1741826659.96s | Pan Error: 3.06, Tilt Error: -1.92
2025-03-13 00:44:19,961 - INFO - Pan Angle: -19.17, Tilt Angle: -7.2
2025-03-13 00:44:20,142 - INFO - Time: 1741826660.14s | Pan Error: 3.00, Tilt Error: -1.14
2025-03-13 00:44:20,142 - INFO - Pan Angle: -20.79, Tilt Angle: -7.92
2025-03-13 00:44:20,277 - INFO - Time: 1741826660.28s | Pan Error: 0.56, Tilt Error: -0.07
2025-03-13 00:44:20,278 - INFO - Pan Angle: -21.06, Tilt Angle: -8.1
2025-03-13 00:44:20,454 - INFO - Time: 1741826660.45s | Pan Error: -0.95, Tilt Error: 0.88
2025-03-13 00:44:20,456 - INFO - Pan Angle: -20.79, Tilt Angle: -7.74
2025-03-13 00:44:20,637 - INFO - Time: 1741826660.64s | Pan Error: -2.08, Tilt Error: 0.90
2025-03-13 00:44:20,640 - INFO - Pan Angle: -19.98, Tilt Angle: -7.38
2025-03-13 00:44:20,800 - INFO - Time: 1741826660.80s | Pan Error: -2.00, Tilt Error: 0.98
2025-03-13 00:44:20,801 - INFO - Pan Angle: -19.17, Tilt Angle: -7.02
2025-03-13 00:44:20,996 - INFO - Time: 1741826661.00s | Pan Error: -1.98, Tilt Error: 1.06
2025-03-13 00:44:20,997 - INFO - Pan Angle: -18.36, Tilt Angle: -6.66
2025-03-13 00:44:21,129 - INFO - Time: 1741826661.13s | Pan Error: -1.96, Tilt Error: 1.06
2025-03-13 00:44:21,130 - INFO - Pan Angle: -17.55, Tilt Angle: -6.3
2025-03-13 00:44:21,336 - INFO - Time: 1741826661.34s | Pan Error: -1.18, Tilt Error: 1.02
2025-03-13 00:44:21,337 - INFO - Pan Angle: -17.01, Tilt Angle: -5.94
2025-03-13 00:44:21,470 - INFO - Time: 1741826661.47s | Pan Error: 0.69, Tilt Error: 0.94
2025-03-13 00:44:21,471 - INFO - Pan Angle: -17.55, Tilt Angle: -5.58
2025-03-13 00:44:21,683 - INFO - Time: 1741826661.68s | Pan Error: 0.73, Tilt Error: 0.92
2025-03-13 00:44:21,684 - INFO - Pan Angle: -18.09, Tilt Angle: -5.22
2025-03-13 00:44:21,867 - INFO - Time: 1741826661.87s | Pan Error: 0.73, Tilt Error: 0.91
2025-03-13 00:44:21,872 - INFO - Pan Angle: -18.63, Tilt Angle: -4.86
2025-03-13 00:44:22,061 - INFO - Time: 1741826662.06s | Pan Error: 0.68, Tilt Error: 0.13
2025-03-13 00:44:22,063 - INFO - Pan Angle: -19.17, Tilt Angle: -4.86
2025-03-13 00:44:22,284 - INFO - Time: 1741826662.28s | Pan Error: 0.67, Tilt Error: 0.10
2025-03-13 00:44:22,285 - INFO - Pan Angle: -19.71, Tilt Angle: -4.86
2025-03-13 00:44:22,432 - INFO - Time: 1741826662.43s | Pan Error: 0.68, Tilt Error: -0.45
2025-03-13 00:44:22,435 - INFO - Pan Angle: -20.25, Tilt Angle: -5.22
2025-03-13 00:44:22,607 - INFO - Time: 1741826662.61s | Pan Error: 0.13, Tilt Error: -0.42
2025-03-13 00:44:22,608 - INFO - Pan Angle: -20.52, Tilt Angle: -5.58
2025-03-13 00:44:28,050 - INFO - Stream stats - Frame: 2100, Size: 193553 bytes, Clients: 1
2025-03-13 00:44:29,084 - INFO - Time: 1741826669.08s | Pan Error: -0.46, Tilt Error: -0.40
2025-03-13 00:44:29,086 - INFO - Pan Angle: -20.52, Tilt Angle: -5.94
2025-03-13 00:44:31,668 - INFO - Time: 1741826671.67s | Pan Error: -0.62, Tilt Error: -0.37
2025-03-13 00:44:31,670 - INFO - Pan Angle: -20.25, Tilt Angle: -6.3
2025-03-13 00:44:31,819 - INFO - Time: 1741826671.82s | Pan Error: -1.27, Tilt Error: -0.32
2025-03-13 00:44:31,822 - INFO - Pan Angle: -19.71, Tilt Angle: -6.48
2025-03-13 00:44:32,005 - INFO - Time: 1741826672.01s | Pan Error: -2.51, Tilt Error: -0.29
2025-03-13 00:44:32,006 - INFO - Pan Angle: -18.63, Tilt Angle: -6.66
2025-03-13 00:44:32,193 - INFO - Time: 1741826672.19s | Pan Error: -5.09, Tilt Error: -0.16
2025-03-13 00:44:32,194 - INFO - Pan Angle: -16.2, Tilt Angle: -6.84
2025-03-13 00:44:32,393 - INFO - Time: 1741826672.39s | Pan Error: -6.54, Tilt Error: -0.09
2025-03-13 00:44:32,394 - INFO - Pan Angle: -12.96, Tilt Angle: -7.02
2025-03-13 00:44:32,517 - INFO - Time: 1741826672.52s | Pan Error: -5.69, Tilt Error: -0.12
2025-03-13 00:44:32,518 - INFO - Pan Angle: -10.26, Tilt Angle: -7.2
2025-03-13 00:44:32,692 - INFO - Time: 1741826672.69s | Pan Error: -4.01, Tilt Error: -0.16
2025-03-13 00:44:32,700 - INFO - Pan Angle: -8.37, Tilt Angle: -7.38
2025-03-13 00:44:32,956 - INFO - Time: 1741826672.96s | Pan Error: -1.03, Tilt Error: -0.27
2025-03-13 00:44:32,957 - INFO - Pan Angle: -8.1, Tilt Angle: -7.56
2025-03-13 00:44:33,121 - INFO - Time: 1741826673.12s | Pan Error: 0.50, Tilt Error: 0.39
2025-03-13 00:44:33,122 - INFO - Pan Angle: -8.37, Tilt Angle: -7.38
2025-03-13 00:44:33,265 - INFO - Time: 1741826673.27s | Pan Error: 0.49, Tilt Error: 0.39
2025-03-13 00:44:33,266 - INFO - Pan Angle: -8.64, Tilt Angle: -7.2
2025-03-13 00:44:33,448 - INFO - Time: 1741826673.45s | Pan Error: 0.45, Tilt Error: 0.36
2025-03-13 00:44:33,450 - INFO - Pan Angle: -8.91, Tilt Angle: -7.2
2025-03-13 00:44:33,634 - INFO - Time: 1741826673.63s | Pan Error: 0.81, Tilt Error: 0.39
2025-03-13 00:44:33,636 - INFO - Pan Angle: -9.45, Tilt Angle: -7.02
2025-03-13 00:44:33,841 - INFO - Time: 1741826673.84s | Pan Error: 0.81, Tilt Error: 0.44
2025-03-13 00:44:33,842 - INFO - Pan Angle: -9.99, Tilt Angle: -6.84
2025-03-13 00:44:34,038 - INFO - Time: 1741826674.04s | Pan Error: 0.81, Tilt Error: 0.44
2025-03-13 00:44:34,039 - INFO - Pan Angle: -10.53, Tilt Angle: -6.66
2025-03-13 00:44:34,212 - INFO - Time: 1741826674.21s | Pan Error: 0.81, Tilt Error: 0.44
2025-03-13 00:44:34,215 - INFO - Pan Angle: -11.07, Tilt Angle: -6.48
2025-03-13 00:44:34,410 - INFO - Time: 1741826674.41s | Pan Error: 0.81, Tilt Error: 0.44
2025-03-13 00:44:34,412 - INFO - Pan Angle: -11.61, Tilt Angle: -6.3
2025-03-13 00:44:34,608 - INFO - Time: 1741826674.61s | Pan Error: 0.81, Tilt Error: 0.44
2025-03-13 00:44:34,610 - INFO - Pan Angle: -12.15, Tilt Angle: -6.12
2025-03-13 00:44:34,777 - INFO - Time: 1741826674.78s | Pan Error: 0.36, Tilt Error: 0.46
2025-03-13 00:44:34,777 - INFO - Pan Angle: -12.42, Tilt Angle: -5.94
2025-03-13 00:44:38,065 - INFO - Stream stats - Frame: 2400, Size: 190752 bytes, Clients: 1
2025-03-13 00:44:39,568 - INFO - Time: 1741826679.57s | Pan Error: -0.28, Tilt Error: 0.49
2025-03-13 00:44:39,570 - INFO - Pan Angle: -12.42, Tilt Angle: -5.76
2025-03-13 00:44:39,759 - INFO - Time: 1741826679.76s | Pan Error: -0.32, Tilt Error: 0.49
2025-03-13 00:44:39,760 - INFO - Pan Angle: -12.42, Tilt Angle: -5.58
2025-03-13 00:44:39,962 - INFO - Time: 1741826679.96s | Pan Error: -0.29, Tilt Error: 0.49
2025-03-13 00:44:39,962 - INFO - Pan Angle: -12.42, Tilt Angle: -5.4
2025-03-13 00:44:40,160 - INFO - Time: 1741826680.16s | Pan Error: -0.31, Tilt Error: 0.52
2025-03-13 00:44:40,161 - INFO - Pan Angle: -12.42, Tilt Angle: -5.22
2025-03-13 00:44:40,383 - INFO - Time: 1741826680.38s | Pan Error: -0.31, Tilt Error: 0.52
2025-03-13 00:44:40,384 - INFO - Pan Angle: -12.42, Tilt Angle: -5.04
2025-03-13 00:44:40,599 - INFO - Time: 1741826680.60s | Pan Error: -0.28, Tilt Error: 0.51
2025-03-13 00:44:40,600 - INFO - Pan Angle: -12.42, Tilt Angle: -4.86
2025-03-13 00:44:40,913 - INFO - Time: 1741826680.91s | Pan Error: -0.29, Tilt Error: 0.50
2025-03-13 00:44:40,914 - INFO - Pan Angle: -12.42, Tilt Angle: -4.68
2025-03-13 00:44:48,059 - INFO - Stream stats - Frame: 2700, Size: 207480 bytes, Clients: 1
2025-03-13 00:44:58,167 - INFO - Stream stats - Frame: 3000, Size: 205014 bytes, Clients: 1
2025-03-13 00:44:59,325 - INFO - Time: 1741826699.33s | Pan Error: -0.39, Tilt Error: -0.15
2025-03-13 00:44:59,327 - INFO - Pan Angle: -12.42, Tilt Angle: -4.86
2025-03-13 00:44:59,729 - INFO - Time: 1741826699.73s | Pan Error: -0.39, Tilt Error: -0.15
2025-03-13 00:44:59,730 - INFO - Pan Angle: -12.42, Tilt Angle: -5.04
2025-03-13 00:45:00,088 - INFO - Time: 1741826700.09s | Pan Error: -0.39, Tilt Error: -0.13
2025-03-13 00:45:00,089 - INFO - Pan Angle: -12.42, Tilt Angle: -5.22
2025-03-13 00:45:00,248 - INFO - Time: 1741826700.25s | Pan Error: -0.33, Tilt Error: -0.15
2025-03-13 00:45:00,249 - INFO - Pan Angle: -12.42, Tilt Angle: -5.4
2025-03-13 00:45:00,415 - INFO - Time: 1741826700.41s | Pan Error: -0.33, Tilt Error: -0.15
2025-03-13 00:45:00,417 - INFO - Pan Angle: -12.42, Tilt Angle: -5.58
2025-03-13 00:45:00,884 - INFO - Time: 1741826700.88s | Pan Error: -0.33, Tilt Error: -0.15
2025-03-13 00:45:00,885 - INFO - Pan Angle: -12.42, Tilt Angle: -5.76
2025-03-13 00:45:01,082 - INFO - Time: 1741826701.08s | Pan Error: -0.33, Tilt Error: -0.15
2025-03-13 00:45:01,082 - INFO - Pan Angle: -12.42, Tilt Angle: -5.94
2025-03-13 00:45:02,196 - INFO - Time: 1741826702.20s | Pan Error: -0.33, Tilt Error: -0.15
2025-03-13 00:45:02,196 - INFO - Pan Angle: -12.42, Tilt Angle: -6.12
2025-03-13 00:45:02,362 - INFO - Time: 1741826702.36s | Pan Error: -0.33, Tilt Error: -0.17
2025-03-13 00:45:02,364 - INFO - Pan Angle: -12.42, Tilt Angle: -6.3
2025-03-13 00:45:02,691 - INFO - Time: 1741826702.69s | Pan Error: -0.39, Tilt Error: -0.15
2025-03-13 00:45:02,693 - INFO - Pan Angle: -12.42, Tilt Angle: -6.48
2025-03-13 00:45:02,831 - INFO - Time: 1741826702.83s | Pan Error: -0.39, Tilt Error: -0.15
2025-03-13 00:45:02,832 - INFO - Pan Angle: -12.42, Tilt Angle: -6.66
2025-03-13 00:45:03,183 - INFO - Time: 1741826703.18s | Pan Error: -0.33, Tilt Error: -0.12
2025-03-13 00:45:03,184 - INFO - Pan Angle: -12.42, Tilt Angle: -6.84
2025-03-13 00:45:03,424 - INFO - Time: 1741826703.42s | Pan Error: -0.34, Tilt Error: -0.15
2025-03-13 00:45:03,425 - INFO - Pan Angle: -12.42, Tilt Angle: -7.02
2025-03-13 00:45:03,799 - INFO - Time: 1741826703.80s | Pan Error: -0.33, Tilt Error: -0.15
2025-03-13 00:45:03,799 - INFO - Pan Angle: -12.42, Tilt Angle: -7.2
2025-03-13 00:45:04,141 - INFO - Time: 1741826704.14s | Pan Error: -0.33, Tilt Error: -0.15
2025-03-13 00:45:04,143 - INFO - Pan Angle: -12.42, Tilt Angle: -7.38
2025-03-13 00:45:04,415 - INFO - Time: 1741826704.42s | Pan Error: -0.33, Tilt Error: -0.15
2025-03-13 00:45:04,416 - INFO - Pan Angle: -12.42, Tilt Angle: -7.56
2025-03-13 00:45:04,661 - INFO - Time: 1741826704.66s | Pan Error: -0.33, Tilt Error: -0.15
2025-03-13 00:45:04,664 - INFO - Pan Angle: -12.42, Tilt Angle: -7.74
2025-03-13 00:45:04,845 - INFO - Time: 1741826704.85s | Pan Error: -0.33, Tilt Error: 0.59
2025-03-13 00:45:04,846 - INFO - Pan Angle: -12.42, Tilt Angle: -7.56
2025-03-13 00:45:05,060 - INFO - Time: 1741826705.06s | Pan Error: -0.33, Tilt Error: 0.59
2025-03-13 00:45:05,061 - INFO - Pan Angle: -12.42, Tilt Angle: -7.38
2025-03-13 00:45:05,257 - INFO - Time: 1741826705.26s | Pan Error: -0.30, Tilt Error: 0.61
2025-03-13 00:45:05,257 - INFO - Pan Angle: -12.42, Tilt Angle: -7.2
2025-03-13 00:45:05,521 - INFO - Time: 1741826705.52s | Pan Error: -0.33, Tilt Error: 0.59
2025-03-13 00:45:05,522 - INFO - Pan Angle: -12.42, Tilt Angle: -7.02
2025-03-13 00:45:05,655 - INFO - Time: 1741826705.66s | Pan Error: -0.30, Tilt Error: 0.63
2025-03-13 00:45:05,656 - INFO - Pan Angle: -12.42, Tilt Angle: -6.84
2025-03-13 00:45:05,862 - INFO - Time: 1741826705.86s | Pan Error: -0.28, Tilt Error: 0.61
2025-03-13 00:45:05,862 - INFO - Pan Angle: -12.42, Tilt Angle: -6.66
2025-03-13 00:45:06,013 - INFO - Time: 1741826706.01s | Pan Error: -0.37, Tilt Error: 0.61
2025-03-13 00:45:06,016 - INFO - Pan Angle: -12.42, Tilt Angle: -6.48
2025-03-13 00:45:06,210 - INFO - Time: 1741826706.21s | Pan Error: -0.31, Tilt Error: 0.61
2025-03-13 00:45:06,213 - INFO - Pan Angle: -12.42, Tilt Angle: -6.3
2025-03-13 00:45:06,406 - INFO - Time: 1741826706.41s | Pan Error: -0.37, Tilt Error: 0.61
2025-03-13 00:45:06,407 - INFO - Pan Angle: -12.42, Tilt Angle: -6.12
2025-03-13 00:45:06,644 - INFO - Time: 1741826706.64s | Pan Error: -0.30, Tilt Error: 0.61
2025-03-13 00:45:06,645 - INFO - Pan Angle: -12.42, Tilt Angle: -5.94
2025-03-13 00:45:06,798 - INFO - Time: 1741826706.80s | Pan Error: -0.37, Tilt Error: 0.61
2025-03-13 00:45:06,800 - INFO - Pan Angle: -12.42, Tilt Angle: -5.76
2025-03-13 00:45:07,038 - INFO - Time: 1741826707.04s | Pan Error: -0.32, Tilt Error: 0.63
2025-03-13 00:45:07,040 - INFO - Pan Angle: -12.42, Tilt Angle: -5.58
2025-03-13 00:45:07,218 - INFO - Time: 1741826707.22s | Pan Error: -0.37, Tilt Error: 0.61
2025-03-13 00:45:07,220 - INFO - Pan Angle: -12.42, Tilt Angle: -5.4
2025-03-13 00:45:07,425 - INFO - Time: 1741826707.43s | Pan Error: -0.33, Tilt Error: 0.59
2025-03-13 00:45:07,427 - INFO - Pan Angle: -12.42, Tilt Angle: -5.22
2025-03-13 00:45:07,610 - INFO - Time: 1741826707.61s | Pan Error: -0.37, Tilt Error: 0.61
2025-03-13 00:45:07,611 - INFO - Pan Angle: -12.42, Tilt Angle: -5.04
2025-03-13 00:45:07,796 - INFO - Time: 1741826707.80s | Pan Error: -0.38, Tilt Error: 0.61
2025-03-13 00:45:07,797 - INFO - Pan Angle: -12.42, Tilt Angle: -4.86
2025-03-13 00:45:07,932 - INFO - Time: 1741826707.93s | Pan Error: -0.37, Tilt Error: 0.61
2025-03-13 00:45:07,933 - INFO - Pan Angle: -12.42, Tilt Angle: -4.68
2025-03-13 00:45:08,125 - INFO - Time: 1741826708.13s | Pan Error: -0.33, Tilt Error: 0.16
2025-03-13 00:45:08,128 - INFO - Pan Angle: -12.42, Tilt Angle: -4.68
2025-03-13 00:45:08,280 - INFO - Stream stats - Frame: 3300, Size: 202391 bytes, Clients: 1
2025-03-13 00:45:08,327 - INFO - Time: 1741826708.33s | Pan Error: -0.39, Tilt Error: 0.02
2025-03-13 00:45:08,328 - INFO - Pan Angle: -12.42, Tilt Angle: -4.68
2025-03-13 00:45:08,488 - INFO - Time: 1741826708.49s | Pan Error: -0.39, Tilt Error: 0.00
2025-03-13 00:45:08,491 - INFO - Pan Angle: -12.42, Tilt Angle: -4.68
2025-03-13 00:45:08,715 - INFO - Time: 1741826708.72s | Pan Error: -0.40, Tilt Error: -0.01
2025-03-13 00:45:08,718 - INFO - Pan Angle: -12.42, Tilt Angle: -4.86
2025-03-13 00:45:08,883 - INFO - Time: 1741826708.88s | Pan Error: -0.35, Tilt Error: -0.01
2025-03-13 00:45:08,884 - INFO - Pan Angle: -12.42, Tilt Angle: -5.04
2025-03-13 00:45:09,038 - INFO - Time: 1741826709.04s | Pan Error: -0.40, Tilt Error: -0.01
2025-03-13 00:45:09,039 - INFO - Pan Angle: -12.42, Tilt Angle: -5.22
2025-03-13 00:45:09,241 - INFO - Time: 1741826709.24s | Pan Error: -0.40, Tilt Error: 0.02
2025-03-13 00:45:09,242 - INFO - Pan Angle: -12.42, Tilt Angle: -5.22
2025-03-13 00:45:09,507 - INFO - Time: 1741826709.51s | Pan Error: -0.40, Tilt Error: 0.02
2025-03-13 00:45:09,508 - INFO - Pan Angle: -12.42, Tilt Angle: -5.22
2025-03-13 00:45:09,720 - INFO - Time: 1741826709.72s | Pan Error: -0.39, Tilt Error: 0.02
2025-03-13 00:45:09,720 - INFO - Pan Angle: -12.42, Tilt Angle: -5.22
2025-03-13 00:45:09,926 - INFO - Time: 1741826709.93s | Pan Error: -0.39, Tilt Error: 0.02
2025-03-13 00:45:09,927 - INFO - Pan Angle: -12.42, Tilt Angle: -5.22
2025-03-13 00:45:10,065 - INFO - Time: 1741826710.06s | Pan Error: -0.40, Tilt Error: 0.02
2025-03-13 00:45:10,066 - INFO - Pan Angle: -12.42, Tilt Angle: -5.22
2025-03-13 00:45:10,263 - INFO - Time: 1741826710.26s | Pan Error: -0.40, Tilt Error: 0.02
2025-03-13 00:45:10,265 - INFO - Pan Angle: -12.42, Tilt Angle: -5.22
2025-03-13 00:45:10,456 - INFO - Time: 1741826710.46s | Pan Error: -0.39, Tilt Error: 0.02
2025-03-13 00:45:10,457 - INFO - Pan Angle: -12.42, Tilt Angle: -5.22
2025-03-13 00:45:10,727 - INFO - Time: 1741826710.73s | Pan Error: -0.39, Tilt Error: 0.02
2025-03-13 00:45:10,729 - INFO - Pan Angle: -12.42, Tilt Angle: -5.22
2025-03-13 00:45:10,873 - INFO - Time: 1741826710.87s | Pan Error: -0.40, Tilt Error: 0.02
2025-03-13 00:45:10,874 - INFO - Pan Angle: -12.42, Tilt Angle: -5.22
2025-03-13 00:45:11,088 - INFO - Time: 1741826711.09s | Pan Error: -0.39, Tilt Error: 0.02
2025-03-13 00:45:11,089 - INFO - Pan Angle: -12.42, Tilt Angle: -5.22
2025-03-13 00:45:11,284 - INFO - Time: 1741826711.28s | Pan Error: -0.33, Tilt Error: 0.02
2025-03-13 00:45:11,285 - INFO - Pan Angle: -12.42, Tilt Angle: -5.22
2025-03-13 00:45:11,481 - INFO - Time: 1741826711.48s | Pan Error: -0.33, Tilt Error: 0.02
2025-03-13 00:45:11,482 - INFO - Pan Angle: -12.42, Tilt Angle: -5.22
2025-03-13 00:45:11,689 - INFO - Time: 1741826711.69s | Pan Error: -0.40, Tilt Error: 0.02
2025-03-13 00:45:11,691 - INFO - Pan Angle: -12.42, Tilt Angle: -5.22
2025-03-13 00:45:11,892 - INFO - Time: 1741826711.89s | Pan Error: -0.33, Tilt Error: 0.02
2025-03-13 00:45:11,893 - INFO - Pan Angle: -12.42, Tilt Angle: -5.22
2025-03-13 00:45:12,056 - INFO - Time: 1741826712.06s | Pan Error: -0.33, Tilt Error: 0.02
2025-03-13 00:45:12,057 - INFO - Pan Angle: -12.42, Tilt Angle: -5.22
2025-03-13 00:45:12,231 - INFO - Time: 1741826712.23s | Pan Error: -0.40, Tilt Error: 0.02
2025-03-13 00:45:12,233 - INFO - Pan Angle: -12.42, Tilt Angle: -5.22
2025-03-13 00:45:12,513 - INFO - Time: 1741826712.51s | Pan Error: -0.39, Tilt Error: 0.02
2025-03-13 00:45:12,513 - INFO - Pan Angle: -12.42, Tilt Angle: -5.22
2025-03-13 00:45:12,735 - INFO - Time: 1741826712.74s | Pan Error: -0.40, Tilt Error: 0.02
2025-03-13 00:45:12,738 - INFO - Pan Angle: -12.42, Tilt Angle: -5.22
2025-03-13 00:45:12,962 - INFO - Time: 1741826712.96s | Pan Error: -0.39, Tilt Error: 0.02
2025-03-13 00:45:12,963 - INFO - Pan Angle: -12.42, Tilt Angle: -5.22
2025-03-13 00:45:13,147 - INFO - Time: 1741826713.15s | Pan Error: -0.40, Tilt Error: 0.02
2025-03-13 00:45:13,148 - INFO - Pan Angle: -12.42, Tilt Angle: -5.22
2025-03-13 00:45:13,429 - INFO - Time: 1741826713.43s | Pan Error: -0.39, Tilt Error: 0.02
2025-03-13 00:45:13,435 - INFO - Pan Angle: -12.42, Tilt Angle: -5.22
2025-03-13 00:45:13,613 - INFO - Time: 1741826713.61s | Pan Error: -0.39, Tilt Error: 0.02
2025-03-13 00:45:13,619 - INFO - Pan Angle: -12.42, Tilt Angle: -5.22
2025-03-13 00:45:13,835 - INFO - Time: 1741826713.84s | Pan Error: -0.39, Tilt Error: 0.02
2025-03-13 00:45:13,837 - INFO - Pan Angle: -12.42, Tilt Angle: -5.22
2025-03-13 00:45:14,041 - INFO - Time: 1741826714.04s | Pan Error: -0.40, Tilt Error: 0.01
2025-03-13 00:45:14,042 - INFO - Pan Angle: -12.42, Tilt Angle: -5.22
2025-03-13 00:45:14,232 - INFO - Time: 1741826714.23s | Pan Error: -0.39, Tilt Error: 0.02
2025-03-13 00:45:14,232 - INFO - Pan Angle: -12.42, Tilt Angle: -5.22
2025-03-13 00:45:14,400 - INFO - Time: 1741826714.40s | Pan Error: -0.39, Tilt Error: 0.02
2025-03-13 00:45:14,402 - INFO - Pan Angle: -12.42, Tilt Angle: -5.22
2025-03-13 00:45:16,230 - INFO - Time: 1741826716.23s | Pan Error: -0.39, Tilt Error: 0.02
2025-03-13 00:45:16,231 - INFO - Pan Angle: -12.42, Tilt Angle: -5.22
2025-03-13 00:45:16,373 - INFO - Time: 1741826716.37s | Pan Error: -0.40, Tilt Error: 0.02
2025-03-13 00:45:16,374 - INFO - Pan Angle: -12.42, Tilt Angle: -5.22
2025-03-13 00:45:16,558 - INFO - Time: 1741826716.56s | Pan Error: -0.39, Tilt Error: 0.00
2025-03-13 00:45:16,559 - INFO - Pan Angle: -12.42, Tilt Angle: -5.22
2025-03-13 00:45:16,769 - INFO - Time: 1741826716.77s | Pan Error: -0.39, Tilt Error: 0.02
2025-03-13 00:45:16,770 - INFO - Pan Angle: -12.42, Tilt Angle: -5.22
2025-03-13 00:45:16,973 - INFO - Time: 1741826716.97s | Pan Error: -0.39, Tilt Error: 0.02
2025-03-13 00:45:16,974 - INFO - Pan Angle: -12.42, Tilt Angle: -5.22
2025-03-13 00:45:17,176 - INFO - Time: 1741826717.18s | Pan Error: -0.40, Tilt Error: 0.01
2025-03-13 00:45:17,177 - INFO - Pan Angle: -12.42, Tilt Angle: -5.22
2025-03-13 00:45:17,315 - INFO - Time: 1741826717.32s | Pan Error: -0.34, Tilt Error: 0.04
2025-03-13 00:45:17,316 - INFO - Pan Angle: -12.42, Tilt Angle: -5.22
2025-03-13 00:45:17,511 - INFO - Time: 1741826717.51s | Pan Error: -0.39, Tilt Error: 0.02
2025-03-13 00:45:17,513 - INFO - Pan Angle: -12.42, Tilt Angle: -5.22
2025-03-13 00:45:17,717 - INFO - Time: 1741826717.72s | Pan Error: -0.39, Tilt Error: 0.02
2025-03-13 00:45:17,719 - INFO - Pan Angle: -12.42, Tilt Angle: -5.22
2025-03-13 00:45:17,950 - INFO - Time: 1741826717.95s | Pan Error: -0.39, Tilt Error: 0.02
2025-03-13 00:45:17,951 - INFO - Pan Angle: -12.42, Tilt Angle: -5.22
2025-03-13 00:45:18,171 - INFO - Time: 1741826718.17s | Pan Error: -0.39, Tilt Error: 0.00
2025-03-13 00:45:18,173 - INFO - Pan Angle: -12.42, Tilt Angle: -5.22
2025-03-13 00:45:18,314 - INFO - Time: 1741826718.31s | Pan Error: -0.40, Tilt Error: 0.01
2025-03-13 00:45:18,315 - INFO - Pan Angle: -12.42, Tilt Angle: -5.22
2025-03-13 00:45:18,354 - INFO - Stream stats - Frame: 3600, Size: 206694 bytes, Clients: 1
2025-03-13 00:45:18,519 - INFO - Time: 1741826718.52s | Pan Error: -0.39, Tilt Error: 0.00
2025-03-13 00:45:18,520 - INFO - Pan Angle: -12.42, Tilt Angle: -5.22
2025-03-13 00:45:18,656 - INFO - Time: 1741826718.66s | Pan Error: -0.39, Tilt Error: 0.02
2025-03-13 00:45:18,657 - INFO - Pan Angle: -12.42, Tilt Angle: -5.22
2025-03-13 00:45:18,878 - INFO - Time: 1741826718.88s | Pan Error: -0.39, Tilt Error: 0.02
2025-03-13 00:45:18,882 - INFO - Pan Angle: -12.42, Tilt Angle: -5.22
2025-03-13 00:45:19,073 - INFO - Time: 1741826719.07s | Pan Error: -0.39, Tilt Error: 0.00
2025-03-13 00:45:19,076 - INFO - Pan Angle: -12.42, Tilt Angle: -5.22
2025-03-13 00:45:19,272 - INFO - Time: 1741826719.27s | Pan Error: -0.40, Tilt Error: 0.02
2025-03-13 00:45:19,274 - INFO - Pan Angle: -12.42, Tilt Angle: -5.22
2025-03-13 00:45:19,462 - INFO - Time: 1741826719.46s | Pan Error: -0.40, Tilt Error: 0.02
2025-03-13 00:45:19,462 - INFO - Pan Angle: -12.42, Tilt Angle: -5.22
2025-03-13 00:45:19,641 - INFO - Time: 1741826719.64s | Pan Error: -0.39, Tilt Error: 0.02
2025-03-13 00:45:19,642 - INFO - Pan Angle: -12.42, Tilt Angle: -5.22
2025-03-13 00:45:19,823 - INFO - Time: 1741826719.82s | Pan Error: -0.40, Tilt Error: 0.02
2025-03-13 00:45:19,826 - INFO - Pan Angle: -12.42, Tilt Angle: -5.22
2025-03-13 00:45:20,082 - INFO - Time: 1741826720.08s | Pan Error: -0.39, Tilt Error: 0.02
2025-03-13 00:45:20,084 - INFO - Pan Angle: -12.42, Tilt Angle: -5.22
2025-03-13 00:45:20,282 - INFO - Time: 1741826720.28s | Pan Error: -0.40, Tilt Error: 0.02
2025-03-13 00:45:20,282 - INFO - Pan Angle: -12.42, Tilt Angle: -5.22
2025-03-13 00:45:20,517 - INFO - Time: 1741826720.52s | Pan Error: -0.39, Tilt Error: 0.02
2025-03-13 00:45:20,521 - INFO - Pan Angle: -12.42, Tilt Angle: -5.22
2025-03-13 00:45:20,712 - INFO - Time: 1741826720.71s | Pan Error: -0.40, Tilt Error: 0.02
2025-03-13 00:45:20,720 - INFO - Pan Angle: -12.42, Tilt Angle: -5.22
2025-03-13 00:45:21,073 - INFO - Time: 1741826721.07s | Pan Error: -0.40, Tilt Error: 0.01
2025-03-13 00:45:21,077 - INFO - Pan Angle: -12.42, Tilt Angle: -5.22
2025-03-13 00:45:21,315 - INFO - Time: 1741826721.32s | Pan Error: -0.40, Tilt Error: 0.02
2025-03-13 00:45:21,319 - INFO - Pan Angle: -12.42, Tilt Angle: -5.22
2025-03-13 00:45:21,693 - INFO - Time: 1741826721.69s | Pan Error: -0.39, Tilt Error: 0.02
2025-03-13 00:45:21,695 - INFO - Pan Angle: -12.42, Tilt Angle: -5.22
2025-03-13 00:45:21,866 - INFO - Time: 1741826721.87s | Pan Error: -0.39, Tilt Error: 0.00
2025-03-13 00:45:21,868 - INFO - Pan Angle: -12.42, Tilt Angle: -5.22
2025-03-13 00:45:22,037 - INFO - Time: 1741826722.04s | Pan Error: -0.39, Tilt Error: 0.02
2025-03-13 00:45:22,038 - INFO - Pan Angle: -12.42, Tilt Angle: -5.22
2025-03-13 00:45:22,287 - INFO - Time: 1741826722.29s | Pan Error: -0.39, Tilt Error: 0.02
2025-03-13 00:45:22,288 - INFO - Pan Angle: -12.42, Tilt Angle: -5.22
2025-03-13 00:45:22,446 - INFO - Time: 1741826722.45s | Pan Error: -0.40, Tilt Error: 0.02
2025-03-13 00:45:22,447 - INFO - Pan Angle: -12.42, Tilt Angle: -5.22
2025-03-13 00:45:22,691 - INFO - Time: 1741826722.69s | Pan Error: -0.39, Tilt Error: 0.02
2025-03-13 00:45:22,693 - INFO - Pan Angle: -12.42, Tilt Angle: -5.22
2025-03-13 00:45:26,340 - INFO - Time: 1741826726.34s | Pan Error: 1.67, Tilt Error: -0.19
2025-03-13 00:45:26,343 - INFO - Pan Angle: -13.5, Tilt Angle: -5.4
2025-03-13 00:45:26,497 - INFO - Time: 1741826726.50s | Pan Error: 6.94, Tilt Error: -0.59
2025-03-13 00:45:26,498 - INFO - Pan Angle: -17.01, Tilt Angle: -5.76
2025-03-13 00:45:26,699 - INFO - Time: 1741826726.70s | Pan Error: 11.65, Tilt Error: -0.83
2025-03-13 00:45:26,701 - INFO - Pan Angle: -22.95, Tilt Angle: -6.3
2025-03-13 00:45:26,955 - INFO - Time: 1741826726.96s | Pan Error: 10.21, Tilt Error: -0.75
2025-03-13 00:45:26,957 - INFO - Pan Angle: -28.08, Tilt Angle: -6.84
2025-03-13 00:45:27,123 - INFO - Time: 1741826727.12s | Pan Error: 5.30, Tilt Error: -0.55
2025-03-13 00:45:27,125 - INFO - Pan Angle: -30.78, Tilt Angle: -7.2
2025-03-13 00:45:27,476 - INFO - Time: 1741826727.48s | Pan Error: 1.22, Tilt Error: -0.41
2025-03-13 00:45:27,477 - INFO - Pan Angle: -31.59, Tilt Angle: -7.56
2025-03-13 00:45:27,671 - INFO - Time: 1741826727.67s | Pan Error: -3.08, Tilt Error: -0.18
2025-03-13 00:45:27,679 - INFO - Pan Angle: -30.24, Tilt Angle: -7.74
2025-03-13 00:45:27,859 - INFO - Time: 1741826727.86s | Pan Error: -2.99, Tilt Error: 0.32
2025-03-13 00:45:27,860 - INFO - Pan Angle: -28.89, Tilt Angle: -7.74
2025-03-13 00:45:28,002 - INFO - Time: 1741826728.00s | Pan Error: -2.92, Tilt Error: 0.88
2025-03-13 00:45:28,003 - INFO - Pan Angle: -27.54, Tilt Angle: -7.38
2025-03-13 00:45:28,178 - INFO - Time: 1741826728.18s | Pan Error: -2.91, Tilt Error: 0.89
2025-03-13 00:45:28,180 - INFO - Pan Angle: -26.19, Tilt Angle: -7.02
2025-03-13 00:45:28,357 - INFO - Time: 1741826728.36s | Pan Error: -1.39, Tilt Error: 0.82
2025-03-13 00:45:28,359 - INFO - Pan Angle: -25.65, Tilt Angle: -6.66
2025-03-13 00:45:28,381 - INFO - Stream stats - Frame: 3900, Size: 178826 bytes, Clients: 1
2025-03-13 00:45:28,545 - INFO - Time: 1741826728.55s | Pan Error: 0.45, Tilt Error: 0.72
2025-03-13 00:45:28,547 - INFO - Pan Angle: -25.92, Tilt Angle: -6.3
2025-03-13 00:45:28,733 - INFO - Time: 1741826728.73s | Pan Error: 0.60, Tilt Error: 0.69
2025-03-13 00:45:28,734 - INFO - Pan Angle: -26.46, Tilt Angle: -6.12
2025-03-13 00:45:28,928 - INFO - Time: 1741826728.93s | Pan Error: 0.69, Tilt Error: 0.70
2025-03-13 00:45:28,929 - INFO - Pan Angle: -27.0, Tilt Angle: -5.94
2025-03-13 00:45:29,205 - INFO - Time: 1741826729.21s | Pan Error: 0.67, Tilt Error: 0.71
2025-03-13 00:45:29,206 - INFO - Pan Angle: -27.54, Tilt Angle: -5.76
2025-03-13 00:45:29,351 - INFO - Time: 1741826729.35s | Pan Error: 0.67, Tilt Error: 0.71
2025-03-13 00:45:29,352 - INFO - Pan Angle: -28.08, Tilt Angle: -5.58
2025-03-13 00:45:29,527 - INFO - Time: 1741826729.53s | Pan Error: 0.69, Tilt Error: 0.72
2025-03-13 00:45:29,532 - INFO - Pan Angle: -28.62, Tilt Angle: -5.22
2025-03-13 00:45:29,777 - INFO - Time: 1741826729.78s | Pan Error: 0.69, Tilt Error: 0.72
2025-03-13 00:45:29,778 - INFO - Pan Angle: -29.16, Tilt Angle: -4.86
2025-03-13 00:45:29,979 - INFO - Time: 1741826729.98s | Pan Error: -0.79, Tilt Error: 0.29
2025-03-13 00:45:29,980 - INFO - Pan Angle: -28.89, Tilt Angle: -4.86
2025-03-13 00:45:30,128 - INFO - Time: 1741826730.13s | Pan Error: -1.48, Tilt Error: 0.19
2025-03-13 00:45:30,129 - INFO - Pan Angle: -28.35, Tilt Angle: -4.86
2025-03-13 00:45:30,273 - INFO - Time: 1741826730.27s | Pan Error: -1.41, Tilt Error: -0.27
2025-03-13 00:45:30,274 - INFO - Pan Angle: -27.81, Tilt Angle: -5.04
2025-03-13 00:45:30,434 - INFO - Time: 1741826730.43s | Pan Error: -1.41, Tilt Error: -0.41
2025-03-13 00:45:30,436 - INFO - Pan Angle: -27.27, Tilt Angle: -5.4
2025-03-13 00:45:30,782 - INFO - Time: 1741826730.78s | Pan Error: -1.41, Tilt Error: -0.43
2025-03-13 00:45:30,782 - INFO - Pan Angle: -26.73, Tilt Angle: -5.76
2025-03-13 00:45:31,015 - INFO - Time: 1741826731.02s | Pan Error: -1.41, Tilt Error: -0.41
2025-03-13 00:45:31,017 - INFO - Pan Angle: -26.19, Tilt Angle: -6.12
2025-03-13 00:45:31,204 - INFO - Time: 1741826731.20s | Pan Error: -1.41, Tilt Error: -0.41
2025-03-13 00:45:31,206 - INFO - Pan Angle: -25.65, Tilt Angle: -6.48
2025-03-13 00:45:31,381 - INFO - Time: 1741826731.38s | Pan Error: -1.48, Tilt Error: -0.43
2025-03-13 00:45:31,382 - INFO - Pan Angle: -25.11, Tilt Angle: -6.84
2025-03-13 00:45:31,543 - INFO - Time: 1741826731.54s | Pan Error: -1.41, Tilt Error: -0.41
2025-03-13 00:45:31,546 - INFO - Pan Angle: -24.57, Tilt Angle: -7.2
2025-03-13 00:45:31,786 - INFO - Time: 1741826731.79s | Pan Error: -1.46, Tilt Error: -0.43
2025-03-13 00:45:31,788 - INFO - Pan Angle: -24.03, Tilt Angle: -7.56
2025-03-13 00:45:31,937 - INFO - Time: 1741826731.94s | Pan Error: -1.41, Tilt Error: -0.41
2025-03-13 00:45:31,938 - INFO - Pan Angle: -23.49, Tilt Angle: -7.92
2025-03-13 00:45:32,084 - INFO - Time: 1741826732.08s | Pan Error: 0.62, Tilt Error: -0.52
2025-03-13 00:45:32,085 - INFO - Pan Angle: -24.03, Tilt Angle: -8.28
2025-03-13 00:45:32,283 - INFO - Time: 1741826732.28s | Pan Error: 2.89, Tilt Error: 0.64
2025-03-13 00:45:32,284 - INFO - Pan Angle: -25.65, Tilt Angle: -8.1
2025-03-13 00:45:32,426 - INFO - Time: 1741826732.43s | Pan Error: 3.21, Tilt Error: 1.08
2025-03-13 00:45:32,428 - INFO - Pan Angle: -27.27, Tilt Angle: -7.56
2025-03-13 00:45:32,764 - INFO - Time: 1741826732.76s | Pan Error: 3.21, Tilt Error: 1.06
2025-03-13 00:45:32,765 - INFO - Pan Angle: -28.89, Tilt Angle: -7.2
2025-03-13 00:45:32,903 - INFO - Time: 1741826732.90s | Pan Error: 0.57, Tilt Error: 1.16
2025-03-13 00:45:32,904 - INFO - Pan Angle: -29.43, Tilt Angle: -6.66
2025-03-13 00:45:33,058 - INFO - Time: 1741826733.06s | Pan Error: -0.73, Tilt Error: 1.24
2025-03-13 00:45:33,060 - INFO - Pan Angle: -29.16, Tilt Angle: -6.12
2025-03-13 00:45:33,237 - INFO - Time: 1741826733.24s | Pan Error: -1.64, Tilt Error: 1.27
2025-03-13 00:45:33,238 - INFO - Pan Angle: -28.35, Tilt Angle: -5.58
2025-03-13 00:45:33,395 - INFO - Time: 1741826733.40s | Pan Error: -1.74, Tilt Error: 1.28
2025-03-13 00:45:33,399 - INFO - Pan Angle: -27.54, Tilt Angle: -5.04
2025-03-13 00:45:33,699 - INFO - Time: 1741826733.70s | Pan Error: -1.77, Tilt Error: 0.75
2025-03-13 00:45:33,699 - INFO - Pan Angle: -26.73, Tilt Angle: -4.68
2025-03-13 00:45:33,834 - INFO - Time: 1741826733.83s | Pan Error: -1.45, Tilt Error: 0.24
2025-03-13 00:45:33,835 - INFO - Pan Angle: -26.19, Tilt Angle: -4.68
2025-03-13 00:45:34,221 - INFO - Time: 1741826734.22s | Pan Error: 0.54, Tilt Error: -0.51
2025-03-13 00:45:34,222 - INFO - Pan Angle: -26.73, Tilt Angle: -5.04
2025-03-13 00:45:34,419 - INFO - Time: 1741826734.42s | Pan Error: 0.63, Tilt Error: -0.51
2025-03-13 00:45:34,420 - INFO - Pan Angle: -27.27, Tilt Angle: -5.4
2025-03-13 00:45:34,641 - INFO - Time: 1741826734.64s | Pan Error: 0.63, Tilt Error: -0.49
2025-03-13 00:45:34,642 - INFO - Pan Angle: -27.81, Tilt Angle: -5.76
2025-03-13 00:45:34,862 - INFO - Time: 1741826734.86s | Pan Error: 0.63, Tilt Error: -0.49
2025-03-13 00:45:34,863 - INFO - Pan Angle: -28.35, Tilt Angle: -6.12
2025-03-13 00:45:35,063 - INFO - Time: 1741826735.06s | Pan Error: 0.64, Tilt Error: -0.51
2025-03-13 00:45:35,063 - INFO - Pan Angle: -28.89, Tilt Angle: -6.48
2025-03-13 00:45:35,246 - INFO - Time: 1741826735.25s | Pan Error: 0.63, Tilt Error: -0.51
2025-03-13 00:45:35,247 - INFO - Pan Angle: -29.43, Tilt Angle: -6.84
2025-03-13 00:45:35,450 - INFO - Time: 1741826735.45s | Pan Error: -0.55, Tilt Error: -0.47
2025-03-13 00:45:35,451 - INFO - Pan Angle: -29.16, Tilt Angle: -7.2
2025-03-13 00:45:35,648 - INFO - Time: 1741826735.65s | Pan Error: -1.41, Tilt Error: -0.41
2025-03-13 00:45:35,648 - INFO - Pan Angle: -28.62, Tilt Angle: -7.56
2025-03-13 00:45:35,783 - INFO - Time: 1741826735.78s | Pan Error: -1.41, Tilt Error: -0.43
2025-03-13 00:45:35,785 - INFO - Pan Angle: -28.08, Tilt Angle: -7.92
2025-03-13 00:45:35,966 - INFO - Time: 1741826735.97s | Pan Error: -1.41, Tilt Error: -0.43
2025-03-13 00:45:35,967 - INFO - Pan Angle: -27.54, Tilt Angle: -8.28
2025-03-13 00:45:36,141 - INFO - Time: 1741826736.14s | Pan Error: -1.35, Tilt Error: 0.86
2025-03-13 00:45:36,145 - INFO - Pan Angle: -27.0, Tilt Angle: -7.92
2025-03-13 00:45:36,315 - INFO - Time: 1741826736.32s | Pan Error: -1.35, Tilt Error: 1.27
2025-03-13 00:45:36,317 - INFO - Pan Angle: -26.46, Tilt Angle: -7.38
2025-03-13 00:45:36,494 - INFO - Time: 1741826736.49s | Pan Error: -1.31, Tilt Error: 1.30
2025-03-13 00:45:36,495 - INFO - Pan Angle: -25.92, Tilt Angle: -6.84
2025-03-13 00:45:36,822 - INFO - Time: 1741826736.82s | Pan Error: -1.34, Tilt Error: 1.28
2025-03-13 00:45:36,823 - INFO - Pan Angle: -25.38, Tilt Angle: -6.3
2025-03-13 00:45:37,039 - INFO - Time: 1741826737.04s | Pan Error: -1.34, Tilt Error: 1.30
2025-03-13 00:45:37,040 - INFO - Pan Angle: -24.84, Tilt Angle: -5.76
2025-03-13 00:45:37,207 - INFO - Time: 1741826737.21s | Pan Error: -1.40, Tilt Error: 1.25
2025-03-13 00:45:37,208 - INFO - Pan Angle: -24.3, Tilt Angle: -5.22
2025-03-13 00:45:37,432 - INFO - Time: 1741826737.43s | Pan Error: -1.34, Tilt Error: 0.72
2025-03-13 00:45:37,433 - INFO - Pan Angle: -23.76, Tilt Angle: -5.04
2025-03-13 00:45:37,637 - INFO - Time: 1741826737.64s | Pan Error: -1.38, Tilt Error: 0.21
2025-03-13 00:45:37,639 - INFO - Pan Angle: -23.22, Tilt Angle: -5.04
2025-03-13 00:45:37,893 - INFO - Time: 1741826737.89s | Pan Error: -1.05, Tilt Error: 0.21
2025-03-13 00:45:37,893 - INFO - Pan Angle: -22.95, Tilt Angle: -5.04
2025-03-13 00:45:38,119 - INFO - Time: 1741826738.12s | Pan Error: 3.05, Tilt Error: 0.01
2025-03-13 00:45:38,120 - INFO - Pan Angle: -24.57, Tilt Angle: -5.04
2025-03-13 00:45:38,362 - INFO - Time: 1741826738.36s | Pan Error: 3.05, Tilt Error: -0.01
2025-03-13 00:45:38,367 - INFO - Pan Angle: -26.19, Tilt Angle: -5.22
2025-03-13 00:45:38,450 - INFO - Stream stats - Frame: 4200, Size: 187239 bytes, Clients: 1
2025-03-13 00:45:38,582 - INFO - Time: 1741826738.58s | Pan Error: 3.04, Tilt Error: -0.01
2025-03-13 00:45:38,585 - INFO - Pan Angle: -27.81, Tilt Angle: -5.4
2025-03-13 00:45:38,855 - INFO - Time: 1741826738.86s | Pan Error: 1.82, Tilt Error: 0.04
2025-03-13 00:45:38,855 - INFO - Pan Angle: -28.89, Tilt Angle: -5.4
2025-03-13 00:45:39,022 - INFO - Time: 1741826739.02s | Pan Error: -0.11, Tilt Error: 0.12
2025-03-13 00:45:39,023 - INFO - Pan Angle: -28.89, Tilt Angle: -5.4
2025-03-13 00:45:39,181 - INFO - Time: 1741826739.18s | Pan Error: -0.14, Tilt Error: 0.12
2025-03-13 00:45:39,183 - INFO - Pan Angle: -28.89, Tilt Angle: -5.4
2025-03-13 00:45:39,382 - INFO - Time: 1741826739.38s | Pan Error: -0.12, Tilt Error: 0.13
2025-03-13 00:45:39,383 - INFO - Pan Angle: -28.89, Tilt Angle: -5.4
2025-03-13 00:45:39,598 - INFO - Time: 1741826739.60s | Pan Error: -0.14, Tilt Error: 0.12
2025-03-13 00:45:39,599 - INFO - Pan Angle: -28.89, Tilt Angle: -5.4
2025-03-13 00:45:39,736 - INFO - Time: 1741826739.74s | Pan Error: -0.12, Tilt Error: 0.13
2025-03-13 00:45:39,737 - INFO - Pan Angle: -28.89, Tilt Angle: -5.4
2025-03-13 00:45:39,885 - INFO - Time: 1741826739.88s | Pan Error: -0.12, Tilt Error: 0.11
2025-03-13 00:45:39,888 - INFO - Pan Angle: -28.89, Tilt Angle: -5.4
2025-03-13 00:45:40,109 - INFO - Time: 1741826740.11s | Pan Error: -0.12, Tilt Error: 0.10
2025-03-13 00:45:40,111 - INFO - Pan Angle: -28.89, Tilt Angle: -5.4
2025-03-13 00:45:40,276 - INFO - Time: 1741826740.28s | Pan Error: -0.12, Tilt Error: 0.08
2025-03-13 00:45:40,277 - INFO - Pan Angle: -28.89, Tilt Angle: -5.4
2025-03-13 00:45:40,473 - INFO - Time: 1741826740.47s | Pan Error: -0.21, Tilt Error: 0.07
2025-03-13 00:45:40,474 - INFO - Pan Angle: -28.89, Tilt Angle: -5.4
2025-03-13 00:45:40,750 - INFO - Time: 1741826740.75s | Pan Error: -0.12, Tilt Error: 0.07
2025-03-13 00:45:40,751 - INFO - Pan Angle: -28.89, Tilt Angle: -5.4
2025-03-13 00:45:40,893 - INFO - Time: 1741826740.89s | Pan Error: -0.12, Tilt Error: 0.07
2025-03-13 00:45:40,894 - INFO - Pan Angle: -28.89, Tilt Angle: -5.4
2025-03-13 00:45:41,082 - INFO - Time: 1741826741.08s | Pan Error: -0.12, Tilt Error: 0.05
2025-03-13 00:45:41,084 - INFO - Pan Angle: -28.89, Tilt Angle: -5.4
2025-03-13 00:45:41,275 - INFO - Time: 1741826741.27s | Pan Error: -0.12, Tilt Error: 0.05
2025-03-13 00:45:41,275 - INFO - Pan Angle: -28.89, Tilt Angle: -5.4
2025-03-13 00:45:41,473 - INFO - Time: 1741826741.47s | Pan Error: -0.12, Tilt Error: 0.07
2025-03-13 00:45:41,475 - INFO - Pan Angle: -28.89, Tilt Angle: -5.4
2025-03-13 00:45:41,677 - INFO - Time: 1741826741.68s | Pan Error: -0.12, Tilt Error: 0.05
2025-03-13 00:45:41,678 - INFO - Pan Angle: -28.89, Tilt Angle: -5.4
2025-03-13 00:45:41,811 - INFO - Time: 1741826741.81s | Pan Error: -0.12, Tilt Error: 0.05
2025-03-13 00:45:41,813 - INFO - Pan Angle: -28.89, Tilt Angle: -5.4
2025-03-13 00:45:42,003 - INFO - Time: 1741826742.00s | Pan Error: -0.12, Tilt Error: 0.05
2025-03-13 00:45:42,004 - INFO - Pan Angle: -28.89, Tilt Angle: -5.4
2025-03-13 00:45:42,244 - INFO - Time: 1741826742.24s | Pan Error: -0.10, Tilt Error: 0.07
2025-03-13 00:45:42,246 - INFO - Pan Angle: -28.89, Tilt Angle: -5.4
2025-03-13 00:45:42,423 - INFO - Time: 1741826742.42s | Pan Error: -0.01, Tilt Error: 0.04
2025-03-13 00:45:42,424 - INFO - Pan Angle: -28.89, Tilt Angle: -5.4
2025-03-13 00:45:42,633 - INFO - Time: 1741826742.63s | Pan Error: 0.02, Tilt Error: 0.04
2025-03-13 00:45:42,636 - INFO - Pan Angle: -29.16, Tilt Angle: -5.4
2025-03-13 00:45:42,822 - INFO - Time: 1741826742.82s | Pan Error: 0.02, Tilt Error: 0.04
2025-03-13 00:45:42,823 - INFO - Pan Angle: -29.43, Tilt Angle: -5.4
2025-03-13 00:45:43,016 - INFO - Time: 1741826743.02s | Pan Error: 0.02, Tilt Error: 0.04
2025-03-13 00:45:43,017 - INFO - Pan Angle: -29.7, Tilt Angle: -5.4
2025-03-13 00:45:43,196 - INFO - Time: 1741826743.20s | Pan Error: -0.06, Tilt Error: 0.00
2025-03-13 00:45:43,201 - INFO - Pan Angle: -29.7, Tilt Angle: -5.4
2025-03-13 00:45:43,447 - INFO - Time: 1741826743.45s | Pan Error: 0.02, Tilt Error: 0.01
2025-03-13 00:45:43,449 - INFO - Pan Angle: -29.97, Tilt Angle: -5.4
2025-03-13 00:45:43,590 - INFO - Time: 1741826743.59s | Pan Error: 0.02, Tilt Error: 0.01
2025-03-13 00:45:43,591 - INFO - Pan Angle: -30.24, Tilt Angle: -5.4
2025-03-13 00:45:43,727 - INFO - Time: 1741826743.73s | Pan Error: -1.43, Tilt Error: 0.10
2025-03-13 00:45:43,728 - INFO - Pan Angle: -29.7, Tilt Angle: -5.4
2025-03-13 00:45:43,957 - INFO - Time: 1741826743.96s | Pan Error: -2.17, Tilt Error: 0.10
2025-03-13 00:45:43,958 - INFO - Pan Angle: -28.62, Tilt Angle: -5.4
2025-03-13 00:45:44,225 - INFO - Time: 1741826744.23s | Pan Error: -2.08, Tilt Error: 0.10
2025-03-13 00:45:44,226 - INFO - Pan Angle: -27.81, Tilt Angle: -5.4
2025-03-13 00:45:44,443 - INFO - Time: 1741826744.44s | Pan Error: -2.07, Tilt Error: 0.08
2025-03-13 00:45:44,444 - INFO - Pan Angle: -27.0, Tilt Angle: -5.4
2025-03-13 00:45:44,660 - INFO - Time: 1741826744.66s | Pan Error: -2.06, Tilt Error: 0.10
2025-03-13 00:45:44,661 - INFO - Pan Angle: -26.19, Tilt Angle: -5.4
2025-03-13 00:45:44,966 - INFO - Time: 1741826744.97s | Pan Error: -0.14, Tilt Error: 0.02
2025-03-13 00:45:44,967 - INFO - Pan Angle: -26.19, Tilt Angle: -5.4
2025-03-13 00:45:45,157 - INFO - Time: 1741826745.16s | Pan Error: 0.00, Tilt Error: -0.02
2025-03-13 00:45:45,157 - INFO - Pan Angle: -26.46, Tilt Angle: -5.58
2025-03-13 00:45:45,346 - INFO - Time: 1741826745.35s | Pan Error: 0.18, Tilt Error: -0.01
2025-03-13 00:45:45,348 - INFO - Pan Angle: -26.73, Tilt Angle: -5.76
2025-03-13 00:45:45,567 - INFO - Time: 1741826745.57s | Pan Error: -1.11, Tilt Error: 0.01
2025-03-13 00:45:45,568 - INFO - Pan Angle: -26.19, Tilt Angle: -5.76
2025-03-13 00:45:45,748 - INFO - Time: 1741826745.75s | Pan Error: -2.39, Tilt Error: -0.04
2025-03-13 00:45:45,750 - INFO - Pan Angle: -25.11, Tilt Angle: -5.94
2025-03-13 00:45:45,906 - INFO - Time: 1741826745.91s | Pan Error: -5.52, Tilt Error: 0.19
2025-03-13 00:45:45,907 - INFO - Pan Angle: -22.41, Tilt Angle: -5.94
2025-03-13 00:45:46,047 - INFO - Time: 1741826746.05s | Pan Error: -7.51, Tilt Error: 0.36
2025-03-13 00:45:46,049 - INFO - Pan Angle: -18.9, Tilt Angle: -5.94
2025-03-13 00:45:46,317 - INFO - Time: 1741826746.32s | Pan Error: -6.69, Tilt Error: 0.29
2025-03-13 00:45:46,318 - INFO - Pan Angle: -15.66, Tilt Angle: -5.94
2025-03-13 00:45:46,456 - INFO - Time: 1741826746.46s | Pan Error: -4.40, Tilt Error: 0.22
2025-03-13 00:45:46,458 - INFO - Pan Angle: -13.5, Tilt Angle: -5.94
2025-03-13 00:45:46,587 - INFO - Time: 1741826746.59s | Pan Error: -4.43, Tilt Error: 0.22
2025-03-13 00:45:46,588 - INFO - Pan Angle: -11.34, Tilt Angle: -5.94
2025-03-13 00:45:46,989 - INFO - Time: 1741826746.99s | Pan Error: -1.41, Tilt Error: 0.10
2025-03-13 00:45:46,990 - INFO - Pan Angle: -10.8, Tilt Angle: -5.94
2025-03-13 00:45:47,394 - INFO - Time: 1741826747.39s | Pan Error: -3.78, Tilt Error: 0.22
2025-03-13 00:45:47,395 - INFO - Pan Angle: -8.91, Tilt Angle: -5.94
2025-03-13 00:45:47,596 - INFO - Time: 1741826747.60s | Pan Error: -4.83, Tilt Error: 0.33
2025-03-13 00:45:47,596 - INFO - Pan Angle: -6.75, Tilt Angle: -5.94
2025-03-13 00:45:47,946 - INFO - Time: 1741826747.95s | Pan Error: 2.28, Tilt Error: -0.01
2025-03-13 00:45:47,949 - INFO - Pan Angle: -8.1, Tilt Angle: -6.12
2025-03-13 00:45:48,134 - INFO - Time: 1741826748.13s | Pan Error: 5.46, Tilt Error: -0.19
2025-03-13 00:45:48,135 - INFO - Pan Angle: -11.07, Tilt Angle: -6.3
2025-03-13 00:45:48,273 - INFO - Time: 1741826748.27s | Pan Error: 8.16, Tilt Error: -0.33
2025-03-13 00:45:48,274 - INFO - Pan Angle: -15.39, Tilt Angle: -6.48
2025-03-13 00:45:48,406 - INFO - Time: 1741826748.41s | Pan Error: 8.55, Tilt Error: -0.33
2025-03-13 00:45:48,407 - INFO - Pan Angle: -19.71, Tilt Angle: -6.66
2025-03-13 00:45:48,496 - INFO - Stream stats - Frame: 4500, Size: 184642 bytes, Clients: 1
2025-03-13 00:45:48,545 - INFO - Time: 1741826748.55s | Pan Error: 6.91, Tilt Error: -0.27
2025-03-13 00:45:48,547 - INFO - Pan Angle: -23.22, Tilt Angle: -6.84
2025-03-13 00:45:48,801 - INFO - Time: 1741826748.80s | Pan Error: 4.50, Tilt Error: -0.18
2025-03-13 00:45:48,802 - INFO - Pan Angle: -25.65, Tilt Angle: -7.02
2025-03-13 00:45:48,941 - INFO - Time: 1741826748.94s | Pan Error: 0.40, Tilt Error: -0.04
2025-03-13 00:45:48,942 - INFO - Pan Angle: -25.92, Tilt Angle: -7.2
2025-03-13 00:45:49,141 - INFO - Time: 1741826749.14s | Pan Error: -1.52, Tilt Error: 0.06
2025-03-13 00:45:49,142 - INFO - Pan Angle: -25.38, Tilt Angle: -7.2
2025-03-13 00:45:49,337 - INFO - Time: 1741826749.34s | Pan Error: -2.73, Tilt Error: 0.12
2025-03-13 00:45:49,338 - INFO - Pan Angle: -24.03, Tilt Angle: -7.2
2025-03-13 00:45:50,198 - INFO - Time: 1741826750.20s | Pan Error: -2.48, Tilt Error: -0.41
2025-03-13 00:45:50,199 - INFO - Pan Angle: -22.95, Tilt Angle: -7.56
2025-03-13 00:45:50,443 - INFO - Time: 1741826750.44s | Pan Error: -2.77, Tilt Error: -4.88
2025-03-13 00:45:50,445 - INFO - Pan Angle: -21.6, Tilt Angle: -10.08
2025-03-13 00:45:50,620 - INFO - Time: 1741826750.62s | Pan Error: -1.07, Tilt Error: -9.36
2025-03-13 00:45:50,621 - INFO - Pan Angle: -21.33, Tilt Angle: -14.94
2025-03-13 00:45:50,757 - INFO - Time: 1741826750.76s | Pan Error: -0.61, Tilt Error: -9.74
2025-03-13 00:45:50,758 - INFO - Pan Angle: -21.06, Tilt Angle: -19.98
2025-03-13 00:45:51,167 - INFO - Time: 1741826751.17s | Pan Error: 0.08, Tilt Error: -4.52
2025-03-13 00:45:51,168 - INFO - Pan Angle: -21.33, Tilt Angle: -22.32
2025-03-13 00:45:51,363 - INFO - Time: 1741826751.36s | Pan Error: 0.06, Tilt Error: -8.37
2025-03-13 00:45:51,364 - INFO - Pan Angle: -21.6, Tilt Angle: -26.64
2025-03-13 00:45:51,589 - INFO - Time: 1741826751.59s | Pan Error: -0.09, Tilt Error: -10.32
2025-03-13 00:45:51,591 - INFO - Pan Angle: -21.6, Tilt Angle: -31.86
2025-03-13 00:45:51,788 - INFO - Time: 1741826751.79s | Pan Error: -0.40, Tilt Error: -8.72
2025-03-13 00:45:51,792 - INFO - Pan Angle: -21.6, Tilt Angle: -36.36
2025-03-13 00:45:52,016 - INFO - Time: 1741826752.02s | Pan Error: -0.51, Tilt Error: -6.35
2025-03-13 00:45:52,023 - INFO - Pan Angle: -21.6, Tilt Angle: -39.6
2025-03-13 00:45:52,224 - INFO - Time: 1741826752.22s | Pan Error: -0.59, Tilt Error: -3.55
2025-03-13 00:45:52,226 - INFO - Pan Angle: -21.33, Tilt Angle: -41.4
2025-03-13 00:45:52,644 - INFO - Time: 1741826752.64s | Pan Error: -1.05, Tilt Error: -3.14
2025-03-13 00:45:52,646 - INFO - Pan Angle: -21.06, Tilt Angle: -43.02
2025-03-13 00:45:52,822 - INFO - Time: 1741826752.82s | Pan Error: -0.93, Tilt Error: -4.58
2025-03-13 00:45:52,823 - INFO - Pan Angle: -20.79, Tilt Angle: -45.36
2025-03-13 00:45:53,003 - INFO - Time: 1741826753.00s | Pan Error: -1.02, Tilt Error: -4.17
2025-03-13 00:45:53,006 - INFO - Pan Angle: -20.52, Tilt Angle: -47.52
2025-03-13 00:45:53,157 - INFO - Time: 1741826753.16s | Pan Error: -1.19, Tilt Error: -3.19
2025-03-13 00:45:53,158 - INFO - Pan Angle: -19.98, Tilt Angle: -49.14
2025-03-13 00:45:53,490 - INFO - Time: 1741826753.49s | Pan Error: 0.21, Tilt Error: -0.27
2025-03-13 00:45:53,491 - INFO - Pan Angle: -20.25, Tilt Angle: -49.32
2025-03-13 00:45:53,627 - INFO - Time: 1741826753.63s | Pan Error: -0.04, Tilt Error: -0.89
2025-03-13 00:45:53,628 - INFO - Pan Angle: -20.25, Tilt Angle: -49.86
2025-03-13 00:45:53,825 - INFO - Time: 1741826753.83s | Pan Error: -0.08, Tilt Error: -0.63
2025-03-13 00:45:53,826 - INFO - Pan Angle: -20.25, Tilt Angle: -50.22
2025-03-13 00:45:54,034 - INFO - Time: 1741826754.03s | Pan Error: 0.00, Tilt Error: 0.73
2025-03-13 00:45:54,035 - INFO - Pan Angle: -20.52, Tilt Angle: -49.86
2025-03-13 00:45:54,234 - INFO - Time: 1741826754.23s | Pan Error: 0.37, Tilt Error: 1.79
2025-03-13 00:45:54,235 - INFO - Pan Angle: -20.79, Tilt Angle: -49.14
2025-03-13 00:45:54,364 - INFO - Time: 1741826754.36s | Pan Error: 0.80, Tilt Error: 2.38
2025-03-13 00:45:54,365 - INFO - Pan Angle: -21.33, Tilt Angle: -48.06
2025-03-13 00:45:54,559 - INFO - Time: 1741826754.56s | Pan Error: 0.92, Tilt Error: 2.41
2025-03-13 00:45:54,562 - INFO - Pan Angle: -21.87, Tilt Angle: -46.98
2025-03-13 00:45:54,843 - INFO - Time: 1741826754.84s | Pan Error: 1.28, Tilt Error: 3.12
2025-03-13 00:45:54,845 - INFO - Pan Angle: -22.68, Tilt Angle: -45.54
2025-03-13 00:45:55,099 - INFO - Time: 1741826755.10s | Pan Error: 1.50, Tilt Error: 4.86
2025-03-13 00:45:55,100 - INFO - Pan Angle: -23.49, Tilt Angle: -43.2
2025-03-13 00:45:55,259 - INFO - Time: 1741826755.26s | Pan Error: 0.69, Tilt Error: 7.50
2025-03-13 00:45:55,260 - INFO - Pan Angle: -24.03, Tilt Angle: -39.6
2025-03-13 00:45:55,425 - INFO - Time: 1741826755.43s | Pan Error: -1.19, Tilt Error: 6.84
2025-03-13 00:45:55,428 - INFO - Pan Angle: -23.49, Tilt Angle: -36.36
2025-03-13 00:45:55,597 - INFO - Time: 1741826755.60s | Pan Error: -1.80, Tilt Error: 5.68
2025-03-13 00:45:55,599 - INFO - Pan Angle: -22.68, Tilt Angle: -33.66
2025-03-13 00:45:55,804 - INFO - Time: 1741826755.80s | Pan Error: -2.07, Tilt Error: 4.82
2025-03-13 00:45:55,805 - INFO - Pan Angle: -21.87, Tilt Angle: -31.32
2025-03-13 00:45:56,022 - INFO - Time: 1741826756.02s | Pan Error: -2.40, Tilt Error: 5.33
2025-03-13 00:45:56,027 - INFO - Pan Angle: -20.79, Tilt Angle: -28.8
2025-03-13 00:45:56,188 - INFO - Time: 1741826756.19s | Pan Error: -2.98, Tilt Error: 5.43
2025-03-13 00:45:56,189 - INFO - Pan Angle: -19.44, Tilt Angle: -26.1
2025-03-13 00:45:56,320 - INFO - Time: 1741826756.32s | Pan Error: -2.54, Tilt Error: 4.34
2025-03-13 00:45:56,321 - INFO - Pan Angle: -18.36, Tilt Angle: -23.94
2025-03-13 00:45:56,539 - INFO - Time: 1741826756.54s | Pan Error: -2.01, Tilt Error: 3.98
2025-03-13 00:45:56,541 - INFO - Pan Angle: -17.55, Tilt Angle: -21.96
2025-03-13 00:45:56,676 - INFO - Time: 1741826756.68s | Pan Error: -1.42, Tilt Error: 5.12
2025-03-13 00:45:56,677 - INFO - Pan Angle: -17.01, Tilt Angle: -19.44
2025-03-13 00:45:56,871 - INFO - Time: 1741826756.87s | Pan Error: -1.62, Tilt Error: 4.03
2025-03-13 00:45:56,872 - INFO - Pan Angle: -16.47, Tilt Angle: -17.46
2025-03-13 00:45:57,080 - INFO - Time: 1741826757.08s | Pan Error: -2.20, Tilt Error: 4.11
2025-03-13 00:45:57,081 - INFO - Pan Angle: -15.39, Tilt Angle: -15.48
2025-03-13 00:45:57,295 - INFO - Time: 1741826757.30s | Pan Error: -2.04, Tilt Error: 4.90
2025-03-13 00:45:57,296 - INFO - Pan Angle: -14.58, Tilt Angle: -13.14
2025-03-13 00:45:57,427 - INFO - Time: 1741826757.43s | Pan Error: -3.04, Tilt Error: 5.70
2025-03-13 00:45:57,428 - INFO - Pan Angle: -13.23, Tilt Angle: -10.44
2025-03-13 00:45:57,629 - INFO - Time: 1741826757.63s | Pan Error: -1.78, Tilt Error: 4.91
2025-03-13 00:45:57,630 - INFO - Pan Angle: -12.42, Tilt Angle: -8.1
2025-03-13 00:45:57,767 - INFO - Time: 1741826757.77s | Pan Error: 0.35, Tilt Error: 2.88
2025-03-13 00:45:57,768 - INFO - Pan Angle: -12.69, Tilt Angle: -6.84
2025-03-13 00:45:58,000 - INFO - Time: 1741826758.00s | Pan Error: 0.36, Tilt Error: 1.25
2025-03-13 00:45:58,001 - INFO - Pan Angle: -12.96, Tilt Angle: -6.3
2025-03-13 00:45:58,393 - INFO - Time: 1741826758.39s | Pan Error: -0.97, Tilt Error: 1.02
2025-03-13 00:45:58,393 - INFO - Pan Angle: -12.69, Tilt Angle: -5.94
2025-03-13 00:45:58,525 - INFO - Time: 1741826758.53s | Pan Error: -2.31, Tilt Error: 1.14
2025-03-13 00:45:58,526 - INFO - Pan Angle: -11.61, Tilt Angle: -5.4
2025-03-13 00:45:58,533 - INFO - Stream stats - Frame: 4800, Size: 192811 bytes, Clients: 1
2025-03-13 00:45:58,832 - INFO - Time: 1741826758.83s | Pan Error: -3.06, Tilt Error: 1.19
2025-03-13 00:45:58,833 - INFO - Pan Angle: -10.26, Tilt Angle: -4.86
2025-03-13 00:45:59,081 - INFO - Time: 1741826759.08s | Pan Error: -6.48, Tilt Error: 0.63
2025-03-13 00:45:59,086 - INFO - Pan Angle: -7.02, Tilt Angle: -4.68
2025-03-13 00:45:59,291 - INFO - Time: 1741826759.29s | Pan Error: -6.37, Tilt Error: 0.15
2025-03-13 00:45:59,292 - INFO - Pan Angle: -4.05, Tilt Angle: -4.68
2025-03-13 00:45:59,504 - INFO - Time: 1741826759.50s | Pan Error: -2.23, Tilt Error: -0.03
2025-03-13 00:45:59,507 - INFO - Pan Angle: -2.97, Tilt Angle: -4.86
2025-03-13 00:45:59,829 - INFO - Time: 1741826759.83s | Pan Error: 3.59, Tilt Error: -0.37
2025-03-13 00:45:59,830 - INFO - Pan Angle: -4.86, Tilt Angle: -5.22
2025-03-13 00:46:00,106 - INFO - Time: 1741826760.11s | Pan Error: 10.99, Tilt Error: -0.73
2025-03-13 00:46:00,108 - INFO - Pan Angle: -10.53, Tilt Angle: -5.76
2025-03-13 00:46:00,317 - INFO - Time: 1741826760.32s | Pan Error: 16.69, Tilt Error: -0.94
2025-03-13 00:46:00,324 - INFO - Pan Angle: -18.9, Tilt Angle: -6.3
2025-03-13 00:46:00,509 - INFO - Time: 1741826760.51s | Pan Error: 16.17, Tilt Error: -1.09
2025-03-13 00:46:00,510 - INFO - Pan Angle: -27.0, Tilt Angle: -7.02
2025-03-13 00:46:00,665 - INFO - Time: 1741826760.67s | Pan Error: 10.12, Tilt Error: -0.79
2025-03-13 00:46:00,666 - INFO - Pan Angle: -32.13, Tilt Angle: -7.56
2025-03-13 00:46:01,070 - INFO - Time: 1741826761.07s | Pan Error: -6.73, Tilt Error: 0.60
2025-03-13 00:46:01,071 - INFO - Pan Angle: -28.89, Tilt Angle: -7.38
2025-03-13 00:46:01,261 - INFO - Time: 1741826761.26s | Pan Error: -8.73, Tilt Error: 0.74
2025-03-13 00:46:01,261 - INFO - Pan Angle: -24.57, Tilt Angle: -7.02
2025-03-13 00:46:01,392 - INFO - Time: 1741826761.39s | Pan Error: -7.61, Tilt Error: 0.65
2025-03-13 00:46:01,393 - INFO - Pan Angle: -20.79, Tilt Angle: -6.84
2025-03-13 00:46:01,572 - INFO - Time: 1741826761.57s | Pan Error: -4.27, Tilt Error: 0.47
2025-03-13 00:46:01,574 - INFO - Pan Angle: -18.9, Tilt Angle: -6.66
2025-03-13 00:46:01,752 - INFO - Time: 1741826761.75s | Pan Error: 0.00, Tilt Error: 0.27
2025-03-13 00:46:01,756 - INFO - Pan Angle: -19.17, Tilt Angle: -6.66
2025-03-13 00:46:01,939 - INFO - Time: 1741826761.94s | Pan Error: 2.58, Tilt Error: 0.18
2025-03-13 00:46:01,944 - INFO - Pan Angle: -20.52, Tilt Angle: -6.66
2025-03-13 00:46:02,122 - INFO - Time: 1741826762.12s | Pan Error: 3.17, Tilt Error: 0.11
2025-03-13 00:46:02,124 - INFO - Pan Angle: -22.14, Tilt Angle: -6.66
2025-03-13 00:46:02,305 - INFO - Time: 1741826762.31s | Pan Error: 3.19, Tilt Error: 0.11
2025-03-13 00:46:02,305 - INFO - Pan Angle: -23.76, Tilt Angle: -6.66
2025-03-13 00:46:02,501 - INFO - Time: 1741826762.50s | Pan Error: 1.72, Tilt Error: 0.19
2025-03-13 00:46:02,503 - INFO - Pan Angle: -24.84, Tilt Angle: -6.66
2025-03-13 00:46:02,695 - INFO - Time: 1741826762.70s | Pan Error: -0.99, Tilt Error: 0.29
2025-03-13 00:46:02,696 - INFO - Pan Angle: -24.57, Tilt Angle: -6.66
2025-03-13 00:46:02,836 - INFO - Time: 1741826762.84s | Pan Error: -1.09, Tilt Error: 0.32
2025-03-13 00:46:02,837 - INFO - Pan Angle: -24.03, Tilt Angle: -6.66
2025-03-13 00:46:03,027 - INFO - Time: 1741826763.03s | Pan Error: -1.03, Tilt Error: 0.28
2025-03-13 00:46:03,028 - INFO - Pan Angle: -23.76, Tilt Angle: -6.66
2025-03-13 00:46:03,209 - INFO - Time: 1741826763.21s | Pan Error: -1.09, Tilt Error: 0.32
2025-03-13 00:46:03,211 - INFO - Pan Angle: -23.22, Tilt Angle: -6.66
2025-03-13 00:46:03,395 - INFO - Time: 1741826763.40s | Pan Error: -1.09, Tilt Error: 0.32
2025-03-13 00:46:03,397 - INFO - Pan Angle: -22.68, Tilt Angle: -6.66
2025-03-13 00:46:03,561 - INFO - Time: 1741826763.56s | Pan Error: -1.02, Tilt Error: 0.32
2025-03-13 00:46:03,561 - INFO - Pan Angle: -22.41, Tilt Angle: -6.66
2025-03-13 00:46:03,693 - INFO - Time: 1741826763.69s | Pan Error: -0.96, Tilt Error: 0.32
2025-03-13 00:46:03,694 - INFO - Pan Angle: -22.14, Tilt Angle: -6.66
2025-03-13 00:46:03,898 - INFO - Time: 1741826763.90s | Pan Error: -0.96, Tilt Error: 0.32
2025-03-13 00:46:03,899 - INFO - Pan Angle: -21.87, Tilt Angle: -6.66
2025-03-13 00:46:04,123 - INFO - Time: 1741826764.12s | Pan Error: -0.49, Tilt Error: 0.30
2025-03-13 00:46:04,124 - INFO - Pan Angle: -21.87, Tilt Angle: -6.66
2025-03-13 00:46:08,100 - INFO - Time: 1741826768.10s | Pan Error: -1.37, Tilt Error: 0.33
2025-03-13 00:46:08,101 - INFO - Pan Angle: -21.33, Tilt Angle: -6.66
2025-03-13 00:46:08,263 - INFO - Time: 1741826768.26s | Pan Error: -1.73, Tilt Error: 0.30
2025-03-13 00:46:08,265 - INFO - Pan Angle: -20.52, Tilt Angle: -6.66
2025-03-13 00:46:08,484 - INFO - Time: 1741826768.48s | Pan Error: -1.86, Tilt Error: 0.35
2025-03-13 00:46:08,484 - INFO - Pan Angle: -19.71, Tilt Angle: -6.66
2025-03-13 00:46:08,582 - INFO - Stream stats - Frame: 5100, Size: 188636 bytes, Clients: 1
2025-03-13 00:46:08,615 - INFO - Time: 1741826768.62s | Pan Error: -0.04, Tilt Error: 0.29
2025-03-13 00:46:08,617 - INFO - Pan Angle: -19.71, Tilt Angle: -6.66
2025-03-13 00:46:08,783 - INFO - Time: 1741826768.78s | Pan Error: 0.33, Tilt Error: 0.24
2025-03-13 00:46:08,785 - INFO - Pan Angle: -19.98, Tilt Angle: -6.66
2025-03-13 00:46:08,950 - INFO - Time: 1741826768.95s | Pan Error: 0.38, Tilt Error: 0.22
2025-03-13 00:46:08,951 - INFO - Pan Angle: -20.25, Tilt Angle: -6.66
2025-03-13 00:46:09,089 - INFO - Time: 1741826769.09s | Pan Error: 0.32, Tilt Error: 0.22
2025-03-13 00:46:09,090 - INFO - Pan Angle: -20.52, Tilt Angle: -6.66
2025-03-13 00:46:09,296 - INFO - Time: 1741826769.30s | Pan Error: 0.30, Tilt Error: 0.25
2025-03-13 00:46:09,296 - INFO - Pan Angle: -20.79, Tilt Angle: -6.66
2025-03-13 00:46:09,443 - INFO - Time: 1741826769.44s | Pan Error: 0.32, Tilt Error: 0.24
2025-03-13 00:46:09,444 - INFO - Pan Angle: -21.06, Tilt Angle: -6.66
2025-03-13 00:46:09,647 - INFO - Time: 1741826769.65s | Pan Error: 0.37, Tilt Error: 0.21
2025-03-13 00:46:09,648 - INFO - Pan Angle: -21.33, Tilt Angle: -6.66
2025-03-13 00:46:09,881 - INFO - Time: 1741826769.88s | Pan Error: 0.30, Tilt Error: 0.24
2025-03-13 00:46:09,885 - INFO - Pan Angle: -21.6, Tilt Angle: -6.66
2025-03-13 00:46:10,062 - INFO - Time: 1741826770.06s | Pan Error: 0.36, Tilt Error: 0.21
2025-03-13 00:46:10,063 - INFO - Pan Angle: -21.87, Tilt Angle: -6.66
2025-03-13 00:46:10,253 - INFO - Time: 1741826770.25s | Pan Error: 0.36, Tilt Error: 0.21
2025-03-13 00:46:10,254 - INFO - Pan Angle: -22.14, Tilt Angle: -6.66
2025-03-13 00:46:10,406 - INFO - Time: 1741826770.41s | Pan Error: 0.36, Tilt Error: 0.21
2025-03-13 00:46:10,409 - INFO - Pan Angle: -22.41, Tilt Angle: -6.66
2025-03-13 00:46:10,578 - INFO - Time: 1741826770.58s | Pan Error: 0.36, Tilt Error: 0.21
2025-03-13 00:46:10,580 - INFO - Pan Angle: -22.68, Tilt Angle: -6.66
2025-03-13 00:46:10,767 - INFO - Time: 1741826770.77s | Pan Error: -0.58, Tilt Error: 0.27
2025-03-13 00:46:10,768 - INFO - Pan Angle: -22.41, Tilt Angle: -6.66
2025-03-13 00:46:11,023 - INFO - Time: 1741826771.02s | Pan Error: -0.65, Tilt Error: 0.28
2025-03-13 00:46:11,026 - INFO - Pan Angle: -22.14, Tilt Angle: -6.66
2025-03-13 00:46:11,330 - INFO - Time: 1741826771.33s | Pan Error: -0.63, Tilt Error: 0.27
2025-03-13 00:46:11,331 - INFO - Pan Angle: -21.87, Tilt Angle: -6.66
2025-03-13 00:46:11,556 - INFO - Time: 1741826771.56s | Pan Error: -0.65, Tilt Error: 0.28
2025-03-13 00:46:11,557 - INFO - Pan Angle: -21.6, Tilt Angle: -6.66
2025-03-13 00:46:11,722 - INFO - Time: 1741826771.72s | Pan Error: -0.69, Tilt Error: 0.30
2025-03-13 00:46:11,724 - INFO - Pan Angle: -21.33, Tilt Angle: -6.66
2025-03-13 00:46:12,060 - INFO - Time: 1741826772.06s | Pan Error: -0.65, Tilt Error: 0.28
2025-03-13 00:46:12,063 - INFO - Pan Angle: -21.06, Tilt Angle: -6.66
2025-03-13 00:46:12,319 - INFO - Time: 1741826772.32s | Pan Error: -0.65, Tilt Error: 0.28
2025-03-13 00:46:12,320 - INFO - Pan Angle: -20.79, Tilt Angle: -6.66
2025-03-13 00:46:12,457 - INFO - Time: 1741826772.46s | Pan Error: -0.69, Tilt Error: 0.30
2025-03-13 00:46:12,459 - INFO - Pan Angle: -20.52, Tilt Angle: -6.66
2025-03-13 00:46:12,672 - INFO - Time: 1741826772.67s | Pan Error: -0.62, Tilt Error: 0.29
2025-03-13 00:46:12,673 - INFO - Pan Angle: -20.25, Tilt Angle: -6.66
2025-03-13 00:46:12,818 - INFO - Time: 1741826772.82s | Pan Error: -0.62, Tilt Error: 0.29
2025-03-13 00:46:12,820 - INFO - Pan Angle: -19.98, Tilt Angle: -6.66
2025-03-13 00:46:13,108 - INFO - Time: 1741826773.11s | Pan Error: -0.61, Tilt Error: 0.27
2025-03-13 00:46:13,109 - INFO - Pan Angle: -19.71, Tilt Angle: -6.66
2025-03-13 00:46:13,269 - INFO - Time: 1741826773.27s | Pan Error: -0.60, Tilt Error: 0.29
2025-03-13 00:46:13,272 - INFO - Pan Angle: -19.44, Tilt Angle: -6.66
2025-03-13 00:46:13,464 - INFO - Time: 1741826773.46s | Pan Error: -0.62, Tilt Error: 0.29
2025-03-13 00:46:13,466 - INFO - Pan Angle: -19.17, Tilt Angle: -6.66
2025-03-13 00:46:13,824 - INFO - Time: 1741826773.82s | Pan Error: 1.24, Tilt Error: 0.19
2025-03-13 00:46:13,825 - INFO - Pan Angle: -19.98, Tilt Angle: -6.66
2025-03-13 00:46:14,056 - INFO - Time: 1741826774.06s | Pan Error: 1.24, Tilt Error: 0.19
2025-03-13 00:46:14,057 - INFO - Pan Angle: -20.79, Tilt Angle: -6.66
2025-03-13 00:46:14,265 - INFO - Time: 1741826774.27s | Pan Error: 1.24, Tilt Error: 0.19
2025-03-13 00:46:14,266 - INFO - Pan Angle: -21.6, Tilt Angle: -6.66
2025-03-13 00:46:14,395 - INFO - Time: 1741826774.40s | Pan Error: 1.24, Tilt Error: 0.19
2025-03-13 00:46:14,396 - INFO - Pan Angle: -22.41, Tilt Angle: -6.66
2025-03-13 00:46:14,615 - INFO - Time: 1741826774.62s | Pan Error: 1.24, Tilt Error: 0.19
2025-03-13 00:46:14,616 - INFO - Pan Angle: -23.22, Tilt Angle: -6.66
2025-03-13 00:46:14,745 - INFO - Time: 1741826774.75s | Pan Error: -0.84, Tilt Error: 0.27
2025-03-13 00:46:14,745 - INFO - Pan Angle: -22.95, Tilt Angle: -6.66
2025-03-13 00:46:14,959 - INFO - Time: 1741826774.96s | Pan Error: -0.85, Tilt Error: 0.27
2025-03-13 00:46:14,960 - INFO - Pan Angle: -22.68, Tilt Angle: -6.66
2025-03-13 00:46:15,152 - INFO - Time: 1741826775.15s | Pan Error: -0.85, Tilt Error: 0.31
2025-03-13 00:46:15,153 - INFO - Pan Angle: -22.41, Tilt Angle: -6.66
2025-03-13 00:46:15,453 - INFO - Time: 1741826775.45s | Pan Error: -0.85, Tilt Error: 0.31
2025-03-13 00:46:15,456 - INFO - Pan Angle: -22.14, Tilt Angle: -6.66
2025-03-13 00:46:15,767 - INFO - Time: 1741826775.77s | Pan Error: -0.85, Tilt Error: 0.27
2025-03-13 00:46:15,769 - INFO - Pan Angle: -21.87, Tilt Angle: -6.66
2025-03-13 00:46:16,001 - INFO - Time: 1741826776.00s | Pan Error: -0.91, Tilt Error: 0.30
2025-03-13 00:46:16,001 - INFO - Pan Angle: -21.6, Tilt Angle: -6.66
2025-03-13 00:46:16,143 - INFO - Time: 1741826776.14s | Pan Error: -0.85, Tilt Error: 0.27
2025-03-13 00:46:16,144 - INFO - Pan Angle: -21.33, Tilt Angle: -6.66
2025-03-13 00:46:16,300 - INFO - Time: 1741826776.30s | Pan Error: -0.88, Tilt Error: 0.28
2025-03-13 00:46:16,304 - INFO - Pan Angle: -21.06, Tilt Angle: -6.66
2025-03-13 00:46:16,482 - INFO - Time: 1741826776.48s | Pan Error: -0.85, Tilt Error: 0.27
2025-03-13 00:46:16,483 - INFO - Pan Angle: -20.79, Tilt Angle: -6.66
2025-03-13 00:46:16,808 - INFO - Time: 1741826776.81s | Pan Error: -0.85, Tilt Error: 0.27
2025-03-13 00:46:16,811 - INFO - Pan Angle: -20.52, Tilt Angle: -6.66
2025-03-13 00:46:17,029 - INFO - Time: 1741826777.03s | Pan Error: -0.82, Tilt Error: 0.32
2025-03-13 00:46:17,030 - INFO - Pan Angle: -20.25, Tilt Angle: -6.66
2025-03-13 00:46:17,241 - INFO - Time: 1741826777.24s | Pan Error: -0.90, Tilt Error: 0.31
2025-03-13 00:46:17,242 - INFO - Pan Angle: -19.98, Tilt Angle: -6.66
2025-03-13 00:46:17,378 - INFO - Time: 1741826777.38s | Pan Error: -0.88, Tilt Error: 0.28
2025-03-13 00:46:17,380 - INFO - Pan Angle: -19.71, Tilt Angle: -6.66
2025-03-13 00:46:17,586 - INFO - Time: 1741826777.59s | Pan Error: -0.88, Tilt Error: 0.30
2025-03-13 00:46:17,588 - INFO - Pan Angle: -19.44, Tilt Angle: -6.66
2025-03-13 00:46:17,733 - INFO - Time: 1741826777.73s | Pan Error: -0.88, Tilt Error: 0.28
2025-03-13 00:46:17,735 - INFO - Pan Angle: -19.17, Tilt Angle: -6.66
2025-03-13 00:46:18,020 - INFO - Time: 1741826778.02s | Pan Error: -0.88, Tilt Error: 0.28
2025-03-13 00:46:18,021 - INFO - Pan Angle: -18.9, Tilt Angle: -6.66
2025-03-13 00:46:18,196 - INFO - Time: 1741826778.20s | Pan Error: -0.88, Tilt Error: 0.28
2025-03-13 00:46:18,198 - INFO - Pan Angle: -18.63, Tilt Angle: -6.66
2025-03-13 00:46:18,351 - INFO - Time: 1741826778.35s | Pan Error: -0.88, Tilt Error: 0.28
2025-03-13 00:46:18,352 - INFO - Pan Angle: -18.36, Tilt Angle: -6.66
2025-03-13 00:46:18,557 - INFO - Time: 1741826778.56s | Pan Error: -0.88, Tilt Error: 0.30
2025-03-13 00:46:18,558 - INFO - Pan Angle: -18.09, Tilt Angle: -6.66
2025-03-13 00:46:18,618 - INFO - Stream stats - Frame: 5400, Size: 185877 bytes, Clients: 1
2025-03-13 00:46:19,534 - INFO - Time: 1741826779.53s | Pan Error: 2.58, Tilt Error: 0.14
2025-03-13 00:46:19,535 - INFO - Pan Angle: -19.44, Tilt Angle: -6.66
2025-03-13 00:46:20,129 - INFO - Time: 1741826780.13s | Pan Error: 2.55, Tilt Error: 0.14
2025-03-13 00:46:20,131 - INFO - Pan Angle: -20.79, Tilt Angle: -6.66
2025-03-13 00:46:20,269 - INFO - Time: 1741826780.27s | Pan Error: 2.56, Tilt Error: 0.13
2025-03-13 00:46:20,270 - INFO - Pan Angle: -22.14, Tilt Angle: -6.66
2025-03-13 00:46:20,456 - INFO - Time: 1741826780.46s | Pan Error: 1.89, Tilt Error: 0.16
2025-03-13 00:46:20,457 - INFO - Pan Angle: -23.22, Tilt Angle: -6.66
2025-03-13 00:46:20,789 - INFO - Time: 1741826780.79s | Pan Error: -1.14, Tilt Error: 0.32
2025-03-13 00:46:20,791 - INFO - Pan Angle: -22.68, Tilt Angle: -6.66
2025-03-13 00:46:20,935 - INFO - Time: 1741826780.93s | Pan Error: -1.52, Tilt Error: 0.32
2025-03-13 00:46:20,935 - INFO - Pan Angle: -22.14, Tilt Angle: -6.66
2025-03-13 00:46:21,069 - INFO - Time: 1741826781.07s | Pan Error: -1.52, Tilt Error: 0.33
2025-03-13 00:46:21,070 - INFO - Pan Angle: -21.6, Tilt Angle: -6.66
2025-03-13 00:46:21,242 - INFO - Time: 1741826781.24s | Pan Error: -1.52, Tilt Error: 0.33
2025-03-13 00:46:21,245 - INFO - Pan Angle: -21.06, Tilt Angle: -6.66
2025-03-13 00:46:21,482 - INFO - Time: 1741826781.48s | Pan Error: -1.52, Tilt Error: 0.33
2025-03-13 00:46:21,483 - INFO - Pan Angle: -20.52, Tilt Angle: -6.66
2025-03-13 00:46:21,690 - INFO - Time: 1741826781.69s | Pan Error: -1.50, Tilt Error: 0.33
2025-03-13 00:46:21,691 - INFO - Pan Angle: -19.98, Tilt Angle: -6.66
2025-03-13 00:46:21,886 - INFO - Time: 1741826781.89s | Pan Error: -1.51, Tilt Error: 0.32
2025-03-13 00:46:21,888 - INFO - Pan Angle: -19.44, Tilt Angle: -6.66
2025-03-13 00:46:22,029 - INFO - Time: 1741826782.03s | Pan Error: 0.38, Tilt Error: 0.22
2025-03-13 00:46:22,030 - INFO - Pan Angle: -19.71, Tilt Angle: -6.66
2025-03-13 00:46:22,391 - INFO - Time: 1741826782.39s | Pan Error: 0.80, Tilt Error: 0.22
2025-03-13 00:46:22,395 - INFO - Pan Angle: -20.25, Tilt Angle: -6.66
2025-03-13 00:46:22,617 - INFO - Time: 1741826782.62s | Pan Error: 0.81, Tilt Error: 0.22
2025-03-13 00:46:22,619 - INFO - Pan Angle: -20.79, Tilt Angle: -6.66
2025-03-13 00:46:22,856 - INFO - Time: 1741826782.86s | Pan Error: 0.80, Tilt Error: 0.22
2025-03-13 00:46:22,859 - INFO - Pan Angle: -21.33, Tilt Angle: -6.66
2025-03-13 00:46:23,043 - INFO - Time: 1741826783.04s | Pan Error: 0.75, Tilt Error: 0.21
2025-03-13 00:46:23,046 - INFO - Pan Angle: -21.87, Tilt Angle: -6.66
2025-03-13 00:46:23,323 - INFO - Time: 1741826783.32s | Pan Error: 0.75, Tilt Error: 0.24
2025-03-13 00:46:23,324 - INFO - Pan Angle: -22.41, Tilt Angle: -6.66
2025-03-13 00:46:23,604 - INFO - Time: 1741826783.60s | Pan Error: 0.75, Tilt Error: 0.21
2025-03-13 00:46:23,605 - INFO - Pan Angle: -22.95, Tilt Angle: -6.66
2025-03-13 00:46:23,760 - INFO - Time: 1741826783.76s | Pan Error: -2.14, Tilt Error: 1.26
2025-03-13 00:46:23,763 - INFO - Pan Angle: -22.14, Tilt Angle: -6.12
2025-03-13 00:46:23,990 - INFO - Time: 1741826783.99s | Pan Error: -1.04, Tilt Error: 0.32
2025-03-13 00:46:23,992 - INFO - Pan Angle: -21.87, Tilt Angle: -6.12
2025-03-13 00:46:24,203 - INFO - Time: 1741826784.20s | Pan Error: -1.02, Tilt Error: 0.30
2025-03-13 00:46:24,206 - INFO - Pan Angle: -21.6, Tilt Angle: -6.12
2025-03-13 00:46:24,389 - INFO - Time: 1741826784.39s | Pan Error: -1.09, Tilt Error: 0.32
2025-03-13 00:46:24,390 - INFO - Pan Angle: -21.06, Tilt Angle: -6.12
2025-03-13 00:46:24,555 - INFO - Time: 1741826784.56s | Pan Error: -1.02, Tilt Error: 0.31
2025-03-13 00:46:24,556 - INFO - Pan Angle: -20.79, Tilt Angle: -6.12
2025-03-13 00:46:24,777 - INFO - Time: 1741826784.78s | Pan Error: -1.02, Tilt Error: 0.31
2025-03-13 00:46:24,778 - INFO - Pan Angle: -20.52, Tilt Angle: -6.12
2025-03-13 00:46:24,915 - INFO - Time: 1741826784.92s | Pan Error: -0.48, Tilt Error: 0.25
2025-03-13 00:46:24,916 - INFO - Pan Angle: -20.52, Tilt Angle: -6.12
2025-03-13 00:46:25,193 - INFO - Time: 1741826785.19s | Pan Error: -0.43, Tilt Error: 0.27
2025-03-13 00:46:25,194 - INFO - Pan Angle: -20.52, Tilt Angle: -6.12
2025-03-13 00:46:25,340 - INFO - Time: 1741826785.34s | Pan Error: -0.42, Tilt Error: 0.27
2025-03-13 00:46:25,341 - INFO - Pan Angle: -20.52, Tilt Angle: -6.12
2025-03-13 00:46:25,492 - INFO - Time: 1741826785.49s | Pan Error: -0.42, Tilt Error: 0.28
2025-03-13 00:46:25,496 - INFO - Pan Angle: -20.52, Tilt Angle: -6.12
2025-03-13 00:46:25,698 - INFO - Time: 1741826785.70s | Pan Error: -0.47, Tilt Error: 0.28
2025-03-13 00:46:25,699 - INFO - Pan Angle: -20.52, Tilt Angle: -6.12
2025-03-13 00:46:25,841 - INFO - Time: 1741826785.84s | Pan Error: -0.43, Tilt Error: 0.27
2025-03-13 00:46:25,842 - INFO - Pan Angle: -20.52, Tilt Angle: -6.12
2025-03-13 00:46:26,123 - INFO - Time: 1741826786.12s | Pan Error: -0.43, Tilt Error: 0.27
2025-03-13 00:46:26,125 - INFO - Pan Angle: -20.52, Tilt Angle: -6.12
2025-03-13 00:46:26,269 - INFO - Time: 1741826786.27s | Pan Error: -0.43, Tilt Error: 0.27
2025-03-13 00:46:26,270 - INFO - Pan Angle: -20.52, Tilt Angle: -6.12
2025-03-13 00:46:26,551 - INFO - Time: 1741826786.55s | Pan Error: -0.43, Tilt Error: 0.27
2025-03-13 00:46:26,552 - INFO - Pan Angle: -20.52, Tilt Angle: -6.12
2025-03-13 00:46:26,810 - INFO - Time: 1741826786.81s | Pan Error: -0.42, Tilt Error: 0.27
2025-03-13 00:46:26,811 - INFO - Pan Angle: -20.52, Tilt Angle: -6.12
2025-03-13 00:46:27,067 - INFO - Time: 1741826787.07s | Pan Error: -0.43, Tilt Error: 0.27
2025-03-13 00:46:27,070 - INFO - Pan Angle: -20.52, Tilt Angle: -6.12
2025-03-13 00:46:27,248 - INFO - Time: 1741826787.25s | Pan Error: -0.43, Tilt Error: 0.27
2025-03-13 00:46:27,250 - INFO - Pan Angle: -20.52, Tilt Angle: -6.12
2025-03-13 00:46:27,434 - INFO - Time: 1741826787.43s | Pan Error: -0.42, Tilt Error: 0.27
2025-03-13 00:46:27,437 - INFO - Pan Angle: -20.52, Tilt Angle: -6.12
2025-03-13 00:46:27,610 - INFO - Time: 1741826787.61s | Pan Error: -0.43, Tilt Error: 0.27
2025-03-13 00:46:27,611 - INFO - Pan Angle: -20.52, Tilt Angle: -6.12
2025-03-13 00:46:27,783 - INFO - Time: 1741826787.78s | Pan Error: -0.43, Tilt Error: 0.27
2025-03-13 00:46:27,785 - INFO - Pan Angle: -20.52, Tilt Angle: -6.12
2025-03-13 00:46:27,945 - INFO - Time: 1741826787.95s | Pan Error: -0.43, Tilt Error: 0.27
2025-03-13 00:46:27,946 - INFO - Pan Angle: -20.52, Tilt Angle: -6.12
2025-03-13 00:46:28,162 - INFO - Time: 1741826788.16s | Pan Error: -0.42, Tilt Error: 0.28
2025-03-13 00:46:28,164 - INFO - Pan Angle: -20.52, Tilt Angle: -6.12
2025-03-13 00:46:28,380 - INFO - Time: 1741826788.38s | Pan Error: -0.43, Tilt Error: 0.27
2025-03-13 00:46:28,381 - INFO - Pan Angle: -20.52, Tilt Angle: -6.12
2025-03-13 00:46:28,511 - INFO - Time: 1741826788.51s | Pan Error: -0.43, Tilt Error: 0.27
2025-03-13 00:46:28,513 - INFO - Pan Angle: -20.52, Tilt Angle: -6.12
2025-03-13 00:46:28,709 - INFO - Time: 1741826788.71s | Pan Error: -0.47, Tilt Error: 0.28
2025-03-13 00:46:28,710 - INFO - Pan Angle: -20.52, Tilt Angle: -6.12
2025-03-13 00:46:28,743 - INFO - Stream stats - Frame: 5700, Size: 187394 bytes, Clients: 1
2025-03-13 00:46:28,910 - INFO - Time: 1741826788.91s | Pan Error: -0.43, Tilt Error: 0.27
2025-03-13 00:46:28,911 - INFO - Pan Angle: -20.52, Tilt Angle: -6.12
2025-03-13 00:46:29,043 - INFO - Time: 1741826789.04s | Pan Error: -0.42, Tilt Error: 0.27
2025-03-13 00:46:29,045 - INFO - Pan Angle: -20.52, Tilt Angle: -6.12
2025-03-13 00:46:29,501 - INFO - Time: 1741826789.50s | Pan Error: -0.51, Tilt Error: 0.27
2025-03-13 00:46:29,504 - INFO - Pan Angle: -20.52, Tilt Angle: -6.12
2025-03-13 00:46:29,679 - INFO - Time: 1741826789.68s | Pan Error: -1.08, Tilt Error: 0.28
2025-03-13 00:46:29,682 - INFO - Pan Angle: -19.98, Tilt Angle: -6.12
2025-03-13 00:46:29,871 - INFO - Time: 1741826789.87s | Pan Error: -2.12, Tilt Error: 0.33
2025-03-13 00:46:29,872 - INFO - Pan Angle: -19.17, Tilt Angle: -6.12
2025-03-13 00:46:30,082 - INFO - Time: 1741826790.08s | Pan Error: -4.01, Tilt Error: 0.38
2025-03-13 00:46:30,083 - INFO - Pan Angle: -17.28, Tilt Angle: -5.94
2025-03-13 00:46:30,764 - INFO - Time: 1741826790.76s | Pan Error: -5.51, Tilt Error: 0.47
2025-03-13 00:46:30,765 - INFO - Pan Angle: -14.58, Tilt Angle: -5.76
2025-03-13 00:46:30,950 - INFO - Time: 1741826790.95s | Pan Error: -6.40, Tilt Error: 0.52
2025-03-13 00:46:30,951 - INFO - Pan Angle: -11.61, Tilt Angle: -5.58
2025-03-13 00:46:31,228 - INFO - Time: 1741826791.23s | Pan Error: -7.28, Tilt Error: 0.59
2025-03-13 00:46:31,230 - INFO - Pan Angle: -8.1, Tilt Angle: -5.4
2025-03-13 00:46:31,678 - INFO - Time: 1741826791.68s | Pan Error: -1.14, Tilt Error: 0.24
2025-03-13 00:46:31,680 - INFO - Pan Angle: -7.56, Tilt Angle: -5.4
2025-03-13 00:46:31,898 - INFO - Time: 1741826791.90s | Pan Error: -0.87, Tilt Error: 0.24
2025-03-13 00:46:31,901 - INFO - Pan Angle: -7.29, Tilt Angle: -5.4
2025-03-13 00:46:32,092 - INFO - Time: 1741826792.09s | Pan Error: -1.23, Tilt Error: 0.24
2025-03-13 00:46:32,094 - INFO - Pan Angle: -6.75, Tilt Angle: -5.4
2025-03-13 00:46:32,304 - INFO - Time: 1741826792.30s | Pan Error: -1.37, Tilt Error: 0.25
2025-03-13 00:46:32,305 - INFO - Pan Angle: -6.21, Tilt Angle: -5.4
2025-03-13 00:46:32,439 - INFO - Time: 1741826792.44s | Pan Error: -1.74, Tilt Error: 0.38
2025-03-13 00:46:32,440 - INFO - Pan Angle: -5.4, Tilt Angle: -5.22
2025-03-13 00:46:32,661 - INFO - Time: 1741826792.66s | Pan Error: -2.26, Tilt Error: 0.41
2025-03-13 00:46:32,662 - INFO - Pan Angle: -4.32, Tilt Angle: -5.04
2025-03-13 00:46:33,186 - INFO - Time: 1741826793.19s | Pan Error: -2.32, Tilt Error: 0.40
2025-03-13 00:46:33,187 - INFO - Pan Angle: -3.24, Tilt Angle: -4.86
2025-03-13 00:46:33,334 - INFO - Time: 1741826793.33s | Pan Error: -2.07, Tilt Error: 0.38
2025-03-13 00:46:33,336 - INFO - Pan Angle: -2.43, Tilt Angle: -4.68
2025-03-13 00:46:33,564 - INFO - Time: 1741826793.56s | Pan Error: -0.13, Tilt Error: -0.23
2025-03-13 00:46:33,569 - INFO - Pan Angle: -2.43, Tilt Angle: -4.86
2025-03-13 00:46:33,847 - INFO - Time: 1741826793.85s | Pan Error: 1.92, Tilt Error: -0.35
2025-03-13 00:46:33,852 - INFO - Pan Angle: -3.51, Tilt Angle: -5.04
2025-03-13 00:46:34,041 - INFO - Time: 1741826794.04s | Pan Error: 1.86, Tilt Error: -0.34
2025-03-13 00:46:34,041 - INFO - Pan Angle: -4.59, Tilt Angle: -5.22
2025-03-13 00:46:34,200 - INFO - Time: 1741826794.20s | Pan Error: 2.35, Tilt Error: -0.71
2025-03-13 00:46:34,201 - INFO - Pan Angle: -5.94, Tilt Angle: -5.58
2025-03-13 00:46:34,356 - INFO - Time: 1741826794.36s | Pan Error: 3.49, Tilt Error: -2.23
2025-03-13 00:46:34,357 - INFO - Pan Angle: -7.83, Tilt Angle: -6.84
2025-03-13 00:46:34,622 - INFO - Time: 1741826794.62s | Pan Error: 4.16, Tilt Error: -3.78
2025-03-13 00:46:34,627 - INFO - Pan Angle: -9.99, Tilt Angle: -8.82
2025-03-13 00:46:34,869 - INFO - Time: 1741826794.87s | Pan Error: 2.79, Tilt Error: -7.50
2025-03-13 00:46:34,871 - INFO - Pan Angle: -11.61, Tilt Angle: -12.6
2025-03-13 00:46:35,107 - INFO - Time: 1741826795.11s | Pan Error: 1.11, Tilt Error: -9.45
2025-03-13 00:46:35,109 - INFO - Pan Angle: -12.42, Tilt Angle: -17.46
2025-03-13 00:46:35,336 - INFO - Time: 1741826795.34s | Pan Error: -0.34, Tilt Error: -7.95
2025-03-13 00:46:35,338 - INFO - Pan Angle: -12.42, Tilt Angle: -21.6
2025-03-13 00:46:35,555 - INFO - Time: 1741826795.55s | Pan Error: -0.68, Tilt Error: -4.54
2025-03-13 00:46:35,557 - INFO - Pan Angle: -12.15, Tilt Angle: -23.94
2025-03-13 00:46:35,810 - INFO - Time: 1741826795.81s | Pan Error: -0.42, Tilt Error: -1.63
2025-03-13 00:46:35,811 - INFO - Pan Angle: -12.15, Tilt Angle: -24.84
2025-03-13 00:46:35,989 - INFO - Time: 1741826795.99s | Pan Error: -0.24, Tilt Error: -0.89
2025-03-13 00:46:35,993 - INFO - Pan Angle: -12.15, Tilt Angle: -25.38
2025-03-13 00:46:36,555 - INFO - Time: 1741826796.56s | Pan Error: 0.16, Tilt Error: -3.39
2025-03-13 00:46:36,559 - INFO - Pan Angle: -12.42, Tilt Angle: -27.18
2025-03-13 00:46:36,746 - INFO - Time: 1741826796.75s | Pan Error: 0.48, Tilt Error: -4.36
2025-03-13 00:46:36,749 - INFO - Pan Angle: -12.69, Tilt Angle: -29.52
2025-03-13 00:46:36,939 - INFO - Time: 1741826796.94s | Pan Error: 0.76, Tilt Error: -2.94
2025-03-13 00:46:36,940 - INFO - Pan Angle: -13.23, Tilt Angle: -31.14
2025-03-13 00:46:37,157 - INFO - Time: 1741826797.16s | Pan Error: 0.92, Tilt Error: -1.87
2025-03-13 00:46:37,163 - INFO - Pan Angle: -13.77, Tilt Angle: -32.22
2025-03-13 00:46:37,345 - INFO - Time: 1741826797.35s | Pan Error: 1.11, Tilt Error: -1.19
2025-03-13 00:46:37,346 - INFO - Pan Angle: -14.58, Tilt Angle: -32.94
2025-03-13 00:46:37,549 - INFO - Time: 1741826797.55s | Pan Error: 1.24, Tilt Error: -0.83
2025-03-13 00:46:37,550 - INFO - Pan Angle: -15.39, Tilt Angle: -33.48
2025-03-13 00:46:37,681 - INFO - Time: 1741826797.68s | Pan Error: 1.34, Tilt Error: -0.84
2025-03-13 00:46:37,682 - INFO - Pan Angle: -16.2, Tilt Angle: -34.02
2025-03-13 00:46:37,912 - INFO - Time: 1741826797.91s | Pan Error: -0.44, Tilt Error: -0.91
2025-03-13 00:46:37,913 - INFO - Pan Angle: -16.2, Tilt Angle: -34.56
2025-03-13 00:46:38,111 - INFO - Time: 1741826798.11s | Pan Error: -1.84, Tilt Error: -1.76
2025-03-13 00:46:38,111 - INFO - Pan Angle: -15.39, Tilt Angle: -35.46
2025-03-13 00:46:38,303 - INFO - Time: 1741826798.30s | Pan Error: -1.74, Tilt Error: -1.65
2025-03-13 00:46:38,304 - INFO - Pan Angle: -14.58, Tilt Angle: -36.36
2025-03-13 00:46:38,577 - INFO - Time: 1741826798.58s | Pan Error: -1.56, Tilt Error: -1.80
2025-03-13 00:46:38,578 - INFO - Pan Angle: -14.04, Tilt Angle: -37.26
2025-03-13 00:46:38,723 - INFO - Time: 1741826798.72s | Pan Error: -1.74, Tilt Error: -2.67
2025-03-13 00:46:38,724 - INFO - Pan Angle: -13.23, Tilt Angle: -38.7
2025-03-13 00:46:38,848 - INFO - Stream stats - Frame: 6000, Size: 175619 bytes, Clients: 1
2025-03-13 00:46:38,877 - INFO - Time: 1741826798.88s | Pan Error: -1.91, Tilt Error: -2.93
2025-03-13 00:46:38,878 - INFO - Pan Angle: -12.42, Tilt Angle: -40.32
2025-03-13 00:46:39,107 - INFO - Time: 1741826799.11s | Pan Error: -2.01, Tilt Error: -2.43
2025-03-13 00:46:39,108 - INFO - Pan Angle: -11.61, Tilt Angle: -41.58
2025-03-13 00:46:39,243 - INFO - Time: 1741826799.24s | Pan Error: -1.89, Tilt Error: -1.58
2025-03-13 00:46:39,243 - INFO - Pan Angle: -10.8, Tilt Angle: -42.48
2025-03-13 00:46:39,431 - INFO - Time: 1741826799.43s | Pan Error: -1.73, Tilt Error: 0.30
2025-03-13 00:46:39,432 - INFO - Pan Angle: -9.99, Tilt Angle: -42.48
2025-03-13 00:46:39,583 - INFO - Time: 1741826799.58s | Pan Error: 0.39, Tilt Error: 3.09
2025-03-13 00:46:39,585 - INFO - Pan Angle: -10.26, Tilt Angle: -41.04
2025-03-13 00:46:39,850 - INFO - Time: 1741826799.85s | Pan Error: 1.48, Tilt Error: 5.48
2025-03-13 00:46:39,851 - INFO - Pan Angle: -11.07, Tilt Angle: -38.34
2025-03-13 00:46:40,044 - INFO - Time: 1741826800.04s | Pan Error: 0.99, Tilt Error: 10.57
2025-03-13 00:46:40,045 - INFO - Pan Angle: -11.61, Tilt Angle: -33.12
2025-03-13 00:46:40,206 - INFO - Time: 1741826800.21s | Pan Error: 0.11, Tilt Error: 12.36
2025-03-13 00:46:40,208 - INFO - Pan Angle: -11.88, Tilt Angle: -27.0
2025-03-13 00:46:40,410 - INFO - Time: 1741826800.41s | Pan Error: -0.57, Tilt Error: 8.41
2025-03-13 00:46:40,412 - INFO - Pan Angle: -11.61, Tilt Angle: -22.86
2025-03-13 00:46:40,580 - INFO - Time: 1741826800.58s | Pan Error: -1.28, Tilt Error: 5.15
2025-03-13 00:46:40,582 - INFO - Pan Angle: -11.07, Tilt Angle: -20.34
2025-03-13 00:46:40,778 - INFO - Time: 1741826800.78s | Pan Error: -2.03, Tilt Error: 4.47
2025-03-13 00:46:40,779 - INFO - Pan Angle: -10.26, Tilt Angle: -18.18
2025-03-13 00:46:40,995 - INFO - Time: 1741826801.00s | Pan Error: -2.83, Tilt Error: 6.90
2025-03-13 00:46:40,996 - INFO - Pan Angle: -8.91, Tilt Angle: -14.76
2025-03-13 00:46:41,134 - INFO - Time: 1741826801.13s | Pan Error: -2.66, Tilt Error: 8.68
2025-03-13 00:46:41,135 - INFO - Pan Angle: -7.83, Tilt Angle: -10.44
2025-03-13 00:46:41,271 - INFO - Time: 1741826801.27s | Pan Error: -2.45, Tilt Error: 7.70
2025-03-13 00:46:41,272 - INFO - Pan Angle: -6.75, Tilt Angle: -6.66
2025-03-13 00:46:41,467 - INFO - Time: 1741826801.47s | Pan Error: -2.73, Tilt Error: 4.96
2025-03-13 00:46:41,468 - INFO - Pan Angle: -5.4, Tilt Angle: -4.32
2025-03-13 00:46:41,621 - INFO - Time: 1741826801.62s | Pan Error: -0.85, Tilt Error: 1.82
2025-03-13 00:46:41,624 - INFO - Pan Angle: -5.13, Tilt Angle: -3.42
2025-03-13 00:46:41,798 - INFO - Time: 1741826801.80s | Pan Error: 0.81, Tilt Error: -0.58
2025-03-13 00:46:41,800 - INFO - Pan Angle: -5.67, Tilt Angle: -3.78
2025-03-13 00:46:41,987 - INFO - Time: 1741826801.99s | Pan Error: 1.22, Tilt Error: -1.49
2025-03-13 00:46:41,988 - INFO - Pan Angle: -6.48, Tilt Angle: -4.68
2025-03-13 00:46:42,252 - INFO - Time: 1741826802.25s | Pan Error: 1.09, Tilt Error: -1.48
2025-03-13 00:46:42,254 - INFO - Pan Angle: -7.29, Tilt Angle: -5.58
2025-03-13 00:46:42,395 - INFO - Time: 1741826802.40s | Pan Error: 1.06, Tilt Error: -1.47
2025-03-13 00:46:42,396 - INFO - Pan Angle: -7.83, Tilt Angle: -6.48
2025-03-13 00:46:42,653 - INFO - Time: 1741826802.65s | Pan Error: 1.06, Tilt Error: -1.50
2025-03-13 00:46:42,656 - INFO - Pan Angle: -8.37, Tilt Angle: -7.38
2025-03-13 00:46:42,829 - INFO - Time: 1741826802.83s | Pan Error: 1.11, Tilt Error: -0.40
2025-03-13 00:46:42,833 - INFO - Pan Angle: -9.18, Tilt Angle: -7.74
2025-03-13 00:46:43,025 - INFO - Time: 1741826803.03s | Pan Error: 0.96, Tilt Error: 0.33
2025-03-13 00:46:43,028 - INFO - Pan Angle: -9.72, Tilt Angle: -7.74
2025-03-13 00:46:43,213 - INFO - Time: 1741826803.21s | Pan Error: 0.93, Tilt Error: 0.89
2025-03-13 00:46:43,214 - INFO - Pan Angle: -10.26, Tilt Angle: -7.38
2025-03-13 00:46:43,371 - INFO - Time: 1741826803.37s | Pan Error: 0.95, Tilt Error: 0.97
2025-03-13 00:46:43,373 - INFO - Pan Angle: -10.8, Tilt Angle: -7.02
2025-03-13 00:46:43,538 - INFO - Time: 1741826803.54s | Pan Error: 0.87, Tilt Error: 0.97
2025-03-13 00:46:43,540 - INFO - Pan Angle: -11.34, Tilt Angle: -6.66
2025-03-13 00:46:43,800 - INFO - Time: 1741826803.80s | Pan Error: -1.24, Tilt Error: 1.06
2025-03-13 00:46:43,801 - INFO - Pan Angle: -10.8, Tilt Angle: -6.3
2025-03-13 00:46:44,002 - INFO - Time: 1741826804.00s | Pan Error: -2.09, Tilt Error: 1.11
2025-03-13 00:46:44,003 - INFO - Pan Angle: -9.99, Tilt Angle: -5.76
2025-03-13 00:46:44,135 - INFO - Time: 1741826804.14s | Pan Error: -2.11, Tilt Error: 1.11
2025-03-13 00:46:44,136 - INFO - Pan Angle: -9.18, Tilt Angle: -5.22
2025-03-13 00:46:44,336 - INFO - Time: 1741826804.34s | Pan Error: -2.09, Tilt Error: 1.11
2025-03-13 00:46:44,337 - INFO - Pan Angle: -8.37, Tilt Angle: -4.68
2025-03-13 00:46:44,666 - INFO - Time: 1741826804.67s | Pan Error: -2.13, Tilt Error: 0.40
2025-03-13 00:46:44,667 - INFO - Pan Angle: -7.56, Tilt Angle: -4.5
2025-03-13 00:46:44,891 - INFO - Time: 1741826804.89s | Pan Error: -2.13, Tilt Error: -0.12
2025-03-13 00:46:44,893 - INFO - Pan Angle: -6.75, Tilt Angle: -4.68
2025-03-13 00:46:45,151 - INFO - Time: 1741826805.15s | Pan Error: -1.61, Tilt Error: -0.43
2025-03-13 00:46:45,154 - INFO - Pan Angle: -6.21, Tilt Angle: -5.04
2025-03-13 00:46:45,383 - INFO - Time: 1741826805.38s | Pan Error: -1.51, Tilt Error: -0.38
2025-03-13 00:46:45,386 - INFO - Pan Angle: -5.67, Tilt Angle: -5.4
2025-03-13 00:46:45,656 - INFO - Time: 1741826805.66s | Pan Error: -1.51, Tilt Error: -0.37
2025-03-13 00:46:45,658 - INFO - Pan Angle: -5.13, Tilt Angle: -5.76
2025-03-13 00:46:45,842 - INFO - Time: 1741826805.84s | Pan Error: -1.51, Tilt Error: -0.38
2025-03-13 00:46:45,844 - INFO - Pan Angle: -4.59, Tilt Angle: -6.12
2025-03-13 00:46:46,128 - INFO - Time: 1741826806.13s | Pan Error: 0.70, Tilt Error: -0.51
2025-03-13 00:46:46,131 - INFO - Pan Angle: -5.13, Tilt Angle: -6.48
2025-03-13 00:46:46,371 - INFO - Time: 1741826806.37s | Pan Error: 0.91, Tilt Error: -0.49
2025-03-13 00:46:46,372 - INFO - Pan Angle: -5.67, Tilt Angle: -6.84
2025-03-13 00:46:46,459 - INFO - Camera stopped
2025-03-13 00:46:46,608 - INFO - Time: 1741826806.61s | Pan Error: 0.90, Tilt Error: -0.49
2025-03-13 00:46:46,610 - INFO - Pan Angle: -6.21, Tilt Angle: -7.2
