2025-03-07 03:21:41,436 - INFO - Logging system initialized.
2025-03-07 03:21:41,437 - INFO - 
Pan and Tilt Mechanism: 
Current Date: 2025-03-07_03-21-41

------------------------- Running Parameters -------------------------
Pan Servo: Pin 17, PID Values: 
 KP: 0.5
 KI: 0.0
 KD: 0.5, Angle Range -135-135, Current Angle -0.0
Tilt Servo: Pin 27, PID Values: 
 KP: 0.75
 KI: 0.0
 KD: 1.5, Angle Range -90-90, Current Angle -0.0

Tracking Point: False
--------------------------------------------------

2025-03-07 03:21:41,465 - INFO - Initialization successful.
2025-03-07 03:21:41,466 - INFO - Camera now open.
2025-03-07 03:21:41,470 - INFO - Camera configuration has been adjusted!
2025-03-07 03:21:41,472 - INFO - Configuration successful!
2025-03-07 03:21:41,517 - INFO - Camera started
2025-03-07 03:21:41,532 - INFO - [31m[1mWARNING: This is a development server. Do not use it in a production deployment. Use a production WSGI server instead.[0m
 * Running on all addresses (0.0.0.0)
 * Running on http://127.0.0.1:5000
 * Running on http://172.20.10.4:5000
2025-03-07 03:21:41,532 - INFO - [33mPress CTRL+C to quit[0m
2025-03-07 03:21:41,712 - INFO - Stream stats - Frame: 0, Size: 186184 bytes, Clients: 0
2025-03-07 03:21:43,277 - INFO - 172.20.10.2 - - [07/Mar/2025 03:21:43] "GET / HTTP/1.1" 200 -
2025-03-07 03:21:43,350 - INFO - Client connected. Total clients: 1
2025-03-07 03:21:43,482 - INFO - 172.20.10.2 - - [07/Mar/2025 03:21:43] "GET /video_feed HTTP/1.1" 200 -
2025-03-07 03:21:44,089 - INFO - Time: 1741317704.09s | Pan Error: -17.28, Tilt Error: 0.06
2025-03-07 03:21:44,089 - INFO - Pan Angle: 20.52, Tilt Angle: -0.0
2025-03-07 03:21:45,045 - INFO - Time: 1741317705.05s | Pan Error: -11.61, Tilt Error: -14.27
2025-03-07 03:21:45,046 - INFO - Pan Angle: 24.57, Tilt Angle: -23.76
2025-03-07 03:21:45,176 - INFO - Time: 1741317705.18s | Pan Error: -12.15, Tilt Error: -17.07
2025-03-07 03:21:45,176 - INFO - Pan Angle: 30.78, Tilt Angle: -39.06
2025-03-07 03:21:45,419 - INFO - Time: 1741317705.42s | Pan Error: -12.74, Tilt Error: 18.04
2025-03-07 03:21:45,420 - INFO - Pan Angle: 37.26, Tilt Angle: -0.0
2025-03-07 03:21:45,555 - INFO - Time: 1741317705.56s | Pan Error: -12.25, Tilt Error: 18.73
2025-03-07 03:21:45,556 - INFO - Pan Angle: 43.2, Tilt Angle: 14.4
2025-03-07 03:21:48,213 - INFO - Time: 1741317708.21s | Pan Error: 6.92, Tilt Error: -17.68
2025-03-07 03:21:48,214 - INFO - Pan Angle: 37.53, Tilt Angle: -10.26
2025-03-07 03:21:48,399 - INFO - Time: 1741317708.40s | Pan Error: 9.60, Tilt Error: -14.57
2025-03-07 03:21:48,400 - INFO - Pan Angle: 32.4, Tilt Angle: -20.34
2025-03-07 03:21:48,522 - INFO - Time: 1741317708.52s | Pan Error: 9.79, Tilt Error: 11.79
2025-03-07 03:21:48,522 - INFO - Pan Angle: 27.27, Tilt Angle: -3.96
2025-03-07 03:21:48,879 - INFO - Time: 1741317708.88s | Pan Error: 10.10, Tilt Error: 5.01
2025-03-07 03:21:48,880 - INFO - Pan Angle: 22.14, Tilt Angle: -2.16
2025-03-07 03:21:49,012 - INFO - Time: 1741317709.01s | Pan Error: 9.81, Tilt Error: 5.55
2025-03-07 03:21:49,013 - INFO - Pan Angle: 17.01, Tilt Angle: 1.98
2025-03-07 03:21:49,139 - INFO - Time: 1741317709.14s | Pan Error: 9.69, Tilt Error: 3.88
2025-03-07 03:21:49,140 - INFO - Pan Angle: 12.15, Tilt Angle: 4.32
2025-03-07 03:21:49,262 - INFO - Time: 1741317709.26s | Pan Error: 9.66, Tilt Error: -0.50
2025-03-07 03:21:49,262 - INFO - Pan Angle: 7.29, Tilt Angle: 2.7
2025-03-07 03:21:49,515 - INFO - Time: 1741317709.52s | Pan Error: 9.65, Tilt Error: -3.15
2025-03-07 03:21:49,515 - INFO - Pan Angle: 2.43, Tilt Angle: -0.36
2025-03-07 03:21:49,640 - INFO - Time: 1741317709.64s | Pan Error: 9.62, Tilt Error: -3.37
2025-03-07 03:21:49,640 - INFO - Pan Angle: -2.43, Tilt Angle: -3.06
2025-03-07 03:21:49,770 - INFO - Time: 1741317709.77s | Pan Error: 9.60, Tilt Error: -0.61
2025-03-07 03:21:49,771 - INFO - Pan Angle: -7.29, Tilt Angle: -2.88
2025-03-07 03:21:49,902 - INFO - Time: 1741317709.90s | Pan Error: 9.53, Tilt Error: 2.50
2025-03-07 03:21:49,903 - INFO - Pan Angle: -12.15, Tilt Angle: -0.36
2025-03-07 03:21:50,028 - INFO - Time: 1741317710.03s | Pan Error: 9.60, Tilt Error: 2.34
2025-03-07 03:21:50,030 - INFO - Pan Angle: -17.01, Tilt Angle: 1.26
2025-03-07 03:21:50,149 - INFO - Time: 1741317710.15s | Pan Error: 9.53, Tilt Error: 1.27
2025-03-07 03:21:50,150 - INFO - Pan Angle: -21.87, Tilt Angle: 1.8
2025-03-07 03:21:50,274 - INFO - Time: 1741317710.27s | Pan Error: 9.43, Tilt Error: -0.22
2025-03-07 03:21:50,276 - INFO - Pan Angle: -26.73, Tilt Angle: 1.26
2025-03-07 03:21:50,417 - INFO - Time: 1741317710.42s | Pan Error: 9.40, Tilt Error: -1.37
2025-03-07 03:21:50,418 - INFO - Pan Angle: -31.59, Tilt Angle: -0.18
2025-03-07 03:21:50,544 - INFO - Time: 1741317710.54s | Pan Error: 9.35, Tilt Error: -1.25
2025-03-07 03:21:50,545 - INFO - Pan Angle: -36.45, Tilt Angle: -1.26
2025-03-07 03:21:50,697 - INFO - Time: 1741317710.70s | Pan Error: 9.23, Tilt Error: -1.34
2025-03-07 03:21:50,698 - INFO - Pan Angle: -41.31, Tilt Angle: -2.34
2025-03-07 03:21:50,821 - INFO - Time: 1741317710.82s | Pan Error: 7.20, Tilt Error: -2.60
2025-03-07 03:21:50,822 - INFO - Pan Angle: -44.82, Tilt Angle: -4.68
2025-03-07 03:21:50,948 - INFO - Time: 1741317710.95s | Pan Error: 4.84, Tilt Error: -4.33
2025-03-07 03:21:50,950 - INFO - Pan Angle: -47.25, Tilt Angle: -8.28
2025-03-07 03:21:51,082 - INFO - Time: 1741317711.08s | Pan Error: 3.23, Tilt Error: -4.90
2025-03-07 03:21:51,084 - INFO - Pan Angle: -48.87, Tilt Angle: -12.24
2025-03-07 03:21:51,208 - INFO - Time: 1741317711.21s | Pan Error: 2.54, Tilt Error: -3.46
2025-03-07 03:21:51,208 - INFO - Pan Angle: -50.22, Tilt Angle: -14.58
2025-03-07 03:21:51,343 - INFO - Time: 1741317711.34s | Pan Error: 2.28, Tilt Error: 1.15
2025-03-07 03:21:51,344 - INFO - Pan Angle: -51.57, Tilt Angle: -12.96
2025-03-07 03:21:51,474 - INFO - Time: 1741317711.47s | Pan Error: 2.38, Tilt Error: 2.66
2025-03-07 03:21:51,475 - INFO - Pan Angle: -52.92, Tilt Angle: -10.8
2025-03-07 03:21:51,603 - INFO - Time: 1741317711.60s | Pan Error: 2.35, Tilt Error: 2.46
2025-03-07 03:21:51,604 - INFO - Pan Angle: -54.27, Tilt Angle: -9.0
2025-03-07 03:21:51,726 - INFO - Time: 1741317711.73s | Pan Error: 2.25, Tilt Error: -1.15
2025-03-07 03:21:51,727 - INFO - Pan Angle: -55.62, Tilt Angle: -10.62
2025-03-07 03:21:51,849 - INFO - Time: 1741317711.85s | Pan Error: 1.94, Tilt Error: -5.95
2025-03-07 03:21:51,850 - INFO - Pan Angle: -56.7, Tilt Angle: -16.02
2025-03-07 03:21:52,216 - INFO - Time: 1741317712.22s | Pan Error: -0.53, Tilt Error: -10.62
2025-03-07 03:21:52,217 - INFO - Pan Angle: -56.43, Tilt Angle: -24.84
2025-03-07 03:21:52,350 - INFO - Time: 1741317712.35s | Pan Error: -1.15, Tilt Error: -13.77
2025-03-07 03:21:52,351 - INFO - Pan Angle: -55.89, Tilt Angle: -35.82
2025-03-07 03:21:52,485 - INFO - Time: 1741317712.48s | Pan Error: -1.63, Tilt Error: -7.66
2025-03-07 03:21:52,486 - INFO - Pan Angle: -55.08, Tilt Angle: -40.68
2025-03-07 03:21:52,716 - INFO - Time: 1741317712.72s | Pan Error: -1.87, Tilt Error: 10.15
2025-03-07 03:21:52,717 - INFO - Pan Angle: -54.27, Tilt Angle: -30.24
2025-03-07 03:21:52,844 - INFO - Time: 1741317712.84s | Pan Error: -1.67, Tilt Error: 11.10
2025-03-07 03:21:52,845 - INFO - Pan Angle: -53.46, Tilt Angle: -21.78
2025-03-07 03:21:53,232 - INFO - Time: 1741317713.23s | Pan Error: -1.44, Tilt Error: -7.81
2025-03-07 03:21:53,233 - INFO - Pan Angle: -52.92, Tilt Angle: -30.6
2025-03-07 03:21:53,318 - INFO - Stream stats - Frame: 300, Size: 167497 bytes, Clients: 1
2025-03-07 03:21:53,360 - INFO - Time: 1741317713.36s | Pan Error: -1.41, Tilt Error: -7.92
2025-03-07 03:21:53,361 - INFO - Pan Angle: -52.38, Tilt Angle: -36.72
2025-03-07 03:21:53,607 - INFO - Time: 1741317713.61s | Pan Error: -1.26, Tilt Error: 5.51
2025-03-07 03:21:53,608 - INFO - Pan Angle: -51.84, Tilt Angle: -30.78
2025-03-07 03:21:53,726 - INFO - Time: 1741317713.73s | Pan Error: -1.18, Tilt Error: 6.30
2025-03-07 03:21:53,726 - INFO - Pan Angle: -51.3, Tilt Angle: -26.1
2025-03-07 03:21:53,850 - INFO - Time: 1741317713.85s | Pan Error: -1.17, Tilt Error: 3.02
2025-03-07 03:21:53,851 - INFO - Pan Angle: -50.76, Tilt Angle: -24.48
2025-03-07 03:21:54,091 - INFO - Time: 1741317714.09s | Pan Error: -1.10, Tilt Error: -4.42
2025-03-07 03:21:54,091 - INFO - Pan Angle: -50.22, Tilt Angle: -28.98
2025-03-07 03:21:54,222 - INFO - Time: 1741317714.22s | Pan Error: -1.13, Tilt Error: -4.73
2025-03-07 03:21:54,224 - INFO - Pan Angle: -49.68, Tilt Angle: -32.58
2025-03-07 03:21:54,354 - INFO - Time: 1741317714.35s | Pan Error: -1.09, Tilt Error: -2.44
2025-03-07 03:21:54,355 - INFO - Pan Angle: -49.14, Tilt Angle: -34.2
2025-03-07 03:21:54,478 - INFO - Time: 1741317714.48s | Pan Error: -1.08, Tilt Error: 0.80
2025-03-07 03:21:54,479 - INFO - Pan Angle: -48.87, Tilt Angle: -33.3
2025-03-07 03:21:54,604 - INFO - Time: 1741317714.60s | Pan Error: -1.06, Tilt Error: 2.85
2025-03-07 03:21:54,605 - INFO - Pan Angle: -48.6, Tilt Angle: -30.96
2025-03-07 03:21:54,732 - INFO - Time: 1741317714.73s | Pan Error: -1.03, Tilt Error: 3.08
2025-03-07 03:21:54,733 - INFO - Pan Angle: -48.33, Tilt Angle: -28.8
2025-03-07 03:21:55,087 - INFO - Time: 1741317715.09s | Pan Error: -1.22, Tilt Error: -0.69
2025-03-07 03:21:55,088 - INFO - Pan Angle: -47.79, Tilt Angle: -29.88
2025-03-07 03:21:55,224 - INFO - Time: 1741317715.22s | Pan Error: -1.23, Tilt Error: -0.67
2025-03-07 03:21:55,225 - INFO - Pan Angle: -47.25, Tilt Angle: -30.42
2025-03-07 03:21:55,348 - INFO - Time: 1741317715.35s | Pan Error: -1.25, Tilt Error: -0.64
2025-03-07 03:21:55,349 - INFO - Pan Angle: -46.71, Tilt Angle: -30.96
2025-03-07 03:21:55,474 - INFO - Time: 1741317715.47s | Pan Error: -1.20, Tilt Error: -0.67
2025-03-07 03:21:55,475 - INFO - Pan Angle: -46.17, Tilt Angle: -31.5
2025-03-07 03:21:56,318 - INFO - Time: 1741317716.32s | Pan Error: -1.70, Tilt Error: -2.73
2025-03-07 03:21:56,319 - INFO - Pan Angle: -45.36, Tilt Angle: -33.84
2025-03-07 03:21:56,444 - INFO - Time: 1741317716.44s | Pan Error: -2.70, Tilt Error: -4.94
2025-03-07 03:21:56,445 - INFO - Pan Angle: -44.01, Tilt Angle: -37.8
2025-03-07 03:21:56,569 - INFO - Time: 1741317716.57s | Pan Error: -3.30, Tilt Error: -4.85
2025-03-07 03:21:56,570 - INFO - Pan Angle: -42.39, Tilt Angle: -41.58
2025-03-07 03:21:56,818 - INFO - Time: 1741317716.82s | Pan Error: -4.42, Tilt Error: -1.58
2025-03-07 03:21:56,819 - INFO - Pan Angle: -40.23, Tilt Angle: -42.48
2025-03-07 03:21:56,941 - INFO - Time: 1741317716.94s | Pan Error: -4.28, Tilt Error: -1.81
2025-03-07 03:21:56,942 - INFO - Pan Angle: -38.34, Tilt Angle: -43.92
2025-03-07 03:21:57,070 - INFO - Time: 1741317717.07s | Pan Error: -4.26, Tilt Error: -1.58
2025-03-07 03:21:57,071 - INFO - Pan Angle: -36.45, Tilt Angle: -45.18
2025-03-07 03:21:57,221 - INFO - Time: 1741317717.22s | Pan Error: -4.24, Tilt Error: -0.53
2025-03-07 03:21:57,222 - INFO - Pan Angle: -34.56, Tilt Angle: -45.54
2025-03-07 03:21:57,587 - INFO - Time: 1741317717.59s | Pan Error: -4.57, Tilt Error: 0.16
2025-03-07 03:21:57,588 - INFO - Pan Angle: -32.4, Tilt Angle: -45.36
2025-03-07 03:21:57,711 - INFO - Time: 1741317717.71s | Pan Error: -4.62, Tilt Error: 0.15
2025-03-07 03:21:57,712 - INFO - Pan Angle: -30.24, Tilt Angle: -45.36
2025-03-07 03:21:57,846 - INFO - Time: 1741317717.85s | Pan Error: -4.62, Tilt Error: -0.04
2025-03-07 03:21:57,847 - INFO - Pan Angle: -28.08, Tilt Angle: -45.54
2025-03-07 03:21:57,975 - INFO - Time: 1741317717.97s | Pan Error: -4.60, Tilt Error: 0.03
2025-03-07 03:21:57,976 - INFO - Pan Angle: -25.92, Tilt Angle: -45.54
2025-03-07 03:21:58,105 - INFO - Time: 1741317718.11s | Pan Error: -4.68, Tilt Error: 0.24
2025-03-07 03:21:58,106 - INFO - Pan Angle: -23.76, Tilt Angle: -45.36
2025-03-07 03:21:58,236 - INFO - Time: 1741317718.24s | Pan Error: -4.65, Tilt Error: 0.44
2025-03-07 03:21:58,236 - INFO - Pan Angle: -21.6, Tilt Angle: -45.18
2025-03-07 03:21:58,372 - INFO - Time: 1741317718.37s | Pan Error: -4.74, Tilt Error: 0.88
2025-03-07 03:21:58,373 - INFO - Pan Angle: -19.44, Tilt Angle: -44.64
2025-03-07 03:21:58,497 - INFO - Time: 1741317718.50s | Pan Error: -4.74, Tilt Error: 1.76
2025-03-07 03:21:58,498 - INFO - Pan Angle: -17.28, Tilt Angle: -43.38
2025-03-07 03:21:58,630 - INFO - Time: 1741317718.63s | Pan Error: -4.17, Tilt Error: 4.24
2025-03-07 03:21:58,631 - INFO - Pan Angle: -15.39, Tilt Angle: -39.96
2025-03-07 03:21:58,759 - INFO - Time: 1741317718.76s | Pan Error: -3.22, Tilt Error: 7.21
2025-03-07 03:21:58,761 - INFO - Pan Angle: -14.04, Tilt Angle: -34.38
2025-03-07 03:21:58,883 - INFO - Time: 1741317718.88s | Pan Error: -2.59, Tilt Error: 6.70
2025-03-07 03:21:58,883 - INFO - Pan Angle: -12.96, Tilt Angle: -29.52
2025-03-07 03:21:59,011 - INFO - Time: 1741317719.01s | Pan Error: -1.68, Tilt Error: 3.99
2025-03-07 03:21:59,012 - INFO - Pan Angle: -12.15, Tilt Angle: -26.82
2025-03-07 03:21:59,275 - INFO - Time: 1741317719.28s | Pan Error: -1.66, Tilt Error: -1.42
2025-03-07 03:21:59,276 - INFO - Pan Angle: -11.34, Tilt Angle: -28.44
2025-03-07 03:21:59,753 - INFO - Time: 1741317719.75s | Pan Error: -0.96, Tilt Error: 11.19
2025-03-07 03:21:59,754 - INFO - Pan Angle: -11.07, Tilt Angle: -18.9
2025-03-07 03:21:59,946 - INFO - Time: 1741317719.95s | Pan Error: -0.85, Tilt Error: 14.28
2025-03-07 03:21:59,947 - INFO - Pan Angle: -10.8, Tilt Angle: -7.92
2025-03-07 03:22:00,092 - INFO - Time: 1741317720.09s | Pan Error: -0.31, Tilt Error: 9.51
2025-03-07 03:22:00,093 - INFO - Pan Angle: -10.8, Tilt Angle: -1.26
2025-03-07 03:22:00,251 - INFO - Time: 1741317720.25s | Pan Error: 0.30, Tilt Error: 1.30
2025-03-07 03:22:00,252 - INFO - Pan Angle: -11.07, Tilt Angle: -1.08
2025-03-07 03:22:00,390 - INFO - Time: 1741317720.39s | Pan Error: 1.60, Tilt Error: -4.22
2025-03-07 03:22:00,391 - INFO - Pan Angle: -12.15, Tilt Angle: -4.86
2025-03-07 03:22:00,529 - INFO - Time: 1741317720.53s | Pan Error: 2.15, Tilt Error: -3.40
2025-03-07 03:22:00,530 - INFO - Pan Angle: -13.5, Tilt Angle: -7.38
2025-03-07 03:22:00,671 - INFO - Time: 1741317720.67s | Pan Error: 2.29, Tilt Error: -2.19
2025-03-07 03:22:00,672 - INFO - Pan Angle: -14.85, Tilt Angle: -9.0
2025-03-07 03:22:00,804 - INFO - Time: 1741317720.80s | Pan Error: 2.11, Tilt Error: 0.81
2025-03-07 03:22:00,805 - INFO - Pan Angle: -15.93, Tilt Angle: -8.28
2025-03-07 03:22:00,924 - INFO - Time: 1741317720.92s | Pan Error: 2.05, Tilt Error: 2.42
2025-03-07 03:22:00,925 - INFO - Pan Angle: -17.01, Tilt Angle: -6.48
2025-03-07 03:22:01,076 - INFO - Time: 1741317721.08s | Pan Error: 1.98, Tilt Error: 2.26
2025-03-07 03:22:01,077 - INFO - Pan Angle: -18.09, Tilt Angle: -4.86
2025-03-07 03:22:01,214 - INFO - Time: 1741317721.21s | Pan Error: 1.85, Tilt Error: 0.89
2025-03-07 03:22:01,215 - INFO - Pan Angle: -19.17, Tilt Angle: -4.32
2025-03-07 03:22:01,380 - INFO - Time: 1741317721.38s | Pan Error: 1.67, Tilt Error: -0.51
2025-03-07 03:22:01,381 - INFO - Pan Angle: -20.25, Tilt Angle: -4.86
2025-03-07 03:22:01,522 - INFO - Time: 1741317721.52s | Pan Error: 1.62, Tilt Error: -1.50
2025-03-07 03:22:01,523 - INFO - Pan Angle: -21.06, Tilt Angle: -6.12
2025-03-07 03:22:01,645 - INFO - Time: 1741317721.65s | Pan Error: 1.52, Tilt Error: -2.09
2025-03-07 03:22:01,645 - INFO - Pan Angle: -21.87, Tilt Angle: -7.74
2025-03-07 03:22:01,785 - INFO - Time: 1741317721.79s | Pan Error: 1.69, Tilt Error: -4.59
2025-03-07 03:22:01,786 - INFO - Pan Angle: -22.95, Tilt Angle: -11.52
2025-03-07 03:22:01,922 - INFO - Time: 1741317721.92s | Pan Error: 2.05, Tilt Error: -5.28
2025-03-07 03:22:01,923 - INFO - Pan Angle: -24.03, Tilt Angle: -15.66
2025-03-07 03:22:02,054 - INFO - Time: 1741317722.05s | Pan Error: 2.44, Tilt Error: -3.84
2025-03-07 03:22:02,055 - INFO - Pan Angle: -25.38, Tilt Angle: -18.54
2025-03-07 03:22:02,182 - INFO - Time: 1741317722.18s | Pan Error: 2.40, Tilt Error: 0.00
2025-03-07 03:22:02,183 - INFO - Pan Angle: -26.73, Tilt Angle: -18.36
2025-03-07 03:22:02,453 - INFO - Time: 1741317722.45s | Pan Error: 2.47, Tilt Error: 4.05
2025-03-07 03:22:02,454 - INFO - Pan Angle: -28.08, Tilt Angle: -15.12
2025-03-07 03:22:02,590 - INFO - Time: 1741317722.59s | Pan Error: 2.61, Tilt Error: 4.39
2025-03-07 03:22:02,593 - INFO - Pan Angle: -29.43, Tilt Angle: -11.88
2025-03-07 03:22:02,719 - INFO - Time: 1741317722.72s | Pan Error: 2.65, Tilt Error: 2.44
2025-03-07 03:22:02,720 - INFO - Pan Angle: -30.78, Tilt Angle: -10.26
2025-03-07 03:22:03,220 - INFO - Time: 1741317723.22s | Pan Error: -0.04, Tilt Error: -10.05
2025-03-07 03:22:03,221 - INFO - Pan Angle: -30.78, Tilt Angle: -18.9
2025-03-07 03:22:03,302 - INFO - Stream stats - Frame: 600, Size: 177607 bytes, Clients: 1
2025-03-07 03:22:03,394 - INFO - Time: 1741317723.39s | Pan Error: -0.77, Tilt Error: -12.87
2025-03-07 03:22:03,396 - INFO - Pan Angle: -30.51, Tilt Angle: -28.8
2025-03-07 03:22:03,898 - INFO - Time: 1741317723.90s | Pan Error: -0.26, Tilt Error: 5.10
2025-03-07 03:22:03,899 - INFO - Pan Angle: -30.51, Tilt Angle: -23.76
2025-03-07 03:22:04,034 - INFO - Time: 1741317724.03s | Pan Error: 0.24, Tilt Error: 6.77
2025-03-07 03:22:04,035 - INFO - Pan Angle: -30.78, Tilt Angle: -18.72
2025-03-07 03:22:04,408 - INFO - Time: 1741317724.41s | Pan Error: 2.42, Tilt Error: 4.26
2025-03-07 03:22:04,408 - INFO - Pan Angle: -32.13, Tilt Angle: -15.84
2025-03-07 03:22:04,796 - INFO - Time: 1741317724.80s | Pan Error: 3.89, Tilt Error: 4.99
2025-03-07 03:22:04,797 - INFO - Pan Angle: -34.29, Tilt Angle: -12.06
2025-03-07 03:22:04,920 - INFO - Time: 1741317724.92s | Pan Error: 3.89, Tilt Error: 5.16
2025-03-07 03:22:04,921 - INFO - Pan Angle: -36.45, Tilt Angle: -8.28
2025-03-07 03:22:05,304 - INFO - Time: 1741317725.30s | Pan Error: 4.67, Tilt Error: -0.14
2025-03-07 03:22:05,304 - INFO - Pan Angle: -38.88, Tilt Angle: -8.82
2025-03-07 03:22:05,440 - INFO - Time: 1741317725.44s | Pan Error: 5.24, Tilt Error: 0.43
2025-03-07 03:22:05,441 - INFO - Pan Angle: -41.58, Tilt Angle: -8.46
2025-03-07 03:22:05,573 - INFO - Time: 1741317725.57s | Pan Error: 6.27, Tilt Error: 1.48
2025-03-07 03:22:05,574 - INFO - Pan Angle: -44.82, Tilt Angle: -7.38
2025-03-07 03:22:05,703 - INFO - Time: 1741317725.70s | Pan Error: 6.84, Tilt Error: 2.10
2025-03-07 03:22:05,704 - INFO - Pan Angle: -48.33, Tilt Angle: -5.94
2025-03-07 03:22:05,836 - INFO - Time: 1741317725.84s | Pan Error: 7.17, Tilt Error: 1.52
2025-03-07 03:22:05,837 - INFO - Pan Angle: -52.11, Tilt Angle: -4.86
2025-03-07 03:22:05,995 - INFO - Time: 1741317726.00s | Pan Error: 7.62, Tilt Error: 0.37
2025-03-07 03:22:05,996 - INFO - Pan Angle: -56.16, Tilt Angle: -4.68
2025-03-07 03:22:06,129 - INFO - Time: 1741317726.13s | Pan Error: 8.59, Tilt Error: 0.00
2025-03-07 03:22:06,131 - INFO - Pan Angle: -60.48, Tilt Angle: -4.86
2025-03-07 03:22:06,273 - INFO - Time: 1741317726.27s | Pan Error: 9.49, Tilt Error: 1.52
2025-03-07 03:22:06,274 - INFO - Pan Angle: -65.34, Tilt Angle: -3.78
2025-03-07 03:22:06,409 - INFO - Time: 1741317726.41s | Pan Error: 10.17, Tilt Error: 2.88
2025-03-07 03:22:06,410 - INFO - Pan Angle: -70.47, Tilt Angle: -1.62
2025-03-07 03:22:06,541 - INFO - Time: 1741317726.54s | Pan Error: 10.31, Tilt Error: 2.57
2025-03-07 03:22:06,542 - INFO - Pan Angle: -75.87, Tilt Angle: 0.18
2025-03-07 03:22:06,680 - INFO - Time: 1741317726.68s | Pan Error: 10.17, Tilt Error: 0.98
2025-03-07 03:22:06,681 - INFO - Pan Angle: -81.0, Tilt Angle: 0.72
2025-03-07 03:22:06,813 - INFO - Time: 1741317726.81s | Pan Error: 10.01, Tilt Error: -0.15
2025-03-07 03:22:06,814 - INFO - Pan Angle: -86.13, Tilt Angle: 0.36
2025-03-07 03:22:06,944 - INFO - Time: 1741317726.94s | Pan Error: 10.07, Tilt Error: -0.79
2025-03-07 03:22:06,944 - INFO - Pan Angle: -91.26, Tilt Angle: -0.36
2025-03-07 03:22:07,079 - INFO - Time: 1741317727.08s | Pan Error: 10.05, Tilt Error: -0.17
2025-03-07 03:22:07,080 - INFO - Pan Angle: -96.39, Tilt Angle: -0.54
2025-03-07 03:22:07,877 - INFO - Time: 1741317727.88s | Pan Error: -0.16, Tilt Error: -18.34
2025-03-07 03:22:07,878 - INFO - Pan Angle: -96.12, Tilt Angle: -15.48
2025-03-07 03:22:08,415 - INFO - Time: 1741317728.42s | Pan Error: -1.16, Tilt Error: -4.10
2025-03-07 03:22:08,416 - INFO - Pan Angle: -95.58, Tilt Angle: -17.82
2025-03-07 03:22:08,577 - INFO - Time: 1741317728.58s | Pan Error: -1.06, Tilt Error: -4.10
2025-03-07 03:22:08,578 - INFO - Pan Angle: -95.31, Tilt Angle: -21.06
2025-03-07 03:22:08,740 - INFO - Time: 1741317728.74s | Pan Error: -0.97, Tilt Error: -1.93
2025-03-07 03:22:08,741 - INFO - Pan Angle: -95.04, Tilt Angle: -22.5
2025-03-07 03:22:08,989 - INFO - Time: 1741317728.99s | Pan Error: -1.05, Tilt Error: 2.10
2025-03-07 03:22:08,989 - INFO - Pan Angle: -94.77, Tilt Angle: -20.7
2025-03-07 03:22:09,773 - INFO - Time: 1741317729.77s | Pan Error: -1.17, Tilt Error: 2.63
2025-03-07 03:22:09,774 - INFO - Pan Angle: -94.23, Tilt Angle: -18.72
2025-03-07 03:22:11,572 - INFO - Time: 1741317731.57s | Pan Error: 7.47, Tilt Error: 16.59
2025-03-07 03:22:11,572 - INFO - Pan Angle: -98.28, Tilt Angle: -5.58
2025-03-07 03:22:11,715 - INFO - Time: 1741317731.72s | Pan Error: 3.21, Tilt Error: 9.59
2025-03-07 03:22:11,716 - INFO - Pan Angle: -99.9, Tilt Angle: 1.08
2025-03-07 03:22:12,155 - INFO - Time: 1741317732.15s | Pan Error: 2.42, Tilt Error: -13.53
2025-03-07 03:22:12,157 - INFO - Pan Angle: -101.25, Tilt Angle: -10.44
2025-03-07 03:22:12,291 - INFO - Time: 1741317732.29s | Pan Error: 2.42, Tilt Error: -13.65
2025-03-07 03:22:12,292 - INFO - Pan Angle: -102.6, Tilt Angle: -20.7
2025-03-07 03:22:12,428 - INFO - Time: 1741317732.43s | Pan Error: 2.02, Tilt Error: -3.61
2025-03-07 03:22:12,429 - INFO - Pan Angle: -103.68, Tilt Angle: -23.04
2025-03-07 03:22:12,569 - INFO - Time: 1741317732.57s | Pan Error: 2.25, Tilt Error: 5.91
2025-03-07 03:22:12,570 - INFO - Pan Angle: -105.03, Tilt Angle: -18.18
2025-03-07 03:22:12,833 - INFO - Time: 1741317732.83s | Pan Error: 2.21, Tilt Error: 6.67
2025-03-07 03:22:12,834 - INFO - Pan Angle: -106.38, Tilt Angle: -13.14
2025-03-07 03:22:12,970 - INFO - Time: 1741317732.97s | Pan Error: 2.16, Tilt Error: 6.07
2025-03-07 03:22:12,971 - INFO - Pan Angle: -107.46, Tilt Angle: -8.64
2025-03-07 03:22:13,151 - INFO - Time: 1741317733.15s | Pan Error: 2.23, Tilt Error: 1.07
2025-03-07 03:22:13,152 - INFO - Pan Angle: -108.81, Tilt Angle: -8.1
2025-03-07 03:22:13,296 - INFO - Time: 1741317733.30s | Pan Error: 2.21, Tilt Error: -3.64
2025-03-07 03:22:13,297 - INFO - Pan Angle: -110.16, Tilt Angle: -11.16
2025-03-07 03:22:13,308 - INFO - Stream stats - Frame: 900, Size: 204877 bytes, Clients: 1
2025-03-07 03:22:13,434 - INFO - Time: 1741317733.43s | Pan Error: 2.12, Tilt Error: -4.88
2025-03-07 03:22:13,436 - INFO - Pan Angle: -111.24, Tilt Angle: -14.94
2025-03-07 03:22:13,577 - INFO - Time: 1741317733.58s | Pan Error: 2.03, Tilt Error: -3.53
2025-03-07 03:22:13,578 - INFO - Pan Angle: -112.32, Tilt Angle: -17.64
2025-03-07 03:22:13,713 - INFO - Time: 1741317733.71s | Pan Error: 2.01, Tilt Error: 0.12
2025-03-07 03:22:13,714 - INFO - Pan Angle: -113.4, Tilt Angle: -17.46
2025-03-07 03:22:13,856 - INFO - Time: 1741317733.86s | Pan Error: 1.92, Tilt Error: 3.11
2025-03-07 03:22:13,860 - INFO - Pan Angle: -114.48, Tilt Angle: -15.12
2025-03-07 03:22:14,020 - INFO - Time: 1741317734.02s | Pan Error: 1.89, Tilt Error: 3.70
2025-03-07 03:22:14,023 - INFO - Pan Angle: -115.56, Tilt Angle: -12.42
2025-03-07 03:22:14,212 - INFO - Time: 1741317734.21s | Pan Error: 1.83, Tilt Error: 2.77
2025-03-07 03:22:14,213 - INFO - Pan Angle: -116.64, Tilt Angle: -10.44
2025-03-07 03:22:14,344 - INFO - Time: 1741317734.34s | Pan Error: 1.73, Tilt Error: 0.42
2025-03-07 03:22:14,344 - INFO - Pan Angle: -117.72, Tilt Angle: -10.26
2025-03-07 03:22:14,479 - INFO - Time: 1741317734.48s | Pan Error: 1.65, Tilt Error: -2.01
2025-03-07 03:22:14,479 - INFO - Pan Angle: -118.8, Tilt Angle: -12.06
2025-03-07 03:22:14,656 - INFO - Time: 1741317734.66s | Pan Error: 1.66, Tilt Error: -2.88
2025-03-07 03:22:14,657 - INFO - Pan Angle: -119.88, Tilt Angle: -14.4
2025-03-07 03:22:14,790 - INFO - Time: 1741317734.79s | Pan Error: 1.68, Tilt Error: -2.97
2025-03-07 03:22:14,791 - INFO - Pan Angle: -120.96, Tilt Angle: -16.74
2025-03-07 03:22:14,919 - INFO - Time: 1741317734.92s | Pan Error: 1.68, Tilt Error: -0.54
2025-03-07 03:22:14,920 - INFO - Pan Angle: -122.04, Tilt Angle: -17.1
2025-03-07 03:22:15,063 - INFO - Time: 1741317735.06s | Pan Error: 1.75, Tilt Error: 1.93
2025-03-07 03:22:15,064 - INFO - Pan Angle: -123.12, Tilt Angle: -15.66
2025-03-07 03:22:15,199 - INFO - Time: 1741317735.20s | Pan Error: 1.79, Tilt Error: 2.64
2025-03-07 03:22:15,199 - INFO - Pan Angle: -124.2, Tilt Angle: -13.68
2025-03-07 03:22:15,336 - INFO - Time: 1741317735.34s | Pan Error: 1.81, Tilt Error: 2.72
2025-03-07 03:22:15,337 - INFO - Pan Angle: -125.28, Tilt Angle: -11.7
2025-03-07 03:22:15,484 - INFO - Time: 1741317735.48s | Pan Error: 1.80, Tilt Error: 1.12
2025-03-07 03:22:15,486 - INFO - Pan Angle: -126.36, Tilt Angle: -10.98
2025-03-07 03:22:15,634 - INFO - Time: 1741317735.63s | Pan Error: 1.75, Tilt Error: -1.01
2025-03-07 03:22:15,635 - INFO - Pan Angle: -127.44, Tilt Angle: -11.88
2025-03-07 03:22:15,783 - INFO - Time: 1741317735.78s | Pan Error: 1.64, Tilt Error: -1.81
2025-03-07 03:22:15,785 - INFO - Pan Angle: -128.52, Tilt Angle: -13.32
2025-03-07 03:22:15,920 - INFO - Time: 1741317735.92s | Pan Error: 1.52, Tilt Error: -1.89
2025-03-07 03:22:15,921 - INFO - Pan Angle: -129.33, Tilt Angle: -14.76
2025-03-07 03:22:16,061 - INFO - Time: 1741317736.06s | Pan Error: 1.43, Tilt Error: -1.90
2025-03-07 03:22:16,062 - INFO - Pan Angle: -130.14, Tilt Angle: -16.2
2025-03-07 03:22:16,220 - INFO - Time: 1741317736.22s | Pan Error: 1.39, Tilt Error: -0.27
2025-03-07 03:22:16,221 - INFO - Pan Angle: -130.95, Tilt Angle: -16.38
2025-03-07 03:22:16,352 - INFO - Time: 1741317736.35s | Pan Error: 1.41, Tilt Error: 1.08
2025-03-07 03:22:16,354 - INFO - Pan Angle: -131.76, Tilt Angle: -15.66
2025-03-07 03:22:16,491 - INFO - Time: 1741317736.49s | Pan Error: 1.39, Tilt Error: 1.41
2025-03-07 03:22:16,492 - INFO - Pan Angle: -132.57, Tilt Angle: -14.76
2025-03-07 03:22:16,625 - INFO - Time: 1741317736.63s | Pan Error: 1.48, Tilt Error: 1.52
2025-03-07 03:22:16,625 - INFO - Pan Angle: -133.38, Tilt Angle: -13.68
2025-03-07 03:22:16,758 - INFO - Time: 1741317736.76s | Pan Error: 1.54, Tilt Error: 1.60
2025-03-07 03:22:16,759 - INFO - Pan Angle: -134.19, Tilt Angle: -12.6
2025-03-07 03:22:16,899 - INFO - Time: 1741317736.90s | Pan Error: 1.52, Tilt Error: 1.01
2025-03-07 03:22:16,900 - INFO - Pan Angle: -135.0, Tilt Angle: -11.88
2025-03-07 03:22:17,031 - INFO - Time: 1741317737.03s | Pan Error: 1.54, Tilt Error: -0.29
2025-03-07 03:22:17,032 - INFO - Pan Angle: -135.0, Tilt Angle: -12.24
2025-03-07 03:22:17,171 - INFO - Time: 1741317737.17s | Pan Error: 1.56, Tilt Error: -0.67
2025-03-07 03:22:17,172 - INFO - Pan Angle: -135.0, Tilt Angle: -12.78
2025-03-07 03:22:17,314 - INFO - Time: 1741317737.31s | Pan Error: 1.45, Tilt Error: -0.88
2025-03-07 03:22:17,315 - INFO - Pan Angle: -135.0, Tilt Angle: -13.5
2025-03-07 03:22:17,742 - INFO - Time: 1741317737.74s | Pan Error: -2.60, Tilt Error: -13.65
2025-03-07 03:22:17,743 - INFO - Pan Angle: -133.65, Tilt Angle: -24.3
2025-03-07 03:22:17,885 - INFO - Time: 1741317737.89s | Pan Error: -2.69, Tilt Error: -14.44
2025-03-07 03:22:17,887 - INFO - Pan Angle: -132.57, Tilt Angle: -35.28
2025-03-07 03:22:18,028 - INFO - Time: 1741317738.03s | Pan Error: -2.63, Tilt Error: -4.29
2025-03-07 03:22:18,028 - INFO - Pan Angle: -131.49, Tilt Angle: -38.16
2025-03-07 03:22:18,162 - INFO - Time: 1741317738.16s | Pan Error: -2.64, Tilt Error: 7.98
2025-03-07 03:22:18,163 - INFO - Pan Angle: -130.41, Tilt Angle: -31.68
2025-03-07 03:22:18,327 - INFO - Time: 1741317738.33s | Pan Error: -2.59, Tilt Error: 11.67
2025-03-07 03:22:18,331 - INFO - Pan Angle: -129.33, Tilt Angle: -22.86
2025-03-07 03:22:18,770 - INFO - Time: 1741317738.77s | Pan Error: -2.76, Tilt Error: -1.99
2025-03-07 03:22:18,771 - INFO - Pan Angle: -127.98, Tilt Angle: -25.02
2025-03-07 03:22:18,908 - INFO - Time: 1741317738.91s | Pan Error: -2.79, Tilt Error: -2.07
2025-03-07 03:22:18,909 - INFO - Pan Angle: -126.63, Tilt Angle: -26.64
2025-03-07 03:22:19,041 - INFO - Time: 1741317739.04s | Pan Error: -2.79, Tilt Error: -2.01
2025-03-07 03:22:19,041 - INFO - Pan Angle: -125.28, Tilt Angle: -28.26
2025-03-07 03:22:19,296 - INFO - Time: 1741317739.30s | Pan Error: -2.81, Tilt Error: 1.80
2025-03-07 03:22:19,297 - INFO - Pan Angle: -123.93, Tilt Angle: -26.82
2025-03-07 03:22:19,436 - INFO - Time: 1741317739.44s | Pan Error: -2.86, Tilt Error: 1.84
2025-03-07 03:22:19,437 - INFO - Pan Angle: -122.58, Tilt Angle: -25.56
2025-03-07 03:22:19,600 - INFO - Time: 1741317739.60s | Pan Error: -2.84, Tilt Error: 1.77
2025-03-07 03:22:19,601 - INFO - Pan Angle: -121.23, Tilt Angle: -24.3
2025-03-07 03:22:21,451 - INFO - Time: 1741317741.45s | Pan Error: -2.74, Tilt Error: 1.34
2025-03-07 03:22:21,452 - INFO - Pan Angle: -119.88, Tilt Angle: -23.4
2025-03-07 03:22:21,592 - INFO - Time: 1741317741.59s | Pan Error: -2.72, Tilt Error: 1.34
2025-03-07 03:22:21,594 - INFO - Pan Angle: -118.53, Tilt Angle: -22.5
2025-03-07 03:22:21,865 - INFO - Time: 1741317741.87s | Pan Error: -2.82, Tilt Error: -1.13
2025-03-07 03:22:21,865 - INFO - Pan Angle: -117.18, Tilt Angle: -23.58
2025-03-07 03:22:22,042 - INFO - Time: 1741317742.04s | Pan Error: -2.85, Tilt Error: -1.34
2025-03-07 03:22:22,044 - INFO - Pan Angle: -115.83, Tilt Angle: -24.66
2025-03-07 03:22:22,200 - INFO - Time: 1741317742.20s | Pan Error: -2.82, Tilt Error: -1.41
2025-03-07 03:22:22,201 - INFO - Pan Angle: -114.48, Tilt Angle: -25.74
2025-03-07 03:22:22,344 - INFO - Time: 1741317742.34s | Pan Error: -2.72, Tilt Error: -1.46
2025-03-07 03:22:22,345 - INFO - Pan Angle: -113.13, Tilt Angle: -27.0
2025-03-07 03:22:23,293 - INFO - Stream stats - Frame: 1200, Size: 200032 bytes, Clients: 1
2025-03-07 03:22:24,497 - INFO - Time: 1741317744.50s | Pan Error: -2.70, Tilt Error: 1.39
2025-03-07 03:22:24,498 - INFO - Pan Angle: -111.78, Tilt Angle: -25.92
2025-03-07 03:22:24,667 - INFO - Time: 1741317744.67s | Pan Error: -2.67, Tilt Error: 1.98
2025-03-07 03:22:24,668 - INFO - Pan Angle: -110.7, Tilt Angle: -24.48
2025-03-07 03:22:24,935 - INFO - Time: 1741317744.94s | Pan Error: -2.34, Tilt Error: 3.03
2025-03-07 03:22:24,936 - INFO - Pan Angle: -109.62, Tilt Angle: -22.32
2025-03-07 03:22:25,079 - INFO - Time: 1741317745.08s | Pan Error: -2.24, Tilt Error: 3.38
2025-03-07 03:22:25,080 - INFO - Pan Angle: -108.54, Tilt Angle: -19.8
2025-03-07 03:22:25,242 - INFO - Time: 1741317745.24s | Pan Error: -2.04, Tilt Error: 0.64
2025-03-07 03:22:25,244 - INFO - Pan Angle: -107.73, Tilt Angle: -19.44
2025-03-07 03:22:25,435 - INFO - Time: 1741317745.44s | Pan Error: -1.89, Tilt Error: -1.40
2025-03-07 03:22:25,436 - INFO - Pan Angle: -106.92, Tilt Angle: -20.7
2025-03-07 03:22:25,579 - INFO - Time: 1741317745.58s | Pan Error: -2.67, Tilt Error: -0.99
2025-03-07 03:22:25,580 - INFO - Pan Angle: -105.84, Tilt Angle: -21.6
2025-03-07 03:22:25,995 - INFO - Time: 1741317746.00s | Pan Error: -5.73, Tilt Error: -0.35
2025-03-07 03:22:25,996 - INFO - Pan Angle: -103.14, Tilt Angle: -21.96
2025-03-07 03:22:26,133 - INFO - Time: 1741317746.13s | Pan Error: -7.55, Tilt Error: -1.46
2025-03-07 03:22:26,134 - INFO - Pan Angle: -99.36, Tilt Angle: -23.22
2025-03-07 03:22:26,284 - INFO - Time: 1741317746.28s | Pan Error: -7.86, Tilt Error: -1.42
2025-03-07 03:22:26,286 - INFO - Pan Angle: -95.58, Tilt Angle: -24.3
2025-03-07 03:22:26,426 - INFO - Time: 1741317746.43s | Pan Error: -7.47, Tilt Error: 0.37
2025-03-07 03:22:26,428 - INFO - Pan Angle: -92.07, Tilt Angle: -24.12
2025-03-07 03:22:26,565 - INFO - Time: 1741317746.57s | Pan Error: -7.04, Tilt Error: 1.06
2025-03-07 03:22:26,567 - INFO - Pan Angle: -88.56, Tilt Angle: -23.4
2025-03-07 03:22:26,785 - INFO - Time: 1741317746.78s | Pan Error: -6.74, Tilt Error: 1.13
2025-03-07 03:22:26,786 - INFO - Pan Angle: -85.32, Tilt Angle: -22.68
2025-03-07 03:22:26,949 - INFO - Time: 1741317746.95s | Pan Error: -6.41, Tilt Error: 1.11
2025-03-07 03:22:26,950 - INFO - Pan Angle: -82.35, Tilt Angle: -21.96
2025-03-07 03:22:27,082 - INFO - Time: 1741317747.08s | Pan Error: -6.52, Tilt Error: 0.90
2025-03-07 03:22:27,083 - INFO - Pan Angle: -79.11, Tilt Angle: -21.42
2025-03-07 03:22:27,218 - INFO - Time: 1741317747.22s | Pan Error: -6.65, Tilt Error: 0.76
2025-03-07 03:22:27,219 - INFO - Pan Angle: -75.87, Tilt Angle: -20.88
2025-03-07 03:22:27,359 - INFO - Time: 1741317747.36s | Pan Error: -6.69, Tilt Error: 0.40
2025-03-07 03:22:27,360 - INFO - Pan Angle: -72.63, Tilt Angle: -20.7
2025-03-07 03:22:27,497 - INFO - Time: 1741317747.50s | Pan Error: -6.69, Tilt Error: -0.01
2025-03-07 03:22:27,498 - INFO - Pan Angle: -69.39, Tilt Angle: -20.88
2025-03-07 03:22:27,634 - INFO - Time: 1741317747.63s | Pan Error: -6.96, Tilt Error: -1.26
2025-03-07 03:22:27,635 - INFO - Pan Angle: -66.15, Tilt Angle: -21.96
2025-03-07 03:22:27,792 - INFO - Time: 1741317747.79s | Pan Error: -7.71, Tilt Error: -2.75
2025-03-07 03:22:27,792 - INFO - Pan Angle: -62.37, Tilt Angle: -24.12
2025-03-07 03:22:27,930 - INFO - Time: 1741317747.93s | Pan Error: -8.73, Tilt Error: -4.30
2025-03-07 03:22:27,931 - INFO - Pan Angle: -58.05, Tilt Angle: -27.54
2025-03-07 03:22:28,105 - INFO - Time: 1741317748.11s | Pan Error: -9.34, Tilt Error: -3.03
2025-03-07 03:22:28,108 - INFO - Pan Angle: -53.46, Tilt Angle: -29.88
2025-03-07 03:22:28,283 - INFO - Time: 1741317748.28s | Pan Error: -9.37, Tilt Error: 1.67
2025-03-07 03:22:28,284 - INFO - Pan Angle: -48.87, Tilt Angle: -28.62
2025-03-07 03:22:28,418 - INFO - Time: 1741317748.42s | Pan Error: -9.13, Tilt Error: 4.16
2025-03-07 03:22:28,419 - INFO - Pan Angle: -44.55, Tilt Angle: -25.56
2025-03-07 03:22:28,551 - INFO - Time: 1741317748.55s | Pan Error: -8.96, Tilt Error: 4.34
2025-03-07 03:22:28,552 - INFO - Pan Angle: -40.23, Tilt Angle: -22.32
2025-03-07 03:22:28,685 - INFO - Time: 1741317748.69s | Pan Error: -8.85, Tilt Error: 2.00
2025-03-07 03:22:28,686 - INFO - Pan Angle: -35.91, Tilt Angle: -21.06
2025-03-07 03:22:28,820 - INFO - Time: 1741317748.82s | Pan Error: -8.67, Tilt Error: -1.86
2025-03-07 03:22:28,821 - INFO - Pan Angle: -31.59, Tilt Angle: -22.68
2025-03-07 03:22:28,960 - INFO - Time: 1741317748.96s | Pan Error: -8.46, Tilt Error: -2.77
2025-03-07 03:22:28,962 - INFO - Pan Angle: -27.54, Tilt Angle: -24.84
2025-03-07 03:22:29,100 - INFO - Time: 1741317749.10s | Pan Error: -8.39, Tilt Error: -2.67
2025-03-07 03:22:29,101 - INFO - Pan Angle: -23.49, Tilt Angle: -27.0
2025-03-07 03:22:29,253 - INFO - Time: 1741317749.25s | Pan Error: -8.39, Tilt Error: -0.68
2025-03-07 03:22:29,254 - INFO - Pan Angle: -19.44, Tilt Angle: -27.54
2025-03-07 03:22:29,391 - INFO - Time: 1741317749.39s | Pan Error: -8.45, Tilt Error: 1.76
2025-03-07 03:22:29,392 - INFO - Pan Angle: -15.39, Tilt Angle: -26.28
2025-03-07 03:22:29,519 - INFO - Time: 1741317749.52s | Pan Error: -8.25, Tilt Error: 2.93
2025-03-07 03:22:29,520 - INFO - Pan Angle: -11.34, Tilt Angle: -24.12
2025-03-07 03:22:29,661 - INFO - Time: 1741317749.66s | Pan Error: -7.50, Tilt Error: 3.71
2025-03-07 03:22:29,661 - INFO - Pan Angle: -7.83, Tilt Angle: -21.42
2025-03-07 03:22:29,795 - INFO - Time: 1741317749.80s | Pan Error: -6.56, Tilt Error: 3.13
2025-03-07 03:22:29,796 - INFO - Pan Angle: -4.59, Tilt Angle: -19.26
2025-03-07 03:22:29,932 - INFO - Time: 1741317749.93s | Pan Error: -6.37, Tilt Error: 0.36
2025-03-07 03:22:29,932 - INFO - Pan Angle: -1.62, Tilt Angle: -19.08
2025-03-07 03:22:30,070 - INFO - Time: 1741317750.07s | Pan Error: -6.01, Tilt Error: -2.41
2025-03-07 03:22:30,071 - INFO - Pan Angle: 1.35, Tilt Angle: -21.06
2025-03-07 03:22:30,208 - INFO - Time: 1741317750.21s | Pan Error: -5.85, Tilt Error: -2.68
2025-03-07 03:22:30,209 - INFO - Pan Angle: 4.05, Tilt Angle: -23.22
2025-03-07 03:22:30,357 - INFO - Time: 1741317750.36s | Pan Error: -5.62, Tilt Error: -2.30
2025-03-07 03:22:30,358 - INFO - Pan Angle: 6.75, Tilt Angle: -25.02
2025-03-07 03:22:30,499 - INFO - Time: 1741317750.50s | Pan Error: -5.26, Tilt Error: -0.09
2025-03-07 03:22:30,499 - INFO - Pan Angle: 9.18, Tilt Angle: -25.02
2025-03-07 03:22:30,635 - INFO - Time: 1741317750.64s | Pan Error: -4.96, Tilt Error: 1.45
2025-03-07 03:22:30,636 - INFO - Pan Angle: 11.61, Tilt Angle: -23.94
2025-03-07 03:22:30,777 - INFO - Time: 1741317750.78s | Pan Error: -4.25, Tilt Error: 1.05
2025-03-07 03:22:30,778 - INFO - Pan Angle: 13.5, Tilt Angle: -23.22
2025-03-07 03:22:31,372 - INFO - Time: 1741317751.37s | Pan Error: -1.20, Tilt Error: 2.30
2025-03-07 03:22:31,373 - INFO - Pan Angle: 14.04, Tilt Angle: -21.6
2025-03-07 03:22:31,571 - INFO - Time: 1741317751.57s | Pan Error: -0.75, Tilt Error: 2.30
2025-03-07 03:22:31,571 - INFO - Pan Angle: 14.31, Tilt Angle: -19.98
2025-03-07 03:22:31,704 - INFO - Time: 1741317751.70s | Pan Error: -0.68, Tilt Error: 1.30
2025-03-07 03:22:31,705 - INFO - Pan Angle: 14.58, Tilt Angle: -19.08
2025-03-07 03:22:31,848 - INFO - Time: 1741317751.85s | Pan Error: -0.79, Tilt Error: -0.22
2025-03-07 03:22:31,849 - INFO - Pan Angle: 14.85, Tilt Angle: -19.44
2025-03-07 03:22:31,989 - INFO - Time: 1741317751.99s | Pan Error: -0.93, Tilt Error: -1.14
2025-03-07 03:22:31,990 - INFO - Pan Angle: 15.12, Tilt Angle: -20.34
2025-03-07 03:22:32,126 - INFO - Time: 1741317752.13s | Pan Error: -1.14, Tilt Error: -0.80
2025-03-07 03:22:32,127 - INFO - Pan Angle: 15.66, Tilt Angle: -21.06
2025-03-07 03:22:32,269 - INFO - Time: 1741317752.27s | Pan Error: -1.31, Tilt Error: -0.75
2025-03-07 03:22:32,270 - INFO - Pan Angle: 16.2, Tilt Angle: -21.78
2025-03-07 03:22:32,413 - INFO - Time: 1741317752.41s | Pan Error: -1.45, Tilt Error: -0.86
2025-03-07 03:22:32,414 - INFO - Pan Angle: 16.74, Tilt Angle: -22.5
2025-03-07 03:22:32,749 - INFO - Time: 1741317752.75s | Pan Error: -1.63, Tilt Error: 0.01
2025-03-07 03:22:32,750 - INFO - Pan Angle: 17.55, Tilt Angle: -22.5
2025-03-07 03:22:32,892 - INFO - Time: 1741317752.89s | Pan Error: -1.70, Tilt Error: -0.07
2025-03-07 03:22:32,893 - INFO - Pan Angle: 18.36, Tilt Angle: -22.68
2025-03-07 03:22:33,056 - INFO - Time: 1741317753.06s | Pan Error: -1.73, Tilt Error: -0.02
2025-03-07 03:22:33,058 - INFO - Pan Angle: 19.17, Tilt Angle: -22.86
2025-03-07 03:22:33,217 - INFO - Time: 1741317753.22s | Pan Error: -1.84, Tilt Error: 0.46
2025-03-07 03:22:33,218 - INFO - Pan Angle: 19.98, Tilt Angle: -22.5
2025-03-07 03:22:33,305 - INFO - Stream stats - Frame: 1500, Size: 209938 bytes, Clients: 1
2025-03-07 03:22:33,363 - INFO - Time: 1741317753.36s | Pan Error: -1.90, Tilt Error: 0.40
2025-03-07 03:22:33,364 - INFO - Pan Angle: 20.79, Tilt Angle: -22.32
2025-03-07 03:22:33,509 - INFO - Time: 1741317753.51s | Pan Error: -1.97, Tilt Error: 0.14
2025-03-07 03:22:33,510 - INFO - Pan Angle: 21.6, Tilt Angle: -22.32
2025-03-07 03:22:34,091 - INFO - Time: 1741317754.09s | Pan Error: -2.06, Tilt Error: 0.15
2025-03-07 03:22:34,093 - INFO - Pan Angle: 22.41, Tilt Angle: -22.32
2025-03-07 03:22:34,256 - INFO - Time: 1741317754.26s | Pan Error: -1.97, Tilt Error: 0.14
2025-03-07 03:22:34,257 - INFO - Pan Angle: 23.22, Tilt Angle: -22.32
2025-03-07 03:22:34,408 - INFO - Time: 1741317754.41s | Pan Error: -1.80, Tilt Error: 0.26
2025-03-07 03:22:34,411 - INFO - Pan Angle: 24.03, Tilt Angle: -22.14
2025-03-07 03:22:34,569 - INFO - Time: 1741317754.57s | Pan Error: -1.77, Tilt Error: 0.18
2025-03-07 03:22:34,570 - INFO - Pan Angle: 24.84, Tilt Angle: -22.14
2025-03-07 03:22:34,757 - INFO - Time: 1741317754.76s | Pan Error: -1.80, Tilt Error: 0.26
2025-03-07 03:22:34,758 - INFO - Pan Angle: 25.65, Tilt Angle: -21.96
2025-03-07 03:22:35,005 - INFO - Time: 1741317755.01s | Pan Error: -1.89, Tilt Error: 0.35
2025-03-07 03:22:35,007 - INFO - Pan Angle: 26.46, Tilt Angle: -21.78
2025-03-07 03:22:35,143 - INFO - Time: 1741317755.14s | Pan Error: -2.03, Tilt Error: 0.29
2025-03-07 03:22:35,144 - INFO - Pan Angle: 27.27, Tilt Angle: -21.6
2025-03-07 03:22:35,297 - INFO - Time: 1741317755.30s | Pan Error: -2.02, Tilt Error: 0.44
2025-03-07 03:22:35,299 - INFO - Pan Angle: 28.08, Tilt Angle: -21.42
2025-03-07 03:22:35,735 - INFO - Time: 1741317755.74s | Pan Error: 1.74, Tilt Error: 11.01
2025-03-07 03:22:35,736 - INFO - Pan Angle: 27.0, Tilt Angle: -12.96
2025-03-07 03:22:35,872 - INFO - Time: 1741317755.87s | Pan Error: 2.35, Tilt Error: 12.12
2025-03-07 03:22:35,873 - INFO - Pan Angle: 25.65, Tilt Angle: -3.96
2025-03-07 03:22:36,146 - INFO - Time: 1741317756.15s | Pan Error: 2.09, Tilt Error: -4.62
2025-03-07 03:22:36,147 - INFO - Pan Angle: 24.57, Tilt Angle: -7.92
2025-03-07 03:22:36,283 - INFO - Time: 1741317756.28s | Pan Error: 1.90, Tilt Error: -5.55
2025-03-07 03:22:36,284 - INFO - Pan Angle: 23.49, Tilt Angle: -12.24
2025-03-07 03:22:36,669 - INFO - Time: 1741317756.67s | Pan Error: 1.92, Tilt Error: 0.76
2025-03-07 03:22:36,671 - INFO - Pan Angle: 22.41, Tilt Angle: -11.52
2025-03-07 03:22:36,809 - INFO - Time: 1741317756.81s | Pan Error: 1.92, Tilt Error: 1.01
2025-03-07 03:22:36,810 - INFO - Pan Angle: 21.33, Tilt Angle: -10.8
2025-03-07 03:22:36,941 - INFO - Time: 1741317756.94s | Pan Error: 1.90, Tilt Error: 0.90
2025-03-07 03:22:36,942 - INFO - Pan Angle: 20.25, Tilt Angle: -10.26
2025-03-07 03:22:37,072 - INFO - Time: 1741317757.07s | Pan Error: 1.87, Tilt Error: 0.93
2025-03-07 03:22:37,073 - INFO - Pan Angle: 19.17, Tilt Angle: -9.72
2025-03-07 03:22:37,204 - INFO - Time: 1741317757.20s | Pan Error: 1.80, Tilt Error: 0.15
2025-03-07 03:22:37,205 - INFO - Pan Angle: 18.09, Tilt Angle: -9.72
2025-03-07 03:22:37,406 - INFO - Time: 1741317757.41s | Pan Error: 1.74, Tilt Error: 0.03
2025-03-07 03:22:37,407 - INFO - Pan Angle: 17.01, Tilt Angle: -9.72
2025-03-07 03:22:37,652 - INFO - Time: 1741317757.65s | Pan Error: 1.69, Tilt Error: -0.09
2025-03-07 03:22:37,654 - INFO - Pan Angle: 15.93, Tilt Angle: -9.9
2025-03-07 03:22:37,827 - INFO - Time: 1741317757.83s | Pan Error: 1.70, Tilt Error: -0.14
2025-03-07 03:22:37,828 - INFO - Pan Angle: 14.85, Tilt Angle: -10.08
2025-03-07 03:22:37,961 - INFO - Time: 1741317757.96s | Pan Error: 1.68, Tilt Error: -0.16
2025-03-07 03:22:37,962 - INFO - Pan Angle: 13.77, Tilt Angle: -10.26
2025-03-07 03:22:38,096 - INFO - Time: 1741317758.10s | Pan Error: 1.69, Tilt Error: -0.16
2025-03-07 03:22:38,097 - INFO - Pan Angle: 12.69, Tilt Angle: -10.44
2025-03-07 03:22:38,232 - INFO - Time: 1741317758.23s | Pan Error: 1.45, Tilt Error: -1.00
2025-03-07 03:22:38,233 - INFO - Pan Angle: 11.88, Tilt Angle: -11.34
2025-03-07 03:22:38,644 - INFO - Time: 1741317758.64s | Pan Error: -1.71, Tilt Error: -14.35
2025-03-07 03:22:38,645 - INFO - Pan Angle: 12.69, Tilt Angle: -22.5
2025-03-07 03:22:38,800 - INFO - Time: 1741317758.80s | Pan Error: -1.85, Tilt Error: -15.20
2025-03-07 03:22:38,801 - INFO - Pan Angle: 13.5, Tilt Angle: -34.02
2025-03-07 03:22:38,937 - INFO - Time: 1741317758.94s | Pan Error: -2.15, Tilt Error: -3.85
2025-03-07 03:22:38,937 - INFO - Pan Angle: 14.31, Tilt Angle: -36.72
2025-03-07 03:22:39,067 - INFO - Time: 1741317759.07s | Pan Error: -2.24, Tilt Error: 8.53
2025-03-07 03:22:39,068 - INFO - Pan Angle: 15.39, Tilt Angle: -30.06
2025-03-07 03:22:39,198 - INFO - Time: 1741317759.20s | Pan Error: -2.19, Tilt Error: 12.02
2025-03-07 03:22:39,199 - INFO - Pan Angle: 16.47, Tilt Angle: -21.06
2025-03-07 03:22:39,331 - INFO - Time: 1741317759.33s | Pan Error: -2.27, Tilt Error: 7.10
2025-03-07 03:22:39,332 - INFO - Pan Angle: 17.55, Tilt Angle: -16.02
2025-03-07 03:22:39,511 - INFO - Time: 1741317759.51s | Pan Error: -2.19, Tilt Error: -1.44
2025-03-07 03:22:39,513 - INFO - Pan Angle: 18.63, Tilt Angle: -17.46
2025-03-07 03:22:39,687 - INFO - Time: 1741317759.69s | Pan Error: -2.07, Tilt Error: -7.83
2025-03-07 03:22:39,690 - INFO - Pan Angle: 19.44, Tilt Angle: -23.58
2025-03-07 03:22:39,855 - INFO - Time: 1741317759.86s | Pan Error: -2.06, Tilt Error: -7.79
2025-03-07 03:22:39,856 - INFO - Pan Angle: 20.25, Tilt Angle: -29.52
2025-03-07 03:22:40,011 - INFO - Time: 1741317760.01s | Pan Error: -2.12, Tilt Error: -1.93
2025-03-07 03:22:40,012 - INFO - Pan Angle: 21.06, Tilt Angle: -30.96
2025-03-07 03:22:40,336 - INFO - Time: 1741317760.34s | Pan Error: -2.06, Tilt Error: 5.96
2025-03-07 03:22:40,337 - INFO - Pan Angle: 21.87, Tilt Angle: -26.46
2025-03-07 03:22:40,535 - INFO - Time: 1741317760.53s | Pan Error: -2.10, Tilt Error: 6.01
2025-03-07 03:22:40,537 - INFO - Pan Angle: 22.68, Tilt Angle: -21.96
2025-03-07 03:22:40,714 - INFO - Time: 1741317760.71s | Pan Error: -2.22, Tilt Error: 3.61
2025-03-07 03:22:40,715 - INFO - Pan Angle: 23.76, Tilt Angle: -19.44
2025-03-07 03:22:40,859 - INFO - Time: 1741317760.86s | Pan Error: -2.32, Tilt Error: -1.62
2025-03-07 03:22:40,860 - INFO - Pan Angle: 24.84, Tilt Angle: -20.88
2025-03-07 03:22:41,047 - INFO - Time: 1741317761.05s | Pan Error: -2.42, Tilt Error: -3.96
2025-03-07 03:22:41,050 - INFO - Pan Angle: 25.92, Tilt Angle: -23.94
2025-03-07 03:22:41,207 - INFO - Time: 1741317761.21s | Pan Error: -2.42, Tilt Error: -3.87
2025-03-07 03:22:41,208 - INFO - Pan Angle: 27.0, Tilt Angle: -27.0
2025-03-07 03:22:41,341 - INFO - Time: 1741317761.34s | Pan Error: -2.39, Tilt Error: -1.20
2025-03-07 03:22:41,343 - INFO - Pan Angle: 28.08, Tilt Angle: -27.9
2025-03-07 03:22:41,566 - INFO - Time: 1741317761.57s | Pan Error: -2.36, Tilt Error: 1.48
2025-03-07 03:22:41,567 - INFO - Pan Angle: 29.16, Tilt Angle: -26.82
2025-03-07 03:22:41,697 - INFO - Time: 1741317761.70s | Pan Error: -2.38, Tilt Error: 2.92
2025-03-07 03:22:41,698 - INFO - Pan Angle: 30.24, Tilt Angle: -24.66
2025-03-07 03:22:41,834 - INFO - Time: 1741317761.83s | Pan Error: -2.39, Tilt Error: 2.89
2025-03-07 03:22:41,835 - INFO - Pan Angle: 31.32, Tilt Angle: -22.5
2025-03-07 03:22:41,963 - INFO - Time: 1741317761.96s | Pan Error: -2.44, Tilt Error: 1.84
2025-03-07 03:22:41,964 - INFO - Pan Angle: 32.4, Tilt Angle: -21.24
2025-03-07 03:22:42,288 - INFO - Time: 1741317762.29s | Pan Error: -2.40, Tilt Error: -1.87
2025-03-07 03:22:42,289 - INFO - Pan Angle: 33.48, Tilt Angle: -22.86
2025-03-07 03:22:42,453 - INFO - Time: 1741317762.45s | Pan Error: -2.41, Tilt Error: -1.85
2025-03-07 03:22:42,454 - INFO - Pan Angle: 34.56, Tilt Angle: -24.3
2025-03-07 03:22:42,592 - INFO - Time: 1741317762.59s | Pan Error: -2.38, Tilt Error: -1.74
2025-03-07 03:22:42,593 - INFO - Pan Angle: 35.64, Tilt Angle: -25.74
2025-03-07 03:22:42,765 - INFO - Time: 1741317762.77s | Pan Error: -2.42, Tilt Error: -1.25
2025-03-07 03:22:42,767 - INFO - Pan Angle: 36.72, Tilt Angle: -26.82
2025-03-07 03:22:43,294 - INFO - Stream stats - Frame: 1800, Size: 199090 bytes, Clients: 1
2025-03-07 03:22:44,658 - INFO - Time: 1741317764.66s | Pan Error: -2.36, Tilt Error: 2.75
2025-03-07 03:22:44,659 - INFO - Pan Angle: 37.8, Tilt Angle: -24.66
2025-03-07 03:22:44,798 - INFO - Time: 1741317764.80s | Pan Error: -2.19, Tilt Error: 3.02
2025-03-07 03:22:44,799 - INFO - Pan Angle: 38.88, Tilt Angle: -22.5
2025-03-07 03:22:44,926 - INFO - Time: 1741317764.93s | Pan Error: -2.24, Tilt Error: 2.68
2025-03-07 03:22:44,927 - INFO - Pan Angle: 39.96, Tilt Angle: -20.52
2025-03-07 03:22:45,096 - INFO - Time: 1741317765.10s | Pan Error: -2.27, Tilt Error: -0.49
2025-03-07 03:22:45,098 - INFO - Pan Angle: 41.04, Tilt Angle: -21.06
2025-03-07 03:22:45,277 - INFO - Time: 1741317765.28s | Pan Error: -2.23, Tilt Error: -2.18
2025-03-07 03:22:45,278 - INFO - Pan Angle: 42.12, Tilt Angle: -22.86
2025-03-07 03:22:45,432 - INFO - Time: 1741317765.43s | Pan Error: -2.24, Tilt Error: -2.15
2025-03-07 03:22:45,434 - INFO - Pan Angle: 43.2, Tilt Angle: -24.48
2025-03-07 03:22:45,674 - INFO - Time: 1741317765.67s | Pan Error: -2.09, Tilt Error: -1.99
2025-03-07 03:22:45,676 - INFO - Pan Angle: 44.01, Tilt Angle: -26.1
2025-03-07 03:22:45,814 - INFO - Time: 1741317765.81s | Pan Error: -1.93, Tilt Error: 0.34
2025-03-07 03:22:45,815 - INFO - Pan Angle: 44.82, Tilt Angle: -25.92
2025-03-07 03:22:46,224 - INFO - Time: 1741317766.22s | Pan Error: 2.70, Tilt Error: 15.41
2025-03-07 03:22:46,225 - INFO - Pan Angle: 43.2, Tilt Angle: -14.04
2025-03-07 03:22:46,392 - INFO - Time: 1741317766.39s | Pan Error: 2.96, Tilt Error: 15.06
2025-03-07 03:22:46,395 - INFO - Pan Angle: 41.58, Tilt Angle: -2.88
2025-03-07 03:22:46,604 - INFO - Time: 1741317766.60s | Pan Error: 2.54, Tilt Error: 4.44
2025-03-07 03:22:46,608 - INFO - Pan Angle: 40.23, Tilt Angle: 0.18
2025-03-07 03:22:46,770 - INFO - Time: 1741317766.77s | Pan Error: 2.30, Tilt Error: -7.34
2025-03-07 03:22:46,771 - INFO - Pan Angle: 38.88, Tilt Angle: -5.76
2025-03-07 03:22:47,068 - INFO - Time: 1741317767.07s | Pan Error: 1.91, Tilt Error: -7.89
2025-03-07 03:22:47,069 - INFO - Pan Angle: 37.8, Tilt Angle: -11.7
2025-03-07 03:22:47,269 - INFO - Time: 1741317767.27s | Pan Error: 1.85, Tilt Error: -7.17
2025-03-07 03:22:47,270 - INFO - Pan Angle: 36.72, Tilt Angle: -17.1
2025-03-07 03:22:47,399 - INFO - Time: 1741317767.40s | Pan Error: 1.94, Tilt Error: -1.28
2025-03-07 03:22:47,400 - INFO - Pan Angle: 35.64, Tilt Angle: -18.0
2025-03-07 03:22:47,536 - INFO - Time: 1741317767.54s | Pan Error: 2.05, Tilt Error: 3.73
2025-03-07 03:22:47,537 - INFO - Pan Angle: 34.56, Tilt Angle: -15.12
2025-03-07 03:22:47,683 - INFO - Time: 1741317767.68s | Pan Error: 2.09, Tilt Error: 4.89
2025-03-07 03:22:47,684 - INFO - Pan Angle: 33.48, Tilt Angle: -11.52
2025-03-07 03:22:47,821 - INFO - Time: 1741317767.82s | Pan Error: 2.12, Tilt Error: 4.58
2025-03-07 03:22:47,822 - INFO - Pan Angle: 32.4, Tilt Angle: -8.1
2025-03-07 03:22:48,084 - INFO - Time: 1741317768.08s | Pan Error: 2.21, Tilt Error: -3.57
2025-03-07 03:22:48,084 - INFO - Pan Angle: 31.05, Tilt Angle: -10.98
2025-03-07 03:22:48,219 - INFO - Time: 1741317768.22s | Pan Error: 2.18, Tilt Error: -3.45
2025-03-07 03:22:48,220 - INFO - Pan Angle: 29.7, Tilt Angle: -13.68
2025-03-07 03:22:48,350 - INFO - Time: 1741317768.35s | Pan Error: 2.21, Tilt Error: -2.12
2025-03-07 03:22:48,351 - INFO - Pan Angle: 28.35, Tilt Angle: -15.3
2025-03-07 03:22:48,489 - INFO - Time: 1741317768.49s | Pan Error: 2.27, Tilt Error: 0.49
2025-03-07 03:22:48,490 - INFO - Pan Angle: 27.0, Tilt Angle: -14.94
2025-03-07 03:22:48,643 - INFO - Time: 1741317768.64s | Pan Error: 2.26, Tilt Error: 1.95
2025-03-07 03:22:48,644 - INFO - Pan Angle: 25.65, Tilt Angle: -13.5
2025-03-07 03:22:48,799 - INFO - Time: 1741317768.80s | Pan Error: 2.15, Tilt Error: 2.30
2025-03-07 03:22:48,800 - INFO - Pan Angle: 24.57, Tilt Angle: -11.88
2025-03-07 03:22:48,974 - INFO - Time: 1741317768.97s | Pan Error: 1.99, Tilt Error: 2.23
2025-03-07 03:22:48,975 - INFO - Pan Angle: 23.49, Tilt Angle: -10.26
2025-03-07 03:22:49,114 - INFO - Time: 1741317769.11s | Pan Error: 1.91, Tilt Error: 1.24
2025-03-07 03:22:49,115 - INFO - Pan Angle: 22.41, Tilt Angle: -9.36
2025-03-07 03:22:49,248 - INFO - Time: 1741317769.25s | Pan Error: 1.77, Tilt Error: -0.83
2025-03-07 03:22:49,249 - INFO - Pan Angle: 21.33, Tilt Angle: -10.08
2025-03-07 03:22:49,383 - INFO - Time: 1741317769.38s | Pan Error: 1.61, Tilt Error: -2.24
2025-03-07 03:22:49,384 - INFO - Pan Angle: 20.52, Tilt Angle: -11.88
2025-03-07 03:22:49,517 - INFO - Time: 1741317769.52s | Pan Error: 1.47, Tilt Error: -2.21
2025-03-07 03:22:49,518 - INFO - Pan Angle: 19.71, Tilt Angle: -13.68
2025-03-07 03:22:49,714 - INFO - Time: 1741317769.71s | Pan Error: 1.42, Tilt Error: -1.60
2025-03-07 03:22:49,715 - INFO - Pan Angle: 18.9, Tilt Angle: -14.94
2025-03-07 03:22:49,850 - INFO - Time: 1741317769.85s | Pan Error: 1.48, Tilt Error: 0.34
2025-03-07 03:22:49,851 - INFO - Pan Angle: 18.09, Tilt Angle: -14.76
2025-03-07 03:22:49,989 - INFO - Time: 1741317769.99s | Pan Error: 1.78, Tilt Error: 2.16
2025-03-07 03:22:49,990 - INFO - Pan Angle: 17.01, Tilt Angle: -13.14
2025-03-07 03:22:50,138 - INFO - Time: 1741317770.14s | Pan Error: 2.61, Tilt Error: 3.98
2025-03-07 03:22:50,139 - INFO - Pan Angle: 15.66, Tilt Angle: -10.26
2025-03-07 03:22:50,655 - INFO - Time: 1741317770.66s | Pan Error: 18.85, Tilt Error: 17.60
2025-03-07 03:22:50,656 - INFO - Pan Angle: 5.94, Tilt Angle: 3.24
2025-03-07 03:22:50,811 - INFO - Time: 1741317770.81s | Pan Error: 19.89, Tilt Error: 17.10
2025-03-07 03:22:50,812 - INFO - Pan Angle: -4.05, Tilt Angle: 16.02
2025-03-07 03:22:51,145 - INFO - Time: 1741317771.15s | Pan Error: 10.86, Tilt Error: -6.59
2025-03-07 03:22:51,146 - INFO - Pan Angle: -9.45, Tilt Angle: 10.44
2025-03-07 03:22:51,283 - INFO - Time: 1741317771.28s | Pan Error: 5.71, Tilt Error: -4.42
2025-03-07 03:22:51,284 - INFO - Pan Angle: -12.42, Tilt Angle: 7.02
2025-03-07 03:22:51,423 - INFO - Time: 1741317771.42s | Pan Error: 3.38, Tilt Error: -3.09
2025-03-07 03:22:51,424 - INFO - Pan Angle: -14.31, Tilt Angle: 4.68
2025-03-07 03:22:51,553 - INFO - Time: 1741317771.55s | Pan Error: 3.32, Tilt Error: -0.20
2025-03-07 03:22:51,554 - INFO - Pan Angle: -16.2, Tilt Angle: 4.5
2025-03-07 03:22:51,783 - INFO - Time: 1741317771.78s | Pan Error: 2.88, Tilt Error: 2.21
2025-03-07 03:22:51,784 - INFO - Pan Angle: -17.82, Tilt Angle: 6.12
2025-03-07 03:22:51,923 - INFO - Time: 1741317771.92s | Pan Error: 1.07, Tilt Error: 2.38
2025-03-07 03:22:51,925 - INFO - Pan Angle: -18.36, Tilt Angle: 7.74
2025-03-07 03:22:52,059 - INFO - Time: 1741317772.06s | Pan Error: 1.56, Tilt Error: 2.96
2025-03-07 03:22:52,060 - INFO - Pan Angle: -19.17, Tilt Angle: 9.9
2025-03-07 03:22:53,292 - INFO - Stream stats - Frame: 2100, Size: 192685 bytes, Clients: 1
2025-03-07 03:23:02,017 - INFO - Camera stopped
2025-03-07 03:23:02,232 - INFO - Camera closed successfully.
