2025-03-07 01:21:44,984 - INFO - Face tracking logging system initialized.
2025-03-07 01:21:45,058 - INFO - Initialization successful.
2025-03-07 01:21:45,059 - INFO - Camera now open.
2025-03-07 01:21:45,064 - INFO - Camera configuration has been adjusted!
2025-03-07 01:21:45,066 - INFO - Configuration successful!
2025-03-07 01:21:45,129 - INFO - Camera started
2025-03-07 01:21:45,143 - INFO - [31m[1mWARNING: This is a development server. Do not use it in a production deployment. Use a production WSGI server instead.[0m
 * Running on all addresses (0.0.0.0)
 * Running on http://127.0.0.1:5000
 * Running on http://172.20.10.4:5000
2025-03-07 01:21:45,143 - INFO - [33mPress CTRL+C to quit[0m
2025-03-07 01:21:45,339 - INFO - Stream stats - Frame: 0, Size: 172754 bytes, Clients: 0
2025-03-07 01:21:53,882 - INFO - 172.20.10.2 - - [07/Mar/2025 01:21:53] "GET / HTTP/1.1" 200 -
2025-03-07 01:21:53,951 - INFO - Client connected. Total clients: 1
2025-03-07 01:21:54,059 - INFO - 172.20.10.2 - - [07/Mar/2025 01:21:54] "GET /video_feed HTTP/1.1" 200 -
2025-03-07 01:22:01,640 - INFO - Elapsed Time: 16.47s | Pan Error: -47.66 | Face Confidence: 56%
2025-03-07 01:22:01,728 - INFO - Elapsed Time: 16.56s | Pan Error: -48.44 | Face Confidence: 63%
2025-03-07 01:22:01,815 - INFO - Elapsed Time: 16.65s | Pan Error: -54.37 | Face Confidence: 50%
2025-03-07 01:22:02,064 - INFO - Elapsed Time: 16.90s | Pan Error: 7.81 | Face Confidence: 58%
2025-03-07 01:22:02,713 - INFO - Elapsed Time: 17.55s | Pan Error: 22.03 | Face Confidence: 50%
2025-03-07 01:22:02,886 - INFO - Elapsed Time: 17.72s | Pan Error: 19.53 | Face Confidence: 60%
2025-03-07 01:22:02,969 - INFO - Elapsed Time: 17.81s | Pan Error: 8.75 | Face Confidence: 70%
2025-03-07 01:22:03,053 - INFO - Elapsed Time: 17.89s | Pan Error: 7.50 | Face Confidence: 50%
2025-03-07 01:22:03,136 - INFO - Elapsed Time: 17.97s | Pan Error: -2.81 | Face Confidence: 62%
2025-03-07 01:22:03,222 - INFO - Elapsed Time: 18.06s | Pan Error: -4.53 | Face Confidence: 54%
2025-03-07 01:22:03,389 - INFO - Elapsed Time: 18.22s | Pan Error: -11.88 | Face Confidence: 66%
2025-03-07 01:22:03,476 - INFO - Elapsed Time: 18.31s | Pan Error: -9.22 | Face Confidence: 56%
2025-03-07 01:22:03,650 - INFO - Elapsed Time: 18.48s | Pan Error: -9.38 | Face Confidence: 53%
2025-03-07 01:22:03,737 - INFO - Elapsed Time: 18.57s | Pan Error: -5.47 | Face Confidence: 58%
2025-03-07 01:22:03,820 - INFO - Elapsed Time: 18.66s | Pan Error: -1.25 | Face Confidence: 51%
2025-03-07 01:22:03,902 - INFO - Elapsed Time: 18.74s | Pan Error: 5.78 | Face Confidence: 60%
2025-03-07 01:22:03,990 - INFO - Elapsed Time: 18.82s | Pan Error: 7.66 | Face Confidence: 56%
2025-03-07 01:22:04,025 - INFO - Stream stats - Frame: 300, Size: 176400 bytes, Clients: 1
2025-03-07 01:22:04,262 - INFO - Elapsed Time: 19.09s | Pan Error: 3.75 | Face Confidence: 64%
2025-03-07 01:22:04,346 - INFO - Elapsed Time: 19.18s | Pan Error: -0.78 | Face Confidence: 63%
2025-03-07 01:22:04,433 - INFO - Elapsed Time: 19.27s | Pan Error: -0.78 | Face Confidence: 52%
2025-03-07 01:22:04,519 - INFO - Elapsed Time: 19.35s | Pan Error: -2.03 | Face Confidence: 51%
2025-03-07 01:22:04,611 - INFO - Elapsed Time: 19.44s | Pan Error: -0.62 | Face Confidence: 51%
2025-03-07 01:22:04,698 - INFO - Elapsed Time: 19.53s | Pan Error: -2.34 | Face Confidence: 51%
2025-03-07 01:22:04,783 - INFO - Elapsed Time: 19.62s | Pan Error: 1.88 | Face Confidence: 55%
2025-03-07 01:22:04,867 - INFO - Elapsed Time: 19.70s | Pan Error: 1.88 | Face Confidence: 58%
2025-03-07 01:22:04,953 - INFO - Elapsed Time: 19.79s | Pan Error: 0.16 | Face Confidence: 60%
2025-03-07 01:22:05,040 - INFO - Elapsed Time: 19.87s | Pan Error: 0.00 | Face Confidence: 63%
2025-03-07 01:22:05,210 - INFO - Elapsed Time: 20.04s | Pan Error: -1.09 | Face Confidence: 55%
2025-03-07 01:22:05,298 - INFO - Elapsed Time: 20.13s | Pan Error: -0.78 | Face Confidence: 62%
2025-03-07 01:22:05,385 - INFO - Elapsed Time: 20.22s | Pan Error: -1.09 | Face Confidence: 65%
2025-03-07 01:22:05,471 - INFO - Elapsed Time: 20.31s | Pan Error: -2.03 | Face Confidence: 60%
2025-03-07 01:22:05,558 - INFO - Elapsed Time: 20.39s | Pan Error: -2.19 | Face Confidence: 66%
2025-03-07 01:22:05,647 - INFO - Elapsed Time: 20.48s | Pan Error: -2.34 | Face Confidence: 68%
2025-03-07 01:22:05,733 - INFO - Elapsed Time: 20.57s | Pan Error: -3.28 | Face Confidence: 69%
2025-03-07 01:22:05,821 - INFO - Elapsed Time: 20.66s | Pan Error: -4.84 | Face Confidence: 53%
2025-03-07 01:22:05,905 - INFO - Elapsed Time: 20.74s | Pan Error: -7.19 | Face Confidence: 61%
2025-03-07 01:22:05,991 - INFO - Elapsed Time: 20.83s | Pan Error: -5.62 | Face Confidence: 51%
2025-03-07 01:22:06,081 - INFO - Elapsed Time: 20.92s | Pan Error: 1.09 | Face Confidence: 67%
2025-03-07 01:22:06,166 - INFO - Elapsed Time: 21.00s | Pan Error: 5.78 | Face Confidence: 63%
2025-03-07 01:22:06,254 - INFO - Elapsed Time: 21.09s | Pan Error: 9.84 | Face Confidence: 52%
2025-03-07 01:22:06,340 - INFO - Elapsed Time: 21.17s | Pan Error: 7.50 | Face Confidence: 53%
2025-03-07 01:22:06,430 - INFO - Elapsed Time: 21.26s | Pan Error: 6.25 | Face Confidence: 70%
2025-03-07 01:22:06,518 - INFO - Elapsed Time: 21.35s | Pan Error: -4.06 | Face Confidence: 69%
2025-03-07 01:22:06,691 - INFO - Elapsed Time: 21.52s | Pan Error: -14.06 | Face Confidence: 60%
2025-03-07 01:22:07,511 - INFO - Elapsed Time: 22.35s | Pan Error: -60.94 | Face Confidence: 51%
2025-03-07 01:22:13,903 - INFO - Elapsed Time: 28.74s | Pan Error: 43.75 | Face Confidence: 72%
2025-03-07 01:22:13,993 - INFO - Elapsed Time: 28.82s | Pan Error: 56.25 | Face Confidence: 63%
2025-03-07 01:22:14,094 - INFO - Stream stats - Frame: 600, Size: 165247 bytes, Clients: 1
2025-03-07 01:22:18,398 - INFO - Elapsed Time: 33.23s | Pan Error: 28.28 | Face Confidence: 52%
2025-03-07 01:22:18,486 - INFO - Elapsed Time: 33.32s | Pan Error: -29.06 | Face Confidence: 51%
2025-03-07 01:22:18,575 - INFO - Elapsed Time: 33.41s | Pan Error: -27.03 | Face Confidence: 50%
2025-03-07 01:22:18,661 - INFO - Elapsed Time: 33.50s | Pan Error: 0.16 | Face Confidence: 51%
2025-03-07 01:22:18,989 - INFO - Elapsed Time: 33.82s | Pan Error: 8.28 | Face Confidence: 53%
2025-03-07 01:22:19,756 - INFO - Elapsed Time: 34.59s | Pan Error: -16.72 | Face Confidence: 51%
2025-03-07 01:22:20,322 - INFO - Elapsed Time: 35.16s | Pan Error: -14.69 | Face Confidence: 73%
2025-03-07 01:22:21,531 - INFO - Elapsed Time: 36.36s | Pan Error: -12.03 | Face Confidence: 50%
2025-03-07 01:22:24,153 - INFO - Stream stats - Frame: 900, Size: 181855 bytes, Clients: 1
2025-03-07 01:22:24,343 - INFO - Elapsed Time: 39.18s | Pan Error: -50.78 | Face Confidence: 51%
2025-03-07 01:22:25,985 - INFO - Elapsed Time: 40.82s | Pan Error: -15.31 | Face Confidence: 61%
2025-03-07 01:22:26,476 - INFO - Elapsed Time: 41.31s | Pan Error: 7.19 | Face Confidence: 53%
2025-03-07 01:22:26,558 - INFO - Elapsed Time: 41.40s | Pan Error: 20.47 | Face Confidence: 51%
2025-03-07 01:22:26,724 - INFO - Elapsed Time: 41.56s | Pan Error: 28.59 | Face Confidence: 56%
2025-03-07 01:22:26,970 - INFO - Elapsed Time: 41.81s | Pan Error: -2.81 | Face Confidence: 67%
2025-03-07 01:22:27,054 - INFO - Elapsed Time: 41.89s | Pan Error: -12.50 | Face Confidence: 57%
2025-03-07 01:22:27,387 - INFO - Elapsed Time: 42.22s | Pan Error: -10.78 | Face Confidence: 54%
2025-03-07 01:22:31,902 - INFO - Elapsed Time: 46.74s | Pan Error: 0.47 | Face Confidence: 58%
2025-03-07 01:22:31,988 - INFO - Elapsed Time: 46.82s | Pan Error: -1.56 | Face Confidence: 76%
2025-03-07 01:22:32,075 - INFO - Elapsed Time: 46.91s | Pan Error: -0.94 | Face Confidence: 79%
2025-03-07 01:22:32,159 - INFO - Elapsed Time: 47.00s | Pan Error: -1.72 | Face Confidence: 76%
2025-03-07 01:22:32,245 - INFO - Elapsed Time: 47.08s | Pan Error: -5.00 | Face Confidence: 87%
2025-03-07 01:22:32,329 - INFO - Elapsed Time: 47.17s | Pan Error: -5.31 | Face Confidence: 80%
2025-03-07 01:22:32,415 - INFO - Elapsed Time: 47.25s | Pan Error: -7.03 | Face Confidence: 94%
2025-03-07 01:22:32,504 - INFO - Elapsed Time: 47.34s | Pan Error: -3.44 | Face Confidence: 85%
2025-03-07 01:22:32,591 - INFO - Elapsed Time: 47.42s | Pan Error: -0.31 | Face Confidence: 91%
2025-03-07 01:22:32,677 - INFO - Elapsed Time: 47.51s | Pan Error: 0.47 | Face Confidence: 90%
2025-03-07 01:22:32,763 - INFO - Elapsed Time: 47.60s | Pan Error: 2.34 | Face Confidence: 87%
2025-03-07 01:22:32,847 - INFO - Elapsed Time: 47.68s | Pan Error: 2.66 | Face Confidence: 88%
2025-03-07 01:22:32,933 - INFO - Elapsed Time: 47.77s | Pan Error: 3.12 | Face Confidence: 86%
2025-03-07 01:22:33,017 - INFO - Elapsed Time: 47.85s | Pan Error: 3.12 | Face Confidence: 84%
2025-03-07 01:22:33,103 - INFO - Elapsed Time: 47.94s | Pan Error: 3.44 | Face Confidence: 85%
2025-03-07 01:22:33,191 - INFO - Elapsed Time: 48.03s | Pan Error: 2.97 | Face Confidence: 81%
2025-03-07 01:22:33,276 - INFO - Elapsed Time: 48.11s | Pan Error: 2.81 | Face Confidence: 78%
2025-03-07 01:22:33,362 - INFO - Elapsed Time: 48.20s | Pan Error: 2.50 | Face Confidence: 78%
2025-03-07 01:22:33,446 - INFO - Elapsed Time: 48.28s | Pan Error: 0.00 | Face Confidence: 77%
2025-03-07 01:22:33,534 - INFO - Elapsed Time: 48.37s | Pan Error: -4.69 | Face Confidence: 89%
2025-03-07 01:22:33,622 - INFO - Elapsed Time: 48.46s | Pan Error: -6.25 | Face Confidence: 89%
2025-03-07 01:22:33,708 - INFO - Elapsed Time: 48.54s | Pan Error: -6.41 | Face Confidence: 90%
2025-03-07 01:22:33,794 - INFO - Elapsed Time: 48.63s | Pan Error: -5.62 | Face Confidence: 92%
2025-03-07 01:22:33,880 - INFO - Elapsed Time: 48.71s | Pan Error: -5.78 | Face Confidence: 93%
2025-03-07 01:22:33,965 - INFO - Elapsed Time: 48.80s | Pan Error: -3.75 | Face Confidence: 94%
2025-03-07 01:22:34,052 - INFO - Elapsed Time: 48.89s | Pan Error: -3.59 | Face Confidence: 94%
2025-03-07 01:22:34,137 - INFO - Elapsed Time: 48.97s | Pan Error: 1.41 | Face Confidence: 86%
2025-03-07 01:22:34,221 - INFO - Elapsed Time: 49.06s | Pan Error: 6.09 | Face Confidence: 92%
2025-03-07 01:22:34,227 - INFO - Stream stats - Frame: 1200, Size: 179177 bytes, Clients: 1
2025-03-07 01:22:34,306 - INFO - Elapsed Time: 49.14s | Pan Error: 7.19 | Face Confidence: 92%
2025-03-07 01:22:34,391 - INFO - Elapsed Time: 49.23s | Pan Error: 8.75 | Face Confidence: 93%
2025-03-07 01:22:34,479 - INFO - Elapsed Time: 49.31s | Pan Error: 8.12 | Face Confidence: 91%
2025-03-07 01:22:34,568 - INFO - Elapsed Time: 49.40s | Pan Error: 7.34 | Face Confidence: 84%
2025-03-07 01:22:34,659 - INFO - Elapsed Time: 49.49s | Pan Error: -2.03 | Face Confidence: 87%
2025-03-07 01:22:34,915 - INFO - Elapsed Time: 49.75s | Pan Error: -17.66 | Face Confidence: 81%
2025-03-07 01:22:35,161 - INFO - Elapsed Time: 50.00s | Pan Error: -14.06 | Face Confidence: 88%
2025-03-07 01:22:35,248 - INFO - Elapsed Time: 50.08s | Pan Error: -9.06 | Face Confidence: 59%
2025-03-07 01:22:35,494 - INFO - Elapsed Time: 50.33s | Pan Error: 1.09 | Face Confidence: 92%
2025-03-07 01:22:35,579 - INFO - Elapsed Time: 50.41s | Pan Error: 4.38 | Face Confidence: 93%
2025-03-07 01:22:35,668 - INFO - Elapsed Time: 50.50s | Pan Error: 2.03 | Face Confidence: 94%
2025-03-07 01:22:35,754 - INFO - Elapsed Time: 50.59s | Pan Error: 1.56 | Face Confidence: 86%
2025-03-07 01:22:35,840 - INFO - Elapsed Time: 50.67s | Pan Error: 0.94 | Face Confidence: 88%
2025-03-07 01:22:35,927 - INFO - Elapsed Time: 50.76s | Pan Error: 0.31 | Face Confidence: 93%
2025-03-07 01:22:36,014 - INFO - Elapsed Time: 50.85s | Pan Error: -0.78 | Face Confidence: 93%
2025-03-07 01:22:36,102 - INFO - Elapsed Time: 50.94s | Pan Error: -1.25 | Face Confidence: 94%
2025-03-07 01:22:36,187 - INFO - Elapsed Time: 51.02s | Pan Error: -1.56 | Face Confidence: 94%
2025-03-07 01:22:36,274 - INFO - Elapsed Time: 51.11s | Pan Error: -2.81 | Face Confidence: 95%
2025-03-07 01:22:36,358 - INFO - Elapsed Time: 51.19s | Pan Error: -6.09 | Face Confidence: 92%
2025-03-07 01:22:36,448 - INFO - Elapsed Time: 51.28s | Pan Error: -9.38 | Face Confidence: 91%
2025-03-07 01:22:36,532 - INFO - Elapsed Time: 51.37s | Pan Error: -8.59 | Face Confidence: 90%
2025-03-07 01:22:36,618 - INFO - Elapsed Time: 51.45s | Pan Error: -7.19 | Face Confidence: 95%
2025-03-07 01:22:36,702 - INFO - Elapsed Time: 51.54s | Pan Error: -5.78 | Face Confidence: 96%
2025-03-07 01:22:36,788 - INFO - Elapsed Time: 51.62s | Pan Error: -1.72 | Face Confidence: 95%
2025-03-07 01:22:36,874 - INFO - Elapsed Time: 51.71s | Pan Error: 1.41 | Face Confidence: 92%
2025-03-07 01:22:36,957 - INFO - Elapsed Time: 51.79s | Pan Error: 3.91 | Face Confidence: 95%
2025-03-07 01:22:37,043 - INFO - Elapsed Time: 51.88s | Pan Error: 6.56 | Face Confidence: 93%
2025-03-07 01:22:37,127 - INFO - Elapsed Time: 51.96s | Pan Error: 6.41 | Face Confidence: 93%
2025-03-07 01:22:37,212 - INFO - Elapsed Time: 52.05s | Pan Error: 6.41 | Face Confidence: 94%
2025-03-07 01:22:37,299 - INFO - Elapsed Time: 52.13s | Pan Error: 5.94 | Face Confidence: 94%
2025-03-07 01:22:37,383 - INFO - Elapsed Time: 52.22s | Pan Error: 0.78 | Face Confidence: 94%
2025-03-07 01:22:37,466 - INFO - Elapsed Time: 52.30s | Pan Error: -0.94 | Face Confidence: 93%
2025-03-07 01:22:37,550 - INFO - Elapsed Time: 52.39s | Pan Error: -4.53 | Face Confidence: 93%
2025-03-07 01:22:37,636 - INFO - Elapsed Time: 52.47s | Pan Error: -5.00 | Face Confidence: 93%
2025-03-07 01:22:37,724 - INFO - Elapsed Time: 52.56s | Pan Error: -6.09 | Face Confidence: 94%
2025-03-07 01:22:37,810 - INFO - Elapsed Time: 52.65s | Pan Error: -6.56 | Face Confidence: 94%
2025-03-07 01:22:37,896 - INFO - Elapsed Time: 52.73s | Pan Error: -6.72 | Face Confidence: 93%
2025-03-07 01:22:37,983 - INFO - Elapsed Time: 52.82s | Pan Error: -5.62 | Face Confidence: 94%
2025-03-07 01:22:38,067 - INFO - Elapsed Time: 52.90s | Pan Error: -3.59 | Face Confidence: 95%
2025-03-07 01:22:38,150 - INFO - Elapsed Time: 52.99s | Pan Error: -1.09 | Face Confidence: 94%
2025-03-07 01:22:38,234 - INFO - Elapsed Time: 53.07s | Pan Error: 0.00 | Face Confidence: 94%
2025-03-07 01:22:38,317 - INFO - Elapsed Time: 53.15s | Pan Error: 0.94 | Face Confidence: 94%
2025-03-07 01:22:38,401 - INFO - Elapsed Time: 53.24s | Pan Error: 1.72 | Face Confidence: 93%
2025-03-07 01:22:38,484 - INFO - Elapsed Time: 53.32s | Pan Error: 2.03 | Face Confidence: 93%
2025-03-07 01:22:38,570 - INFO - Elapsed Time: 53.41s | Pan Error: 2.19 | Face Confidence: 94%
2025-03-07 01:22:38,654 - INFO - Elapsed Time: 53.49s | Pan Error: 2.03 | Face Confidence: 94%
2025-03-07 01:22:38,739 - INFO - Elapsed Time: 53.57s | Pan Error: 2.34 | Face Confidence: 94%
2025-03-07 01:22:38,834 - INFO - Elapsed Time: 53.67s | Pan Error: 1.56 | Face Confidence: 95%
2025-03-07 01:22:38,920 - INFO - Elapsed Time: 53.75s | Pan Error: 1.25 | Face Confidence: 95%
2025-03-07 01:22:39,004 - INFO - Elapsed Time: 53.84s | Pan Error: 1.41 | Face Confidence: 93%
2025-03-07 01:22:39,092 - INFO - Elapsed Time: 53.93s | Pan Error: 0.62 | Face Confidence: 94%
2025-03-07 01:22:39,176 - INFO - Elapsed Time: 54.01s | Pan Error: -0.31 | Face Confidence: 95%
2025-03-07 01:22:39,266 - INFO - Elapsed Time: 54.10s | Pan Error: -3.44 | Face Confidence: 94%
2025-03-07 01:22:39,350 - INFO - Elapsed Time: 54.19s | Pan Error: -5.62 | Face Confidence: 94%
2025-03-07 01:22:39,434 - INFO - Elapsed Time: 54.27s | Pan Error: -6.56 | Face Confidence: 95%
2025-03-07 01:22:39,519 - INFO - Elapsed Time: 54.35s | Pan Error: -6.72 | Face Confidence: 96%
2025-03-07 01:22:39,607 - INFO - Elapsed Time: 54.44s | Pan Error: -7.50 | Face Confidence: 95%
2025-03-07 01:22:39,692 - INFO - Elapsed Time: 54.53s | Pan Error: -6.56 | Face Confidence: 94%
2025-03-07 01:22:39,795 - INFO - Elapsed Time: 54.62s | Pan Error: -3.91 | Face Confidence: 94%
2025-03-07 01:22:39,898 - INFO - Elapsed Time: 54.73s | Pan Error: 1.56 | Face Confidence: 97%
2025-03-07 01:22:39,982 - INFO - Elapsed Time: 54.82s | Pan Error: 4.22 | Face Confidence: 96%
2025-03-07 01:22:40,070 - INFO - Elapsed Time: 54.90s | Pan Error: 5.47 | Face Confidence: 95%
2025-03-07 01:22:40,155 - INFO - Elapsed Time: 54.99s | Pan Error: 6.41 | Face Confidence: 95%
2025-03-07 01:22:40,242 - INFO - Elapsed Time: 55.08s | Pan Error: 6.56 | Face Confidence: 94%
2025-03-07 01:22:40,328 - INFO - Elapsed Time: 55.16s | Pan Error: 6.25 | Face Confidence: 95%
2025-03-07 01:22:40,416 - INFO - Elapsed Time: 55.25s | Pan Error: 2.97 | Face Confidence: 95%
2025-03-07 01:22:40,508 - INFO - Elapsed Time: 55.34s | Pan Error: -0.78 | Face Confidence: 95%
2025-03-07 01:22:40,595 - INFO - Elapsed Time: 55.43s | Pan Error: -1.88 | Face Confidence: 95%
2025-03-07 01:22:40,680 - INFO - Elapsed Time: 55.52s | Pan Error: -4.53 | Face Confidence: 92%
2025-03-07 01:22:40,767 - INFO - Elapsed Time: 55.60s | Pan Error: -4.84 | Face Confidence: 92%
2025-03-07 01:22:40,855 - INFO - Elapsed Time: 55.69s | Pan Error: -4.53 | Face Confidence: 93%
2025-03-07 01:22:40,944 - INFO - Elapsed Time: 55.78s | Pan Error: -5.00 | Face Confidence: 94%
2025-03-07 01:22:41,030 - INFO - Elapsed Time: 55.87s | Pan Error: -4.53 | Face Confidence: 93%
2025-03-07 01:22:41,114 - INFO - Elapsed Time: 55.95s | Pan Error: -4.06 | Face Confidence: 94%
2025-03-07 01:22:41,203 - INFO - Elapsed Time: 56.04s | Pan Error: -0.62 | Face Confidence: 92%
2025-03-07 01:22:41,287 - INFO - Elapsed Time: 56.12s | Pan Error: 0.47 | Face Confidence: 93%
2025-03-07 01:22:41,377 - INFO - Elapsed Time: 56.21s | Pan Error: 1.88 | Face Confidence: 93%
2025-03-07 01:22:41,464 - INFO - Elapsed Time: 56.30s | Pan Error: 1.88 | Face Confidence: 93%
2025-03-07 01:22:41,549 - INFO - Elapsed Time: 56.39s | Pan Error: 1.88 | Face Confidence: 92%
2025-03-07 01:22:41,635 - INFO - Elapsed Time: 56.47s | Pan Error: 2.19 | Face Confidence: 90%
2025-03-07 01:22:41,719 - INFO - Elapsed Time: 56.55s | Pan Error: 2.03 | Face Confidence: 91%
2025-03-07 01:22:41,808 - INFO - Elapsed Time: 56.64s | Pan Error: 1.56 | Face Confidence: 90%
2025-03-07 01:22:41,892 - INFO - Elapsed Time: 56.73s | Pan Error: 1.41 | Face Confidence: 91%
2025-03-07 01:22:41,976 - INFO - Elapsed Time: 56.81s | Pan Error: 0.78 | Face Confidence: 93%
2025-03-07 01:22:42,062 - INFO - Elapsed Time: 56.90s | Pan Error: 0.47 | Face Confidence: 94%
2025-03-07 01:22:42,151 - INFO - Elapsed Time: 56.99s | Pan Error: 0.62 | Face Confidence: 91%
2025-03-07 01:22:42,246 - INFO - Elapsed Time: 57.08s | Pan Error: 0.94 | Face Confidence: 89%
2025-03-07 01:22:42,341 - INFO - Elapsed Time: 57.17s | Pan Error: 0.62 | Face Confidence: 88%
2025-03-07 01:22:42,426 - INFO - Elapsed Time: 57.26s | Pan Error: -4.06 | Face Confidence: 93%
2025-03-07 01:22:42,511 - INFO - Elapsed Time: 57.35s | Pan Error: -5.00 | Face Confidence: 93%
2025-03-07 01:22:42,595 - INFO - Elapsed Time: 57.43s | Pan Error: -4.69 | Face Confidence: 94%
2025-03-07 01:22:42,688 - INFO - Elapsed Time: 57.52s | Pan Error: -3.59 | Face Confidence: 93%
2025-03-07 01:22:42,774 - INFO - Elapsed Time: 57.61s | Pan Error: -2.81 | Face Confidence: 93%
2025-03-07 01:22:42,863 - INFO - Elapsed Time: 57.70s | Pan Error: -1.41 | Face Confidence: 94%
2025-03-07 01:22:42,958 - INFO - Elapsed Time: 57.78s | Pan Error: 0.62 | Face Confidence: 93%
2025-03-07 01:22:43,054 - INFO - Elapsed Time: 57.89s | Pan Error: 4.06 | Face Confidence: 94%
2025-03-07 01:22:43,140 - INFO - Elapsed Time: 57.97s | Pan Error: 4.22 | Face Confidence: 93%
2025-03-07 01:22:43,226 - INFO - Elapsed Time: 58.06s | Pan Error: 5.47 | Face Confidence: 92%
2025-03-07 01:22:43,311 - INFO - Elapsed Time: 58.15s | Pan Error: 6.41 | Face Confidence: 93%
2025-03-07 01:22:43,395 - INFO - Elapsed Time: 58.23s | Pan Error: 6.41 | Face Confidence: 94%
2025-03-07 01:22:43,479 - INFO - Elapsed Time: 58.32s | Pan Error: 4.38 | Face Confidence: 94%
2025-03-07 01:22:43,563 - INFO - Elapsed Time: 58.40s | Pan Error: -1.56 | Face Confidence: 94%
2025-03-07 01:22:43,646 - INFO - Elapsed Time: 58.48s | Pan Error: -4.06 | Face Confidence: 94%
2025-03-07 01:22:43,732 - INFO - Elapsed Time: 58.57s | Pan Error: -7.34 | Face Confidence: 96%
2025-03-07 01:22:43,818 - INFO - Elapsed Time: 58.65s | Pan Error: -7.34 | Face Confidence: 94%
2025-03-07 01:22:43,904 - INFO - Elapsed Time: 58.74s | Pan Error: -7.34 | Face Confidence: 95%
2025-03-07 01:22:43,991 - INFO - Elapsed Time: 58.83s | Pan Error: -5.31 | Face Confidence: 95%
2025-03-07 01:22:44,076 - INFO - Elapsed Time: 58.91s | Pan Error: -2.50 | Face Confidence: 95%
2025-03-07 01:22:44,164 - INFO - Elapsed Time: 59.00s | Pan Error: 0.47 | Face Confidence: 95%
2025-03-07 01:22:44,253 - INFO - Elapsed Time: 59.09s | Pan Error: 1.09 | Face Confidence: 95%
2025-03-07 01:22:44,289 - INFO - Stream stats - Frame: 1500, Size: 172972 bytes, Clients: 1
2025-03-07 01:22:44,339 - INFO - Elapsed Time: 59.17s | Pan Error: 1.56 | Face Confidence: 95%
2025-03-07 01:22:44,423 - INFO - Elapsed Time: 59.26s | Pan Error: 1.88 | Face Confidence: 95%
2025-03-07 01:22:44,511 - INFO - Elapsed Time: 59.35s | Pan Error: 2.03 | Face Confidence: 94%
2025-03-07 01:22:44,603 - INFO - Elapsed Time: 59.44s | Pan Error: 1.72 | Face Confidence: 94%
2025-03-07 01:22:44,692 - INFO - Elapsed Time: 59.52s | Pan Error: 1.88 | Face Confidence: 94%
2025-03-07 01:22:44,780 - INFO - Elapsed Time: 59.62s | Pan Error: 1.09 | Face Confidence: 92%
2025-03-07 01:22:44,879 - INFO - Elapsed Time: 59.70s | Pan Error: 0.94 | Face Confidence: 93%
2025-03-07 01:22:44,977 - INFO - Elapsed Time: 59.81s | Pan Error: 1.25 | Face Confidence: 92%
2025-03-07 01:22:45,063 - INFO - Elapsed Time: 59.90s | Pan Error: 1.72 | Face Confidence: 89%
2025-03-07 01:22:45,149 - INFO - Elapsed Time: 59.98s | Pan Error: 2.34 | Face Confidence: 89%
2025-03-07 01:22:45,238 - INFO - Elapsed Time: 60.07s | Pan Error: 3.44 | Face Confidence: 91%
2025-03-07 01:22:45,322 - INFO - Elapsed Time: 60.16s | Pan Error: 0.62 | Face Confidence: 92%
2025-03-07 01:22:45,411 - INFO - Elapsed Time: 60.25s | Pan Error: -3.44 | Face Confidence: 95%
2025-03-07 01:22:45,496 - INFO - Elapsed Time: 60.33s | Pan Error: -4.22 | Face Confidence: 95%
2025-03-07 01:22:45,580 - INFO - Elapsed Time: 60.42s | Pan Error: -4.69 | Face Confidence: 95%
2025-03-07 01:22:45,666 - INFO - Elapsed Time: 60.50s | Pan Error: -4.69 | Face Confidence: 95%
2025-03-07 01:22:45,750 - INFO - Elapsed Time: 60.59s | Pan Error: -4.84 | Face Confidence: 95%
2025-03-07 01:22:45,840 - INFO - Elapsed Time: 60.67s | Pan Error: -4.84 | Face Confidence: 95%
2025-03-07 01:22:45,925 - INFO - Elapsed Time: 60.76s | Pan Error: -4.69 | Face Confidence: 95%
2025-03-07 01:22:46,012 - INFO - Elapsed Time: 60.85s | Pan Error: -3.75 | Face Confidence: 91%
2025-03-07 01:22:46,097 - INFO - Elapsed Time: 60.93s | Pan Error: -3.91 | Face Confidence: 89%
2025-03-07 01:22:46,184 - INFO - Elapsed Time: 61.02s | Pan Error: -0.16 | Face Confidence: 90%
2025-03-07 01:22:46,271 - INFO - Elapsed Time: 61.10s | Pan Error: 3.59 | Face Confidence: 91%
2025-03-07 01:22:46,356 - INFO - Elapsed Time: 61.19s | Pan Error: 5.62 | Face Confidence: 92%
2025-03-07 01:22:46,445 - INFO - Elapsed Time: 61.28s | Pan Error: 6.09 | Face Confidence: 91%
2025-03-07 01:22:46,532 - INFO - Elapsed Time: 61.37s | Pan Error: 6.56 | Face Confidence: 92%
2025-03-07 01:22:46,617 - INFO - Elapsed Time: 61.45s | Pan Error: 6.09 | Face Confidence: 94%
2025-03-07 01:22:46,704 - INFO - Elapsed Time: 61.54s | Pan Error: 5.94 | Face Confidence: 94%
2025-03-07 01:22:46,788 - INFO - Elapsed Time: 61.62s | Pan Error: 3.75 | Face Confidence: 94%
2025-03-07 01:22:46,876 - INFO - Elapsed Time: 61.71s | Pan Error: -2.34 | Face Confidence: 94%
2025-03-07 01:22:46,960 - INFO - Elapsed Time: 61.80s | Pan Error: -4.84 | Face Confidence: 95%
2025-03-07 01:22:47,045 - INFO - Elapsed Time: 61.88s | Pan Error: -8.28 | Face Confidence: 95%
2025-03-07 01:22:47,130 - INFO - Elapsed Time: 61.97s | Pan Error: -7.66 | Face Confidence: 94%
2025-03-07 01:22:47,216 - INFO - Elapsed Time: 62.05s | Pan Error: -7.03 | Face Confidence: 94%
2025-03-07 01:22:47,302 - INFO - Elapsed Time: 62.14s | Pan Error: -4.22 | Face Confidence: 92%
2025-03-07 01:22:47,389 - INFO - Elapsed Time: 62.22s | Pan Error: 1.25 | Face Confidence: 96%
2025-03-07 01:22:47,475 - INFO - Elapsed Time: 62.31s | Pan Error: 5.00 | Face Confidence: 94%
2025-03-07 01:22:47,561 - INFO - Elapsed Time: 62.40s | Pan Error: 7.50 | Face Confidence: 94%
2025-03-07 01:22:47,645 - INFO - Elapsed Time: 62.48s | Pan Error: 9.53 | Face Confidence: 95%
2025-03-07 01:22:47,729 - INFO - Elapsed Time: 62.57s | Pan Error: 9.06 | Face Confidence: 95%
2025-03-07 01:22:47,815 - INFO - Elapsed Time: 62.65s | Pan Error: 5.31 | Face Confidence: 95%
2025-03-07 01:22:47,906 - INFO - Elapsed Time: 62.74s | Pan Error: 1.72 | Face Confidence: 93%
2025-03-07 01:22:47,993 - INFO - Elapsed Time: 62.83s | Pan Error: -2.19 | Face Confidence: 92%
2025-03-07 01:22:48,079 - INFO - Elapsed Time: 62.91s | Pan Error: -2.34 | Face Confidence: 93%
2025-03-07 01:22:48,166 - INFO - Elapsed Time: 63.00s | Pan Error: 0.47 | Face Confidence: 88%
2025-03-07 01:22:48,253 - INFO - Elapsed Time: 63.09s | Pan Error: 5.94 | Face Confidence: 92%
2025-03-07 01:22:48,338 - INFO - Elapsed Time: 63.17s | Pan Error: 10.16 | Face Confidence: 91%
2025-03-07 01:22:48,427 - INFO - Elapsed Time: 63.26s | Pan Error: 15.00 | Face Confidence: 92%
2025-03-07 01:22:48,517 - INFO - Elapsed Time: 63.35s | Pan Error: 16.56 | Face Confidence: 93%
2025-03-07 01:22:48,603 - INFO - Elapsed Time: 63.44s | Pan Error: 12.81 | Face Confidence: 89%
2025-03-07 01:22:48,691 - INFO - Elapsed Time: 63.53s | Pan Error: 7.34 | Face Confidence: 93%
2025-03-07 01:22:48,775 - INFO - Elapsed Time: 63.61s | Pan Error: 3.75 | Face Confidence: 93%
2025-03-07 01:22:48,863 - INFO - Elapsed Time: 63.70s | Pan Error: -1.56 | Face Confidence: 91%
2025-03-07 01:22:48,947 - INFO - Elapsed Time: 63.78s | Pan Error: -3.44 | Face Confidence: 92%
2025-03-07 01:22:49,036 - INFO - Elapsed Time: 63.87s | Pan Error: -5.94 | Face Confidence: 90%
2025-03-07 01:22:49,123 - INFO - Elapsed Time: 63.96s | Pan Error: -6.88 | Face Confidence: 95%
2025-03-07 01:22:49,208 - INFO - Elapsed Time: 64.04s | Pan Error: -7.97 | Face Confidence: 94%
2025-03-07 01:22:49,298 - INFO - Elapsed Time: 64.13s | Pan Error: -10.94 | Face Confidence: 95%
2025-03-07 01:22:49,386 - INFO - Elapsed Time: 64.22s | Pan Error: -13.28 | Face Confidence: 94%
2025-03-07 01:22:49,472 - INFO - Elapsed Time: 64.31s | Pan Error: -12.81 | Face Confidence: 94%
2025-03-07 01:22:49,558 - INFO - Elapsed Time: 64.39s | Pan Error: -11.88 | Face Confidence: 94%
2025-03-07 01:22:49,641 - INFO - Elapsed Time: 64.48s | Pan Error: -11.88 | Face Confidence: 94%
2025-03-07 01:22:49,732 - INFO - Elapsed Time: 64.56s | Pan Error: -11.72 | Face Confidence: 94%
2025-03-07 01:22:49,817 - INFO - Elapsed Time: 64.65s | Pan Error: -12.50 | Face Confidence: 95%
2025-03-07 01:22:49,906 - INFO - Elapsed Time: 64.74s | Pan Error: -15.31 | Face Confidence: 96%
2025-03-07 01:22:50,004 - INFO - Elapsed Time: 64.83s | Pan Error: -17.34 | Face Confidence: 96%
2025-03-07 01:22:50,102 - INFO - Elapsed Time: 64.94s | Pan Error: -19.38 | Face Confidence: 95%
2025-03-07 01:22:50,187 - INFO - Elapsed Time: 65.02s | Pan Error: -19.69 | Face Confidence: 95%
2025-03-07 01:22:50,275 - INFO - Elapsed Time: 65.11s | Pan Error: -17.66 | Face Confidence: 94%
2025-03-07 01:22:50,360 - INFO - Elapsed Time: 65.20s | Pan Error: -15.62 | Face Confidence: 95%
2025-03-07 01:22:50,444 - INFO - Elapsed Time: 65.28s | Pan Error: -7.50 | Face Confidence: 94%
2025-03-07 01:22:50,530 - INFO - Elapsed Time: 65.36s | Pan Error: -4.06 | Face Confidence: 94%
2025-03-07 01:22:50,614 - INFO - Elapsed Time: 65.45s | Pan Error: 1.09 | Face Confidence: 91%
2025-03-07 01:22:50,701 - INFO - Elapsed Time: 65.53s | Pan Error: 4.38 | Face Confidence: 93%
2025-03-07 01:22:50,787 - INFO - Elapsed Time: 65.62s | Pan Error: 8.91 | Face Confidence: 95%
2025-03-07 01:22:50,870 - INFO - Elapsed Time: 65.71s | Pan Error: 10.94 | Face Confidence: 95%
2025-03-07 01:22:50,955 - INFO - Elapsed Time: 65.79s | Pan Error: 12.66 | Face Confidence: 93%
2025-03-07 01:22:51,042 - INFO - Elapsed Time: 65.88s | Pan Error: 13.59 | Face Confidence: 95%
2025-03-07 01:22:51,127 - INFO - Elapsed Time: 65.96s | Pan Error: 13.12 | Face Confidence: 93%
2025-03-07 01:22:51,211 - INFO - Elapsed Time: 66.05s | Pan Error: 14.53 | Face Confidence: 95%
2025-03-07 01:22:51,298 - INFO - Elapsed Time: 66.13s | Pan Error: 15.31 | Face Confidence: 94%
2025-03-07 01:22:51,383 - INFO - Elapsed Time: 66.22s | Pan Error: 16.56 | Face Confidence: 92%
2025-03-07 01:22:51,468 - INFO - Elapsed Time: 66.30s | Pan Error: 15.78 | Face Confidence: 93%
2025-03-07 01:22:51,556 - INFO - Elapsed Time: 66.39s | Pan Error: 12.81 | Face Confidence: 93%
2025-03-07 01:22:51,643 - INFO - Elapsed Time: 66.48s | Pan Error: 8.91 | Face Confidence: 96%
2025-03-07 01:22:51,726 - INFO - Elapsed Time: 66.56s | Pan Error: 5.78 | Face Confidence: 95%
2025-03-07 01:22:51,817 - INFO - Elapsed Time: 66.65s | Pan Error: 1.56 | Face Confidence: 94%
2025-03-07 01:22:51,907 - INFO - Elapsed Time: 66.74s | Pan Error: -0.94 | Face Confidence: 94%
2025-03-07 01:22:51,995 - INFO - Elapsed Time: 66.83s | Pan Error: -5.47 | Face Confidence: 93%
2025-03-07 01:22:52,078 - INFO - Elapsed Time: 66.91s | Pan Error: -7.81 | Face Confidence: 94%
2025-03-07 01:22:52,162 - INFO - Elapsed Time: 67.00s | Pan Error: -9.53 | Face Confidence: 91%
2025-03-07 01:22:52,250 - INFO - Elapsed Time: 67.08s | Pan Error: -10.47 | Face Confidence: 91%
2025-03-07 01:22:52,337 - INFO - Elapsed Time: 67.17s | Pan Error: -9.38 | Face Confidence: 88%
2025-03-07 01:22:52,423 - INFO - Elapsed Time: 67.26s | Pan Error: -6.56 | Face Confidence: 84%
2025-03-07 01:22:52,507 - INFO - Elapsed Time: 67.34s | Pan Error: -4.53 | Face Confidence: 79%
2025-03-07 01:22:52,595 - INFO - Elapsed Time: 67.43s | Pan Error: -1.88 | Face Confidence: 75%
2025-03-07 01:22:52,679 - INFO - Elapsed Time: 67.52s | Pan Error: -0.31 | Face Confidence: 60%
2025-03-07 01:22:52,765 - INFO - Elapsed Time: 67.60s | Pan Error: 0.31 | Face Confidence: 65%
2025-03-07 01:22:52,850 - INFO - Elapsed Time: 67.68s | Pan Error: 0.47 | Face Confidence: 67%
2025-03-07 01:22:52,937 - INFO - Elapsed Time: 67.77s | Pan Error: -0.78 | Face Confidence: 64%
2025-03-07 01:22:53,025 - INFO - Elapsed Time: 67.86s | Pan Error: -0.47 | Face Confidence: 67%
2025-03-07 01:22:53,107 - INFO - Elapsed Time: 67.94s | Pan Error: -0.16 | Face Confidence: 67%
2025-03-07 01:22:53,194 - INFO - Elapsed Time: 68.03s | Pan Error: 0.31 | Face Confidence: 65%
2025-03-07 01:22:53,282 - INFO - Elapsed Time: 68.11s | Pan Error: 0.94 | Face Confidence: 73%
2025-03-07 01:22:53,370 - INFO - Elapsed Time: 68.20s | Pan Error: 1.09 | Face Confidence: 74%
2025-03-07 01:22:53,454 - INFO - Elapsed Time: 68.29s | Pan Error: 2.50 | Face Confidence: 80%
2025-03-07 01:22:53,547 - INFO - Elapsed Time: 68.38s | Pan Error: 2.34 | Face Confidence: 86%
2025-03-07 01:22:53,634 - INFO - Elapsed Time: 68.47s | Pan Error: 2.19 | Face Confidence: 82%
2025-03-07 01:22:53,724 - INFO - Elapsed Time: 68.56s | Pan Error: 3.12 | Face Confidence: 89%
2025-03-07 01:22:53,806 - INFO - Elapsed Time: 68.64s | Pan Error: 3.44 | Face Confidence: 92%
2025-03-07 01:22:53,897 - INFO - Elapsed Time: 68.73s | Pan Error: 4.38 | Face Confidence: 94%
2025-03-07 01:22:53,983 - INFO - Elapsed Time: 68.82s | Pan Error: 1.09 | Face Confidence: 91%
2025-03-07 01:22:54,069 - INFO - Elapsed Time: 68.90s | Pan Error: -3.44 | Face Confidence: 92%
2025-03-07 01:22:54,160 - INFO - Elapsed Time: 68.99s | Pan Error: -4.22 | Face Confidence: 93%
2025-03-07 01:22:54,252 - INFO - Elapsed Time: 69.08s | Pan Error: -3.75 | Face Confidence: 93%
2025-03-07 01:22:54,341 - INFO - Elapsed Time: 69.17s | Pan Error: -4.22 | Face Confidence: 92%
2025-03-07 01:22:54,359 - INFO - Stream stats - Frame: 1800, Size: 172543 bytes, Clients: 1
2025-03-07 01:22:54,434 - INFO - Elapsed Time: 69.26s | Pan Error: -2.66 | Face Confidence: 92%
2025-03-07 01:22:54,518 - INFO - Elapsed Time: 69.35s | Pan Error: -2.19 | Face Confidence: 91%
2025-03-07 01:22:54,605 - INFO - Elapsed Time: 69.44s | Pan Error: -1.56 | Face Confidence: 91%
2025-03-07 01:22:54,689 - INFO - Elapsed Time: 69.53s | Pan Error: 1.56 | Face Confidence: 90%
2025-03-07 01:22:54,779 - INFO - Elapsed Time: 69.61s | Pan Error: 1.56 | Face Confidence: 91%
2025-03-07 01:22:54,868 - INFO - Elapsed Time: 69.70s | Pan Error: 0.00 | Face Confidence: 93%
2025-03-07 01:22:54,954 - INFO - Elapsed Time: 69.79s | Pan Error: -0.16 | Face Confidence: 89%
2025-03-07 01:22:55,045 - INFO - Elapsed Time: 69.88s | Pan Error: -1.41 | Face Confidence: 84%
2025-03-07 01:22:55,154 - INFO - Elapsed Time: 69.98s | Pan Error: -1.88 | Face Confidence: 92%
2025-03-07 01:22:55,241 - INFO - Elapsed Time: 70.08s | Pan Error: -0.94 | Face Confidence: 82%
2025-03-07 01:22:55,329 - INFO - Elapsed Time: 70.16s | Pan Error: -1.88 | Face Confidence: 75%
2025-03-07 01:22:55,415 - INFO - Elapsed Time: 70.25s | Pan Error: -3.28 | Face Confidence: 75%
2025-03-07 01:22:55,503 - INFO - Elapsed Time: 70.34s | Pan Error: -4.38 | Face Confidence: 63%
2025-03-07 01:22:55,588 - INFO - Elapsed Time: 70.42s | Pan Error: -4.38 | Face Confidence: 63%
2025-03-07 01:22:55,677 - INFO - Elapsed Time: 70.51s | Pan Error: -6.56 | Face Confidence: 58%
2025-03-07 01:22:55,764 - INFO - Elapsed Time: 70.60s | Pan Error: -7.03 | Face Confidence: 66%
2025-03-07 01:22:55,852 - INFO - Elapsed Time: 70.69s | Pan Error: -6.41 | Face Confidence: 61%
2025-03-07 01:22:55,937 - INFO - Elapsed Time: 70.77s | Pan Error: -1.56 | Face Confidence: 64%
2025-03-07 01:22:56,024 - INFO - Elapsed Time: 70.86s | Pan Error: -0.16 | Face Confidence: 64%
2025-03-07 01:22:56,110 - INFO - Elapsed Time: 70.95s | Pan Error: 1.09 | Face Confidence: 69%
2025-03-07 01:22:56,196 - INFO - Elapsed Time: 71.03s | Pan Error: 1.25 | Face Confidence: 70%
2025-03-07 01:22:56,282 - INFO - Elapsed Time: 71.12s | Pan Error: 1.09 | Face Confidence: 72%
2025-03-07 01:22:56,367 - INFO - Elapsed Time: 71.20s | Pan Error: 1.25 | Face Confidence: 72%
2025-03-07 01:22:56,452 - INFO - Elapsed Time: 71.29s | Pan Error: 2.19 | Face Confidence: 76%
2025-03-07 01:22:56,537 - INFO - Elapsed Time: 71.37s | Pan Error: 2.34 | Face Confidence: 78%
2025-03-07 01:22:56,622 - INFO - Elapsed Time: 71.46s | Pan Error: 1.88 | Face Confidence: 68%
2025-03-07 01:22:56,705 - INFO - Elapsed Time: 71.54s | Pan Error: 2.03 | Face Confidence: 67%
2025-03-07 01:22:56,790 - INFO - Elapsed Time: 71.63s | Pan Error: 2.50 | Face Confidence: 65%
2025-03-07 01:22:56,874 - INFO - Elapsed Time: 71.71s | Pan Error: -0.47 | Face Confidence: 83%
2025-03-07 01:22:56,958 - INFO - Elapsed Time: 71.79s | Pan Error: -3.91 | Face Confidence: 84%
2025-03-07 01:22:57,042 - INFO - Elapsed Time: 71.88s | Pan Error: -9.53 | Face Confidence: 87%
2025-03-07 01:22:57,127 - INFO - Elapsed Time: 71.96s | Pan Error: -12.19 | Face Confidence: 89%
2025-03-07 01:22:57,215 - INFO - Elapsed Time: 72.05s | Pan Error: -17.97 | Face Confidence: 90%
2025-03-07 01:22:57,300 - INFO - Elapsed Time: 72.14s | Pan Error: -20.31 | Face Confidence: 90%
2025-03-07 01:22:57,387 - INFO - Elapsed Time: 72.22s | Pan Error: -17.19 | Face Confidence: 94%
2025-03-07 01:22:57,474 - INFO - Elapsed Time: 72.31s | Pan Error: -13.44 | Face Confidence: 93%
2025-03-07 01:22:57,560 - INFO - Elapsed Time: 72.39s | Pan Error: -7.97 | Face Confidence: 91%
2025-03-07 01:22:57,645 - INFO - Elapsed Time: 72.48s | Pan Error: -1.25 | Face Confidence: 91%
2025-03-07 01:22:57,731 - INFO - Elapsed Time: 72.57s | Pan Error: 1.41 | Face Confidence: 88%
2025-03-07 01:22:57,820 - INFO - Elapsed Time: 72.65s | Pan Error: 6.25 | Face Confidence: 94%
2025-03-07 01:22:57,905 - INFO - Elapsed Time: 72.74s | Pan Error: 8.59 | Face Confidence: 95%
2025-03-07 01:22:57,990 - INFO - Elapsed Time: 72.83s | Pan Error: 12.03 | Face Confidence: 94%
2025-03-07 01:22:58,077 - INFO - Elapsed Time: 72.91s | Pan Error: 15.00 | Face Confidence: 92%
2025-03-07 01:22:58,164 - INFO - Elapsed Time: 73.00s | Pan Error: 15.62 | Face Confidence: 91%
2025-03-07 01:22:58,250 - INFO - Elapsed Time: 73.09s | Pan Error: 18.12 | Face Confidence: 95%
2025-03-07 01:22:58,333 - INFO - Elapsed Time: 73.17s | Pan Error: 17.03 | Face Confidence: 93%
2025-03-07 01:22:58,419 - INFO - Elapsed Time: 73.25s | Pan Error: 16.25 | Face Confidence: 92%
2025-03-07 01:22:58,507 - INFO - Elapsed Time: 73.34s | Pan Error: 15.47 | Face Confidence: 92%
2025-03-07 01:22:58,594 - INFO - Elapsed Time: 73.43s | Pan Error: 13.75 | Face Confidence: 92%
2025-03-07 01:22:58,680 - INFO - Elapsed Time: 73.52s | Pan Error: 10.31 | Face Confidence: 93%
2025-03-07 01:22:58,767 - INFO - Elapsed Time: 73.60s | Pan Error: 4.69 | Face Confidence: 96%
2025-03-07 01:22:58,851 - INFO - Elapsed Time: 73.69s | Pan Error: 1.88 | Face Confidence: 95%
2025-03-07 01:22:58,937 - INFO - Elapsed Time: 73.77s | Pan Error: -1.72 | Face Confidence: 92%
2025-03-07 01:22:59,030 - INFO - Elapsed Time: 73.86s | Pan Error: -4.84 | Face Confidence: 92%
2025-03-07 01:22:59,118 - INFO - Elapsed Time: 73.95s | Pan Error: -5.00 | Face Confidence: 94%
2025-03-07 01:22:59,204 - INFO - Elapsed Time: 74.04s | Pan Error: -5.94 | Face Confidence: 95%
2025-03-07 01:22:59,292 - INFO - Elapsed Time: 74.13s | Pan Error: -6.88 | Face Confidence: 96%
2025-03-07 01:22:59,376 - INFO - Elapsed Time: 74.21s | Pan Error: -7.66 | Face Confidence: 96%
2025-03-07 01:22:59,468 - INFO - Elapsed Time: 74.30s | Pan Error: -7.50 | Face Confidence: 96%
2025-03-07 01:22:59,552 - INFO - Elapsed Time: 74.39s | Pan Error: -7.34 | Face Confidence: 96%
2025-03-07 01:22:59,640 - INFO - Elapsed Time: 74.47s | Pan Error: -7.97 | Face Confidence: 95%
2025-03-07 01:22:59,728 - INFO - Elapsed Time: 74.56s | Pan Error: -10.00 | Face Confidence: 95%
2025-03-07 01:22:59,813 - INFO - Elapsed Time: 74.65s | Pan Error: -12.66 | Face Confidence: 91%
2025-03-07 01:22:59,903 - INFO - Elapsed Time: 74.73s | Pan Error: -15.16 | Face Confidence: 92%
2025-03-07 01:22:59,992 - INFO - Elapsed Time: 74.82s | Pan Error: -13.44 | Face Confidence: 92%
2025-03-07 01:23:00,087 - INFO - Elapsed Time: 74.92s | Pan Error: -11.25 | Face Confidence: 86%
2025-03-07 01:23:00,189 - INFO - Elapsed Time: 75.01s | Pan Error: -5.31 | Face Confidence: 88%
2025-03-07 01:23:00,288 - INFO - Elapsed Time: 75.12s | Pan Error: -0.16 | Face Confidence: 84%
2025-03-07 01:23:00,373 - INFO - Elapsed Time: 75.21s | Pan Error: 2.81 | Face Confidence: 83%
2025-03-07 01:23:00,459 - INFO - Elapsed Time: 75.29s | Pan Error: 6.72 | Face Confidence: 86%
2025-03-07 01:23:00,544 - INFO - Elapsed Time: 75.38s | Pan Error: 12.03 | Face Confidence: 77%
2025-03-07 01:23:00,630 - INFO - Elapsed Time: 75.46s | Pan Error: 10.94 | Face Confidence: 72%
2025-03-07 01:23:00,716 - INFO - Elapsed Time: 75.55s | Pan Error: 7.19 | Face Confidence: 75%
2025-03-07 01:23:00,807 - INFO - Elapsed Time: 75.64s | Pan Error: 0.47 | Face Confidence: 76%
2025-03-07 01:23:00,895 - INFO - Elapsed Time: 75.73s | Pan Error: -3.12 | Face Confidence: 77%
2025-03-07 01:23:00,982 - INFO - Elapsed Time: 75.82s | Pan Error: -5.94 | Face Confidence: 70%
2025-03-07 01:23:01,066 - INFO - Elapsed Time: 75.90s | Pan Error: -5.00 | Face Confidence: 70%
2025-03-07 01:23:01,149 - INFO - Elapsed Time: 75.99s | Pan Error: -5.00 | Face Confidence: 67%
2025-03-07 01:23:01,236 - INFO - Elapsed Time: 76.07s | Pan Error: -4.53 | Face Confidence: 54%
2025-03-07 01:23:01,321 - INFO - Elapsed Time: 76.16s | Pan Error: -3.75 | Face Confidence: 55%
2025-03-07 01:23:01,408 - INFO - Elapsed Time: 76.24s | Pan Error: -1.72 | Face Confidence: 50%
2025-03-07 01:23:01,650 - INFO - Elapsed Time: 76.49s | Pan Error: 0.94 | Face Confidence: 57%
2025-03-07 01:23:01,732 - INFO - Elapsed Time: 76.57s | Pan Error: 1.09 | Face Confidence: 64%
2025-03-07 01:23:01,817 - INFO - Elapsed Time: 76.65s | Pan Error: 0.78 | Face Confidence: 63%
2025-03-07 01:23:01,903 - INFO - Elapsed Time: 76.74s | Pan Error: -0.31 | Face Confidence: 67%
2025-03-07 01:23:01,986 - INFO - Elapsed Time: 76.82s | Pan Error: -0.62 | Face Confidence: 60%
2025-03-07 01:23:02,071 - INFO - Elapsed Time: 76.91s | Pan Error: -0.94 | Face Confidence: 61%
2025-03-07 01:23:02,156 - INFO - Elapsed Time: 76.99s | Pan Error: -1.09 | Face Confidence: 63%
2025-03-07 01:23:02,243 - INFO - Elapsed Time: 77.08s | Pan Error: -0.62 | Face Confidence: 51%
2025-03-07 01:23:02,329 - INFO - Elapsed Time: 77.16s | Pan Error: -0.31 | Face Confidence: 53%
2025-03-07 01:23:02,418 - INFO - Elapsed Time: 77.25s | Pan Error: -1.41 | Face Confidence: 58%
2025-03-07 01:23:03,141 - INFO - Elapsed Time: 77.98s | Pan Error: -1.41 | Face Confidence: 52%
2025-03-07 01:23:03,227 - INFO - Elapsed Time: 78.06s | Pan Error: 0.00 | Face Confidence: 57%
2025-03-07 01:23:03,314 - INFO - Elapsed Time: 78.15s | Pan Error: -0.31 | Face Confidence: 53%
2025-03-07 01:23:03,398 - INFO - Elapsed Time: 78.23s | Pan Error: 1.41 | Face Confidence: 63%
2025-03-07 01:23:03,483 - INFO - Elapsed Time: 78.32s | Pan Error: 0.78 | Face Confidence: 56%
2025-03-07 01:23:03,567 - INFO - Elapsed Time: 78.40s | Pan Error: 1.88 | Face Confidence: 53%
2025-03-07 01:23:04,419 - INFO - Stream stats - Frame: 2100, Size: 188165 bytes, Clients: 1
2025-03-07 01:23:05,040 - INFO - Elapsed Time: 79.87s | Pan Error: -0.16 | Face Confidence: 50%
2025-03-07 01:23:09,023 - INFO - Elapsed Time: 83.86s | Pan Error: 4.69 | Face Confidence: 50%
2025-03-07 01:23:09,120 - INFO - Client disconnected. Remaining clients: 0
2025-03-07 01:23:09,122 - INFO - Saved data at: /home/lberm/Documents/github/Senior_Desing_QKD_2024/src/Pi_Control/face_runs/run_2025-03-07_01-21-44/data_face.csv
