2025-03-06 23:44:19,503 - INFO - Face tracking logging system initialized.
2025-03-06 23:44:19,576 - INFO - Initialization successful.
2025-03-06 23:44:19,576 - INFO - Camera now open.
2025-03-06 23:44:19,582 - INFO - Camera configuration has been adjusted!
2025-03-06 23:44:19,584 - INFO - Configuration successful!
2025-03-06 23:44:19,647 - INFO - Camera started
2025-03-06 23:44:19,661 - INFO - [31m[1mWARNING: This is a development server. Do not use it in a production deployment. Use a production WSGI server instead.[0m
 * Running on all addresses (0.0.0.0)
 * Running on http://127.0.0.1:5000
 * Running on http://172.20.10.4:5000
2025-03-06 23:44:19,661 - INFO - [33mPress CTRL+C to quit[0m
2025-03-06 23:44:19,861 - INFO - Stream stats - Frame: 0, Size: 246272 bytes, Clients: 0
2025-03-06 23:44:22,752 - INFO - 172.20.10.2 - - [06/Mar/2025 23:44:22] "GET / HTTP/1.1" 200 -
2025-03-06 23:44:22,849 - INFO - Client connected. Total clients: 1
2025-03-06 23:44:22,924 - INFO - 172.20.10.2 - - [06/Mar/2025 23:44:22] "GET /video_feed HTTP/1.1" 200 -
2025-03-06 23:44:25,949 - INFO - Elapsed Time: 6.26s | Pan Error: -31.41 | Face Confidence: 62%
2025-03-06 23:44:26,034 - INFO - Elapsed Time: 6.35s | Pan Error: -31.72 | Face Confidence: 67%
2025-03-06 23:44:26,267 - INFO - Elapsed Time: 6.59s | Pan Error: -85.00 | Face Confidence: 52%
2025-03-06 23:44:26,735 - INFO - Elapsed Time: 7.05s | Pan Error: -24.84 | Face Confidence: 52%
2025-03-06 23:44:26,895 - INFO - Elapsed Time: 7.21s | Pan Error: -25.94 | Face Confidence: 55%
2025-03-06 23:44:26,976 - INFO - Elapsed Time: 7.29s | Pan Error: -23.75 | Face Confidence: 66%
2025-03-06 23:44:27,134 - INFO - Elapsed Time: 7.45s | Pan Error: -8.91 | Face Confidence: 61%
2025-03-06 23:44:27,219 - INFO - Elapsed Time: 7.53s | Pan Error: 5.31 | Face Confidence: 69%
2025-03-06 23:44:27,389 - INFO - Elapsed Time: 7.71s | Pan Error: 38.91 | Face Confidence: 63%
2025-03-06 23:44:27,546 - INFO - Elapsed Time: 7.86s | Pan Error: 29.53 | Face Confidence: 69%
2025-03-06 23:44:27,623 - INFO - Elapsed Time: 7.94s | Pan Error: 9.69 | Face Confidence: 50%
2025-03-06 23:44:27,706 - INFO - Elapsed Time: 8.02s | Pan Error: 15.47 | Face Confidence: 54%
2025-03-06 23:44:27,786 - INFO - Elapsed Time: 8.10s | Pan Error: 9.38 | Face Confidence: 53%
2025-03-06 23:44:27,865 - INFO - Elapsed Time: 8.18s | Pan Error: -9.84 | Face Confidence: 62%
2025-03-06 23:44:27,947 - INFO - Elapsed Time: 8.26s | Pan Error: -13.44 | Face Confidence: 64%
2025-03-06 23:44:28,025 - INFO - Elapsed Time: 8.35s | Pan Error: -19.06 | Face Confidence: 54%
2025-03-06 23:44:28,115 - INFO - Elapsed Time: 8.43s | Pan Error: -10.31 | Face Confidence: 61%
2025-03-06 23:44:28,193 - INFO - Elapsed Time: 8.51s | Pan Error: -10.16 | Face Confidence: 57%
2025-03-06 23:44:28,275 - INFO - Elapsed Time: 8.59s | Pan Error: 61.25 | Face Confidence: 55%
2025-03-06 23:44:28,436 - INFO - Elapsed Time: 8.75s | Pan Error: 9.22 | Face Confidence: 50%
2025-03-06 23:44:28,517 - INFO - Elapsed Time: 8.84s | Pan Error: 45.00 | Face Confidence: 65%
2025-03-06 23:44:28,603 - INFO - Elapsed Time: 8.92s | Pan Error: -26.88 | Face Confidence: 68%
2025-03-06 23:44:28,762 - INFO - Elapsed Time: 9.08s | Pan Error: -48.75 | Face Confidence: 71%
2025-03-06 23:44:28,848 - INFO - Elapsed Time: 9.17s | Pan Error: -35.31 | Face Confidence: 51%
2025-03-06 23:44:28,929 - INFO - Elapsed Time: 9.25s | Pan Error: -36.25 | Face Confidence: 60%
2025-03-06 23:44:29,089 - INFO - Elapsed Time: 9.41s | Pan Error: -8.59 | Face Confidence: 50%
2025-03-06 23:44:29,321 - INFO - Elapsed Time: 9.64s | Pan Error: 17.97 | Face Confidence: 60%
2025-03-06 23:44:29,403 - INFO - Elapsed Time: 9.72s | Pan Error: 22.03 | Face Confidence: 64%
2025-03-06 23:44:29,487 - INFO - Elapsed Time: 9.80s | Pan Error: 34.22 | Face Confidence: 57%
2025-03-06 23:44:29,567 - INFO - Elapsed Time: 9.89s | Pan Error: 25.00 | Face Confidence: 59%
2025-03-06 23:44:29,653 - INFO - Elapsed Time: 9.97s | Pan Error: 14.69 | Face Confidence: 66%
2025-03-06 23:44:29,890 - INFO - Elapsed Time: 10.20s | Pan Error: 37.03 | Face Confidence: 72%
2025-03-06 23:44:29,977 - INFO - Elapsed Time: 10.29s | Pan Error: 36.09 | Face Confidence: 63%
2025-03-06 23:44:30,060 - INFO - Elapsed Time: 10.38s | Pan Error: 28.75 | Face Confidence: 69%
2025-03-06 23:44:30,142 - INFO - Elapsed Time: 10.46s | Pan Error: 17.66 | Face Confidence: 76%
2025-03-06 23:44:30,224 - INFO - Elapsed Time: 10.54s | Pan Error: -3.12 | Face Confidence: 50%
2025-03-06 23:44:30,303 - INFO - Elapsed Time: 10.62s | Pan Error: -15.00 | Face Confidence: 71%
2025-03-06 23:44:30,953 - INFO - Elapsed Time: 11.27s | Pan Error: -86.56 | Face Confidence: 51%
2025-03-06 23:44:31,039 - INFO - Elapsed Time: 11.35s | Pan Error: -28.44 | Face Confidence: 53%
2025-03-06 23:44:31,269 - INFO - Elapsed Time: 11.59s | Pan Error: -32.03 | Face Confidence: 68%
2025-03-06 23:44:31,351 - INFO - Elapsed Time: 11.67s | Pan Error: -26.25 | Face Confidence: 67%
2025-03-06 23:44:31,433 - INFO - Elapsed Time: 11.75s | Pan Error: -22.19 | Face Confidence: 74%
2025-03-06 23:44:31,513 - INFO - Elapsed Time: 11.83s | Pan Error: -14.69 | Face Confidence: 70%
2025-03-06 23:44:31,889 - INFO - Elapsed Time: 12.21s | Pan Error: 18.12 | Face Confidence: 68%
2025-03-06 23:44:31,971 - INFO - Elapsed Time: 12.29s | Pan Error: 17.50 | Face Confidence: 68%
2025-03-06 23:44:32,052 - INFO - Elapsed Time: 12.37s | Pan Error: 6.56 | Face Confidence: 63%
2025-03-06 23:44:32,133 - INFO - Elapsed Time: 12.45s | Pan Error: 10.78 | Face Confidence: 69%
2025-03-06 23:44:32,212 - INFO - Elapsed Time: 12.53s | Pan Error: 6.41 | Face Confidence: 66%
2025-03-06 23:44:32,294 - INFO - Elapsed Time: 12.61s | Pan Error: -8.44 | Face Confidence: 59%
2025-03-06 23:44:32,396 - INFO - Elapsed Time: 12.70s | Pan Error: -4.38 | Face Confidence: 61%
2025-03-06 23:44:32,476 - INFO - Elapsed Time: 12.79s | Pan Error: -14.37 | Face Confidence: 73%
2025-03-06 23:44:32,555 - INFO - Elapsed Time: 12.87s | Pan Error: 59.06 | Face Confidence: 64%
2025-03-06 23:44:32,799 - INFO - Elapsed Time: 13.11s | Pan Error: -27.19 | Face Confidence: 57%
2025-03-06 23:44:32,885 - INFO - Elapsed Time: 13.20s | Pan Error: -31.09 | Face Confidence: 54%
2025-03-06 23:44:32,970 - INFO - Elapsed Time: 13.28s | Pan Error: -29.22 | Face Confidence: 54%
2025-03-06 23:44:33,034 - INFO - Stream stats - Frame: 300, Size: 212410 bytes, Clients: 1
2025-03-06 23:44:33,128 - INFO - Elapsed Time: 13.44s | Pan Error: -16.25 | Face Confidence: 58%
2025-03-06 23:44:33,208 - INFO - Elapsed Time: 13.53s | Pan Error: 4.22 | Face Confidence: 62%
2025-03-06 23:44:33,294 - INFO - Elapsed Time: 13.61s | Pan Error: 10.62 | Face Confidence: 60%
2025-03-06 23:44:33,451 - INFO - Elapsed Time: 13.77s | Pan Error: 33.75 | Face Confidence: 54%
2025-03-06 23:44:33,689 - INFO - Elapsed Time: 14.01s | Pan Error: 19.06 | Face Confidence: 63%
2025-03-06 23:44:33,775 - INFO - Elapsed Time: 14.09s | Pan Error: 5.47 | Face Confidence: 63%
2025-03-06 23:44:33,855 - INFO - Elapsed Time: 14.17s | Pan Error: 14.37 | Face Confidence: 50%
2025-03-06 23:44:33,947 - INFO - Elapsed Time: 14.26s | Pan Error: -1.09 | Face Confidence: 62%
2025-03-06 23:44:34,026 - INFO - Elapsed Time: 14.35s | Pan Error: -7.34 | Face Confidence: 75%
2025-03-06 23:44:37,154 - INFO - Elapsed Time: 17.47s | Pan Error: 63.12 | Face Confidence: 56%
2025-03-06 23:44:37,239 - INFO - Elapsed Time: 17.55s | Pan Error: 55.78 | Face Confidence: 59%
2025-03-06 23:44:42,316 - INFO - Elapsed Time: 22.63s | Pan Error: -10.47 | Face Confidence: 52%
2025-03-06 23:44:42,646 - INFO - Elapsed Time: 22.96s | Pan Error: -27.19 | Face Confidence: 59%
2025-03-06 23:44:42,952 - INFO - Elapsed Time: 23.27s | Pan Error: -18.44 | Face Confidence: 59%
2025-03-06 23:44:43,148 - INFO - Stream stats - Frame: 600, Size: 203338 bytes, Clients: 1
2025-03-06 23:44:43,188 - INFO - Elapsed Time: 23.51s | Pan Error: -14.37 | Face Confidence: 66%
2025-03-06 23:44:43,266 - INFO - Elapsed Time: 23.59s | Pan Error: 28.59 | Face Confidence: 67%
2025-03-06 23:44:43,352 - INFO - Elapsed Time: 23.67s | Pan Error: 30.94 | Face Confidence: 66%
2025-03-06 23:44:43,432 - INFO - Elapsed Time: 23.75s | Pan Error: 31.56 | Face Confidence: 55%
2025-03-06 23:44:43,514 - INFO - Elapsed Time: 23.83s | Pan Error: 22.03 | Face Confidence: 60%
2025-03-06 23:44:43,745 - INFO - Elapsed Time: 24.06s | Pan Error: -13.59 | Face Confidence: 62%
2025-03-06 23:44:43,823 - INFO - Elapsed Time: 24.14s | Pan Error: -19.53 | Face Confidence: 60%
2025-03-06 23:44:43,902 - INFO - Elapsed Time: 24.22s | Pan Error: -21.56 | Face Confidence: 50%
2025-03-06 23:44:43,984 - INFO - Elapsed Time: 24.30s | Pan Error: -15.62 | Face Confidence: 69%
2025-03-06 23:44:44,064 - INFO - Elapsed Time: 24.38s | Pan Error: -7.81 | Face Confidence: 65%
2025-03-06 23:44:44,146 - INFO - Elapsed Time: 24.46s | Pan Error: -43.59 | Face Confidence: 68%
2025-03-06 23:44:44,225 - INFO - Elapsed Time: 24.54s | Pan Error: 8.44 | Face Confidence: 65%
2025-03-06 23:44:44,381 - INFO - Elapsed Time: 24.70s | Pan Error: 27.03 | Face Confidence: 54%
2025-03-06 23:44:44,464 - INFO - Elapsed Time: 24.78s | Pan Error: 28.12 | Face Confidence: 62%
2025-03-06 23:44:44,545 - INFO - Elapsed Time: 24.86s | Pan Error: 24.06 | Face Confidence: 58%
2025-03-06 23:44:44,623 - INFO - Elapsed Time: 24.94s | Pan Error: 13.44 | Face Confidence: 53%
2025-03-06 23:44:44,780 - INFO - Elapsed Time: 25.10s | Pan Error: -4.38 | Face Confidence: 64%
2025-03-06 23:44:45,014 - INFO - Elapsed Time: 25.33s | Pan Error: -13.91 | Face Confidence: 65%
2025-03-06 23:44:45,098 - INFO - Elapsed Time: 25.41s | Pan Error: -14.06 | Face Confidence: 57%
2025-03-06 23:44:45,256 - INFO - Elapsed Time: 25.57s | Pan Error: -7.81 | Face Confidence: 61%
2025-03-06 23:44:45,342 - INFO - Elapsed Time: 25.66s | Pan Error: -10.94 | Face Confidence: 61%
2025-03-06 23:44:45,427 - INFO - Elapsed Time: 25.74s | Pan Error: -52.34 | Face Confidence: 66%
2025-03-06 23:44:45,514 - INFO - Elapsed Time: 25.83s | Pan Error: -9.38 | Face Confidence: 57%
2025-03-06 23:44:45,596 - INFO - Elapsed Time: 25.91s | Pan Error: 8.12 | Face Confidence: 63%
2025-03-06 23:44:45,675 - INFO - Elapsed Time: 25.99s | Pan Error: 15.94 | Face Confidence: 51%
2025-03-06 23:44:45,758 - INFO - Elapsed Time: 26.07s | Pan Error: -22.50 | Face Confidence: 57%
2025-03-06 23:44:45,841 - INFO - Elapsed Time: 26.16s | Pan Error: 23.75 | Face Confidence: 59%
2025-03-06 23:44:46,073 - INFO - Elapsed Time: 26.39s | Pan Error: 8.44 | Face Confidence: 62%
2025-03-06 23:44:46,153 - INFO - Elapsed Time: 26.47s | Pan Error: 8.28 | Face Confidence: 70%
2025-03-06 23:44:46,383 - INFO - Elapsed Time: 26.70s | Pan Error: -2.19 | Face Confidence: 52%
2025-03-06 23:44:46,620 - INFO - Elapsed Time: 26.94s | Pan Error: -7.34 | Face Confidence: 56%
2025-03-06 23:44:46,706 - INFO - Elapsed Time: 27.02s | Pan Error: -7.66 | Face Confidence: 59%
2025-03-06 23:44:46,787 - INFO - Elapsed Time: 27.11s | Pan Error: -5.31 | Face Confidence: 66%
2025-03-06 23:44:46,876 - INFO - Elapsed Time: 27.19s | Pan Error: -2.66 | Face Confidence: 59%
2025-03-06 23:44:46,964 - INFO - Elapsed Time: 27.28s | Pan Error: -52.03 | Face Confidence: 62%
2025-03-06 23:44:47,051 - INFO - Elapsed Time: 27.37s | Pan Error: -53.59 | Face Confidence: 63%
2025-03-06 23:44:47,131 - INFO - Elapsed Time: 27.45s | Pan Error: -4.53 | Face Confidence: 63%
2025-03-06 23:44:47,289 - INFO - Elapsed Time: 27.61s | Pan Error: 40.47 | Face Confidence: 69%
2025-03-06 23:44:47,373 - INFO - Elapsed Time: 27.69s | Pan Error: -1.25 | Face Confidence: 70%
2025-03-06 23:44:47,455 - INFO - Elapsed Time: 27.77s | Pan Error: 55.16 | Face Confidence: 63%
2025-03-06 23:44:47,540 - INFO - Elapsed Time: 27.86s | Pan Error: 40.31 | Face Confidence: 57%
2025-03-06 23:44:47,629 - INFO - Elapsed Time: 27.94s | Pan Error: 35.78 | Face Confidence: 70%
2025-03-06 23:44:47,728 - INFO - Elapsed Time: 28.04s | Pan Error: 11.41 | Face Confidence: 60%
2025-03-06 23:44:47,815 - INFO - Elapsed Time: 28.13s | Pan Error: -10.94 | Face Confidence: 64%
2025-03-06 23:44:47,896 - INFO - Elapsed Time: 28.21s | Pan Error: -26.41 | Face Confidence: 54%
2025-03-06 23:44:47,982 - INFO - Elapsed Time: 28.30s | Pan Error: -32.19 | Face Confidence: 52%
2025-03-06 23:44:48,062 - INFO - Elapsed Time: 28.38s | Pan Error: -30.94 | Face Confidence: 62%
2025-03-06 23:44:48,147 - INFO - Elapsed Time: 28.47s | Pan Error: -24.53 | Face Confidence: 61%
2025-03-06 23:44:48,227 - INFO - Elapsed Time: 28.55s | Pan Error: -13.59 | Face Confidence: 67%
2025-03-06 23:44:48,308 - INFO - Elapsed Time: 28.63s | Pan Error: -5.00 | Face Confidence: 71%
2025-03-06 23:44:48,460 - INFO - Elapsed Time: 28.78s | Pan Error: 15.94 | Face Confidence: 54%
2025-03-06 23:44:48,540 - INFO - Elapsed Time: 28.86s | Pan Error: 17.66 | Face Confidence: 55%
2025-03-06 23:44:48,692 - INFO - Elapsed Time: 29.01s | Pan Error: 11.09 | Face Confidence: 65%
2025-03-06 23:44:48,772 - INFO - Elapsed Time: 29.09s | Pan Error: 5.31 | Face Confidence: 55%
2025-03-06 23:44:48,851 - INFO - Elapsed Time: 29.17s | Pan Error: 0.16 | Face Confidence: 62%
2025-03-06 23:44:48,931 - INFO - Elapsed Time: 29.25s | Pan Error: -0.78 | Face Confidence: 54%
2025-03-06 23:44:49,016 - INFO - Elapsed Time: 29.33s | Pan Error: -7.50 | Face Confidence: 54%
2025-03-06 23:44:49,096 - INFO - Elapsed Time: 29.41s | Pan Error: -7.34 | Face Confidence: 56%
2025-03-06 23:44:49,252 - INFO - Elapsed Time: 29.57s | Pan Error: -10.31 | Face Confidence: 60%
2025-03-06 23:44:49,330 - INFO - Elapsed Time: 29.65s | Pan Error: -62.19 | Face Confidence: 59%
2025-03-06 23:44:49,483 - INFO - Elapsed Time: 29.80s | Pan Error: -7.81 | Face Confidence: 75%
2025-03-06 23:44:49,563 - INFO - Elapsed Time: 29.88s | Pan Error: 9.53 | Face Confidence: 60%
2025-03-06 23:44:49,643 - INFO - Elapsed Time: 29.96s | Pan Error: 15.94 | Face Confidence: 65%
2025-03-06 23:44:49,731 - INFO - Elapsed Time: 30.04s | Pan Error: -27.50 | Face Confidence: 62%
2025-03-06 23:44:49,817 - INFO - Elapsed Time: 30.14s | Pan Error: -29.84 | Face Confidence: 58%
2025-03-06 23:44:49,897 - INFO - Elapsed Time: 30.22s | Pan Error: 16.88 | Face Confidence: 52%
2025-03-06 23:44:50,279 - INFO - Elapsed Time: 30.60s | Pan Error: 32.34 | Face Confidence: 63%
2025-03-06 23:44:50,438 - INFO - Elapsed Time: 30.76s | Pan Error: 29.69 | Face Confidence: 65%
2025-03-06 23:44:50,520 - INFO - Elapsed Time: 30.84s | Pan Error: 25.00 | Face Confidence: 55%
2025-03-06 23:44:50,600 - INFO - Elapsed Time: 30.92s | Pan Error: 15.62 | Face Confidence: 58%
2025-03-06 23:44:50,680 - INFO - Elapsed Time: 31.00s | Pan Error: 11.41 | Face Confidence: 54%
2025-03-06 23:44:50,764 - INFO - Elapsed Time: 31.08s | Pan Error: -9.06 | Face Confidence: 74%
2025-03-06 23:44:50,844 - INFO - Elapsed Time: 31.16s | Pan Error: -17.97 | Face Confidence: 61%
2025-03-06 23:44:50,926 - INFO - Elapsed Time: 31.24s | Pan Error: -17.50 | Face Confidence: 59%
2025-03-06 23:44:51,007 - INFO - Elapsed Time: 31.32s | Pan Error: -22.50 | Face Confidence: 55%
2025-03-06 23:44:51,087 - INFO - Elapsed Time: 31.41s | Pan Error: -17.03 | Face Confidence: 61%
2025-03-06 23:44:51,171 - INFO - Elapsed Time: 31.49s | Pan Error: -8.28 | Face Confidence: 67%
2025-03-06 23:44:51,251 - INFO - Elapsed Time: 31.57s | Pan Error: -2.66 | Face Confidence: 60%
2025-03-06 23:44:51,333 - INFO - Elapsed Time: 31.65s | Pan Error: 8.12 | Face Confidence: 64%
2025-03-06 23:44:51,415 - INFO - Elapsed Time: 31.73s | Pan Error: 0.78 | Face Confidence: 57%
2025-03-06 23:44:51,577 - INFO - Elapsed Time: 31.89s | Pan Error: -41.25 | Face Confidence: 60%
2025-03-06 23:44:51,810 - INFO - Elapsed Time: 32.13s | Pan Error: 14.53 | Face Confidence: 61%
2025-03-06 23:44:51,964 - INFO - Elapsed Time: 32.28s | Pan Error: -23.91 | Face Confidence: 60%
2025-03-06 23:44:52,049 - INFO - Elapsed Time: 32.37s | Pan Error: 21.56 | Face Confidence: 61%
2025-03-06 23:44:52,134 - INFO - Elapsed Time: 32.45s | Pan Error: 26.56 | Face Confidence: 57%
2025-03-06 23:44:52,215 - INFO - Elapsed Time: 32.53s | Pan Error: 25.00 | Face Confidence: 53%
2025-03-06 23:44:52,375 - INFO - Elapsed Time: 32.69s | Pan Error: 13.59 | Face Confidence: 60%
2025-03-06 23:44:52,451 - INFO - Elapsed Time: 32.77s | Pan Error: 5.47 | Face Confidence: 57%
2025-03-06 23:44:52,536 - INFO - Elapsed Time: 32.85s | Pan Error: -0.94 | Face Confidence: 51%
2025-03-06 23:44:52,615 - INFO - Elapsed Time: 32.93s | Pan Error: -4.06 | Face Confidence: 53%
2025-03-06 23:44:52,783 - INFO - Elapsed Time: 33.09s | Pan Error: -18.28 | Face Confidence: 58%
2025-03-06 23:44:52,873 - INFO - Elapsed Time: 33.19s | Pan Error: -16.25 | Face Confidence: 54%
2025-03-06 23:44:52,952 - INFO - Elapsed Time: 33.27s | Pan Error: -16.41 | Face Confidence: 61%
2025-03-06 23:44:53,035 - INFO - Elapsed Time: 33.35s | Pan Error: -12.97 | Face Confidence: 59%
2025-03-06 23:44:53,115 - INFO - Elapsed Time: 33.43s | Pan Error: -4.69 | Face Confidence: 63%
2025-03-06 23:44:53,196 - INFO - Elapsed Time: 33.51s | Pan Error: -1.56 | Face Confidence: 55%
2025-03-06 23:44:53,210 - INFO - Stream stats - Frame: 900, Size: 207927 bytes, Clients: 1
2025-03-06 23:44:53,279 - INFO - Elapsed Time: 33.60s | Pan Error: 8.28 | Face Confidence: 61%
2025-03-06 23:44:53,437 - INFO - Elapsed Time: 33.75s | Pan Error: 13.12 | Face Confidence: 54%
2025-03-06 23:44:53,516 - INFO - Elapsed Time: 33.83s | Pan Error: 15.78 | Face Confidence: 55%
2025-03-06 23:44:53,594 - INFO - Elapsed Time: 33.91s | Pan Error: 16.88 | Face Confidence: 55%
2025-03-06 23:44:53,682 - INFO - Elapsed Time: 34.00s | Pan Error: 7.81 | Face Confidence: 57%
2025-03-06 23:44:53,838 - INFO - Elapsed Time: 34.16s | Pan Error: -8.44 | Face Confidence: 62%
2025-03-06 23:44:53,918 - INFO - Elapsed Time: 34.24s | Pan Error: -18.59 | Face Confidence: 57%
2025-03-06 23:44:53,998 - INFO - Elapsed Time: 34.32s | Pan Error: -15.16 | Face Confidence: 64%
2025-03-06 23:44:54,157 - INFO - Elapsed Time: 34.47s | Pan Error: -11.72 | Face Confidence: 52%
2025-03-06 23:44:54,240 - INFO - Elapsed Time: 34.56s | Pan Error: -15.78 | Face Confidence: 57%
2025-03-06 23:44:54,467 - INFO - Elapsed Time: 34.79s | Pan Error: -8.44 | Face Confidence: 73%
2025-03-06 23:44:54,550 - INFO - Elapsed Time: 34.87s | Pan Error: -4.69 | Face Confidence: 56%
2025-03-06 23:44:54,630 - INFO - Elapsed Time: 34.95s | Pan Error: -9.53 | Face Confidence: 66%
2025-03-06 23:44:54,715 - INFO - Elapsed Time: 35.03s | Pan Error: -67.03 | Face Confidence: 64%
2025-03-06 23:44:54,795 - INFO - Elapsed Time: 35.12s | Pan Error: -7.03 | Face Confidence: 56%
2025-03-06 23:44:56,957 - INFO - Elapsed Time: 37.27s | Pan Error: 79.38 | Face Confidence: 53%
2025-03-06 23:44:57,044 - INFO - Elapsed Time: 37.36s | Pan Error: 75.94 | Face Confidence: 63%
2025-03-06 23:44:57,367 - INFO - Elapsed Time: 37.68s | Pan Error: 49.22 | Face Confidence: 51%
2025-03-06 23:44:57,450 - INFO - Elapsed Time: 37.77s | Pan Error: 43.28 | Face Confidence: 54%
2025-03-06 23:44:57,537 - INFO - Elapsed Time: 37.85s | Pan Error: 33.75 | Face Confidence: 55%
2025-03-06 23:44:57,621 - INFO - Elapsed Time: 37.94s | Pan Error: 15.00 | Face Confidence: 75%
2025-03-06 23:44:57,784 - INFO - Elapsed Time: 38.10s | Pan Error: -10.31 | Face Confidence: 58%
2025-03-06 23:44:57,967 - INFO - Elapsed Time: 38.28s | Pan Error: -35.62 | Face Confidence: 58%
2025-03-06 23:44:59,042 - INFO - Elapsed Time: 39.36s | Pan Error: -76.25 | Face Confidence: 55%
2025-03-06 23:44:59,276 - INFO - Elapsed Time: 39.59s | Pan Error: 13.28 | Face Confidence: 51%
2025-03-06 23:44:59,355 - INFO - Elapsed Time: 39.67s | Pan Error: 23.44 | Face Confidence: 54%
2025-03-06 23:44:59,510 - INFO - Elapsed Time: 39.83s | Pan Error: 25.16 | Face Confidence: 55%
2025-03-06 23:44:59,662 - INFO - Elapsed Time: 39.98s | Pan Error: 11.72 | Face Confidence: 57%
2025-03-06 23:44:59,743 - INFO - Elapsed Time: 40.06s | Pan Error: 4.38 | Face Confidence: 50%
2025-03-06 23:44:59,828 - INFO - Elapsed Time: 40.14s | Pan Error: 1.09 | Face Confidence: 54%
2025-03-06 23:44:59,909 - INFO - Elapsed Time: 40.23s | Pan Error: -7.03 | Face Confidence: 53%
2025-03-06 23:44:59,989 - INFO - Elapsed Time: 40.31s | Pan Error: -52.19 | Face Confidence: 51%
2025-03-06 23:45:00,147 - INFO - Elapsed Time: 40.47s | Pan Error: -9.53 | Face Confidence: 58%
2025-03-06 23:45:00,230 - INFO - Elapsed Time: 40.55s | Pan Error: 6.09 | Face Confidence: 52%
2025-03-06 23:45:00,313 - INFO - Elapsed Time: 40.63s | Pan Error: 11.72 | Face Confidence: 50%
2025-03-06 23:45:00,397 - INFO - Elapsed Time: 40.71s | Pan Error: 17.34 | Face Confidence: 59%
2025-03-06 23:45:00,551 - INFO - Elapsed Time: 40.87s | Pan Error: 11.09 | Face Confidence: 61%
2025-03-06 23:45:00,633 - INFO - Elapsed Time: 40.95s | Pan Error: 9.06 | Face Confidence: 53%
2025-03-06 23:45:00,794 - INFO - Elapsed Time: 41.11s | Pan Error: 2.97 | Face Confidence: 51%
2025-03-06 23:45:00,877 - INFO - Elapsed Time: 41.19s | Pan Error: -48.75 | Face Confidence: 58%
2025-03-06 23:45:00,956 - INFO - Elapsed Time: 41.28s | Pan Error: -7.66 | Face Confidence: 51%
2025-03-06 23:45:01,035 - INFO - Elapsed Time: 41.35s | Pan Error: -10.31 | Face Confidence: 51%
2025-03-06 23:45:01,195 - INFO - Elapsed Time: 41.51s | Pan Error: 12.97 | Face Confidence: 59%
2025-03-06 23:45:01,427 - INFO - Elapsed Time: 41.74s | Pan Error: 18.91 | Face Confidence: 59%
2025-03-06 23:45:01,510 - INFO - Elapsed Time: 41.83s | Pan Error: 17.50 | Face Confidence: 59%
2025-03-06 23:45:01,595 - INFO - Elapsed Time: 41.91s | Pan Error: 14.69 | Face Confidence: 55%
2025-03-06 23:45:01,676 - INFO - Elapsed Time: 41.99s | Pan Error: 6.41 | Face Confidence: 52%
2025-03-06 23:45:01,759 - INFO - Elapsed Time: 42.08s | Pan Error: 1.72 | Face Confidence: 55%
2025-03-06 23:45:01,992 - INFO - Elapsed Time: 42.31s | Pan Error: -10.00 | Face Confidence: 53%
2025-03-06 23:45:02,150 - INFO - Elapsed Time: 42.47s | Pan Error: -15.00 | Face Confidence: 53%
2025-03-06 23:45:02,239 - INFO - Elapsed Time: 42.55s | Pan Error: -14.53 | Face Confidence: 60%
2025-03-06 23:45:02,340 - INFO - Elapsed Time: 42.65s | Pan Error: -19.84 | Face Confidence: 50%
2025-03-06 23:45:02,421 - INFO - Elapsed Time: 42.74s | Pan Error: -13.12 | Face Confidence: 50%
2025-03-06 23:45:02,504 - INFO - Elapsed Time: 42.82s | Pan Error: -7.81 | Face Confidence: 53%
2025-03-06 23:45:02,585 - INFO - Elapsed Time: 42.90s | Pan Error: -0.94 | Face Confidence: 55%
2025-03-06 23:45:02,671 - INFO - Elapsed Time: 42.99s | Pan Error: 12.66 | Face Confidence: 58%
2025-03-06 23:45:02,758 - INFO - Elapsed Time: 43.07s | Pan Error: 15.78 | Face Confidence: 59%
2025-03-06 23:45:02,844 - INFO - Elapsed Time: 43.16s | Pan Error: 18.28 | Face Confidence: 61%
2025-03-06 23:45:02,934 - INFO - Elapsed Time: 43.24s | Pan Error: 19.84 | Face Confidence: 57%
2025-03-06 23:45:03,029 - INFO - Elapsed Time: 43.34s | Pan Error: 8.44 | Face Confidence: 62%
2025-03-06 23:45:03,109 - INFO - Elapsed Time: 43.43s | Pan Error: -2.66 | Face Confidence: 55%
2025-03-06 23:45:03,193 - INFO - Elapsed Time: 43.51s | Pan Error: -6.09 | Face Confidence: 60%
2025-03-06 23:45:03,276 - INFO - Elapsed Time: 43.59s | Pan Error: -16.88 | Face Confidence: 56%
2025-03-06 23:45:03,279 - INFO - Stream stats - Frame: 1200, Size: 236314 bytes, Clients: 1
2025-03-06 23:45:03,355 - INFO - Elapsed Time: 43.67s | Pan Error: -16.25 | Face Confidence: 51%
2025-03-06 23:45:03,440 - INFO - Elapsed Time: 43.76s | Pan Error: -9.69 | Face Confidence: 57%
2025-03-06 23:45:03,523 - INFO - Elapsed Time: 43.84s | Pan Error: -6.41 | Face Confidence: 64%
2025-03-06 23:45:03,608 - INFO - Elapsed Time: 43.92s | Pan Error: -7.97 | Face Confidence: 56%
2025-03-06 23:45:03,690 - INFO - Elapsed Time: 44.01s | Pan Error: -6.25 | Face Confidence: 65%
2025-03-06 23:45:03,857 - INFO - Elapsed Time: 44.17s | Pan Error: 9.06 | Face Confidence: 63%
2025-03-06 23:45:03,940 - INFO - Elapsed Time: 44.26s | Pan Error: 7.34 | Face Confidence: 53%
2025-03-06 23:45:04,021 - INFO - Elapsed Time: 44.34s | Pan Error: 7.97 | Face Confidence: 50%
2025-03-06 23:45:04,101 - INFO - Elapsed Time: 44.42s | Pan Error: 12.50 | Face Confidence: 59%
2025-03-06 23:45:04,182 - INFO - Elapsed Time: 44.50s | Pan Error: 7.97 | Face Confidence: 63%
2025-03-06 23:45:04,266 - INFO - Elapsed Time: 44.58s | Pan Error: -2.19 | Face Confidence: 59%
2025-03-06 23:45:04,345 - INFO - Elapsed Time: 44.66s | Pan Error: -5.94 | Face Confidence: 54%
2025-03-06 23:45:04,428 - INFO - Elapsed Time: 44.74s | Pan Error: -4.38 | Face Confidence: 61%
2025-03-06 23:45:04,510 - INFO - Elapsed Time: 44.83s | Pan Error: -7.97 | Face Confidence: 57%
2025-03-06 23:45:04,591 - INFO - Elapsed Time: 44.91s | Pan Error: -6.25 | Face Confidence: 51%
2025-03-06 23:45:04,677 - INFO - Elapsed Time: 44.99s | Pan Error: -8.12 | Face Confidence: 54%
2025-03-06 23:45:04,756 - INFO - Elapsed Time: 45.08s | Pan Error: -11.88 | Face Confidence: 60%
2025-03-06 23:45:04,837 - INFO - Elapsed Time: 45.15s | Pan Error: -6.72 | Face Confidence: 60%
2025-03-06 23:45:04,916 - INFO - Elapsed Time: 45.24s | Pan Error: -7.03 | Face Confidence: 53%
2025-03-06 23:45:04,999 - INFO - Elapsed Time: 45.31s | Pan Error: 1.88 | Face Confidence: 54%
2025-03-06 23:45:05,079 - INFO - Elapsed Time: 45.40s | Pan Error: 6.09 | Face Confidence: 64%
2025-03-06 23:45:05,165 - INFO - Elapsed Time: 45.48s | Pan Error: 0.31 | Face Confidence: 57%
2025-03-06 23:45:05,322 - INFO - Elapsed Time: 45.64s | Pan Error: 2.97 | Face Confidence: 57%
2025-03-06 23:45:05,405 - INFO - Elapsed Time: 45.72s | Pan Error: 5.94 | Face Confidence: 58%
2025-03-06 23:45:05,488 - INFO - Elapsed Time: 45.81s | Pan Error: 3.12 | Face Confidence: 51%
2025-03-06 23:45:05,573 - INFO - Elapsed Time: 45.89s | Pan Error: -1.41 | Face Confidence: 53%
2025-03-06 23:45:05,659 - INFO - Elapsed Time: 45.97s | Pan Error: 3.44 | Face Confidence: 57%
2025-03-06 23:45:05,741 - INFO - Elapsed Time: 46.06s | Pan Error: -3.75 | Face Confidence: 62%
2025-03-06 23:45:05,826 - INFO - Elapsed Time: 46.14s | Pan Error: -6.72 | Face Confidence: 58%
2025-03-06 23:45:05,908 - INFO - Elapsed Time: 46.23s | Pan Error: -7.97 | Face Confidence: 55%
2025-03-06 23:45:05,990 - INFO - Elapsed Time: 46.31s | Pan Error: -5.62 | Face Confidence: 63%
2025-03-06 23:45:06,150 - INFO - Elapsed Time: 46.47s | Pan Error: -7.50 | Face Confidence: 57%
2025-03-06 23:45:06,231 - INFO - Elapsed Time: 46.55s | Pan Error: -3.75 | Face Confidence: 52%
2025-03-06 23:45:06,310 - INFO - Elapsed Time: 46.63s | Pan Error: -5.78 | Face Confidence: 55%
2025-03-06 23:45:06,396 - INFO - Elapsed Time: 46.71s | Pan Error: -53.91 | Face Confidence: 55%
2025-03-06 23:45:06,479 - INFO - Elapsed Time: 46.80s | Pan Error: 4.69 | Face Confidence: 62%
2025-03-06 23:45:06,560 - INFO - Elapsed Time: 46.88s | Pan Error: 13.28 | Face Confidence: 65%
2025-03-06 23:45:06,644 - INFO - Elapsed Time: 46.96s | Pan Error: 26.25 | Face Confidence: 58%
2025-03-06 23:45:06,727 - INFO - Elapsed Time: 47.04s | Pan Error: -28.12 | Face Confidence: 66%
2025-03-06 23:45:06,808 - INFO - Elapsed Time: 47.13s | Pan Error: 26.88 | Face Confidence: 63%
2025-03-06 23:45:06,892 - INFO - Elapsed Time: 47.21s | Pan Error: -32.34 | Face Confidence: 67%
2025-03-06 23:45:06,979 - INFO - Elapsed Time: 47.29s | Pan Error: 17.34 | Face Confidence: 61%
2025-03-06 23:45:07,060 - INFO - Elapsed Time: 47.38s | Pan Error: 17.03 | Face Confidence: 76%
2025-03-06 23:45:07,140 - INFO - Elapsed Time: 47.46s | Pan Error: 17.50 | Face Confidence: 72%
2025-03-06 23:45:07,224 - INFO - Elapsed Time: 47.54s | Pan Error: 17.81 | Face Confidence: 68%
2025-03-06 23:45:07,308 - INFO - Elapsed Time: 47.62s | Pan Error: 12.19 | Face Confidence: 63%
2025-03-06 23:45:07,393 - INFO - Elapsed Time: 47.71s | Pan Error: -54.84 | Face Confidence: 62%
2025-03-06 23:45:07,478 - INFO - Elapsed Time: 47.80s | Pan Error: -10.00 | Face Confidence: 66%
2025-03-06 23:45:07,560 - INFO - Elapsed Time: 47.88s | Pan Error: -8.75 | Face Confidence: 71%
2025-03-06 23:45:07,641 - INFO - Elapsed Time: 47.96s | Pan Error: 2.50 | Face Confidence: 54%
2025-03-06 23:45:07,724 - INFO - Elapsed Time: 48.04s | Pan Error: 6.41 | Face Confidence: 57%
2025-03-06 23:45:07,806 - INFO - Elapsed Time: 48.12s | Pan Error: 16.25 | Face Confidence: 65%
2025-03-06 23:45:07,886 - INFO - Elapsed Time: 48.20s | Pan Error: 15.31 | Face Confidence: 68%
2025-03-06 23:45:07,967 - INFO - Elapsed Time: 48.28s | Pan Error: 12.66 | Face Confidence: 67%
2025-03-06 23:45:08,066 - INFO - Elapsed Time: 48.37s | Pan Error: 6.09 | Face Confidence: 59%
2025-03-06 23:45:08,157 - INFO - Elapsed Time: 48.47s | Pan Error: -5.62 | Face Confidence: 56%
2025-03-06 23:45:08,240 - INFO - Elapsed Time: 48.56s | Pan Error: -10.16 | Face Confidence: 59%
2025-03-06 23:45:08,327 - INFO - Elapsed Time: 48.64s | Pan Error: -6.25 | Face Confidence: 69%
2025-03-06 23:45:09,310 - INFO - Elapsed Time: 49.62s | Pan Error: -53.75 | Face Confidence: 56%
2025-03-06 23:45:11,091 - INFO - Elapsed Time: 51.41s | Pan Error: -17.34 | Face Confidence: 54%
2025-03-06 23:45:11,255 - INFO - Elapsed Time: 51.57s | Pan Error: 20.62 | Face Confidence: 52%
2025-03-06 23:45:11,339 - INFO - Elapsed Time: 51.66s | Pan Error: 29.22 | Face Confidence: 57%
2025-03-06 23:45:11,427 - INFO - Elapsed Time: 51.74s | Pan Error: 27.34 | Face Confidence: 61%
2025-03-06 23:45:11,508 - INFO - Elapsed Time: 51.83s | Pan Error: 14.22 | Face Confidence: 54%
2025-03-06 23:45:11,591 - INFO - Elapsed Time: 51.91s | Pan Error: 3.75 | Face Confidence: 57%
2025-03-06 23:45:11,673 - INFO - Elapsed Time: 51.99s | Pan Error: -11.88 | Face Confidence: 51%
2025-03-06 23:45:11,834 - INFO - Elapsed Time: 52.15s | Pan Error: -24.84 | Face Confidence: 52%
2025-03-06 23:45:13,338 - INFO - Stream stats - Frame: 1500, Size: 242202 bytes, Clients: 1
2025-03-06 23:45:13,568 - INFO - Elapsed Time: 53.88s | Pan Error: -38.75 | Face Confidence: 65%
2025-03-06 23:45:14,038 - INFO - Elapsed Time: 54.35s | Pan Error: 1.72 | Face Confidence: 51%
2025-03-06 23:45:14,197 - INFO - Elapsed Time: 54.52s | Pan Error: 2.97 | Face Confidence: 51%
2025-03-06 23:45:14,588 - INFO - Elapsed Time: 54.91s | Pan Error: 5.00 | Face Confidence: 52%
2025-03-06 23:45:14,900 - INFO - Elapsed Time: 55.22s | Pan Error: -0.94 | Face Confidence: 52%
2025-03-06 23:45:14,980 - INFO - Elapsed Time: 55.30s | Pan Error: -3.75 | Face Confidence: 52%
2025-03-06 23:45:17,138 - INFO - Elapsed Time: 57.45s | Pan Error: -7.34 | Face Confidence: 54%
2025-03-06 23:45:17,371 - INFO - Elapsed Time: 57.69s | Pan Error: -17.19 | Face Confidence: 60%
2025-03-06 23:45:18,069 - INFO - Elapsed Time: 58.38s | Pan Error: -27.81 | Face Confidence: 57%
2025-03-06 23:45:18,231 - INFO - Elapsed Time: 58.54s | Pan Error: 16.09 | Face Confidence: 58%
2025-03-06 23:45:18,332 - INFO - Elapsed Time: 58.64s | Pan Error: -12.03 | Face Confidence: 75%
2025-03-06 23:45:18,490 - INFO - Elapsed Time: 58.81s | Pan Error: -16.88 | Face Confidence: 56%
2025-03-06 23:45:18,646 - INFO - Elapsed Time: 58.97s | Pan Error: 12.66 | Face Confidence: 59%
2025-03-06 23:45:18,963 - INFO - Elapsed Time: 59.28s | Pan Error: 8.12 | Face Confidence: 57%
2025-03-06 23:45:19,501 - INFO - Elapsed Time: 59.82s | Pan Error: 34.38 | Face Confidence: 53%
2025-03-06 23:45:19,582 - INFO - Elapsed Time: 59.90s | Pan Error: 38.28 | Face Confidence: 53%
2025-03-06 23:45:19,902 - INFO - Elapsed Time: 60.22s | Pan Error: 12.03 | Face Confidence: 54%
2025-03-06 23:45:20,055 - INFO - Elapsed Time: 60.37s | Pan Error: 6.41 | Face Confidence: 52%
2025-03-06 23:45:20,147 - INFO - Elapsed Time: 60.46s | Pan Error: 2.81 | Face Confidence: 54%
2025-03-06 23:45:20,227 - INFO - Elapsed Time: 60.55s | Pan Error: -4.69 | Face Confidence: 57%
2025-03-06 23:45:20,385 - INFO - Elapsed Time: 60.70s | Pan Error: -2.03 | Face Confidence: 62%
2025-03-06 23:45:20,471 - INFO - Elapsed Time: 60.79s | Pan Error: -4.06 | Face Confidence: 69%
2025-03-06 23:45:20,627 - INFO - Elapsed Time: 60.95s | Pan Error: -4.06 | Face Confidence: 51%
2025-03-06 23:45:20,711 - INFO - Elapsed Time: 61.03s | Pan Error: -7.66 | Face Confidence: 54%
2025-03-06 23:45:20,875 - INFO - Elapsed Time: 61.19s | Pan Error: -10.31 | Face Confidence: 50%
2025-03-06 23:45:20,966 - INFO - Elapsed Time: 61.28s | Pan Error: -13.12 | Face Confidence: 56%
2025-03-06 23:45:21,203 - INFO - Elapsed Time: 61.52s | Pan Error: -8.75 | Face Confidence: 59%
2025-03-06 23:45:21,283 - INFO - Elapsed Time: 61.60s | Pan Error: -5.62 | Face Confidence: 58%
2025-03-06 23:45:21,372 - INFO - Elapsed Time: 61.68s | Pan Error: -5.47 | Face Confidence: 52%
2025-03-06 23:45:21,980 - INFO - Elapsed Time: 62.30s | Pan Error: -28.28 | Face Confidence: 59%
2025-03-06 23:45:22,060 - INFO - Elapsed Time: 62.38s | Pan Error: -34.69 | Face Confidence: 57%
2025-03-06 23:45:22,215 - INFO - Elapsed Time: 62.53s | Pan Error: 0.47 | Face Confidence: 54%
2025-03-06 23:45:22,371 - INFO - Elapsed Time: 62.69s | Pan Error: -13.28 | Face Confidence: 58%
2025-03-06 23:45:22,527 - INFO - Elapsed Time: 62.85s | Pan Error: 18.12 | Face Confidence: 62%
2025-03-06 23:45:22,682 - INFO - Elapsed Time: 63.00s | Pan Error: -23.59 | Face Confidence: 61%
2025-03-06 23:45:22,765 - INFO - Elapsed Time: 63.08s | Pan Error: -27.81 | Face Confidence: 59%
2025-03-06 23:45:22,844 - INFO - Elapsed Time: 63.16s | Pan Error: 28.28 | Face Confidence: 54%
2025-03-06 23:45:23,004 - INFO - Elapsed Time: 63.32s | Pan Error: -27.97 | Face Confidence: 61%
2025-03-06 23:45:23,087 - INFO - Elapsed Time: 63.40s | Pan Error: -28.75 | Face Confidence: 59%
2025-03-06 23:45:23,169 - INFO - Elapsed Time: 63.49s | Pan Error: -27.03 | Face Confidence: 51%
2025-03-06 23:45:23,248 - INFO - Elapsed Time: 63.57s | Pan Error: -21.72 | Face Confidence: 62%
2025-03-06 23:45:23,333 - INFO - Elapsed Time: 63.65s | Pan Error: 61.25 | Face Confidence: 56%
2025-03-06 23:45:23,400 - INFO - Stream stats - Frame: 1800, Size: 208334 bytes, Clients: 1
2025-03-06 23:45:23,434 - INFO - Elapsed Time: 63.74s | Pan Error: 67.81 | Face Confidence: 54%
2025-03-06 23:45:23,589 - INFO - Elapsed Time: 63.91s | Pan Error: 32.03 | Face Confidence: 52%
2025-03-06 23:45:23,670 - INFO - Elapsed Time: 63.99s | Pan Error: 36.88 | Face Confidence: 69%
2025-03-06 23:45:24,203 - INFO - Elapsed Time: 64.52s | Pan Error: -32.50 | Face Confidence: 54%
2025-03-06 23:45:24,585 - INFO - Elapsed Time: 64.90s | Pan Error: -9.84 | Face Confidence: 58%
2025-03-06 23:45:25,363 - INFO - Elapsed Time: 65.68s | Pan Error: 4.53 | Face Confidence: 53%
2025-03-06 23:45:26,589 - INFO - Elapsed Time: 66.91s | Pan Error: 8.91 | Face Confidence: 54%
2025-03-06 23:45:26,907 - INFO - Elapsed Time: 67.22s | Pan Error: 17.50 | Face Confidence: 58%
2025-03-06 23:45:26,988 - INFO - Elapsed Time: 67.31s | Pan Error: 15.78 | Face Confidence: 57%
2025-03-06 23:45:27,069 - INFO - Elapsed Time: 67.39s | Pan Error: -7.97 | Face Confidence: 57%
2025-03-06 23:45:27,225 - INFO - Elapsed Time: 67.54s | Pan Error: 38.91 | Face Confidence: 51%
2025-03-06 23:45:28,646 - INFO - Elapsed Time: 68.96s | Pan Error: -26.25 | Face Confidence: 66%
2025-03-06 23:45:28,730 - INFO - Elapsed Time: 69.05s | Pan Error: -21.41 | Face Confidence: 60%
2025-03-06 23:45:28,891 - INFO - Elapsed Time: 69.21s | Pan Error: -10.00 | Face Confidence: 55%
2025-03-06 23:45:28,973 - INFO - Elapsed Time: 69.29s | Pan Error: -0.78 | Face Confidence: 51%
2025-03-06 23:45:29,055 - INFO - Elapsed Time: 69.37s | Pan Error: 3.59 | Face Confidence: 65%
2025-03-06 23:45:29,140 - INFO - Elapsed Time: 69.45s | Pan Error: 8.75 | Face Confidence: 52%
2025-03-06 23:45:29,223 - INFO - Elapsed Time: 69.54s | Pan Error: 13.75 | Face Confidence: 67%
2025-03-06 23:45:29,307 - INFO - Elapsed Time: 69.62s | Pan Error: 11.41 | Face Confidence: 56%
2025-03-06 23:45:29,543 - INFO - Elapsed Time: 69.86s | Pan Error: -2.66 | Face Confidence: 60%
2025-03-06 23:45:29,625 - INFO - Elapsed Time: 69.94s | Pan Error: -7.81 | Face Confidence: 60%
2025-03-06 23:45:29,703 - INFO - Elapsed Time: 70.02s | Pan Error: -7.19 | Face Confidence: 55%
2025-03-06 23:45:29,786 - INFO - Elapsed Time: 70.10s | Pan Error: -7.19 | Face Confidence: 53%
2025-03-06 23:45:29,867 - INFO - Elapsed Time: 70.19s | Pan Error: -4.22 | Face Confidence: 52%
2025-03-06 23:45:29,949 - INFO - Elapsed Time: 70.27s | Pan Error: -5.00 | Face Confidence: 65%
2025-03-06 23:45:30,032 - INFO - Elapsed Time: 70.35s | Pan Error: -6.25 | Face Confidence: 61%
2025-03-06 23:45:30,114 - INFO - Elapsed Time: 70.43s | Pan Error: -3.12 | Face Confidence: 57%
2025-03-06 23:45:30,196 - INFO - Elapsed Time: 70.51s | Pan Error: 0.16 | Face Confidence: 55%
2025-03-06 23:45:30,280 - INFO - Elapsed Time: 70.60s | Pan Error: 6.56 | Face Confidence: 59%
2025-03-06 23:45:30,364 - INFO - Elapsed Time: 70.68s | Pan Error: 9.69 | Face Confidence: 68%
2025-03-06 23:45:30,444 - INFO - Elapsed Time: 70.76s | Pan Error: 4.84 | Face Confidence: 63%
2025-03-06 23:45:30,601 - INFO - Elapsed Time: 70.92s | Pan Error: 11.72 | Face Confidence: 61%
2025-03-06 23:45:30,684 - INFO - Elapsed Time: 71.00s | Pan Error: 3.12 | Face Confidence: 62%
2025-03-06 23:45:30,766 - INFO - Elapsed Time: 71.08s | Pan Error: 7.34 | Face Confidence: 56%
2025-03-06 23:45:30,999 - INFO - Elapsed Time: 71.32s | Pan Error: -9.53 | Face Confidence: 66%
2025-03-06 23:45:31,078 - INFO - Elapsed Time: 71.40s | Pan Error: -1.09 | Face Confidence: 67%
2025-03-06 23:45:31,243 - INFO - Elapsed Time: 71.56s | Pan Error: -10.78 | Face Confidence: 68%
2025-03-06 23:45:31,327 - INFO - Elapsed Time: 71.64s | Pan Error: -9.84 | Face Confidence: 67%
2025-03-06 23:45:31,407 - INFO - Elapsed Time: 71.73s | Pan Error: -17.03 | Face Confidence: 61%
2025-03-06 23:45:31,493 - INFO - Elapsed Time: 71.81s | Pan Error: -17.34 | Face Confidence: 52%
2025-03-06 23:45:32,352 - INFO - Elapsed Time: 72.67s | Pan Error: -10.31 | Face Confidence: 53%
2025-03-06 23:45:32,516 - INFO - Elapsed Time: 72.83s | Pan Error: -17.19 | Face Confidence: 51%
2025-03-06 23:45:32,751 - INFO - Elapsed Time: 73.07s | Pan Error: -13.91 | Face Confidence: 50%
2025-03-06 23:45:33,209 - INFO - Elapsed Time: 73.53s | Pan Error: -15.00 | Face Confidence: 61%
2025-03-06 23:45:33,291 - INFO - Elapsed Time: 73.61s | Pan Error: -19.06 | Face Confidence: 50%
2025-03-06 23:45:33,450 - INFO - Stream stats - Frame: 2100, Size: 207043 bytes, Clients: 1
2025-03-06 23:45:33,520 - INFO - Elapsed Time: 73.84s | Pan Error: -15.94 | Face Confidence: 58%
2025-03-06 23:45:33,706 - INFO - Elapsed Time: 74.02s | Pan Error: -17.97 | Face Confidence: 50%
2025-03-06 23:45:33,864 - INFO - Elapsed Time: 74.18s | Pan Error: -12.81 | Face Confidence: 64%
2025-03-06 23:45:33,946 - INFO - Elapsed Time: 74.27s | Pan Error: 28.59 | Face Confidence: 59%
2025-03-06 23:45:34,026 - INFO - Elapsed Time: 74.35s | Pan Error: -9.69 | Face Confidence: 51%
2025-03-06 23:45:34,112 - INFO - Elapsed Time: 74.43s | Pan Error: 30.63 | Face Confidence: 55%
2025-03-06 23:45:34,192 - INFO - Elapsed Time: 74.51s | Pan Error: 34.84 | Face Confidence: 57%
2025-03-06 23:45:34,274 - INFO - Elapsed Time: 74.59s | Pan Error: 36.25 | Face Confidence: 66%
2025-03-06 23:45:34,356 - INFO - Elapsed Time: 74.67s | Pan Error: 20.16 | Face Confidence: 63%
2025-03-06 23:45:34,434 - INFO - Elapsed Time: 74.75s | Pan Error: 9.69 | Face Confidence: 66%
2025-03-06 23:45:34,513 - INFO - Elapsed Time: 74.83s | Pan Error: -9.38 | Face Confidence: 66%
2025-03-06 23:45:34,595 - INFO - Elapsed Time: 74.91s | Pan Error: -20.94 | Face Confidence: 55%
2025-03-06 23:45:35,130 - INFO - Elapsed Time: 75.45s | Pan Error: -19.84 | Face Confidence: 50%
2025-03-06 23:45:35,213 - INFO - Elapsed Time: 75.53s | Pan Error: -19.38 | Face Confidence: 50%
2025-03-06 23:45:35,440 - INFO - Elapsed Time: 75.76s | Pan Error: -10.94 | Face Confidence: 57%
2025-03-06 23:45:35,673 - INFO - Elapsed Time: 75.99s | Pan Error: 3.12 | Face Confidence: 54%
2025-03-06 23:45:35,754 - INFO - Elapsed Time: 76.07s | Pan Error: 19.06 | Face Confidence: 66%
2025-03-06 23:45:35,987 - INFO - Elapsed Time: 76.31s | Pan Error: 25.31 | Face Confidence: 61%
2025-03-06 23:45:36,299 - INFO - Elapsed Time: 76.62s | Pan Error: 10.47 | Face Confidence: 58%
2025-03-06 23:45:36,382 - INFO - Elapsed Time: 76.70s | Pan Error: 7.66 | Face Confidence: 52%
2025-03-06 23:45:36,464 - INFO - Elapsed Time: 76.78s | Pan Error: 8.44 | Face Confidence: 58%
2025-03-06 23:45:36,542 - INFO - Elapsed Time: 76.86s | Pan Error: 7.19 | Face Confidence: 67%
2025-03-06 23:45:36,704 - INFO - Elapsed Time: 77.02s | Pan Error: -4.22 | Face Confidence: 61%
2025-03-06 23:45:36,787 - INFO - Elapsed Time: 77.11s | Pan Error: -9.53 | Face Confidence: 60%
2025-03-06 23:45:36,867 - INFO - Elapsed Time: 77.19s | Pan Error: -14.22 | Face Confidence: 61%
2025-03-06 23:45:36,952 - INFO - Elapsed Time: 77.27s | Pan Error: -12.19 | Face Confidence: 53%
2025-03-06 23:45:37,186 - INFO - Elapsed Time: 77.50s | Pan Error: -5.94 | Face Confidence: 62%
2025-03-06 23:45:37,266 - INFO - Elapsed Time: 77.58s | Pan Error: -2.03 | Face Confidence: 57%
2025-03-06 23:45:37,346 - INFO - Elapsed Time: 77.67s | Pan Error: -4.69 | Face Confidence: 55%
2025-03-06 23:45:37,583 - INFO - Elapsed Time: 77.90s | Pan Error: -14.84 | Face Confidence: 50%
2025-03-06 23:45:37,965 - INFO - Elapsed Time: 78.28s | Pan Error: -4.69 | Face Confidence: 53%
2025-03-06 23:45:38,047 - INFO - Elapsed Time: 78.36s | Pan Error: -6.09 | Face Confidence: 56%
2025-03-06 23:45:38,133 - INFO - Elapsed Time: 78.45s | Pan Error: -4.22 | Face Confidence: 59%
2025-03-06 23:45:38,288 - INFO - Elapsed Time: 78.60s | Pan Error: -5.31 | Face Confidence: 64%
2025-03-06 23:45:38,440 - INFO - Elapsed Time: 78.76s | Pan Error: -0.94 | Face Confidence: 57%
2025-03-06 23:45:38,685 - INFO - Elapsed Time: 78.99s | Pan Error: -3.12 | Face Confidence: 52%
2025-03-06 23:45:38,849 - INFO - Elapsed Time: 79.17s | Pan Error: -2.97 | Face Confidence: 53%
2025-03-06 23:45:38,933 - INFO - Elapsed Time: 79.25s | Pan Error: 1.09 | Face Confidence: 54%
2025-03-06 23:45:39,013 - INFO - Elapsed Time: 79.33s | Pan Error: 0.00 | Face Confidence: 56%
2025-03-06 23:45:39,399 - INFO - Elapsed Time: 79.72s | Pan Error: -1.56 | Face Confidence: 50%
2025-03-06 23:45:42,242 - INFO - Elapsed Time: 82.56s | Pan Error: -5.94 | Face Confidence: 63%
2025-03-06 23:45:42,324 - INFO - Elapsed Time: 82.64s | Pan Error: 4.06 | Face Confidence: 57%
2025-03-06 23:45:43,494 - INFO - Stream stats - Frame: 2400, Size: 229186 bytes, Clients: 1
2025-03-06 23:45:49,362 - INFO - Camera stopped
