2025-03-13 01:34:20,944 - INFO - Face tracking logging system initialized.
2025-03-13 01:34:20,994 - INFO - Initialization successful.
2025-03-13 01:34:20,995 - INFO - Camera now open.
2025-03-13 01:34:20,999 - INFO - Camera configuration has been adjusted!
2025-03-13 01:34:21,001 - INFO - Configuration successful!
2025-03-13 01:34:21,046 - INFO - Camera started
2025-03-13 01:34:21,059 - INFO - [31m[1mWARNING: This is a development server. Do not use it in a production deployment. Use a production WSGI server instead.[0m
 * Running on all addresses (0.0.0.0)
 * Running on http://127.0.0.1:5000
 * Running on http://172.20.10.4:5000
2025-03-13 01:34:21,059 - INFO - [33mPress CTRL+C to quit[0m
2025-03-13 01:34:21,257 - INFO - Stream stats - Frame: 0, Size: 187551 bytes, Clients: 0
2025-03-13 01:34:21,515 - INFO - 172.20.10.2 - - [13/Mar/2025 01:34:21] "GET / HTTP/1.1" 200 -
2025-03-13 01:34:21,570 - INFO - Client connected. Total clients: 1
2025-03-13 01:34:21,642 - INFO - 172.20.10.2 - - [13/Mar/2025 01:34:21] "GET /video_feed HTTP/1.1" 200 -
2025-03-13 01:34:24,954 - INFO - Elapsed Time: 3.87s | Pan Error: -46.56 | Face Confidence: 62%
2025-03-13 01:34:25,044 - INFO - Elapsed Time: 3.96s | Pan Error: -54.37 | Face Confidence: 75%
2025-03-13 01:34:25,129 - INFO - Elapsed Time: 4.05s | Pan Error: -37.03 | Face Confidence: 63%
2025-03-13 01:34:25,296 - INFO - Elapsed Time: 4.21s | Pan Error: 2.50 | Face Confidence: 68%
2025-03-13 01:34:25,385 - INFO - Elapsed Time: 4.30s | Pan Error: 24.53 | Face Confidence: 87%
2025-03-13 01:34:25,476 - INFO - Elapsed Time: 4.39s | Pan Error: 25.78 | Face Confidence: 87%
2025-03-13 01:34:25,588 - INFO - Elapsed Time: 4.50s | Pan Error: 10.16 | Face Confidence: 88%
2025-03-13 01:34:25,675 - INFO - Elapsed Time: 4.59s | Pan Error: -12.03 | Face Confidence: 78%
2025-03-13 01:34:25,768 - INFO - Elapsed Time: 4.68s | Pan Error: -23.44 | Face Confidence: 85%
2025-03-13 01:34:25,854 - INFO - Elapsed Time: 4.77s | Pan Error: -29.06 | Face Confidence: 88%
2025-03-13 01:34:25,939 - INFO - Elapsed Time: 4.86s | Pan Error: -20.47 | Face Confidence: 91%
2025-03-13 01:34:26,031 - INFO - Elapsed Time: 4.95s | Pan Error: -11.56 | Face Confidence: 84%
2025-03-13 01:34:26,119 - INFO - Elapsed Time: 5.04s | Pan Error: -9.69 | Face Confidence: 93%
2025-03-13 01:34:26,204 - INFO - Elapsed Time: 5.12s | Pan Error: -14.37 | Face Confidence: 87%
2025-03-13 01:34:26,291 - INFO - Elapsed Time: 5.21s | Pan Error: -24.53 | Face Confidence: 88%
2025-03-13 01:34:26,379 - INFO - Elapsed Time: 5.30s | Pan Error: -31.87 | Face Confidence: 90%
2025-03-13 01:34:26,469 - INFO - Elapsed Time: 5.39s | Pan Error: -36.88 | Face Confidence: 91%
2025-03-13 01:34:26,559 - INFO - Elapsed Time: 5.48s | Pan Error: -33.12 | Face Confidence: 89%
2025-03-13 01:34:26,647 - INFO - Elapsed Time: 5.56s | Pan Error: -22.97 | Face Confidence: 87%
2025-03-13 01:34:26,733 - INFO - Elapsed Time: 5.65s | Pan Error: -13.59 | Face Confidence: 87%
2025-03-13 01:34:26,825 - INFO - Elapsed Time: 5.74s | Pan Error: 1.09 | Face Confidence: 91%
2025-03-13 01:34:26,913 - INFO - Elapsed Time: 5.83s | Pan Error: 12.19 | Face Confidence: 91%
2025-03-13 01:34:27,009 - INFO - Elapsed Time: 5.92s | Pan Error: 14.53 | Face Confidence: 94%
2025-03-13 01:34:27,095 - INFO - Elapsed Time: 6.01s | Pan Error: 12.81 | Face Confidence: 91%
2025-03-13 01:34:27,185 - INFO - Elapsed Time: 6.10s | Pan Error: 8.28 | Face Confidence: 91%
2025-03-13 01:34:27,273 - INFO - Elapsed Time: 6.19s | Pan Error: -0.16 | Face Confidence: 87%
2025-03-13 01:34:27,358 - INFO - Elapsed Time: 6.28s | Pan Error: -15.94 | Face Confidence: 89%
2025-03-13 01:34:27,445 - INFO - Elapsed Time: 6.36s | Pan Error: -26.88 | Face Confidence: 82%
2025-03-13 01:34:27,538 - INFO - Elapsed Time: 6.45s | Pan Error: -42.34 | Face Confidence: 93%
2025-03-13 01:34:27,628 - INFO - Elapsed Time: 6.55s | Pan Error: -49.06 | Face Confidence: 88%
2025-03-13 01:34:27,714 - INFO - Elapsed Time: 6.63s | Pan Error: -47.03 | Face Confidence: 91%
2025-03-13 01:34:27,805 - INFO - Elapsed Time: 6.72s | Pan Error: -18.91 | Face Confidence: 88%
2025-03-13 01:34:27,893 - INFO - Elapsed Time: 6.81s | Pan Error: 2.81 | Face Confidence: 85%
2025-03-13 01:34:27,983 - INFO - Elapsed Time: 6.90s | Pan Error: 18.12 | Face Confidence: 91%
2025-03-13 01:34:28,071 - INFO - Elapsed Time: 6.99s | Pan Error: 29.84 | Face Confidence: 94%
2025-03-13 01:34:28,164 - INFO - Elapsed Time: 7.08s | Pan Error: 30.78 | Face Confidence: 93%
2025-03-13 01:34:28,254 - INFO - Elapsed Time: 7.17s | Pan Error: 23.44 | Face Confidence: 94%
2025-03-13 01:34:28,341 - INFO - Elapsed Time: 7.26s | Pan Error: 15.31 | Face Confidence: 90%
2025-03-13 01:34:28,426 - INFO - Elapsed Time: 7.35s | Pan Error: 6.56 | Face Confidence: 90%
2025-03-13 01:34:28,515 - INFO - Elapsed Time: 7.43s | Pan Error: 5.16 | Face Confidence: 90%
2025-03-13 01:34:28,604 - INFO - Elapsed Time: 7.52s | Pan Error: 6.25 | Face Confidence: 92%
2025-03-13 01:34:28,688 - INFO - Elapsed Time: 7.61s | Pan Error: 8.28 | Face Confidence: 93%
2025-03-13 01:34:28,773 - INFO - Elapsed Time: 7.69s | Pan Error: 13.59 | Face Confidence: 91%
2025-03-13 01:34:28,859 - INFO - Elapsed Time: 7.78s | Pan Error: 18.12 | Face Confidence: 87%
2025-03-13 01:34:28,943 - INFO - Elapsed Time: 7.86s | Pan Error: 14.37 | Face Confidence: 89%
2025-03-13 01:34:29,031 - INFO - Elapsed Time: 7.95s | Pan Error: 11.09 | Face Confidence: 93%
2025-03-13 01:34:29,116 - INFO - Elapsed Time: 8.03s | Pan Error: 8.12 | Face Confidence: 93%
2025-03-13 01:34:29,204 - INFO - Elapsed Time: 8.12s | Pan Error: 5.94 | Face Confidence: 81%
2025-03-13 01:34:29,291 - INFO - Elapsed Time: 8.21s | Pan Error: 9.69 | Face Confidence: 74%
2025-03-13 01:34:29,379 - INFO - Elapsed Time: 8.30s | Pan Error: 18.91 | Face Confidence: 75%
2025-03-13 01:34:29,465 - INFO - Elapsed Time: 8.38s | Pan Error: 24.84 | Face Confidence: 65%
2025-03-13 01:34:29,554 - INFO - Elapsed Time: 8.47s | Pan Error: 26.25 | Face Confidence: 70%
2025-03-13 01:34:29,642 - INFO - Elapsed Time: 8.56s | Pan Error: 31.25 | Face Confidence: 51%
2025-03-13 01:34:29,805 - INFO - Elapsed Time: 8.72s | Pan Error: 31.25 | Face Confidence: 60%
2025-03-13 01:34:30,922 - INFO - Elapsed Time: 9.84s | Pan Error: -55.31 | Face Confidence: 65%
2025-03-13 01:34:31,012 - INFO - Elapsed Time: 9.93s | Pan Error: -48.75 | Face Confidence: 59%
2025-03-13 01:34:31,340 - INFO - Elapsed Time: 10.26s | Pan Error: 10.78 | Face Confidence: 71%
2025-03-13 01:34:31,435 - INFO - Elapsed Time: 10.35s | Pan Error: 15.47 | Face Confidence: 76%
2025-03-13 01:34:31,524 - INFO - Elapsed Time: 10.44s | Pan Error: 11.72 | Face Confidence: 72%
2025-03-13 01:34:31,610 - INFO - Elapsed Time: 10.53s | Pan Error: 1.88 | Face Confidence: 74%
2025-03-13 01:34:31,649 - INFO - Stream stats - Frame: 300, Size: 162759 bytes, Clients: 1
2025-03-13 01:34:31,695 - INFO - Elapsed Time: 10.61s | Pan Error: -24.22 | Face Confidence: 60%
2025-03-13 01:34:31,786 - INFO - Elapsed Time: 10.70s | Pan Error: -47.66 | Face Confidence: 74%
2025-03-13 01:34:31,870 - INFO - Elapsed Time: 10.79s | Pan Error: -64.53 | Face Confidence: 71%
2025-03-13 01:34:31,958 - INFO - Elapsed Time: 10.88s | Pan Error: -70.62 | Face Confidence: 83%
2025-03-13 01:34:33,536 - INFO - Elapsed Time: 12.45s | Pan Error: 25.31 | Face Confidence: 59%
2025-03-13 01:34:33,628 - INFO - Elapsed Time: 12.54s | Pan Error: 27.19 | Face Confidence: 72%
2025-03-13 01:34:33,800 - INFO - Elapsed Time: 12.72s | Pan Error: 9.06 | Face Confidence: 75%
2025-03-13 01:34:33,891 - INFO - Elapsed Time: 12.81s | Pan Error: 2.50 | Face Confidence: 76%
2025-03-13 01:34:33,982 - INFO - Elapsed Time: 12.90s | Pan Error: -3.12 | Face Confidence: 74%
2025-03-13 01:34:34,074 - INFO - Elapsed Time: 12.99s | Pan Error: -9.22 | Face Confidence: 78%
2025-03-13 01:34:34,162 - INFO - Elapsed Time: 13.08s | Pan Error: -12.19 | Face Confidence: 66%
2025-03-13 01:34:34,251 - INFO - Elapsed Time: 13.17s | Pan Error: -11.88 | Face Confidence: 65%
2025-03-13 01:34:34,339 - INFO - Elapsed Time: 13.26s | Pan Error: -11.72 | Face Confidence: 65%
2025-03-13 01:34:34,506 - INFO - Elapsed Time: 13.42s | Pan Error: -4.06 | Face Confidence: 54%
2025-03-13 01:34:34,593 - INFO - Elapsed Time: 13.51s | Pan Error: 0.62 | Face Confidence: 64%
2025-03-13 01:34:34,681 - INFO - Elapsed Time: 13.60s | Pan Error: 3.75 | Face Confidence: 55%
2025-03-13 01:34:34,773 - INFO - Elapsed Time: 13.69s | Pan Error: -2.34 | Face Confidence: 54%
2025-03-13 01:34:34,945 - INFO - Elapsed Time: 13.86s | Pan Error: -1.09 | Face Confidence: 64%
2025-03-13 01:34:35,125 - INFO - Elapsed Time: 14.04s | Pan Error: -5.16 | Face Confidence: 53%
2025-03-13 01:34:35,215 - INFO - Elapsed Time: 14.13s | Pan Error: -2.19 | Face Confidence: 70%
2025-03-13 01:34:35,305 - INFO - Elapsed Time: 14.22s | Pan Error: 1.41 | Face Confidence: 82%
2025-03-13 01:34:35,392 - INFO - Elapsed Time: 14.31s | Pan Error: 2.19 | Face Confidence: 84%
2025-03-13 01:34:35,481 - INFO - Elapsed Time: 14.40s | Pan Error: 5.00 | Face Confidence: 91%
2025-03-13 01:34:35,567 - INFO - Elapsed Time: 14.49s | Pan Error: 10.31 | Face Confidence: 91%
2025-03-13 01:34:35,657 - INFO - Elapsed Time: 14.58s | Pan Error: 19.06 | Face Confidence: 86%
2025-03-13 01:34:35,763 - INFO - Elapsed Time: 14.67s | Pan Error: 32.97 | Face Confidence: 91%
2025-03-13 01:34:35,849 - INFO - Elapsed Time: 14.77s | Pan Error: 41.09 | Face Confidence: 90%
2025-03-13 01:34:35,936 - INFO - Elapsed Time: 14.86s | Pan Error: 44.22 | Face Confidence: 93%
2025-03-13 01:34:36,021 - INFO - Elapsed Time: 14.94s | Pan Error: 42.03 | Face Confidence: 87%
2025-03-13 01:34:36,112 - INFO - Elapsed Time: 15.03s | Pan Error: 34.22 | Face Confidence: 90%
2025-03-13 01:34:36,200 - INFO - Elapsed Time: 15.12s | Pan Error: 24.69 | Face Confidence: 86%
2025-03-13 01:34:36,286 - INFO - Elapsed Time: 15.20s | Pan Error: 4.22 | Face Confidence: 85%
2025-03-13 01:34:36,372 - INFO - Elapsed Time: 15.29s | Pan Error: -20.78 | Face Confidence: 69%
2025-03-13 01:34:36,456 - INFO - Elapsed Time: 15.38s | Pan Error: -39.38 | Face Confidence: 54%
2025-03-13 01:34:36,543 - INFO - Elapsed Time: 15.46s | Pan Error: -61.56 | Face Confidence: 69%
2025-03-13 01:34:36,786 - INFO - Elapsed Time: 15.71s | Pan Error: -87.66 | Face Confidence: 66%
2025-03-13 01:34:37,032 - INFO - Elapsed Time: 15.95s | Pan Error: -67.19 | Face Confidence: 85%
2025-03-13 01:34:37,121 - INFO - Elapsed Time: 16.04s | Pan Error: -52.66 | Face Confidence: 92%
2025-03-13 01:34:37,209 - INFO - Elapsed Time: 16.13s | Pan Error: -31.09 | Face Confidence: 77%
2025-03-13 01:34:37,297 - INFO - Elapsed Time: 16.22s | Pan Error: -6.09 | Face Confidence: 69%
2025-03-13 01:34:37,387 - INFO - Elapsed Time: 16.30s | Pan Error: 32.03 | Face Confidence: 74%
2025-03-13 01:34:37,472 - INFO - Elapsed Time: 16.39s | Pan Error: 48.91 | Face Confidence: 79%
2025-03-13 01:34:37,559 - INFO - Elapsed Time: 16.48s | Pan Error: 57.50 | Face Confidence: 88%
2025-03-13 01:34:37,650 - INFO - Elapsed Time: 16.57s | Pan Error: 40.31 | Face Confidence: 77%
2025-03-13 01:34:37,739 - INFO - Elapsed Time: 16.66s | Pan Error: 29.22 | Face Confidence: 64%
2025-03-13 01:34:37,826 - INFO - Elapsed Time: 16.74s | Pan Error: -1.72 | Face Confidence: 62%
2025-03-13 01:34:37,912 - INFO - Elapsed Time: 16.83s | Pan Error: -23.28 | Face Confidence: 75%
2025-03-13 01:34:37,997 - INFO - Elapsed Time: 16.92s | Pan Error: -46.88 | Face Confidence: 70%
2025-03-13 01:34:38,086 - INFO - Elapsed Time: 17.00s | Pan Error: -48.75 | Face Confidence: 51%
2025-03-13 01:34:38,333 - INFO - Elapsed Time: 17.25s | Pan Error: -0.94 | Face Confidence: 75%
2025-03-13 01:34:38,425 - INFO - Elapsed Time: 17.34s | Pan Error: 7.34 | Face Confidence: 88%
2025-03-13 01:34:38,509 - INFO - Elapsed Time: 17.43s | Pan Error: 10.31 | Face Confidence: 75%
2025-03-13 01:34:38,596 - INFO - Elapsed Time: 17.51s | Pan Error: 9.06 | Face Confidence: 62%
2025-03-13 01:34:38,681 - INFO - Elapsed Time: 17.60s | Pan Error: 8.59 | Face Confidence: 58%
2025-03-13 01:34:41,704 - INFO - Stream stats - Frame: 600, Size: 214531 bytes, Clients: 1
2025-03-13 01:34:47,145 - INFO - Camera stopped
