2025-03-07 00:12:21,167 - INFO - Face tracking logging system initialized.
2025-03-07 00:12:21,216 - INFO - Initialization successful.
2025-03-07 00:12:21,217 - INFO - Camera now open.
2025-03-07 00:12:21,221 - INFO - Camera configuration has been adjusted!
2025-03-07 00:12:21,223 - INFO - Configuration successful!
2025-03-07 00:12:21,269 - INFO - Camera started
2025-03-07 00:12:21,283 - INFO - [31m[1mWARNING: This is a development server. Do not use it in a production deployment. Use a production WSGI server instead.[0m
 * Running on all addresses (0.0.0.0)
 * Running on http://127.0.0.1:5000
 * Running on http://172.20.10.4:5000
2025-03-07 00:12:21,283 - INFO - [33mPress CTRL+C to quit[0m
2025-03-07 00:12:21,480 - INFO - Stream stats - Frame: 0, Size: 190289 bytes, Clients: 0
2025-03-07 00:12:31,746 - INFO - 172.20.10.2 - - [07/Mar/2025 00:12:31] "GET / HTTP/1.1" 200 -
2025-03-07 00:12:31,809 - INFO - Client connected. Total clients: 1
2025-03-07 00:12:31,915 - INFO - 172.20.10.2 - - [07/Mar/2025 00:12:31] "GET /video_feed HTTP/1.1" 200 -
2025-03-07 00:12:34,685 - INFO - Elapsed Time: 13.38s | Pan Error: 30.31 | Face Confidence: 68%
2025-03-07 00:12:34,772 - INFO - Elapsed Time: 13.47s | Pan Error: 28.28 | Face Confidence: 70%
2025-03-07 00:12:35,739 - INFO - Elapsed Time: 14.43s | Pan Error: -16.72 | Face Confidence: 69%
2025-03-07 00:12:35,826 - INFO - Elapsed Time: 14.52s | Pan Error: -14.84 | Face Confidence: 81%
2025-03-07 00:12:36,152 - INFO - Elapsed Time: 14.85s | Pan Error: -9.84 | Face Confidence: 54%
2025-03-07 00:12:36,239 - INFO - Elapsed Time: 14.93s | Pan Error: -9.22 | Face Confidence: 72%
2025-03-07 00:12:36,486 - INFO - Elapsed Time: 15.18s | Pan Error: -8.75 | Face Confidence: 66%
2025-03-07 00:12:36,571 - INFO - Elapsed Time: 15.27s | Pan Error: -3.44 | Face Confidence: 61%
2025-03-07 00:12:36,659 - INFO - Elapsed Time: 15.35s | Pan Error: -65.47 | Face Confidence: 59%
2025-03-07 00:12:36,821 - INFO - Elapsed Time: 15.52s | Pan Error: -3.75 | Face Confidence: 55%
2025-03-07 00:12:37,074 - INFO - Elapsed Time: 15.77s | Pan Error: 29.69 | Face Confidence: 61%
2025-03-07 00:12:37,322 - INFO - Elapsed Time: 16.02s | Pan Error: 21.09 | Face Confidence: 75%
2025-03-07 00:12:37,407 - INFO - Elapsed Time: 16.10s | Pan Error: 16.25 | Face Confidence: 84%
2025-03-07 00:12:37,491 - INFO - Elapsed Time: 16.19s | Pan Error: 14.69 | Face Confidence: 68%
2025-03-07 00:12:37,577 - INFO - Elapsed Time: 16.27s | Pan Error: 6.25 | Face Confidence: 79%
2025-03-07 00:12:37,662 - INFO - Elapsed Time: 16.36s | Pan Error: 0.47 | Face Confidence: 80%
2025-03-07 00:12:37,748 - INFO - Elapsed Time: 16.44s | Pan Error: -8.12 | Face Confidence: 78%
2025-03-07 00:12:37,831 - INFO - Elapsed Time: 16.53s | Pan Error: -12.19 | Face Confidence: 81%
2025-03-07 00:12:37,914 - INFO - Elapsed Time: 16.61s | Pan Error: -11.09 | Face Confidence: 57%
2025-03-07 00:12:38,082 - INFO - Elapsed Time: 16.78s | Pan Error: -12.03 | Face Confidence: 73%
2025-03-07 00:12:38,173 - INFO - Elapsed Time: 16.87s | Pan Error: -8.59 | Face Confidence: 80%
2025-03-07 00:12:38,260 - INFO - Elapsed Time: 16.95s | Pan Error: -6.56 | Face Confidence: 71%
2025-03-07 00:12:38,343 - INFO - Elapsed Time: 17.04s | Pan Error: 0.16 | Face Confidence: 68%
2025-03-07 00:12:38,433 - INFO - Elapsed Time: 17.12s | Pan Error: 1.56 | Face Confidence: 70%
2025-03-07 00:12:38,527 - INFO - Elapsed Time: 17.22s | Pan Error: 6.09 | Face Confidence: 63%
2025-03-07 00:12:38,611 - INFO - Elapsed Time: 17.31s | Pan Error: 8.75 | Face Confidence: 67%
2025-03-07 00:12:38,699 - INFO - Elapsed Time: 17.39s | Pan Error: 8.59 | Face Confidence: 72%
2025-03-07 00:12:38,785 - INFO - Elapsed Time: 17.48s | Pan Error: 8.28 | Face Confidence: 63%
2025-03-07 00:12:38,871 - INFO - Elapsed Time: 17.57s | Pan Error: 2.03 | Face Confidence: 78%
2025-03-07 00:12:38,957 - INFO - Elapsed Time: 17.65s | Pan Error: -2.66 | Face Confidence: 74%
2025-03-07 00:12:39,046 - INFO - Elapsed Time: 17.74s | Pan Error: -6.25 | Face Confidence: 70%
2025-03-07 00:12:39,131 - INFO - Elapsed Time: 17.83s | Pan Error: -6.41 | Face Confidence: 72%
2025-03-07 00:12:39,216 - INFO - Elapsed Time: 17.91s | Pan Error: -6.25 | Face Confidence: 60%
2025-03-07 00:12:39,301 - INFO - Elapsed Time: 18.00s | Pan Error: -8.91 | Face Confidence: 72%
2025-03-07 00:12:39,384 - INFO - Elapsed Time: 18.08s | Pan Error: -10.47 | Face Confidence: 86%
2025-03-07 00:12:39,473 - INFO - Elapsed Time: 18.17s | Pan Error: -7.19 | Face Confidence: 73%
2025-03-07 00:12:39,557 - INFO - Elapsed Time: 18.25s | Pan Error: -4.38 | Face Confidence: 77%
2025-03-07 00:12:39,644 - INFO - Elapsed Time: 18.34s | Pan Error: 1.25 | Face Confidence: 91%
2025-03-07 00:12:39,728 - INFO - Elapsed Time: 18.42s | Pan Error: 3.59 | Face Confidence: 87%
2025-03-07 00:12:39,815 - INFO - Elapsed Time: 18.51s | Pan Error: 7.97 | Face Confidence: 85%
2025-03-07 00:12:39,903 - INFO - Elapsed Time: 18.60s | Pan Error: 7.97 | Face Confidence: 90%
2025-03-07 00:12:39,989 - INFO - Elapsed Time: 18.68s | Pan Error: 8.12 | Face Confidence: 78%
2025-03-07 00:12:40,077 - INFO - Elapsed Time: 18.77s | Pan Error: 6.88 | Face Confidence: 79%
2025-03-07 00:12:40,162 - INFO - Elapsed Time: 18.86s | Pan Error: 1.25 | Face Confidence: 82%
2025-03-07 00:12:40,251 - INFO - Elapsed Time: 18.94s | Pan Error: -2.97 | Face Confidence: 70%
2025-03-07 00:12:40,342 - INFO - Elapsed Time: 19.04s | Pan Error: -5.16 | Face Confidence: 78%
2025-03-07 00:12:40,426 - INFO - Elapsed Time: 19.12s | Pan Error: -7.50 | Face Confidence: 76%
2025-03-07 00:12:40,509 - INFO - Elapsed Time: 19.21s | Pan Error: -8.28 | Face Confidence: 72%
2025-03-07 00:12:40,594 - INFO - Elapsed Time: 19.29s | Pan Error: -6.72 | Face Confidence: 85%
2025-03-07 00:12:40,680 - INFO - Elapsed Time: 19.38s | Pan Error: -6.56 | Face Confidence: 77%
2025-03-07 00:12:40,768 - INFO - Elapsed Time: 19.46s | Pan Error: -3.12 | Face Confidence: 77%
2025-03-07 00:12:40,856 - INFO - Elapsed Time: 19.55s | Pan Error: -0.62 | Face Confidence: 79%
2025-03-07 00:12:40,940 - INFO - Elapsed Time: 19.64s | Pan Error: -64.06 | Face Confidence: 55%
2025-03-07 00:12:41,028 - INFO - Elapsed Time: 19.72s | Pan Error: -0.31 | Face Confidence: 74%
2025-03-07 00:12:41,193 - INFO - Elapsed Time: 19.89s | Pan Error: 25.62 | Face Confidence: 66%
2025-03-07 00:12:41,276 - INFO - Elapsed Time: 19.97s | Pan Error: 31.87 | Face Confidence: 83%
2025-03-07 00:12:41,361 - INFO - Elapsed Time: 20.06s | Pan Error: 33.59 | Face Confidence: 82%
2025-03-07 00:12:41,444 - INFO - Elapsed Time: 20.14s | Pan Error: 25.62 | Face Confidence: 64%
2025-03-07 00:12:41,686 - INFO - Elapsed Time: 20.38s | Pan Error: -16.25 | Face Confidence: 76%
2025-03-07 00:12:41,771 - INFO - Elapsed Time: 20.47s | Pan Error: -20.16 | Face Confidence: 73%
2025-03-07 00:12:41,857 - INFO - Stream stats - Frame: 300, Size: 169212 bytes, Clients: 1
2025-03-07 00:12:41,857 - INFO - Elapsed Time: 20.55s | Pan Error: -21.25 | Face Confidence: 79%
2025-03-07 00:12:42,047 - INFO - Elapsed Time: 20.73s | Pan Error: -13.75 | Face Confidence: 63%
2025-03-07 00:12:42,132 - INFO - Elapsed Time: 20.83s | Pan Error: -3.75 | Face Confidence: 85%
2025-03-07 00:12:42,220 - INFO - Elapsed Time: 20.91s | Pan Error: -4.53 | Face Confidence: 52%
2025-03-07 00:12:42,305 - INFO - Elapsed Time: 21.00s | Pan Error: -62.97 | Face Confidence: 53%
2025-03-07 00:12:42,550 - INFO - Elapsed Time: 21.25s | Pan Error: 24.84 | Face Confidence: 76%
2025-03-07 00:12:42,636 - INFO - Elapsed Time: 21.33s | Pan Error: 35.00 | Face Confidence: 79%
2025-03-07 00:12:42,723 - INFO - Elapsed Time: 21.42s | Pan Error: 38.44 | Face Confidence: 62%
2025-03-07 00:12:42,812 - INFO - Elapsed Time: 21.50s | Pan Error: 25.31 | Face Confidence: 63%
2025-03-07 00:12:42,900 - INFO - Elapsed Time: 21.59s | Pan Error: 10.47 | Face Confidence: 67%
2025-03-07 00:12:43,063 - INFO - Elapsed Time: 21.76s | Pan Error: -17.19 | Face Confidence: 69%
2025-03-07 00:12:43,145 - INFO - Elapsed Time: 21.84s | Pan Error: -23.44 | Face Confidence: 86%
2025-03-07 00:12:43,311 - INFO - Elapsed Time: 22.01s | Pan Error: -24.22 | Face Confidence: 78%
2025-03-07 00:12:43,400 - INFO - Elapsed Time: 22.09s | Pan Error: -18.28 | Face Confidence: 74%
2025-03-07 00:12:43,484 - INFO - Elapsed Time: 22.18s | Pan Error: -14.53 | Face Confidence: 68%
2025-03-07 00:12:43,572 - INFO - Elapsed Time: 22.27s | Pan Error: -5.47 | Face Confidence: 60%
2025-03-07 00:12:43,658 - INFO - Elapsed Time: 22.35s | Pan Error: 1.56 | Face Confidence: 66%
2025-03-07 00:12:43,747 - INFO - Elapsed Time: 22.44s | Pan Error: 10.78 | Face Confidence: 77%
2025-03-07 00:12:43,836 - INFO - Elapsed Time: 22.53s | Pan Error: 15.00 | Face Confidence: 81%
2025-03-07 00:12:43,921 - INFO - Elapsed Time: 22.62s | Pan Error: 15.16 | Face Confidence: 81%
2025-03-07 00:12:44,007 - INFO - Elapsed Time: 22.70s | Pan Error: 11.09 | Face Confidence: 76%
2025-03-07 00:12:44,171 - INFO - Elapsed Time: 22.87s | Pan Error: -4.22 | Face Confidence: 73%
2025-03-07 00:12:44,256 - INFO - Elapsed Time: 22.95s | Pan Error: -9.06 | Face Confidence: 61%
2025-03-07 00:12:44,342 - INFO - Elapsed Time: 23.04s | Pan Error: -10.31 | Face Confidence: 85%
2025-03-07 00:12:44,425 - INFO - Elapsed Time: 23.12s | Pan Error: -17.03 | Face Confidence: 50%
2025-03-07 00:12:44,513 - INFO - Elapsed Time: 23.21s | Pan Error: -10.78 | Face Confidence: 80%
2025-03-07 00:12:44,603 - INFO - Elapsed Time: 23.29s | Pan Error: -7.19 | Face Confidence: 86%
2025-03-07 00:12:44,690 - INFO - Elapsed Time: 23.39s | Pan Error: 2.03 | Face Confidence: 79%
2025-03-07 00:12:44,772 - INFO - Elapsed Time: 23.47s | Pan Error: 5.94 | Face Confidence: 62%
2025-03-07 00:12:44,856 - INFO - Elapsed Time: 23.55s | Pan Error: 8.75 | Face Confidence: 65%
2025-03-07 00:12:44,941 - INFO - Elapsed Time: 23.64s | Pan Error: 7.50 | Face Confidence: 67%
2025-03-07 00:12:45,024 - INFO - Elapsed Time: 23.72s | Pan Error: -62.50 | Face Confidence: 50%
2025-03-07 00:12:45,109 - INFO - Elapsed Time: 23.80s | Pan Error: 2.81 | Face Confidence: 79%
2025-03-07 00:12:45,272 - INFO - Elapsed Time: 23.97s | Pan Error: 15.47 | Face Confidence: 51%
2025-03-07 00:12:45,359 - INFO - Elapsed Time: 24.05s | Pan Error: 24.69 | Face Confidence: 82%
2025-03-07 00:12:45,444 - INFO - Elapsed Time: 24.14s | Pan Error: 23.44 | Face Confidence: 59%
2025-03-07 00:12:45,768 - INFO - Elapsed Time: 24.46s | Pan Error: 4.38 | Face Confidence: 50%
2025-03-07 00:12:46,020 - INFO - Elapsed Time: 24.71s | Pan Error: -1.56 | Face Confidence: 61%
2025-03-07 00:12:46,106 - INFO - Elapsed Time: 24.80s | Pan Error: -2.34 | Face Confidence: 72%
2025-03-07 00:12:46,194 - INFO - Elapsed Time: 24.89s | Pan Error: -0.78 | Face Confidence: 72%
2025-03-07 00:12:46,280 - INFO - Elapsed Time: 24.98s | Pan Error: -2.97 | Face Confidence: 78%
2025-03-07 00:12:46,368 - INFO - Elapsed Time: 25.06s | Pan Error: -2.19 | Face Confidence: 79%
2025-03-07 00:12:46,457 - INFO - Elapsed Time: 25.15s | Pan Error: -2.50 | Face Confidence: 81%
2025-03-07 00:12:46,541 - INFO - Elapsed Time: 25.24s | Pan Error: -2.81 | Face Confidence: 70%
2025-03-07 00:12:46,626 - INFO - Elapsed Time: 25.32s | Pan Error: -63.12 | Face Confidence: 57%
2025-03-07 00:12:46,708 - INFO - Elapsed Time: 25.41s | Pan Error: -2.81 | Face Confidence: 63%
2025-03-07 00:12:46,949 - INFO - Elapsed Time: 25.64s | Pan Error: 26.72 | Face Confidence: 83%
2025-03-07 00:12:47,037 - INFO - Elapsed Time: 25.73s | Pan Error: 27.66 | Face Confidence: 85%
2025-03-07 00:12:47,154 - INFO - Elapsed Time: 25.84s | Pan Error: 26.88 | Face Confidence: 79%
2025-03-07 00:12:47,478 - INFO - Elapsed Time: 26.18s | Pan Error: -7.81 | Face Confidence: 50%
2025-03-07 00:12:47,730 - INFO - Elapsed Time: 26.42s | Pan Error: -11.88 | Face Confidence: 72%
2025-03-07 00:12:47,814 - INFO - Elapsed Time: 26.51s | Pan Error: -10.94 | Face Confidence: 78%
2025-03-07 00:12:47,899 - INFO - Elapsed Time: 26.59s | Pan Error: -10.78 | Face Confidence: 81%
2025-03-07 00:12:47,988 - INFO - Elapsed Time: 26.68s | Pan Error: -8.59 | Face Confidence: 63%
2025-03-07 00:12:48,077 - INFO - Elapsed Time: 26.77s | Pan Error: -2.03 | Face Confidence: 85%
2025-03-07 00:12:48,164 - INFO - Elapsed Time: 26.86s | Pan Error: 2.34 | Face Confidence: 78%
2025-03-07 00:12:48,248 - INFO - Elapsed Time: 26.95s | Pan Error: 4.69 | Face Confidence: 79%
2025-03-07 00:12:48,340 - INFO - Elapsed Time: 27.03s | Pan Error: 7.19 | Face Confidence: 62%
2025-03-07 00:12:48,427 - INFO - Elapsed Time: 27.12s | Pan Error: 7.19 | Face Confidence: 68%
2025-03-07 00:12:48,511 - INFO - Elapsed Time: 27.21s | Pan Error: 7.19 | Face Confidence: 52%
2025-03-07 00:12:48,597 - INFO - Elapsed Time: 27.29s | Pan Error: 6.25 | Face Confidence: 76%
2025-03-07 00:12:48,679 - INFO - Elapsed Time: 27.38s | Pan Error: -59.06 | Face Confidence: 52%
2025-03-07 00:12:48,767 - INFO - Elapsed Time: 27.46s | Pan Error: -2.19 | Face Confidence: 58%
2025-03-07 00:12:48,930 - INFO - Elapsed Time: 27.62s | Pan Error: 8.44 | Face Confidence: 51%
2025-03-07 00:12:49,015 - INFO - Elapsed Time: 27.71s | Pan Error: 15.31 | Face Confidence: 56%
2025-03-07 00:12:49,100 - INFO - Elapsed Time: 27.80s | Pan Error: 15.62 | Face Confidence: 80%
2025-03-07 00:12:49,341 - INFO - Elapsed Time: 28.04s | Pan Error: 7.19 | Face Confidence: 69%
2025-03-07 00:12:49,423 - INFO - Elapsed Time: 28.12s | Pan Error: 2.66 | Face Confidence: 74%
2025-03-07 00:12:49,510 - INFO - Elapsed Time: 28.20s | Pan Error: 1.25 | Face Confidence: 55%
2025-03-07 00:12:49,594 - INFO - Elapsed Time: 28.29s | Pan Error: -3.59 | Face Confidence: 58%
2025-03-07 00:12:49,679 - INFO - Elapsed Time: 28.37s | Pan Error: -2.03 | Face Confidence: 76%
2025-03-07 00:12:49,764 - INFO - Elapsed Time: 28.46s | Pan Error: -3.59 | Face Confidence: 74%
2025-03-07 00:12:50,001 - INFO - Elapsed Time: 28.70s | Pan Error: -6.09 | Face Confidence: 54%
2025-03-07 00:12:50,087 - INFO - Elapsed Time: 28.78s | Pan Error: -7.19 | Face Confidence: 59%
2025-03-07 00:12:50,170 - INFO - Elapsed Time: 28.87s | Pan Error: -5.47 | Face Confidence: 70%
2025-03-07 00:12:50,342 - INFO - Elapsed Time: 29.04s | Pan Error: -3.75 | Face Confidence: 73%
2025-03-07 00:12:50,427 - INFO - Elapsed Time: 29.12s | Pan Error: -0.47 | Face Confidence: 65%
2025-03-07 00:12:50,518 - INFO - Elapsed Time: 29.21s | Pan Error: 0.16 | Face Confidence: 58%
2025-03-07 00:12:50,683 - INFO - Elapsed Time: 29.38s | Pan Error: 3.44 | Face Confidence: 57%
2025-03-07 00:12:50,769 - INFO - Elapsed Time: 29.46s | Pan Error: 3.44 | Face Confidence: 59%
2025-03-07 00:12:51,014 - INFO - Elapsed Time: 29.71s | Pan Error: 7.03 | Face Confidence: 80%
2025-03-07 00:12:51,104 - INFO - Elapsed Time: 29.80s | Pan Error: 7.19 | Face Confidence: 75%
2025-03-07 00:12:51,191 - INFO - Elapsed Time: 29.89s | Pan Error: -63.28 | Face Confidence: 51%
2025-03-07 00:12:51,273 - INFO - Elapsed Time: 29.97s | Pan Error: -62.97 | Face Confidence: 53%
2025-03-07 00:12:51,356 - INFO - Elapsed Time: 30.05s | Pan Error: 9.38 | Face Confidence: 61%
2025-03-07 00:12:51,516 - INFO - Elapsed Time: 30.21s | Pan Error: 44.22 | Face Confidence: 51%
2025-03-07 00:12:51,600 - INFO - Elapsed Time: 30.30s | Pan Error: 55.00 | Face Confidence: 78%
2025-03-07 00:12:51,770 - INFO - Elapsed Time: 30.47s | Pan Error: -24.84 | Face Confidence: 55%
2025-03-07 00:12:51,858 - INFO - Elapsed Time: 30.55s | Pan Error: 25.78 | Face Confidence: 60%
2025-03-07 00:12:51,918 - INFO - Stream stats - Frame: 600, Size: 172537 bytes, Clients: 1
2025-03-07 00:12:52,022 - INFO - Elapsed Time: 30.72s | Pan Error: 22.03 | Face Confidence: 73%
2025-03-07 00:12:52,104 - INFO - Elapsed Time: 30.80s | Pan Error: 20.78 | Face Confidence: 79%
2025-03-07 00:12:52,200 - INFO - Elapsed Time: 30.88s | Pan Error: 14.37 | Face Confidence: 80%
2025-03-07 00:12:52,295 - INFO - Elapsed Time: 30.99s | Pan Error: 4.38 | Face Confidence: 70%
2025-03-07 00:12:52,383 - INFO - Elapsed Time: 31.08s | Pan Error: -4.38 | Face Confidence: 56%
2025-03-07 00:12:52,467 - INFO - Elapsed Time: 31.16s | Pan Error: -6.72 | Face Confidence: 67%
2025-03-07 00:12:52,551 - INFO - Elapsed Time: 31.25s | Pan Error: -11.09 | Face Confidence: 78%
2025-03-07 00:12:52,801 - INFO - Elapsed Time: 31.49s | Pan Error: -8.59 | Face Confidence: 78%
2025-03-07 00:12:52,888 - INFO - Elapsed Time: 31.58s | Pan Error: -5.16 | Face Confidence: 81%
2025-03-07 00:12:52,976 - INFO - Elapsed Time: 31.67s | Pan Error: -8.44 | Face Confidence: 77%
2025-03-07 00:12:53,065 - INFO - Elapsed Time: 31.76s | Pan Error: -5.78 | Face Confidence: 81%
2025-03-07 00:12:53,150 - INFO - Elapsed Time: 31.85s | Pan Error: -3.59 | Face Confidence: 82%
2025-03-07 00:12:53,235 - INFO - Elapsed Time: 31.93s | Pan Error: -3.59 | Face Confidence: 68%
2025-03-07 00:12:53,324 - INFO - Elapsed Time: 32.02s | Pan Error: -0.47 | Face Confidence: 77%
2025-03-07 00:12:53,408 - INFO - Elapsed Time: 32.10s | Pan Error: 0.94 | Face Confidence: 70%
2025-03-07 00:12:53,493 - INFO - Elapsed Time: 32.19s | Pan Error: 5.31 | Face Confidence: 81%
2025-03-07 00:12:53,579 - INFO - Elapsed Time: 32.27s | Pan Error: 7.97 | Face Confidence: 79%
2025-03-07 00:12:53,667 - INFO - Elapsed Time: 32.36s | Pan Error: 9.22 | Face Confidence: 85%
2025-03-07 00:12:53,756 - INFO - Elapsed Time: 32.45s | Pan Error: 9.06 | Face Confidence: 80%
2025-03-07 00:12:53,837 - INFO - Elapsed Time: 32.54s | Pan Error: 2.66 | Face Confidence: 51%
2025-03-07 00:12:53,923 - INFO - Elapsed Time: 32.62s | Pan Error: 2.03 | Face Confidence: 81%
2025-03-07 00:12:54,005 - INFO - Elapsed Time: 32.70s | Pan Error: -1.72 | Face Confidence: 73%
2025-03-07 00:12:54,088 - INFO - Elapsed Time: 32.79s | Pan Error: -3.44 | Face Confidence: 68%
2025-03-07 00:12:54,171 - INFO - Elapsed Time: 32.87s | Pan Error: -4.69 | Face Confidence: 75%
2025-03-07 00:12:54,335 - INFO - Elapsed Time: 33.03s | Pan Error: -3.59 | Face Confidence: 70%
2025-03-07 00:12:54,422 - INFO - Elapsed Time: 33.12s | Pan Error: -4.53 | Face Confidence: 73%
2025-03-07 00:12:54,508 - INFO - Elapsed Time: 33.20s | Pan Error: -4.84 | Face Confidence: 82%
2025-03-07 00:12:54,671 - INFO - Elapsed Time: 33.37s | Pan Error: -8.59 | Face Confidence: 79%
2025-03-07 00:12:54,753 - INFO - Elapsed Time: 33.45s | Pan Error: -8.44 | Face Confidence: 74%
2025-03-07 00:12:54,839 - INFO - Elapsed Time: 33.54s | Pan Error: -6.88 | Face Confidence: 71%
2025-03-07 00:12:55,005 - INFO - Elapsed Time: 33.70s | Pan Error: -7.50 | Face Confidence: 78%
2025-03-07 00:12:55,092 - INFO - Elapsed Time: 33.79s | Pan Error: 1.72 | Face Confidence: 77%
2025-03-07 00:12:55,182 - INFO - Elapsed Time: 33.87s | Pan Error: 4.53 | Face Confidence: 78%
2025-03-07 00:12:55,423 - INFO - Elapsed Time: 34.12s | Pan Error: 1.09 | Face Confidence: 64%
2025-03-07 00:12:55,508 - INFO - Elapsed Time: 34.20s | Pan Error: 1.88 | Face Confidence: 67%
2025-03-07 00:12:55,757 - INFO - Elapsed Time: 34.45s | Pan Error: 5.47 | Face Confidence: 72%
2025-03-07 00:12:55,845 - INFO - Elapsed Time: 34.54s | Pan Error: 5.78 | Face Confidence: 67%
2025-03-07 00:12:56,011 - INFO - Elapsed Time: 34.71s | Pan Error: 2.19 | Face Confidence: 70%
2025-03-07 00:12:56,095 - INFO - Elapsed Time: 34.79s | Pan Error: 2.19 | Face Confidence: 88%
2025-03-07 00:12:56,181 - INFO - Elapsed Time: 34.88s | Pan Error: -3.91 | Face Confidence: 68%
2025-03-07 00:12:56,265 - INFO - Elapsed Time: 34.96s | Pan Error: -2.50 | Face Confidence: 78%
2025-03-07 00:12:56,355 - INFO - Elapsed Time: 35.05s | Pan Error: -6.41 | Face Confidence: 73%
2025-03-07 00:12:56,443 - INFO - Elapsed Time: 35.14s | Pan Error: -6.72 | Face Confidence: 61%
2025-03-07 00:12:56,528 - INFO - Elapsed Time: 35.22s | Pan Error: -7.66 | Face Confidence: 86%
2025-03-07 00:12:56,618 - INFO - Elapsed Time: 35.31s | Pan Error: -8.12 | Face Confidence: 74%
2025-03-07 00:12:56,793 - INFO - Camera stopped
2025-03-07 00:12:56,798 - INFO - Elapsed Time: 35.48s | Pan Error: -4.53 | Face Confidence: 85%
2025-03-07 00:12:56,880 - INFO - Elapsed Time: 35.58s | Pan Error: -2.03 | Face Confidence: 68%
