2025-03-13 00:28:56,267 - INFO - Face tracking logging system initialized.
2025-03-13 00:28:56,318 - INFO - Initialization successful.
2025-03-13 00:28:56,318 - INFO - Camera now open.
2025-03-13 00:28:56,323 - INFO - Camera configuration has been adjusted!
2025-03-13 00:28:56,325 - INFO - Configuration successful!
2025-03-13 00:28:56,371 - INFO - Camera started
2025-03-13 00:28:56,385 - INFO - [31m[1mWARNING: This is a development server. Do not use it in a production deployment. Use a production WSGI server instead.[0m
 * Running on all addresses (0.0.0.0)
 * Running on http://127.0.0.1:5000
 * Running on http://172.20.10.4:5000
2025-03-13 00:28:56,385 - INFO - [33mPress CTRL+C to quit[0m
2025-03-13 00:28:56,582 - INFO - Stream stats - Frame: 0, Size: 186147 bytes, Clients: 0
2025-03-13 00:28:58,081 - INFO - 172.20.10.2 - - [13/Mar/2025 00:28:58] "GET / HTTP/1.1" 200 -
2025-03-13 00:28:58,137 - INFO - Client connected. Total clients: 1
2025-03-13 00:28:58,211 - INFO - 172.20.10.2 - - [13/Mar/2025 00:28:58] "GET /video_feed HTTP/1.1" 200 -
2025-03-13 00:29:01,198 - INFO - Elapsed Time: 4.79s | Pan Error: -83.12 | Face Confidence: 61%
2025-03-13 00:29:01,288 - INFO - Elapsed Time: 4.88s | Pan Error: -76.09 | Face Confidence: 78%
2025-03-13 00:29:01,613 - INFO - Elapsed Time: 5.21s | Pan Error: 39.22 | Face Confidence: 63%
2025-03-13 00:29:01,701 - INFO - Elapsed Time: 5.29s | Pan Error: 45.31 | Face Confidence: 51%
2025-03-13 00:29:01,960 - INFO - Elapsed Time: 5.55s | Pan Error: 2.03 | Face Confidence: 57%
2025-03-13 00:29:02,047 - INFO - Elapsed Time: 5.64s | Pan Error: -5.16 | Face Confidence: 50%
2025-03-13 00:29:02,382 - INFO - Elapsed Time: 5.98s | Pan Error: -33.28 | Face Confidence: 62%
2025-03-13 00:29:02,475 - INFO - Elapsed Time: 6.06s | Pan Error: -39.06 | Face Confidence: 74%
2025-03-13 00:29:02,565 - INFO - Elapsed Time: 6.16s | Pan Error: -41.88 | Face Confidence: 65%
2025-03-13 00:29:02,652 - INFO - Elapsed Time: 6.25s | Pan Error: -26.56 | Face Confidence: 50%
2025-03-13 00:29:03,438 - INFO - Elapsed Time: 7.02s | Pan Error: 19.69 | Face Confidence: 54%
2025-03-13 00:29:03,528 - INFO - Elapsed Time: 7.12s | Pan Error: 25.31 | Face Confidence: 54%
2025-03-13 00:29:03,694 - INFO - Elapsed Time: 7.29s | Pan Error: 32.19 | Face Confidence: 57%
2025-03-13 00:29:03,964 - INFO - Elapsed Time: 7.56s | Pan Error: 45.31 | Face Confidence: 51%
2025-03-13 00:29:04,050 - INFO - Elapsed Time: 7.64s | Pan Error: 33.28 | Face Confidence: 56%
2025-03-13 00:29:04,138 - INFO - Elapsed Time: 7.73s | Pan Error: 25.62 | Face Confidence: 63%
2025-03-13 00:29:04,306 - INFO - Elapsed Time: 7.90s | Pan Error: -6.41 | Face Confidence: 61%
2025-03-13 00:29:05,132 - INFO - Elapsed Time: 8.73s | Pan Error: -19.69 | Face Confidence: 59%
2025-03-13 00:29:05,221 - INFO - Elapsed Time: 8.81s | Pan Error: -21.09 | Face Confidence: 59%
2025-03-13 00:29:05,308 - INFO - Elapsed Time: 8.90s | Pan Error: -19.69 | Face Confidence: 65%
2025-03-13 00:29:05,476 - INFO - Elapsed Time: 9.07s | Pan Error: -7.19 | Face Confidence: 52%
2025-03-13 00:29:05,561 - INFO - Elapsed Time: 9.15s | Pan Error: 3.59 | Face Confidence: 53%
2025-03-13 00:29:06,012 - INFO - Elapsed Time: 9.60s | Pan Error: 14.69 | Face Confidence: 57%
2025-03-13 00:29:06,111 - INFO - Elapsed Time: 9.69s | Pan Error: -30.94 | Face Confidence: 58%
2025-03-13 00:29:06,204 - INFO - Elapsed Time: 9.79s | Pan Error: -30.00 | Face Confidence: 63%
2025-03-13 00:29:06,302 - INFO - Elapsed Time: 9.88s | Pan Error: -21.41 | Face Confidence: 52%
2025-03-13 00:29:07,274 - INFO - Elapsed Time: 10.86s | Pan Error: -6.25 | Face Confidence: 52%
2025-03-13 00:29:07,371 - INFO - Elapsed Time: 10.95s | Pan Error: -6.56 | Face Confidence: 53%
2025-03-13 00:29:08,207 - INFO - Elapsed Time: 11.80s | Pan Error: -5.16 | Face Confidence: 51%
2025-03-13 00:29:08,214 - INFO - Stream stats - Frame: 300, Size: 225833 bytes, Clients: 1
2025-03-13 00:29:12,446 - INFO - Elapsed Time: 16.03s | Pan Error: -2.66 | Face Confidence: 54%
2025-03-13 00:29:12,535 - INFO - Elapsed Time: 16.13s | Pan Error: -3.59 | Face Confidence: 50%
2025-03-13 00:29:13,741 - INFO - Elapsed Time: 17.33s | Pan Error: -3.44 | Face Confidence: 61%
2025-03-13 00:29:13,827 - INFO - Elapsed Time: 17.42s | Pan Error: -2.03 | Face Confidence: 63%
2025-03-13 00:29:14,323 - INFO - Elapsed Time: 17.92s | Pan Error: 3.59 | Face Confidence: 61%
2025-03-13 00:29:14,411 - INFO - Elapsed Time: 18.00s | Pan Error: 12.81 | Face Confidence: 59%
2025-03-13 00:29:14,498 - INFO - Elapsed Time: 18.09s | Pan Error: 15.16 | Face Confidence: 75%
2025-03-13 00:29:14,678 - INFO - Elapsed Time: 18.26s | Pan Error: 14.53 | Face Confidence: 63%
2025-03-13 00:29:14,770 - INFO - Elapsed Time: 18.36s | Pan Error: 11.41 | Face Confidence: 71%
2025-03-13 00:29:14,858 - INFO - Elapsed Time: 18.45s | Pan Error: 4.38 | Face Confidence: 69%
2025-03-13 00:29:14,949 - INFO - Elapsed Time: 18.54s | Pan Error: -5.00 | Face Confidence: 77%
2025-03-13 00:29:15,036 - INFO - Elapsed Time: 18.63s | Pan Error: -9.84 | Face Confidence: 72%
2025-03-13 00:29:15,127 - INFO - Elapsed Time: 18.72s | Pan Error: -12.03 | Face Confidence: 72%
2025-03-13 00:29:15,213 - INFO - Elapsed Time: 18.81s | Pan Error: -11.25 | Face Confidence: 60%
2025-03-13 00:29:15,300 - INFO - Elapsed Time: 18.89s | Pan Error: -7.66 | Face Confidence: 57%
2025-03-13 00:29:15,466 - INFO - Elapsed Time: 19.06s | Pan Error: 45.78 | Face Confidence: 56%
2025-03-13 00:29:15,558 - INFO - Elapsed Time: 19.15s | Pan Error: 22.19 | Face Confidence: 52%
2025-03-13 00:29:15,809 - INFO - Elapsed Time: 19.40s | Pan Error: 17.97 | Face Confidence: 53%
2025-03-13 00:29:15,899 - INFO - Elapsed Time: 19.49s | Pan Error: 11.09 | Face Confidence: 58%
2025-03-13 00:29:15,987 - INFO - Elapsed Time: 19.58s | Pan Error: 10.16 | Face Confidence: 50%
2025-03-13 00:29:16,154 - INFO - Elapsed Time: 19.75s | Pan Error: -4.38 | Face Confidence: 55%
2025-03-13 00:29:18,267 - INFO - Stream stats - Frame: 600, Size: 213110 bytes, Clients: 1
2025-03-13 00:29:22,537 - INFO - Elapsed Time: 26.12s | Pan Error: -38.59 | Face Confidence: 57%
2025-03-13 00:29:22,629 - INFO - Elapsed Time: 26.22s | Pan Error: -39.84 | Face Confidence: 71%
2025-03-13 00:29:22,793 - INFO - Elapsed Time: 26.39s | Pan Error: -12.50 | Face Confidence: 64%
2025-03-13 00:29:22,959 - INFO - Elapsed Time: 26.55s | Pan Error: 12.34 | Face Confidence: 54%
2025-03-13 00:29:23,045 - INFO - Elapsed Time: 26.64s | Pan Error: 17.50 | Face Confidence: 71%
2025-03-13 00:29:23,132 - INFO - Elapsed Time: 26.72s | Pan Error: 17.03 | Face Confidence: 82%
2025-03-13 00:29:23,221 - INFO - Elapsed Time: 26.81s | Pan Error: 13.28 | Face Confidence: 72%
2025-03-13 00:29:23,309 - INFO - Elapsed Time: 26.90s | Pan Error: -3.44 | Face Confidence: 52%
2025-03-13 00:29:23,398 - INFO - Elapsed Time: 26.99s | Pan Error: -7.03 | Face Confidence: 80%
2025-03-13 00:29:23,482 - INFO - Elapsed Time: 27.08s | Pan Error: -16.25 | Face Confidence: 84%
2025-03-13 00:29:23,577 - INFO - Elapsed Time: 27.17s | Pan Error: -22.66 | Face Confidence: 76%
2025-03-13 00:29:23,668 - INFO - Elapsed Time: 27.26s | Pan Error: -25.00 | Face Confidence: 74%
2025-03-13 00:29:23,766 - INFO - Elapsed Time: 27.35s | Pan Error: -31.41 | Face Confidence: 74%
2025-03-13 00:29:23,870 - INFO - Elapsed Time: 27.46s | Pan Error: -23.91 | Face Confidence: 60%
2025-03-13 00:29:24,126 - INFO - Elapsed Time: 27.71s | Pan Error: 19.22 | Face Confidence: 53%
2025-03-13 00:29:24,545 - INFO - Elapsed Time: 28.14s | Pan Error: 0.94 | Face Confidence: 51%
2025-03-13 00:29:24,634 - INFO - Elapsed Time: 28.22s | Pan Error: -0.62 | Face Confidence: 65%
2025-03-13 00:29:24,891 - INFO - Elapsed Time: 28.48s | Pan Error: 2.81 | Face Confidence: 59%
2025-03-13 00:29:27,219 - INFO - Elapsed Time: 30.81s | Pan Error: 5.62 | Face Confidence: 53%
2025-03-13 00:29:27,396 - INFO - Elapsed Time: 30.99s | Pan Error: 13.12 | Face Confidence: 50%
2025-03-13 00:29:27,648 - INFO - Elapsed Time: 31.24s | Pan Error: -30.63 | Face Confidence: 62%
2025-03-13 00:29:27,739 - INFO - Elapsed Time: 31.33s | Pan Error: -26.41 | Face Confidence: 69%
2025-03-13 00:29:27,827 - INFO - Elapsed Time: 31.42s | Pan Error: -25.00 | Face Confidence: 66%
2025-03-13 00:29:28,073 - INFO - Elapsed Time: 31.67s | Pan Error: 16.56 | Face Confidence: 60%
2025-03-13 00:29:28,162 - INFO - Elapsed Time: 31.75s | Pan Error: 21.56 | Face Confidence: 74%
2025-03-13 00:29:28,334 - INFO - Stream stats - Frame: 900, Size: 190924 bytes, Clients: 1
2025-03-13 00:29:28,412 - INFO - Elapsed Time: 32.01s | Pan Error: 7.03 | Face Confidence: 62%
2025-03-13 00:29:28,500 - INFO - Elapsed Time: 32.09s | Pan Error: -2.03 | Face Confidence: 87%
2025-03-13 00:29:28,586 - INFO - Elapsed Time: 32.18s | Pan Error: -7.34 | Face Confidence: 91%
2025-03-13 00:29:28,673 - INFO - Elapsed Time: 32.27s | Pan Error: -11.25 | Face Confidence: 86%
2025-03-13 00:29:28,767 - INFO - Elapsed Time: 32.36s | Pan Error: -12.34 | Face Confidence: 74%
2025-03-13 00:29:28,869 - INFO - Elapsed Time: 32.45s | Pan Error: -13.44 | Face Confidence: 77%
2025-03-13 00:29:28,972 - INFO - Elapsed Time: 32.56s | Pan Error: -7.03 | Face Confidence: 85%
2025-03-13 00:29:29,058 - INFO - Elapsed Time: 32.65s | Pan Error: 1.09 | Face Confidence: 76%
2025-03-13 00:29:29,147 - INFO - Elapsed Time: 32.74s | Pan Error: 12.03 | Face Confidence: 76%
2025-03-13 00:29:29,233 - INFO - Elapsed Time: 32.82s | Pan Error: 20.47 | Face Confidence: 80%
2025-03-13 00:29:29,318 - INFO - Elapsed Time: 32.91s | Pan Error: 29.38 | Face Confidence: 80%
2025-03-13 00:29:29,405 - INFO - Elapsed Time: 33.00s | Pan Error: 32.66 | Face Confidence: 79%
2025-03-13 00:29:29,489 - INFO - Elapsed Time: 33.08s | Pan Error: 27.34 | Face Confidence: 69%
2025-03-13 00:29:29,574 - INFO - Elapsed Time: 33.17s | Pan Error: 15.62 | Face Confidence: 53%
2025-03-13 00:29:29,663 - INFO - Elapsed Time: 33.26s | Pan Error: 7.03 | Face Confidence: 62%
2025-03-13 00:29:29,750 - INFO - Elapsed Time: 33.34s | Pan Error: -4.06 | Face Confidence: 78%
2025-03-13 00:29:29,836 - INFO - Elapsed Time: 33.43s | Pan Error: -10.78 | Face Confidence: 56%
2025-03-13 00:29:29,924 - INFO - Elapsed Time: 33.52s | Pan Error: -16.88 | Face Confidence: 77%
2025-03-13 00:29:30,007 - INFO - Elapsed Time: 33.60s | Pan Error: -17.03 | Face Confidence: 75%
2025-03-13 00:29:30,095 - INFO - Elapsed Time: 33.69s | Pan Error: -19.06 | Face Confidence: 78%
2025-03-13 00:29:30,181 - INFO - Elapsed Time: 33.77s | Pan Error: -16.25 | Face Confidence: 74%
2025-03-13 00:29:30,270 - INFO - Elapsed Time: 33.86s | Pan Error: -19.06 | Face Confidence: 65%
2025-03-13 00:29:31,888 - INFO - Elapsed Time: 35.48s | Pan Error: 6.41 | Face Confidence: 57%
2025-03-13 00:29:31,978 - INFO - Elapsed Time: 35.57s | Pan Error: 5.94 | Face Confidence: 57%
2025-03-13 00:29:32,067 - INFO - Elapsed Time: 35.66s | Pan Error: 3.28 | Face Confidence: 59%
2025-03-13 00:29:32,155 - INFO - Elapsed Time: 35.75s | Pan Error: 9.69 | Face Confidence: 65%
2025-03-13 00:29:32,242 - INFO - Elapsed Time: 35.83s | Pan Error: 8.59 | Face Confidence: 58%
2025-03-13 00:29:36,664 - INFO - Elapsed Time: 40.25s | Pan Error: 21.56 | Face Confidence: 60%
2025-03-13 00:29:36,754 - INFO - Elapsed Time: 40.34s | Pan Error: 25.94 | Face Confidence: 73%
2025-03-13 00:29:36,917 - INFO - Elapsed Time: 40.51s | Pan Error: 19.06 | Face Confidence: 68%
2025-03-13 00:29:37,003 - INFO - Elapsed Time: 40.60s | Pan Error: 12.03 | Face Confidence: 69%
2025-03-13 00:29:37,092 - INFO - Elapsed Time: 40.68s | Pan Error: 3.59 | Face Confidence: 74%
2025-03-13 00:29:37,177 - INFO - Elapsed Time: 40.77s | Pan Error: -3.75 | Face Confidence: 77%
2025-03-13 00:29:37,268 - INFO - Elapsed Time: 40.86s | Pan Error: -12.97 | Face Confidence: 76%
2025-03-13 00:29:37,356 - INFO - Elapsed Time: 40.95s | Pan Error: -21.72 | Face Confidence: 81%
2025-03-13 00:29:37,441 - INFO - Elapsed Time: 41.04s | Pan Error: -26.88 | Face Confidence: 82%
2025-03-13 00:29:37,529 - INFO - Elapsed Time: 41.12s | Pan Error: -27.97 | Face Confidence: 88%
2025-03-13 00:29:37,615 - INFO - Elapsed Time: 41.21s | Pan Error: -25.78 | Face Confidence: 85%
2025-03-13 00:29:37,705 - INFO - Elapsed Time: 41.30s | Pan Error: -11.72 | Face Confidence: 72%
2025-03-13 00:29:37,793 - INFO - Elapsed Time: 41.38s | Pan Error: 3.75 | Face Confidence: 70%
2025-03-13 00:29:37,878 - INFO - Elapsed Time: 41.47s | Pan Error: 35.47 | Face Confidence: 68%
2025-03-13 00:29:37,963 - INFO - Elapsed Time: 41.56s | Pan Error: 51.25 | Face Confidence: 82%
2025-03-13 00:29:38,049 - INFO - Elapsed Time: 41.64s | Pan Error: 55.00 | Face Confidence: 86%
2025-03-13 00:29:38,134 - INFO - Elapsed Time: 41.73s | Pan Error: 42.19 | Face Confidence: 70%
2025-03-13 00:29:38,380 - INFO - Elapsed Time: 41.97s | Pan Error: -5.94 | Face Confidence: 65%
2025-03-13 00:29:38,401 - INFO - Stream stats - Frame: 1200, Size: 175723 bytes, Clients: 1
2025-03-13 00:29:38,465 - INFO - Elapsed Time: 42.06s | Pan Error: -7.66 | Face Confidence: 62%
2025-03-13 00:29:38,550 - INFO - Elapsed Time: 42.14s | Pan Error: -9.84 | Face Confidence: 58%
2025-03-13 00:29:38,636 - INFO - Elapsed Time: 42.23s | Pan Error: -11.88 | Face Confidence: 63%
2025-03-13 00:29:38,723 - INFO - Elapsed Time: 42.32s | Pan Error: -11.25 | Face Confidence: 65%
2025-03-13 00:29:38,812 - INFO - Elapsed Time: 42.40s | Pan Error: -8.91 | Face Confidence: 77%
2025-03-13 00:29:38,897 - INFO - Elapsed Time: 42.49s | Pan Error: -2.66 | Face Confidence: 70%
2025-03-13 00:29:38,986 - INFO - Elapsed Time: 42.58s | Pan Error: -0.62 | Face Confidence: 75%
2025-03-13 00:29:39,087 - INFO - Elapsed Time: 42.67s | Pan Error: -2.34 | Face Confidence: 73%
2025-03-13 00:29:39,191 - INFO - Elapsed Time: 42.78s | Pan Error: -5.78 | Face Confidence: 81%
2025-03-13 00:29:39,277 - INFO - Elapsed Time: 42.87s | Pan Error: -19.53 | Face Confidence: 70%
2025-03-13 00:29:39,365 - INFO - Elapsed Time: 42.96s | Pan Error: -24.38 | Face Confidence: 82%
2025-03-13 00:29:39,453 - INFO - Elapsed Time: 43.05s | Pan Error: -35.62 | Face Confidence: 81%
2025-03-13 00:29:39,541 - INFO - Elapsed Time: 43.13s | Pan Error: -38.91 | Face Confidence: 80%
2025-03-13 00:29:39,629 - INFO - Elapsed Time: 43.22s | Pan Error: -39.53 | Face Confidence: 68%
2025-03-13 00:29:39,720 - INFO - Elapsed Time: 43.31s | Pan Error: -34.84 | Face Confidence: 89%
2025-03-13 00:29:39,803 - INFO - Elapsed Time: 43.40s | Pan Error: -29.69 | Face Confidence: 85%
2025-03-13 00:29:39,891 - INFO - Elapsed Time: 43.48s | Pan Error: -24.84 | Face Confidence: 79%
2025-03-13 00:29:39,978 - INFO - Elapsed Time: 43.57s | Pan Error: -18.91 | Face Confidence: 82%
2025-03-13 00:29:40,063 - INFO - Elapsed Time: 43.66s | Pan Error: -10.78 | Face Confidence: 80%
2025-03-13 00:29:40,152 - INFO - Elapsed Time: 43.74s | Pan Error: -1.09 | Face Confidence: 76%
2025-03-13 00:29:40,236 - INFO - Elapsed Time: 43.83s | Pan Error: 4.38 | Face Confidence: 73%
2025-03-13 00:29:40,331 - INFO - Elapsed Time: 43.92s | Pan Error: 7.97 | Face Confidence: 61%
2025-03-13 00:29:40,419 - INFO - Elapsed Time: 44.01s | Pan Error: -50.94 | Face Confidence: 64%
2025-03-13 00:29:40,504 - INFO - Elapsed Time: 44.10s | Pan Error: 12.34 | Face Confidence: 61%
2025-03-13 00:29:40,592 - INFO - Elapsed Time: 44.18s | Pan Error: 16.41 | Face Confidence: 65%
2025-03-13 00:29:40,678 - INFO - Elapsed Time: 44.27s | Pan Error: -48.91 | Face Confidence: 68%
2025-03-13 00:29:40,764 - INFO - Elapsed Time: 44.36s | Pan Error: -53.75 | Face Confidence: 73%
2025-03-13 00:29:40,852 - INFO - Elapsed Time: 44.44s | Pan Error: -56.56 | Face Confidence: 67%
2025-03-13 00:29:41,099 - INFO - Elapsed Time: 44.69s | Pan Error: -8.75 | Face Confidence: 53%
2025-03-13 00:29:41,184 - INFO - Elapsed Time: 44.78s | Pan Error: -1.09 | Face Confidence: 66%
2025-03-13 00:29:41,268 - INFO - Elapsed Time: 44.86s | Pan Error: 3.59 | Face Confidence: 62%
2025-03-13 00:29:41,363 - INFO - Elapsed Time: 44.95s | Pan Error: 5.16 | Face Confidence: 70%
2025-03-13 00:29:41,450 - INFO - Elapsed Time: 45.04s | Pan Error: 7.50 | Face Confidence: 70%
2025-03-13 00:29:41,540 - INFO - Elapsed Time: 45.13s | Pan Error: 9.38 | Face Confidence: 69%
2025-03-13 00:29:41,629 - INFO - Elapsed Time: 45.22s | Pan Error: 7.03 | Face Confidence: 63%
2025-03-13 00:29:41,713 - INFO - Elapsed Time: 45.31s | Pan Error: 6.56 | Face Confidence: 73%
2025-03-13 00:29:41,800 - INFO - Elapsed Time: 45.39s | Pan Error: 0.62 | Face Confidence: 70%
2025-03-13 00:29:41,887 - INFO - Elapsed Time: 45.48s | Pan Error: -1.72 | Face Confidence: 70%
2025-03-13 00:29:41,976 - INFO - Elapsed Time: 45.57s | Pan Error: -7.34 | Face Confidence: 74%
2025-03-13 00:29:42,063 - INFO - Elapsed Time: 45.66s | Pan Error: -10.16 | Face Confidence: 63%
2025-03-13 00:29:42,158 - INFO - Elapsed Time: 45.75s | Pan Error: -10.47 | Face Confidence: 64%
2025-03-13 00:29:42,244 - INFO - Elapsed Time: 45.84s | Pan Error: -9.06 | Face Confidence: 67%
2025-03-13 00:29:42,338 - INFO - Elapsed Time: 45.93s | Pan Error: -3.28 | Face Confidence: 68%
2025-03-13 00:29:42,424 - INFO - Elapsed Time: 46.02s | Pan Error: 0.16 | Face Confidence: 70%
2025-03-13 00:29:42,509 - INFO - Elapsed Time: 46.10s | Pan Error: 1.56 | Face Confidence: 73%
2025-03-13 00:29:42,596 - INFO - Elapsed Time: 46.19s | Pan Error: 3.12 | Face Confidence: 63%
2025-03-13 00:29:42,682 - INFO - Elapsed Time: 46.27s | Pan Error: 1.72 | Face Confidence: 69%
2025-03-13 00:29:42,769 - INFO - Elapsed Time: 46.36s | Pan Error: 2.34 | Face Confidence: 79%
2025-03-13 00:29:42,859 - INFO - Elapsed Time: 46.45s | Pan Error: 2.34 | Face Confidence: 72%
2025-03-13 00:29:42,944 - INFO - Elapsed Time: 46.54s | Pan Error: 0.94 | Face Confidence: 68%
2025-03-13 00:29:43,030 - INFO - Elapsed Time: 46.62s | Pan Error: 0.31 | Face Confidence: 57%
2025-03-13 00:29:43,115 - INFO - Elapsed Time: 46.71s | Pan Error: -4.22 | Face Confidence: 65%
2025-03-13 00:29:43,202 - INFO - Elapsed Time: 46.79s | Pan Error: -1.56 | Face Confidence: 62%
2025-03-13 00:29:43,293 - INFO - Elapsed Time: 46.88s | Pan Error: -1.72 | Face Confidence: 67%
2025-03-13 00:29:43,379 - INFO - Elapsed Time: 46.97s | Pan Error: 0.78 | Face Confidence: 65%
2025-03-13 00:29:43,466 - INFO - Elapsed Time: 47.06s | Pan Error: 1.25 | Face Confidence: 61%
2025-03-13 00:29:43,555 - INFO - Elapsed Time: 47.15s | Pan Error: 5.47 | Face Confidence: 71%
2025-03-13 00:29:43,647 - INFO - Elapsed Time: 47.24s | Pan Error: 7.03 | Face Confidence: 61%
2025-03-13 00:29:43,736 - INFO - Elapsed Time: 47.33s | Pan Error: 8.75 | Face Confidence: 57%
2025-03-13 00:29:43,831 - INFO - Elapsed Time: 47.42s | Pan Error: 15.62 | Face Confidence: 50%
2025-03-13 00:29:43,922 - INFO - Elapsed Time: 47.51s | Pan Error: 8.91 | Face Confidence: 51%
2025-03-13 00:29:44,294 - INFO - Elapsed Time: 47.89s | Pan Error: 2.66 | Face Confidence: 53%
2025-03-13 00:29:45,177 - INFO - Elapsed Time: 48.77s | Pan Error: -1.41 | Face Confidence: 51%
2025-03-13 00:29:45,350 - INFO - Elapsed Time: 48.94s | Pan Error: -0.47 | Face Confidence: 56%
2025-03-13 00:29:45,437 - INFO - Elapsed Time: 49.03s | Pan Error: -2.81 | Face Confidence: 56%
2025-03-13 00:29:45,529 - INFO - Elapsed Time: 49.12s | Pan Error: -7.97 | Face Confidence: 58%
2025-03-13 00:29:45,621 - INFO - Elapsed Time: 49.21s | Pan Error: -6.88 | Face Confidence: 59%
2025-03-13 00:29:45,712 - INFO - Elapsed Time: 49.30s | Pan Error: -6.56 | Face Confidence: 69%
2025-03-13 00:29:45,798 - INFO - Elapsed Time: 49.39s | Pan Error: -6.25 | Face Confidence: 68%
2025-03-13 00:29:45,886 - INFO - Elapsed Time: 49.48s | Pan Error: -5.31 | Face Confidence: 51%
2025-03-13 00:29:45,970 - INFO - Elapsed Time: 49.57s | Pan Error: -1.56 | Face Confidence: 52%
2025-03-13 00:29:46,060 - INFO - Elapsed Time: 49.65s | Pan Error: -0.47 | Face Confidence: 51%
2025-03-13 00:29:46,149 - INFO - Elapsed Time: 49.74s | Pan Error: 5.00 | Face Confidence: 64%
2025-03-13 00:29:46,236 - INFO - Elapsed Time: 49.83s | Pan Error: 7.66 | Face Confidence: 67%
2025-03-13 00:29:46,326 - INFO - Elapsed Time: 49.92s | Pan Error: 6.88 | Face Confidence: 52%
2025-03-13 00:29:46,412 - INFO - Elapsed Time: 50.01s | Pan Error: 8.75 | Face Confidence: 53%
2025-03-13 00:29:46,500 - INFO - Elapsed Time: 50.09s | Pan Error: 4.53 | Face Confidence: 62%
2025-03-13 00:29:46,587 - INFO - Elapsed Time: 50.18s | Pan Error: 4.69 | Face Confidence: 66%
2025-03-13 00:29:46,676 - INFO - Elapsed Time: 50.27s | Pan Error: -1.88 | Face Confidence: 55%
2025-03-13 00:29:46,764 - INFO - Elapsed Time: 50.36s | Pan Error: -5.78 | Face Confidence: 56%
2025-03-13 00:29:46,850 - INFO - Elapsed Time: 50.44s | Pan Error: -2.66 | Face Confidence: 59%
2025-03-13 00:29:47,441 - INFO - Elapsed Time: 51.03s | Pan Error: -1.88 | Face Confidence: 51%
2025-03-13 00:29:47,613 - INFO - Elapsed Time: 51.21s | Pan Error: -49.38 | Face Confidence: 51%
2025-03-13 00:29:47,873 - INFO - Elapsed Time: 51.46s | Pan Error: -77.97 | Face Confidence: 81%
2025-03-13 00:29:47,960 - INFO - Elapsed Time: 51.55s | Pan Error: -70.31 | Face Confidence: 82%
2025-03-13 00:29:48,208 - INFO - Elapsed Time: 51.80s | Pan Error: -7.81 | Face Confidence: 64%
2025-03-13 00:29:48,379 - INFO - Elapsed Time: 51.97s | Pan Error: 0.62 | Face Confidence: 61%
2025-03-13 00:29:48,467 - INFO - Stream stats - Frame: 1500, Size: 207683 bytes, Clients: 1
2025-03-13 00:29:53,339 - INFO - Elapsed Time: 56.93s | Pan Error: -35.47 | Face Confidence: 53%
2025-03-13 00:29:54,078 - INFO - Elapsed Time: 57.67s | Pan Error: -26.88 | Face Confidence: 55%
2025-03-13 00:29:54,165 - INFO - Elapsed Time: 57.76s | Pan Error: -27.50 | Face Confidence: 54%
2025-03-13 00:29:54,253 - INFO - Elapsed Time: 57.84s | Pan Error: -28.59 | Face Confidence: 58%
2025-03-13 00:29:54,346 - INFO - Elapsed Time: 57.93s | Pan Error: -28.91 | Face Confidence: 56%
2025-03-13 00:29:54,457 - INFO - Elapsed Time: 58.04s | Pan Error: -27.66 | Face Confidence: 72%
2025-03-13 00:29:54,545 - INFO - Elapsed Time: 58.14s | Pan Error: -28.91 | Face Confidence: 76%
2025-03-13 00:29:54,631 - INFO - Elapsed Time: 58.22s | Pan Error: -27.97 | Face Confidence: 76%
2025-03-13 00:29:54,719 - INFO - Elapsed Time: 58.31s | Pan Error: -30.94 | Face Confidence: 77%
2025-03-13 00:29:54,809 - INFO - Elapsed Time: 58.40s | Pan Error: -33.28 | Face Confidence: 75%
2025-03-13 00:29:54,895 - INFO - Elapsed Time: 58.49s | Pan Error: -31.25 | Face Confidence: 81%
2025-03-13 00:29:54,985 - INFO - Elapsed Time: 58.58s | Pan Error: -30.63 | Face Confidence: 88%
2025-03-13 00:29:55,072 - INFO - Elapsed Time: 58.66s | Pan Error: -32.34 | Face Confidence: 87%
2025-03-13 00:29:55,160 - INFO - Elapsed Time: 58.75s | Pan Error: -33.12 | Face Confidence: 92%
2025-03-13 00:29:55,250 - INFO - Elapsed Time: 58.84s | Pan Error: -34.38 | Face Confidence: 91%
2025-03-13 00:29:55,337 - INFO - Elapsed Time: 58.93s | Pan Error: -35.16 | Face Confidence: 93%
2025-03-13 00:29:55,425 - INFO - Elapsed Time: 59.02s | Pan Error: -36.25 | Face Confidence: 94%
2025-03-13 00:29:55,512 - INFO - Elapsed Time: 59.10s | Pan Error: -36.56 | Face Confidence: 93%
2025-03-13 00:29:55,599 - INFO - Elapsed Time: 59.19s | Pan Error: -36.56 | Face Confidence: 92%
2025-03-13 00:29:55,692 - INFO - Elapsed Time: 59.28s | Pan Error: -35.94 | Face Confidence: 91%
2025-03-13 00:29:55,783 - INFO - Elapsed Time: 59.37s | Pan Error: -35.47 | Face Confidence: 91%
2025-03-13 00:29:55,872 - INFO - Elapsed Time: 59.46s | Pan Error: -35.94 | Face Confidence: 89%
2025-03-13 00:29:55,961 - INFO - Elapsed Time: 59.55s | Pan Error: -36.72 | Face Confidence: 84%
2025-03-13 00:29:56,054 - INFO - Elapsed Time: 59.64s | Pan Error: -37.50 | Face Confidence: 80%
2025-03-13 00:29:56,142 - INFO - Elapsed Time: 59.73s | Pan Error: -38.44 | Face Confidence: 83%
2025-03-13 00:29:56,238 - INFO - Elapsed Time: 59.83s | Pan Error: -38.44 | Face Confidence: 82%
2025-03-13 00:29:56,325 - INFO - Elapsed Time: 59.92s | Pan Error: -39.06 | Face Confidence: 84%
2025-03-13 00:29:56,414 - INFO - Elapsed Time: 60.01s | Pan Error: -39.38 | Face Confidence: 88%
2025-03-13 00:29:56,502 - INFO - Elapsed Time: 60.09s | Pan Error: -40.16 | Face Confidence: 87%
2025-03-13 00:29:56,591 - INFO - Elapsed Time: 60.18s | Pan Error: -40.47 | Face Confidence: 88%
2025-03-13 00:29:56,680 - INFO - Elapsed Time: 60.27s | Pan Error: -40.94 | Face Confidence: 91%
2025-03-13 00:29:56,769 - INFO - Elapsed Time: 60.36s | Pan Error: -41.41 | Face Confidence: 92%
2025-03-13 00:29:56,857 - INFO - Elapsed Time: 60.45s | Pan Error: -42.19 | Face Confidence: 90%
2025-03-13 00:29:56,943 - INFO - Elapsed Time: 60.54s | Pan Error: -41.88 | Face Confidence: 87%
2025-03-13 00:29:57,028 - INFO - Elapsed Time: 60.62s | Pan Error: -41.72 | Face Confidence: 89%
2025-03-13 00:29:57,119 - INFO - Elapsed Time: 60.71s | Pan Error: -42.19 | Face Confidence: 90%
2025-03-13 00:29:57,207 - INFO - Elapsed Time: 60.80s | Pan Error: -43.75 | Face Confidence: 85%
2025-03-13 00:29:57,293 - INFO - Elapsed Time: 60.89s | Pan Error: -42.97 | Face Confidence: 88%
2025-03-13 00:29:57,386 - INFO - Elapsed Time: 60.97s | Pan Error: -43.28 | Face Confidence: 86%
2025-03-13 00:29:57,480 - INFO - Elapsed Time: 61.07s | Pan Error: -44.06 | Face Confidence: 87%
2025-03-13 00:29:57,565 - INFO - Elapsed Time: 61.16s | Pan Error: -44.38 | Face Confidence: 88%
2025-03-13 00:29:57,651 - INFO - Elapsed Time: 61.24s | Pan Error: -45.16 | Face Confidence: 91%
2025-03-13 00:29:57,738 - INFO - Elapsed Time: 61.33s | Pan Error: -44.69 | Face Confidence: 87%
2025-03-13 00:29:57,823 - INFO - Elapsed Time: 61.42s | Pan Error: -45.16 | Face Confidence: 88%
2025-03-13 00:29:57,912 - INFO - Elapsed Time: 61.50s | Pan Error: -44.84 | Face Confidence: 86%
2025-03-13 00:29:58,000 - INFO - Elapsed Time: 61.59s | Pan Error: -46.25 | Face Confidence: 81%
2025-03-13 00:29:58,086 - INFO - Elapsed Time: 61.68s | Pan Error: -45.78 | Face Confidence: 86%
2025-03-13 00:29:58,173 - INFO - Elapsed Time: 61.77s | Pan Error: -44.69 | Face Confidence: 84%
2025-03-13 00:29:58,261 - INFO - Elapsed Time: 61.85s | Pan Error: -45.16 | Face Confidence: 87%
2025-03-13 00:29:58,351 - INFO - Elapsed Time: 61.94s | Pan Error: -45.47 | Face Confidence: 86%
2025-03-13 00:29:58,440 - INFO - Elapsed Time: 62.03s | Pan Error: -45.31 | Face Confidence: 85%
2025-03-13 00:29:58,530 - INFO - Elapsed Time: 62.12s | Pan Error: -45.31 | Face Confidence: 87%
2025-03-13 00:29:58,542 - INFO - Stream stats - Frame: 1800, Size: 181682 bytes, Clients: 1
2025-03-13 00:29:58,619 - INFO - Elapsed Time: 62.21s | Pan Error: -44.53 | Face Confidence: 87%
2025-03-13 00:29:58,708 - INFO - Elapsed Time: 62.30s | Pan Error: -44.38 | Face Confidence: 83%
2025-03-13 00:29:58,795 - INFO - Elapsed Time: 62.39s | Pan Error: -44.84 | Face Confidence: 84%
2025-03-13 00:29:58,887 - INFO - Elapsed Time: 62.48s | Pan Error: -44.22 | Face Confidence: 80%
2025-03-13 00:29:58,974 - INFO - Elapsed Time: 62.57s | Pan Error: -43.91 | Face Confidence: 83%
2025-03-13 00:29:59,059 - INFO - Elapsed Time: 62.65s | Pan Error: -43.91 | Face Confidence: 92%
2025-03-13 00:29:59,146 - INFO - Elapsed Time: 62.74s | Pan Error: -45.62 | Face Confidence: 90%
2025-03-13 00:29:59,233 - INFO - Elapsed Time: 62.83s | Pan Error: -46.25 | Face Confidence: 91%
2025-03-13 00:29:59,324 - INFO - Elapsed Time: 62.92s | Pan Error: -46.88 | Face Confidence: 94%
2025-03-13 00:29:59,411 - INFO - Elapsed Time: 63.00s | Pan Error: -46.56 | Face Confidence: 93%
2025-03-13 00:29:59,513 - INFO - Elapsed Time: 63.09s | Pan Error: -46.41 | Face Confidence: 94%
2025-03-13 00:29:59,606 - INFO - Elapsed Time: 63.20s | Pan Error: -46.09 | Face Confidence: 93%
2025-03-13 00:29:59,694 - INFO - Elapsed Time: 63.29s | Pan Error: -45.00 | Face Confidence: 91%
2025-03-13 00:29:59,782 - INFO - Elapsed Time: 63.37s | Pan Error: -42.81 | Face Confidence: 91%
2025-03-13 00:29:59,868 - INFO - Elapsed Time: 63.46s | Pan Error: -41.09 | Face Confidence: 91%
2025-03-13 00:29:59,958 - INFO - Elapsed Time: 63.55s | Pan Error: -38.12 | Face Confidence: 94%
2025-03-13 00:30:00,047 - INFO - Elapsed Time: 63.64s | Pan Error: -37.50 | Face Confidence: 92%
2025-03-13 00:30:00,132 - INFO - Elapsed Time: 63.73s | Pan Error: -35.94 | Face Confidence: 84%
2025-03-13 00:30:00,222 - INFO - Elapsed Time: 63.81s | Pan Error: -28.44 | Face Confidence: 89%
2025-03-13 00:30:00,307 - INFO - Elapsed Time: 63.90s | Pan Error: -19.22 | Face Confidence: 81%
2025-03-13 00:30:00,393 - INFO - Elapsed Time: 63.99s | Pan Error: -9.06 | Face Confidence: 78%
2025-03-13 00:30:00,478 - INFO - Elapsed Time: 64.07s | Pan Error: -1.88 | Face Confidence: 77%
2025-03-13 00:30:00,564 - INFO - Elapsed Time: 64.16s | Pan Error: 10.16 | Face Confidence: 78%
2025-03-13 00:30:00,652 - INFO - Elapsed Time: 64.24s | Pan Error: 21.09 | Face Confidence: 63%
2025-03-13 00:30:00,736 - INFO - Elapsed Time: 64.33s | Pan Error: 24.06 | Face Confidence: 77%
2025-03-13 00:30:00,825 - INFO - Elapsed Time: 64.42s | Pan Error: 23.59 | Face Confidence: 76%
2025-03-13 00:30:00,909 - INFO - Elapsed Time: 64.50s | Pan Error: 20.00 | Face Confidence: 73%
2025-03-13 00:30:01,001 - INFO - Elapsed Time: 64.59s | Pan Error: 4.69 | Face Confidence: 64%
2025-03-13 00:30:01,088 - INFO - Elapsed Time: 64.68s | Pan Error: -17.34 | Face Confidence: 64%
2025-03-13 00:30:01,174 - INFO - Elapsed Time: 64.77s | Pan Error: -30.16 | Face Confidence: 70%
2025-03-13 00:30:01,259 - INFO - Elapsed Time: 64.85s | Pan Error: -15.47 | Face Confidence: 66%
2025-03-13 00:30:01,424 - INFO - Elapsed Time: 65.02s | Pan Error: 7.19 | Face Confidence: 51%
2025-03-13 00:30:01,590 - INFO - Elapsed Time: 65.18s | Pan Error: 44.22 | Face Confidence: 52%
2025-03-13 00:30:01,919 - INFO - Elapsed Time: 65.51s | Pan Error: 7.03 | Face Confidence: 52%
2025-03-13 00:30:02,091 - INFO - Elapsed Time: 65.68s | Pan Error: 5.78 | Face Confidence: 60%
2025-03-13 00:30:02,180 - INFO - Elapsed Time: 65.77s | Pan Error: 2.19 | Face Confidence: 56%
2025-03-13 00:30:02,349 - INFO - Elapsed Time: 65.94s | Pan Error: 0.16 | Face Confidence: 50%
2025-03-13 00:30:02,439 - INFO - Elapsed Time: 66.03s | Pan Error: -0.31 | Face Confidence: 64%
2025-03-13 00:30:02,528 - INFO - Elapsed Time: 66.12s | Pan Error: 1.72 | Face Confidence: 50%
2025-03-13 00:30:02,617 - INFO - Elapsed Time: 66.21s | Pan Error: 1.88 | Face Confidence: 61%
2025-03-13 00:30:02,786 - INFO - Elapsed Time: 66.38s | Pan Error: 3.59 | Face Confidence: 50%
2025-03-13 00:30:02,874 - INFO - Elapsed Time: 66.47s | Pan Error: 2.81 | Face Confidence: 62%
2025-03-13 00:30:02,967 - INFO - Elapsed Time: 66.56s | Pan Error: 6.72 | Face Confidence: 53%
2025-03-13 00:30:03,059 - INFO - Elapsed Time: 66.65s | Pan Error: 6.56 | Face Confidence: 60%
2025-03-13 00:30:03,148 - INFO - Elapsed Time: 66.74s | Pan Error: 3.75 | Face Confidence: 66%
2025-03-13 00:30:03,236 - INFO - Elapsed Time: 66.83s | Pan Error: 76.41 | Face Confidence: 65%
2025-03-13 00:30:03,325 - INFO - Elapsed Time: 66.92s | Pan Error: 75.47 | Face Confidence: 62%
2025-03-13 00:30:03,413 - INFO - Elapsed Time: 67.01s | Pan Error: 34.22 | Face Confidence: 59%
2025-03-13 00:30:03,981 - INFO - Elapsed Time: 67.57s | Pan Error: 9.38 | Face Confidence: 52%
2025-03-13 00:30:04,566 - INFO - Elapsed Time: 68.15s | Pan Error: -54.69 | Face Confidence: 59%
2025-03-13 00:30:04,671 - INFO - Elapsed Time: 68.26s | Pan Error: -59.38 | Face Confidence: 60%
2025-03-13 00:30:04,841 - INFO - Elapsed Time: 68.43s | Pan Error: -11.56 | Face Confidence: 53%
2025-03-13 00:30:04,925 - INFO - Elapsed Time: 68.52s | Pan Error: -84.22 | Face Confidence: 59%
2025-03-13 00:30:05,012 - INFO - Elapsed Time: 68.60s | Pan Error: -75.62 | Face Confidence: 71%
2025-03-13 00:30:05,342 - INFO - Elapsed Time: 68.94s | Pan Error: 10.00 | Face Confidence: 53%
2025-03-13 00:30:05,427 - INFO - Elapsed Time: 69.02s | Pan Error: 14.06 | Face Confidence: 50%
2025-03-13 00:30:05,516 - INFO - Elapsed Time: 69.11s | Pan Error: 82.66 | Face Confidence: 58%
2025-03-13 00:30:05,601 - INFO - Elapsed Time: 69.20s | Pan Error: 12.03 | Face Confidence: 54%
2025-03-13 00:30:05,852 - INFO - Elapsed Time: 69.45s | Pan Error: -39.22 | Face Confidence: 53%
2025-03-13 00:30:05,939 - INFO - Elapsed Time: 69.53s | Pan Error: -46.72 | Face Confidence: 63%
2025-03-13 00:30:06,031 - INFO - Elapsed Time: 69.62s | Pan Error: -44.84 | Face Confidence: 71%
2025-03-13 00:30:06,285 - INFO - Elapsed Time: 69.87s | Pan Error: -0.31 | Face Confidence: 63%
2025-03-13 00:30:06,371 - INFO - Elapsed Time: 69.96s | Pan Error: 3.91 | Face Confidence: 74%
2025-03-13 00:30:06,456 - INFO - Elapsed Time: 70.05s | Pan Error: 6.88 | Face Confidence: 62%
2025-03-13 00:30:06,547 - INFO - Elapsed Time: 70.14s | Pan Error: 7.50 | Face Confidence: 66%
2025-03-13 00:30:06,634 - INFO - Elapsed Time: 70.23s | Pan Error: 9.22 | Face Confidence: 55%
2025-03-13 00:30:06,722 - INFO - Elapsed Time: 70.31s | Pan Error: 85.62 | Face Confidence: 57%
2025-03-13 00:30:06,810 - INFO - Elapsed Time: 70.40s | Pan Error: 85.16 | Face Confidence: 58%
2025-03-13 00:30:07,232 - INFO - Elapsed Time: 70.82s | Pan Error: -13.91 | Face Confidence: 63%
2025-03-13 00:30:07,325 - INFO - Elapsed Time: 70.92s | Pan Error: -12.66 | Face Confidence: 55%
2025-03-13 00:30:08,004 - INFO - Elapsed Time: 71.60s | Pan Error: 5.00 | Face Confidence: 58%
2025-03-13 00:30:08,267 - INFO - Elapsed Time: 71.86s | Pan Error: 9.84 | Face Confidence: 50%
2025-03-13 00:30:08,357 - INFO - Elapsed Time: 71.95s | Pan Error: 15.16 | Face Confidence: 58%
2025-03-13 00:30:08,386 - INFO - Camera stopped
