2025-03-13 01:51:09,411 - INFO - Face tracking logging system initialized.
2025-03-13 01:51:09,462 - INFO - Initialization successful.
2025-03-13 01:51:09,462 - INFO - Camera now open.
2025-03-13 01:51:09,467 - INFO - Camera configuration has been adjusted!
2025-03-13 01:51:09,469 - INFO - Configuration successful!
2025-03-13 01:51:09,515 - INFO - Camera started
2025-03-13 01:51:09,529 - INFO - [31m[1mWARNING: This is a development server. Do not use it in a production deployment. Use a production WSGI server instead.[0m
 * Running on all addresses (0.0.0.0)
 * Running on http://127.0.0.1:5000
 * Running on http://172.20.10.4:5000
2025-03-13 01:51:09,530 - INFO - [33mPress CTRL+C to quit[0m
2025-03-13 01:51:09,739 - INFO - Stream stats - Frame: 0, Size: 196149 bytes, Clients: 0
2025-03-13 01:51:10,797 - INFO - 172.20.10.2 - - [13/Mar/2025 01:51:10] "GET / HTTP/1.1" 200 -
2025-03-13 01:51:10,872 - INFO - Client connected. Total clients: 1
2025-03-13 01:51:10,985 - INFO - 172.20.10.2 - - [13/Mar/2025 01:51:10] "GET /video_feed HTTP/1.1" 200 -
2025-03-13 01:51:11,815 - INFO - Elapsed Time: 2.26s | Pan Error: -64.06 | Face Confidence: 62%
2025-03-13 01:51:12,241 - INFO - Elapsed Time: 2.69s | Pan Error: -16.56 | Face Confidence: 76%
2025-03-13 01:51:12,329 - INFO - Elapsed Time: 2.78s | Pan Error: -20.00 | Face Confidence: 85%
2025-03-13 01:51:12,414 - INFO - Elapsed Time: 2.86s | Pan Error: -24.22 | Face Confidence: 88%
2025-03-13 01:51:12,501 - INFO - Elapsed Time: 2.95s | Pan Error: -23.91 | Face Confidence: 84%
2025-03-13 01:51:12,587 - INFO - Elapsed Time: 3.04s | Pan Error: -22.19 | Face Confidence: 50%
2025-03-13 01:51:12,675 - INFO - Elapsed Time: 3.12s | Pan Error: -9.22 | Face Confidence: 65%
2025-03-13 01:51:12,845 - INFO - Elapsed Time: 3.29s | Pan Error: 19.69 | Face Confidence: 80%
2025-03-13 01:51:12,932 - INFO - Elapsed Time: 3.38s | Pan Error: 26.25 | Face Confidence: 78%
2025-03-13 01:51:13,016 - INFO - Elapsed Time: 3.47s | Pan Error: 31.25 | Face Confidence: 75%
2025-03-13 01:51:13,104 - INFO - Elapsed Time: 3.55s | Pan Error: 23.44 | Face Confidence: 56%
2025-03-13 01:51:13,348 - INFO - Elapsed Time: 3.80s | Pan Error: -28.28 | Face Confidence: 64%
2025-03-13 01:51:13,434 - INFO - Elapsed Time: 3.88s | Pan Error: -44.22 | Face Confidence: 78%
2025-03-13 01:51:13,521 - INFO - Elapsed Time: 3.97s | Pan Error: -58.28 | Face Confidence: 92%
2025-03-13 01:51:13,615 - INFO - Elapsed Time: 4.06s | Pan Error: -50.94 | Face Confidence: 87%
2025-03-13 01:51:13,701 - INFO - Elapsed Time: 4.15s | Pan Error: -42.66 | Face Confidence: 61%
2025-03-13 01:51:13,953 - INFO - Elapsed Time: 4.40s | Pan Error: 16.25 | Face Confidence: 68%
2025-03-13 01:51:14,040 - INFO - Elapsed Time: 4.49s | Pan Error: 20.62 | Face Confidence: 75%
2025-03-13 01:51:14,131 - INFO - Elapsed Time: 4.58s | Pan Error: 18.28 | Face Confidence: 85%
2025-03-13 01:51:14,219 - INFO - Elapsed Time: 4.67s | Pan Error: 8.75 | Face Confidence: 83%
2025-03-13 01:51:14,312 - INFO - Elapsed Time: 4.76s | Pan Error: -4.53 | Face Confidence: 84%
2025-03-13 01:51:14,405 - INFO - Elapsed Time: 4.85s | Pan Error: -10.78 | Face Confidence: 88%
2025-03-13 01:51:14,491 - INFO - Elapsed Time: 4.94s | Pan Error: -15.94 | Face Confidence: 69%
2025-03-13 01:51:14,580 - INFO - Elapsed Time: 5.03s | Pan Error: -15.94 | Face Confidence: 65%
2025-03-13 01:51:14,673 - INFO - Elapsed Time: 5.12s | Pan Error: -13.28 | Face Confidence: 81%
2025-03-13 01:51:14,759 - INFO - Elapsed Time: 5.21s | Pan Error: -2.81 | Face Confidence: 65%
2025-03-13 01:51:14,852 - INFO - Elapsed Time: 5.30s | Pan Error: 5.62 | Face Confidence: 85%
2025-03-13 01:51:14,938 - INFO - Elapsed Time: 5.39s | Pan Error: 11.56 | Face Confidence: 77%
2025-03-13 01:51:15,025 - INFO - Elapsed Time: 5.47s | Pan Error: 14.53 | Face Confidence: 83%
2025-03-13 01:51:15,115 - INFO - Elapsed Time: 5.56s | Pan Error: 13.75 | Face Confidence: 87%
2025-03-13 01:51:15,204 - INFO - Elapsed Time: 5.65s | Pan Error: 10.31 | Face Confidence: 64%
2025-03-13 01:51:15,292 - INFO - Elapsed Time: 5.74s | Pan Error: 8.91 | Face Confidence: 77%
2025-03-13 01:51:15,378 - INFO - Elapsed Time: 5.83s | Pan Error: 9.84 | Face Confidence: 83%
2025-03-13 01:51:15,477 - INFO - Elapsed Time: 5.92s | Pan Error: 11.88 | Face Confidence: 87%
2025-03-13 01:51:15,567 - INFO - Elapsed Time: 6.02s | Pan Error: 18.44 | Face Confidence: 91%
2025-03-13 01:51:15,661 - INFO - Elapsed Time: 6.10s | Pan Error: 25.78 | Face Confidence: 88%
2025-03-13 01:51:15,751 - INFO - Elapsed Time: 6.20s | Pan Error: 30.47 | Face Confidence: 87%
2025-03-13 01:51:15,837 - INFO - Elapsed Time: 6.29s | Pan Error: 33.12 | Face Confidence: 85%
2025-03-13 01:51:15,926 - INFO - Elapsed Time: 6.37s | Pan Error: 25.78 | Face Confidence: 67%
2025-03-13 01:51:16,020 - INFO - Elapsed Time: 6.46s | Pan Error: 17.97 | Face Confidence: 72%
2025-03-13 01:51:16,107 - INFO - Elapsed Time: 6.56s | Pan Error: 5.47 | Face Confidence: 62%
2025-03-13 01:51:16,202 - INFO - Elapsed Time: 6.64s | Pan Error: -9.38 | Face Confidence: 74%
2025-03-13 01:51:16,290 - INFO - Elapsed Time: 6.74s | Pan Error: -18.75 | Face Confidence: 63%
2025-03-13 01:51:16,380 - INFO - Elapsed Time: 6.82s | Pan Error: -22.03 | Face Confidence: 73%
2025-03-13 01:51:16,468 - INFO - Elapsed Time: 6.92s | Pan Error: -23.59 | Face Confidence: 57%
2025-03-13 01:51:16,554 - INFO - Elapsed Time: 7.00s | Pan Error: -15.62 | Face Confidence: 76%
2025-03-13 01:51:16,641 - INFO - Elapsed Time: 7.09s | Pan Error: -0.78 | Face Confidence: 58%
2025-03-13 01:51:16,732 - INFO - Elapsed Time: 7.18s | Pan Error: 11.09 | Face Confidence: 77%
2025-03-13 01:51:16,821 - INFO - Elapsed Time: 7.27s | Pan Error: 14.53 | Face Confidence: 71%
2025-03-13 01:51:16,911 - INFO - Elapsed Time: 7.36s | Pan Error: 13.12 | Face Confidence: 79%
2025-03-13 01:51:16,998 - INFO - Elapsed Time: 7.45s | Pan Error: 9.69 | Face Confidence: 84%
2025-03-13 01:51:17,085 - INFO - Elapsed Time: 7.53s | Pan Error: 3.28 | Face Confidence: 81%
2025-03-13 01:51:17,174 - INFO - Elapsed Time: 7.62s | Pan Error: -4.22 | Face Confidence: 81%
2025-03-13 01:51:17,262 - INFO - Elapsed Time: 7.71s | Pan Error: -9.84 | Face Confidence: 76%
2025-03-13 01:51:17,348 - INFO - Elapsed Time: 7.80s | Pan Error: -10.31 | Face Confidence: 79%
2025-03-13 01:51:17,435 - INFO - Elapsed Time: 7.88s | Pan Error: -10.78 | Face Confidence: 77%
2025-03-13 01:51:17,524 - INFO - Elapsed Time: 7.97s | Pan Error: -8.59 | Face Confidence: 81%
2025-03-13 01:51:17,615 - INFO - Elapsed Time: 8.06s | Pan Error: -3.75 | Face Confidence: 90%
2025-03-13 01:51:17,707 - INFO - Elapsed Time: 8.15s | Pan Error: -0.31 | Face Confidence: 82%
2025-03-13 01:51:17,794 - INFO - Elapsed Time: 8.24s | Pan Error: 2.34 | Face Confidence: 82%
2025-03-13 01:51:17,888 - INFO - Elapsed Time: 8.33s | Pan Error: 2.19 | Face Confidence: 83%
2025-03-13 01:51:17,980 - INFO - Elapsed Time: 8.43s | Pan Error: 0.47 | Face Confidence: 80%
2025-03-13 01:51:18,073 - INFO - Elapsed Time: 8.52s | Pan Error: 0.31 | Face Confidence: 78%
2025-03-13 01:51:18,158 - INFO - Elapsed Time: 8.61s | Pan Error: 1.25 | Face Confidence: 57%
2025-03-13 01:51:18,250 - INFO - Elapsed Time: 8.70s | Pan Error: -1.41 | Face Confidence: 86%
2025-03-13 01:51:18,337 - INFO - Elapsed Time: 8.79s | Pan Error: -0.94 | Face Confidence: 59%
2025-03-13 01:51:18,423 - INFO - Elapsed Time: 8.87s | Pan Error: -2.66 | Face Confidence: 78%
2025-03-13 01:51:18,518 - INFO - Elapsed Time: 8.96s | Pan Error: -1.56 | Face Confidence: 86%
2025-03-13 01:51:18,605 - INFO - Elapsed Time: 9.05s | Pan Error: -3.44 | Face Confidence: 86%
2025-03-13 01:51:18,693 - INFO - Elapsed Time: 9.14s | Pan Error: -6.56 | Face Confidence: 89%
2025-03-13 01:51:18,787 - INFO - Elapsed Time: 9.23s | Pan Error: -8.12 | Face Confidence: 89%
2025-03-13 01:51:18,876 - INFO - Elapsed Time: 9.32s | Pan Error: -7.66 | Face Confidence: 77%
2025-03-13 01:51:18,967 - INFO - Elapsed Time: 9.41s | Pan Error: -8.59 | Face Confidence: 66%
2025-03-13 01:51:19,137 - INFO - Elapsed Time: 9.59s | Pan Error: -3.59 | Face Confidence: 69%
2025-03-13 01:51:19,225 - INFO - Elapsed Time: 9.67s | Pan Error: 0.47 | Face Confidence: 76%
2025-03-13 01:51:19,316 - INFO - Elapsed Time: 9.76s | Pan Error: 0.62 | Face Confidence: 79%
2025-03-13 01:51:19,406 - INFO - Elapsed Time: 9.85s | Pan Error: 1.56 | Face Confidence: 80%
2025-03-13 01:51:19,498 - INFO - Elapsed Time: 9.95s | Pan Error: -4.38 | Face Confidence: 77%
2025-03-13 01:51:19,590 - INFO - Elapsed Time: 10.04s | Pan Error: -12.50 | Face Confidence: 82%
2025-03-13 01:51:19,679 - INFO - Elapsed Time: 10.13s | Pan Error: -24.69 | Face Confidence: 79%
2025-03-13 01:51:19,771 - INFO - Elapsed Time: 10.22s | Pan Error: -34.84 | Face Confidence: 88%
2025-03-13 01:51:19,862 - INFO - Elapsed Time: 10.31s | Pan Error: -45.94 | Face Confidence: 89%
2025-03-13 01:51:19,951 - INFO - Elapsed Time: 10.40s | Pan Error: -36.56 | Face Confidence: 85%
2025-03-13 01:51:20,039 - INFO - Elapsed Time: 10.49s | Pan Error: -29.53 | Face Confidence: 68%
2025-03-13 01:51:20,132 - INFO - Elapsed Time: 10.58s | Pan Error: -8.59 | Face Confidence: 67%
2025-03-13 01:51:20,221 - INFO - Elapsed Time: 10.67s | Pan Error: 12.50 | Face Confidence: 86%
2025-03-13 01:51:20,309 - INFO - Elapsed Time: 10.76s | Pan Error: 18.44 | Face Confidence: 89%
2025-03-13 01:51:20,401 - INFO - Elapsed Time: 10.85s | Pan Error: 20.00 | Face Confidence: 82%
2025-03-13 01:51:20,490 - INFO - Elapsed Time: 10.94s | Pan Error: 12.97 | Face Confidence: 89%
2025-03-13 01:51:20,575 - INFO - Elapsed Time: 11.03s | Pan Error: 4.69 | Face Confidence: 85%
2025-03-13 01:51:20,662 - INFO - Elapsed Time: 11.11s | Pan Error: -6.41 | Face Confidence: 85%
2025-03-13 01:51:20,749 - INFO - Elapsed Time: 11.20s | Pan Error: -10.00 | Face Confidence: 86%
2025-03-13 01:51:20,835 - INFO - Elapsed Time: 11.28s | Pan Error: -13.28 | Face Confidence: 88%
2025-03-13 01:51:20,924 - INFO - Elapsed Time: 11.37s | Pan Error: -11.88 | Face Confidence: 87%
2025-03-13 01:51:20,927 - INFO - Stream stats - Frame: 300, Size: 219679 bytes, Clients: 1
2025-03-13 01:51:21,013 - INFO - Elapsed Time: 11.46s | Pan Error: -9.22 | Face Confidence: 87%
2025-03-13 01:51:21,115 - INFO - Elapsed Time: 11.56s | Pan Error: 2.03 | Face Confidence: 91%
2025-03-13 01:51:21,208 - INFO - Elapsed Time: 11.65s | Pan Error: 12.34 | Face Confidence: 87%
2025-03-13 01:51:21,295 - INFO - Elapsed Time: 11.74s | Pan Error: 17.19 | Face Confidence: 80%
2025-03-13 01:51:21,388 - INFO - Elapsed Time: 11.83s | Pan Error: 28.12 | Face Confidence: 82%
2025-03-13 01:51:21,479 - INFO - Elapsed Time: 11.93s | Pan Error: 28.75 | Face Confidence: 91%
2025-03-13 01:51:21,567 - INFO - Elapsed Time: 12.01s | Pan Error: 26.41 | Face Confidence: 89%
2025-03-13 01:51:21,660 - INFO - Elapsed Time: 12.10s | Pan Error: 25.31 | Face Confidence: 82%
2025-03-13 01:51:21,746 - INFO - Elapsed Time: 12.19s | Pan Error: 22.97 | Face Confidence: 90%
2025-03-13 01:51:21,834 - INFO - Elapsed Time: 12.28s | Pan Error: 20.31 | Face Confidence: 80%
2025-03-13 01:51:21,925 - INFO - Elapsed Time: 12.37s | Pan Error: 23.44 | Face Confidence: 69%
2025-03-13 01:51:22,012 - INFO - Elapsed Time: 12.46s | Pan Error: 11.25 | Face Confidence: 82%
2025-03-13 01:51:22,103 - INFO - Elapsed Time: 12.55s | Pan Error: 5.47 | Face Confidence: 74%
2025-03-13 01:51:22,195 - INFO - Elapsed Time: 12.64s | Pan Error: 0.78 | Face Confidence: 77%
2025-03-13 01:51:22,283 - INFO - Elapsed Time: 12.73s | Pan Error: -7.97 | Face Confidence: 68%
2025-03-13 01:51:22,372 - INFO - Elapsed Time: 12.82s | Pan Error: -9.69 | Face Confidence: 72%
2025-03-13 01:51:22,460 - INFO - Elapsed Time: 12.91s | Pan Error: -11.88 | Face Confidence: 80%
2025-03-13 01:51:22,549 - INFO - Elapsed Time: 13.00s | Pan Error: -12.03 | Face Confidence: 66%
2025-03-13 01:51:22,635 - INFO - Elapsed Time: 13.08s | Pan Error: -11.41 | Face Confidence: 69%
2025-03-13 01:51:22,724 - INFO - Elapsed Time: 13.17s | Pan Error: -8.75 | Face Confidence: 71%
2025-03-13 01:51:22,813 - INFO - Elapsed Time: 13.26s | Pan Error: -4.38 | Face Confidence: 76%
2025-03-13 01:51:22,901 - INFO - Elapsed Time: 13.35s | Pan Error: -7.81 | Face Confidence: 86%
2025-03-13 01:51:22,988 - INFO - Elapsed Time: 13.44s | Pan Error: -14.69 | Face Confidence: 88%
2025-03-13 01:51:23,076 - INFO - Elapsed Time: 13.52s | Pan Error: -22.34 | Face Confidence: 84%
2025-03-13 01:51:23,166 - INFO - Elapsed Time: 13.61s | Pan Error: -24.53 | Face Confidence: 82%
2025-03-13 01:51:23,255 - INFO - Elapsed Time: 13.70s | Pan Error: -23.91 | Face Confidence: 78%
2025-03-13 01:51:23,343 - INFO - Elapsed Time: 13.79s | Pan Error: -15.31 | Face Confidence: 82%
2025-03-13 01:51:23,431 - INFO - Elapsed Time: 13.88s | Pan Error: -6.09 | Face Confidence: 70%
2025-03-13 01:51:23,526 - INFO - Elapsed Time: 13.97s | Pan Error: 3.28 | Face Confidence: 79%
2025-03-13 01:51:23,612 - INFO - Elapsed Time: 14.06s | Pan Error: 8.12 | Face Confidence: 78%
2025-03-13 01:51:23,700 - INFO - Elapsed Time: 14.15s | Pan Error: 10.62 | Face Confidence: 77%
2025-03-13 01:51:23,789 - INFO - Elapsed Time: 14.24s | Pan Error: 12.81 | Face Confidence: 75%
2025-03-13 01:51:23,879 - INFO - Elapsed Time: 14.33s | Pan Error: 15.00 | Face Confidence: 76%
2025-03-13 01:51:23,968 - INFO - Elapsed Time: 14.42s | Pan Error: 13.44 | Face Confidence: 74%
2025-03-13 01:51:24,061 - INFO - Elapsed Time: 14.51s | Pan Error: 11.88 | Face Confidence: 50%
2025-03-13 01:51:24,148 - INFO - Elapsed Time: 14.60s | Pan Error: 9.84 | Face Confidence: 51%
2025-03-13 01:51:24,234 - INFO - Elapsed Time: 14.68s | Pan Error: 6.72 | Face Confidence: 65%
2025-03-13 01:51:24,997 - INFO - Elapsed Time: 15.45s | Pan Error: 8.12 | Face Confidence: 54%
2025-03-13 01:51:25,085 - INFO - Elapsed Time: 15.53s | Pan Error: 7.81 | Face Confidence: 57%
2025-03-13 01:51:25,172 - INFO - Elapsed Time: 15.62s | Pan Error: 7.97 | Face Confidence: 68%
2025-03-13 01:51:25,258 - INFO - Elapsed Time: 15.71s | Pan Error: 0.47 | Face Confidence: 71%
2025-03-13 01:51:25,347 - INFO - Elapsed Time: 15.79s | Pan Error: -3.12 | Face Confidence: 75%
2025-03-13 01:51:25,440 - INFO - Elapsed Time: 15.89s | Pan Error: -10.47 | Face Confidence: 59%
2025-03-13 01:51:25,946 - INFO - Elapsed Time: 16.39s | Pan Error: -9.06 | Face Confidence: 53%
2025-03-13 01:51:26,037 - INFO - Elapsed Time: 16.48s | Pan Error: -8.75 | Face Confidence: 56%
2025-03-13 01:51:26,132 - INFO - Elapsed Time: 16.57s | Pan Error: -9.22 | Face Confidence: 64%
2025-03-13 01:51:26,235 - INFO - Elapsed Time: 16.68s | Pan Error: -8.91 | Face Confidence: 67%
2025-03-13 01:51:26,322 - INFO - Elapsed Time: 16.77s | Pan Error: -6.72 | Face Confidence: 75%
2025-03-13 01:51:26,409 - INFO - Elapsed Time: 16.86s | Pan Error: -2.19 | Face Confidence: 71%
2025-03-13 01:51:26,496 - INFO - Elapsed Time: 16.94s | Pan Error: 2.34 | Face Confidence: 69%
2025-03-13 01:51:26,584 - INFO - Elapsed Time: 17.03s | Pan Error: 5.16 | Face Confidence: 70%
2025-03-13 01:51:26,673 - INFO - Elapsed Time: 17.12s | Pan Error: 3.12 | Face Confidence: 74%
2025-03-13 01:51:26,770 - INFO - Elapsed Time: 17.21s | Pan Error: 3.28 | Face Confidence: 71%
2025-03-13 01:51:26,857 - INFO - Elapsed Time: 17.31s | Pan Error: 4.22 | Face Confidence: 73%
2025-03-13 01:51:26,945 - INFO - Elapsed Time: 17.39s | Pan Error: 3.28 | Face Confidence: 75%
2025-03-13 01:51:27,032 - INFO - Elapsed Time: 17.48s | Pan Error: -2.50 | Face Confidence: 76%
2025-03-13 01:51:27,120 - INFO - Elapsed Time: 17.57s | Pan Error: -4.69 | Face Confidence: 72%
2025-03-13 01:51:27,212 - INFO - Elapsed Time: 17.66s | Pan Error: -8.75 | Face Confidence: 63%
2025-03-13 01:51:27,301 - INFO - Elapsed Time: 17.75s | Pan Error: -5.47 | Face Confidence: 63%
2025-03-13 01:51:27,397 - INFO - Elapsed Time: 17.84s | Pan Error: -1.88 | Face Confidence: 62%
2025-03-13 01:51:28,654 - INFO - Elapsed Time: 19.10s | Pan Error: 25.16 | Face Confidence: 56%
2025-03-13 01:51:28,745 - INFO - Elapsed Time: 19.19s | Pan Error: 26.72 | Face Confidence: 65%
2025-03-13 01:51:28,923 - INFO - Elapsed Time: 19.37s | Pan Error: 17.66 | Face Confidence: 57%
2025-03-13 01:51:29,012 - INFO - Elapsed Time: 19.46s | Pan Error: 9.38 | Face Confidence: 53%
2025-03-13 01:51:29,185 - INFO - Elapsed Time: 19.63s | Pan Error: -3.44 | Face Confidence: 58%
2025-03-13 01:51:29,271 - INFO - Elapsed Time: 19.72s | Pan Error: -5.31 | Face Confidence: 54%
2025-03-13 01:51:29,358 - INFO - Elapsed Time: 19.81s | Pan Error: -6.88 | Face Confidence: 60%
2025-03-13 01:51:29,447 - INFO - Elapsed Time: 19.89s | Pan Error: -7.34 | Face Confidence: 60%
2025-03-13 01:51:29,536 - INFO - Elapsed Time: 19.98s | Pan Error: -5.78 | Face Confidence: 65%
2025-03-13 01:51:29,627 - INFO - Elapsed Time: 20.08s | Pan Error: -6.41 | Face Confidence: 53%
2025-03-13 01:51:29,794 - INFO - Elapsed Time: 20.24s | Pan Error: 2.97 | Face Confidence: 62%
2025-03-13 01:51:29,881 - INFO - Elapsed Time: 20.33s | Pan Error: 7.81 | Face Confidence: 64%
2025-03-13 01:51:29,970 - INFO - Elapsed Time: 20.42s | Pan Error: 7.66 | Face Confidence: 65%
2025-03-13 01:51:30,060 - INFO - Elapsed Time: 20.51s | Pan Error: 7.34 | Face Confidence: 64%
2025-03-13 01:51:30,149 - INFO - Elapsed Time: 20.60s | Pan Error: 4.53 | Face Confidence: 57%
2025-03-13 01:51:30,236 - INFO - Elapsed Time: 20.68s | Pan Error: 1.56 | Face Confidence: 56%
2025-03-13 01:51:30,324 - INFO - Elapsed Time: 20.77s | Pan Error: -3.59 | Face Confidence: 71%
2025-03-13 01:51:30,414 - INFO - Elapsed Time: 20.86s | Pan Error: -4.84 | Face Confidence: 55%
2025-03-13 01:51:30,501 - INFO - Elapsed Time: 20.95s | Pan Error: -3.91 | Face Confidence: 53%
2025-03-13 01:51:30,590 - INFO - Elapsed Time: 21.04s | Pan Error: -5.00 | Face Confidence: 53%
2025-03-13 01:51:30,676 - INFO - Elapsed Time: 21.12s | Pan Error: -5.16 | Face Confidence: 58%
2025-03-13 01:51:30,765 - INFO - Elapsed Time: 21.21s | Pan Error: -7.03 | Face Confidence: 54%
2025-03-13 01:51:30,852 - INFO - Elapsed Time: 21.30s | Pan Error: -2.66 | Face Confidence: 70%
2025-03-13 01:51:30,937 - INFO - Elapsed Time: 21.39s | Pan Error: -2.19 | Face Confidence: 57%
2025-03-13 01:51:30,992 - INFO - Stream stats - Frame: 600, Size: 219487 bytes, Clients: 1
2025-03-13 01:51:31,021 - INFO - Elapsed Time: 21.47s | Pan Error: 0.31 | Face Confidence: 61%
2025-03-13 01:51:31,108 - INFO - Elapsed Time: 21.56s | Pan Error: 1.41 | Face Confidence: 63%
2025-03-13 01:51:31,194 - INFO - Elapsed Time: 21.64s | Pan Error: 1.41 | Face Confidence: 57%
2025-03-13 01:51:31,306 - INFO - Elapsed Time: 21.74s | Pan Error: 1.41 | Face Confidence: 61%
2025-03-13 01:51:31,395 - INFO - Elapsed Time: 21.84s | Pan Error: 1.09 | Face Confidence: 57%
2025-03-13 01:51:31,568 - INFO - Elapsed Time: 22.01s | Pan Error: 2.66 | Face Confidence: 55%
2025-03-13 01:51:31,659 - INFO - Elapsed Time: 22.11s | Pan Error: 4.38 | Face Confidence: 67%
2025-03-13 01:51:31,748 - INFO - Elapsed Time: 22.20s | Pan Error: 4.06 | Face Confidence: 52%
2025-03-13 01:51:32,001 - INFO - Elapsed Time: 22.45s | Pan Error: -0.62 | Face Confidence: 59%
2025-03-13 01:51:32,087 - INFO - Elapsed Time: 22.54s | Pan Error: -2.03 | Face Confidence: 57%
2025-03-13 01:51:32,180 - INFO - Elapsed Time: 22.62s | Pan Error: -3.44 | Face Confidence: 58%
2025-03-13 01:51:32,271 - INFO - Elapsed Time: 22.72s | Pan Error: -0.78 | Face Confidence: 56%
2025-03-13 01:51:32,443 - INFO - Elapsed Time: 22.89s | Pan Error: -6.41 | Face Confidence: 56%
2025-03-13 01:51:32,533 - INFO - Elapsed Time: 22.98s | Pan Error: -4.53 | Face Confidence: 56%
2025-03-13 01:51:32,620 - INFO - Elapsed Time: 23.07s | Pan Error: -2.97 | Face Confidence: 57%
2025-03-13 01:51:32,709 - INFO - Elapsed Time: 23.16s | Pan Error: -3.75 | Face Confidence: 50%
2025-03-13 01:51:33,413 - INFO - Camera stopped
