2025-03-13 01:14:27,507 - INFO - Face tracking logging system initialized.
2025-03-13 01:14:27,558 - INFO - Initialization successful.
2025-03-13 01:14:27,559 - INFO - Camera now open.
2025-03-13 01:14:27,563 - INFO - Camera configuration has been adjusted!
2025-03-13 01:14:27,565 - INFO - Configuration successful!
2025-03-13 01:14:27,612 - INFO - Camera started
2025-03-13 01:14:27,626 - INFO - [31m[1mWARNING: This is a development server. Do not use it in a production deployment. Use a production WSGI server instead.[0m
 * Running on all addresses (0.0.0.0)
 * Running on http://127.0.0.1:5000
 * Running on http://172.20.10.4:5000
2025-03-13 01:14:27,626 - INFO - [33mPress CTRL+C to quit[0m
2025-03-13 01:14:27,824 - INFO - Stream stats - Frame: 0, Size: 191035 bytes, Clients: 0
2025-03-13 01:14:29,666 - INFO - 172.20.10.2 - - [13/Mar/2025 01:14:29] "GET / HTTP/1.1" 200 -
2025-03-13 01:14:29,729 - INFO - Client connected. Total clients: 1
2025-03-13 01:14:29,795 - INFO - 172.20.10.2 - - [13/Mar/2025 01:14:29] "GET /video_feed HTTP/1.1" 200 -
2025-03-13 01:14:30,039 - INFO - Elapsed Time: 2.39s | Pan Error: -33.75 | Face Confidence: 53%
2025-03-13 01:14:30,207 - INFO - Elapsed Time: 2.56s | Pan Error: -28.91 | Face Confidence: 52%
2025-03-13 01:14:30,720 - INFO - Elapsed Time: 3.07s | Pan Error: 0.62 | Face Confidence: 58%
2025-03-13 01:14:30,889 - INFO - Elapsed Time: 3.24s | Pan Error: 5.62 | Face Confidence: 55%
2025-03-13 01:14:31,057 - INFO - Elapsed Time: 3.41s | Pan Error: -11.41 | Face Confidence: 51%
2025-03-13 01:14:31,575 - INFO - Elapsed Time: 3.91s | Pan Error: 6.88 | Face Confidence: 55%
2025-03-13 01:14:31,677 - INFO - Elapsed Time: 4.03s | Pan Error: 5.47 | Face Confidence: 88%
2025-03-13 01:14:31,766 - INFO - Elapsed Time: 4.12s | Pan Error: 6.41 | Face Confidence: 91%
2025-03-13 01:14:31,936 - INFO - Elapsed Time: 4.29s | Pan Error: -3.44 | Face Confidence: 89%
2025-03-13 01:14:32,022 - INFO - Elapsed Time: 4.37s | Pan Error: -7.66 | Face Confidence: 91%
2025-03-13 01:14:32,107 - INFO - Elapsed Time: 4.46s | Pan Error: -12.66 | Face Confidence: 84%
2025-03-13 01:14:32,194 - INFO - Elapsed Time: 4.54s | Pan Error: -15.00 | Face Confidence: 91%
2025-03-13 01:14:32,286 - INFO - Elapsed Time: 4.63s | Pan Error: -13.75 | Face Confidence: 90%
2025-03-13 01:14:32,372 - INFO - Elapsed Time: 4.72s | Pan Error: -5.62 | Face Confidence: 92%
2025-03-13 01:14:32,458 - INFO - Elapsed Time: 4.81s | Pan Error: -2.50 | Face Confidence: 92%
2025-03-13 01:14:32,544 - INFO - Elapsed Time: 4.90s | Pan Error: -2.81 | Face Confidence: 87%
2025-03-13 01:14:32,629 - INFO - Elapsed Time: 4.98s | Pan Error: -9.22 | Face Confidence: 85%
2025-03-13 01:14:32,719 - INFO - Elapsed Time: 5.07s | Pan Error: -16.09 | Face Confidence: 81%
2025-03-13 01:14:32,809 - INFO - Elapsed Time: 5.16s | Pan Error: -24.06 | Face Confidence: 84%
2025-03-13 01:14:32,897 - INFO - Elapsed Time: 5.25s | Pan Error: -25.47 | Face Confidence: 69%
2025-03-13 01:14:32,986 - INFO - Elapsed Time: 5.34s | Pan Error: -21.72 | Face Confidence: 80%
2025-03-13 01:14:33,079 - INFO - Elapsed Time: 5.43s | Pan Error: -14.06 | Face Confidence: 72%
2025-03-13 01:14:33,166 - INFO - Elapsed Time: 5.52s | Pan Error: -7.66 | Face Confidence: 73%
2025-03-13 01:14:33,254 - INFO - Elapsed Time: 5.60s | Pan Error: 2.50 | Face Confidence: 79%
2025-03-13 01:14:33,347 - INFO - Elapsed Time: 5.69s | Pan Error: 8.59 | Face Confidence: 85%
2025-03-13 01:14:33,437 - INFO - Elapsed Time: 5.79s | Pan Error: 12.34 | Face Confidence: 85%
2025-03-13 01:14:33,529 - INFO - Elapsed Time: 5.88s | Pan Error: 13.12 | Face Confidence: 83%
2025-03-13 01:14:33,617 - INFO - Elapsed Time: 5.97s | Pan Error: 13.75 | Face Confidence: 81%
2025-03-13 01:14:33,703 - INFO - Elapsed Time: 6.05s | Pan Error: 15.16 | Face Confidence: 87%
2025-03-13 01:14:33,791 - INFO - Elapsed Time: 6.14s | Pan Error: 15.16 | Face Confidence: 85%
2025-03-13 01:14:33,880 - INFO - Elapsed Time: 6.23s | Pan Error: 15.94 | Face Confidence: 90%
2025-03-13 01:14:33,969 - INFO - Elapsed Time: 6.32s | Pan Error: 18.44 | Face Confidence: 88%
2025-03-13 01:14:34,057 - INFO - Elapsed Time: 6.41s | Pan Error: 15.78 | Face Confidence: 91%
2025-03-13 01:14:34,150 - INFO - Elapsed Time: 6.50s | Pan Error: 14.53 | Face Confidence: 81%
2025-03-13 01:14:34,238 - INFO - Elapsed Time: 6.59s | Pan Error: 15.94 | Face Confidence: 88%
2025-03-13 01:14:34,326 - INFO - Elapsed Time: 6.68s | Pan Error: 13.75 | Face Confidence: 83%
2025-03-13 01:14:34,413 - INFO - Elapsed Time: 6.76s | Pan Error: 9.84 | Face Confidence: 80%
2025-03-13 01:14:34,497 - INFO - Elapsed Time: 6.85s | Pan Error: 8.91 | Face Confidence: 69%
2025-03-13 01:14:34,589 - INFO - Elapsed Time: 6.94s | Pan Error: 3.28 | Face Confidence: 71%
2025-03-13 01:14:34,676 - INFO - Elapsed Time: 7.03s | Pan Error: 2.50 | Face Confidence: 68%
2025-03-13 01:14:34,760 - INFO - Elapsed Time: 7.11s | Pan Error: -5.47 | Face Confidence: 74%
2025-03-13 01:14:34,845 - INFO - Elapsed Time: 7.20s | Pan Error: -12.50 | Face Confidence: 69%
2025-03-13 01:14:34,930 - INFO - Elapsed Time: 7.28s | Pan Error: -13.44 | Face Confidence: 84%
2025-03-13 01:14:35,023 - INFO - Elapsed Time: 7.37s | Pan Error: -19.38 | Face Confidence: 82%
2025-03-13 01:14:35,111 - INFO - Elapsed Time: 7.46s | Pan Error: -20.78 | Face Confidence: 87%
2025-03-13 01:14:35,196 - INFO - Elapsed Time: 7.55s | Pan Error: -18.59 | Face Confidence: 86%
2025-03-13 01:14:35,286 - INFO - Elapsed Time: 7.63s | Pan Error: -12.97 | Face Confidence: 87%
2025-03-13 01:14:35,375 - INFO - Elapsed Time: 7.72s | Pan Error: -8.44 | Face Confidence: 89%
2025-03-13 01:14:35,463 - INFO - Elapsed Time: 7.81s | Pan Error: -0.78 | Face Confidence: 88%
2025-03-13 01:14:35,551 - INFO - Elapsed Time: 7.90s | Pan Error: 2.34 | Face Confidence: 80%
2025-03-13 01:14:35,641 - INFO - Elapsed Time: 7.99s | Pan Error: 3.75 | Face Confidence: 73%
2025-03-13 01:14:35,732 - INFO - Elapsed Time: 8.08s | Pan Error: 0.31 | Face Confidence: 52%
2025-03-13 01:14:35,824 - INFO - Elapsed Time: 8.17s | Pan Error: 12.03 | Face Confidence: 60%
2025-03-13 01:14:35,913 - INFO - Elapsed Time: 8.26s | Pan Error: 3.28 | Face Confidence: 67%
2025-03-13 01:14:36,003 - INFO - Elapsed Time: 8.35s | Pan Error: 2.81 | Face Confidence: 76%
2025-03-13 01:14:36,091 - INFO - Elapsed Time: 8.44s | Pan Error: -0.31 | Face Confidence: 87%
2025-03-13 01:14:36,186 - INFO - Elapsed Time: 8.53s | Pan Error: -3.75 | Face Confidence: 85%
2025-03-13 01:14:36,282 - INFO - Elapsed Time: 8.63s | Pan Error: -8.59 | Face Confidence: 83%
2025-03-13 01:14:36,375 - INFO - Elapsed Time: 8.72s | Pan Error: -9.69 | Face Confidence: 75%
2025-03-13 01:14:36,466 - INFO - Elapsed Time: 8.82s | Pan Error: -9.53 | Face Confidence: 78%
2025-03-13 01:14:36,560 - INFO - Elapsed Time: 8.91s | Pan Error: -6.25 | Face Confidence: 78%
2025-03-13 01:14:36,747 - INFO - Elapsed Time: 9.09s | Pan Error: -0.78 | Face Confidence: 87%
2025-03-13 01:14:36,833 - INFO - Elapsed Time: 9.19s | Pan Error: -2.34 | Face Confidence: 88%
2025-03-13 01:14:36,919 - INFO - Elapsed Time: 9.27s | Pan Error: -3.91 | Face Confidence: 87%
2025-03-13 01:14:37,005 - INFO - Elapsed Time: 9.36s | Pan Error: -5.78 | Face Confidence: 88%
2025-03-13 01:14:37,092 - INFO - Elapsed Time: 9.44s | Pan Error: -4.84 | Face Confidence: 68%
2025-03-13 01:14:37,179 - INFO - Elapsed Time: 9.53s | Pan Error: -0.47 | Face Confidence: 62%
2025-03-13 01:14:37,267 - INFO - Elapsed Time: 9.62s | Pan Error: 5.31 | Face Confidence: 83%
2025-03-13 01:14:37,358 - INFO - Elapsed Time: 9.71s | Pan Error: 10.47 | Face Confidence: 78%
2025-03-13 01:14:37,445 - INFO - Elapsed Time: 9.80s | Pan Error: 13.12 | Face Confidence: 74%
2025-03-13 01:14:37,532 - INFO - Elapsed Time: 9.88s | Pan Error: 13.12 | Face Confidence: 75%
2025-03-13 01:14:37,620 - INFO - Elapsed Time: 9.97s | Pan Error: 7.81 | Face Confidence: 75%
2025-03-13 01:14:37,710 - INFO - Elapsed Time: 10.06s | Pan Error: -3.91 | Face Confidence: 68%
2025-03-13 01:14:37,793 - INFO - Elapsed Time: 10.15s | Pan Error: -11.41 | Face Confidence: 72%
2025-03-13 01:14:37,879 - INFO - Elapsed Time: 10.23s | Pan Error: -17.19 | Face Confidence: 66%
2025-03-13 01:14:37,969 - INFO - Elapsed Time: 10.32s | Pan Error: -21.72 | Face Confidence: 68%
2025-03-13 01:14:38,136 - INFO - Elapsed Time: 10.49s | Pan Error: -23.91 | Face Confidence: 64%
2025-03-13 01:14:38,223 - INFO - Elapsed Time: 10.58s | Pan Error: -20.47 | Face Confidence: 61%
2025-03-13 01:14:38,312 - INFO - Elapsed Time: 10.66s | Pan Error: -18.75 | Face Confidence: 69%
2025-03-13 01:14:38,399 - INFO - Elapsed Time: 10.75s | Pan Error: -16.41 | Face Confidence: 68%
2025-03-13 01:14:38,484 - INFO - Elapsed Time: 10.84s | Pan Error: -14.84 | Face Confidence: 67%
2025-03-13 01:14:38,575 - INFO - Elapsed Time: 10.92s | Pan Error: -10.78 | Face Confidence: 67%
2025-03-13 01:14:38,661 - INFO - Elapsed Time: 11.01s | Pan Error: -7.50 | Face Confidence: 73%
2025-03-13 01:14:38,752 - INFO - Elapsed Time: 11.10s | Pan Error: -2.66 | Face Confidence: 76%
2025-03-13 01:14:38,838 - INFO - Elapsed Time: 11.19s | Pan Error: -2.97 | Face Confidence: 78%
2025-03-13 01:14:38,924 - INFO - Elapsed Time: 11.28s | Pan Error: 1.41 | Face Confidence: 71%
2025-03-13 01:14:39,011 - INFO - Elapsed Time: 11.36s | Pan Error: -0.47 | Face Confidence: 73%
2025-03-13 01:14:39,097 - INFO - Elapsed Time: 11.45s | Pan Error: 2.34 | Face Confidence: 81%
2025-03-13 01:14:39,186 - INFO - Elapsed Time: 11.54s | Pan Error: 4.53 | Face Confidence: 74%
2025-03-13 01:14:39,276 - INFO - Elapsed Time: 11.63s | Pan Error: 9.38 | Face Confidence: 65%
2025-03-13 01:14:39,361 - INFO - Elapsed Time: 11.71s | Pan Error: 16.56 | Face Confidence: 72%
2025-03-13 01:14:39,446 - INFO - Elapsed Time: 11.80s | Pan Error: 26.25 | Face Confidence: 69%
2025-03-13 01:14:39,529 - INFO - Elapsed Time: 11.88s | Pan Error: 33.44 | Face Confidence: 76%
2025-03-13 01:14:39,615 - INFO - Elapsed Time: 11.97s | Pan Error: 38.75 | Face Confidence: 76%
2025-03-13 01:14:39,707 - INFO - Elapsed Time: 12.05s | Pan Error: 40.78 | Face Confidence: 76%
2025-03-13 01:14:39,784 - INFO - Stream stats - Frame: 300, Size: 147755 bytes, Clients: 1
2025-03-13 01:14:39,794 - INFO - Elapsed Time: 12.14s | Pan Error: 34.38 | Face Confidence: 68%
2025-03-13 01:14:40,044 - INFO - Elapsed Time: 12.39s | Pan Error: 5.47 | Face Confidence: 81%
2025-03-13 01:14:40,129 - INFO - Elapsed Time: 12.48s | Pan Error: 0.47 | Face Confidence: 75%
2025-03-13 01:14:40,217 - INFO - Elapsed Time: 12.57s | Pan Error: -8.28 | Face Confidence: 83%
2025-03-13 01:14:40,305 - INFO - Elapsed Time: 12.66s | Pan Error: -15.62 | Face Confidence: 83%
2025-03-13 01:14:40,390 - INFO - Elapsed Time: 12.74s | Pan Error: -26.88 | Face Confidence: 85%
2025-03-13 01:14:40,476 - INFO - Elapsed Time: 12.83s | Pan Error: -35.78 | Face Confidence: 89%
2025-03-13 01:14:40,561 - INFO - Elapsed Time: 12.91s | Pan Error: -38.75 | Face Confidence: 91%
2025-03-13 01:14:40,650 - INFO - Elapsed Time: 13.00s | Pan Error: -35.94 | Face Confidence: 87%
2025-03-13 01:14:40,735 - INFO - Elapsed Time: 13.09s | Pan Error: -21.09 | Face Confidence: 89%
2025-03-13 01:14:40,822 - INFO - Elapsed Time: 13.17s | Pan Error: -3.44 | Face Confidence: 69%
2025-03-13 01:14:40,910 - INFO - Elapsed Time: 13.26s | Pan Error: 9.53 | Face Confidence: 67%
2025-03-13 01:14:40,998 - INFO - Elapsed Time: 13.35s | Pan Error: 26.25 | Face Confidence: 85%
2025-03-13 01:14:41,084 - INFO - Elapsed Time: 13.44s | Pan Error: 34.38 | Face Confidence: 79%
2025-03-13 01:14:41,167 - INFO - Elapsed Time: 13.52s | Pan Error: 40.00 | Face Confidence: 86%
2025-03-13 01:14:41,253 - INFO - Elapsed Time: 13.60s | Pan Error: 38.12 | Face Confidence: 77%
2025-03-13 01:14:41,336 - INFO - Elapsed Time: 13.69s | Pan Error: 23.28 | Face Confidence: 65%
2025-03-13 01:14:41,585 - INFO - Elapsed Time: 13.94s | Pan Error: -16.09 | Face Confidence: 72%
2025-03-13 01:14:41,669 - INFO - Elapsed Time: 14.02s | Pan Error: -27.34 | Face Confidence: 83%
2025-03-13 01:14:41,764 - INFO - Elapsed Time: 14.11s | Pan Error: -33.44 | Face Confidence: 81%
2025-03-13 01:14:41,863 - INFO - Elapsed Time: 14.21s | Pan Error: -36.88 | Face Confidence: 71%
2025-03-13 01:14:41,947 - INFO - Elapsed Time: 14.30s | Pan Error: -38.59 | Face Confidence: 61%
2025-03-13 01:14:42,036 - INFO - Elapsed Time: 14.38s | Pan Error: -28.28 | Face Confidence: 51%
2025-03-13 01:14:42,203 - INFO - Elapsed Time: 14.55s | Pan Error: -10.31 | Face Confidence: 65%
2025-03-13 01:14:42,290 - INFO - Elapsed Time: 14.64s | Pan Error: -4.06 | Face Confidence: 82%
2025-03-13 01:14:42,380 - INFO - Elapsed Time: 14.73s | Pan Error: 0.31 | Face Confidence: 73%
2025-03-13 01:14:42,464 - INFO - Elapsed Time: 14.82s | Pan Error: 2.50 | Face Confidence: 70%
2025-03-13 01:14:42,551 - INFO - Elapsed Time: 14.90s | Pan Error: 5.16 | Face Confidence: 77%
2025-03-13 01:14:42,642 - INFO - Elapsed Time: 14.99s | Pan Error: 7.81 | Face Confidence: 75%
2025-03-13 01:14:42,732 - INFO - Elapsed Time: 15.08s | Pan Error: 7.50 | Face Confidence: 80%
2025-03-13 01:14:42,817 - INFO - Elapsed Time: 15.17s | Pan Error: 6.41 | Face Confidence: 79%
2025-03-13 01:14:42,909 - INFO - Elapsed Time: 15.26s | Pan Error: 2.66 | Face Confidence: 85%
2025-03-13 01:14:42,996 - INFO - Elapsed Time: 15.35s | Pan Error: 0.47 | Face Confidence: 85%
2025-03-13 01:14:43,083 - INFO - Elapsed Time: 15.43s | Pan Error: -2.50 | Face Confidence: 82%
2025-03-13 01:14:43,171 - INFO - Elapsed Time: 15.52s | Pan Error: -1.88 | Face Confidence: 86%
2025-03-13 01:14:43,259 - INFO - Elapsed Time: 15.61s | Pan Error: 0.31 | Face Confidence: 80%
2025-03-13 01:14:43,745 - INFO - Elapsed Time: 16.10s | Pan Error: 7.34 | Face Confidence: 73%
2025-03-13 01:14:43,840 - INFO - Elapsed Time: 16.19s | Pan Error: 9.69 | Face Confidence: 74%
2025-03-13 01:14:43,930 - INFO - Elapsed Time: 16.28s | Pan Error: 12.03 | Face Confidence: 72%
2025-03-13 01:14:44,024 - INFO - Elapsed Time: 16.37s | Pan Error: 14.22 | Face Confidence: 89%
2025-03-13 01:14:44,115 - INFO - Elapsed Time: 16.47s | Pan Error: 13.59 | Face Confidence: 81%
2025-03-13 01:14:44,208 - INFO - Elapsed Time: 16.56s | Pan Error: 11.72 | Face Confidence: 74%
2025-03-13 01:14:44,292 - INFO - Elapsed Time: 16.64s | Pan Error: 3.12 | Face Confidence: 86%
2025-03-13 01:14:44,379 - INFO - Elapsed Time: 16.73s | Pan Error: -1.56 | Face Confidence: 74%
2025-03-13 01:14:44,467 - INFO - Elapsed Time: 16.82s | Pan Error: -10.78 | Face Confidence: 84%
2025-03-13 01:14:44,560 - INFO - Elapsed Time: 16.91s | Pan Error: -17.34 | Face Confidence: 75%
2025-03-13 01:14:44,647 - INFO - Elapsed Time: 17.00s | Pan Error: -20.16 | Face Confidence: 77%
2025-03-13 01:14:44,736 - INFO - Elapsed Time: 17.09s | Pan Error: -17.50 | Face Confidence: 55%
2025-03-13 01:14:44,824 - INFO - Elapsed Time: 17.18s | Pan Error: -10.78 | Face Confidence: 67%
2025-03-13 01:14:44,911 - INFO - Elapsed Time: 17.26s | Pan Error: -8.28 | Face Confidence: 63%
2025-03-13 01:14:44,995 - INFO - Elapsed Time: 17.35s | Pan Error: -0.78 | Face Confidence: 70%
2025-03-13 01:14:45,082 - INFO - Elapsed Time: 17.43s | Pan Error: 1.41 | Face Confidence: 67%
2025-03-13 01:14:45,167 - INFO - Elapsed Time: 17.52s | Pan Error: 7.03 | Face Confidence: 59%
2025-03-13 01:14:45,258 - INFO - Elapsed Time: 17.61s | Pan Error: 9.53 | Face Confidence: 65%
2025-03-13 01:14:45,350 - INFO - Elapsed Time: 17.70s | Pan Error: 10.31 | Face Confidence: 67%
2025-03-13 01:14:45,439 - INFO - Elapsed Time: 17.79s | Pan Error: 9.84 | Face Confidence: 56%
2025-03-13 01:14:45,528 - INFO - Elapsed Time: 17.88s | Pan Error: 2.66 | Face Confidence: 69%
2025-03-13 01:14:45,616 - INFO - Elapsed Time: 17.97s | Pan Error: -2.19 | Face Confidence: 61%
2025-03-13 01:14:45,701 - INFO - Elapsed Time: 18.05s | Pan Error: -6.41 | Face Confidence: 68%
2025-03-13 01:14:45,787 - INFO - Elapsed Time: 18.14s | Pan Error: -10.31 | Face Confidence: 74%
2025-03-13 01:14:45,873 - INFO - Elapsed Time: 18.22s | Pan Error: -10.00 | Face Confidence: 74%
2025-03-13 01:14:45,957 - INFO - Elapsed Time: 18.31s | Pan Error: -8.44 | Face Confidence: 76%
2025-03-13 01:14:46,045 - INFO - Elapsed Time: 18.39s | Pan Error: -6.56 | Face Confidence: 73%
2025-03-13 01:14:46,131 - INFO - Elapsed Time: 18.48s | Pan Error: 0.31 | Face Confidence: 74%
2025-03-13 01:14:46,219 - INFO - Elapsed Time: 18.57s | Pan Error: 2.81 | Face Confidence: 77%
2025-03-13 01:14:46,306 - INFO - Elapsed Time: 18.66s | Pan Error: 4.22 | Face Confidence: 74%
2025-03-13 01:14:46,392 - INFO - Elapsed Time: 18.74s | Pan Error: 3.75 | Face Confidence: 72%
2025-03-13 01:14:46,479 - INFO - Elapsed Time: 18.83s | Pan Error: 2.97 | Face Confidence: 75%
2025-03-13 01:14:46,570 - INFO - Elapsed Time: 18.92s | Pan Error: 1.25 | Face Confidence: 67%
2025-03-13 01:14:46,658 - INFO - Elapsed Time: 19.01s | Pan Error: 0.94 | Face Confidence: 71%
2025-03-13 01:14:46,745 - INFO - Elapsed Time: 19.10s | Pan Error: 0.31 | Face Confidence: 70%
2025-03-13 01:14:46,833 - INFO - Elapsed Time: 19.18s | Pan Error: 1.41 | Face Confidence: 67%
2025-03-13 01:14:46,947 - INFO - Elapsed Time: 19.29s | Pan Error: 1.56 | Face Confidence: 70%
2025-03-13 01:14:47,037 - INFO - Elapsed Time: 19.39s | Pan Error: 3.12 | Face Confidence: 67%
2025-03-13 01:14:47,127 - INFO - Elapsed Time: 19.48s | Pan Error: 1.72 | Face Confidence: 75%
2025-03-13 01:14:47,217 - INFO - Elapsed Time: 19.57s | Pan Error: 0.62 | Face Confidence: 73%
2025-03-13 01:14:47,308 - INFO - Elapsed Time: 19.66s | Pan Error: -0.62 | Face Confidence: 72%
2025-03-13 01:14:47,408 - INFO - Elapsed Time: 19.75s | Pan Error: -1.25 | Face Confidence: 67%
2025-03-13 01:14:47,502 - INFO - Elapsed Time: 19.85s | Pan Error: -1.88 | Face Confidence: 58%
2025-03-13 01:14:47,592 - INFO - Elapsed Time: 19.94s | Pan Error: -4.06 | Face Confidence: 72%
2025-03-13 01:14:47,681 - INFO - Elapsed Time: 20.03s | Pan Error: -5.16 | Face Confidence: 66%
2025-03-13 01:14:47,776 - INFO - Elapsed Time: 20.12s | Pan Error: -6.25 | Face Confidence: 68%
2025-03-13 01:14:47,865 - INFO - Elapsed Time: 20.22s | Pan Error: -7.34 | Face Confidence: 69%
2025-03-13 01:14:47,966 - INFO - Elapsed Time: 20.31s | Pan Error: -5.94 | Face Confidence: 81%
2025-03-13 01:14:48,057 - INFO - Elapsed Time: 20.41s | Pan Error: -2.97 | Face Confidence: 68%
2025-03-13 01:14:48,146 - INFO - Elapsed Time: 20.49s | Pan Error: 1.09 | Face Confidence: 71%
2025-03-13 01:14:48,235 - INFO - Elapsed Time: 20.59s | Pan Error: 7.97 | Face Confidence: 74%
2025-03-13 01:14:48,321 - INFO - Elapsed Time: 20.67s | Pan Error: 11.41 | Face Confidence: 79%
2025-03-13 01:14:48,406 - INFO - Elapsed Time: 20.76s | Pan Error: 8.91 | Face Confidence: 71%
2025-03-13 01:14:48,495 - INFO - Elapsed Time: 20.85s | Pan Error: 3.91 | Face Confidence: 79%
2025-03-13 01:14:48,580 - INFO - Elapsed Time: 20.93s | Pan Error: -1.41 | Face Confidence: 77%
2025-03-13 01:14:48,665 - INFO - Elapsed Time: 21.02s | Pan Error: -4.22 | Face Confidence: 79%
2025-03-13 01:14:48,753 - INFO - Elapsed Time: 21.10s | Pan Error: -7.81 | Face Confidence: 65%
2025-03-13 01:14:48,842 - INFO - Elapsed Time: 21.19s | Pan Error: -6.56 | Face Confidence: 82%
2025-03-13 01:14:48,928 - INFO - Elapsed Time: 21.28s | Pan Error: -3.75 | Face Confidence: 76%
2025-03-13 01:14:49,015 - INFO - Elapsed Time: 21.37s | Pan Error: -0.78 | Face Confidence: 78%
2025-03-13 01:14:49,100 - INFO - Elapsed Time: 21.45s | Pan Error: 2.34 | Face Confidence: 85%
2025-03-13 01:14:49,187 - INFO - Elapsed Time: 21.54s | Pan Error: 3.28 | Face Confidence: 78%
2025-03-13 01:14:49,276 - INFO - Elapsed Time: 21.63s | Pan Error: 4.53 | Face Confidence: 76%
2025-03-13 01:14:49,365 - INFO - Elapsed Time: 21.72s | Pan Error: 5.94 | Face Confidence: 67%
2025-03-13 01:14:49,449 - INFO - Elapsed Time: 21.80s | Pan Error: 9.53 | Face Confidence: 74%
2025-03-13 01:14:49,535 - INFO - Elapsed Time: 21.89s | Pan Error: 14.84 | Face Confidence: 87%
2025-03-13 01:14:49,620 - INFO - Elapsed Time: 21.97s | Pan Error: 17.19 | Face Confidence: 76%
2025-03-13 01:14:49,713 - INFO - Elapsed Time: 22.06s | Pan Error: 19.53 | Face Confidence: 61%
2025-03-13 01:14:49,806 - INFO - Elapsed Time: 22.15s | Pan Error: 13.75 | Face Confidence: 82%
2025-03-13 01:14:49,855 - INFO - Stream stats - Frame: 600, Size: 157419 bytes, Clients: 1
2025-03-13 01:14:49,899 - INFO - Elapsed Time: 22.25s | Pan Error: 9.53 | Face Confidence: 80%
2025-03-13 01:14:49,986 - INFO - Elapsed Time: 22.34s | Pan Error: -2.19 | Face Confidence: 83%
2025-03-13 01:14:50,072 - INFO - Elapsed Time: 22.42s | Pan Error: -12.50 | Face Confidence: 83%
2025-03-13 01:14:50,158 - INFO - Elapsed Time: 22.51s | Pan Error: -24.22 | Face Confidence: 81%
2025-03-13 01:14:50,247 - INFO - Elapsed Time: 22.59s | Pan Error: -32.50 | Face Confidence: 88%
2025-03-13 01:14:50,337 - INFO - Elapsed Time: 22.69s | Pan Error: -42.50 | Face Confidence: 91%
2025-03-13 01:14:50,423 - INFO - Elapsed Time: 22.77s | Pan Error: -44.84 | Face Confidence: 91%
2025-03-13 01:14:50,509 - INFO - Elapsed Time: 22.86s | Pan Error: -41.88 | Face Confidence: 81%
2025-03-13 01:14:50,597 - INFO - Elapsed Time: 22.95s | Pan Error: -35.31 | Face Confidence: 77%
2025-03-13 01:14:50,685 - INFO - Elapsed Time: 23.04s | Pan Error: -27.03 | Face Confidence: 57%
2025-03-13 01:14:50,849 - INFO - Elapsed Time: 23.20s | Pan Error: 4.06 | Face Confidence: 57%
2025-03-13 01:14:50,937 - INFO - Elapsed Time: 23.29s | Pan Error: 17.50 | Face Confidence: 69%
2025-03-13 01:14:51,022 - INFO - Elapsed Time: 23.38s | Pan Error: 26.41 | Face Confidence: 63%
2025-03-13 01:14:51,109 - INFO - Elapsed Time: 23.46s | Pan Error: 33.28 | Face Confidence: 73%
2025-03-13 01:14:51,196 - INFO - Elapsed Time: 23.55s | Pan Error: 34.38 | Face Confidence: 77%
2025-03-13 01:14:51,280 - INFO - Elapsed Time: 23.63s | Pan Error: 33.59 | Face Confidence: 85%
2025-03-13 01:14:51,366 - INFO - Elapsed Time: 23.72s | Pan Error: 28.91 | Face Confidence: 81%
2025-03-13 01:14:51,450 - INFO - Elapsed Time: 23.80s | Pan Error: 23.75 | Face Confidence: 67%
2025-03-13 01:14:51,583 - INFO - Elapsed Time: 23.89s | Pan Error: 18.44 | Face Confidence: 70%
2025-03-13 01:14:51,699 - INFO - Elapsed Time: 24.05s | Pan Error: 8.75 | Face Confidence: 62%
2025-03-13 01:14:51,788 - INFO - Elapsed Time: 24.14s | Pan Error: 2.81 | Face Confidence: 53%
2025-03-13 01:14:51,876 - INFO - Elapsed Time: 24.23s | Pan Error: -9.06 | Face Confidence: 65%
2025-03-13 01:14:51,973 - INFO - Elapsed Time: 24.31s | Pan Error: -14.22 | Face Confidence: 53%
2025-03-13 01:14:52,068 - INFO - Elapsed Time: 24.42s | Pan Error: -19.38 | Face Confidence: 50%
2025-03-13 01:14:52,152 - INFO - Elapsed Time: 24.51s | Pan Error: -26.88 | Face Confidence: 57%
2025-03-13 01:14:52,562 - INFO - Elapsed Time: 24.91s | Pan Error: -10.31 | Face Confidence: 57%
2025-03-13 01:14:55,961 - INFO - Elapsed Time: 28.31s | Pan Error: 14.22 | Face Confidence: 59%
2025-03-13 01:14:56,050 - INFO - Elapsed Time: 28.40s | Pan Error: 15.47 | Face Confidence: 70%
2025-03-13 01:14:56,137 - INFO - Elapsed Time: 28.49s | Pan Error: 15.94 | Face Confidence: 66%
2025-03-13 01:14:56,227 - INFO - Elapsed Time: 28.58s | Pan Error: 11.25 | Face Confidence: 51%
2025-03-13 01:14:56,395 - INFO - Elapsed Time: 28.75s | Pan Error: -9.22 | Face Confidence: 69%
2025-03-13 01:14:56,479 - INFO - Elapsed Time: 28.83s | Pan Error: -21.41 | Face Confidence: 63%
2025-03-13 01:14:56,563 - INFO - Elapsed Time: 28.92s | Pan Error: -26.72 | Face Confidence: 63%
2025-03-13 01:14:56,650 - INFO - Elapsed Time: 29.00s | Pan Error: -28.75 | Face Confidence: 64%
2025-03-13 01:14:56,901 - INFO - Elapsed Time: 29.25s | Pan Error: -7.66 | Face Confidence: 54%
2025-03-13 01:14:56,987 - INFO - Elapsed Time: 29.34s | Pan Error: 1.25 | Face Confidence: 66%
2025-03-13 01:14:57,088 - INFO - Elapsed Time: 29.42s | Pan Error: 4.06 | Face Confidence: 60%
2025-03-13 01:14:57,193 - INFO - Elapsed Time: 29.55s | Pan Error: 12.97 | Face Confidence: 58%
2025-03-13 01:14:57,282 - INFO - Elapsed Time: 29.63s | Pan Error: 16.56 | Face Confidence: 59%
2025-03-13 01:14:57,370 - INFO - Elapsed Time: 29.72s | Pan Error: 17.19 | Face Confidence: 70%
2025-03-13 01:14:57,456 - INFO - Elapsed Time: 29.81s | Pan Error: 12.81 | Face Confidence: 54%
2025-03-13 01:14:57,545 - INFO - Elapsed Time: 29.89s | Pan Error: 7.50 | Face Confidence: 68%
2025-03-13 01:14:57,632 - INFO - Elapsed Time: 29.98s | Pan Error: 2.66 | Face Confidence: 65%
2025-03-13 01:14:57,721 - INFO - Elapsed Time: 30.07s | Pan Error: -8.75 | Face Confidence: 89%
2025-03-13 01:14:57,811 - INFO - Elapsed Time: 30.16s | Pan Error: -17.03 | Face Confidence: 82%
2025-03-13 01:14:57,900 - INFO - Elapsed Time: 30.25s | Pan Error: -33.28 | Face Confidence: 85%
2025-03-13 01:14:57,989 - INFO - Elapsed Time: 30.34s | Pan Error: -46.41 | Face Confidence: 89%
2025-03-13 01:14:58,080 - INFO - Elapsed Time: 30.43s | Pan Error: -50.94 | Face Confidence: 85%
2025-03-13 01:14:58,167 - INFO - Elapsed Time: 30.52s | Pan Error: -52.19 | Face Confidence: 63%
2025-03-13 01:14:58,257 - INFO - Elapsed Time: 30.61s | Pan Error: -37.03 | Face Confidence: 74%
2025-03-13 01:14:58,511 - INFO - Elapsed Time: 30.86s | Pan Error: 7.66 | Face Confidence: 69%
2025-03-13 01:14:58,598 - INFO - Elapsed Time: 30.95s | Pan Error: 19.53 | Face Confidence: 55%
2025-03-13 01:14:58,687 - INFO - Elapsed Time: 31.04s | Pan Error: 27.97 | Face Confidence: 74%
2025-03-13 01:14:58,776 - INFO - Elapsed Time: 31.13s | Pan Error: 35.47 | Face Confidence: 82%
2025-03-13 01:14:58,863 - INFO - Elapsed Time: 31.21s | Pan Error: 38.91 | Face Confidence: 80%
2025-03-13 01:14:58,951 - INFO - Elapsed Time: 31.30s | Pan Error: 38.75 | Face Confidence: 75%
2025-03-13 01:14:59,042 - INFO - Elapsed Time: 31.39s | Pan Error: 34.69 | Face Confidence: 72%
2025-03-13 01:14:59,129 - INFO - Elapsed Time: 31.48s | Pan Error: 30.94 | Face Confidence: 79%
2025-03-13 01:14:59,222 - INFO - Elapsed Time: 31.57s | Pan Error: 23.44 | Face Confidence: 84%
2025-03-13 01:14:59,318 - INFO - Elapsed Time: 31.67s | Pan Error: 15.78 | Face Confidence: 77%
2025-03-13 01:14:59,405 - INFO - Elapsed Time: 31.75s | Pan Error: 3.44 | Face Confidence: 73%
2025-03-13 01:14:59,497 - INFO - Elapsed Time: 31.85s | Pan Error: -5.31 | Face Confidence: 70%
2025-03-13 01:14:59,670 - INFO - Elapsed Time: 32.02s | Pan Error: -21.41 | Face Confidence: 71%
2025-03-13 01:14:59,838 - INFO - Elapsed Time: 32.19s | Pan Error: -27.34 | Face Confidence: 53%
2025-03-13 01:14:59,926 - INFO - Stream stats - Frame: 900, Size: 163690 bytes, Clients: 1
2025-03-13 01:15:00,091 - INFO - Elapsed Time: 32.44s | Pan Error: -22.97 | Face Confidence: 73%
2025-03-13 01:15:00,176 - INFO - Elapsed Time: 32.53s | Pan Error: -22.03 | Face Confidence: 64%
2025-03-13 01:15:00,268 - INFO - Elapsed Time: 32.62s | Pan Error: -19.84 | Face Confidence: 60%
2025-03-13 01:15:00,519 - INFO - Elapsed Time: 32.87s | Pan Error: 1.56 | Face Confidence: 64%
2025-03-13 01:15:00,606 - INFO - Elapsed Time: 32.96s | Pan Error: 4.69 | Face Confidence: 53%
2025-03-13 01:15:00,948 - INFO - Elapsed Time: 33.30s | Pan Error: 12.34 | Face Confidence: 54%
2025-03-13 01:15:01,709 - INFO - Elapsed Time: 34.06s | Pan Error: 15.62 | Face Confidence: 66%
2025-03-13 01:15:01,799 - INFO - Elapsed Time: 34.15s | Pan Error: 20.00 | Face Confidence: 70%
2025-03-13 01:15:01,889 - INFO - Elapsed Time: 34.24s | Pan Error: 27.81 | Face Confidence: 79%
2025-03-13 01:15:01,978 - INFO - Elapsed Time: 34.33s | Pan Error: 27.81 | Face Confidence: 76%
2025-03-13 01:15:02,069 - INFO - Elapsed Time: 34.42s | Pan Error: 27.81 | Face Confidence: 78%
2025-03-13 01:15:02,163 - INFO - Elapsed Time: 34.51s | Pan Error: 21.72 | Face Confidence: 81%
2025-03-13 01:15:02,267 - INFO - Elapsed Time: 34.62s | Pan Error: 9.22 | Face Confidence: 64%
2025-03-13 01:15:02,349 - INFO - Elapsed Time: 34.70s | Pan Error: -0.62 | Face Confidence: 69%
2025-03-13 01:15:02,437 - INFO - Elapsed Time: 34.79s | Pan Error: -8.28 | Face Confidence: 78%
2025-03-13 01:15:02,521 - INFO - Elapsed Time: 34.87s | Pan Error: -17.97 | Face Confidence: 71%
2025-03-13 01:15:02,607 - INFO - Elapsed Time: 34.96s | Pan Error: -23.75 | Face Confidence: 75%
2025-03-13 01:15:02,693 - INFO - Elapsed Time: 35.05s | Pan Error: -30.47 | Face Confidence: 81%
2025-03-13 01:15:02,785 - INFO - Elapsed Time: 35.13s | Pan Error: -34.53 | Face Confidence: 81%
2025-03-13 01:15:02,875 - INFO - Elapsed Time: 35.22s | Pan Error: -30.16 | Face Confidence: 75%
2025-03-13 01:15:02,960 - INFO - Elapsed Time: 35.31s | Pan Error: -24.53 | Face Confidence: 68%
2025-03-13 01:15:03,053 - INFO - Elapsed Time: 35.40s | Pan Error: -14.06 | Face Confidence: 63%
2025-03-13 01:15:03,144 - INFO - Elapsed Time: 35.49s | Pan Error: -5.00 | Face Confidence: 68%
2025-03-13 01:15:03,230 - INFO - Elapsed Time: 35.58s | Pan Error: -1.09 | Face Confidence: 66%
2025-03-13 01:15:03,323 - INFO - Elapsed Time: 35.67s | Pan Error: 1.25 | Face Confidence: 53%
2025-03-13 01:15:03,414 - INFO - Elapsed Time: 35.76s | Pan Error: 3.59 | Face Confidence: 55%
2025-03-13 01:15:03,587 - INFO - Elapsed Time: 35.94s | Pan Error: 10.47 | Face Confidence: 70%
2025-03-13 01:15:03,673 - INFO - Elapsed Time: 36.03s | Pan Error: 12.03 | Face Confidence: 67%
2025-03-13 01:15:03,759 - INFO - Elapsed Time: 36.11s | Pan Error: 14.06 | Face Confidence: 64%
2025-03-13 01:15:03,845 - INFO - Elapsed Time: 36.20s | Pan Error: 11.72 | Face Confidence: 59%
2025-03-13 01:15:03,929 - INFO - Elapsed Time: 36.28s | Pan Error: 9.22 | Face Confidence: 62%
2025-03-13 01:15:04,016 - INFO - Elapsed Time: 36.37s | Pan Error: 1.56 | Face Confidence: 63%
2025-03-13 01:15:04,107 - INFO - Elapsed Time: 36.46s | Pan Error: -3.12 | Face Confidence: 59%
2025-03-13 01:15:04,193 - INFO - Elapsed Time: 36.54s | Pan Error: -8.44 | Face Confidence: 68%
2025-03-13 01:15:04,280 - INFO - Elapsed Time: 36.63s | Pan Error: -9.22 | Face Confidence: 50%
2025-03-13 01:15:04,450 - INFO - Elapsed Time: 36.80s | Pan Error: -12.81 | Face Confidence: 61%
2025-03-13 01:15:04,542 - INFO - Elapsed Time: 36.89s | Pan Error: -13.12 | Face Confidence: 62%
2025-03-13 01:15:04,629 - INFO - Elapsed Time: 36.98s | Pan Error: -10.94 | Face Confidence: 70%
2025-03-13 01:15:04,718 - INFO - Elapsed Time: 37.07s | Pan Error: -3.91 | Face Confidence: 65%
2025-03-13 01:15:04,808 - INFO - Elapsed Time: 37.16s | Pan Error: -0.31 | Face Confidence: 66%
2025-03-13 01:15:04,893 - INFO - Elapsed Time: 37.25s | Pan Error: 2.66 | Face Confidence: 71%
2025-03-13 01:15:04,981 - INFO - Elapsed Time: 37.33s | Pan Error: 2.03 | Face Confidence: 66%
2025-03-13 01:15:05,071 - INFO - Elapsed Time: 37.42s | Pan Error: 0.62 | Face Confidence: 58%
2025-03-13 01:15:05,162 - INFO - Elapsed Time: 37.51s | Pan Error: -3.59 | Face Confidence: 73%
2025-03-13 01:15:05,246 - INFO - Elapsed Time: 37.60s | Pan Error: -1.09 | Face Confidence: 75%
2025-03-13 01:15:05,332 - INFO - Elapsed Time: 37.68s | Pan Error: 4.22 | Face Confidence: 81%
2025-03-13 01:15:05,418 - INFO - Elapsed Time: 37.77s | Pan Error: 8.91 | Face Confidence: 87%
2025-03-13 01:15:05,511 - INFO - Elapsed Time: 37.86s | Pan Error: 10.78 | Face Confidence: 75%
2025-03-13 01:15:05,601 - INFO - Elapsed Time: 37.95s | Pan Error: 5.31 | Face Confidence: 90%
2025-03-13 01:15:05,687 - INFO - Elapsed Time: 38.04s | Pan Error: -6.56 | Face Confidence: 91%
2025-03-13 01:15:05,772 - INFO - Elapsed Time: 38.12s | Pan Error: -18.12 | Face Confidence: 85%
2025-03-13 01:15:05,861 - INFO - Elapsed Time: 38.21s | Pan Error: -35.47 | Face Confidence: 76%
2025-03-13 01:15:05,944 - INFO - Elapsed Time: 38.30s | Pan Error: -44.84 | Face Confidence: 79%
2025-03-13 01:15:06,035 - INFO - Elapsed Time: 38.38s | Pan Error: -48.91 | Face Confidence: 81%
2025-03-13 01:15:06,121 - INFO - Elapsed Time: 38.47s | Pan Error: -41.09 | Face Confidence: 88%
2025-03-13 01:15:06,206 - INFO - Elapsed Time: 38.56s | Pan Error: -34.84 | Face Confidence: 71%
2025-03-13 01:15:06,297 - INFO - Elapsed Time: 38.65s | Pan Error: -13.75 | Face Confidence: 60%
2025-03-13 01:15:06,385 - INFO - Elapsed Time: 38.74s | Pan Error: -3.59 | Face Confidence: 63%
2025-03-13 01:15:06,473 - INFO - Elapsed Time: 38.82s | Pan Error: 12.97 | Face Confidence: 64%
2025-03-13 01:15:06,557 - INFO - Elapsed Time: 38.91s | Pan Error: 20.78 | Face Confidence: 78%
2025-03-13 01:15:06,646 - INFO - Elapsed Time: 39.00s | Pan Error: 30.63 | Face Confidence: 80%
2025-03-13 01:15:06,735 - INFO - Elapsed Time: 39.09s | Pan Error: 37.50 | Face Confidence: 84%
2025-03-13 01:15:06,821 - INFO - Elapsed Time: 39.17s | Pan Error: 42.81 | Face Confidence: 80%
2025-03-13 01:15:06,908 - INFO - Elapsed Time: 39.26s | Pan Error: 43.75 | Face Confidence: 59%
2025-03-13 01:15:06,993 - INFO - Elapsed Time: 39.35s | Pan Error: 39.22 | Face Confidence: 68%
2025-03-13 01:15:07,078 - INFO - Elapsed Time: 39.43s | Pan Error: 38.44 | Face Confidence: 71%
2025-03-13 01:15:07,161 - INFO - Elapsed Time: 39.51s | Pan Error: 35.31 | Face Confidence: 77%
2025-03-13 01:15:07,253 - INFO - Elapsed Time: 39.60s | Pan Error: 24.06 | Face Confidence: 51%
2025-03-13 01:15:07,435 - INFO - Elapsed Time: 39.79s | Pan Error: -6.56 | Face Confidence: 61%
2025-03-13 01:15:07,521 - INFO - Elapsed Time: 39.87s | Pan Error: -13.44 | Face Confidence: 59%
2025-03-13 01:15:07,771 - INFO - Elapsed Time: 40.12s | Pan Error: -26.88 | Face Confidence: 56%
2025-03-13 01:15:07,858 - INFO - Elapsed Time: 40.21s | Pan Error: -28.44 | Face Confidence: 55%
2025-03-13 01:15:09,268 - INFO - Elapsed Time: 41.62s | Pan Error: 25.16 | Face Confidence: 50%
2025-03-13 01:15:09,985 - INFO - Stream stats - Frame: 1200, Size: 199914 bytes, Clients: 1
2025-03-13 01:15:11,725 - INFO - Elapsed Time: 44.08s | Pan Error: -15.16 | Face Confidence: 50%
2025-03-13 01:15:11,979 - INFO - Elapsed Time: 44.33s | Pan Error: -7.66 | Face Confidence: 56%
2025-03-13 01:15:12,066 - INFO - Elapsed Time: 44.42s | Pan Error: -10.31 | Face Confidence: 55%
2025-03-13 01:15:12,417 - INFO - Elapsed Time: 44.75s | Pan Error: 3.28 | Face Confidence: 60%
2025-03-13 01:15:12,513 - INFO - Elapsed Time: 44.86s | Pan Error: 1.41 | Face Confidence: 66%
2025-03-13 01:15:12,598 - INFO - Elapsed Time: 44.95s | Pan Error: 19.53 | Face Confidence: 52%
2025-03-13 01:15:12,983 - INFO - Elapsed Time: 45.33s | Pan Error: 2.66 | Face Confidence: 52%
2025-03-13 01:15:13,162 - INFO - Elapsed Time: 45.51s | Pan Error: -11.72 | Face Confidence: 73%
2025-03-13 01:15:13,252 - INFO - Elapsed Time: 45.60s | Pan Error: -17.03 | Face Confidence: 89%
2025-03-13 01:15:13,336 - INFO - Elapsed Time: 45.69s | Pan Error: -19.53 | Face Confidence: 87%
2025-03-13 01:15:13,425 - INFO - Elapsed Time: 45.78s | Pan Error: -20.78 | Face Confidence: 91%
2025-03-13 01:15:13,508 - INFO - Elapsed Time: 45.86s | Pan Error: -15.16 | Face Confidence: 91%
2025-03-13 01:15:13,598 - INFO - Elapsed Time: 45.95s | Pan Error: -5.16 | Face Confidence: 89%
2025-03-13 01:15:13,687 - INFO - Elapsed Time: 46.04s | Pan Error: 0.31 | Face Confidence: 89%
2025-03-13 01:15:13,774 - INFO - Elapsed Time: 46.13s | Pan Error: 10.94 | Face Confidence: 89%
2025-03-13 01:15:13,863 - INFO - Elapsed Time: 46.21s | Pan Error: 16.25 | Face Confidence: 95%
2025-03-13 01:15:13,952 - INFO - Elapsed Time: 46.30s | Pan Error: 18.28 | Face Confidence: 92%
2025-03-13 01:15:14,043 - INFO - Elapsed Time: 46.39s | Pan Error: 16.88 | Face Confidence: 93%
2025-03-13 01:15:14,130 - INFO - Elapsed Time: 46.48s | Pan Error: 11.09 | Face Confidence: 90%
2025-03-13 01:15:14,218 - INFO - Elapsed Time: 46.57s | Pan Error: 6.41 | Face Confidence: 88%
2025-03-13 01:15:14,310 - INFO - Elapsed Time: 46.66s | Pan Error: -1.41 | Face Confidence: 76%
2025-03-13 01:15:14,398 - INFO - Elapsed Time: 46.75s | Pan Error: -5.00 | Face Confidence: 87%
2025-03-13 01:15:14,486 - INFO - Elapsed Time: 46.84s | Pan Error: -9.06 | Face Confidence: 92%
2025-03-13 01:15:14,577 - INFO - Elapsed Time: 46.93s | Pan Error: -8.75 | Face Confidence: 91%
2025-03-13 01:15:14,664 - INFO - Elapsed Time: 47.01s | Pan Error: -9.38 | Face Confidence: 88%
2025-03-13 01:15:14,749 - INFO - Elapsed Time: 47.10s | Pan Error: -9.22 | Face Confidence: 86%
2025-03-13 01:15:14,834 - INFO - Elapsed Time: 47.19s | Pan Error: -15.47 | Face Confidence: 74%
2025-03-13 01:15:14,922 - INFO - Elapsed Time: 47.27s | Pan Error: -18.44 | Face Confidence: 72%
2025-03-13 01:15:15,011 - INFO - Elapsed Time: 47.36s | Pan Error: -16.72 | Face Confidence: 64%
2025-03-13 01:15:15,098 - INFO - Elapsed Time: 47.45s | Pan Error: -14.84 | Face Confidence: 53%
2025-03-13 01:15:15,185 - INFO - Elapsed Time: 47.53s | Pan Error: -4.06 | Face Confidence: 64%
2025-03-13 01:15:15,275 - INFO - Elapsed Time: 47.63s | Pan Error: 2.81 | Face Confidence: 52%
2025-03-13 01:15:15,361 - INFO - Elapsed Time: 47.71s | Pan Error: 2.66 | Face Confidence: 59%
2025-03-13 01:15:15,455 - INFO - Elapsed Time: 47.80s | Pan Error: 5.00 | Face Confidence: 67%
2025-03-13 01:15:15,542 - INFO - Elapsed Time: 47.89s | Pan Error: 6.72 | Face Confidence: 65%
2025-03-13 01:15:15,629 - INFO - Elapsed Time: 47.98s | Pan Error: 9.69 | Face Confidence: 65%
2025-03-13 01:15:15,724 - INFO - Elapsed Time: 48.07s | Pan Error: 6.72 | Face Confidence: 73%
2025-03-13 01:15:15,816 - INFO - Elapsed Time: 48.17s | Pan Error: 0.94 | Face Confidence: 76%
2025-03-13 01:15:15,909 - INFO - Elapsed Time: 48.26s | Pan Error: -0.94 | Face Confidence: 74%
2025-03-13 01:15:15,995 - INFO - Elapsed Time: 48.35s | Pan Error: -4.53 | Face Confidence: 84%
2025-03-13 01:15:16,083 - INFO - Elapsed Time: 48.43s | Pan Error: -4.53 | Face Confidence: 81%
2025-03-13 01:15:16,170 - INFO - Elapsed Time: 48.52s | Pan Error: -5.78 | Face Confidence: 81%
2025-03-13 01:15:16,261 - INFO - Elapsed Time: 48.61s | Pan Error: -8.75 | Face Confidence: 83%
2025-03-13 01:15:16,352 - INFO - Elapsed Time: 48.70s | Pan Error: -1.56 | Face Confidence: 88%
2025-03-13 01:15:16,440 - INFO - Elapsed Time: 48.79s | Pan Error: 1.72 | Face Confidence: 89%
2025-03-13 01:15:16,530 - INFO - Elapsed Time: 48.88s | Pan Error: 6.88 | Face Confidence: 91%
2025-03-13 01:15:16,620 - INFO - Elapsed Time: 48.97s | Pan Error: 8.75 | Face Confidence: 90%
2025-03-13 01:15:16,705 - INFO - Elapsed Time: 49.06s | Pan Error: 9.06 | Face Confidence: 85%
2025-03-13 01:15:16,793 - INFO - Elapsed Time: 49.14s | Pan Error: 8.28 | Face Confidence: 89%
2025-03-13 01:15:16,881 - INFO - Elapsed Time: 49.23s | Pan Error: 5.62 | Face Confidence: 90%
2025-03-13 01:15:16,969 - INFO - Elapsed Time: 49.32s | Pan Error: 0.16 | Face Confidence: 85%
2025-03-13 01:15:17,053 - INFO - Elapsed Time: 49.41s | Pan Error: -4.53 | Face Confidence: 90%
2025-03-13 01:15:17,141 - INFO - Elapsed Time: 49.49s | Pan Error: -5.78 | Face Confidence: 85%
2025-03-13 01:15:17,230 - INFO - Elapsed Time: 49.58s | Pan Error: -7.34 | Face Confidence: 92%
2025-03-13 01:15:17,319 - INFO - Elapsed Time: 49.67s | Pan Error: -6.41 | Face Confidence: 91%
2025-03-13 01:15:17,410 - INFO - Elapsed Time: 49.76s | Pan Error: -6.25 | Face Confidence: 92%
2025-03-13 01:15:17,515 - INFO - Elapsed Time: 49.85s | Pan Error: -1.88 | Face Confidence: 90%
2025-03-13 01:15:17,606 - INFO - Elapsed Time: 49.96s | Pan Error: 0.16 | Face Confidence: 88%
2025-03-13 01:15:17,696 - INFO - Elapsed Time: 50.05s | Pan Error: 0.47 | Face Confidence: 86%
2025-03-13 01:15:17,782 - INFO - Elapsed Time: 50.13s | Pan Error: 0.00 | Face Confidence: 86%
2025-03-13 01:15:17,869 - INFO - Elapsed Time: 50.22s | Pan Error: -2.50 | Face Confidence: 88%
2025-03-13 01:15:17,955 - INFO - Elapsed Time: 50.31s | Pan Error: -8.44 | Face Confidence: 84%
2025-03-13 01:15:18,043 - INFO - Elapsed Time: 50.39s | Pan Error: -10.47 | Face Confidence: 84%
2025-03-13 01:15:18,130 - INFO - Elapsed Time: 50.48s | Pan Error: -7.50 | Face Confidence: 77%
2025-03-13 01:15:18,213 - INFO - Elapsed Time: 50.57s | Pan Error: -4.38 | Face Confidence: 84%
2025-03-13 01:15:18,300 - INFO - Elapsed Time: 50.65s | Pan Error: 1.88 | Face Confidence: 57%
2025-03-13 01:15:18,385 - INFO - Elapsed Time: 50.74s | Pan Error: 3.59 | Face Confidence: 62%
2025-03-13 01:15:20,078 - INFO - Stream stats - Frame: 1500, Size: 215173 bytes, Clients: 1
2025-03-13 01:15:30,140 - INFO - Stream stats - Frame: 1800, Size: 210623 bytes, Clients: 1
2025-03-13 01:15:30,660 - INFO - Elapsed Time: 63.01s | Pan Error: -77.19 | Face Confidence: 56%
2025-03-13 01:15:31,498 - INFO - Elapsed Time: 63.85s | Pan Error: -10.00 | Face Confidence: 53%
2025-03-13 01:15:31,589 - INFO - Elapsed Time: 63.94s | Pan Error: -7.34 | Face Confidence: 69%
2025-03-13 01:15:31,675 - INFO - Elapsed Time: 64.03s | Pan Error: 63.75 | Face Confidence: 55%
2025-03-13 01:15:33,643 - INFO - Elapsed Time: 65.99s | Pan Error: 8.59 | Face Confidence: 50%
2025-03-13 01:15:33,734 - INFO - Elapsed Time: 66.08s | Pan Error: 6.88 | Face Confidence: 56%
2025-03-13 01:15:33,827 - INFO - Elapsed Time: 66.17s | Pan Error: 8.91 | Face Confidence: 61%
2025-03-13 01:15:34,001 - INFO - Elapsed Time: 66.35s | Pan Error: 2.97 | Face Confidence: 70%
2025-03-13 01:15:34,092 - INFO - Elapsed Time: 66.44s | Pan Error: 1.41 | Face Confidence: 64%
2025-03-13 01:15:34,179 - INFO - Elapsed Time: 66.53s | Pan Error: -1.41 | Face Confidence: 55%
2025-03-13 01:15:34,272 - INFO - Elapsed Time: 66.62s | Pan Error: -4.84 | Face Confidence: 62%
2025-03-13 01:15:34,952 - INFO - Elapsed Time: 67.30s | Pan Error: -37.97 | Face Confidence: 76%
2025-03-13 01:15:35,040 - INFO - Elapsed Time: 67.39s | Pan Error: -40.31 | Face Confidence: 71%
2025-03-13 01:15:35,129 - INFO - Elapsed Time: 67.48s | Pan Error: -40.16 | Face Confidence: 69%
2025-03-13 01:15:35,474 - INFO - Elapsed Time: 67.82s | Pan Error: 17.03 | Face Confidence: 60%
2025-03-13 01:15:35,563 - INFO - Elapsed Time: 67.91s | Pan Error: 22.66 | Face Confidence: 59%
2025-03-13 01:15:35,735 - INFO - Elapsed Time: 68.09s | Pan Error: 19.53 | Face Confidence: 58%
2025-03-13 01:15:35,824 - INFO - Elapsed Time: 68.17s | Pan Error: 14.84 | Face Confidence: 51%
2025-03-13 01:15:35,995 - INFO - Elapsed Time: 68.35s | Pan Error: 66.56 | Face Confidence: 52%
2025-03-13 01:15:36,083 - INFO - Elapsed Time: 68.43s | Pan Error: -15.16 | Face Confidence: 56%
2025-03-13 01:15:36,331 - INFO - Elapsed Time: 68.68s | Pan Error: -63.28 | Face Confidence: 68%
2025-03-13 01:15:36,425 - INFO - Elapsed Time: 68.77s | Pan Error: -74.69 | Face Confidence: 74%
2025-03-13 01:15:36,516 - INFO - Elapsed Time: 68.86s | Pan Error: -84.69 | Face Confidence: 57%
2025-03-13 01:15:36,844 - INFO - Elapsed Time: 69.20s | Pan Error: -79.84 | Face Confidence: 64%
2025-03-13 01:15:36,929 - INFO - Elapsed Time: 69.28s | Pan Error: -74.06 | Face Confidence: 72%
2025-03-13 01:15:37,016 - INFO - Elapsed Time: 69.37s | Pan Error: -70.78 | Face Confidence: 62%
2025-03-13 01:15:37,341 - INFO - Elapsed Time: 69.69s | Pan Error: 33.44 | Face Confidence: 61%
2025-03-13 01:15:37,428 - INFO - Elapsed Time: 69.78s | Pan Error: -20.47 | Face Confidence: 58%
2025-03-13 01:15:37,515 - INFO - Elapsed Time: 69.87s | Pan Error: -22.81 | Face Confidence: 52%
2025-03-13 01:15:37,605 - INFO - Elapsed Time: 69.96s | Pan Error: 29.69 | Face Confidence: 63%
2025-03-13 01:15:37,693 - INFO - Elapsed Time: 70.05s | Pan Error: 35.31 | Face Confidence: 65%
2025-03-13 01:15:37,776 - INFO - Elapsed Time: 70.13s | Pan Error: 39.38 | Face Confidence: 59%
2025-03-13 01:15:38,040 - INFO - Elapsed Time: 70.39s | Pan Error: 3.75 | Face Confidence: 52%
2025-03-13 01:15:38,131 - INFO - Elapsed Time: 70.48s | Pan Error: -62.34 | Face Confidence: 69%
2025-03-13 01:15:38,219 - INFO - Elapsed Time: 70.57s | Pan Error: -2.19 | Face Confidence: 59%
2025-03-13 01:15:38,970 - INFO - Elapsed Time: 71.32s | Pan Error: -56.56 | Face Confidence: 52%
2025-03-13 01:15:39,060 - INFO - Elapsed Time: 71.41s | Pan Error: -55.78 | Face Confidence: 59%
2025-03-13 01:15:39,306 - INFO - Elapsed Time: 71.66s | Pan Error: -18.75 | Face Confidence: 67%
2025-03-13 01:15:39,390 - INFO - Elapsed Time: 71.74s | Pan Error: -13.59 | Face Confidence: 59%
2025-03-13 01:15:39,479 - INFO - Elapsed Time: 71.83s | Pan Error: -14.69 | Face Confidence: 57%
2025-03-13 01:15:39,565 - INFO - Elapsed Time: 71.92s | Pan Error: -15.31 | Face Confidence: 70%
2025-03-13 01:15:39,651 - INFO - Elapsed Time: 72.00s | Pan Error: -20.00 | Face Confidence: 71%
2025-03-13 01:15:39,740 - INFO - Elapsed Time: 72.09s | Pan Error: -25.78 | Face Confidence: 57%
2025-03-13 01:15:39,827 - INFO - Elapsed Time: 72.18s | Pan Error: 67.66 | Face Confidence: 53%
2025-03-13 01:15:39,918 - INFO - Elapsed Time: 72.27s | Pan Error: -33.28 | Face Confidence: 67%
2025-03-13 01:15:40,085 - INFO - Elapsed Time: 72.44s | Pan Error: -52.19 | Face Confidence: 67%
2025-03-13 01:15:40,174 - INFO - Elapsed Time: 72.52s | Pan Error: -56.41 | Face Confidence: 61%
2025-03-13 01:15:40,205 - INFO - Stream stats - Frame: 2100, Size: 166083 bytes, Clients: 1
2025-03-13 01:15:40,343 - INFO - Elapsed Time: 72.69s | Pan Error: 66.41 | Face Confidence: 71%
2025-03-13 01:15:40,428 - INFO - Elapsed Time: 72.78s | Pan Error: 70.16 | Face Confidence: 73%
2025-03-13 01:15:40,684 - INFO - Elapsed Time: 73.03s | Pan Error: 21.88 | Face Confidence: 54%
2025-03-13 01:15:40,776 - INFO - Elapsed Time: 73.13s | Pan Error: 15.94 | Face Confidence: 71%
2025-03-13 01:15:40,861 - INFO - Elapsed Time: 73.21s | Pan Error: 11.25 | Face Confidence: 62%
2025-03-13 01:15:40,950 - INFO - Elapsed Time: 73.30s | Pan Error: 3.44 | Face Confidence: 72%
2025-03-13 01:15:41,041 - INFO - Elapsed Time: 73.39s | Pan Error: 3.59 | Face Confidence: 60%
2025-03-13 01:15:41,126 - INFO - Elapsed Time: 73.48s | Pan Error: -7.81 | Face Confidence: 66%
2025-03-13 01:15:41,216 - INFO - Elapsed Time: 73.56s | Pan Error: -15.78 | Face Confidence: 75%
2025-03-13 01:15:41,301 - INFO - Elapsed Time: 73.65s | Pan Error: -15.00 | Face Confidence: 73%
2025-03-13 01:15:41,388 - INFO - Elapsed Time: 73.74s | Pan Error: -16.09 | Face Confidence: 55%
2025-03-13 01:15:41,479 - INFO - Elapsed Time: 73.83s | Pan Error: -10.78 | Face Confidence: 65%
2025-03-13 01:15:41,564 - INFO - Elapsed Time: 73.92s | Pan Error: -0.94 | Face Confidence: 64%
2025-03-13 01:15:45,224 - INFO - Elapsed Time: 77.57s | Pan Error: 2.81 | Face Confidence: 58%
2025-03-13 01:15:45,313 - INFO - Elapsed Time: 77.66s | Pan Error: 2.81 | Face Confidence: 57%
2025-03-13 01:15:45,404 - INFO - Elapsed Time: 77.75s | Pan Error: 2.34 | Face Confidence: 63%
2025-03-13 01:15:45,493 - INFO - Elapsed Time: 77.84s | Pan Error: 2.19 | Face Confidence: 58%
2025-03-13 01:15:45,583 - INFO - Elapsed Time: 77.93s | Pan Error: 2.34 | Face Confidence: 62%
2025-03-13 01:15:45,761 - INFO - Elapsed Time: 78.11s | Pan Error: 0.16 | Face Confidence: 65%
2025-03-13 01:15:45,855 - INFO - Elapsed Time: 78.20s | Pan Error: -0.16 | Face Confidence: 56%
2025-03-13 01:15:46,112 - INFO - Elapsed Time: 78.46s | Pan Error: 1.25 | Face Confidence: 58%
2025-03-13 01:15:46,200 - INFO - Elapsed Time: 78.55s | Pan Error: -0.31 | Face Confidence: 54%
2025-03-13 01:15:46,289 - INFO - Elapsed Time: 78.64s | Pan Error: -0.62 | Face Confidence: 64%
2025-03-13 01:15:46,378 - INFO - Elapsed Time: 78.73s | Pan Error: -2.50 | Face Confidence: 59%
2025-03-13 01:15:46,465 - INFO - Elapsed Time: 78.82s | Pan Error: 0.94 | Face Confidence: 50%
2025-03-13 01:15:46,551 - INFO - Elapsed Time: 78.90s | Pan Error: -1.09 | Face Confidence: 62%
2025-03-13 01:15:46,720 - INFO - Elapsed Time: 79.07s | Pan Error: 0.94 | Face Confidence: 56%
2025-03-13 01:15:48,189 - INFO - Elapsed Time: 80.54s | Pan Error: -72.34 | Face Confidence: 61%
2025-03-13 01:15:48,435 - INFO - Elapsed Time: 80.79s | Pan Error: -50.16 | Face Confidence: 50%
2025-03-13 01:15:48,520 - INFO - Elapsed Time: 80.87s | Pan Error: -44.69 | Face Confidence: 53%
2025-03-13 01:15:48,765 - INFO - Elapsed Time: 81.12s | Pan Error: -17.66 | Face Confidence: 56%
2025-03-13 01:15:48,851 - INFO - Elapsed Time: 81.20s | Pan Error: -14.37 | Face Confidence: 60%
2025-03-13 01:15:48,937 - INFO - Elapsed Time: 81.29s | Pan Error: -12.81 | Face Confidence: 66%
2025-03-13 01:15:49,021 - INFO - Elapsed Time: 81.37s | Pan Error: -15.62 | Face Confidence: 66%
2025-03-13 01:15:49,119 - INFO - Camera stopped
2025-03-13 01:15:49,122 - INFO - Elapsed Time: 81.46s | Pan Error: -16.25 | Face Confidence: 71%
2025-03-13 01:15:49,205 - INFO - Elapsed Time: 81.56s | Pan Error: -17.19 | Face Confidence: 67%
2025-03-13 01:15:49,286 - INFO - Elapsed Time: 81.64s | Pan Error: -17.19 | Face Confidence: 67%
