2025-03-13 02:09:25,751 - INFO - Face tracking logging system initialized.
2025-03-13 02:09:25,802 - INFO - Initialization successful.
2025-03-13 02:09:25,803 - INFO - Camera now open.
2025-03-13 02:09:25,807 - INFO - Camera configuration has been adjusted!
2025-03-13 02:09:25,809 - INFO - Configuration successful!
2025-03-13 02:09:25,867 - INFO - Camera started
2025-03-13 02:09:25,881 - INFO - [31m[1mWARNING: This is a development server. Do not use it in a production deployment. Use a production WSGI server instead.[0m
 * Running on all addresses (0.0.0.0)
 * Running on http://127.0.0.1:5000
 * Running on http://172.20.10.4:5000
2025-03-13 02:09:25,881 - INFO - [33mPress CTRL+C to quit[0m
2025-03-13 02:09:26,078 - INFO - Stream stats - Frame: 0, Size: 192498 bytes, Clients: 0
2025-03-13 02:09:26,538 - INFO - 172.20.10.2 - - [13/Mar/2025 02:09:26] "GET / HTTP/1.1" 200 -
2025-03-13 02:09:26,596 - INFO - Client connected. Total clients: 1
2025-03-13 02:09:26,665 - INFO - 172.20.10.2 - - [13/Mar/2025 02:09:26] "GET /video_feed HTTP/1.1" 200 -
2025-03-13 02:09:28,082 - INFO - Elapsed Time: 2.18s | Pan Error: -14.22 | Face Confidence: 60%
2025-03-13 02:09:28,172 - INFO - Elapsed Time: 2.27s | Pan Error: -12.97 | Face Confidence: 61%
2025-03-13 02:09:28,260 - INFO - Elapsed Time: 2.36s | Pan Error: -10.78 | Face Confidence: 78%
2025-03-13 02:09:28,348 - INFO - Elapsed Time: 2.44s | Pan Error: -2.03 | Face Confidence: 90%
2025-03-13 02:09:28,437 - INFO - Elapsed Time: 2.53s | Pan Error: 0.78 | Face Confidence: 86%
2025-03-13 02:09:28,542 - INFO - Elapsed Time: 2.63s | Pan Error: -0.47 | Face Confidence: 87%
2025-03-13 02:09:28,630 - INFO - Elapsed Time: 2.73s | Pan Error: -2.34 | Face Confidence: 93%
2025-03-13 02:09:28,718 - INFO - Elapsed Time: 2.81s | Pan Error: -4.22 | Face Confidence: 92%
2025-03-13 02:09:28,811 - INFO - Elapsed Time: 2.90s | Pan Error: -3.59 | Face Confidence: 91%
2025-03-13 02:09:28,898 - INFO - Elapsed Time: 2.99s | Pan Error: -3.75 | Face Confidence: 93%
2025-03-13 02:09:28,984 - INFO - Elapsed Time: 3.08s | Pan Error: -8.59 | Face Confidence: 95%
2025-03-13 02:09:29,071 - INFO - Elapsed Time: 3.17s | Pan Error: -13.28 | Face Confidence: 84%
2025-03-13 02:09:29,164 - INFO - Elapsed Time: 3.26s | Pan Error: -26.09 | Face Confidence: 90%
2025-03-13 02:09:29,248 - INFO - Elapsed Time: 3.35s | Pan Error: -29.69 | Face Confidence: 94%
2025-03-13 02:09:29,337 - INFO - Elapsed Time: 3.43s | Pan Error: -33.44 | Face Confidence: 91%
2025-03-13 02:09:29,422 - INFO - Elapsed Time: 3.52s | Pan Error: -27.66 | Face Confidence: 86%
2025-03-13 02:09:29,510 - INFO - Elapsed Time: 3.61s | Pan Error: -26.09 | Face Confidence: 72%
2025-03-13 02:09:29,597 - INFO - Elapsed Time: 3.69s | Pan Error: -12.66 | Face Confidence: 77%
2025-03-13 02:09:29,682 - INFO - Elapsed Time: 3.78s | Pan Error: -10.62 | Face Confidence: 80%
2025-03-13 02:09:29,770 - INFO - Elapsed Time: 3.87s | Pan Error: -3.28 | Face Confidence: 74%
2025-03-13 02:09:29,857 - INFO - Elapsed Time: 3.95s | Pan Error: -0.31 | Face Confidence: 77%
2025-03-13 02:09:29,945 - INFO - Elapsed Time: 4.04s | Pan Error: 3.12 | Face Confidence: 84%
2025-03-13 02:09:30,036 - INFO - Elapsed Time: 4.13s | Pan Error: 2.66 | Face Confidence: 74%
2025-03-13 02:09:30,125 - INFO - Elapsed Time: 4.22s | Pan Error: 2.66 | Face Confidence: 75%
2025-03-13 02:09:30,215 - INFO - Elapsed Time: 4.31s | Pan Error: 2.97 | Face Confidence: 76%
2025-03-13 02:09:30,307 - INFO - Elapsed Time: 4.40s | Pan Error: 3.28 | Face Confidence: 80%
2025-03-13 02:09:30,399 - INFO - Elapsed Time: 4.49s | Pan Error: 6.09 | Face Confidence: 61%
2025-03-13 02:09:30,569 - INFO - Elapsed Time: 4.66s | Pan Error: 8.44 | Face Confidence: 71%
2025-03-13 02:09:30,654 - INFO - Elapsed Time: 4.75s | Pan Error: 11.09 | Face Confidence: 79%
2025-03-13 02:09:30,743 - INFO - Elapsed Time: 4.84s | Pan Error: 17.19 | Face Confidence: 86%
2025-03-13 02:09:30,833 - INFO - Elapsed Time: 4.93s | Pan Error: 19.53 | Face Confidence: 86%
2025-03-13 02:09:30,918 - INFO - Elapsed Time: 5.02s | Pan Error: 22.66 | Face Confidence: 84%
2025-03-13 02:09:31,005 - INFO - Elapsed Time: 5.10s | Pan Error: 23.91 | Face Confidence: 87%
2025-03-13 02:09:31,089 - INFO - Elapsed Time: 5.19s | Pan Error: 25.16 | Face Confidence: 87%
2025-03-13 02:09:31,178 - INFO - Elapsed Time: 5.27s | Pan Error: 20.62 | Face Confidence: 84%
2025-03-13 02:09:31,264 - INFO - Elapsed Time: 5.36s | Pan Error: 22.03 | Face Confidence: 90%
2025-03-13 02:09:31,348 - INFO - Elapsed Time: 5.45s | Pan Error: 20.47 | Face Confidence: 91%
2025-03-13 02:09:31,433 - INFO - Elapsed Time: 5.53s | Pan Error: 17.66 | Face Confidence: 92%
2025-03-13 02:09:31,516 - INFO - Elapsed Time: 5.62s | Pan Error: 13.12 | Face Confidence: 86%
2025-03-13 02:09:31,608 - INFO - Elapsed Time: 5.70s | Pan Error: 8.59 | Face Confidence: 90%
2025-03-13 02:09:31,695 - INFO - Elapsed Time: 5.79s | Pan Error: 0.00 | Face Confidence: 83%
2025-03-13 02:09:31,783 - INFO - Elapsed Time: 5.88s | Pan Error: -9.38 | Face Confidence: 86%
2025-03-13 02:09:31,870 - INFO - Elapsed Time: 5.97s | Pan Error: -12.66 | Face Confidence: 87%
2025-03-13 02:09:31,955 - INFO - Elapsed Time: 6.05s | Pan Error: -12.97 | Face Confidence: 89%
2025-03-13 02:09:32,045 - INFO - Elapsed Time: 6.14s | Pan Error: -14.84 | Face Confidence: 93%
2025-03-13 02:09:32,130 - INFO - Elapsed Time: 6.23s | Pan Error: -11.25 | Face Confidence: 85%
2025-03-13 02:09:32,218 - INFO - Elapsed Time: 6.31s | Pan Error: -4.38 | Face Confidence: 89%
2025-03-13 02:09:32,306 - INFO - Elapsed Time: 6.40s | Pan Error: -0.62 | Face Confidence: 73%
2025-03-13 02:09:32,393 - INFO - Elapsed Time: 6.49s | Pan Error: 2.50 | Face Confidence: 89%
2025-03-13 02:09:32,479 - INFO - Elapsed Time: 6.58s | Pan Error: 5.78 | Face Confidence: 89%
2025-03-13 02:09:32,566 - INFO - Elapsed Time: 6.66s | Pan Error: 5.62 | Face Confidence: 89%
2025-03-13 02:09:32,654 - INFO - Elapsed Time: 6.75s | Pan Error: 3.91 | Face Confidence: 87%
2025-03-13 02:09:32,745 - INFO - Elapsed Time: 6.84s | Pan Error: 2.81 | Face Confidence: 85%
2025-03-13 02:09:32,834 - INFO - Elapsed Time: 6.93s | Pan Error: -3.91 | Face Confidence: 89%
2025-03-13 02:09:32,922 - INFO - Elapsed Time: 7.02s | Pan Error: -7.81 | Face Confidence: 91%
2025-03-13 02:09:33,011 - INFO - Elapsed Time: 7.11s | Pan Error: -10.62 | Face Confidence: 84%
2025-03-13 02:09:33,100 - INFO - Elapsed Time: 7.20s | Pan Error: -10.16 | Face Confidence: 80%
2025-03-13 02:09:33,190 - INFO - Elapsed Time: 7.29s | Pan Error: -10.16 | Face Confidence: 85%
2025-03-13 02:09:33,277 - INFO - Elapsed Time: 7.37s | Pan Error: -9.69 | Face Confidence: 71%
2025-03-13 02:09:33,364 - INFO - Elapsed Time: 7.46s | Pan Error: -1.25 | Face Confidence: 69%
2025-03-13 02:09:33,450 - INFO - Elapsed Time: 7.55s | Pan Error: 2.03 | Face Confidence: 90%
2025-03-13 02:09:33,536 - INFO - Elapsed Time: 7.63s | Pan Error: 3.12 | Face Confidence: 85%
2025-03-13 02:09:33,656 - INFO - Elapsed Time: 7.74s | Pan Error: 1.72 | Face Confidence: 88%
2025-03-13 02:09:33,744 - INFO - Elapsed Time: 7.84s | Pan Error: -0.62 | Face Confidence: 84%
2025-03-13 02:09:33,831 - INFO - Elapsed Time: 7.93s | Pan Error: -3.44 | Face Confidence: 87%
2025-03-13 02:09:33,921 - INFO - Elapsed Time: 8.02s | Pan Error: -3.44 | Face Confidence: 88%
2025-03-13 02:09:34,008 - INFO - Elapsed Time: 8.11s | Pan Error: -2.81 | Face Confidence: 89%
2025-03-13 02:09:34,109 - INFO - Elapsed Time: 8.19s | Pan Error: -13.59 | Face Confidence: 84%
2025-03-13 02:09:34,263 - INFO - Elapsed Time: 8.34s | Pan Error: -38.75 | Face Confidence: 84%
2025-03-13 02:09:34,346 - INFO - Elapsed Time: 8.45s | Pan Error: -50.16 | Face Confidence: 81%
2025-03-13 02:09:34,437 - INFO - Elapsed Time: 8.53s | Pan Error: -56.56 | Face Confidence: 86%
2025-03-13 02:09:34,528 - INFO - Elapsed Time: 8.62s | Pan Error: -56.41 | Face Confidence: 80%
2025-03-13 02:09:34,615 - INFO - Elapsed Time: 8.71s | Pan Error: -36.09 | Face Confidence: 53%
2025-03-13 02:09:34,707 - INFO - Elapsed Time: 8.80s | Pan Error: -10.78 | Face Confidence: 65%
2025-03-13 02:09:34,795 - INFO - Elapsed Time: 8.89s | Pan Error: 4.06 | Face Confidence: 71%
2025-03-13 02:09:34,882 - INFO - Elapsed Time: 8.98s | Pan Error: 17.97 | Face Confidence: 87%
2025-03-13 02:09:34,973 - INFO - Elapsed Time: 9.07s | Pan Error: 14.37 | Face Confidence: 90%
2025-03-13 02:09:35,060 - INFO - Elapsed Time: 9.16s | Pan Error: 6.88 | Face Confidence: 91%
2025-03-13 02:09:35,150 - INFO - Elapsed Time: 9.25s | Pan Error: -19.69 | Face Confidence: 90%
2025-03-13 02:09:35,239 - INFO - Elapsed Time: 9.33s | Pan Error: -33.59 | Face Confidence: 86%
2025-03-13 02:09:35,326 - INFO - Elapsed Time: 9.42s | Pan Error: -45.16 | Face Confidence: 94%
2025-03-13 02:09:35,423 - INFO - Elapsed Time: 9.52s | Pan Error: -41.88 | Face Confidence: 89%
2025-03-13 02:09:35,510 - INFO - Elapsed Time: 9.61s | Pan Error: -26.56 | Face Confidence: 84%
2025-03-13 02:09:35,599 - INFO - Elapsed Time: 9.70s | Pan Error: -14.22 | Face Confidence: 88%
2025-03-13 02:09:35,689 - INFO - Elapsed Time: 9.78s | Pan Error: -1.25 | Face Confidence: 90%
2025-03-13 02:09:35,780 - INFO - Elapsed Time: 9.87s | Pan Error: 0.94 | Face Confidence: 92%
2025-03-13 02:09:35,871 - INFO - Elapsed Time: 9.96s | Pan Error: 3.59 | Face Confidence: 93%
2025-03-13 02:09:35,962 - INFO - Elapsed Time: 10.06s | Pan Error: 0.31 | Face Confidence: 90%
2025-03-13 02:09:36,049 - INFO - Elapsed Time: 10.14s | Pan Error: -0.94 | Face Confidence: 91%
2025-03-13 02:09:36,139 - INFO - Elapsed Time: 10.23s | Pan Error: -1.41 | Face Confidence: 89%
2025-03-13 02:09:36,229 - INFO - Elapsed Time: 10.32s | Pan Error: -1.09 | Face Confidence: 93%
2025-03-13 02:09:36,318 - INFO - Elapsed Time: 10.41s | Pan Error: -0.31 | Face Confidence: 94%
2025-03-13 02:09:36,407 - INFO - Elapsed Time: 10.50s | Pan Error: 0.16 | Face Confidence: 95%
2025-03-13 02:09:36,496 - INFO - Elapsed Time: 10.59s | Pan Error: 5.47 | Face Confidence: 94%
2025-03-13 02:09:36,585 - INFO - Elapsed Time: 10.68s | Pan Error: 7.81 | Face Confidence: 94%
2025-03-13 02:09:36,675 - INFO - Elapsed Time: 10.77s | Pan Error: 10.16 | Face Confidence: 92%
2025-03-13 02:09:36,688 - INFO - Stream stats - Frame: 300, Size: 197375 bytes, Clients: 1
2025-03-13 02:09:36,764 - INFO - Elapsed Time: 10.86s | Pan Error: 12.19 | Face Confidence: 93%
2025-03-13 02:09:36,854 - INFO - Elapsed Time: 10.95s | Pan Error: 16.56 | Face Confidence: 96%
2025-03-13 02:09:36,944 - INFO - Elapsed Time: 11.04s | Pan Error: 18.75 | Face Confidence: 95%
2025-03-13 02:09:37,032 - INFO - Elapsed Time: 11.13s | Pan Error: 23.44 | Face Confidence: 92%
2025-03-13 02:09:37,119 - INFO - Elapsed Time: 11.22s | Pan Error: 24.06 | Face Confidence: 90%
2025-03-13 02:09:37,207 - INFO - Elapsed Time: 11.30s | Pan Error: 24.53 | Face Confidence: 83%
2025-03-13 02:09:37,300 - INFO - Elapsed Time: 11.39s | Pan Error: 24.84 | Face Confidence: 82%
2025-03-13 02:09:37,387 - INFO - Elapsed Time: 11.48s | Pan Error: 21.88 | Face Confidence: 72%
2025-03-13 02:09:37,553 - INFO - Elapsed Time: 11.65s | Pan Error: 2.19 | Face Confidence: 58%
2025-03-13 02:09:37,641 - INFO - Elapsed Time: 11.74s | Pan Error: -16.25 | Face Confidence: 73%
2025-03-13 02:09:37,816 - INFO - Elapsed Time: 11.91s | Pan Error: -47.66 | Face Confidence: 70%
2025-03-13 02:09:37,907 - INFO - Elapsed Time: 12.00s | Pan Error: -59.38 | Face Confidence: 82%
2025-03-13 02:09:37,995 - INFO - Elapsed Time: 12.09s | Pan Error: -63.44 | Face Confidence: 83%
2025-03-13 02:09:38,081 - INFO - Elapsed Time: 12.18s | Pan Error: -59.06 | Face Confidence: 71%
2025-03-13 02:09:38,332 - INFO - Elapsed Time: 12.43s | Pan Error: 22.34 | Face Confidence: 84%
2025-03-13 02:09:38,418 - INFO - Elapsed Time: 12.52s | Pan Error: 28.59 | Face Confidence: 94%
2025-03-13 02:09:38,508 - INFO - Elapsed Time: 12.60s | Pan Error: 27.97 | Face Confidence: 92%
2025-03-13 02:09:38,597 - INFO - Elapsed Time: 12.69s | Pan Error: 21.41 | Face Confidence: 89%
2025-03-13 02:09:38,695 - INFO - Elapsed Time: 12.78s | Pan Error: 3.91 | Face Confidence: 84%
2025-03-13 02:09:38,790 - INFO - Elapsed Time: 12.89s | Pan Error: -11.25 | Face Confidence: 76%
2025-03-13 02:09:38,877 - INFO - Elapsed Time: 12.97s | Pan Error: -21.09 | Face Confidence: 92%
2025-03-13 02:09:38,964 - INFO - Elapsed Time: 13.06s | Pan Error: -24.06 | Face Confidence: 91%
2025-03-13 02:09:39,049 - INFO - Elapsed Time: 13.15s | Pan Error: -21.56 | Face Confidence: 92%
2025-03-13 02:09:39,136 - INFO - Elapsed Time: 13.23s | Pan Error: -10.78 | Face Confidence: 85%
2025-03-13 02:09:39,221 - INFO - Elapsed Time: 13.32s | Pan Error: 2.19 | Face Confidence: 85%
2025-03-13 02:09:39,310 - INFO - Elapsed Time: 13.41s | Pan Error: 18.59 | Face Confidence: 94%
2025-03-13 02:09:39,398 - INFO - Elapsed Time: 13.49s | Pan Error: 24.84 | Face Confidence: 92%
2025-03-13 02:09:39,486 - INFO - Elapsed Time: 13.58s | Pan Error: 32.81 | Face Confidence: 94%
2025-03-13 02:09:39,573 - INFO - Elapsed Time: 13.67s | Pan Error: 28.12 | Face Confidence: 90%
2025-03-13 02:09:39,661 - INFO - Elapsed Time: 13.76s | Pan Error: 27.19 | Face Confidence: 86%
2025-03-13 02:09:39,748 - INFO - Elapsed Time: 13.84s | Pan Error: 17.50 | Face Confidence: 93%
2025-03-13 02:09:39,839 - INFO - Elapsed Time: 13.93s | Pan Error: 11.72 | Face Confidence: 88%
2025-03-13 02:09:39,924 - INFO - Elapsed Time: 14.02s | Pan Error: 6.56 | Face Confidence: 94%
2025-03-13 02:09:40,007 - INFO - Elapsed Time: 14.11s | Pan Error: 1.25 | Face Confidence: 91%
2025-03-13 02:09:40,099 - INFO - Elapsed Time: 14.19s | Pan Error: -0.78 | Face Confidence: 89%
2025-03-13 02:09:40,187 - INFO - Elapsed Time: 14.28s | Pan Error: -5.47 | Face Confidence: 91%
2025-03-13 02:09:40,276 - INFO - Elapsed Time: 14.37s | Pan Error: -9.38 | Face Confidence: 87%
2025-03-13 02:09:40,363 - INFO - Elapsed Time: 14.46s | Pan Error: -10.16 | Face Confidence: 53%
2025-03-13 02:09:40,455 - INFO - Elapsed Time: 14.55s | Pan Error: -8.12 | Face Confidence: 52%
2025-03-13 02:09:43,179 - INFO - Elapsed Time: 17.28s | Pan Error: -34.69 | Face Confidence: 52%
2025-03-13 02:09:46,736 - INFO - Stream stats - Frame: 600, Size: 226362 bytes, Clients: 1
2025-03-13 02:09:48,954 - INFO - Elapsed Time: 23.04s | Pan Error: -11.72 | Face Confidence: 57%
2025-03-13 02:09:51,498 - INFO - Elapsed Time: 25.59s | Pan Error: 8.75 | Face Confidence: 91%
2025-03-13 02:09:51,585 - INFO - Elapsed Time: 25.68s | Pan Error: 5.78 | Face Confidence: 91%
2025-03-13 02:09:51,670 - INFO - Elapsed Time: 25.77s | Pan Error: 5.00 | Face Confidence: 90%
2025-03-13 02:09:51,765 - INFO - Elapsed Time: 25.86s | Pan Error: 5.00 | Face Confidence: 89%
2025-03-13 02:09:51,852 - INFO - Elapsed Time: 25.95s | Pan Error: 6.88 | Face Confidence: 91%
2025-03-13 02:09:51,940 - INFO - Elapsed Time: 26.04s | Pan Error: 7.34 | Face Confidence: 92%
2025-03-13 02:09:52,029 - INFO - Elapsed Time: 26.12s | Pan Error: 6.41 | Face Confidence: 93%
2025-03-13 02:09:54,227 - INFO - Elapsed Time: 28.32s | Pan Error: -7.19 | Face Confidence: 90%
2025-03-13 02:09:54,314 - INFO - Elapsed Time: 28.41s | Pan Error: -8.44 | Face Confidence: 92%
2025-03-13 02:09:54,401 - INFO - Elapsed Time: 28.50s | Pan Error: -8.12 | Face Confidence: 92%
2025-03-13 02:09:54,489 - INFO - Elapsed Time: 28.58s | Pan Error: -8.91 | Face Confidence: 55%
2025-03-13 02:09:54,574 - INFO - Elapsed Time: 28.67s | Pan Error: -6.25 | Face Confidence: 92%
2025-03-13 02:09:54,660 - INFO - Elapsed Time: 28.76s | Pan Error: -1.88 | Face Confidence: 91%
2025-03-13 02:09:54,746 - INFO - Elapsed Time: 28.84s | Pan Error: 2.50 | Face Confidence: 92%
2025-03-13 02:09:54,837 - INFO - Elapsed Time: 28.93s | Pan Error: 5.94 | Face Confidence: 95%
2025-03-13 02:09:56,767 - INFO - Stream stats - Frame: 900, Size: 224982 bytes, Clients: 1
2025-03-13 02:09:57,092 - INFO - Elapsed Time: 31.19s | Pan Error: 7.03 | Face Confidence: 96%
2025-03-13 02:09:57,179 - INFO - Elapsed Time: 31.28s | Pan Error: 7.50 | Face Confidence: 96%
2025-03-13 02:09:57,266 - INFO - Elapsed Time: 31.36s | Pan Error: 7.81 | Face Confidence: 96%
2025-03-13 02:09:57,353 - INFO - Elapsed Time: 31.45s | Pan Error: 2.66 | Face Confidence: 92%
2025-03-13 02:09:57,438 - INFO - Elapsed Time: 31.54s | Pan Error: -1.09 | Face Confidence: 92%
2025-03-13 02:09:57,525 - INFO - Elapsed Time: 31.62s | Pan Error: -4.38 | Face Confidence: 93%
2025-03-13 02:09:57,612 - INFO - Elapsed Time: 31.71s | Pan Error: -6.88 | Face Confidence: 93%
2025-03-13 02:10:04,786 - INFO - Camera stopped
