2025-03-06 23:47:17,180 - INFO - Face tracking logging system initialized.
2025-03-06 23:47:17,230 - INFO - Initialization successful.
2025-03-06 23:47:17,230 - INFO - Camera now open.
2025-03-06 23:47:17,235 - INFO - Camera configuration has been adjusted!
2025-03-06 23:47:17,237 - INFO - Configuration successful!
2025-03-06 23:47:17,298 - INFO - Camera started
2025-03-06 23:47:17,311 - INFO - [31m[1mWARNING: This is a development server. Do not use it in a production deployment. Use a production WSGI server instead.[0m
 * Running on all addresses (0.0.0.0)
 * Running on http://127.0.0.1:5000
 * Running on http://172.20.10.4:5000
2025-03-06 23:47:17,312 - INFO - [33mPress CTRL+C to quit[0m
2025-03-06 23:47:17,511 - INFO - Stream stats - Frame: 0, Size: 199366 bytes, Clients: 0
2025-03-06 23:47:39,653 - INFO - 172.20.10.2 - - [06/Mar/2025 23:47:39] "GET / HTTP/1.1" 200 -
2025-03-06 23:47:39,699 - INFO - Client connected. Total clients: 1
2025-03-06 23:47:39,755 - INFO - 172.20.10.2 - - [06/Mar/2025 23:47:39] "GET /video_feed HTTP/1.1" 200 -
2025-03-06 23:47:47,652 - INFO - Elapsed Time: 30.32s | Pan Error: 25.78 | Face Confidence: 65%
2025-03-06 23:47:49,753 - INFO - Stream stats - Frame: 300, Size: 241207 bytes, Clients: 1
2025-03-06 23:47:53,703 - INFO - Elapsed Time: 36.37s | Pan Error: -8.28 | Face Confidence: 50%
2025-03-06 23:47:53,783 - INFO - Elapsed Time: 36.45s | Pan Error: -9.53 | Face Confidence: 56%
2025-03-06 23:47:53,939 - INFO - Elapsed Time: 36.61s | Pan Error: 44.84 | Face Confidence: 76%
2025-03-06 23:47:54,022 - INFO - Elapsed Time: 36.69s | Pan Error: 35.78 | Face Confidence: 68%
2025-03-06 23:47:56,459 - INFO - Elapsed Time: 39.12s | Pan Error: -41.88 | Face Confidence: 62%
2025-03-06 23:47:56,538 - INFO - Elapsed Time: 39.21s | Pan Error: -43.44 | Face Confidence: 52%
2025-03-06 23:47:57,067 - INFO - Elapsed Time: 39.74s | Pan Error: -6.88 | Face Confidence: 61%
2025-03-06 23:47:57,146 - INFO - Elapsed Time: 39.82s | Pan Error: 15.94 | Face Confidence: 60%
2025-03-06 23:47:57,227 - INFO - Elapsed Time: 39.90s | Pan Error: -7.19 | Face Confidence: 51%
2025-03-06 23:47:59,810 - INFO - Stream stats - Frame: 600, Size: 217465 bytes, Clients: 1
2025-03-06 23:48:03,065 - INFO - Elapsed Time: 45.74s | Pan Error: -9.22 | Face Confidence: 52%
2025-03-06 23:48:03,292 - INFO - Elapsed Time: 45.96s | Pan Error: -7.81 | Face Confidence: 50%
2025-03-06 23:48:04,847 - INFO - Elapsed Time: 47.52s | Pan Error: -5.16 | Face Confidence: 50%
2025-03-06 23:48:05,157 - INFO - Elapsed Time: 47.83s | Pan Error: 4.06 | Face Confidence: 50%
2025-03-06 23:48:05,241 - INFO - Elapsed Time: 47.91s | Pan Error: -0.31 | Face Confidence: 51%
2025-03-06 23:48:05,401 - INFO - Elapsed Time: 48.07s | Pan Error: -8.44 | Face Confidence: 62%
2025-03-06 23:48:05,787 - INFO - Elapsed Time: 48.45s | Pan Error: 17.50 | Face Confidence: 61%
2025-03-06 23:48:05,867 - INFO - Elapsed Time: 48.54s | Pan Error: 19.53 | Face Confidence: 50%
2025-03-06 23:48:05,947 - INFO - Elapsed Time: 48.62s | Pan Error: 12.19 | Face Confidence: 53%
2025-03-06 23:48:06,030 - INFO - Elapsed Time: 48.69s | Pan Error: 15.16 | Face Confidence: 75%
2025-03-06 23:48:06,112 - INFO - Elapsed Time: 48.78s | Pan Error: -10.16 | Face Confidence: 53%
2025-03-06 23:48:07,660 - INFO - Elapsed Time: 50.32s | Pan Error: 5.47 | Face Confidence: 53%
2025-03-06 23:48:08,127 - INFO - Elapsed Time: 50.79s | Pan Error: 6.88 | Face Confidence: 68%
2025-03-06 23:48:08,208 - INFO - Elapsed Time: 50.88s | Pan Error: 6.72 | Face Confidence: 65%
2025-03-06 23:48:08,290 - INFO - Elapsed Time: 50.96s | Pan Error: 6.09 | Face Confidence: 56%
2025-03-06 23:48:08,445 - INFO - Elapsed Time: 51.11s | Pan Error: 2.97 | Face Confidence: 55%
2025-03-06 23:48:08,703 - INFO - Elapsed Time: 51.37s | Pan Error: -10.62 | Face Confidence: 69%
2025-03-06 23:48:09,247 - INFO - Elapsed Time: 51.92s | Pan Error: -13.91 | Face Confidence: 52%
2025-03-06 23:48:09,406 - INFO - Elapsed Time: 52.07s | Pan Error: -14.06 | Face Confidence: 50%
2025-03-06 23:48:09,719 - INFO - Elapsed Time: 52.39s | Pan Error: -7.81 | Face Confidence: 55%
2025-03-06 23:48:09,873 - INFO - Stream stats - Frame: 900, Size: 263864 bytes, Clients: 1
2025-03-06 23:48:10,037 - INFO - Elapsed Time: 52.70s | Pan Error: -4.06 | Face Confidence: 60%
2025-03-06 23:48:10,121 - INFO - Elapsed Time: 52.79s | Pan Error: -2.34 | Face Confidence: 60%
2025-03-06 23:48:10,207 - INFO - Elapsed Time: 52.87s | Pan Error: 5.16 | Face Confidence: 54%
2025-03-06 23:48:10,676 - INFO - Elapsed Time: 53.34s | Pan Error: -24.06 | Face Confidence: 62%
2025-03-06 23:48:18,546 - INFO - Elapsed Time: 61.21s | Pan Error: -14.06 | Face Confidence: 52%
2025-03-06 23:48:18,797 - INFO - Elapsed Time: 61.47s | Pan Error: -7.50 | Face Confidence: 50%
2025-03-06 23:48:19,025 - INFO - Elapsed Time: 61.70s | Pan Error: -11.09 | Face Confidence: 66%
2025-03-06 23:48:19,179 - INFO - Elapsed Time: 61.85s | Pan Error: -12.81 | Face Confidence: 57%
2025-03-06 23:48:19,405 - INFO - Elapsed Time: 62.07s | Pan Error: 39.38 | Face Confidence: 55%
2025-03-06 23:48:19,919 - INFO - Stream stats - Frame: 1200, Size: 247586 bytes, Clients: 1
2025-03-06 23:48:21,931 - INFO - Elapsed Time: 64.60s | Pan Error: 30.63 | Face Confidence: 69%
2025-03-06 23:48:22,012 - INFO - Elapsed Time: 64.68s | Pan Error: 32.03 | Face Confidence: 67%
2025-03-06 23:48:22,242 - INFO - Elapsed Time: 64.91s | Pan Error: 10.94 | Face Confidence: 63%
2025-03-06 23:48:22,320 - INFO - Elapsed Time: 64.99s | Pan Error: 7.81 | Face Confidence: 56%
2025-03-06 23:48:22,550 - INFO - Elapsed Time: 65.22s | Pan Error: -4.06 | Face Confidence: 56%
2025-03-06 23:48:22,710 - INFO - Elapsed Time: 65.37s | Pan Error: -7.03 | Face Confidence: 60%
2025-03-06 23:48:22,872 - INFO - Elapsed Time: 65.53s | Pan Error: -7.50 | Face Confidence: 59%
2025-03-06 23:48:22,952 - INFO - Elapsed Time: 65.62s | Pan Error: -7.34 | Face Confidence: 60%
2025-03-06 23:48:23,036 - INFO - Elapsed Time: 65.70s | Pan Error: -7.81 | Face Confidence: 65%
2025-03-06 23:48:23,119 - INFO - Elapsed Time: 65.79s | Pan Error: -8.91 | Face Confidence: 51%
2025-03-06 23:48:23,731 - INFO - Elapsed Time: 66.40s | Pan Error: -14.84 | Face Confidence: 73%
2025-03-06 23:48:23,913 - INFO - Elapsed Time: 66.58s | Pan Error: -19.84 | Face Confidence: 52%
2025-03-06 23:48:24,064 - INFO - Elapsed Time: 66.73s | Pan Error: -14.84 | Face Confidence: 53%
2025-03-06 23:48:24,150 - INFO - Elapsed Time: 66.82s | Pan Error: -6.72 | Face Confidence: 62%
2025-03-06 23:48:24,309 - INFO - Elapsed Time: 66.97s | Pan Error: 3.59 | Face Confidence: 69%
2025-03-06 23:48:24,389 - INFO - Elapsed Time: 67.06s | Pan Error: 7.34 | Face Confidence: 60%
2025-03-06 23:48:24,784 - INFO - Elapsed Time: 67.45s | Pan Error: 24.06 | Face Confidence: 57%
2025-03-06 23:48:24,863 - INFO - Elapsed Time: 67.53s | Pan Error: 26.09 | Face Confidence: 66%
2025-03-06 23:48:24,952 - INFO - Elapsed Time: 67.62s | Pan Error: 24.06 | Face Confidence: 66%
2025-03-06 23:48:25,111 - INFO - Elapsed Time: 67.78s | Pan Error: 14.22 | Face Confidence: 54%
2025-03-06 23:48:25,192 - INFO - Elapsed Time: 67.86s | Pan Error: 6.72 | Face Confidence: 69%
2025-03-06 23:48:25,274 - INFO - Elapsed Time: 67.94s | Pan Error: 3.28 | Face Confidence: 56%
2025-03-06 23:48:25,429 - INFO - Elapsed Time: 68.10s | Pan Error: -4.06 | Face Confidence: 60%
2025-03-06 23:48:25,512 - INFO - Elapsed Time: 68.18s | Pan Error: -4.53 | Face Confidence: 76%
2025-03-06 23:48:25,591 - INFO - Elapsed Time: 68.26s | Pan Error: -5.78 | Face Confidence: 72%
2025-03-06 23:48:25,672 - INFO - Elapsed Time: 68.34s | Pan Error: -4.06 | Face Confidence: 73%
2025-03-06 23:48:25,753 - INFO - Elapsed Time: 68.42s | Pan Error: -3.44 | Face Confidence: 78%
2025-03-06 23:48:25,833 - INFO - Elapsed Time: 68.50s | Pan Error: -0.16 | Face Confidence: 74%
2025-03-06 23:48:25,991 - INFO - Elapsed Time: 68.66s | Pan Error: 7.97 | Face Confidence: 68%
2025-03-06 23:48:26,070 - INFO - Elapsed Time: 68.74s | Pan Error: 11.25 | Face Confidence: 67%
2025-03-06 23:48:26,226 - INFO - Elapsed Time: 68.89s | Pan Error: 11.41 | Face Confidence: 81%
2025-03-06 23:48:26,304 - INFO - Elapsed Time: 68.97s | Pan Error: 9.38 | Face Confidence: 67%
2025-03-06 23:48:26,386 - INFO - Elapsed Time: 69.05s | Pan Error: 9.69 | Face Confidence: 73%
2025-03-06 23:48:26,464 - INFO - Elapsed Time: 69.13s | Pan Error: 2.34 | Face Confidence: 70%
2025-03-06 23:48:26,620 - INFO - Elapsed Time: 69.29s | Pan Error: -1.25 | Face Confidence: 77%
2025-03-06 23:48:26,698 - INFO - Elapsed Time: 69.37s | Pan Error: -3.28 | Face Confidence: 63%
2025-03-06 23:48:26,929 - INFO - Elapsed Time: 69.60s | Pan Error: -7.03 | Face Confidence: 61%
2025-03-06 23:48:27,009 - INFO - Elapsed Time: 69.68s | Pan Error: -7.34 | Face Confidence: 62%
2025-03-06 23:48:27,094 - INFO - Elapsed Time: 69.76s | Pan Error: -1.88 | Face Confidence: 78%
2025-03-06 23:48:27,176 - INFO - Elapsed Time: 69.84s | Pan Error: -6.41 | Face Confidence: 63%
2025-03-06 23:48:27,256 - INFO - Elapsed Time: 69.93s | Pan Error: -3.75 | Face Confidence: 67%
2025-03-06 23:48:27,336 - INFO - Elapsed Time: 70.00s | Pan Error: 2.03 | Face Confidence: 65%
2025-03-06 23:48:27,416 - INFO - Elapsed Time: 70.08s | Pan Error: 4.53 | Face Confidence: 66%
2025-03-06 23:48:27,495 - INFO - Elapsed Time: 70.16s | Pan Error: -0.78 | Face Confidence: 72%
2025-03-06 23:48:27,576 - INFO - Elapsed Time: 70.24s | Pan Error: -0.62 | Face Confidence: 67%
2025-03-06 23:48:27,654 - INFO - Elapsed Time: 70.32s | Pan Error: -0.16 | Face Confidence: 74%
2025-03-06 23:48:27,738 - INFO - Elapsed Time: 70.40s | Pan Error: -0.31 | Face Confidence: 67%
2025-03-06 23:48:27,822 - INFO - Elapsed Time: 70.49s | Pan Error: -2.34 | Face Confidence: 70%
2025-03-06 23:48:27,903 - INFO - Elapsed Time: 70.57s | Pan Error: -4.69 | Face Confidence: 52%
2025-03-06 23:48:28,059 - INFO - Elapsed Time: 70.73s | Pan Error: -9.84 | Face Confidence: 71%
2025-03-06 23:48:28,137 - INFO - Elapsed Time: 70.81s | Pan Error: -11.56 | Face Confidence: 65%
2025-03-06 23:48:28,218 - INFO - Elapsed Time: 70.89s | Pan Error: -15.16 | Face Confidence: 71%
2025-03-06 23:48:28,296 - INFO - Elapsed Time: 70.97s | Pan Error: -14.84 | Face Confidence: 60%
2025-03-06 23:48:28,378 - INFO - Elapsed Time: 71.04s | Pan Error: -8.12 | Face Confidence: 50%
2025-03-06 23:48:28,533 - INFO - Elapsed Time: 71.20s | Pan Error: -2.19 | Face Confidence: 59%
2025-03-06 23:48:28,689 - INFO - Elapsed Time: 71.36s | Pan Error: -2.34 | Face Confidence: 54%
2025-03-06 23:48:28,771 - INFO - Elapsed Time: 71.44s | Pan Error: -3.59 | Face Confidence: 57%
2025-03-06 23:48:29,978 - INFO - Stream stats - Frame: 1500, Size: 236545 bytes, Clients: 1
2025-03-06 23:48:30,530 - INFO - Elapsed Time: 73.20s | Pan Error: -50.94 | Face Confidence: 55%
2025-03-06 23:48:30,918 - INFO - Elapsed Time: 73.59s | Pan Error: -33.12 | Face Confidence: 56%
2025-03-06 23:48:34,380 - INFO - Elapsed Time: 77.05s | Pan Error: 5.31 | Face Confidence: 64%
2025-03-06 23:48:34,611 - INFO - Elapsed Time: 77.28s | Pan Error: 5.94 | Face Confidence: 71%
2025-03-06 23:48:34,688 - INFO - Elapsed Time: 77.36s | Pan Error: 12.03 | Face Confidence: 56%
2025-03-06 23:48:34,770 - INFO - Elapsed Time: 77.44s | Pan Error: 11.56 | Face Confidence: 65%
2025-03-06 23:48:35,000 - INFO - Elapsed Time: 77.67s | Pan Error: 7.66 | Face Confidence: 61%
2025-03-06 23:48:35,080 - INFO - Elapsed Time: 77.75s | Pan Error: 7.97 | Face Confidence: 62%
2025-03-06 23:48:35,158 - INFO - Elapsed Time: 77.83s | Pan Error: 9.22 | Face Confidence: 66%
2025-03-06 23:48:35,387 - INFO - Elapsed Time: 78.06s | Pan Error: -9.06 | Face Confidence: 76%
2025-03-06 23:48:35,470 - INFO - Elapsed Time: 78.14s | Pan Error: -14.53 | Face Confidence: 77%
2025-03-06 23:48:35,550 - INFO - Elapsed Time: 78.22s | Pan Error: -17.34 | Face Confidence: 61%
2025-03-06 23:48:35,640 - INFO - Elapsed Time: 78.31s | Pan Error: -17.81 | Face Confidence: 57%
2025-03-06 23:48:35,718 - INFO - Elapsed Time: 78.39s | Pan Error: -15.62 | Face Confidence: 65%
2025-03-06 23:48:35,799 - INFO - Elapsed Time: 78.47s | Pan Error: -11.25 | Face Confidence: 69%
2025-03-06 23:48:35,965 - INFO - Elapsed Time: 78.63s | Pan Error: -4.06 | Face Confidence: 66%
2025-03-06 23:48:36,048 - INFO - Elapsed Time: 78.72s | Pan Error: 1.72 | Face Confidence: 68%
2025-03-06 23:48:36,130 - INFO - Elapsed Time: 78.80s | Pan Error: 7.66 | Face Confidence: 66%
2025-03-06 23:48:36,216 - INFO - Elapsed Time: 78.88s | Pan Error: 1.09 | Face Confidence: 67%
2025-03-06 23:48:36,299 - INFO - Elapsed Time: 78.96s | Pan Error: -0.62 | Face Confidence: 77%
2025-03-06 23:48:36,381 - INFO - Elapsed Time: 79.05s | Pan Error: -4.53 | Face Confidence: 67%
2025-03-06 23:48:36,468 - INFO - Elapsed Time: 79.13s | Pan Error: -7.66 | Face Confidence: 56%
2025-03-06 23:48:36,631 - INFO - Elapsed Time: 79.30s | Pan Error: -12.97 | Face Confidence: 52%
2025-03-06 23:48:36,716 - INFO - Elapsed Time: 79.38s | Pan Error: -11.56 | Face Confidence: 51%
2025-03-06 23:48:36,796 - INFO - Elapsed Time: 79.46s | Pan Error: -11.88 | Face Confidence: 62%
2025-03-06 23:48:37,036 - INFO - Elapsed Time: 79.71s | Pan Error: 5.62 | Face Confidence: 81%
2025-03-06 23:48:37,115 - INFO - Elapsed Time: 79.78s | Pan Error: 13.59 | Face Confidence: 73%
2025-03-06 23:48:37,194 - INFO - Elapsed Time: 79.86s | Pan Error: 19.22 | Face Confidence: 74%
2025-03-06 23:48:37,273 - INFO - Elapsed Time: 79.94s | Pan Error: 22.34 | Face Confidence: 82%
2025-03-06 23:48:37,429 - INFO - Elapsed Time: 80.10s | Pan Error: 12.66 | Face Confidence: 67%
2025-03-06 23:48:37,508 - INFO - Elapsed Time: 80.18s | Pan Error: 5.00 | Face Confidence: 57%
2025-03-06 23:48:37,732 - INFO - Elapsed Time: 80.40s | Pan Error: -11.72 | Face Confidence: 66%
2025-03-06 23:48:37,815 - INFO - Elapsed Time: 80.49s | Pan Error: -15.78 | Face Confidence: 69%
2025-03-06 23:48:37,900 - INFO - Elapsed Time: 80.56s | Pan Error: -17.19 | Face Confidence: 88%
2025-03-06 23:48:37,981 - INFO - Elapsed Time: 80.65s | Pan Error: -18.12 | Face Confidence: 50%
2025-03-06 23:48:38,058 - INFO - Elapsed Time: 80.73s | Pan Error: -14.69 | Face Confidence: 86%
2025-03-06 23:48:38,139 - INFO - Elapsed Time: 80.81s | Pan Error: -10.62 | Face Confidence: 75%
2025-03-06 23:48:38,217 - INFO - Elapsed Time: 80.89s | Pan Error: -3.12 | Face Confidence: 87%
2025-03-06 23:48:38,444 - INFO - Elapsed Time: 81.11s | Pan Error: 8.44 | Face Confidence: 82%
2025-03-06 23:48:38,520 - INFO - Elapsed Time: 81.19s | Pan Error: 12.81 | Face Confidence: 78%
2025-03-06 23:48:38,599 - INFO - Elapsed Time: 81.27s | Pan Error: 12.34 | Face Confidence: 72%
2025-03-06 23:48:38,756 - INFO - Elapsed Time: 81.42s | Pan Error: 6.88 | Face Confidence: 77%
2025-03-06 23:48:38,834 - INFO - Elapsed Time: 81.50s | Pan Error: 6.56 | Face Confidence: 78%
2025-03-06 23:48:38,913 - INFO - Elapsed Time: 81.58s | Pan Error: 3.12 | Face Confidence: 66%
2025-03-06 23:48:38,991 - INFO - Elapsed Time: 81.66s | Pan Error: 1.41 | Face Confidence: 58%
2025-03-06 23:48:39,166 - INFO - Elapsed Time: 81.83s | Pan Error: -5.31 | Face Confidence: 63%
2025-03-06 23:48:39,245 - INFO - Elapsed Time: 81.91s | Pan Error: -8.28 | Face Confidence: 53%
2025-03-06 23:48:39,327 - INFO - Elapsed Time: 82.00s | Pan Error: -7.81 | Face Confidence: 59%
2025-03-06 23:48:39,407 - INFO - Elapsed Time: 82.08s | Pan Error: -4.06 | Face Confidence: 69%
2025-03-06 23:48:39,789 - INFO - Elapsed Time: 82.46s | Pan Error: 15.31 | Face Confidence: 50%
2025-03-06 23:48:40,035 - INFO - Stream stats - Frame: 1800, Size: 224147 bytes, Clients: 1
2025-03-06 23:48:40,474 - INFO - Elapsed Time: 83.14s | Pan Error: 16.88 | Face Confidence: 58%
2025-03-06 23:48:40,552 - INFO - Elapsed Time: 83.22s | Pan Error: 11.72 | Face Confidence: 67%
2025-03-06 23:48:40,631 - INFO - Elapsed Time: 83.30s | Pan Error: 6.88 | Face Confidence: 50%
2025-03-06 23:48:40,859 - INFO - Elapsed Time: 83.53s | Pan Error: -15.31 | Face Confidence: 52%
2025-03-06 23:48:40,942 - INFO - Elapsed Time: 83.61s | Pan Error: -17.66 | Face Confidence: 71%
2025-03-06 23:48:41,097 - INFO - Elapsed Time: 83.76s | Pan Error: -17.97 | Face Confidence: 76%
2025-03-06 23:48:41,181 - INFO - Elapsed Time: 83.85s | Pan Error: -11.25 | Face Confidence: 77%
2025-03-06 23:48:41,257 - INFO - Elapsed Time: 83.93s | Pan Error: -7.66 | Face Confidence: 74%
2025-03-06 23:48:41,343 - INFO - Elapsed Time: 84.01s | Pan Error: -5.94 | Face Confidence: 65%
2025-03-06 23:48:41,422 - INFO - Elapsed Time: 84.09s | Pan Error: 5.16 | Face Confidence: 56%
2025-03-06 23:48:41,502 - INFO - Elapsed Time: 84.17s | Pan Error: 5.94 | Face Confidence: 67%
2025-03-06 23:48:42,178 - INFO - Elapsed Time: 84.85s | Pan Error: 31.72 | Face Confidence: 59%
2025-03-06 23:48:42,484 - INFO - Elapsed Time: 85.15s | Pan Error: 14.69 | Face Confidence: 61%
2025-03-06 23:48:42,564 - INFO - Elapsed Time: 85.23s | Pan Error: 19.84 | Face Confidence: 71%
2025-03-06 23:48:42,646 - INFO - Elapsed Time: 85.31s | Pan Error: 14.53 | Face Confidence: 52%
2025-03-06 23:48:42,726 - INFO - Elapsed Time: 85.40s | Pan Error: 9.84 | Face Confidence: 54%
2025-03-06 23:48:42,805 - INFO - Elapsed Time: 85.47s | Pan Error: 11.72 | Face Confidence: 63%
2025-03-06 23:48:42,883 - INFO - Elapsed Time: 85.55s | Pan Error: 1.72 | Face Confidence: 65%
2025-03-06 23:48:42,962 - INFO - Elapsed Time: 85.63s | Pan Error: -7.50 | Face Confidence: 65%
2025-03-06 23:48:43,117 - INFO - Elapsed Time: 85.79s | Pan Error: -18.59 | Face Confidence: 61%
2025-03-06 23:48:43,195 - INFO - Elapsed Time: 85.86s | Pan Error: -12.97 | Face Confidence: 50%
2025-03-06 23:48:43,277 - INFO - Elapsed Time: 85.94s | Pan Error: -12.03 | Face Confidence: 53%
2025-03-06 23:48:43,507 - INFO - Elapsed Time: 86.17s | Pan Error: -3.59 | Face Confidence: 56%
2025-03-06 23:48:43,664 - INFO - Elapsed Time: 86.33s | Pan Error: 0.78 | Face Confidence: 55%
2025-03-06 23:48:43,745 - INFO - Elapsed Time: 86.41s | Pan Error: -0.94 | Face Confidence: 58%
2025-03-06 23:48:43,984 - INFO - Elapsed Time: 86.65s | Pan Error: -6.09 | Face Confidence: 61%
2025-03-06 23:48:44,065 - INFO - Elapsed Time: 86.73s | Pan Error: -9.06 | Face Confidence: 67%
2025-03-06 23:48:44,144 - INFO - Elapsed Time: 86.81s | Pan Error: -16.25 | Face Confidence: 54%
2025-03-06 23:48:44,330 - INFO - Elapsed Time: 87.00s | Pan Error: -12.66 | Face Confidence: 66%
2025-03-06 23:48:44,411 - INFO - Elapsed Time: 87.08s | Pan Error: -7.03 | Face Confidence: 56%
2025-03-06 23:48:44,865 - INFO - Elapsed Time: 87.53s | Pan Error: 11.72 | Face Confidence: 60%
2025-03-06 23:48:45,090 - INFO - Elapsed Time: 87.76s | Pan Error: 15.16 | Face Confidence: 60%
2025-03-06 23:48:45,174 - INFO - Elapsed Time: 87.84s | Pan Error: 19.84 | Face Confidence: 59%
2025-03-06 23:48:45,397 - INFO - Elapsed Time: 88.07s | Pan Error: 8.28 | Face Confidence: 60%
2025-03-06 23:48:45,477 - INFO - Elapsed Time: 88.15s | Pan Error: 5.47 | Face Confidence: 66%
2025-03-06 23:48:45,557 - INFO - Elapsed Time: 88.22s | Pan Error: 1.56 | Face Confidence: 70%
2025-03-06 23:48:45,638 - INFO - Elapsed Time: 88.30s | Pan Error: -3.28 | Face Confidence: 72%
2025-03-06 23:48:45,718 - INFO - Elapsed Time: 88.39s | Pan Error: -5.62 | Face Confidence: 63%
2025-03-06 23:48:45,801 - INFO - Elapsed Time: 88.47s | Pan Error: -9.22 | Face Confidence: 52%
2025-03-06 23:48:45,880 - INFO - Elapsed Time: 88.55s | Pan Error: -10.31 | Face Confidence: 57%
2025-03-06 23:48:46,655 - INFO - Elapsed Time: 89.33s | Pan Error: -5.94 | Face Confidence: 53%
2025-03-06 23:48:46,740 - INFO - Elapsed Time: 89.41s | Pan Error: -10.78 | Face Confidence: 72%
2025-03-06 23:48:46,820 - INFO - Elapsed Time: 89.49s | Pan Error: -13.12 | Face Confidence: 61%
2025-03-06 23:48:46,899 - INFO - Elapsed Time: 89.57s | Pan Error: -11.25 | Face Confidence: 69%
2025-03-06 23:48:46,978 - INFO - Elapsed Time: 89.65s | Pan Error: -4.84 | Face Confidence: 67%
2025-03-06 23:48:47,135 - INFO - Elapsed Time: 89.80s | Pan Error: 2.66 | Face Confidence: 58%
2025-03-06 23:48:47,218 - INFO - Elapsed Time: 89.88s | Pan Error: 11.88 | Face Confidence: 59%
2025-03-06 23:48:47,449 - INFO - Elapsed Time: 90.12s | Pan Error: 23.75 | Face Confidence: 70%
2025-03-06 23:48:47,528 - INFO - Elapsed Time: 90.20s | Pan Error: 22.81 | Face Confidence: 76%
2025-03-06 23:48:47,614 - INFO - Elapsed Time: 90.28s | Pan Error: 16.88 | Face Confidence: 51%
2025-03-06 23:48:48,845 - INFO - Elapsed Time: 91.51s | Pan Error: -37.81 | Face Confidence: 61%
2025-03-06 23:48:49,076 - INFO - Elapsed Time: 91.74s | Pan Error: -35.31 | Face Confidence: 56%
2025-03-06 23:48:49,158 - INFO - Elapsed Time: 91.82s | Pan Error: -45.31 | Face Confidence: 65%
2025-03-06 23:48:49,401 - INFO - Elapsed Time: 92.07s | Pan Error: -13.59 | Face Confidence: 57%
2025-03-06 23:48:49,632 - INFO - Elapsed Time: 92.30s | Pan Error: -2.81 | Face Confidence: 56%
2025-03-06 23:48:49,710 - INFO - Elapsed Time: 92.38s | Pan Error: -5.16 | Face Confidence: 51%
2025-03-06 23:48:49,867 - INFO - Elapsed Time: 92.54s | Pan Error: -1.56 | Face Confidence: 62%
2025-03-06 23:48:50,091 - INFO - Stream stats - Frame: 2100, Size: 216451 bytes, Clients: 1
2025-03-06 23:48:51,773 - INFO - Elapsed Time: 94.44s | Pan Error: -73.75 | Face Confidence: 57%
2025-03-06 23:48:51,854 - INFO - Elapsed Time: 94.52s | Pan Error: -82.34 | Face Confidence: 53%
2025-03-06 23:48:54,825 - INFO - Elapsed Time: 97.50s | Pan Error: -21.72 | Face Confidence: 55%
2025-03-06 23:48:54,903 - INFO - Elapsed Time: 97.57s | Pan Error: -20.94 | Face Confidence: 62%
2025-03-06 23:48:54,983 - INFO - Elapsed Time: 97.65s | Pan Error: -19.38 | Face Confidence: 87%
2025-03-06 23:48:55,060 - INFO - Elapsed Time: 97.73s | Pan Error: -16.88 | Face Confidence: 80%
2025-03-06 23:48:55,144 - INFO - Elapsed Time: 97.81s | Pan Error: -11.72 | Face Confidence: 79%
2025-03-06 23:48:55,223 - INFO - Elapsed Time: 97.89s | Pan Error: -5.62 | Face Confidence: 78%
2025-03-06 23:48:55,302 - INFO - Elapsed Time: 97.97s | Pan Error: -7.03 | Face Confidence: 75%
2025-03-06 23:48:55,380 - INFO - Elapsed Time: 98.05s | Pan Error: 4.84 | Face Confidence: 64%
2025-03-06 23:48:55,460 - INFO - Elapsed Time: 98.13s | Pan Error: 6.25 | Face Confidence: 70%
2025-03-06 23:48:55,539 - INFO - Elapsed Time: 98.21s | Pan Error: 8.44 | Face Confidence: 59%
2025-03-06 23:48:55,621 - INFO - Elapsed Time: 98.29s | Pan Error: 8.28 | Face Confidence: 69%
2025-03-06 23:48:55,703 - INFO - Elapsed Time: 98.37s | Pan Error: 11.09 | Face Confidence: 76%
2025-03-06 23:48:55,784 - INFO - Elapsed Time: 98.45s | Pan Error: 11.09 | Face Confidence: 77%
2025-03-06 23:48:55,862 - INFO - Elapsed Time: 98.53s | Pan Error: 10.78 | Face Confidence: 78%
2025-03-06 23:48:55,943 - INFO - Elapsed Time: 98.61s | Pan Error: 6.41 | Face Confidence: 58%
2025-03-06 23:48:56,022 - INFO - Elapsed Time: 98.69s | Pan Error: 9.22 | Face Confidence: 81%
2025-03-06 23:48:56,101 - INFO - Elapsed Time: 98.77s | Pan Error: 8.12 | Face Confidence: 78%
2025-03-06 23:48:56,182 - INFO - Elapsed Time: 98.85s | Pan Error: 10.62 | Face Confidence: 74%
2025-03-06 23:48:56,260 - INFO - Elapsed Time: 98.93s | Pan Error: 9.84 | Face Confidence: 67%
2025-03-06 23:48:56,413 - INFO - Elapsed Time: 99.08s | Pan Error: 10.94 | Face Confidence: 63%
2025-03-06 23:48:56,493 - INFO - Elapsed Time: 99.16s | Pan Error: 9.06 | Face Confidence: 76%
2025-03-06 23:48:56,576 - INFO - Elapsed Time: 99.24s | Pan Error: 9.38 | Face Confidence: 76%
2025-03-06 23:48:56,656 - INFO - Elapsed Time: 99.32s | Pan Error: -0.31 | Face Confidence: 76%
2025-03-06 23:48:56,807 - INFO - Elapsed Time: 99.48s | Pan Error: -9.06 | Face Confidence: 64%
2025-03-06 23:48:56,887 - INFO - Elapsed Time: 99.56s | Pan Error: -16.41 | Face Confidence: 74%
2025-03-06 23:48:56,968 - INFO - Elapsed Time: 99.63s | Pan Error: -21.41 | Face Confidence: 88%
2025-03-06 23:48:57,045 - INFO - Elapsed Time: 99.72s | Pan Error: -28.44 | Face Confidence: 83%
2025-03-06 23:48:57,124 - INFO - Elapsed Time: 99.79s | Pan Error: -31.25 | Face Confidence: 81%
2025-03-06 23:48:57,203 - INFO - Elapsed Time: 99.87s | Pan Error: -36.25 | Face Confidence: 64%
2025-03-06 23:48:57,282 - INFO - Elapsed Time: 99.95s | Pan Error: -37.50 | Face Confidence: 70%
2025-03-06 23:48:57,359 - INFO - Elapsed Time: 100.03s | Pan Error: -33.75 | Face Confidence: 56%
2025-03-06 23:48:57,439 - INFO - Elapsed Time: 100.11s | Pan Error: -29.38 | Face Confidence: 63%
2025-03-06 23:48:57,516 - INFO - Elapsed Time: 100.19s | Pan Error: -25.31 | Face Confidence: 76%
2025-03-06 23:48:57,594 - INFO - Elapsed Time: 100.26s | Pan Error: -19.22 | Face Confidence: 68%
2025-03-06 23:48:57,674 - INFO - Elapsed Time: 100.34s | Pan Error: -13.28 | Face Confidence: 68%
2025-03-06 23:48:57,752 - INFO - Elapsed Time: 100.42s | Pan Error: -4.38 | Face Confidence: 53%
2025-03-06 23:48:57,833 - INFO - Elapsed Time: 100.50s | Pan Error: 4.22 | Face Confidence: 57%
2025-03-06 23:48:57,910 - INFO - Elapsed Time: 100.58s | Pan Error: 10.16 | Face Confidence: 78%
2025-03-06 23:48:57,993 - INFO - Elapsed Time: 100.66s | Pan Error: 14.53 | Face Confidence: 81%
2025-03-06 23:48:58,223 - INFO - Elapsed Time: 100.89s | Pan Error: 31.41 | Face Confidence: 85%
2025-03-06 23:48:58,303 - INFO - Elapsed Time: 100.97s | Pan Error: 40.31 | Face Confidence: 85%
2025-03-06 23:48:58,382 - INFO - Elapsed Time: 101.05s | Pan Error: 48.12 | Face Confidence: 88%
2025-03-06 23:48:58,463 - INFO - Elapsed Time: 101.13s | Pan Error: 50.78 | Face Confidence: 88%
2025-03-06 23:48:58,540 - INFO - Elapsed Time: 101.21s | Pan Error: 48.91 | Face Confidence: 90%
2025-03-06 23:48:58,622 - INFO - Elapsed Time: 101.29s | Pan Error: 45.16 | Face Confidence: 91%
2025-03-06 23:48:58,704 - INFO - Elapsed Time: 101.37s | Pan Error: 34.22 | Face Confidence: 89%
2025-03-06 23:48:58,782 - INFO - Elapsed Time: 101.45s | Pan Error: 22.34 | Face Confidence: 78%
2025-03-06 23:48:58,865 - INFO - Elapsed Time: 101.53s | Pan Error: 8.44 | Face Confidence: 83%
2025-03-06 23:48:59,017 - INFO - Elapsed Time: 101.69s | Pan Error: -1.09 | Face Confidence: 73%
2025-03-06 23:48:59,101 - INFO - Elapsed Time: 101.77s | Pan Error: -8.44 | Face Confidence: 71%
2025-03-06 23:48:59,178 - INFO - Elapsed Time: 101.85s | Pan Error: -7.03 | Face Confidence: 58%
2025-03-06 23:48:59,257 - INFO - Elapsed Time: 101.93s | Pan Error: -12.81 | Face Confidence: 80%
2025-03-06 23:48:59,342 - INFO - Elapsed Time: 102.01s | Pan Error: -14.84 | Face Confidence: 79%
2025-03-06 23:48:59,426 - INFO - Elapsed Time: 102.10s | Pan Error: -13.59 | Face Confidence: 80%
2025-03-06 23:48:59,516 - INFO - Elapsed Time: 102.17s | Pan Error: -16.09 | Face Confidence: 67%
2025-03-06 23:48:59,602 - INFO - Elapsed Time: 102.27s | Pan Error: -11.25 | Face Confidence: 79%
2025-03-06 23:48:59,680 - INFO - Elapsed Time: 102.35s | Pan Error: -12.97 | Face Confidence: 79%
2025-03-06 23:48:59,759 - INFO - Elapsed Time: 102.43s | Pan Error: -12.66 | Face Confidence: 77%
2025-03-06 23:49:00,145 - INFO - Stream stats - Frame: 2400, Size: 220069 bytes, Clients: 1
2025-03-06 23:49:00,676 - INFO - Elapsed Time: 103.34s | Pan Error: -47.81 | Face Confidence: 50%
2025-03-06 23:49:00,754 - INFO - Elapsed Time: 103.42s | Pan Error: -49.06 | Face Confidence: 60%
2025-03-06 23:49:00,979 - INFO - Elapsed Time: 103.65s | Pan Error: -17.34 | Face Confidence: 54%
2025-03-06 23:49:01,128 - INFO - Elapsed Time: 103.80s | Pan Error: 13.12 | Face Confidence: 57%
2025-03-06 23:49:01,281 - INFO - Elapsed Time: 103.95s | Pan Error: -15.31 | Face Confidence: 70%
2025-03-06 23:49:01,363 - INFO - Elapsed Time: 104.03s | Pan Error: -13.91 | Face Confidence: 81%
2025-03-06 23:49:01,444 - INFO - Elapsed Time: 104.11s | Pan Error: -13.91 | Face Confidence: 72%
2025-03-06 23:49:07,021 - INFO - Elapsed Time: 109.69s | Pan Error: 0.62 | Face Confidence: 51%
2025-03-06 23:49:07,619 - INFO - Elapsed Time: 110.29s | Pan Error: 21.25 | Face Confidence: 57%
2025-03-06 23:49:07,698 - INFO - Elapsed Time: 110.37s | Pan Error: 17.03 | Face Confidence: 59%
2025-03-06 23:49:09,443 - INFO - Elapsed Time: 112.11s | Pan Error: 10.78 | Face Confidence: 54%
2025-03-06 23:49:09,774 - INFO - Elapsed Time: 112.43s | Pan Error: -4.53 | Face Confidence: 50%
2025-03-06 23:49:10,188 - INFO - Stream stats - Frame: 2700, Size: 255863 bytes, Clients: 1
2025-03-06 23:49:12,347 - INFO - Elapsed Time: 115.02s | Pan Error: -26.56 | Face Confidence: 62%
2025-03-06 23:49:12,427 - INFO - Elapsed Time: 115.10s | Pan Error: -26.72 | Face Confidence: 77%
2025-03-06 23:49:12,507 - INFO - Elapsed Time: 115.17s | Pan Error: -30.31 | Face Confidence: 58%
2025-03-06 23:49:12,585 - INFO - Elapsed Time: 115.25s | Pan Error: -23.44 | Face Confidence: 86%
2025-03-06 23:49:12,737 - INFO - Elapsed Time: 115.41s | Pan Error: -1.56 | Face Confidence: 66%
2025-03-06 23:49:12,814 - INFO - Elapsed Time: 115.48s | Pan Error: 8.75 | Face Confidence: 68%
2025-03-06 23:49:12,969 - INFO - Elapsed Time: 115.63s | Pan Error: 14.22 | Face Confidence: 82%
2025-03-06 23:49:13,047 - INFO - Elapsed Time: 115.72s | Pan Error: 57.19 | Face Confidence: 77%
2025-03-06 23:49:13,126 - INFO - Elapsed Time: 115.79s | Pan Error: 58.75 | Face Confidence: 67%
2025-03-06 23:49:13,204 - INFO - Elapsed Time: 115.87s | Pan Error: 34.06 | Face Confidence: 50%
2025-03-06 23:49:13,281 - INFO - Elapsed Time: 115.95s | Pan Error: 15.16 | Face Confidence: 56%
2025-03-06 23:49:13,361 - INFO - Elapsed Time: 116.03s | Pan Error: -12.50 | Face Confidence: 60%
2025-03-06 23:49:13,516 - INFO - Elapsed Time: 116.18s | Pan Error: -40.31 | Face Confidence: 55%
2025-03-06 23:49:13,595 - INFO - Elapsed Time: 116.26s | Pan Error: -50.16 | Face Confidence: 58%
2025-03-06 23:49:13,677 - INFO - Elapsed Time: 116.34s | Pan Error: -36.88 | Face Confidence: 71%
2025-03-06 23:49:13,756 - INFO - Elapsed Time: 116.43s | Pan Error: -30.16 | Face Confidence: 54%
2025-03-06 23:49:13,840 - INFO - Elapsed Time: 116.50s | Pan Error: -63.91 | Face Confidence: 63%
2025-03-06 23:49:13,920 - INFO - Elapsed Time: 116.59s | Pan Error: -33.75 | Face Confidence: 71%
2025-03-06 23:49:14,158 - INFO - Elapsed Time: 116.82s | Pan Error: 33.75 | Face Confidence: 80%
2025-03-06 23:49:14,238 - INFO - Elapsed Time: 116.91s | Pan Error: 39.84 | Face Confidence: 88%
2025-03-06 23:49:14,317 - INFO - Elapsed Time: 116.99s | Pan Error: 39.69 | Face Confidence: 89%
2025-03-06 23:49:14,395 - INFO - Elapsed Time: 117.07s | Pan Error: -62.81 | Face Confidence: 54%
2025-03-06 23:49:14,475 - INFO - Elapsed Time: 117.14s | Pan Error: 55.78 | Face Confidence: 68%
2025-03-06 23:49:14,557 - INFO - Elapsed Time: 117.23s | Pan Error: 4.53 | Face Confidence: 74%
2025-03-06 23:49:14,635 - INFO - Elapsed Time: 117.30s | Pan Error: 59.22 | Face Confidence: 65%
2025-03-06 23:49:14,713 - INFO - Elapsed Time: 117.38s | Pan Error: -5.31 | Face Confidence: 90%
2025-03-06 23:49:14,807 - INFO - Elapsed Time: 117.46s | Pan Error: 29.53 | Face Confidence: 57%
2025-03-06 23:49:14,894 - INFO - Elapsed Time: 117.56s | Pan Error: -34.69 | Face Confidence: 89%
2025-03-06 23:49:14,973 - INFO - Elapsed Time: 117.64s | Pan Error: 17.66 | Face Confidence: 56%
2025-03-06 23:49:15,054 - INFO - Elapsed Time: 117.72s | Pan Error: -50.62 | Face Confidence: 77%
2025-03-06 23:49:15,135 - INFO - Elapsed Time: 117.80s | Pan Error: -50.62 | Face Confidence: 82%
2025-03-06 23:49:15,221 - INFO - Elapsed Time: 117.89s | Pan Error: -42.66 | Face Confidence: 73%
2025-03-06 23:49:15,303 - INFO - Elapsed Time: 117.97s | Pan Error: 19.06 | Face Confidence: 57%
2025-03-06 23:49:15,384 - INFO - Elapsed Time: 118.05s | Pan Error: 35.78 | Face Confidence: 53%
2025-03-06 23:49:15,466 - INFO - Elapsed Time: 118.13s | Pan Error: 6.56 | Face Confidence: 75%
2025-03-06 23:49:15,551 - INFO - Elapsed Time: 118.22s | Pan Error: 8.75 | Face Confidence: 87%
2025-03-06 23:49:15,704 - INFO - Elapsed Time: 118.37s | Pan Error: -2.34 | Face Confidence: 69%
2025-03-06 23:49:15,785 - INFO - Elapsed Time: 118.45s | Pan Error: -10.94 | Face Confidence: 83%
2025-03-06 23:49:15,865 - INFO - Elapsed Time: 118.53s | Pan Error: -13.12 | Face Confidence: 85%
2025-03-06 23:49:15,946 - INFO - Elapsed Time: 118.62s | Pan Error: -13.44 | Face Confidence: 83%
2025-03-06 23:49:16,027 - INFO - Elapsed Time: 118.69s | Pan Error: -13.75 | Face Confidence: 76%
2025-03-06 23:49:16,105 - INFO - Elapsed Time: 118.78s | Pan Error: -11.88 | Face Confidence: 65%
2025-03-06 23:49:16,188 - INFO - Elapsed Time: 118.86s | Pan Error: -2.03 | Face Confidence: 86%
2025-03-06 23:49:16,268 - INFO - Elapsed Time: 118.94s | Pan Error: 3.12 | Face Confidence: 79%
2025-03-06 23:49:16,348 - INFO - Elapsed Time: 119.02s | Pan Error: 62.03 | Face Confidence: 77%
2025-03-06 23:49:16,428 - INFO - Elapsed Time: 119.10s | Pan Error: 12.97 | Face Confidence: 67%
2025-03-06 23:49:16,506 - INFO - Elapsed Time: 119.18s | Pan Error: 12.66 | Face Confidence: 63%
2025-03-06 23:49:16,663 - INFO - Elapsed Time: 119.33s | Pan Error: 26.41 | Face Confidence: 63%
2025-03-06 23:49:16,740 - INFO - Elapsed Time: 119.41s | Pan Error: -23.12 | Face Confidence: 85%
2025-03-06 23:49:16,819 - INFO - Elapsed Time: 119.49s | Pan Error: -28.59 | Face Confidence: 90%
2025-03-06 23:49:16,901 - INFO - Elapsed Time: 119.57s | Pan Error: -38.12 | Face Confidence: 84%
2025-03-06 23:49:16,986 - INFO - Elapsed Time: 119.65s | Pan Error: -37.19 | Face Confidence: 78%
2025-03-06 23:49:17,150 - INFO - Elapsed Time: 119.82s | Pan Error: -13.44 | Face Confidence: 73%
2025-03-06 23:49:17,234 - INFO - Elapsed Time: 119.90s | Pan Error: 4.69 | Face Confidence: 79%
2025-03-06 23:49:17,312 - INFO - Elapsed Time: 119.98s | Pan Error: 10.00 | Face Confidence: 73%
2025-03-06 23:49:17,396 - INFO - Elapsed Time: 120.06s | Pan Error: 18.28 | Face Confidence: 65%
2025-03-06 23:49:17,477 - INFO - Elapsed Time: 120.15s | Pan Error: 67.66 | Face Confidence: 52%
2025-03-06 23:49:17,558 - INFO - Elapsed Time: 120.22s | Pan Error: 16.88 | Face Confidence: 81%
2025-03-06 23:49:17,639 - INFO - Elapsed Time: 120.30s | Pan Error: 50.94 | Face Confidence: 68%
2025-03-06 23:49:17,791 - INFO - Elapsed Time: 120.46s | Pan Error: 15.31 | Face Confidence: 77%
2025-03-06 23:49:17,869 - INFO - Elapsed Time: 120.54s | Pan Error: -7.03 | Face Confidence: 62%
2025-03-06 23:49:17,946 - INFO - Elapsed Time: 120.62s | Pan Error: -9.53 | Face Confidence: 51%
2025-03-06 23:49:18,027 - INFO - Elapsed Time: 120.69s | Pan Error: -23.59 | Face Confidence: 74%
2025-03-06 23:49:18,105 - INFO - Elapsed Time: 120.77s | Pan Error: -22.97 | Face Confidence: 57%
2025-03-06 23:49:18,408 - INFO - Elapsed Time: 121.08s | Pan Error: -4.38 | Face Confidence: 72%
2025-03-06 23:49:18,491 - INFO - Elapsed Time: 121.16s | Pan Error: -2.34 | Face Confidence: 63%
2025-03-06 23:49:18,719 - INFO - Elapsed Time: 121.39s | Pan Error: -37.66 | Face Confidence: 73%
2025-03-06 23:49:18,800 - INFO - Elapsed Time: 121.47s | Pan Error: 2.66 | Face Confidence: 70%
2025-03-06 23:49:18,877 - INFO - Elapsed Time: 121.55s | Pan Error: 16.25 | Face Confidence: 64%
2025-03-06 23:49:18,960 - INFO - Elapsed Time: 121.63s | Pan Error: 28.44 | Face Confidence: 56%
2025-03-06 23:49:19,037 - INFO - Elapsed Time: 121.71s | Pan Error: 18.91 | Face Confidence: 74%
2025-03-06 23:49:19,116 - INFO - Elapsed Time: 121.78s | Pan Error: 14.06 | Face Confidence: 67%
2025-03-06 23:49:19,270 - INFO - Elapsed Time: 121.94s | Pan Error: -6.25 | Face Confidence: 75%
2025-03-06 23:49:19,347 - INFO - Elapsed Time: 122.02s | Pan Error: -54.53 | Face Confidence: 74%
2025-03-06 23:49:19,424 - INFO - Elapsed Time: 122.09s | Pan Error: -5.78 | Face Confidence: 56%
2025-03-06 23:49:19,506 - INFO - Elapsed Time: 122.17s | Pan Error: -10.31 | Face Confidence: 59%
2025-03-06 23:49:19,586 - INFO - Elapsed Time: 122.25s | Pan Error: 9.69 | Face Confidence: 50%
2025-03-06 23:49:19,668 - INFO - Elapsed Time: 122.33s | Pan Error: 10.47 | Face Confidence: 62%
2025-03-06 23:49:19,904 - INFO - Elapsed Time: 122.56s | Pan Error: 12.19 | Face Confidence: 67%
2025-03-06 23:49:19,991 - INFO - Elapsed Time: 122.66s | Pan Error: -27.50 | Face Confidence: 71%
2025-03-06 23:49:20,073 - INFO - Elapsed Time: 122.74s | Pan Error: 9.22 | Face Confidence: 75%
2025-03-06 23:49:20,152 - INFO - Elapsed Time: 122.82s | Pan Error: 15.31 | Face Confidence: 51%
2025-03-06 23:49:20,233 - INFO - Elapsed Time: 122.90s | Pan Error: 26.88 | Face Confidence: 56%
2025-03-06 23:49:20,246 - INFO - Stream stats - Frame: 3000, Size: 212605 bytes, Clients: 1
2025-03-06 23:49:20,312 - INFO - Elapsed Time: 122.98s | Pan Error: 6.72 | Face Confidence: 71%
2025-03-06 23:49:20,391 - INFO - Elapsed Time: 123.06s | Pan Error: 5.78 | Face Confidence: 75%
2025-03-06 23:49:20,470 - INFO - Elapsed Time: 123.14s | Pan Error: -3.28 | Face Confidence: 57%
2025-03-06 23:49:20,552 - INFO - Elapsed Time: 123.22s | Pan Error: -8.28 | Face Confidence: 53%
2025-03-06 23:49:22,594 - INFO - Elapsed Time: 125.26s | Pan Error: -43.12 | Face Confidence: 60%
2025-03-06 23:49:22,673 - INFO - Elapsed Time: 125.34s | Pan Error: -40.47 | Face Confidence: 57%
2025-03-06 23:49:24,290 - INFO - Elapsed Time: 126.96s | Pan Error: -9.69 | Face Confidence: 55%
2025-03-06 23:49:24,443 - INFO - Elapsed Time: 127.11s | Pan Error: -5.31 | Face Confidence: 50%
2025-03-06 23:49:24,524 - INFO - Elapsed Time: 127.19s | Pan Error: 1.88 | Face Confidence: 51%
2025-03-06 23:49:24,833 - INFO - Elapsed Time: 127.50s | Pan Error: 15.16 | Face Confidence: 53%
2025-03-06 23:49:24,916 - INFO - Elapsed Time: 127.58s | Pan Error: 11.56 | Face Confidence: 50%
2025-03-06 23:49:25,008 - INFO - Elapsed Time: 127.67s | Pan Error: 16.72 | Face Confidence: 54%
2025-03-06 23:49:25,097 - INFO - Elapsed Time: 127.76s | Pan Error: 20.31 | Face Confidence: 57%
2025-03-06 23:49:25,180 - INFO - Elapsed Time: 127.85s | Pan Error: 9.53 | Face Confidence: 69%
2025-03-06 23:49:25,258 - INFO - Elapsed Time: 127.93s | Pan Error: 7.50 | Face Confidence: 60%
2025-03-06 23:49:25,341 - INFO - Elapsed Time: 128.01s | Pan Error: -2.50 | Face Confidence: 55%
2025-03-06 23:49:25,420 - INFO - Elapsed Time: 128.09s | Pan Error: -10.62 | Face Confidence: 55%
2025-03-06 23:49:26,810 - INFO - Elapsed Time: 129.48s | Pan Error: -15.16 | Face Confidence: 55%
2025-03-06 23:49:26,892 - INFO - Elapsed Time: 129.56s | Pan Error: -12.66 | Face Confidence: 55%
2025-03-06 23:49:26,970 - INFO - Elapsed Time: 129.64s | Pan Error: -16.25 | Face Confidence: 74%
2025-03-06 23:49:27,051 - INFO - Elapsed Time: 129.72s | Pan Error: -10.47 | Face Confidence: 61%
2025-03-06 23:49:27,130 - INFO - Elapsed Time: 129.80s | Pan Error: 1.09 | Face Confidence: 53%
2025-03-06 23:49:27,215 - INFO - Elapsed Time: 129.88s | Pan Error: 2.34 | Face Confidence: 67%
2025-03-06 23:49:27,295 - INFO - Elapsed Time: 129.96s | Pan Error: 7.34 | Face Confidence: 68%
2025-03-06 23:49:27,374 - INFO - Elapsed Time: 130.04s | Pan Error: 11.09 | Face Confidence: 54%
2025-03-06 23:49:27,456 - INFO - Elapsed Time: 130.12s | Pan Error: 12.03 | Face Confidence: 52%
2025-03-06 23:49:27,538 - INFO - Elapsed Time: 130.20s | Pan Error: 8.12 | Face Confidence: 64%
2025-03-06 23:49:27,620 - INFO - Elapsed Time: 130.29s | Pan Error: 8.91 | Face Confidence: 66%
2025-03-06 23:49:27,781 - INFO - Elapsed Time: 130.45s | Pan Error: 2.66 | Face Confidence: 56%
2025-03-06 23:49:27,864 - INFO - Elapsed Time: 130.53s | Pan Error: -9.53 | Face Confidence: 67%
2025-03-06 23:49:27,950 - INFO - Elapsed Time: 130.61s | Pan Error: -8.59 | Face Confidence: 70%
2025-03-06 23:49:28,031 - INFO - Elapsed Time: 130.70s | Pan Error: -13.12 | Face Confidence: 66%
2025-03-06 23:49:28,112 - INFO - Elapsed Time: 130.78s | Pan Error: -13.59 | Face Confidence: 66%
2025-03-06 23:49:28,192 - INFO - Elapsed Time: 130.86s | Pan Error: -6.56 | Face Confidence: 52%
2025-03-06 23:49:28,348 - INFO - Elapsed Time: 131.02s | Pan Error: 1.25 | Face Confidence: 65%
2025-03-06 23:49:28,430 - INFO - Elapsed Time: 131.10s | Pan Error: 8.59 | Face Confidence: 59%
2025-03-06 23:49:28,509 - INFO - Elapsed Time: 131.18s | Pan Error: 9.84 | Face Confidence: 54%
2025-03-06 23:49:28,593 - INFO - Elapsed Time: 131.26s | Pan Error: 9.38 | Face Confidence: 62%
2025-03-06 23:49:28,675 - INFO - Elapsed Time: 131.34s | Pan Error: 10.78 | Face Confidence: 62%
2025-03-06 23:49:28,756 - INFO - Elapsed Time: 131.42s | Pan Error: 4.53 | Face Confidence: 66%
2025-03-06 23:49:28,837 - INFO - Elapsed Time: 131.51s | Pan Error: 5.31 | Face Confidence: 52%
2025-03-06 23:49:28,924 - INFO - Elapsed Time: 131.59s | Pan Error: -0.47 | Face Confidence: 55%
2025-03-06 23:49:29,003 - INFO - Elapsed Time: 131.67s | Pan Error: -4.06 | Face Confidence: 66%
2025-03-06 23:49:29,087 - INFO - Elapsed Time: 131.76s | Pan Error: -9.38 | Face Confidence: 75%
2025-03-06 23:49:29,240 - INFO - Elapsed Time: 131.91s | Pan Error: -13.91 | Face Confidence: 52%
2025-03-06 23:49:29,322 - INFO - Elapsed Time: 131.99s | Pan Error: -13.12 | Face Confidence: 71%
2025-03-06 23:49:29,402 - INFO - Elapsed Time: 132.07s | Pan Error: -12.66 | Face Confidence: 66%
2025-03-06 23:49:29,482 - INFO - Elapsed Time: 132.15s | Pan Error: -6.72 | Face Confidence: 57%
2025-03-06 23:49:29,565 - INFO - Elapsed Time: 132.23s | Pan Error: 11.72 | Face Confidence: 61%
2025-03-06 23:49:29,643 - INFO - Elapsed Time: 132.31s | Pan Error: 8.91 | Face Confidence: 60%
2025-03-06 23:49:29,878 - INFO - Elapsed Time: 132.55s | Pan Error: 13.59 | Face Confidence: 56%
2025-03-06 23:49:29,961 - INFO - Elapsed Time: 132.63s | Pan Error: 9.06 | Face Confidence: 52%
2025-03-06 23:49:30,040 - INFO - Elapsed Time: 132.71s | Pan Error: 20.47 | Face Confidence: 69%
2025-03-06 23:49:30,137 - INFO - Elapsed Time: 132.79s | Pan Error: -2.97 | Face Confidence: 61%
2025-03-06 23:49:30,228 - INFO - Elapsed Time: 132.89s | Pan Error: -2.97 | Face Confidence: 74%
2025-03-06 23:49:30,300 - INFO - Stream stats - Frame: 3300, Size: 207638 bytes, Clients: 1
2025-03-06 23:49:30,305 - INFO - Elapsed Time: 132.97s | Pan Error: -12.81 | Face Confidence: 56%
2025-03-06 23:49:30,388 - INFO - Elapsed Time: 133.05s | Pan Error: -17.66 | Face Confidence: 59%
2025-03-06 23:49:30,465 - INFO - Elapsed Time: 133.14s | Pan Error: -10.16 | Face Confidence: 72%
2025-03-06 23:49:30,619 - INFO - Elapsed Time: 133.29s | Pan Error: -16.09 | Face Confidence: 54%
2025-03-06 23:49:32,196 - INFO - Elapsed Time: 134.87s | Pan Error: -6.56 | Face Confidence: 50%
2025-03-06 23:49:32,805 - INFO - Elapsed Time: 135.47s | Pan Error: -5.62 | Face Confidence: 53%
2025-03-06 23:49:32,888 - INFO - Elapsed Time: 135.55s | Pan Error: -5.31 | Face Confidence: 51%
2025-03-06 23:49:33,046 - INFO - Elapsed Time: 135.71s | Pan Error: 73.44 | Face Confidence: 60%
2025-03-06 23:49:33,130 - INFO - Elapsed Time: 135.80s | Pan Error: 9.38 | Face Confidence: 58%
2025-03-06 23:49:33,446 - INFO - Elapsed Time: 136.11s | Pan Error: -23.28 | Face Confidence: 67%
2025-03-06 23:49:33,615 - INFO - Elapsed Time: 136.28s | Pan Error: -14.69 | Face Confidence: 56%
2025-03-06 23:49:33,783 - INFO - Elapsed Time: 136.45s | Pan Error: -29.22 | Face Confidence: 55%
2025-03-06 23:49:33,864 - INFO - Elapsed Time: 136.53s | Pan Error: -35.94 | Face Confidence: 53%
2025-03-06 23:49:34,646 - INFO - Elapsed Time: 137.31s | Pan Error: 24.06 | Face Confidence: 51%
2025-03-06 23:49:34,884 - INFO - Elapsed Time: 137.55s | Pan Error: 12.81 | Face Confidence: 61%
2025-03-06 23:49:34,965 - INFO - Elapsed Time: 137.63s | Pan Error: 8.91 | Face Confidence: 54%
2025-03-06 23:49:35,053 - INFO - Elapsed Time: 137.72s | Pan Error: 10.00 | Face Confidence: 58%
2025-03-06 23:49:38,699 - INFO - Elapsed Time: 141.37s | Pan Error: -15.78 | Face Confidence: 50%
2025-03-06 23:49:38,784 - INFO - Elapsed Time: 141.45s | Pan Error: -15.78 | Face Confidence: 50%
2025-03-06 23:49:38,942 - INFO - Elapsed Time: 141.61s | Pan Error: -11.25 | Face Confidence: 54%
2025-03-06 23:49:39,022 - INFO - Elapsed Time: 141.69s | Pan Error: -13.91 | Face Confidence: 60%
2025-03-06 23:49:39,100 - INFO - Elapsed Time: 141.77s | Pan Error: 0.78 | Face Confidence: 58%
2025-03-06 23:49:39,640 - INFO - Elapsed Time: 142.31s | Pan Error: -1.09 | Face Confidence: 53%
2025-03-06 23:49:39,720 - INFO - Elapsed Time: 142.39s | Pan Error: -1.25 | Face Confidence: 55%
2025-03-06 23:49:39,952 - INFO - Elapsed Time: 142.62s | Pan Error: 58.44 | Face Confidence: 59%
2025-03-06 23:49:40,031 - INFO - Elapsed Time: 142.70s | Pan Error: 58.44 | Face Confidence: 54%
2025-03-06 23:49:40,359 - INFO - Stream stats - Frame: 3600, Size: 174144 bytes, Clients: 1
2025-03-06 23:49:40,654 - INFO - Elapsed Time: 143.32s | Pan Error: 9.06 | Face Confidence: 50%
2025-03-06 23:49:40,886 - INFO - Elapsed Time: 143.55s | Pan Error: 9.84 | Face Confidence: 53%
2025-03-06 23:49:40,969 - INFO - Elapsed Time: 143.64s | Pan Error: 7.34 | Face Confidence: 68%
2025-03-06 23:49:41,126 - INFO - Elapsed Time: 143.79s | Pan Error: 7.03 | Face Confidence: 75%
2025-03-06 23:49:41,280 - INFO - Elapsed Time: 143.95s | Pan Error: 3.44 | Face Confidence: 52%
2025-03-06 23:49:41,361 - INFO - Elapsed Time: 144.03s | Pan Error: -1.09 | Face Confidence: 70%
2025-03-06 23:49:41,450 - INFO - Elapsed Time: 144.11s | Pan Error: -2.81 | Face Confidence: 59%
2025-03-06 23:49:41,610 - INFO - Elapsed Time: 144.28s | Pan Error: -2.03 | Face Confidence: 64%
2025-03-06 23:49:41,694 - INFO - Elapsed Time: 144.36s | Pan Error: -0.78 | Face Confidence: 51%
2025-03-06 23:49:41,773 - INFO - Elapsed Time: 144.44s | Pan Error: -1.41 | Face Confidence: 60%
2025-03-06 23:49:41,859 - INFO - Elapsed Time: 144.53s | Pan Error: -1.56 | Face Confidence: 56%
2025-03-06 23:49:42,014 - INFO - Elapsed Time: 144.68s | Pan Error: -1.56 | Face Confidence: 72%
2025-03-06 23:49:42,095 - INFO - Elapsed Time: 144.76s | Pan Error: -0.94 | Face Confidence: 75%
2025-03-06 23:49:42,178 - INFO - Elapsed Time: 144.84s | Pan Error: -0.94 | Face Confidence: 68%
2025-03-06 23:49:42,261 - INFO - Elapsed Time: 144.93s | Pan Error: -1.41 | Face Confidence: 75%
2025-03-06 23:49:42,338 - INFO - Elapsed Time: 145.01s | Pan Error: 0.62 | Face Confidence: 71%
2025-03-06 23:49:42,424 - INFO - Elapsed Time: 145.09s | Pan Error: -0.31 | Face Confidence: 80%
2025-03-06 23:49:42,504 - INFO - Elapsed Time: 145.17s | Pan Error: 0.31 | Face Confidence: 63%
2025-03-06 23:49:42,584 - INFO - Elapsed Time: 145.25s | Pan Error: -1.41 | Face Confidence: 75%
2025-03-06 23:49:42,662 - INFO - Elapsed Time: 145.33s | Pan Error: -0.47 | Face Confidence: 67%
2025-03-06 23:49:42,814 - INFO - Elapsed Time: 145.48s | Pan Error: 0.16 | Face Confidence: 62%
2025-03-06 23:49:42,898 - INFO - Elapsed Time: 145.56s | Pan Error: -0.16 | Face Confidence: 69%
2025-03-06 23:49:42,978 - INFO - Elapsed Time: 145.65s | Pan Error: 1.56 | Face Confidence: 68%
2025-03-06 23:49:43,132 - INFO - Elapsed Time: 145.80s | Pan Error: 1.56 | Face Confidence: 71%
2025-03-06 23:49:43,213 - INFO - Elapsed Time: 145.88s | Pan Error: 2.34 | Face Confidence: 69%
2025-03-06 23:49:43,294 - INFO - Elapsed Time: 145.96s | Pan Error: 2.19 | Face Confidence: 63%
2025-03-06 23:49:43,377 - INFO - Elapsed Time: 146.04s | Pan Error: 4.69 | Face Confidence: 52%
2025-03-06 23:49:43,456 - INFO - Elapsed Time: 146.12s | Pan Error: 9.38 | Face Confidence: 51%
2025-03-06 23:49:43,541 - INFO - Elapsed Time: 146.21s | Pan Error: 5.62 | Face Confidence: 72%
2025-03-06 23:49:43,623 - INFO - Elapsed Time: 146.29s | Pan Error: 2.03 | Face Confidence: 72%
2025-03-06 23:49:43,703 - INFO - Elapsed Time: 146.37s | Pan Error: -5.31 | Face Confidence: 72%
2025-03-06 23:49:43,785 - INFO - Elapsed Time: 146.45s | Pan Error: -8.28 | Face Confidence: 59%
2025-03-06 23:49:43,865 - INFO - Elapsed Time: 146.53s | Pan Error: -11.25 | Face Confidence: 79%
2025-03-06 23:49:43,944 - INFO - Elapsed Time: 146.61s | Pan Error: -11.09 | Face Confidence: 78%
2025-03-06 23:49:44,169 - INFO - Elapsed Time: 146.84s | Pan Error: 2.19 | Face Confidence: 61%
2025-03-06 23:49:44,247 - INFO - Elapsed Time: 146.92s | Pan Error: 6.88 | Face Confidence: 77%
2025-03-06 23:49:44,326 - INFO - Elapsed Time: 146.99s | Pan Error: -58.44 | Face Confidence: 59%
2025-03-06 23:49:44,403 - INFO - Elapsed Time: 147.07s | Pan Error: 22.19 | Face Confidence: 70%
2025-03-06 23:49:44,483 - INFO - Elapsed Time: 147.15s | Pan Error: -42.50 | Face Confidence: 57%
2025-03-06 23:49:44,561 - INFO - Elapsed Time: 147.23s | Pan Error: -35.00 | Face Confidence: 63%
2025-03-06 23:49:44,641 - INFO - Elapsed Time: 147.31s | Pan Error: -29.69 | Face Confidence: 60%
2025-03-06 23:49:44,879 - INFO - Elapsed Time: 147.54s | Pan Error: -2.66 | Face Confidence: 63%
2025-03-06 23:49:44,960 - INFO - Elapsed Time: 147.63s | Pan Error: -0.31 | Face Confidence: 63%
2025-03-06 23:49:45,046 - INFO - Elapsed Time: 147.71s | Pan Error: 12.81 | Face Confidence: 52%
2025-03-06 23:49:45,130 - INFO - Elapsed Time: 147.79s | Pan Error: -22.66 | Face Confidence: 59%
2025-03-06 23:49:45,217 - INFO - Elapsed Time: 147.88s | Pan Error: -5.31 | Face Confidence: 57%
2025-03-06 23:49:45,305 - INFO - Elapsed Time: 147.96s | Pan Error: 4.69 | Face Confidence: 52%
2025-03-06 23:49:45,402 - INFO - Elapsed Time: 148.06s | Pan Error: 2.66 | Face Confidence: 56%
2025-03-06 23:49:45,495 - INFO - Elapsed Time: 148.16s | Pan Error: -2.19 | Face Confidence: 60%
2025-03-06 23:49:45,578 - INFO - Elapsed Time: 148.25s | Pan Error: 5.16 | Face Confidence: 50%
2025-03-06 23:49:45,662 - INFO - Elapsed Time: 148.33s | Pan Error: 4.06 | Face Confidence: 52%
2025-03-06 23:49:45,744 - INFO - Elapsed Time: 148.41s | Pan Error: 19.06 | Face Confidence: 65%
2025-03-06 23:49:45,825 - INFO - Elapsed Time: 148.49s | Pan Error: -17.19 | Face Confidence: 68%
2025-03-06 23:49:45,905 - INFO - Elapsed Time: 148.57s | Pan Error: 14.37 | Face Confidence: 57%
2025-03-06 23:49:46,062 - INFO - Elapsed Time: 148.73s | Pan Error: 5.62 | Face Confidence: 56%
2025-03-06 23:49:46,141 - INFO - Elapsed Time: 148.81s | Pan Error: -11.56 | Face Confidence: 65%
2025-03-06 23:49:46,301 - INFO - Elapsed Time: 148.97s | Pan Error: -11.88 | Face Confidence: 60%
2025-03-06 23:49:46,385 - INFO - Elapsed Time: 149.05s | Pan Error: -12.50 | Face Confidence: 62%
2025-03-06 23:49:46,541 - INFO - Elapsed Time: 149.21s | Pan Error: -3.12 | Face Confidence: 57%
2025-03-06 23:49:46,627 - INFO - Elapsed Time: 149.29s | Pan Error: -5.78 | Face Confidence: 64%
2025-03-06 23:49:46,710 - INFO - Elapsed Time: 149.38s | Pan Error: -4.38 | Face Confidence: 68%
2025-03-06 23:49:46,868 - INFO - Elapsed Time: 149.54s | Pan Error: 3.28 | Face Confidence: 67%
2025-03-06 23:49:46,953 - INFO - Elapsed Time: 149.62s | Pan Error: 4.53 | Face Confidence: 70%
2025-03-06 23:49:47,032 - INFO - Elapsed Time: 149.70s | Pan Error: 15.47 | Face Confidence: 68%
2025-03-06 23:49:47,116 - INFO - Elapsed Time: 149.78s | Pan Error: 6.41 | Face Confidence: 63%
2025-03-06 23:49:47,201 - INFO - Elapsed Time: 149.87s | Pan Error: 9.69 | Face Confidence: 65%
2025-03-06 23:49:47,285 - INFO - Elapsed Time: 149.95s | Pan Error: 3.28 | Face Confidence: 68%
2025-03-06 23:49:47,365 - INFO - Elapsed Time: 150.03s | Pan Error: 5.00 | Face Confidence: 57%
2025-03-06 23:49:47,446 - INFO - Elapsed Time: 150.11s | Pan Error: -1.56 | Face Confidence: 56%
2025-03-06 23:49:47,529 - INFO - Elapsed Time: 150.19s | Pan Error: -14.84 | Face Confidence: 59%
2025-03-06 23:49:47,612 - INFO - Elapsed Time: 150.28s | Pan Error: -8.28 | Face Confidence: 74%
2025-03-06 23:49:47,693 - INFO - Elapsed Time: 150.36s | Pan Error: -10.62 | Face Confidence: 67%
2025-03-06 23:49:47,774 - INFO - Elapsed Time: 150.44s | Pan Error: -9.53 | Face Confidence: 63%
2025-03-06 23:49:47,859 - INFO - Elapsed Time: 150.53s | Pan Error: 2.34 | Face Confidence: 56%
2025-03-06 23:49:48,701 - INFO - Elapsed Time: 151.37s | Pan Error: -21.56 | Face Confidence: 58%
2025-03-06 23:49:48,783 - INFO - Elapsed Time: 151.45s | Pan Error: -13.75 | Face Confidence: 53%
2025-03-06 23:49:49,094 - INFO - Elapsed Time: 151.76s | Pan Error: 4.84 | Face Confidence: 58%
2025-03-06 23:49:49,546 - INFO - Elapsed Time: 152.21s | Pan Error: 4.38 | Face Confidence: 51%
2025-03-06 23:49:49,779 - INFO - Elapsed Time: 152.45s | Pan Error: 7.34 | Face Confidence: 59%
2025-03-06 23:49:50,089 - INFO - Elapsed Time: 152.76s | Pan Error: 7.97 | Face Confidence: 59%
2025-03-06 23:49:50,175 - INFO - Elapsed Time: 152.84s | Pan Error: 6.56 | Face Confidence: 50%
2025-03-06 23:49:50,256 - INFO - Elapsed Time: 152.92s | Pan Error: 6.09 | Face Confidence: 53%
2025-03-06 23:49:50,341 - INFO - Elapsed Time: 153.01s | Pan Error: 0.62 | Face Confidence: 71%
2025-03-06 23:49:50,410 - INFO - Stream stats - Frame: 3900, Size: 227045 bytes, Clients: 1
2025-03-06 23:49:50,423 - INFO - Elapsed Time: 153.09s | Pan Error: -2.81 | Face Confidence: 66%
2025-03-06 23:49:50,606 - INFO - Elapsed Time: 153.27s | Pan Error: -10.00 | Face Confidence: 54%
2025-03-06 23:49:51,144 - INFO - Elapsed Time: 153.81s | Pan Error: -19.69 | Face Confidence: 53%
2025-03-06 23:49:51,305 - INFO - Elapsed Time: 153.97s | Pan Error: -22.19 | Face Confidence: 66%
2025-03-06 23:49:51,388 - INFO - Elapsed Time: 154.05s | Pan Error: -20.47 | Face Confidence: 52%
2025-03-06 23:49:51,472 - INFO - Elapsed Time: 154.14s | Pan Error: -21.41 | Face Confidence: 65%
2025-03-06 23:49:51,555 - INFO - Elapsed Time: 154.22s | Pan Error: -15.78 | Face Confidence: 60%
2025-03-06 23:49:51,636 - INFO - Elapsed Time: 154.30s | Pan Error: -10.62 | Face Confidence: 62%
2025-03-06 23:49:51,717 - INFO - Elapsed Time: 154.38s | Pan Error: -2.03 | Face Confidence: 74%
2025-03-06 23:49:51,795 - INFO - Elapsed Time: 154.47s | Pan Error: 5.00 | Face Confidence: 76%
2025-03-06 23:49:51,876 - INFO - Elapsed Time: 154.54s | Pan Error: 10.16 | Face Confidence: 72%
2025-03-06 23:49:51,961 - INFO - Elapsed Time: 154.63s | Pan Error: 13.12 | Face Confidence: 61%
2025-03-06 23:49:52,044 - INFO - Elapsed Time: 154.71s | Pan Error: 12.34 | Face Confidence: 63%
2025-03-06 23:49:52,125 - INFO - Elapsed Time: 154.79s | Pan Error: 10.47 | Face Confidence: 77%
2025-03-06 23:49:52,207 - INFO - Elapsed Time: 154.87s | Pan Error: 7.97 | Face Confidence: 67%
2025-03-06 23:49:52,291 - INFO - Elapsed Time: 154.95s | Pan Error: -1.09 | Face Confidence: 56%
2025-03-06 23:49:52,372 - INFO - Elapsed Time: 155.04s | Pan Error: -5.47 | Face Confidence: 58%
2025-03-06 23:49:52,458 - INFO - Elapsed Time: 155.12s | Pan Error: -7.66 | Face Confidence: 62%
2025-03-06 23:49:52,691 - INFO - Elapsed Time: 155.36s | Pan Error: -0.94 | Face Confidence: 59%
2025-03-06 23:49:52,855 - INFO - Elapsed Time: 155.52s | Pan Error: 17.50 | Face Confidence: 53%
2025-03-06 23:49:52,934 - INFO - Elapsed Time: 155.60s | Pan Error: 22.19 | Face Confidence: 78%
2025-03-06 23:49:53,016 - INFO - Elapsed Time: 155.68s | Pan Error: 25.47 | Face Confidence: 56%
2025-03-06 23:49:53,095 - INFO - Elapsed Time: 155.76s | Pan Error: 33.12 | Face Confidence: 69%
2025-03-06 23:49:53,173 - INFO - Elapsed Time: 155.84s | Pan Error: 26.41 | Face Confidence: 65%
2025-03-06 23:49:53,258 - INFO - Elapsed Time: 155.92s | Pan Error: -9.69 | Face Confidence: 51%
2025-03-06 23:49:53,337 - INFO - Elapsed Time: 156.01s | Pan Error: 8.75 | Face Confidence: 54%
2025-03-06 23:49:53,646 - INFO - Elapsed Time: 156.31s | Pan Error: -0.94 | Face Confidence: 61%
2025-03-06 23:49:53,727 - INFO - Elapsed Time: 156.40s | Pan Error: 4.38 | Face Confidence: 55%
2025-03-06 23:49:53,889 - INFO - Elapsed Time: 156.56s | Pan Error: 15.31 | Face Confidence: 50%
2025-03-06 23:49:53,971 - INFO - Elapsed Time: 156.64s | Pan Error: 15.62 | Face Confidence: 78%
2025-03-06 23:49:54,056 - INFO - Elapsed Time: 156.72s | Pan Error: -35.00 | Face Confidence: 62%
2025-03-06 23:49:54,211 - INFO - Elapsed Time: 156.88s | Pan Error: -41.72 | Face Confidence: 58%
2025-03-06 23:49:54,295 - INFO - Elapsed Time: 156.96s | Pan Error: -40.31 | Face Confidence: 66%
2025-03-06 23:49:54,380 - INFO - Elapsed Time: 157.05s | Pan Error: 56.88 | Face Confidence: 58%
2025-03-06 23:49:54,460 - INFO - Elapsed Time: 157.13s | Pan Error: -9.53 | Face Confidence: 52%
2025-03-06 23:49:54,542 - INFO - Elapsed Time: 157.21s | Pan Error: -6.09 | Face Confidence: 65%
2025-03-06 23:49:54,624 - INFO - Elapsed Time: 157.29s | Pan Error: -12.81 | Face Confidence: 60%
2025-03-06 23:49:54,705 - INFO - Elapsed Time: 157.37s | Pan Error: -14.69 | Face Confidence: 58%
2025-03-06 23:49:54,866 - INFO - Elapsed Time: 157.53s | Pan Error: -7.97 | Face Confidence: 64%
2025-03-06 23:49:54,946 - INFO - Elapsed Time: 157.61s | Pan Error: -2.03 | Face Confidence: 61%
2025-03-06 23:49:55,024 - INFO - Elapsed Time: 157.69s | Pan Error: -2.03 | Face Confidence: 55%
2025-03-06 23:49:55,106 - INFO - Elapsed Time: 157.77s | Pan Error: -12.66 | Face Confidence: 50%
2025-03-06 23:49:55,186 - INFO - Elapsed Time: 157.86s | Pan Error: 1.09 | Face Confidence: 50%
2025-03-06 23:49:55,269 - INFO - Elapsed Time: 157.94s | Pan Error: 10.00 | Face Confidence: 70%
2025-03-06 23:49:55,500 - INFO - Elapsed Time: 158.17s | Pan Error: 0.62 | Face Confidence: 57%
2025-03-06 23:49:55,581 - INFO - Elapsed Time: 158.25s | Pan Error: 55.31 | Face Confidence: 53%
2025-03-06 23:49:55,830 - INFO - Elapsed Time: 158.50s | Pan Error: 18.59 | Face Confidence: 59%
2025-03-06 23:49:55,913 - INFO - Elapsed Time: 158.58s | Pan Error: 9.22 | Face Confidence: 63%
2025-03-06 23:49:55,989 - INFO - Elapsed Time: 158.66s | Pan Error: -13.28 | Face Confidence: 51%
2025-03-06 23:49:56,608 - INFO - Elapsed Time: 159.28s | Pan Error: -35.31 | Face Confidence: 59%
2025-03-06 23:49:56,690 - INFO - Elapsed Time: 159.36s | Pan Error: -37.34 | Face Confidence: 63%
2025-03-06 23:49:56,773 - INFO - Elapsed Time: 159.44s | Pan Error: -37.66 | Face Confidence: 54%
2025-03-06 23:49:56,933 - INFO - Elapsed Time: 159.60s | Pan Error: -12.50 | Face Confidence: 78%
2025-03-06 23:49:57,097 - INFO - Elapsed Time: 159.77s | Pan Error: 18.44 | Face Confidence: 52%
2025-03-06 23:49:57,180 - INFO - Elapsed Time: 159.85s | Pan Error: 13.59 | Face Confidence: 66%
2025-03-06 23:49:57,341 - INFO - Elapsed Time: 160.01s | Pan Error: 27.34 | Face Confidence: 60%
2025-03-06 23:49:57,429 - INFO - Elapsed Time: 160.09s | Pan Error: 5.47 | Face Confidence: 58%
2025-03-06 23:49:57,510 - INFO - Elapsed Time: 160.18s | Pan Error: -1.09 | Face Confidence: 76%
2025-03-06 23:49:57,665 - INFO - Elapsed Time: 160.33s | Pan Error: -20.31 | Face Confidence: 74%
2025-03-06 23:49:59,051 - INFO - Elapsed Time: 161.72s | Pan Error: -22.34 | Face Confidence: 50%
2025-03-06 23:50:00,466 - INFO - Stream stats - Frame: 4200, Size: 266083 bytes, Clients: 1
2025-03-06 23:50:01,312 - INFO - Elapsed Time: 163.98s | Pan Error: -8.59 | Face Confidence: 57%
2025-03-06 23:50:01,392 - INFO - Elapsed Time: 164.06s | Pan Error: -9.38 | Face Confidence: 54%
2025-03-06 23:50:01,629 - INFO - Elapsed Time: 164.30s | Pan Error: -0.47 | Face Confidence: 62%
2025-03-06 23:50:01,859 - INFO - Elapsed Time: 164.53s | Pan Error: 1.25 | Face Confidence: 74%
2025-03-06 23:50:02,483 - INFO - Elapsed Time: 165.15s | Pan Error: 11.41 | Face Confidence: 51%
2025-03-06 23:50:02,941 - INFO - Elapsed Time: 165.61s | Pan Error: 9.69 | Face Confidence: 51%
2025-03-06 23:50:03,022 - INFO - Elapsed Time: 165.69s | Pan Error: 8.59 | Face Confidence: 58%
2025-03-06 23:50:03,255 - INFO - Elapsed Time: 165.92s | Pan Error: 2.50 | Face Confidence: 68%
2025-03-06 23:50:03,335 - INFO - Elapsed Time: 166.00s | Pan Error: 6.88 | Face Confidence: 67%
2025-03-06 23:50:03,493 - INFO - Elapsed Time: 166.16s | Pan Error: 1.09 | Face Confidence: 61%
2025-03-06 23:50:03,656 - INFO - Elapsed Time: 166.32s | Pan Error: 7.97 | Face Confidence: 60%
2025-03-06 23:50:03,814 - INFO - Elapsed Time: 166.48s | Pan Error: 12.97 | Face Confidence: 50%
2025-03-06 23:50:03,894 - INFO - Elapsed Time: 166.56s | Pan Error: 0.16 | Face Confidence: 52%
2025-03-06 23:50:03,974 - INFO - Elapsed Time: 166.64s | Pan Error: -8.12 | Face Confidence: 68%
2025-03-06 23:50:04,054 - INFO - Elapsed Time: 166.72s | Pan Error: -21.56 | Face Confidence: 64%
2025-03-06 23:50:04,141 - INFO - Elapsed Time: 166.80s | Pan Error: -19.38 | Face Confidence: 58%
2025-03-06 23:50:04,226 - INFO - Elapsed Time: 166.89s | Pan Error: -10.16 | Face Confidence: 63%
2025-03-06 23:50:04,308 - INFO - Elapsed Time: 166.98s | Pan Error: -15.62 | Face Confidence: 58%
2025-03-06 23:50:04,463 - INFO - Elapsed Time: 167.13s | Pan Error: 2.81 | Face Confidence: 57%
2025-03-06 23:50:04,546 - INFO - Elapsed Time: 167.21s | Pan Error: 11.09 | Face Confidence: 65%
2025-03-06 23:50:04,624 - INFO - Elapsed Time: 167.29s | Pan Error: 9.53 | Face Confidence: 65%
2025-03-06 23:50:04,704 - INFO - Elapsed Time: 167.37s | Pan Error: 6.41 | Face Confidence: 62%
2025-03-06 23:50:04,788 - INFO - Elapsed Time: 167.46s | Pan Error: 12.66 | Face Confidence: 74%
2025-03-06 23:50:04,870 - INFO - Elapsed Time: 167.54s | Pan Error: 20.78 | Face Confidence: 65%
2025-03-06 23:50:04,951 - INFO - Elapsed Time: 167.62s | Pan Error: 7.97 | Face Confidence: 57%
2025-03-06 23:50:05,183 - INFO - Elapsed Time: 167.85s | Pan Error: -13.59 | Face Confidence: 67%
2025-03-06 23:50:05,263 - INFO - Elapsed Time: 167.93s | Pan Error: -12.34 | Face Confidence: 72%
2025-03-06 23:50:05,345 - INFO - Elapsed Time: 168.01s | Pan Error: -6.88 | Face Confidence: 71%
2025-03-06 23:50:05,430 - INFO - Elapsed Time: 168.09s | Pan Error: -13.59 | Face Confidence: 63%
2025-03-06 23:50:05,509 - INFO - Elapsed Time: 168.18s | Pan Error: -15.16 | Face Confidence: 67%
2025-03-06 23:50:05,594 - INFO - Elapsed Time: 168.26s | Pan Error: -3.12 | Face Confidence: 64%
2025-03-06 23:50:05,677 - INFO - Elapsed Time: 168.34s | Pan Error: -0.78 | Face Confidence: 51%
2025-03-06 23:50:05,756 - INFO - Elapsed Time: 168.43s | Pan Error: 0.16 | Face Confidence: 55%
2025-03-06 23:50:05,851 - INFO - Elapsed Time: 168.50s | Pan Error: 19.53 | Face Confidence: 51%
2025-03-06 23:50:05,940 - INFO - Elapsed Time: 168.61s | Pan Error: 11.25 | Face Confidence: 67%
2025-03-06 23:50:06,169 - INFO - Elapsed Time: 168.84s | Pan Error: -3.44 | Face Confidence: 71%
2025-03-06 23:50:06,252 - INFO - Elapsed Time: 168.92s | Pan Error: -4.22 | Face Confidence: 67%
2025-03-06 23:50:06,339 - INFO - Elapsed Time: 169.00s | Pan Error: -7.81 | Face Confidence: 64%
2025-03-06 23:50:06,419 - INFO - Elapsed Time: 169.09s | Pan Error: -6.72 | Face Confidence: 56%
2025-03-06 23:50:06,503 - INFO - Elapsed Time: 169.17s | Pan Error: -6.25 | Face Confidence: 64%
2025-03-06 23:50:06,584 - INFO - Elapsed Time: 169.25s | Pan Error: -3.28 | Face Confidence: 68%
2025-03-06 23:50:06,669 - INFO - Elapsed Time: 169.34s | Pan Error: -1.25 | Face Confidence: 62%
2025-03-06 23:50:06,752 - INFO - Elapsed Time: 169.42s | Pan Error: -4.38 | Face Confidence: 57%
2025-03-06 23:50:06,836 - INFO - Elapsed Time: 169.50s | Pan Error: 0.16 | Face Confidence: 65%
2025-03-06 23:50:06,917 - INFO - Elapsed Time: 169.59s | Pan Error: 5.78 | Face Confidence: 74%
2025-03-06 23:50:06,998 - INFO - Elapsed Time: 169.67s | Pan Error: 6.72 | Face Confidence: 51%
2025-03-06 23:50:07,316 - INFO - Elapsed Time: 169.98s | Pan Error: -13.75 | Face Confidence: 59%
2025-03-06 23:50:07,401 - INFO - Elapsed Time: 170.06s | Pan Error: -14.53 | Face Confidence: 58%
2025-03-06 23:50:07,559 - INFO - Elapsed Time: 170.23s | Pan Error: 7.34 | Face Confidence: 51%
2025-03-06 23:50:08,435 - INFO - Elapsed Time: 171.10s | Pan Error: 13.59 | Face Confidence: 61%
2025-03-06 23:50:08,521 - INFO - Elapsed Time: 171.18s | Pan Error: 16.88 | Face Confidence: 62%
2025-03-06 23:50:08,604 - INFO - Elapsed Time: 171.27s | Pan Error: 6.09 | Face Confidence: 72%
2025-03-06 23:50:08,685 - INFO - Elapsed Time: 171.35s | Pan Error: 15.00 | Face Confidence: 60%
2025-03-06 23:50:08,769 - INFO - Elapsed Time: 171.43s | Pan Error: 7.34 | Face Confidence: 59%
2025-03-06 23:50:08,855 - INFO - Elapsed Time: 171.52s | Pan Error: 1.41 | Face Confidence: 61%
2025-03-06 23:50:08,938 - INFO - Elapsed Time: 171.60s | Pan Error: -6.56 | Face Confidence: 52%
2025-03-06 23:50:09,023 - INFO - Elapsed Time: 171.69s | Pan Error: 11.88 | Face Confidence: 54%
2025-03-06 23:50:09,102 - INFO - Elapsed Time: 171.77s | Pan Error: -15.62 | Face Confidence: 58%
2025-03-06 23:50:09,190 - INFO - Elapsed Time: 171.85s | Pan Error: -10.31 | Face Confidence: 55%
2025-03-06 23:50:09,271 - INFO - Elapsed Time: 171.94s | Pan Error: -12.50 | Face Confidence: 69%
2025-03-06 23:50:09,355 - INFO - Elapsed Time: 172.02s | Pan Error: -24.22 | Face Confidence: 60%
2025-03-06 23:50:09,511 - INFO - Elapsed Time: 172.18s | Pan Error: -13.44 | Face Confidence: 57%
2025-03-06 23:50:09,591 - INFO - Elapsed Time: 172.26s | Pan Error: -2.34 | Face Confidence: 59%
2025-03-06 23:50:09,669 - INFO - Elapsed Time: 172.34s | Pan Error: -5.16 | Face Confidence: 53%
2025-03-06 23:50:09,757 - INFO - Elapsed Time: 172.42s | Pan Error: 8.28 | Face Confidence: 70%
2025-03-06 23:50:09,835 - INFO - Elapsed Time: 172.50s | Pan Error: 3.12 | Face Confidence: 70%
2025-03-06 23:50:10,436 - INFO - Elapsed Time: 173.11s | Pan Error: -31.72 | Face Confidence: 51%
2025-03-06 23:50:10,518 - INFO - Elapsed Time: 173.19s | Pan Error: -25.16 | Face Confidence: 54%
2025-03-06 23:50:10,529 - INFO - Stream stats - Frame: 4500, Size: 170227 bytes, Clients: 1
2025-03-06 23:50:12,753 - INFO - Elapsed Time: 175.42s | Pan Error: 34.69 | Face Confidence: 50%
2025-03-06 23:50:12,836 - INFO - Elapsed Time: 175.50s | Pan Error: 36.56 | Face Confidence: 67%
2025-03-06 23:50:15,033 - INFO - Elapsed Time: 177.70s | Pan Error: 5.31 | Face Confidence: 53%
2025-03-06 23:50:20,580 - INFO - Stream stats - Frame: 4800, Size: 210313 bytes, Clients: 1
2025-03-06 23:50:22,659 - INFO - Elapsed Time: 185.33s | Pan Error: -17.66 | Face Confidence: 57%
2025-03-06 23:50:22,743 - INFO - Elapsed Time: 185.41s | Pan Error: -16.88 | Face Confidence: 53%
2025-03-06 23:50:22,825 - INFO - Elapsed Time: 185.49s | Pan Error: -16.72 | Face Confidence: 76%
2025-03-06 23:50:22,906 - INFO - Elapsed Time: 185.58s | Pan Error: -17.34 | Face Confidence: 65%
2025-03-06 23:50:22,986 - INFO - Elapsed Time: 185.66s | Pan Error: -11.56 | Face Confidence: 79%
2025-03-06 23:50:23,068 - INFO - Elapsed Time: 185.74s | Pan Error: -3.28 | Face Confidence: 77%
2025-03-06 23:50:23,147 - INFO - Elapsed Time: 185.82s | Pan Error: 1.72 | Face Confidence: 69%
2025-03-06 23:50:23,224 - INFO - Elapsed Time: 185.89s | Pan Error: 11.09 | Face Confidence: 88%
2025-03-06 23:50:23,304 - INFO - Elapsed Time: 185.97s | Pan Error: 19.38 | Face Confidence: 84%
2025-03-06 23:50:23,381 - INFO - Elapsed Time: 186.05s | Pan Error: 19.06 | Face Confidence: 90%
2025-03-06 23:50:23,466 - INFO - Elapsed Time: 186.13s | Pan Error: 20.94 | Face Confidence: 80%
2025-03-06 23:50:23,547 - INFO - Elapsed Time: 186.21s | Pan Error: 16.72 | Face Confidence: 84%
2025-03-06 23:50:23,630 - INFO - Elapsed Time: 186.29s | Pan Error: 13.59 | Face Confidence: 79%
2025-03-06 23:50:23,712 - INFO - Elapsed Time: 186.38s | Pan Error: 6.25 | Face Confidence: 87%
2025-03-06 23:50:23,792 - INFO - Elapsed Time: 186.46s | Pan Error: -3.75 | Face Confidence: 88%
2025-03-06 23:50:23,873 - INFO - Elapsed Time: 186.54s | Pan Error: -10.78 | Face Confidence: 77%
2025-03-06 23:50:23,953 - INFO - Elapsed Time: 186.62s | Pan Error: -14.06 | Face Confidence: 83%
2025-03-06 23:50:24,037 - INFO - Elapsed Time: 186.70s | Pan Error: -19.38 | Face Confidence: 85%
2025-03-06 23:50:24,116 - INFO - Elapsed Time: 186.79s | Pan Error: -24.84 | Face Confidence: 78%
2025-03-06 23:50:24,199 - INFO - Elapsed Time: 186.87s | Pan Error: -26.56 | Face Confidence: 86%
2025-03-06 23:50:24,279 - INFO - Elapsed Time: 186.95s | Pan Error: -25.16 | Face Confidence: 85%
2025-03-06 23:50:24,363 - INFO - Elapsed Time: 187.03s | Pan Error: -20.00 | Face Confidence: 89%
2025-03-06 23:50:24,446 - INFO - Elapsed Time: 187.11s | Pan Error: -15.00 | Face Confidence: 53%
2025-03-06 23:50:24,527 - INFO - Elapsed Time: 187.19s | Pan Error: -10.47 | Face Confidence: 69%
2025-03-06 23:50:24,608 - INFO - Elapsed Time: 187.27s | Pan Error: -6.09 | Face Confidence: 79%
2025-03-06 23:50:24,686 - INFO - Elapsed Time: 187.36s | Pan Error: -3.12 | Face Confidence: 89%
2025-03-06 23:50:24,765 - INFO - Elapsed Time: 187.43s | Pan Error: 1.41 | Face Confidence: 73%
2025-03-06 23:50:24,846 - INFO - Elapsed Time: 187.51s | Pan Error: 3.44 | Face Confidence: 67%
2025-03-06 23:50:24,927 - INFO - Elapsed Time: 187.59s | Pan Error: 4.84 | Face Confidence: 79%
2025-03-06 23:50:25,009 - INFO - Elapsed Time: 187.68s | Pan Error: 9.06 | Face Confidence: 78%
2025-03-06 23:50:25,086 - INFO - Elapsed Time: 187.76s | Pan Error: 9.22 | Face Confidence: 65%
2025-03-06 23:50:25,320 - INFO - Elapsed Time: 187.99s | Pan Error: 11.25 | Face Confidence: 63%
2025-03-06 23:50:25,400 - INFO - Elapsed Time: 188.07s | Pan Error: 16.25 | Face Confidence: 71%
2025-03-06 23:50:25,554 - INFO - Elapsed Time: 188.22s | Pan Error: 13.91 | Face Confidence: 75%
2025-03-06 23:50:25,638 - INFO - Elapsed Time: 188.30s | Pan Error: 11.72 | Face Confidence: 83%
2025-03-06 23:50:25,725 - INFO - Elapsed Time: 188.39s | Pan Error: 12.97 | Face Confidence: 81%
2025-03-06 23:50:25,962 - INFO - Elapsed Time: 188.63s | Pan Error: 11.72 | Face Confidence: 82%
2025-03-06 23:50:26,045 - INFO - Elapsed Time: 188.71s | Pan Error: 12.34 | Face Confidence: 82%
2025-03-06 23:50:26,126 - INFO - Elapsed Time: 188.79s | Pan Error: 15.94 | Face Confidence: 70%
2025-03-06 23:50:26,217 - INFO - Elapsed Time: 188.88s | Pan Error: 11.41 | Face Confidence: 68%
2025-03-06 23:50:26,313 - INFO - Elapsed Time: 188.97s | Pan Error: 13.28 | Face Confidence: 67%
2025-03-06 23:50:26,394 - INFO - Elapsed Time: 189.06s | Pan Error: 9.53 | Face Confidence: 64%
2025-03-06 23:50:26,627 - INFO - Elapsed Time: 189.30s | Pan Error: -4.22 | Face Confidence: 81%
2025-03-06 23:50:26,707 - INFO - Elapsed Time: 189.37s | Pan Error: -4.06 | Face Confidence: 58%
2025-03-06 23:50:26,787 - INFO - Elapsed Time: 189.45s | Pan Error: -10.47 | Face Confidence: 83%
2025-03-06 23:50:26,866 - INFO - Elapsed Time: 189.54s | Pan Error: -11.25 | Face Confidence: 77%
2025-03-06 23:50:26,948 - INFO - Elapsed Time: 189.62s | Pan Error: -13.44 | Face Confidence: 83%
2025-03-06 23:50:27,031 - INFO - Elapsed Time: 189.70s | Pan Error: -12.66 | Face Confidence: 84%
2025-03-06 23:50:27,114 - INFO - Elapsed Time: 189.78s | Pan Error: -15.00 | Face Confidence: 90%
2025-03-06 23:50:27,192 - INFO - Elapsed Time: 189.86s | Pan Error: -16.56 | Face Confidence: 90%
2025-03-06 23:50:27,270 - INFO - Elapsed Time: 189.94s | Pan Error: -17.03 | Face Confidence: 92%
2025-03-06 23:50:27,351 - INFO - Elapsed Time: 190.02s | Pan Error: -15.16 | Face Confidence: 89%
2025-03-06 23:50:27,432 - INFO - Elapsed Time: 190.10s | Pan Error: -13.12 | Face Confidence: 88%
2025-03-06 23:50:27,517 - INFO - Elapsed Time: 190.18s | Pan Error: -11.56 | Face Confidence: 73%
2025-03-06 23:50:27,597 - INFO - Elapsed Time: 190.26s | Pan Error: -9.69 | Face Confidence: 87%
2025-03-06 23:50:27,677 - INFO - Elapsed Time: 190.34s | Pan Error: -6.41 | Face Confidence: 74%
2025-03-06 23:50:27,761 - INFO - Elapsed Time: 190.43s | Pan Error: -9.38 | Face Confidence: 66%
2025-03-06 23:50:27,845 - INFO - Elapsed Time: 190.51s | Pan Error: -6.41 | Face Confidence: 58%
2025-03-06 23:50:27,923 - INFO - Elapsed Time: 190.59s | Pan Error: -14.84 | Face Confidence: 86%
2025-03-06 23:50:28,004 - INFO - Elapsed Time: 190.67s | Pan Error: -16.72 | Face Confidence: 84%
2025-03-06 23:50:28,086 - INFO - Elapsed Time: 190.75s | Pan Error: -20.16 | Face Confidence: 71%
2025-03-06 23:50:28,247 - INFO - Elapsed Time: 190.91s | Pan Error: -24.53 | Face Confidence: 65%
2025-03-06 23:50:28,329 - INFO - Elapsed Time: 191.00s | Pan Error: -17.34 | Face Confidence: 62%
2025-03-06 23:50:28,415 - INFO - Elapsed Time: 191.08s | Pan Error: -15.78 | Face Confidence: 74%
2025-03-06 23:50:28,497 - INFO - Elapsed Time: 191.16s | Pan Error: -4.38 | Face Confidence: 70%
2025-03-06 23:50:28,650 - INFO - Elapsed Time: 191.32s | Pan Error: 8.59 | Face Confidence: 71%
2025-03-06 23:50:28,732 - INFO - Elapsed Time: 191.40s | Pan Error: 16.72 | Face Confidence: 89%
2025-03-06 23:50:28,812 - INFO - Elapsed Time: 191.48s | Pan Error: 22.19 | Face Confidence: 50%
2025-03-06 23:50:28,896 - INFO - Elapsed Time: 191.56s | Pan Error: 23.75 | Face Confidence: 77%
2025-03-06 23:50:28,975 - INFO - Elapsed Time: 191.64s | Pan Error: 27.19 | Face Confidence: 56%
2025-03-06 23:50:29,059 - INFO - Elapsed Time: 191.73s | Pan Error: 26.25 | Face Confidence: 59%
2025-03-06 23:50:30,641 - INFO - Stream stats - Frame: 5100, Size: 133506 bytes, Clients: 1
2025-03-06 23:50:32,020 - INFO - Elapsed Time: 194.69s | Pan Error: 72.19 | Face Confidence: 64%
2025-03-06 23:50:32,100 - INFO - Elapsed Time: 194.77s | Pan Error: 71.72 | Face Confidence: 76%
2025-03-06 23:50:32,179 - INFO - Elapsed Time: 194.85s | Pan Error: 69.38 | Face Confidence: 69%
2025-03-06 23:50:32,257 - INFO - Elapsed Time: 194.93s | Pan Error: -60.47 | Face Confidence: 51%
2025-03-06 23:50:36,388 - INFO - Elapsed Time: 199.06s | Pan Error: -42.34 | Face Confidence: 52%
2025-03-06 23:50:36,490 - INFO - Elapsed Time: 199.14s | Pan Error: -42.50 | Face Confidence: 59%
2025-03-06 23:50:36,644 - INFO - Elapsed Time: 199.31s | Pan Error: -3.59 | Face Confidence: 62%
2025-03-06 23:50:36,722 - INFO - Elapsed Time: 199.39s | Pan Error: 50.94 | Face Confidence: 89%
2025-03-06 23:50:36,803 - INFO - Elapsed Time: 199.47s | Pan Error: -31.41 | Face Confidence: 79%
2025-03-06 23:50:36,880 - INFO - Elapsed Time: 199.55s | Pan Error: 51.09 | Face Confidence: 78%
2025-03-06 23:50:37,118 - INFO - Elapsed Time: 199.79s | Pan Error: -35.94 | Face Confidence: 83%
2025-03-06 23:50:37,199 - INFO - Elapsed Time: 199.87s | Pan Error: -36.25 | Face Confidence: 86%
2025-03-06 23:50:37,281 - INFO - Elapsed Time: 199.95s | Pan Error: 37.34 | Face Confidence: 81%
2025-03-06 23:50:37,362 - INFO - Elapsed Time: 200.03s | Pan Error: -30.00 | Face Confidence: 81%
2025-03-06 23:50:37,444 - INFO - Elapsed Time: 200.11s | Pan Error: -26.25 | Face Confidence: 74%
2025-03-06 23:50:37,523 - INFO - Elapsed Time: 200.19s | Pan Error: 46.41 | Face Confidence: 84%
2025-03-06 23:50:37,603 - INFO - Elapsed Time: 200.27s | Pan Error: 48.44 | Face Confidence: 83%
2025-03-06 23:50:37,690 - INFO - Elapsed Time: 200.36s | Pan Error: 50.94 | Face Confidence: 87%
2025-03-06 23:50:37,773 - INFO - Elapsed Time: 200.44s | Pan Error: -27.34 | Face Confidence: 64%
2025-03-06 23:50:37,858 - INFO - Elapsed Time: 200.52s | Pan Error: -45.78 | Face Confidence: 71%
2025-03-06 23:50:37,941 - INFO - Elapsed Time: 200.61s | Pan Error: -54.06 | Face Confidence: 71%
2025-03-06 23:50:38,022 - INFO - Elapsed Time: 200.69s | Pan Error: -54.06 | Face Confidence: 84%
2025-03-06 23:50:38,101 - INFO - Elapsed Time: 200.77s | Pan Error: -48.28 | Face Confidence: 65%
2025-03-06 23:50:38,181 - INFO - Elapsed Time: 200.85s | Pan Error: -36.41 | Face Confidence: 76%
2025-03-06 23:50:38,260 - INFO - Elapsed Time: 200.93s | Pan Error: -24.84 | Face Confidence: 84%
2025-03-06 23:50:38,342 - INFO - Elapsed Time: 201.01s | Pan Error: -16.72 | Face Confidence: 74%
2025-03-06 23:50:38,425 - INFO - Elapsed Time: 201.09s | Pan Error: -0.94 | Face Confidence: 80%
2025-03-06 23:50:38,510 - INFO - Elapsed Time: 201.18s | Pan Error: 5.94 | Face Confidence: 85%
2025-03-06 23:50:38,592 - INFO - Elapsed Time: 201.26s | Pan Error: 13.59 | Face Confidence: 84%
2025-03-06 23:50:38,675 - INFO - Elapsed Time: 201.34s | Pan Error: 15.31 | Face Confidence: 87%
2025-03-06 23:50:38,752 - INFO - Elapsed Time: 201.42s | Pan Error: 17.81 | Face Confidence: 87%
2025-03-06 23:50:38,832 - INFO - Elapsed Time: 201.50s | Pan Error: 17.03 | Face Confidence: 84%
2025-03-06 23:50:38,910 - INFO - Elapsed Time: 201.58s | Pan Error: 13.59 | Face Confidence: 79%
2025-03-06 23:50:38,995 - INFO - Elapsed Time: 201.66s | Pan Error: 7.97 | Face Confidence: 85%
2025-03-06 23:50:39,075 - INFO - Elapsed Time: 201.74s | Pan Error: 5.00 | Face Confidence: 79%
2025-03-06 23:50:39,157 - INFO - Elapsed Time: 201.83s | Pan Error: 2.66 | Face Confidence: 57%
2025-03-06 23:50:39,240 - INFO - Elapsed Time: 201.91s | Pan Error: -2.34 | Face Confidence: 75%
2025-03-06 23:50:39,322 - INFO - Elapsed Time: 201.99s | Pan Error: -6.88 | Face Confidence: 85%
2025-03-06 23:50:39,405 - INFO - Elapsed Time: 202.07s | Pan Error: -10.47 | Face Confidence: 78%
2025-03-06 23:50:39,484 - INFO - Elapsed Time: 202.15s | Pan Error: -6.41 | Face Confidence: 86%
2025-03-06 23:50:39,565 - INFO - Elapsed Time: 202.23s | Pan Error: -6.25 | Face Confidence: 86%
2025-03-06 23:50:39,645 - INFO - Elapsed Time: 202.32s | Pan Error: -3.44 | Face Confidence: 83%
2025-03-06 23:50:39,728 - INFO - Elapsed Time: 202.39s | Pan Error: 0.00 | Face Confidence: 78%
2025-03-06 23:50:39,811 - INFO - Elapsed Time: 202.48s | Pan Error: 0.00 | Face Confidence: 81%
2025-03-06 23:50:39,896 - INFO - Elapsed Time: 202.56s | Pan Error: 1.41 | Face Confidence: 75%
2025-03-06 23:50:39,976 - INFO - Elapsed Time: 202.65s | Pan Error: 1.88 | Face Confidence: 79%
2025-03-06 23:50:40,061 - INFO - Elapsed Time: 202.73s | Pan Error: 0.16 | Face Confidence: 79%
2025-03-06 23:50:40,141 - INFO - Elapsed Time: 202.81s | Pan Error: 3.59 | Face Confidence: 77%
2025-03-06 23:50:40,229 - INFO - Elapsed Time: 202.89s | Pan Error: 3.28 | Face Confidence: 87%
2025-03-06 23:50:40,310 - INFO - Elapsed Time: 202.98s | Pan Error: 2.34 | Face Confidence: 87%
2025-03-06 23:50:40,393 - INFO - Elapsed Time: 203.06s | Pan Error: 2.66 | Face Confidence: 82%
2025-03-06 23:50:40,476 - INFO - Elapsed Time: 203.14s | Pan Error: 1.56 | Face Confidence: 82%
2025-03-06 23:50:40,555 - INFO - Elapsed Time: 203.22s | Pan Error: 1.56 | Face Confidence: 77%
2025-03-06 23:50:40,637 - INFO - Elapsed Time: 203.30s | Pan Error: 3.28 | Face Confidence: 54%
2025-03-06 23:50:40,704 - INFO - Stream stats - Frame: 5400, Size: 240887 bytes, Clients: 1
2025-03-06 23:50:40,716 - INFO - Elapsed Time: 203.39s | Pan Error: 4.06 | Face Confidence: 68%
2025-03-06 23:50:40,799 - INFO - Elapsed Time: 203.47s | Pan Error: 1.09 | Face Confidence: 75%
2025-03-06 23:50:40,878 - INFO - Elapsed Time: 203.55s | Pan Error: -0.16 | Face Confidence: 73%
2025-03-06 23:50:40,960 - INFO - Elapsed Time: 203.63s | Pan Error: -4.53 | Face Confidence: 77%
2025-03-06 23:50:41,042 - INFO - Elapsed Time: 203.71s | Pan Error: -4.38 | Face Confidence: 78%
2025-03-06 23:50:41,121 - INFO - Elapsed Time: 203.79s | Pan Error: -4.53 | Face Confidence: 57%
2025-03-06 23:50:41,281 - INFO - Elapsed Time: 203.95s | Pan Error: -5.00 | Face Confidence: 73%
2025-03-06 23:50:41,365 - INFO - Elapsed Time: 204.03s | Pan Error: -2.66 | Face Confidence: 65%
2025-03-06 23:50:41,539 - INFO - Elapsed Time: 204.19s | Pan Error: 0.00 | Face Confidence: 58%
2025-03-06 23:50:41,632 - INFO - Elapsed Time: 204.30s | Pan Error: -0.47 | Face Confidence: 79%
2025-03-06 23:50:41,790 - INFO - Elapsed Time: 204.46s | Pan Error: -2.34 | Face Confidence: 77%
2025-03-06 23:50:41,874 - INFO - Elapsed Time: 204.54s | Pan Error: 1.56 | Face Confidence: 65%
2025-03-06 23:50:41,955 - INFO - Elapsed Time: 204.62s | Pan Error: -2.34 | Face Confidence: 73%
2025-03-06 23:50:42,034 - INFO - Elapsed Time: 204.70s | Pan Error: -0.47 | Face Confidence: 79%
2025-03-06 23:50:42,115 - INFO - Elapsed Time: 204.78s | Pan Error: 1.09 | Face Confidence: 65%
2025-03-06 23:50:42,195 - INFO - Elapsed Time: 204.86s | Pan Error: 2.50 | Face Confidence: 53%
2025-03-06 23:50:42,277 - INFO - Elapsed Time: 204.95s | Pan Error: 4.53 | Face Confidence: 57%
2025-03-06 23:50:42,439 - INFO - Elapsed Time: 205.11s | Pan Error: 2.34 | Face Confidence: 51%
2025-03-06 23:50:42,520 - INFO - Elapsed Time: 205.19s | Pan Error: -3.28 | Face Confidence: 78%
2025-03-06 23:50:42,604 - INFO - Elapsed Time: 205.27s | Pan Error: -6.72 | Face Confidence: 85%
2025-03-06 23:50:42,685 - INFO - Elapsed Time: 205.35s | Pan Error: -6.72 | Face Confidence: 82%
2025-03-06 23:50:42,765 - INFO - Elapsed Time: 205.43s | Pan Error: -9.53 | Face Confidence: 69%
2025-03-06 23:50:42,845 - INFO - Elapsed Time: 205.51s | Pan Error: -11.25 | Face Confidence: 71%
2025-03-06 23:50:42,927 - INFO - Elapsed Time: 205.59s | Pan Error: -5.94 | Face Confidence: 68%
2025-03-06 23:50:43,083 - INFO - Elapsed Time: 205.75s | Pan Error: -2.97 | Face Confidence: 89%
2025-03-06 23:50:43,164 - INFO - Elapsed Time: 205.83s | Pan Error: -2.50 | Face Confidence: 78%
2025-03-06 23:50:43,249 - INFO - Elapsed Time: 205.91s | Pan Error: -1.25 | Face Confidence: 71%
2025-03-06 23:50:43,336 - INFO - Elapsed Time: 206.00s | Pan Error: -1.56 | Face Confidence: 83%
2025-03-06 23:50:43,418 - INFO - Elapsed Time: 206.09s | Pan Error: -0.31 | Face Confidence: 77%
2025-03-06 23:50:43,456 - INFO - Camera stopped
2025-03-06 23:50:43,463 - INFO - Camera closed successfully.
