2025-03-13 00:24:53,756 - INFO - Face tracking logging system initialized.
2025-03-13 00:24:53,807 - INFO - Initialization successful.
2025-03-13 00:24:53,807 - INFO - Camera now open.
2025-03-13 00:24:53,812 - INFO - Camera configuration has been adjusted!
2025-03-13 00:24:53,814 - INFO - Configuration successful!
2025-03-13 00:24:53,861 - INFO - Camera started
2025-03-13 00:24:53,874 - INFO - [31m[1mWARNING: This is a development server. Do not use it in a production deployment. Use a production WSGI server instead.[0m
 * Running on all addresses (0.0.0.0)
 * Running on http://127.0.0.1:5000
 * Running on http://172.20.10.4:5000
2025-03-13 00:24:53,875 - INFO - [33mPress CTRL+C to quit[0m
2025-03-13 00:24:54,073 - INFO - Stream stats - Frame: 0, Size: 192516 bytes, Clients: 0
2025-03-13 00:25:05,844 - INFO - 172.20.10.2 - - [13/Mar/2025 00:25:05] "GET / HTTP/1.1" 200 -
2025-03-13 00:25:05,927 - INFO - Client connected. Total clients: 1
2025-03-13 00:25:06,035 - INFO - 172.20.10.2 - - [13/Mar/2025 00:25:06] "GET /video_feed HTTP/1.1" 200 -
2025-03-13 00:25:06,550 - INFO - Elapsed Time: 12.65s | Pan Error: -44.22 | Face Confidence: 53%
2025-03-13 00:25:06,640 - INFO - Elapsed Time: 12.74s | Pan Error: -51.25 | Face Confidence: 57%
2025-03-13 00:25:06,900 - INFO - Elapsed Time: 13.00s | Pan Error: -83.59 | Face Confidence: 73%
2025-03-13 00:25:06,989 - INFO - Elapsed Time: 13.09s | Pan Error: -75.47 | Face Confidence: 84%
2025-03-13 00:25:07,251 - INFO - Elapsed Time: 13.35s | Pan Error: 1.88 | Face Confidence: 73%
2025-03-13 00:25:07,337 - INFO - Elapsed Time: 13.44s | Pan Error: 11.72 | Face Confidence: 61%
2025-03-13 00:25:07,430 - INFO - Elapsed Time: 13.53s | Pan Error: 14.22 | Face Confidence: 75%
2025-03-13 00:25:07,516 - INFO - Elapsed Time: 13.62s | Pan Error: 13.12 | Face Confidence: 61%
2025-03-13 00:25:07,603 - INFO - Elapsed Time: 13.71s | Pan Error: 10.78 | Face Confidence: 75%
2025-03-13 00:25:07,693 - INFO - Elapsed Time: 13.79s | Pan Error: 0.47 | Face Confidence: 74%
2025-03-13 00:25:07,784 - INFO - Elapsed Time: 13.89s | Pan Error: -4.38 | Face Confidence: 61%
2025-03-13 00:25:07,871 - INFO - Elapsed Time: 13.97s | Pan Error: -10.16 | Face Confidence: 60%
2025-03-13 00:25:07,963 - INFO - Elapsed Time: 14.06s | Pan Error: -11.88 | Face Confidence: 62%
2025-03-13 00:25:08,138 - INFO - Elapsed Time: 14.24s | Pan Error: -10.47 | Face Confidence: 67%
2025-03-13 00:25:08,224 - INFO - Elapsed Time: 14.33s | Pan Error: -6.72 | Face Confidence: 52%
2025-03-13 00:25:08,310 - INFO - Elapsed Time: 14.41s | Pan Error: -2.97 | Face Confidence: 67%
2025-03-13 00:25:08,404 - INFO - Elapsed Time: 14.50s | Pan Error: 1.56 | Face Confidence: 79%
2025-03-13 00:25:08,489 - INFO - Elapsed Time: 14.59s | Pan Error: 10.00 | Face Confidence: 59%
2025-03-13 00:25:08,576 - INFO - Elapsed Time: 14.68s | Pan Error: 8.12 | Face Confidence: 53%
2025-03-13 00:25:08,662 - INFO - Elapsed Time: 14.77s | Pan Error: 10.16 | Face Confidence: 62%
2025-03-13 00:25:08,753 - INFO - Elapsed Time: 14.85s | Pan Error: 9.22 | Face Confidence: 66%
2025-03-13 00:25:08,839 - INFO - Elapsed Time: 14.94s | Pan Error: 6.56 | Face Confidence: 67%
2025-03-13 00:25:08,930 - INFO - Elapsed Time: 15.03s | Pan Error: -0.62 | Face Confidence: 63%
2025-03-13 00:25:09,022 - INFO - Elapsed Time: 15.12s | Pan Error: -5.47 | Face Confidence: 74%
2025-03-13 00:25:09,108 - INFO - Elapsed Time: 15.21s | Pan Error: -8.91 | Face Confidence: 72%
2025-03-13 00:25:09,196 - INFO - Elapsed Time: 15.30s | Pan Error: -8.59 | Face Confidence: 63%
2025-03-13 00:25:09,285 - INFO - Elapsed Time: 15.39s | Pan Error: -11.88 | Face Confidence: 69%
2025-03-13 00:25:09,372 - INFO - Elapsed Time: 15.48s | Pan Error: -14.37 | Face Confidence: 69%
2025-03-13 00:25:09,460 - INFO - Elapsed Time: 15.56s | Pan Error: -12.81 | Face Confidence: 67%
2025-03-13 00:25:09,631 - INFO - Elapsed Time: 15.73s | Pan Error: -10.78 | Face Confidence: 50%
2025-03-13 00:25:09,717 - INFO - Elapsed Time: 15.82s | Pan Error: -14.84 | Face Confidence: 75%
2025-03-13 00:25:09,801 - INFO - Elapsed Time: 15.91s | Pan Error: -13.59 | Face Confidence: 75%
2025-03-13 00:25:09,887 - INFO - Elapsed Time: 15.99s | Pan Error: -12.97 | Face Confidence: 72%
2025-03-13 00:25:09,971 - INFO - Elapsed Time: 16.08s | Pan Error: -9.06 | Face Confidence: 72%
2025-03-13 00:25:10,139 - INFO - Elapsed Time: 16.24s | Pan Error: 5.94 | Face Confidence: 59%
2025-03-13 00:25:10,226 - INFO - Elapsed Time: 16.33s | Pan Error: 12.34 | Face Confidence: 83%
2025-03-13 00:25:10,315 - INFO - Elapsed Time: 16.42s | Pan Error: 14.69 | Face Confidence: 87%
2025-03-13 00:25:10,400 - INFO - Elapsed Time: 16.50s | Pan Error: 19.06 | Face Confidence: 89%
2025-03-13 00:25:10,486 - INFO - Elapsed Time: 16.59s | Pan Error: 17.34 | Face Confidence: 79%
2025-03-13 00:25:10,572 - INFO - Elapsed Time: 16.68s | Pan Error: 18.91 | Face Confidence: 75%
2025-03-13 00:25:10,658 - INFO - Elapsed Time: 16.76s | Pan Error: 19.38 | Face Confidence: 73%
2025-03-13 00:25:10,744 - INFO - Elapsed Time: 16.85s | Pan Error: 17.19 | Face Confidence: 72%
2025-03-13 00:25:10,830 - INFO - Elapsed Time: 16.93s | Pan Error: 16.41 | Face Confidence: 80%
2025-03-13 00:25:10,918 - INFO - Elapsed Time: 17.02s | Pan Error: 13.91 | Face Confidence: 63%
2025-03-13 00:25:11,004 - INFO - Elapsed Time: 17.11s | Pan Error: 15.47 | Face Confidence: 58%
2025-03-13 00:25:11,097 - INFO - Elapsed Time: 17.19s | Pan Error: 13.75 | Face Confidence: 64%
2025-03-13 00:25:11,280 - INFO - Elapsed Time: 17.38s | Pan Error: 1.09 | Face Confidence: 66%
2025-03-13 00:25:11,367 - INFO - Elapsed Time: 17.47s | Pan Error: -5.78 | Face Confidence: 53%
2025-03-13 00:25:11,451 - INFO - Elapsed Time: 17.56s | Pan Error: -9.22 | Face Confidence: 68%
2025-03-13 00:25:11,536 - INFO - Elapsed Time: 17.64s | Pan Error: -13.44 | Face Confidence: 56%
2025-03-13 00:25:11,623 - INFO - Elapsed Time: 17.73s | Pan Error: -9.22 | Face Confidence: 59%
2025-03-13 00:25:11,714 - INFO - Elapsed Time: 17.82s | Pan Error: -1.41 | Face Confidence: 68%
2025-03-13 00:25:11,802 - INFO - Elapsed Time: 17.91s | Pan Error: 0.62 | Face Confidence: 64%
2025-03-13 00:25:11,889 - INFO - Elapsed Time: 17.99s | Pan Error: 2.66 | Face Confidence: 64%
2025-03-13 00:25:12,061 - INFO - Elapsed Time: 18.16s | Pan Error: -4.69 | Face Confidence: 68%
2025-03-13 00:25:12,147 - INFO - Elapsed Time: 18.25s | Pan Error: -7.66 | Face Confidence: 59%
2025-03-13 00:25:12,318 - INFO - Elapsed Time: 18.42s | Pan Error: -6.25 | Face Confidence: 71%
2025-03-13 00:25:13,133 - INFO - Elapsed Time: 19.24s | Pan Error: 35.00 | Face Confidence: 58%
2025-03-13 00:25:13,221 - INFO - Elapsed Time: 19.32s | Pan Error: 31.41 | Face Confidence: 52%
2025-03-13 00:25:14,599 - INFO - Elapsed Time: 20.70s | Pan Error: -38.75 | Face Confidence: 74%
2025-03-13 00:25:14,766 - INFO - Elapsed Time: 20.87s | Pan Error: -41.56 | Face Confidence: 67%
2025-03-13 00:25:14,851 - INFO - Elapsed Time: 20.95s | Pan Error: -30.16 | Face Confidence: 68%
2025-03-13 00:25:15,096 - INFO - Elapsed Time: 21.20s | Pan Error: -0.16 | Face Confidence: 57%
2025-03-13 00:25:15,262 - INFO - Elapsed Time: 21.37s | Pan Error: 2.81 | Face Confidence: 66%
2025-03-13 00:25:15,347 - INFO - Elapsed Time: 21.45s | Pan Error: -0.31 | Face Confidence: 52%
2025-03-13 00:25:15,433 - INFO - Elapsed Time: 21.54s | Pan Error: -3.44 | Face Confidence: 61%
2025-03-13 00:25:15,607 - INFO - Elapsed Time: 21.71s | Pan Error: -11.88 | Face Confidence: 59%
2025-03-13 00:25:15,699 - INFO - Elapsed Time: 21.80s | Pan Error: -12.50 | Face Confidence: 67%
2025-03-13 00:25:15,787 - INFO - Elapsed Time: 21.89s | Pan Error: -12.03 | Face Confidence: 67%
2025-03-13 00:25:15,875 - INFO - Elapsed Time: 21.98s | Pan Error: 59.53 | Face Confidence: 58%
2025-03-13 00:25:15,993 - INFO - Stream stats - Frame: 300, Size: 208530 bytes, Clients: 1
2025-03-13 00:25:16,046 - INFO - Elapsed Time: 22.15s | Pan Error: 72.34 | Face Confidence: 50%
2025-03-13 00:25:16,133 - INFO - Elapsed Time: 22.24s | Pan Error: -13.28 | Face Confidence: 51%
2025-03-13 00:25:16,329 - INFO - Elapsed Time: 22.43s | Pan Error: -40.16 | Face Confidence: 74%
2025-03-13 00:25:16,417 - INFO - Elapsed Time: 22.52s | Pan Error: -39.53 | Face Confidence: 81%
2025-03-13 00:25:16,505 - INFO - Elapsed Time: 22.61s | Pan Error: 22.19 | Face Confidence: 78%
2025-03-13 00:25:16,594 - INFO - Elapsed Time: 22.70s | Pan Error: 35.62 | Face Confidence: 59%
2025-03-13 00:25:16,681 - INFO - Elapsed Time: 22.78s | Pan Error: 0.00 | Face Confidence: 69%
2025-03-13 00:25:16,769 - INFO - Elapsed Time: 22.87s | Pan Error: 35.62 | Face Confidence: 65%
2025-03-13 00:25:16,856 - INFO - Elapsed Time: 22.96s | Pan Error: -10.00 | Face Confidence: 86%
2025-03-13 00:25:16,944 - INFO - Elapsed Time: 23.05s | Pan Error: -25.00 | Face Confidence: 74%
2025-03-13 00:25:17,030 - INFO - Elapsed Time: 23.13s | Pan Error: 13.59 | Face Confidence: 69%
2025-03-13 00:25:17,117 - INFO - Elapsed Time: 23.22s | Pan Error: -32.97 | Face Confidence: 64%
2025-03-13 00:25:17,208 - INFO - Elapsed Time: 23.31s | Pan Error: -31.87 | Face Confidence: 63%
2025-03-13 00:25:17,295 - INFO - Elapsed Time: 23.40s | Pan Error: 19.69 | Face Confidence: 65%
2025-03-13 00:25:17,465 - INFO - Elapsed Time: 23.57s | Pan Error: 38.28 | Face Confidence: 59%
2025-03-13 00:25:17,556 - INFO - Elapsed Time: 23.66s | Pan Error: -9.53 | Face Confidence: 66%
2025-03-13 00:25:17,648 - INFO - Elapsed Time: 23.75s | Pan Error: -18.91 | Face Confidence: 67%
2025-03-13 00:25:17,734 - INFO - Elapsed Time: 23.84s | Pan Error: -23.12 | Face Confidence: 76%
2025-03-13 00:25:17,826 - INFO - Elapsed Time: 23.92s | Pan Error: -22.50 | Face Confidence: 79%
2025-03-13 00:25:17,913 - INFO - Elapsed Time: 24.02s | Pan Error: -15.31 | Face Confidence: 84%
2025-03-13 00:25:18,002 - INFO - Elapsed Time: 24.10s | Pan Error: -5.00 | Face Confidence: 80%
2025-03-13 00:25:18,090 - INFO - Elapsed Time: 24.19s | Pan Error: -1.09 | Face Confidence: 69%
2025-03-13 00:25:18,184 - INFO - Elapsed Time: 24.29s | Pan Error: 10.94 | Face Confidence: 71%
2025-03-13 00:25:18,273 - INFO - Elapsed Time: 24.37s | Pan Error: 13.59 | Face Confidence: 71%
2025-03-13 00:25:18,443 - INFO - Elapsed Time: 24.55s | Pan Error: 11.25 | Face Confidence: 74%
2025-03-13 00:25:18,531 - INFO - Elapsed Time: 24.63s | Pan Error: 7.03 | Face Confidence: 55%
2025-03-13 00:25:18,624 - INFO - Elapsed Time: 24.72s | Pan Error: 4.22 | Face Confidence: 70%
2025-03-13 00:25:18,712 - INFO - Elapsed Time: 24.82s | Pan Error: -0.16 | Face Confidence: 66%
2025-03-13 00:25:18,801 - INFO - Elapsed Time: 24.90s | Pan Error: -3.91 | Face Confidence: 67%
2025-03-13 00:25:19,061 - INFO - Elapsed Time: 25.16s | Pan Error: 42.97 | Face Confidence: 54%
2025-03-13 00:25:19,148 - INFO - Elapsed Time: 25.25s | Pan Error: 45.78 | Face Confidence: 67%
2025-03-13 00:25:19,492 - INFO - Elapsed Time: 25.59s | Pan Error: -3.59 | Face Confidence: 52%
2025-03-13 00:25:19,584 - INFO - Elapsed Time: 25.69s | Pan Error: -2.81 | Face Confidence: 72%
2025-03-13 00:25:19,678 - INFO - Elapsed Time: 25.78s | Pan Error: -62.19 | Face Confidence: 61%
2025-03-13 00:25:19,764 - INFO - Elapsed Time: 25.87s | Pan Error: -6.09 | Face Confidence: 52%
2025-03-13 00:25:19,851 - INFO - Elapsed Time: 25.95s | Pan Error: -16.88 | Face Confidence: 54%
2025-03-13 00:25:19,937 - INFO - Elapsed Time: 26.04s | Pan Error: 4.22 | Face Confidence: 59%
2025-03-13 00:25:20,027 - INFO - Elapsed Time: 26.13s | Pan Error: 20.00 | Face Confidence: 64%
2025-03-13 00:25:20,272 - INFO - Elapsed Time: 26.38s | Pan Error: -37.03 | Face Confidence: 55%
2025-03-13 00:25:20,358 - INFO - Elapsed Time: 26.46s | Pan Error: -40.94 | Face Confidence: 50%
2025-03-13 00:25:20,682 - INFO - Elapsed Time: 26.79s | Pan Error: -13.91 | Face Confidence: 53%
2025-03-13 00:25:20,852 - INFO - Elapsed Time: 26.95s | Pan Error: -1.25 | Face Confidence: 63%
2025-03-13 00:25:21,098 - INFO - Elapsed Time: 27.20s | Pan Error: 3.75 | Face Confidence: 60%
2025-03-13 00:25:21,270 - INFO - Elapsed Time: 27.37s | Pan Error: 7.19 | Face Confidence: 50%
2025-03-13 00:25:22,043 - INFO - Elapsed Time: 28.14s | Pan Error: 12.50 | Face Confidence: 50%
2025-03-13 00:25:22,291 - INFO - Elapsed Time: 28.40s | Pan Error: 69.84 | Face Confidence: 51%
2025-03-13 00:25:22,378 - INFO - Elapsed Time: 28.48s | Pan Error: 4.84 | Face Confidence: 52%
2025-03-13 00:25:22,629 - INFO - Elapsed Time: 28.73s | Pan Error: 27.81 | Face Confidence: 57%
2025-03-13 00:25:22,715 - INFO - Elapsed Time: 28.82s | Pan Error: -39.06 | Face Confidence: 59%
2025-03-13 00:25:22,805 - INFO - Elapsed Time: 28.90s | Pan Error: -42.97 | Face Confidence: 62%
2025-03-13 00:25:22,891 - INFO - Elapsed Time: 28.99s | Pan Error: 5.94 | Face Confidence: 58%
2025-03-13 00:25:22,980 - INFO - Elapsed Time: 29.08s | Pan Error: 32.34 | Face Confidence: 60%
2025-03-13 00:25:23,064 - INFO - Elapsed Time: 29.17s | Pan Error: -27.66 | Face Confidence: 66%
2025-03-13 00:25:23,149 - INFO - Elapsed Time: 29.25s | Pan Error: 37.81 | Face Confidence: 55%
2025-03-13 00:25:23,240 - INFO - Elapsed Time: 29.34s | Pan Error: -35.62 | Face Confidence: 61%
2025-03-13 00:25:23,328 - INFO - Elapsed Time: 29.43s | Pan Error: 32.97 | Face Confidence: 59%
2025-03-13 00:25:23,419 - INFO - Elapsed Time: 29.52s | Pan Error: -43.44 | Face Confidence: 68%
2025-03-13 00:25:23,508 - INFO - Elapsed Time: 29.61s | Pan Error: 36.41 | Face Confidence: 67%
2025-03-13 00:25:23,594 - INFO - Elapsed Time: 29.70s | Pan Error: 32.81 | Face Confidence: 68%
2025-03-13 00:25:23,689 - INFO - Elapsed Time: 29.79s | Pan Error: -38.12 | Face Confidence: 75%
2025-03-13 00:25:23,774 - INFO - Elapsed Time: 29.88s | Pan Error: -49.84 | Face Confidence: 59%
2025-03-13 00:25:23,860 - INFO - Elapsed Time: 29.96s | Pan Error: -52.03 | Face Confidence: 76%
2025-03-13 00:25:23,944 - INFO - Elapsed Time: 30.05s | Pan Error: 42.03 | Face Confidence: 52%
2025-03-13 00:25:24,110 - INFO - Elapsed Time: 30.21s | Pan Error: -7.66 | Face Confidence: 58%
2025-03-13 00:25:24,194 - INFO - Elapsed Time: 30.30s | Pan Error: -9.38 | Face Confidence: 57%
2025-03-13 00:25:24,281 - INFO - Elapsed Time: 30.38s | Pan Error: -10.62 | Face Confidence: 68%
2025-03-13 00:25:24,367 - INFO - Elapsed Time: 30.47s | Pan Error: -9.38 | Face Confidence: 64%
2025-03-13 00:25:24,460 - INFO - Elapsed Time: 30.56s | Pan Error: -6.41 | Face Confidence: 74%
2025-03-13 00:25:24,550 - INFO - Elapsed Time: 30.65s | Pan Error: -1.56 | Face Confidence: 56%
2025-03-13 00:25:24,642 - INFO - Elapsed Time: 30.74s | Pan Error: 3.28 | Face Confidence: 59%
2025-03-13 00:25:24,728 - INFO - Elapsed Time: 30.83s | Pan Error: 5.78 | Face Confidence: 71%
2025-03-13 00:25:24,820 - INFO - Elapsed Time: 30.92s | Pan Error: 8.75 | Face Confidence: 61%
2025-03-13 00:25:24,910 - INFO - Elapsed Time: 31.01s | Pan Error: 11.09 | Face Confidence: 67%
2025-03-13 00:25:25,080 - INFO - Elapsed Time: 31.18s | Pan Error: 3.91 | Face Confidence: 65%
2025-03-13 00:25:25,330 - INFO - Elapsed Time: 31.44s | Pan Error: 66.56 | Face Confidence: 51%
2025-03-13 00:25:25,418 - INFO - Elapsed Time: 31.52s | Pan Error: -5.62 | Face Confidence: 57%
2025-03-13 00:25:25,585 - INFO - Elapsed Time: 31.69s | Pan Error: -27.19 | Face Confidence: 61%
2025-03-13 00:25:25,675 - INFO - Elapsed Time: 31.77s | Pan Error: 30.47 | Face Confidence: 68%
2025-03-13 00:25:25,759 - INFO - Elapsed Time: 31.86s | Pan Error: -36.09 | Face Confidence: 65%
2025-03-13 00:25:25,847 - INFO - Elapsed Time: 31.95s | Pan Error: -33.59 | Face Confidence: 68%
2025-03-13 00:25:25,934 - INFO - Elapsed Time: 32.04s | Pan Error: -34.06 | Face Confidence: 70%
2025-03-13 00:25:26,021 - INFO - Elapsed Time: 32.12s | Pan Error: 53.75 | Face Confidence: 56%
2025-03-13 00:25:26,058 - INFO - Stream stats - Frame: 600, Size: 187076 bytes, Clients: 1
2025-03-13 00:25:26,191 - INFO - Elapsed Time: 32.29s | Pan Error: -2.19 | Face Confidence: 60%
2025-03-13 00:25:26,277 - INFO - Elapsed Time: 32.38s | Pan Error: -12.81 | Face Confidence: 55%
2025-03-13 00:25:27,959 - INFO - Elapsed Time: 34.06s | Pan Error: -14.22 | Face Confidence: 54%
2025-03-13 00:25:28,210 - INFO - Elapsed Time: 34.31s | Pan Error: -8.44 | Face Confidence: 71%
2025-03-13 00:25:28,299 - INFO - Elapsed Time: 34.40s | Pan Error: -5.78 | Face Confidence: 69%
2025-03-13 00:25:28,389 - INFO - Elapsed Time: 34.49s | Pan Error: -2.97 | Face Confidence: 70%
2025-03-13 00:25:28,478 - INFO - Elapsed Time: 34.58s | Pan Error: 2.50 | Face Confidence: 73%
2025-03-13 00:25:28,564 - INFO - Elapsed Time: 34.67s | Pan Error: 1.72 | Face Confidence: 51%
2025-03-13 00:25:28,656 - INFO - Elapsed Time: 34.76s | Pan Error: 11.88 | Face Confidence: 51%
2025-03-13 00:25:28,748 - INFO - Elapsed Time: 34.85s | Pan Error: 12.50 | Face Confidence: 72%
2025-03-13 00:25:28,837 - INFO - Elapsed Time: 34.94s | Pan Error: 14.37 | Face Confidence: 75%
2025-03-13 00:25:28,926 - INFO - Elapsed Time: 35.03s | Pan Error: 10.31 | Face Confidence: 82%
2025-03-13 00:25:29,016 - INFO - Elapsed Time: 35.12s | Pan Error: 0.00 | Face Confidence: 77%
2025-03-13 00:25:29,105 - INFO - Elapsed Time: 35.21s | Pan Error: -5.31 | Face Confidence: 78%
2025-03-13 00:25:29,192 - INFO - Elapsed Time: 35.30s | Pan Error: -14.53 | Face Confidence: 80%
2025-03-13 00:25:29,286 - INFO - Elapsed Time: 35.39s | Pan Error: -23.75 | Face Confidence: 79%
2025-03-13 00:25:29,375 - INFO - Elapsed Time: 35.48s | Pan Error: -27.97 | Face Confidence: 82%
2025-03-13 00:25:29,465 - INFO - Elapsed Time: 35.57s | Pan Error: -29.22 | Face Confidence: 87%
2025-03-13 00:25:29,556 - INFO - Elapsed Time: 35.66s | Pan Error: -23.91 | Face Confidence: 82%
2025-03-13 00:25:29,727 - INFO - Elapsed Time: 35.83s | Pan Error: -0.62 | Face Confidence: 51%
2025-03-13 00:25:29,819 - INFO - Elapsed Time: 35.92s | Pan Error: 10.78 | Face Confidence: 69%
2025-03-13 00:25:29,910 - INFO - Elapsed Time: 36.01s | Pan Error: 14.84 | Face Confidence: 62%
2025-03-13 00:25:29,996 - INFO - Elapsed Time: 36.10s | Pan Error: 18.59 | Face Confidence: 66%
2025-03-13 00:25:30,173 - INFO - Elapsed Time: 36.27s | Pan Error: 8.12 | Face Confidence: 74%
2025-03-13 00:25:30,263 - INFO - Elapsed Time: 36.36s | Pan Error: 1.88 | Face Confidence: 68%
2025-03-13 00:25:30,353 - INFO - Elapsed Time: 36.45s | Pan Error: -1.88 | Face Confidence: 69%
2025-03-13 00:25:30,442 - INFO - Elapsed Time: 36.54s | Pan Error: -0.94 | Face Confidence: 72%
2025-03-13 00:25:30,530 - INFO - Elapsed Time: 36.63s | Pan Error: 0.78 | Face Confidence: 83%
2025-03-13 00:25:30,621 - INFO - Elapsed Time: 36.72s | Pan Error: 9.22 | Face Confidence: 80%
2025-03-13 00:25:30,713 - INFO - Elapsed Time: 36.81s | Pan Error: 12.97 | Face Confidence: 80%
2025-03-13 00:25:30,802 - INFO - Elapsed Time: 36.90s | Pan Error: 19.84 | Face Confidence: 87%
2025-03-13 00:25:30,892 - INFO - Elapsed Time: 37.00s | Pan Error: 21.56 | Face Confidence: 71%
2025-03-13 00:25:30,980 - INFO - Elapsed Time: 37.08s | Pan Error: 21.72 | Face Confidence: 72%
2025-03-13 00:25:31,068 - INFO - Elapsed Time: 37.17s | Pan Error: 18.59 | Face Confidence: 58%
2025-03-13 00:25:31,160 - INFO - Elapsed Time: 37.26s | Pan Error: 10.47 | Face Confidence: 66%
2025-03-13 00:25:31,252 - INFO - Elapsed Time: 37.35s | Pan Error: 3.28 | Face Confidence: 65%
2025-03-13 00:25:31,338 - INFO - Elapsed Time: 37.44s | Pan Error: 20.78 | Face Confidence: 68%
2025-03-13 00:25:31,427 - INFO - Elapsed Time: 37.53s | Pan Error: 10.78 | Face Confidence: 65%
2025-03-13 00:25:31,525 - INFO - Elapsed Time: 37.62s | Pan Error: -25.94 | Face Confidence: 69%
2025-03-13 00:25:31,624 - INFO - Elapsed Time: 37.73s | Pan Error: -34.38 | Face Confidence: 70%
2025-03-13 00:25:31,717 - INFO - Elapsed Time: 37.82s | Pan Error: -35.47 | Face Confidence: 73%
2025-03-13 00:25:31,805 - INFO - Elapsed Time: 37.91s | Pan Error: -31.87 | Face Confidence: 54%
2025-03-13 00:25:32,054 - INFO - Elapsed Time: 38.16s | Pan Error: -4.69 | Face Confidence: 63%
2025-03-13 00:25:32,140 - INFO - Elapsed Time: 38.24s | Pan Error: -0.62 | Face Confidence: 76%
2025-03-13 00:25:32,228 - INFO - Elapsed Time: 38.33s | Pan Error: -0.47 | Face Confidence: 66%
2025-03-13 00:25:32,323 - INFO - Elapsed Time: 38.42s | Pan Error: -0.78 | Face Confidence: 71%
2025-03-13 00:25:32,411 - INFO - Elapsed Time: 38.51s | Pan Error: -5.31 | Face Confidence: 78%
2025-03-13 00:25:32,579 - INFO - Elapsed Time: 38.68s | Pan Error: -11.09 | Face Confidence: 54%
2025-03-13 00:25:32,752 - INFO - Elapsed Time: 38.86s | Pan Error: -7.19 | Face Confidence: 66%
2025-03-13 00:25:32,842 - INFO - Elapsed Time: 38.94s | Pan Error: -2.34 | Face Confidence: 62%
2025-03-13 00:25:32,930 - INFO - Elapsed Time: 39.03s | Pan Error: -0.62 | Face Confidence: 57%
2025-03-13 00:25:33,017 - INFO - Elapsed Time: 39.12s | Pan Error: 4.38 | Face Confidence: 57%
2025-03-13 00:25:33,112 - INFO - Elapsed Time: 39.21s | Pan Error: 9.69 | Face Confidence: 75%
2025-03-13 00:25:33,201 - INFO - Elapsed Time: 39.30s | Pan Error: 5.94 | Face Confidence: 69%
2025-03-13 00:25:33,291 - INFO - Elapsed Time: 39.39s | Pan Error: 7.03 | Face Confidence: 75%
2025-03-13 00:25:34,355 - INFO - Elapsed Time: 40.46s | Pan Error: -6.41 | Face Confidence: 50%
2025-03-13 00:25:35,171 - INFO - Elapsed Time: 41.27s | Pan Error: -4.69 | Face Confidence: 62%
2025-03-13 00:25:35,260 - INFO - Elapsed Time: 41.36s | Pan Error: -7.97 | Face Confidence: 58%
2025-03-13 00:25:35,289 - INFO - Camera stopped
2025-03-13 00:25:35,355 - INFO - Elapsed Time: 41.46s | Pan Error: -8.75 | Face Confidence: 58%
2025-03-13 00:25:35,441 - INFO - Elapsed Time: 41.54s | Pan Error: -8.75 | Face Confidence: 58%
