2025-03-13 01:19:05,696 - INFO - Face tracking logging system initialized.
2025-03-13 01:19:05,746 - INFO - Initialization successful.
2025-03-13 01:19:05,747 - INFO - Camera now open.
2025-03-13 01:19:05,751 - INFO - Camera configuration has been adjusted!
2025-03-13 01:19:05,753 - INFO - Configuration successful!
2025-03-13 01:19:05,800 - INFO - Camera started
2025-03-13 01:19:05,813 - INFO - [31m[1mWARNING: This is a development server. Do not use it in a production deployment. Use a production WSGI server instead.[0m
 * Running on all addresses (0.0.0.0)
 * Running on http://127.0.0.1:5000
 * Running on http://172.20.10.4:5000
2025-03-13 01:19:05,814 - INFO - [33mPress CTRL+C to quit[0m
2025-03-13 01:19:06,010 - INFO - Stream stats - Frame: 0, Size: 190777 bytes, Clients: 0
2025-03-13 01:19:07,274 - INFO - 172.20.10.2 - - [13/Mar/2025 01:19:07] "GET / HTTP/1.1" 200 -
2025-03-13 01:19:07,316 - INFO - Client connected. Total clients: 1
2025-03-13 01:19:07,380 - INFO - 172.20.10.2 - - [13/Mar/2025 01:19:07] "GET /video_feed HTTP/1.1" 200 -
2025-03-13 01:19:09,750 - INFO - Elapsed Time: 3.91s | Pan Error: -36.72 | Face Confidence: 70%
2025-03-13 01:19:09,844 - INFO - Elapsed Time: 4.00s | Pan Error: -36.88 | Face Confidence: 81%
2025-03-13 01:19:10,013 - INFO - Elapsed Time: 4.18s | Pan Error: -6.72 | Face Confidence: 80%
2025-03-13 01:19:10,099 - INFO - Elapsed Time: 4.26s | Pan Error: 2.81 | Face Confidence: 77%
2025-03-13 01:19:10,187 - INFO - Elapsed Time: 4.35s | Pan Error: 6.41 | Face Confidence: 81%
2025-03-13 01:19:10,272 - INFO - Elapsed Time: 4.44s | Pan Error: 3.75 | Face Confidence: 71%
2025-03-13 01:19:10,360 - INFO - Elapsed Time: 4.52s | Pan Error: 1.56 | Face Confidence: 85%
2025-03-13 01:19:10,445 - INFO - Elapsed Time: 4.61s | Pan Error: -0.16 | Face Confidence: 85%
2025-03-13 01:19:10,534 - INFO - Elapsed Time: 4.70s | Pan Error: -6.72 | Face Confidence: 92%
2025-03-13 01:19:10,621 - INFO - Elapsed Time: 4.79s | Pan Error: -12.97 | Face Confidence: 88%
2025-03-13 01:19:10,707 - INFO - Elapsed Time: 4.87s | Pan Error: -15.16 | Face Confidence: 87%
2025-03-13 01:19:10,793 - INFO - Elapsed Time: 4.96s | Pan Error: -15.31 | Face Confidence: 88%
2025-03-13 01:19:10,884 - INFO - Elapsed Time: 5.05s | Pan Error: -13.59 | Face Confidence: 87%
2025-03-13 01:19:10,971 - INFO - Elapsed Time: 5.13s | Pan Error: -12.03 | Face Confidence: 83%
2025-03-13 01:19:11,060 - INFO - Elapsed Time: 5.22s | Pan Error: -13.75 | Face Confidence: 86%
2025-03-13 01:19:11,146 - INFO - Elapsed Time: 5.31s | Pan Error: -18.28 | Face Confidence: 81%
2025-03-13 01:19:11,238 - INFO - Elapsed Time: 5.40s | Pan Error: -25.00 | Face Confidence: 81%
2025-03-13 01:19:11,329 - INFO - Elapsed Time: 5.49s | Pan Error: -26.72 | Face Confidence: 87%
2025-03-13 01:19:11,416 - INFO - Elapsed Time: 5.58s | Pan Error: -26.56 | Face Confidence: 92%
2025-03-13 01:19:11,503 - INFO - Elapsed Time: 5.67s | Pan Error: -24.38 | Face Confidence: 83%
2025-03-13 01:19:11,590 - INFO - Elapsed Time: 5.75s | Pan Error: -12.03 | Face Confidence: 78%
2025-03-13 01:19:11,681 - INFO - Elapsed Time: 5.84s | Pan Error: -7.97 | Face Confidence: 85%
2025-03-13 01:19:11,767 - INFO - Elapsed Time: 5.93s | Pan Error: -2.66 | Face Confidence: 73%
2025-03-13 01:19:11,857 - INFO - Elapsed Time: 6.02s | Pan Error: -3.12 | Face Confidence: 77%
2025-03-13 01:19:11,947 - INFO - Elapsed Time: 6.11s | Pan Error: -2.34 | Face Confidence: 75%
2025-03-13 01:19:12,036 - INFO - Elapsed Time: 6.20s | Pan Error: -2.03 | Face Confidence: 76%
2025-03-13 01:19:12,131 - INFO - Elapsed Time: 6.29s | Pan Error: -5.16 | Face Confidence: 86%
2025-03-13 01:19:12,220 - INFO - Elapsed Time: 6.38s | Pan Error: -7.97 | Face Confidence: 80%
2025-03-13 01:19:12,309 - INFO - Elapsed Time: 6.47s | Pan Error: -7.81 | Face Confidence: 81%
2025-03-13 01:19:12,396 - INFO - Elapsed Time: 6.56s | Pan Error: -3.28 | Face Confidence: 80%
2025-03-13 01:19:12,486 - INFO - Elapsed Time: 6.65s | Pan Error: -2.66 | Face Confidence: 85%
2025-03-13 01:19:12,575 - INFO - Elapsed Time: 6.74s | Pan Error: 3.28 | Face Confidence: 93%
2025-03-13 01:19:12,684 - INFO - Elapsed Time: 6.84s | Pan Error: 8.75 | Face Confidence: 89%
2025-03-13 01:19:12,777 - INFO - Elapsed Time: 6.94s | Pan Error: 17.03 | Face Confidence: 91%
2025-03-13 01:19:12,866 - INFO - Elapsed Time: 7.03s | Pan Error: 28.59 | Face Confidence: 88%
2025-03-13 01:19:12,952 - INFO - Elapsed Time: 7.12s | Pan Error: 33.28 | Face Confidence: 87%
2025-03-13 01:19:13,047 - INFO - Elapsed Time: 7.21s | Pan Error: 29.06 | Face Confidence: 76%
2025-03-13 01:19:13,137 - INFO - Elapsed Time: 7.30s | Pan Error: 24.69 | Face Confidence: 65%
2025-03-13 01:19:13,221 - INFO - Elapsed Time: 7.39s | Pan Error: 20.00 | Face Confidence: 78%
2025-03-13 01:19:13,318 - INFO - Elapsed Time: 7.47s | Pan Error: 10.62 | Face Confidence: 82%
2025-03-13 01:19:13,413 - INFO - Elapsed Time: 7.58s | Pan Error: 7.50 | Face Confidence: 90%
2025-03-13 01:19:13,500 - INFO - Elapsed Time: 7.66s | Pan Error: 9.22 | Face Confidence: 87%
2025-03-13 01:19:13,587 - INFO - Elapsed Time: 7.75s | Pan Error: 15.94 | Face Confidence: 87%
2025-03-13 01:19:13,676 - INFO - Elapsed Time: 7.84s | Pan Error: 21.09 | Face Confidence: 87%
2025-03-13 01:19:13,761 - INFO - Elapsed Time: 7.93s | Pan Error: 23.91 | Face Confidence: 89%
2025-03-13 01:19:13,847 - INFO - Elapsed Time: 8.01s | Pan Error: 20.16 | Face Confidence: 87%
2025-03-13 01:19:13,934 - INFO - Elapsed Time: 8.10s | Pan Error: 13.28 | Face Confidence: 82%
2025-03-13 01:19:14,021 - INFO - Elapsed Time: 8.19s | Pan Error: 3.59 | Face Confidence: 82%
2025-03-13 01:19:14,108 - INFO - Elapsed Time: 8.27s | Pan Error: -2.81 | Face Confidence: 73%
2025-03-13 01:19:14,193 - INFO - Elapsed Time: 8.36s | Pan Error: -11.72 | Face Confidence: 73%
2025-03-13 01:19:14,282 - INFO - Elapsed Time: 8.45s | Pan Error: -16.41 | Face Confidence: 67%
2025-03-13 01:19:14,370 - INFO - Elapsed Time: 8.53s | Pan Error: -16.72 | Face Confidence: 82%
2025-03-13 01:19:14,461 - INFO - Elapsed Time: 8.62s | Pan Error: -15.16 | Face Confidence: 92%
2025-03-13 01:19:14,557 - INFO - Elapsed Time: 8.72s | Pan Error: -11.56 | Face Confidence: 90%
2025-03-13 01:19:14,646 - INFO - Elapsed Time: 8.81s | Pan Error: -6.09 | Face Confidence: 92%
2025-03-13 01:19:14,734 - INFO - Elapsed Time: 8.90s | Pan Error: -3.44 | Face Confidence: 90%
2025-03-13 01:19:14,824 - INFO - Elapsed Time: 8.99s | Pan Error: -0.62 | Face Confidence: 88%
2025-03-13 01:19:14,911 - INFO - Elapsed Time: 9.08s | Pan Error: 0.62 | Face Confidence: 87%
2025-03-13 01:19:14,998 - INFO - Elapsed Time: 9.16s | Pan Error: -0.16 | Face Confidence: 90%
2025-03-13 01:19:15,085 - INFO - Elapsed Time: 9.25s | Pan Error: -3.75 | Face Confidence: 92%
2025-03-13 01:19:15,172 - INFO - Elapsed Time: 9.34s | Pan Error: -6.25 | Face Confidence: 88%
2025-03-13 01:19:15,260 - INFO - Elapsed Time: 9.42s | Pan Error: -6.25 | Face Confidence: 76%
2025-03-13 01:19:15,347 - INFO - Elapsed Time: 9.51s | Pan Error: -6.09 | Face Confidence: 81%
2025-03-13 01:19:15,438 - INFO - Elapsed Time: 9.60s | Pan Error: -6.56 | Face Confidence: 73%
2025-03-13 01:19:15,528 - INFO - Elapsed Time: 9.69s | Pan Error: -3.59 | Face Confidence: 82%
2025-03-13 01:19:15,616 - INFO - Elapsed Time: 9.78s | Pan Error: 3.12 | Face Confidence: 77%
2025-03-13 01:19:15,704 - INFO - Elapsed Time: 9.87s | Pan Error: 6.41 | Face Confidence: 84%
2025-03-13 01:19:15,791 - INFO - Elapsed Time: 9.96s | Pan Error: 13.44 | Face Confidence: 75%
2025-03-13 01:19:15,876 - INFO - Elapsed Time: 10.04s | Pan Error: 17.34 | Face Confidence: 54%
2025-03-13 01:19:15,965 - INFO - Elapsed Time: 10.13s | Pan Error: 16.56 | Face Confidence: 76%
2025-03-13 01:19:16,052 - INFO - Elapsed Time: 10.22s | Pan Error: 12.19 | Face Confidence: 83%
2025-03-13 01:19:16,137 - INFO - Elapsed Time: 10.30s | Pan Error: 0.16 | Face Confidence: 67%
2025-03-13 01:19:16,227 - INFO - Elapsed Time: 10.39s | Pan Error: -5.62 | Face Confidence: 81%
2025-03-13 01:19:16,315 - INFO - Elapsed Time: 10.48s | Pan Error: -10.16 | Face Confidence: 62%
2025-03-13 01:19:16,402 - INFO - Elapsed Time: 10.57s | Pan Error: -14.06 | Face Confidence: 76%
2025-03-13 01:19:16,491 - INFO - Elapsed Time: 10.65s | Pan Error: -15.16 | Face Confidence: 82%
2025-03-13 01:19:16,577 - INFO - Elapsed Time: 10.74s | Pan Error: -13.75 | Face Confidence: 50%
2025-03-13 01:19:16,667 - INFO - Elapsed Time: 10.83s | Pan Error: -10.16 | Face Confidence: 68%
2025-03-13 01:19:16,755 - INFO - Elapsed Time: 10.92s | Pan Error: -6.25 | Face Confidence: 82%
2025-03-13 01:19:16,842 - INFO - Elapsed Time: 11.00s | Pan Error: -2.50 | Face Confidence: 80%
2025-03-13 01:19:16,935 - INFO - Elapsed Time: 11.09s | Pan Error: -0.47 | Face Confidence: 76%
2025-03-13 01:19:17,027 - INFO - Elapsed Time: 11.19s | Pan Error: 2.34 | Face Confidence: 71%
2025-03-13 01:19:17,127 - INFO - Elapsed Time: 11.28s | Pan Error: 3.28 | Face Confidence: 61%
2025-03-13 01:19:17,216 - INFO - Elapsed Time: 11.38s | Pan Error: 3.75 | Face Confidence: 71%
2025-03-13 01:19:17,308 - INFO - Elapsed Time: 11.47s | Pan Error: 7.34 | Face Confidence: 73%
2025-03-13 01:19:17,394 - INFO - Elapsed Time: 11.56s | Pan Error: 5.62 | Face Confidence: 77%
2025-03-13 01:19:17,400 - INFO - Stream stats - Frame: 300, Size: 183041 bytes, Clients: 1
2025-03-13 01:19:17,485 - INFO - Elapsed Time: 11.65s | Pan Error: 4.53 | Face Confidence: 82%
2025-03-13 01:19:17,579 - INFO - Elapsed Time: 11.74s | Pan Error: -3.12 | Face Confidence: 79%
2025-03-13 01:19:17,669 - INFO - Elapsed Time: 11.83s | Pan Error: -12.19 | Face Confidence: 78%
2025-03-13 01:19:17,756 - INFO - Elapsed Time: 11.92s | Pan Error: -15.16 | Face Confidence: 89%
2025-03-13 01:19:17,845 - INFO - Elapsed Time: 12.01s | Pan Error: -19.22 | Face Confidence: 88%
2025-03-13 01:19:17,929 - INFO - Elapsed Time: 12.10s | Pan Error: -20.31 | Face Confidence: 85%
2025-03-13 01:19:18,018 - INFO - Elapsed Time: 12.18s | Pan Error: -8.59 | Face Confidence: 82%
2025-03-13 01:19:18,105 - INFO - Elapsed Time: 12.27s | Pan Error: -1.41 | Face Confidence: 78%
2025-03-13 01:19:18,191 - INFO - Elapsed Time: 12.35s | Pan Error: 3.91 | Face Confidence: 84%
2025-03-13 01:19:18,277 - INFO - Elapsed Time: 12.44s | Pan Error: 9.53 | Face Confidence: 79%
2025-03-13 01:19:18,364 - INFO - Elapsed Time: 12.53s | Pan Error: 10.16 | Face Confidence: 80%
2025-03-13 01:19:18,474 - INFO - Elapsed Time: 12.63s | Pan Error: 8.12 | Face Confidence: 81%
2025-03-13 01:19:18,560 - INFO - Elapsed Time: 12.73s | Pan Error: 2.19 | Face Confidence: 84%
2025-03-13 01:19:18,643 - INFO - Elapsed Time: 12.81s | Pan Error: -3.75 | Face Confidence: 80%
2025-03-13 01:19:18,731 - INFO - Elapsed Time: 12.89s | Pan Error: -7.19 | Face Confidence: 81%
2025-03-13 01:19:18,824 - INFO - Elapsed Time: 12.98s | Pan Error: -10.78 | Face Confidence: 77%
2025-03-13 01:19:18,910 - INFO - Elapsed Time: 13.07s | Pan Error: -15.47 | Face Confidence: 72%
2025-03-13 01:19:18,997 - INFO - Elapsed Time: 13.16s | Pan Error: -15.31 | Face Confidence: 59%
2025-03-13 01:19:19,085 - INFO - Elapsed Time: 13.25s | Pan Error: -14.22 | Face Confidence: 78%
2025-03-13 01:19:19,170 - INFO - Elapsed Time: 13.34s | Pan Error: -10.31 | Face Confidence: 69%
2025-03-13 01:19:19,259 - INFO - Elapsed Time: 13.42s | Pan Error: 0.31 | Face Confidence: 74%
2025-03-13 01:19:19,343 - INFO - Elapsed Time: 13.51s | Pan Error: 9.06 | Face Confidence: 77%
2025-03-13 01:19:19,434 - INFO - Elapsed Time: 13.60s | Pan Error: 21.88 | Face Confidence: 71%
2025-03-13 01:19:19,525 - INFO - Elapsed Time: 13.69s | Pan Error: 33.12 | Face Confidence: 64%
2025-03-13 01:19:19,613 - INFO - Elapsed Time: 13.78s | Pan Error: 35.62 | Face Confidence: 73%
2025-03-13 01:19:21,173 - INFO - Elapsed Time: 15.33s | Pan Error: 20.62 | Face Confidence: 50%
2025-03-13 01:19:22,083 - INFO - Elapsed Time: 16.25s | Pan Error: -31.56 | Face Confidence: 51%
2025-03-13 01:19:22,174 - INFO - Elapsed Time: 16.34s | Pan Error: -30.63 | Face Confidence: 50%
2025-03-13 01:19:22,261 - INFO - Elapsed Time: 16.42s | Pan Error: -29.84 | Face Confidence: 54%
2025-03-13 01:19:22,344 - INFO - Elapsed Time: 16.51s | Pan Error: -14.53 | Face Confidence: 52%
2025-03-13 01:19:22,432 - INFO - Elapsed Time: 16.59s | Pan Error: -3.44 | Face Confidence: 64%
2025-03-13 01:19:23,021 - INFO - Elapsed Time: 17.18s | Pan Error: 26.56 | Face Confidence: 54%
2025-03-13 01:19:23,113 - INFO - Elapsed Time: 17.28s | Pan Error: 21.88 | Face Confidence: 54%
2025-03-13 01:19:27,476 - INFO - Stream stats - Frame: 600, Size: 222754 bytes, Clients: 1
2025-03-13 01:19:35,254 - INFO - Elapsed Time: 29.42s | Pan Error: 1.09 | Face Confidence: 61%
2025-03-13 01:19:35,345 - INFO - Elapsed Time: 29.51s | Pan Error: 0.47 | Face Confidence: 77%
2025-03-13 01:19:35,435 - INFO - Elapsed Time: 29.60s | Pan Error: -2.19 | Face Confidence: 72%
2025-03-13 01:19:35,525 - INFO - Elapsed Time: 29.69s | Pan Error: -2.03 | Face Confidence: 81%
2025-03-13 01:19:35,613 - INFO - Elapsed Time: 29.78s | Pan Error: -2.66 | Face Confidence: 86%
2025-03-13 01:19:35,702 - INFO - Elapsed Time: 29.87s | Pan Error: -3.91 | Face Confidence: 90%
2025-03-13 01:19:35,787 - INFO - Elapsed Time: 29.95s | Pan Error: -2.66 | Face Confidence: 88%
2025-03-13 01:19:35,876 - INFO - Elapsed Time: 30.04s | Pan Error: -2.81 | Face Confidence: 90%
2025-03-13 01:19:35,967 - INFO - Elapsed Time: 30.13s | Pan Error: -4.06 | Face Confidence: 91%
2025-03-13 01:19:36,059 - INFO - Elapsed Time: 30.22s | Pan Error: -12.81 | Face Confidence: 88%
2025-03-13 01:19:36,144 - INFO - Elapsed Time: 30.31s | Pan Error: -21.56 | Face Confidence: 91%
2025-03-13 01:19:36,234 - INFO - Elapsed Time: 30.40s | Pan Error: -35.47 | Face Confidence: 90%
2025-03-13 01:19:36,321 - INFO - Elapsed Time: 30.48s | Pan Error: -40.78 | Face Confidence: 94%
2025-03-13 01:19:36,406 - INFO - Elapsed Time: 30.57s | Pan Error: -44.53 | Face Confidence: 94%
2025-03-13 01:19:36,494 - INFO - Elapsed Time: 30.66s | Pan Error: -37.81 | Face Confidence: 89%
2025-03-13 01:19:36,585 - INFO - Elapsed Time: 30.75s | Pan Error: -25.62 | Face Confidence: 81%
2025-03-13 01:19:36,674 - INFO - Elapsed Time: 30.84s | Pan Error: -7.81 | Face Confidence: 78%
2025-03-13 01:19:36,759 - INFO - Elapsed Time: 30.92s | Pan Error: 2.97 | Face Confidence: 84%
2025-03-13 01:19:36,845 - INFO - Elapsed Time: 31.01s | Pan Error: 8.44 | Face Confidence: 87%
2025-03-13 01:19:36,930 - INFO - Elapsed Time: 31.09s | Pan Error: -0.78 | Face Confidence: 83%
2025-03-13 01:19:37,017 - INFO - Elapsed Time: 31.18s | Pan Error: -11.41 | Face Confidence: 81%
2025-03-13 01:19:37,107 - INFO - Elapsed Time: 31.27s | Pan Error: -31.09 | Face Confidence: 85%
2025-03-13 01:19:37,197 - INFO - Elapsed Time: 31.36s | Pan Error: -47.66 | Face Confidence: 84%
2025-03-13 01:19:37,286 - INFO - Elapsed Time: 31.45s | Pan Error: -61.88 | Face Confidence: 88%
2025-03-13 01:19:37,375 - INFO - Elapsed Time: 31.54s | Pan Error: -66.09 | Face Confidence: 85%
2025-03-13 01:19:37,461 - INFO - Elapsed Time: 31.63s | Pan Error: -45.16 | Face Confidence: 56%
2025-03-13 01:19:37,542 - INFO - Stream stats - Frame: 900, Size: 170480 bytes, Clients: 1
2025-03-13 01:19:37,626 - INFO - Elapsed Time: 31.79s | Pan Error: -16.41 | Face Confidence: 55%
2025-03-13 01:19:37,717 - INFO - Elapsed Time: 31.88s | Pan Error: 6.88 | Face Confidence: 79%
2025-03-13 01:19:37,805 - INFO - Elapsed Time: 31.97s | Pan Error: 18.44 | Face Confidence: 79%
2025-03-13 01:19:37,894 - INFO - Elapsed Time: 32.06s | Pan Error: 25.16 | Face Confidence: 71%
2025-03-13 01:19:37,985 - INFO - Elapsed Time: 32.15s | Pan Error: 28.28 | Face Confidence: 72%
2025-03-13 01:19:38,072 - INFO - Elapsed Time: 32.24s | Pan Error: 34.53 | Face Confidence: 68%
2025-03-13 01:19:38,158 - INFO - Elapsed Time: 32.32s | Pan Error: -72.03 | Face Confidence: 56%
2025-03-13 01:19:38,409 - INFO - Elapsed Time: 32.58s | Pan Error: -76.09 | Face Confidence: 53%
2025-03-13 01:19:38,495 - INFO - Elapsed Time: 32.66s | Pan Error: -72.81 | Face Confidence: 51%
2025-03-13 01:19:38,747 - INFO - Elapsed Time: 32.91s | Pan Error: -35.78 | Face Confidence: 64%
2025-03-13 01:19:38,848 - INFO - Elapsed Time: 33.00s | Pan Error: -32.50 | Face Confidence: 62%
2025-03-13 01:19:39,109 - INFO - Elapsed Time: 33.27s | Pan Error: -28.44 | Face Confidence: 64%
2025-03-13 01:19:39,196 - INFO - Elapsed Time: 33.36s | Pan Error: -29.38 | Face Confidence: 62%
2025-03-13 01:19:39,283 - INFO - Elapsed Time: 33.45s | Pan Error: -30.78 | Face Confidence: 60%
2025-03-13 01:19:39,373 - INFO - Elapsed Time: 33.54s | Pan Error: -26.88 | Face Confidence: 62%
2025-03-13 01:19:39,462 - INFO - Elapsed Time: 33.62s | Pan Error: -27.03 | Face Confidence: 63%
2025-03-13 01:19:39,553 - INFO - Elapsed Time: 33.71s | Pan Error: -27.66 | Face Confidence: 65%
2025-03-13 01:19:39,644 - INFO - Elapsed Time: 33.81s | Pan Error: -28.59 | Face Confidence: 63%
2025-03-13 01:19:39,735 - INFO - Elapsed Time: 33.89s | Pan Error: -29.38 | Face Confidence: 59%
2025-03-13 01:19:39,827 - INFO - Elapsed Time: 33.99s | Pan Error: -31.56 | Face Confidence: 54%
2025-03-13 01:19:39,913 - INFO - Elapsed Time: 34.08s | Pan Error: -30.47 | Face Confidence: 59%
2025-03-13 01:19:39,999 - INFO - Elapsed Time: 34.16s | Pan Error: -31.41 | Face Confidence: 54%
2025-03-13 01:19:40,171 - INFO - Elapsed Time: 34.34s | Pan Error: 14.53 | Face Confidence: 70%
2025-03-13 01:19:40,260 - INFO - Elapsed Time: 34.42s | Pan Error: 10.00 | Face Confidence: 74%
2025-03-13 01:19:40,348 - INFO - Elapsed Time: 34.51s | Pan Error: 4.53 | Face Confidence: 75%
2025-03-13 01:19:40,436 - INFO - Elapsed Time: 34.60s | Pan Error: 3.59 | Face Confidence: 82%
2025-03-13 01:19:40,529 - INFO - Elapsed Time: 34.69s | Pan Error: 2.19 | Face Confidence: 85%
2025-03-13 01:19:40,616 - INFO - Elapsed Time: 34.78s | Pan Error: -0.16 | Face Confidence: 78%
2025-03-13 01:19:40,705 - INFO - Elapsed Time: 34.87s | Pan Error: -0.62 | Face Confidence: 75%
2025-03-13 01:19:40,794 - INFO - Elapsed Time: 34.96s | Pan Error: 3.28 | Face Confidence: 80%
2025-03-13 01:19:40,882 - INFO - Elapsed Time: 35.05s | Pan Error: 5.47 | Face Confidence: 74%
2025-03-13 01:19:40,970 - INFO - Elapsed Time: 35.13s | Pan Error: -42.19 | Face Confidence: 60%
2025-03-13 01:19:41,057 - INFO - Elapsed Time: 35.22s | Pan Error: -46.25 | Face Confidence: 68%
2025-03-13 01:19:41,147 - INFO - Elapsed Time: 35.31s | Pan Error: -39.22 | Face Confidence: 64%
2025-03-13 01:19:41,231 - INFO - Elapsed Time: 35.40s | Pan Error: -35.00 | Face Confidence: 76%
2025-03-13 01:19:41,316 - INFO - Elapsed Time: 35.48s | Pan Error: -34.53 | Face Confidence: 67%
2025-03-13 01:19:41,407 - INFO - Elapsed Time: 35.57s | Pan Error: -27.50 | Face Confidence: 70%
2025-03-13 01:19:41,493 - INFO - Elapsed Time: 35.66s | Pan Error: -27.97 | Face Confidence: 79%
2025-03-13 01:19:41,582 - INFO - Elapsed Time: 35.74s | Pan Error: -28.91 | Face Confidence: 86%
2025-03-13 01:19:41,671 - INFO - Elapsed Time: 35.83s | Pan Error: -31.25 | Face Confidence: 84%
2025-03-13 01:19:41,759 - INFO - Elapsed Time: 35.92s | Pan Error: -30.78 | Face Confidence: 86%
2025-03-13 01:19:41,847 - INFO - Elapsed Time: 36.01s | Pan Error: -29.06 | Face Confidence: 84%
2025-03-13 01:19:41,934 - INFO - Elapsed Time: 36.10s | Pan Error: -29.84 | Face Confidence: 83%
2025-03-13 01:19:42,025 - INFO - Elapsed Time: 36.19s | Pan Error: -29.06 | Face Confidence: 83%
2025-03-13 01:19:42,115 - INFO - Elapsed Time: 36.28s | Pan Error: -30.00 | Face Confidence: 85%
2025-03-13 01:19:42,201 - INFO - Elapsed Time: 36.37s | Pan Error: -34.22 | Face Confidence: 82%
2025-03-13 01:19:42,293 - INFO - Elapsed Time: 36.45s | Pan Error: -32.97 | Face Confidence: 81%
2025-03-13 01:19:42,384 - INFO - Elapsed Time: 36.55s | Pan Error: -30.16 | Face Confidence: 79%
2025-03-13 01:19:42,473 - INFO - Elapsed Time: 36.64s | Pan Error: -29.69 | Face Confidence: 83%
2025-03-13 01:19:42,561 - INFO - Elapsed Time: 36.73s | Pan Error: -31.25 | Face Confidence: 76%
2025-03-13 01:19:42,650 - INFO - Elapsed Time: 36.81s | Pan Error: -32.66 | Face Confidence: 72%
2025-03-13 01:19:42,738 - INFO - Elapsed Time: 36.90s | Pan Error: -31.09 | Face Confidence: 67%
2025-03-13 01:19:42,827 - INFO - Elapsed Time: 36.99s | Pan Error: -32.19 | Face Confidence: 62%
2025-03-13 01:19:42,919 - INFO - Elapsed Time: 37.08s | Pan Error: -35.31 | Face Confidence: 52%
2025-03-13 01:19:43,008 - INFO - Elapsed Time: 37.17s | Pan Error: -35.31 | Face Confidence: 60%
2025-03-13 01:19:43,097 - INFO - Elapsed Time: 37.26s | Pan Error: -35.16 | Face Confidence: 62%
2025-03-13 01:19:43,186 - INFO - Elapsed Time: 37.35s | Pan Error: -32.97 | Face Confidence: 50%
2025-03-13 01:19:43,276 - INFO - Elapsed Time: 37.44s | Pan Error: -32.19 | Face Confidence: 53%
2025-03-13 01:19:43,364 - INFO - Elapsed Time: 37.53s | Pan Error: -30.63 | Face Confidence: 50%
2025-03-13 01:19:44,489 - INFO - Elapsed Time: 38.65s | Pan Error: -33.91 | Face Confidence: 50%
2025-03-13 01:19:44,577 - INFO - Elapsed Time: 38.74s | Pan Error: -33.28 | Face Confidence: 50%
2025-03-13 01:19:44,837 - INFO - Elapsed Time: 39.00s | Pan Error: -32.03 | Face Confidence: 51%
2025-03-13 01:19:45,833 - INFO - Elapsed Time: 40.00s | Pan Error: -35.94 | Face Confidence: 55%
2025-03-13 01:19:45,923 - INFO - Elapsed Time: 40.09s | Pan Error: -36.25 | Face Confidence: 54%
2025-03-13 01:19:46,013 - INFO - Elapsed Time: 40.17s | Pan Error: -32.97 | Face Confidence: 50%
2025-03-13 01:19:46,183 - INFO - Elapsed Time: 40.35s | Pan Error: -30.63 | Face Confidence: 52%
2025-03-13 01:19:46,358 - INFO - Elapsed Time: 40.52s | Pan Error: -30.47 | Face Confidence: 50%
2025-03-13 01:19:46,544 - INFO - Elapsed Time: 40.71s | Pan Error: -35.16 | Face Confidence: 52%
2025-03-13 01:19:46,722 - INFO - Elapsed Time: 40.88s | Pan Error: -32.81 | Face Confidence: 64%
2025-03-13 01:19:46,812 - INFO - Elapsed Time: 40.97s | Pan Error: -31.09 | Face Confidence: 62%
2025-03-13 01:19:46,903 - INFO - Elapsed Time: 41.06s | Pan Error: -32.19 | Face Confidence: 64%
2025-03-13 01:19:46,990 - INFO - Elapsed Time: 41.15s | Pan Error: -27.34 | Face Confidence: 62%
2025-03-13 01:19:47,081 - INFO - Elapsed Time: 41.24s | Pan Error: -41.56 | Face Confidence: 54%
2025-03-13 01:19:47,172 - INFO - Elapsed Time: 41.33s | Pan Error: 17.97 | Face Confidence: 59%
2025-03-13 01:19:47,428 - INFO - Elapsed Time: 41.59s | Pan Error: -32.03 | Face Confidence: 78%
2025-03-13 01:19:47,515 - INFO - Elapsed Time: 41.68s | Pan Error: -32.50 | Face Confidence: 81%
2025-03-13 01:19:47,603 - INFO - Elapsed Time: 41.77s | Pan Error: -34.38 | Face Confidence: 72%
2025-03-13 01:19:47,618 - INFO - Stream stats - Frame: 1200, Size: 185673 bytes, Clients: 1
2025-03-13 01:19:47,690 - INFO - Elapsed Time: 41.85s | Pan Error: -32.34 | Face Confidence: 61%
2025-03-13 01:19:47,779 - INFO - Elapsed Time: 41.94s | Pan Error: -32.50 | Face Confidence: 62%
2025-03-13 01:19:47,868 - INFO - Elapsed Time: 42.03s | Pan Error: -30.63 | Face Confidence: 62%
2025-03-13 01:19:47,958 - INFO - Elapsed Time: 42.12s | Pan Error: -32.66 | Face Confidence: 76%
2025-03-13 01:19:48,049 - INFO - Elapsed Time: 42.21s | Pan Error: -31.41 | Face Confidence: 84%
2025-03-13 01:19:48,140 - INFO - Elapsed Time: 42.30s | Pan Error: -29.84 | Face Confidence: 86%
2025-03-13 01:19:48,229 - INFO - Elapsed Time: 42.39s | Pan Error: -28.12 | Face Confidence: 80%
2025-03-13 01:19:48,318 - INFO - Elapsed Time: 42.48s | Pan Error: -28.59 | Face Confidence: 71%
2025-03-13 01:19:48,406 - INFO - Elapsed Time: 42.57s | Pan Error: -28.75 | Face Confidence: 66%
2025-03-13 01:19:48,499 - INFO - Elapsed Time: 42.66s | Pan Error: -33.75 | Face Confidence: 67%
2025-03-13 01:19:48,587 - INFO - Elapsed Time: 42.75s | Pan Error: -26.88 | Face Confidence: 70%
2025-03-13 01:19:48,674 - INFO - Elapsed Time: 42.84s | Pan Error: -31.41 | Face Confidence: 69%
2025-03-13 01:19:48,766 - INFO - Elapsed Time: 42.93s | Pan Error: -26.72 | Face Confidence: 72%
2025-03-13 01:19:48,855 - INFO - Elapsed Time: 43.02s | Pan Error: -27.03 | Face Confidence: 75%
2025-03-13 01:19:48,941 - INFO - Elapsed Time: 43.11s | Pan Error: -26.88 | Face Confidence: 77%
2025-03-13 01:19:49,044 - INFO - Elapsed Time: 43.19s | Pan Error: -31.87 | Face Confidence: 69%
2025-03-13 01:19:49,225 - INFO - Elapsed Time: 43.39s | Pan Error: 84.06 | Face Confidence: 55%
2025-03-13 01:19:49,314 - INFO - Elapsed Time: 43.48s | Pan Error: 83.91 | Face Confidence: 57%
2025-03-13 01:19:49,644 - INFO - Elapsed Time: 43.81s | Pan Error: 11.09 | Face Confidence: 53%
2025-03-13 01:19:49,739 - INFO - Elapsed Time: 43.90s | Pan Error: 6.25 | Face Confidence: 52%
2025-03-13 01:19:49,827 - INFO - Elapsed Time: 43.99s | Pan Error: 31.72 | Face Confidence: 51%
2025-03-13 01:19:49,913 - INFO - Elapsed Time: 44.08s | Pan Error: 27.81 | Face Confidence: 56%
2025-03-13 01:19:50,256 - INFO - Elapsed Time: 44.42s | Pan Error: -35.47 | Face Confidence: 56%
2025-03-13 01:19:50,345 - INFO - Elapsed Time: 44.51s | Pan Error: -4.53 | Face Confidence: 60%
2025-03-13 01:19:50,516 - INFO - Elapsed Time: 44.68s | Pan Error: -33.44 | Face Confidence: 55%
2025-03-13 01:19:50,608 - INFO - Elapsed Time: 44.77s | Pan Error: -31.25 | Face Confidence: 58%
2025-03-13 01:19:50,859 - INFO - Elapsed Time: 45.02s | Pan Error: 33.75 | Face Confidence: 50%
2025-03-13 01:19:51,438 - INFO - Elapsed Time: 45.60s | Pan Error: -9.38 | Face Confidence: 50%
2025-03-13 01:19:52,941 - INFO - Elapsed Time: 47.10s | Pan Error: 20.78 | Face Confidence: 50%
2025-03-13 01:19:54,757 - INFO - Elapsed Time: 48.92s | Pan Error: -19.84 | Face Confidence: 52%
2025-03-13 01:19:55,017 - INFO - Elapsed Time: 49.18s | Pan Error: -72.34 | Face Confidence: 58%
2025-03-13 01:19:55,429 - INFO - Elapsed Time: 49.59s | Pan Error: -68.91 | Face Confidence: 55%
2025-03-13 01:19:55,519 - INFO - Elapsed Time: 49.68s | Pan Error: -68.28 | Face Confidence: 57%
2025-03-13 01:19:55,690 - INFO - Elapsed Time: 49.85s | Pan Error: -38.28 | Face Confidence: 71%
2025-03-13 01:19:55,778 - INFO - Elapsed Time: 49.94s | Pan Error: -29.06 | Face Confidence: 85%
2025-03-13 01:19:55,868 - INFO - Elapsed Time: 50.03s | Pan Error: -25.31 | Face Confidence: 83%
2025-03-13 01:19:55,957 - INFO - Elapsed Time: 50.12s | Pan Error: -25.47 | Face Confidence: 83%
2025-03-13 01:19:56,044 - INFO - Elapsed Time: 50.21s | Pan Error: -24.06 | Face Confidence: 86%
2025-03-13 01:19:56,131 - INFO - Elapsed Time: 50.30s | Pan Error: -23.44 | Face Confidence: 83%
2025-03-13 01:19:56,220 - INFO - Elapsed Time: 50.38s | Pan Error: -25.62 | Face Confidence: 82%
2025-03-13 01:19:56,307 - INFO - Elapsed Time: 50.47s | Pan Error: -25.16 | Face Confidence: 83%
2025-03-13 01:19:56,393 - INFO - Elapsed Time: 50.56s | Pan Error: -24.22 | Face Confidence: 79%
2025-03-13 01:19:56,485 - INFO - Elapsed Time: 50.65s | Pan Error: -25.31 | Face Confidence: 79%
2025-03-13 01:19:56,574 - INFO - Elapsed Time: 50.74s | Pan Error: -25.00 | Face Confidence: 69%
2025-03-13 01:19:56,665 - INFO - Elapsed Time: 50.83s | Pan Error: -25.31 | Face Confidence: 77%
2025-03-13 01:19:56,752 - INFO - Elapsed Time: 50.92s | Pan Error: -26.88 | Face Confidence: 74%
2025-03-13 01:19:56,841 - INFO - Elapsed Time: 51.00s | Pan Error: -24.84 | Face Confidence: 72%
2025-03-13 01:19:56,928 - INFO - Elapsed Time: 51.09s | Pan Error: -26.25 | Face Confidence: 61%
2025-03-13 01:19:57,016 - INFO - Elapsed Time: 51.18s | Pan Error: -28.75 | Face Confidence: 63%
2025-03-13 01:19:57,104 - INFO - Elapsed Time: 51.27s | Pan Error: -27.34 | Face Confidence: 56%
2025-03-13 01:19:57,192 - INFO - Elapsed Time: 51.35s | Pan Error: -27.50 | Face Confidence: 57%
2025-03-13 01:19:57,281 - INFO - Elapsed Time: 51.44s | Pan Error: -29.06 | Face Confidence: 60%
2025-03-13 01:19:57,370 - INFO - Elapsed Time: 51.53s | Pan Error: -27.03 | Face Confidence: 65%
2025-03-13 01:19:57,458 - INFO - Elapsed Time: 51.62s | Pan Error: -28.91 | Face Confidence: 64%
2025-03-13 01:19:57,552 - INFO - Elapsed Time: 51.71s | Pan Error: -29.22 | Face Confidence: 57%
2025-03-13 01:19:57,652 - INFO - Elapsed Time: 51.81s | Pan Error: -31.25 | Face Confidence: 52%
2025-03-13 01:19:57,666 - INFO - Stream stats - Frame: 1500, Size: 172396 bytes, Clients: 1
2025-03-13 01:19:58,245 - INFO - Elapsed Time: 52.41s | Pan Error: -37.50 | Face Confidence: 51%
2025-03-13 01:19:58,333 - INFO - Elapsed Time: 52.50s | Pan Error: -39.38 | Face Confidence: 59%
2025-03-13 01:19:58,929 - INFO - Elapsed Time: 53.09s | Pan Error: -33.91 | Face Confidence: 50%
2025-03-13 01:19:59,110 - INFO - Elapsed Time: 53.27s | Pan Error: 19.22 | Face Confidence: 51%
2025-03-13 01:20:00,554 - INFO - Camera stopped
