2025-03-13 00:46:51,431 - INFO - Face tracking logging system initialized.
2025-03-13 00:46:51,481 - INFO - Initialization successful.
2025-03-13 00:46:51,482 - INFO - Camera now open.
2025-03-13 00:46:51,486 - INFO - Camera configuration has been adjusted!
2025-03-13 00:46:51,488 - INFO - Configuration successful!
2025-03-13 00:46:51,535 - INFO - Camera started
2025-03-13 00:46:51,549 - INFO - [31m[1mWARNING: This is a development server. Do not use it in a production deployment. Use a production WSGI server instead.[0m
 * Running on all addresses (0.0.0.0)
 * Running on http://127.0.0.1:5000
 * Running on http://172.20.10.4:5000
2025-03-13 00:46:51,550 - INFO - [33mPress CTRL+C to quit[0m
2025-03-13 00:46:51,747 - INFO - Stream stats - Frame: 0, Size: 193959 bytes, Clients: 0
2025-03-13 00:46:53,129 - INFO - 172.20.10.2 - - [13/Mar/2025 00:46:53] "GET / HTTP/1.1" 200 -
2025-03-13 00:46:53,188 - INFO - Client connected. Total clients: 1
2025-03-13 00:46:53,306 - INFO - 172.20.10.2 - - [13/Mar/2025 00:46:53] "GET /video_feed HTTP/1.1" 200 -
2025-03-13 00:46:54,559 - INFO - Elapsed Time: 2.99s | Pan Error: -46.25 | Face Confidence: 54%
2025-03-13 00:46:54,645 - INFO - Elapsed Time: 3.07s | Pan Error: -46.56 | Face Confidence: 51%
2025-03-13 00:46:54,896 - INFO - Elapsed Time: 3.32s | Pan Error: -36.09 | Face Confidence: 66%
2025-03-13 00:46:54,982 - INFO - Elapsed Time: 3.41s | Pan Error: -33.75 | Face Confidence: 61%
2025-03-13 00:46:55,067 - INFO - Elapsed Time: 3.50s | Pan Error: -22.97 | Face Confidence: 62%
2025-03-13 00:46:55,152 - INFO - Elapsed Time: 3.58s | Pan Error: -8.59 | Face Confidence: 76%
2025-03-13 00:46:55,242 - INFO - Elapsed Time: 3.67s | Pan Error: -0.31 | Face Confidence: 68%
2025-03-13 00:46:55,333 - INFO - Elapsed Time: 3.76s | Pan Error: 9.84 | Face Confidence: 73%
2025-03-13 00:46:55,419 - INFO - Elapsed Time: 3.85s | Pan Error: 13.59 | Face Confidence: 65%
2025-03-13 00:46:55,504 - INFO - Elapsed Time: 3.93s | Pan Error: 13.59 | Face Confidence: 72%
2025-03-13 00:46:55,589 - INFO - Elapsed Time: 4.02s | Pan Error: 83.75 | Face Confidence: 72%
2025-03-13 00:46:55,676 - INFO - Elapsed Time: 4.10s | Pan Error: 77.66 | Face Confidence: 69%
2025-03-13 00:46:56,013 - INFO - Elapsed Time: 4.44s | Pan Error: -28.12 | Face Confidence: 84%
2025-03-13 00:46:56,100 - INFO - Elapsed Time: 4.53s | Pan Error: -35.62 | Face Confidence: 87%
2025-03-13 00:46:56,349 - INFO - Elapsed Time: 4.78s | Pan Error: -5.47 | Face Confidence: 82%
2025-03-13 00:46:56,444 - INFO - Elapsed Time: 4.87s | Pan Error: 1.41 | Face Confidence: 82%
2025-03-13 00:46:56,536 - INFO - Elapsed Time: 4.96s | Pan Error: 2.97 | Face Confidence: 62%
2025-03-13 00:46:56,624 - INFO - Elapsed Time: 5.05s | Pan Error: 2.34 | Face Confidence: 62%
2025-03-13 00:46:56,715 - INFO - Elapsed Time: 5.14s | Pan Error: 2.03 | Face Confidence: 66%
2025-03-13 00:46:56,807 - INFO - Elapsed Time: 5.23s | Pan Error: 3.59 | Face Confidence: 80%
2025-03-13 00:46:56,907 - INFO - Elapsed Time: 5.32s | Pan Error: 3.91 | Face Confidence: 77%
2025-03-13 00:46:56,995 - INFO - Elapsed Time: 5.42s | Pan Error: 1.09 | Face Confidence: 77%
2025-03-13 00:46:57,089 - INFO - Elapsed Time: 5.51s | Pan Error: 0.00 | Face Confidence: 73%
2025-03-13 00:46:57,180 - INFO - Elapsed Time: 5.61s | Pan Error: -68.75 | Face Confidence: 53%
2025-03-13 00:46:57,279 - INFO - Elapsed Time: 5.70s | Pan Error: -68.59 | Face Confidence: 59%
2025-03-13 00:46:57,606 - INFO - Elapsed Time: 6.03s | Pan Error: -3.12 | Face Confidence: 56%
2025-03-13 00:46:57,698 - INFO - Elapsed Time: 6.12s | Pan Error: -0.94 | Face Confidence: 51%
2025-03-13 00:46:57,786 - INFO - Elapsed Time: 6.22s | Pan Error: 4.38 | Face Confidence: 59%
2025-03-13 00:46:57,961 - INFO - Elapsed Time: 6.39s | Pan Error: 7.97 | Face Confidence: 51%
2025-03-13 00:46:58,068 - INFO - Elapsed Time: 6.50s | Pan Error: 6.09 | Face Confidence: 56%
2025-03-13 00:46:58,842 - INFO - Elapsed Time: 7.27s | Pan Error: 67.66 | Face Confidence: 53%
2025-03-13 00:47:00,894 - INFO - Elapsed Time: 9.32s | Pan Error: -52.03 | Face Confidence: 51%
2025-03-13 00:47:00,982 - INFO - Elapsed Time: 9.41s | Pan Error: -52.81 | Face Confidence: 61%
2025-03-13 00:47:01,233 - INFO - Elapsed Time: 9.66s | Pan Error: 3.44 | Face Confidence: 57%
2025-03-13 00:47:01,319 - INFO - Elapsed Time: 9.75s | Pan Error: 9.84 | Face Confidence: 64%
2025-03-13 00:47:01,411 - INFO - Elapsed Time: 9.84s | Pan Error: 12.66 | Face Confidence: 53%
2025-03-13 00:47:01,501 - INFO - Elapsed Time: 9.93s | Pan Error: 14.53 | Face Confidence: 55%
2025-03-13 00:47:01,587 - INFO - Elapsed Time: 10.02s | Pan Error: 13.75 | Face Confidence: 71%
2025-03-13 00:47:01,676 - INFO - Elapsed Time: 10.10s | Pan Error: 3.12 | Face Confidence: 56%
2025-03-13 00:47:01,763 - INFO - Elapsed Time: 10.19s | Pan Error: 1.09 | Face Confidence: 70%
2025-03-13 00:47:01,848 - INFO - Elapsed Time: 10.28s | Pan Error: 45.16 | Face Confidence: 51%
2025-03-13 00:47:01,936 - INFO - Elapsed Time: 10.36s | Pan Error: -9.69 | Face Confidence: 50%
2025-03-13 00:47:02,030 - INFO - Elapsed Time: 10.46s | Pan Error: -11.88 | Face Confidence: 53%
2025-03-13 00:47:02,119 - INFO - Elapsed Time: 10.55s | Pan Error: -31.56 | Face Confidence: 54%
2025-03-13 00:47:02,205 - INFO - Elapsed Time: 10.63s | Pan Error: -32.97 | Face Confidence: 51%
2025-03-13 00:47:02,292 - INFO - Elapsed Time: 10.72s | Pan Error: -32.03 | Face Confidence: 63%
2025-03-13 00:47:02,390 - INFO - Elapsed Time: 10.81s | Pan Error: -9.69 | Face Confidence: 66%
2025-03-13 00:47:02,479 - INFO - Elapsed Time: 10.91s | Pan Error: 4.38 | Face Confidence: 71%
2025-03-13 00:47:02,571 - INFO - Elapsed Time: 10.99s | Pan Error: 13.28 | Face Confidence: 57%
2025-03-13 00:47:02,663 - INFO - Elapsed Time: 11.09s | Pan Error: -2.34 | Face Confidence: 53%
2025-03-13 00:47:02,839 - INFO - Elapsed Time: 11.26s | Pan Error: 18.91 | Face Confidence: 60%
2025-03-13 00:47:03,172 - INFO - Elapsed Time: 11.60s | Pan Error: 7.03 | Face Confidence: 55%
2025-03-13 00:47:03,279 - INFO - Stream stats - Frame: 300, Size: 208957 bytes, Clients: 1
2025-03-13 00:47:03,349 - INFO - Elapsed Time: 11.78s | Pan Error: 49.38 | Face Confidence: 57%
2025-03-13 00:47:03,439 - INFO - Elapsed Time: 11.87s | Pan Error: 48.28 | Face Confidence: 78%
2025-03-13 00:47:03,715 - INFO - Elapsed Time: 12.14s | Pan Error: -1.09 | Face Confidence: 75%
2025-03-13 00:47:03,806 - INFO - Elapsed Time: 12.23s | Pan Error: -4.69 | Face Confidence: 78%
2025-03-13 00:47:03,893 - INFO - Elapsed Time: 12.32s | Pan Error: -4.69 | Face Confidence: 80%
2025-03-13 00:47:03,979 - INFO - Elapsed Time: 12.41s | Pan Error: -2.50 | Face Confidence: 71%
2025-03-13 00:47:04,066 - INFO - Elapsed Time: 12.49s | Pan Error: -1.56 | Face Confidence: 79%
2025-03-13 00:47:04,151 - INFO - Elapsed Time: 12.58s | Pan Error: -0.16 | Face Confidence: 87%
2025-03-13 00:47:04,238 - INFO - Elapsed Time: 12.66s | Pan Error: 0.00 | Face Confidence: 85%
2025-03-13 00:47:04,329 - INFO - Elapsed Time: 12.76s | Pan Error: 1.25 | Face Confidence: 87%
2025-03-13 00:47:04,419 - INFO - Elapsed Time: 12.85s | Pan Error: 0.78 | Face Confidence: 78%
2025-03-13 00:47:04,507 - INFO - Elapsed Time: 12.93s | Pan Error: 1.88 | Face Confidence: 82%
2025-03-13 00:47:04,595 - INFO - Elapsed Time: 13.02s | Pan Error: 6.56 | Face Confidence: 85%
2025-03-13 00:47:04,680 - INFO - Elapsed Time: 13.11s | Pan Error: 10.31 | Face Confidence: 70%
2025-03-13 00:47:04,767 - INFO - Elapsed Time: 13.19s | Pan Error: 13.12 | Face Confidence: 76%
2025-03-13 00:47:04,853 - INFO - Elapsed Time: 13.28s | Pan Error: -62.81 | Face Confidence: 55%
2025-03-13 00:47:05,192 - INFO - Elapsed Time: 13.62s | Pan Error: -31.41 | Face Confidence: 51%
2025-03-13 00:47:05,282 - INFO - Elapsed Time: 13.71s | Pan Error: -30.78 | Face Confidence: 60%
2025-03-13 00:47:05,538 - INFO - Elapsed Time: 13.96s | Pan Error: -3.75 | Face Confidence: 54%
2025-03-13 00:47:06,135 - INFO - Elapsed Time: 14.56s | Pan Error: 5.31 | Face Confidence: 50%
2025-03-13 00:47:06,390 - INFO - Elapsed Time: 14.82s | Pan Error: -1.56 | Face Confidence: 55%
2025-03-13 00:47:06,483 - INFO - Elapsed Time: 14.91s | Pan Error: -4.69 | Face Confidence: 52%
2025-03-13 00:47:06,663 - INFO - Elapsed Time: 15.09s | Pan Error: -0.62 | Face Confidence: 51%
2025-03-13 00:47:07,839 - INFO - Elapsed Time: 16.27s | Pan Error: -2.50 | Face Confidence: 50%
2025-03-13 00:47:08,086 - INFO - Elapsed Time: 16.52s | Pan Error: -11.56 | Face Confidence: 54%
2025-03-13 00:47:08,176 - INFO - Elapsed Time: 16.60s | Pan Error: -11.88 | Face Confidence: 52%
2025-03-13 00:47:08,354 - INFO - Elapsed Time: 16.78s | Pan Error: 0.16 | Face Confidence: 54%
2025-03-13 00:47:08,441 - INFO - Elapsed Time: 16.87s | Pan Error: -4.06 | Face Confidence: 54%
2025-03-13 00:47:08,528 - INFO - Elapsed Time: 16.96s | Pan Error: -0.62 | Face Confidence: 62%
2025-03-13 00:47:08,628 - INFO - Elapsed Time: 17.04s | Pan Error: 2.03 | Face Confidence: 65%
2025-03-13 00:47:09,345 - INFO - Elapsed Time: 17.77s | Pan Error: 5.00 | Face Confidence: 64%
2025-03-13 00:47:09,512 - INFO - Elapsed Time: 17.94s | Pan Error: 9.06 | Face Confidence: 72%
2025-03-13 00:47:10,101 - INFO - Elapsed Time: 18.53s | Pan Error: -2.19 | Face Confidence: 54%
2025-03-13 00:47:10,189 - INFO - Elapsed Time: 18.62s | Pan Error: -0.78 | Face Confidence: 51%
2025-03-13 00:47:10,276 - INFO - Elapsed Time: 18.71s | Pan Error: -1.41 | Face Confidence: 51%
2025-03-13 00:47:10,369 - INFO - Elapsed Time: 18.79s | Pan Error: 3.12 | Face Confidence: 55%
2025-03-13 00:47:10,462 - INFO - Elapsed Time: 18.89s | Pan Error: 9.69 | Face Confidence: 52%
2025-03-13 00:47:10,552 - INFO - Elapsed Time: 18.98s | Pan Error: 15.00 | Face Confidence: 63%
2025-03-13 00:47:10,642 - INFO - Elapsed Time: 19.07s | Pan Error: 15.16 | Face Confidence: 80%
2025-03-13 00:47:10,734 - INFO - Elapsed Time: 19.16s | Pan Error: 13.44 | Face Confidence: 80%
2025-03-13 00:47:10,821 - INFO - Elapsed Time: 19.25s | Pan Error: 7.03 | Face Confidence: 66%
2025-03-13 00:47:10,909 - INFO - Elapsed Time: 19.34s | Pan Error: 2.50 | Face Confidence: 67%
2025-03-13 00:47:11,004 - INFO - Elapsed Time: 19.43s | Pan Error: -1.88 | Face Confidence: 71%
2025-03-13 00:47:11,090 - INFO - Elapsed Time: 19.52s | Pan Error: -7.19 | Face Confidence: 72%
2025-03-13 00:47:11,175 - INFO - Elapsed Time: 19.61s | Pan Error: -9.38 | Face Confidence: 69%
2025-03-13 00:47:11,268 - INFO - Elapsed Time: 19.69s | Pan Error: -17.81 | Face Confidence: 70%
2025-03-13 00:47:11,359 - INFO - Elapsed Time: 19.79s | Pan Error: -24.22 | Face Confidence: 68%
2025-03-13 00:47:11,446 - INFO - Elapsed Time: 19.88s | Pan Error: -25.78 | Face Confidence: 66%
2025-03-13 00:47:11,534 - INFO - Elapsed Time: 19.96s | Pan Error: -23.28 | Face Confidence: 67%
2025-03-13 00:47:11,624 - INFO - Elapsed Time: 20.05s | Pan Error: -19.69 | Face Confidence: 52%
2025-03-13 00:47:12,043 - INFO - Elapsed Time: 20.47s | Pan Error: 25.62 | Face Confidence: 70%
2025-03-13 00:47:12,143 - INFO - Elapsed Time: 20.56s | Pan Error: 36.56 | Face Confidence: 81%
2025-03-13 00:47:12,233 - INFO - Elapsed Time: 20.66s | Pan Error: 37.50 | Face Confidence: 73%
2025-03-13 00:47:12,319 - INFO - Elapsed Time: 20.75s | Pan Error: 34.84 | Face Confidence: 58%
2025-03-13 00:47:12,409 - INFO - Elapsed Time: 20.84s | Pan Error: 23.28 | Face Confidence: 52%
2025-03-13 00:47:12,579 - INFO - Elapsed Time: 21.01s | Pan Error: -5.62 | Face Confidence: 50%
2025-03-13 00:47:12,664 - INFO - Elapsed Time: 21.09s | Pan Error: -18.28 | Face Confidence: 64%
2025-03-13 00:47:12,749 - INFO - Elapsed Time: 21.18s | Pan Error: -22.19 | Face Confidence: 83%
2025-03-13 00:47:12,837 - INFO - Elapsed Time: 21.26s | Pan Error: -26.41 | Face Confidence: 79%
2025-03-13 00:47:12,922 - INFO - Elapsed Time: 21.35s | Pan Error: -21.88 | Face Confidence: 67%
2025-03-13 00:47:13,009 - INFO - Elapsed Time: 21.44s | Pan Error: -10.62 | Face Confidence: 72%
2025-03-13 00:47:13,174 - INFO - Elapsed Time: 21.60s | Pan Error: 4.84 | Face Confidence: 70%
2025-03-13 00:47:13,260 - INFO - Elapsed Time: 21.69s | Pan Error: 5.78 | Face Confidence: 76%
2025-03-13 00:47:13,349 - INFO - Stream stats - Frame: 600, Size: 200858 bytes, Clients: 1
2025-03-13 00:47:13,349 - INFO - Elapsed Time: 21.78s | Pan Error: 7.97 | Face Confidence: 77%
2025-03-13 00:47:13,437 - INFO - Elapsed Time: 21.86s | Pan Error: 5.78 | Face Confidence: 66%
2025-03-13 00:47:13,693 - INFO - Elapsed Time: 22.11s | Pan Error: 2.66 | Face Confidence: 54%
2025-03-13 00:47:13,791 - INFO - Elapsed Time: 22.22s | Pan Error: 3.28 | Face Confidence: 54%
2025-03-13 00:47:13,875 - INFO - Elapsed Time: 22.30s | Pan Error: 2.19 | Face Confidence: 59%
2025-03-13 00:47:13,962 - INFO - Elapsed Time: 22.39s | Pan Error: 2.66 | Face Confidence: 54%
2025-03-13 00:47:14,050 - INFO - Elapsed Time: 22.48s | Pan Error: -2.19 | Face Confidence: 55%
2025-03-13 00:47:14,138 - INFO - Elapsed Time: 22.56s | Pan Error: 3.28 | Face Confidence: 50%
2025-03-13 00:47:14,225 - INFO - Elapsed Time: 22.65s | Pan Error: 3.44 | Face Confidence: 55%
2025-03-13 00:47:14,310 - INFO - Elapsed Time: 22.74s | Pan Error: -5.62 | Face Confidence: 62%
2025-03-13 00:47:14,396 - INFO - Elapsed Time: 22.82s | Pan Error: -7.50 | Face Confidence: 69%
2025-03-13 00:47:14,480 - INFO - Elapsed Time: 22.91s | Pan Error: -8.44 | Face Confidence: 57%
2025-03-13 00:47:14,568 - INFO - Elapsed Time: 23.00s | Pan Error: -9.53 | Face Confidence: 71%
2025-03-13 00:47:14,655 - INFO - Elapsed Time: 23.08s | Pan Error: -7.97 | Face Confidence: 71%
2025-03-13 00:47:14,743 - INFO - Elapsed Time: 23.17s | Pan Error: -6.56 | Face Confidence: 66%
2025-03-13 00:47:14,828 - INFO - Elapsed Time: 23.26s | Pan Error: 5.62 | Face Confidence: 63%
2025-03-13 00:47:14,914 - INFO - Elapsed Time: 23.34s | Pan Error: 10.78 | Face Confidence: 71%
2025-03-13 00:47:15,000 - INFO - Elapsed Time: 23.43s | Pan Error: 17.34 | Face Confidence: 63%
2025-03-13 00:47:15,086 - INFO - Elapsed Time: 23.51s | Pan Error: 15.47 | Face Confidence: 67%
2025-03-13 00:47:15,175 - INFO - Elapsed Time: 23.60s | Pan Error: 10.47 | Face Confidence: 57%
2025-03-13 00:47:15,262 - INFO - Elapsed Time: 23.69s | Pan Error: 3.75 | Face Confidence: 53%
2025-03-13 00:47:15,350 - INFO - Elapsed Time: 23.78s | Pan Error: 4.22 | Face Confidence: 54%
2025-03-13 00:47:16,934 - INFO - Elapsed Time: 25.36s | Pan Error: -20.16 | Face Confidence: 56%
2025-03-13 00:47:17,024 - INFO - Elapsed Time: 25.45s | Pan Error: -18.75 | Face Confidence: 64%
2025-03-13 00:47:17,279 - INFO - Elapsed Time: 25.70s | Pan Error: 23.75 | Face Confidence: 51%
2025-03-13 00:47:17,369 - INFO - Elapsed Time: 25.79s | Pan Error: -1.72 | Face Confidence: 52%
2025-03-13 00:47:17,537 - INFO - Elapsed Time: 25.96s | Pan Error: -7.81 | Face Confidence: 54%
2025-03-13 00:47:17,631 - INFO - Elapsed Time: 26.05s | Pan Error: -14.69 | Face Confidence: 57%
2025-03-13 00:47:17,720 - INFO - Elapsed Time: 26.15s | Pan Error: -17.50 | Face Confidence: 67%
2025-03-13 00:47:17,811 - INFO - Elapsed Time: 26.24s | Pan Error: -16.56 | Face Confidence: 55%
2025-03-13 00:47:17,899 - INFO - Elapsed Time: 26.33s | Pan Error: -13.59 | Face Confidence: 50%
2025-03-13 00:47:17,990 - INFO - Elapsed Time: 26.41s | Pan Error: 45.78 | Face Confidence: 57%
2025-03-13 00:47:18,241 - INFO - Elapsed Time: 26.67s | Pan Error: -6.72 | Face Confidence: 65%
2025-03-13 00:47:18,329 - INFO - Elapsed Time: 26.76s | Pan Error: -9.38 | Face Confidence: 62%
2025-03-13 00:47:18,414 - INFO - Elapsed Time: 26.84s | Pan Error: 44.06 | Face Confidence: 57%
2025-03-13 00:47:18,501 - INFO - Elapsed Time: 26.93s | Pan Error: 44.69 | Face Confidence: 56%
2025-03-13 00:47:18,859 - INFO - Elapsed Time: 27.27s | Pan Error: 7.03 | Face Confidence: 51%
2025-03-13 00:47:19,430 - INFO - Elapsed Time: 27.86s | Pan Error: -54.53 | Face Confidence: 51%
2025-03-13 00:47:19,521 - INFO - Elapsed Time: 27.95s | Pan Error: -53.91 | Face Confidence: 50%
2025-03-13 00:47:19,857 - INFO - Elapsed Time: 28.28s | Pan Error: 47.19 | Face Confidence: 52%
2025-03-13 00:47:20,274 - INFO - Elapsed Time: 28.70s | Pan Error: 23.91 | Face Confidence: 56%
2025-03-13 00:47:20,362 - INFO - Elapsed Time: 28.79s | Pan Error: 20.16 | Face Confidence: 53%
2025-03-13 00:47:20,617 - INFO - Elapsed Time: 29.04s | Pan Error: 8.91 | Face Confidence: 58%
2025-03-13 00:47:20,885 - INFO - Elapsed Time: 29.31s | Pan Error: -19.38 | Face Confidence: 52%
2025-03-13 00:47:20,977 - INFO - Elapsed Time: 29.40s | Pan Error: -44.06 | Face Confidence: 52%
2025-03-13 00:47:21,233 - INFO - Elapsed Time: 29.66s | Pan Error: -26.25 | Face Confidence: 51%
2025-03-13 00:47:21,408 - INFO - Elapsed Time: 29.84s | Pan Error: 11.56 | Face Confidence: 51%
2025-03-13 00:47:21,428 - INFO - Camera stopped
2025-03-13 00:47:21,514 - INFO - Elapsed Time: 29.94s | Pan Error: 35.00 | Face Confidence: 63%
2025-03-13 00:47:21,597 - INFO - Elapsed Time: 30.03s | Pan Error: 35.00 | Face Confidence: 63%
