2025-03-13 01:28:41,655 - INFO - Face tracking logging system initialized.
2025-03-13 01:28:41,705 - INFO - Initialization successful.
2025-03-13 01:28:41,705 - INFO - Camera now open.
2025-03-13 01:28:41,710 - INFO - Camera configuration has been adjusted!
2025-03-13 01:28:41,712 - INFO - Configuration successful!
2025-03-13 01:28:41,759 - INFO - Camera started
2025-03-13 01:28:41,773 - INFO - [31m[1mWARNING: This is a development server. Do not use it in a production deployment. Use a production WSGI server instead.[0m
 * Running on all addresses (0.0.0.0)
 * Running on http://127.0.0.1:5000
 * Running on http://172.20.10.4:5000
2025-03-13 01:28:41,773 - INFO - [33mPress CTRL+C to quit[0m
2025-03-13 01:28:41,973 - INFO - Stream stats - Frame: 0, Size: 189694 bytes, Clients: 0
2025-03-13 01:28:48,923 - INFO - 172.20.10.2 - - [13/Mar/2025 01:28:48] "GET / HTTP/1.1" 200 -
2025-03-13 01:28:48,971 - INFO - Client connected. Total clients: 1
2025-03-13 01:28:49,034 - INFO - 172.20.10.2 - - [13/Mar/2025 01:28:49] "GET /video_feed HTTP/1.1" 200 -
2025-03-13 01:28:51,635 - INFO - Elapsed Time: 9.83s | Pan Error: -33.75 | Face Confidence: 66%
2025-03-13 01:28:51,727 - INFO - Elapsed Time: 9.93s | Pan Error: -35.78 | Face Confidence: 80%
2025-03-13 01:28:51,813 - INFO - Elapsed Time: 10.02s | Pan Error: -38.12 | Face Confidence: 74%
2025-03-13 01:28:51,979 - INFO - Elapsed Time: 10.18s | Pan Error: -12.34 | Face Confidence: 83%
2025-03-13 01:28:52,068 - INFO - Elapsed Time: 10.27s | Pan Error: 3.91 | Face Confidence: 92%
2025-03-13 01:28:52,159 - INFO - Elapsed Time: 10.36s | Pan Error: 3.75 | Face Confidence: 90%
2025-03-13 01:28:52,244 - INFO - Elapsed Time: 10.45s | Pan Error: 2.66 | Face Confidence: 81%
2025-03-13 01:28:52,334 - INFO - Elapsed Time: 10.54s | Pan Error: -0.47 | Face Confidence: 87%
2025-03-13 01:28:52,424 - INFO - Elapsed Time: 10.63s | Pan Error: -1.25 | Face Confidence: 89%
2025-03-13 01:28:52,513 - INFO - Elapsed Time: 10.71s | Pan Error: -2.19 | Face Confidence: 90%
2025-03-13 01:28:52,602 - INFO - Elapsed Time: 10.81s | Pan Error: -2.97 | Face Confidence: 91%
2025-03-13 01:28:52,694 - INFO - Elapsed Time: 10.89s | Pan Error: -4.22 | Face Confidence: 88%
2025-03-13 01:28:52,783 - INFO - Elapsed Time: 10.99s | Pan Error: -6.72 | Face Confidence: 89%
2025-03-13 01:28:52,881 - INFO - Elapsed Time: 11.08s | Pan Error: -7.50 | Face Confidence: 88%
2025-03-13 01:28:52,983 - INFO - Elapsed Time: 11.19s | Pan Error: -7.34 | Face Confidence: 90%
2025-03-13 01:28:53,069 - INFO - Elapsed Time: 11.28s | Pan Error: -3.28 | Face Confidence: 87%
2025-03-13 01:28:53,167 - INFO - Elapsed Time: 11.36s | Pan Error: -2.03 | Face Confidence: 89%
2025-03-13 01:28:53,255 - INFO - Elapsed Time: 11.46s | Pan Error: -1.25 | Face Confidence: 88%
2025-03-13 01:28:53,344 - INFO - Elapsed Time: 11.55s | Pan Error: -2.66 | Face Confidence: 85%
2025-03-13 01:28:53,432 - INFO - Elapsed Time: 11.64s | Pan Error: -8.75 | Face Confidence: 86%
2025-03-13 01:28:53,518 - INFO - Elapsed Time: 11.72s | Pan Error: -14.53 | Face Confidence: 82%
2025-03-13 01:28:53,605 - INFO - Elapsed Time: 11.81s | Pan Error: -21.41 | Face Confidence: 90%
2025-03-13 01:28:53,689 - INFO - Elapsed Time: 11.89s | Pan Error: -20.78 | Face Confidence: 92%
2025-03-13 01:28:53,772 - INFO - Elapsed Time: 11.98s | Pan Error: -16.56 | Face Confidence: 85%
2025-03-13 01:28:53,868 - INFO - Elapsed Time: 12.06s | Pan Error: -12.81 | Face Confidence: 83%
2025-03-13 01:28:53,956 - INFO - Elapsed Time: 12.16s | Pan Error: -5.16 | Face Confidence: 83%
2025-03-13 01:28:54,043 - INFO - Elapsed Time: 12.25s | Pan Error: 1.09 | Face Confidence: 70%
2025-03-13 01:28:54,135 - INFO - Elapsed Time: 12.33s | Pan Error: 1.09 | Face Confidence: 67%
2025-03-13 01:28:54,234 - INFO - Elapsed Time: 12.43s | Pan Error: 1.41 | Face Confidence: 80%
2025-03-13 01:28:54,323 - INFO - Elapsed Time: 12.53s | Pan Error: 2.03 | Face Confidence: 80%
2025-03-13 01:28:54,409 - INFO - Elapsed Time: 12.61s | Pan Error: 2.66 | Face Confidence: 86%
2025-03-13 01:28:54,504 - INFO - Elapsed Time: 12.70s | Pan Error: 9.69 | Face Confidence: 92%
2025-03-13 01:28:54,596 - INFO - Elapsed Time: 12.80s | Pan Error: 14.22 | Face Confidence: 91%
2025-03-13 01:28:54,682 - INFO - Elapsed Time: 12.89s | Pan Error: 18.59 | Face Confidence: 93%
2025-03-13 01:28:54,769 - INFO - Elapsed Time: 12.97s | Pan Error: 22.19 | Face Confidence: 87%
2025-03-13 01:28:54,860 - INFO - Elapsed Time: 13.06s | Pan Error: 20.94 | Face Confidence: 88%
2025-03-13 01:28:54,946 - INFO - Elapsed Time: 13.15s | Pan Error: 19.84 | Face Confidence: 87%
2025-03-13 01:28:55,032 - INFO - Elapsed Time: 13.24s | Pan Error: 15.16 | Face Confidence: 83%
2025-03-13 01:28:55,121 - INFO - Elapsed Time: 13.32s | Pan Error: 10.31 | Face Confidence: 83%
2025-03-13 01:28:55,206 - INFO - Elapsed Time: 13.41s | Pan Error: 3.59 | Face Confidence: 89%
2025-03-13 01:28:55,295 - INFO - Elapsed Time: 13.50s | Pan Error: -2.03 | Face Confidence: 82%
2025-03-13 01:28:55,387 - INFO - Elapsed Time: 13.59s | Pan Error: -7.03 | Face Confidence: 91%
2025-03-13 01:28:55,478 - INFO - Elapsed Time: 13.68s | Pan Error: -7.19 | Face Confidence: 89%
2025-03-13 01:28:55,565 - INFO - Elapsed Time: 13.77s | Pan Error: -3.59 | Face Confidence: 83%
2025-03-13 01:28:55,653 - INFO - Elapsed Time: 13.86s | Pan Error: -0.94 | Face Confidence: 83%
2025-03-13 01:28:55,747 - INFO - Elapsed Time: 13.94s | Pan Error: 0.62 | Face Confidence: 80%
2025-03-13 01:28:55,836 - INFO - Elapsed Time: 14.04s | Pan Error: 0.94 | Face Confidence: 85%
2025-03-13 01:28:55,922 - INFO - Elapsed Time: 14.13s | Pan Error: -1.56 | Face Confidence: 92%
2025-03-13 01:28:56,013 - INFO - Elapsed Time: 14.22s | Pan Error: -8.44 | Face Confidence: 94%
2025-03-13 01:28:56,100 - INFO - Elapsed Time: 14.30s | Pan Error: -13.59 | Face Confidence: 89%
2025-03-13 01:28:56,186 - INFO - Elapsed Time: 14.39s | Pan Error: -15.94 | Face Confidence: 94%
2025-03-13 01:28:56,275 - INFO - Elapsed Time: 14.48s | Pan Error: -15.78 | Face Confidence: 92%
2025-03-13 01:28:56,363 - INFO - Elapsed Time: 14.57s | Pan Error: -13.12 | Face Confidence: 82%
2025-03-13 01:28:56,449 - INFO - Elapsed Time: 14.65s | Pan Error: -11.09 | Face Confidence: 85%
2025-03-13 01:28:56,536 - INFO - Elapsed Time: 14.74s | Pan Error: -1.25 | Face Confidence: 90%
2025-03-13 01:28:56,625 - INFO - Elapsed Time: 14.83s | Pan Error: -0.16 | Face Confidence: 90%
2025-03-13 01:28:56,715 - INFO - Elapsed Time: 14.92s | Pan Error: -3.59 | Face Confidence: 87%
2025-03-13 01:28:56,802 - INFO - Elapsed Time: 15.01s | Pan Error: -13.91 | Face Confidence: 83%
2025-03-13 01:28:56,892 - INFO - Elapsed Time: 15.10s | Pan Error: -21.09 | Face Confidence: 88%
2025-03-13 01:28:56,980 - INFO - Elapsed Time: 15.18s | Pan Error: -28.28 | Face Confidence: 85%
2025-03-13 01:28:57,070 - INFO - Elapsed Time: 15.27s | Pan Error: -29.22 | Face Confidence: 80%
2025-03-13 01:28:57,155 - INFO - Elapsed Time: 15.36s | Pan Error: -25.47 | Face Confidence: 80%
2025-03-13 01:28:57,242 - INFO - Elapsed Time: 15.45s | Pan Error: -12.19 | Face Confidence: 74%
2025-03-13 01:28:57,333 - INFO - Elapsed Time: 15.53s | Pan Error: -2.81 | Face Confidence: 77%
2025-03-13 01:28:57,422 - INFO - Elapsed Time: 15.62s | Pan Error: 7.19 | Face Confidence: 86%
2025-03-13 01:28:57,512 - INFO - Elapsed Time: 15.71s | Pan Error: 10.47 | Face Confidence: 83%
2025-03-13 01:28:57,610 - INFO - Elapsed Time: 15.80s | Pan Error: 9.53 | Face Confidence: 87%
2025-03-13 01:28:57,698 - INFO - Elapsed Time: 15.90s | Pan Error: 6.88 | Face Confidence: 88%
2025-03-13 01:28:57,784 - INFO - Elapsed Time: 15.99s | Pan Error: -2.50 | Face Confidence: 86%
2025-03-13 01:28:57,875 - INFO - Elapsed Time: 16.07s | Pan Error: -9.22 | Face Confidence: 93%
2025-03-13 01:28:57,967 - INFO - Elapsed Time: 16.16s | Pan Error: -14.84 | Face Confidence: 88%
2025-03-13 01:28:58,069 - INFO - Elapsed Time: 16.27s | Pan Error: -14.06 | Face Confidence: 88%
2025-03-13 01:28:58,155 - INFO - Elapsed Time: 16.36s | Pan Error: -10.16 | Face Confidence: 91%
2025-03-13 01:28:58,245 - INFO - Elapsed Time: 16.45s | Pan Error: -2.97 | Face Confidence: 89%
2025-03-13 01:28:58,345 - INFO - Elapsed Time: 16.54s | Pan Error: 8.28 | Face Confidence: 92%
2025-03-13 01:28:58,433 - INFO - Elapsed Time: 16.64s | Pan Error: 19.69 | Face Confidence: 93%
2025-03-13 01:28:58,523 - INFO - Elapsed Time: 16.72s | Pan Error: 24.06 | Face Confidence: 88%
2025-03-13 01:28:58,618 - INFO - Elapsed Time: 16.81s | Pan Error: 22.66 | Face Confidence: 90%
2025-03-13 01:28:58,704 - INFO - Elapsed Time: 16.91s | Pan Error: 12.81 | Face Confidence: 78%
2025-03-13 01:28:58,792 - INFO - Elapsed Time: 16.99s | Pan Error: -0.94 | Face Confidence: 79%
2025-03-13 01:28:58,882 - INFO - Elapsed Time: 17.08s | Pan Error: -9.22 | Face Confidence: 84%
2025-03-13 01:28:58,966 - INFO - Elapsed Time: 17.17s | Pan Error: -16.72 | Face Confidence: 92%
2025-03-13 01:28:59,056 - INFO - Stream stats - Frame: 300, Size: 215531 bytes, Clients: 1
2025-03-13 01:28:59,056 - INFO - Elapsed Time: 17.26s | Pan Error: -17.19 | Face Confidence: 91%
2025-03-13 01:28:59,145 - INFO - Elapsed Time: 17.35s | Pan Error: -16.09 | Face Confidence: 91%
2025-03-13 01:28:59,235 - INFO - Elapsed Time: 17.44s | Pan Error: -10.31 | Face Confidence: 90%
2025-03-13 01:28:59,328 - INFO - Elapsed Time: 17.53s | Pan Error: 0.16 | Face Confidence: 82%
2025-03-13 01:28:59,416 - INFO - Elapsed Time: 17.62s | Pan Error: 7.81 | Face Confidence: 91%
2025-03-13 01:28:59,506 - INFO - Elapsed Time: 17.71s | Pan Error: 13.28 | Face Confidence: 86%
2025-03-13 01:28:59,596 - INFO - Elapsed Time: 17.80s | Pan Error: 15.78 | Face Confidence: 84%
2025-03-13 01:28:59,694 - INFO - Elapsed Time: 17.89s | Pan Error: 15.62 | Face Confidence: 81%
2025-03-13 01:28:59,951 - INFO - Elapsed Time: 18.15s | Pan Error: -4.06 | Face Confidence: 68%
2025-03-13 01:29:00,040 - INFO - Elapsed Time: 18.25s | Pan Error: -7.66 | Face Confidence: 53%
2025-03-13 01:29:00,134 - INFO - Elapsed Time: 18.33s | Pan Error: -9.53 | Face Confidence: 54%
2025-03-13 01:29:00,228 - INFO - Elapsed Time: 18.43s | Pan Error: -6.88 | Face Confidence: 56%
2025-03-13 01:29:00,314 - INFO - Elapsed Time: 18.52s | Pan Error: -4.06 | Face Confidence: 72%
2025-03-13 01:29:00,404 - INFO - Elapsed Time: 18.60s | Pan Error: 3.12 | Face Confidence: 62%
2025-03-13 01:29:00,498 - INFO - Elapsed Time: 18.70s | Pan Error: 6.25 | Face Confidence: 70%
2025-03-13 01:29:00,592 - INFO - Elapsed Time: 18.79s | Pan Error: 8.91 | Face Confidence: 65%
2025-03-13 01:29:00,679 - INFO - Elapsed Time: 18.88s | Pan Error: 16.25 | Face Confidence: 52%
2025-03-13 01:29:00,766 - INFO - Elapsed Time: 18.97s | Pan Error: 22.50 | Face Confidence: 73%
2025-03-13 01:29:00,855 - INFO - Elapsed Time: 19.06s | Pan Error: 24.84 | Face Confidence: 74%
2025-03-13 01:29:00,949 - INFO - Elapsed Time: 19.15s | Pan Error: 17.50 | Face Confidence: 78%
2025-03-13 01:29:01,044 - INFO - Elapsed Time: 19.24s | Pan Error: 7.34 | Face Confidence: 81%
2025-03-13 01:29:01,135 - INFO - Elapsed Time: 19.34s | Pan Error: -1.56 | Face Confidence: 76%
2025-03-13 01:29:01,227 - INFO - Elapsed Time: 19.43s | Pan Error: -11.88 | Face Confidence: 79%
2025-03-13 01:29:01,317 - INFO - Elapsed Time: 19.52s | Pan Error: -17.50 | Face Confidence: 87%
2025-03-13 01:29:01,407 - INFO - Elapsed Time: 19.61s | Pan Error: -14.06 | Face Confidence: 88%
2025-03-13 01:29:01,497 - INFO - Elapsed Time: 19.70s | Pan Error: -8.12 | Face Confidence: 70%
2025-03-13 01:29:01,589 - INFO - Elapsed Time: 19.79s | Pan Error: 7.34 | Face Confidence: 83%
2025-03-13 01:29:01,680 - INFO - Elapsed Time: 19.88s | Pan Error: 22.66 | Face Confidence: 85%
2025-03-13 01:29:01,770 - INFO - Elapsed Time: 19.97s | Pan Error: 32.81 | Face Confidence: 91%
2025-03-13 01:29:01,862 - INFO - Elapsed Time: 20.06s | Pan Error: 39.38 | Face Confidence: 84%
2025-03-13 01:29:01,951 - INFO - Elapsed Time: 20.16s | Pan Error: 39.38 | Face Confidence: 78%
2025-03-13 01:29:02,043 - INFO - Elapsed Time: 20.24s | Pan Error: 29.53 | Face Confidence: 68%
2025-03-13 01:29:02,130 - INFO - Elapsed Time: 20.33s | Pan Error: 10.78 | Face Confidence: 66%
2025-03-13 01:29:02,227 - INFO - Elapsed Time: 20.42s | Pan Error: -14.22 | Face Confidence: 73%
2025-03-13 01:29:02,318 - INFO - Elapsed Time: 20.52s | Pan Error: -23.44 | Face Confidence: 89%
2025-03-13 01:29:02,406 - INFO - Elapsed Time: 20.61s | Pan Error: -25.62 | Face Confidence: 89%
2025-03-13 01:29:02,497 - INFO - Elapsed Time: 20.70s | Pan Error: -24.53 | Face Confidence: 93%
2025-03-13 01:29:02,584 - INFO - Elapsed Time: 20.79s | Pan Error: -21.25 | Face Confidence: 87%
2025-03-13 01:29:02,668 - INFO - Elapsed Time: 20.87s | Pan Error: -10.47 | Face Confidence: 87%
2025-03-13 01:29:02,757 - INFO - Elapsed Time: 20.96s | Pan Error: -1.41 | Face Confidence: 82%
2025-03-13 01:29:02,846 - INFO - Elapsed Time: 21.05s | Pan Error: 2.50 | Face Confidence: 89%
2025-03-13 01:29:02,935 - INFO - Elapsed Time: 21.14s | Pan Error: -0.94 | Face Confidence: 90%
2025-03-13 01:29:03,027 - INFO - Elapsed Time: 21.23s | Pan Error: -5.94 | Face Confidence: 91%
2025-03-13 01:29:03,125 - INFO - Elapsed Time: 21.32s | Pan Error: -19.38 | Face Confidence: 90%
2025-03-13 01:29:03,221 - INFO - Elapsed Time: 21.42s | Pan Error: -32.19 | Face Confidence: 83%
2025-03-13 01:29:03,307 - INFO - Elapsed Time: 21.51s | Pan Error: -40.47 | Face Confidence: 88%
2025-03-13 01:29:03,394 - INFO - Elapsed Time: 21.60s | Pan Error: -39.53 | Face Confidence: 86%
2025-03-13 01:29:03,486 - INFO - Elapsed Time: 21.69s | Pan Error: -34.84 | Face Confidence: 87%
2025-03-13 01:29:03,572 - INFO - Elapsed Time: 21.78s | Pan Error: -22.03 | Face Confidence: 88%
2025-03-13 01:29:03,658 - INFO - Elapsed Time: 21.86s | Pan Error: -11.41 | Face Confidence: 88%
2025-03-13 01:29:03,743 - INFO - Elapsed Time: 21.95s | Pan Error: 3.91 | Face Confidence: 93%
2025-03-13 01:29:03,829 - INFO - Elapsed Time: 22.03s | Pan Error: 12.66 | Face Confidence: 89%
2025-03-13 01:29:03,917 - INFO - Elapsed Time: 22.12s | Pan Error: 15.62 | Face Confidence: 89%
2025-03-13 01:29:04,005 - INFO - Elapsed Time: 22.21s | Pan Error: 16.72 | Face Confidence: 90%
2025-03-13 01:29:04,094 - INFO - Elapsed Time: 22.30s | Pan Error: 18.12 | Face Confidence: 93%
2025-03-13 01:29:04,180 - INFO - Elapsed Time: 22.38s | Pan Error: 10.62 | Face Confidence: 89%
2025-03-13 01:29:04,268 - INFO - Elapsed Time: 22.47s | Pan Error: 2.97 | Face Confidence: 93%
2025-03-13 01:29:04,353 - INFO - Elapsed Time: 22.56s | Pan Error: -1.72 | Face Confidence: 88%
2025-03-13 01:29:04,441 - INFO - Elapsed Time: 22.64s | Pan Error: -3.28 | Face Confidence: 90%
2025-03-13 01:29:04,532 - INFO - Elapsed Time: 22.73s | Pan Error: -3.75 | Face Confidence: 92%
2025-03-13 01:29:04,622 - INFO - Elapsed Time: 22.83s | Pan Error: -2.34 | Face Confidence: 91%
2025-03-13 01:29:04,713 - INFO - Elapsed Time: 22.92s | Pan Error: 0.00 | Face Confidence: 88%
2025-03-13 01:29:04,800 - INFO - Elapsed Time: 23.00s | Pan Error: 0.47 | Face Confidence: 83%
2025-03-13 01:29:04,886 - INFO - Elapsed Time: 23.09s | Pan Error: 0.00 | Face Confidence: 81%
2025-03-13 01:29:04,971 - INFO - Elapsed Time: 23.18s | Pan Error: 1.41 | Face Confidence: 62%
2025-03-13 01:29:05,061 - INFO - Elapsed Time: 23.26s | Pan Error: 4.84 | Face Confidence: 67%
2025-03-13 01:29:05,147 - INFO - Elapsed Time: 23.35s | Pan Error: 10.47 | Face Confidence: 76%
2025-03-13 01:29:05,232 - INFO - Elapsed Time: 23.44s | Pan Error: 14.06 | Face Confidence: 56%
2025-03-13 01:29:05,317 - INFO - Elapsed Time: 23.52s | Pan Error: 15.16 | Face Confidence: 67%
2025-03-13 01:29:05,404 - INFO - Elapsed Time: 23.61s | Pan Error: 10.47 | Face Confidence: 78%
2025-03-13 01:29:05,491 - INFO - Elapsed Time: 23.69s | Pan Error: 4.38 | Face Confidence: 72%
2025-03-13 01:29:05,580 - INFO - Elapsed Time: 23.78s | Pan Error: -2.50 | Face Confidence: 83%
2025-03-13 01:29:05,668 - INFO - Elapsed Time: 23.87s | Pan Error: -3.44 | Face Confidence: 79%
2025-03-13 01:29:05,759 - INFO - Elapsed Time: 23.96s | Pan Error: -4.06 | Face Confidence: 87%
2025-03-13 01:29:05,849 - INFO - Elapsed Time: 24.05s | Pan Error: -3.28 | Face Confidence: 86%
2025-03-13 01:29:05,937 - INFO - Elapsed Time: 24.14s | Pan Error: -3.12 | Face Confidence: 87%
2025-03-13 01:29:06,026 - INFO - Elapsed Time: 24.23s | Pan Error: -3.59 | Face Confidence: 91%
2025-03-13 01:29:06,114 - INFO - Elapsed Time: 24.32s | Pan Error: -3.59 | Face Confidence: 92%
2025-03-13 01:29:06,201 - INFO - Elapsed Time: 24.40s | Pan Error: -3.91 | Face Confidence: 92%
2025-03-13 01:29:06,288 - INFO - Elapsed Time: 24.49s | Pan Error: -3.12 | Face Confidence: 91%
2025-03-13 01:29:06,380 - INFO - Elapsed Time: 24.58s | Pan Error: -2.34 | Face Confidence: 89%
2025-03-13 01:29:06,467 - INFO - Elapsed Time: 24.67s | Pan Error: 0.00 | Face Confidence: 88%
2025-03-13 01:29:06,563 - INFO - Elapsed Time: 24.76s | Pan Error: 1.41 | Face Confidence: 87%
2025-03-13 01:29:06,653 - INFO - Elapsed Time: 24.86s | Pan Error: 3.91 | Face Confidence: 88%
2025-03-13 01:29:06,741 - INFO - Elapsed Time: 24.94s | Pan Error: 3.44 | Face Confidence: 88%
2025-03-13 01:29:06,830 - INFO - Elapsed Time: 25.04s | Pan Error: 3.59 | Face Confidence: 86%
2025-03-13 01:29:06,923 - INFO - Elapsed Time: 25.12s | Pan Error: 0.94 | Face Confidence: 87%
2025-03-13 01:29:07,012 - INFO - Elapsed Time: 25.22s | Pan Error: -2.50 | Face Confidence: 87%
2025-03-13 01:29:07,101 - INFO - Elapsed Time: 25.31s | Pan Error: -6.56 | Face Confidence: 89%
2025-03-13 01:29:07,203 - INFO - Elapsed Time: 25.40s | Pan Error: -10.78 | Face Confidence: 74%
2025-03-13 01:29:07,296 - INFO - Elapsed Time: 25.50s | Pan Error: -11.72 | Face Confidence: 70%
2025-03-13 01:29:07,389 - INFO - Elapsed Time: 25.59s | Pan Error: -11.25 | Face Confidence: 69%
2025-03-13 01:29:07,481 - INFO - Elapsed Time: 25.68s | Pan Error: -12.03 | Face Confidence: 75%
2025-03-13 01:29:07,566 - INFO - Elapsed Time: 25.77s | Pan Error: -7.66 | Face Confidence: 71%
2025-03-13 01:29:07,655 - INFO - Elapsed Time: 25.86s | Pan Error: -5.31 | Face Confidence: 72%
2025-03-13 01:29:07,744 - INFO - Elapsed Time: 25.95s | Pan Error: 0.78 | Face Confidence: 75%
2025-03-13 01:29:07,837 - INFO - Elapsed Time: 26.04s | Pan Error: 7.97 | Face Confidence: 62%
2025-03-13 01:29:07,925 - INFO - Elapsed Time: 26.13s | Pan Error: 7.97 | Face Confidence: 77%
2025-03-13 01:29:08,014 - INFO - Elapsed Time: 26.22s | Pan Error: 12.34 | Face Confidence: 82%
2025-03-13 01:29:08,105 - INFO - Elapsed Time: 26.31s | Pan Error: 8.12 | Face Confidence: 87%
2025-03-13 01:29:08,204 - INFO - Elapsed Time: 26.40s | Pan Error: 0.94 | Face Confidence: 88%
2025-03-13 01:29:08,307 - INFO - Elapsed Time: 26.51s | Pan Error: -10.94 | Face Confidence: 89%
2025-03-13 01:29:08,392 - INFO - Elapsed Time: 26.60s | Pan Error: -15.62 | Face Confidence: 92%
2025-03-13 01:29:08,482 - INFO - Elapsed Time: 26.68s | Pan Error: -21.09 | Face Confidence: 89%
2025-03-13 01:29:08,566 - INFO - Elapsed Time: 26.77s | Pan Error: -20.31 | Face Confidence: 93%
2025-03-13 01:29:08,658 - INFO - Elapsed Time: 26.86s | Pan Error: -14.06 | Face Confidence: 89%
2025-03-13 01:29:08,750 - INFO - Elapsed Time: 26.95s | Pan Error: 1.56 | Face Confidence: 90%
2025-03-13 01:29:08,846 - INFO - Elapsed Time: 27.04s | Pan Error: 18.44 | Face Confidence: 89%
2025-03-13 01:29:08,940 - INFO - Elapsed Time: 27.14s | Pan Error: 28.91 | Face Confidence: 93%
2025-03-13 01:29:09,024 - INFO - Elapsed Time: 27.23s | Pan Error: 33.59 | Face Confidence: 91%
2025-03-13 01:29:09,111 - INFO - Elapsed Time: 27.32s | Pan Error: 29.22 | Face Confidence: 87%
2025-03-13 01:29:09,142 - INFO - Stream stats - Frame: 600, Size: 176017 bytes, Clients: 1
2025-03-13 01:29:09,197 - INFO - Elapsed Time: 27.40s | Pan Error: 23.59 | Face Confidence: 83%
2025-03-13 01:29:09,286 - INFO - Elapsed Time: 27.49s | Pan Error: 9.22 | Face Confidence: 86%
2025-03-13 01:29:09,371 - INFO - Elapsed Time: 27.58s | Pan Error: 6.25 | Face Confidence: 91%
2025-03-13 01:29:09,457 - INFO - Elapsed Time: 27.66s | Pan Error: 0.62 | Face Confidence: 86%
2025-03-13 01:29:09,548 - INFO - Elapsed Time: 27.75s | Pan Error: 3.28 | Face Confidence: 93%
2025-03-13 01:29:09,634 - INFO - Elapsed Time: 27.84s | Pan Error: 2.34 | Face Confidence: 86%
2025-03-13 01:29:09,726 - INFO - Elapsed Time: 27.93s | Pan Error: 0.78 | Face Confidence: 87%
2025-03-13 01:29:09,812 - INFO - Elapsed Time: 28.02s | Pan Error: -1.41 | Face Confidence: 89%
2025-03-13 01:29:09,897 - INFO - Elapsed Time: 28.10s | Pan Error: -6.72 | Face Confidence: 92%
2025-03-13 01:29:09,984 - INFO - Elapsed Time: 28.19s | Pan Error: -9.84 | Face Confidence: 91%
2025-03-13 01:29:10,071 - INFO - Elapsed Time: 28.27s | Pan Error: -11.41 | Face Confidence: 92%
2025-03-13 01:29:10,164 - INFO - Elapsed Time: 28.36s | Pan Error: -12.03 | Face Confidence: 86%
2025-03-13 01:29:10,253 - INFO - Elapsed Time: 28.46s | Pan Error: -6.56 | Face Confidence: 89%
2025-03-13 01:29:10,344 - INFO - Elapsed Time: 28.54s | Pan Error: -2.81 | Face Confidence: 87%
2025-03-13 01:29:10,432 - INFO - Elapsed Time: 28.64s | Pan Error: 1.09 | Face Confidence: 83%
2025-03-13 01:29:10,518 - INFO - Elapsed Time: 28.72s | Pan Error: 1.25 | Face Confidence: 81%
2025-03-13 01:29:10,606 - INFO - Elapsed Time: 28.81s | Pan Error: 0.94 | Face Confidence: 61%
2025-03-13 01:29:10,696 - INFO - Elapsed Time: 28.90s | Pan Error: 0.00 | Face Confidence: 57%
2025-03-13 01:29:10,787 - INFO - Elapsed Time: 28.99s | Pan Error: -3.44 | Face Confidence: 82%
2025-03-13 01:29:10,875 - INFO - Elapsed Time: 29.08s | Pan Error: -7.97 | Face Confidence: 90%
2025-03-13 01:29:10,968 - INFO - Elapsed Time: 29.17s | Pan Error: -8.75 | Face Confidence: 83%
2025-03-13 01:29:11,064 - INFO - Elapsed Time: 29.26s | Pan Error: -10.78 | Face Confidence: 86%
2025-03-13 01:29:11,152 - INFO - Elapsed Time: 29.36s | Pan Error: -6.41 | Face Confidence: 89%
2025-03-13 01:29:11,243 - INFO - Elapsed Time: 29.45s | Pan Error: 0.31 | Face Confidence: 89%
2025-03-13 01:29:11,339 - INFO - Elapsed Time: 29.54s | Pan Error: 6.56 | Face Confidence: 88%
2025-03-13 01:29:11,433 - INFO - Elapsed Time: 29.63s | Pan Error: 13.75 | Face Confidence: 88%
2025-03-13 01:29:11,532 - INFO - Elapsed Time: 29.73s | Pan Error: 17.66 | Face Confidence: 88%
2025-03-13 01:29:11,629 - INFO - Elapsed Time: 29.82s | Pan Error: 18.12 | Face Confidence: 90%
2025-03-13 01:29:11,717 - INFO - Elapsed Time: 29.92s | Pan Error: 5.47 | Face Confidence: 63%
2025-03-13 01:29:11,811 - INFO - Elapsed Time: 30.01s | Pan Error: -5.94 | Face Confidence: 65%
2025-03-13 01:29:11,897 - INFO - Elapsed Time: 30.10s | Pan Error: -11.41 | Face Confidence: 62%
2025-03-13 01:29:12,078 - INFO - Elapsed Time: 30.28s | Pan Error: -13.75 | Face Confidence: 72%
2025-03-13 01:29:12,165 - INFO - Elapsed Time: 30.37s | Pan Error: -16.25 | Face Confidence: 79%
2025-03-13 01:29:12,332 - INFO - Elapsed Time: 30.54s | Pan Error: -15.94 | Face Confidence: 67%
2025-03-13 01:29:12,499 - INFO - Elapsed Time: 30.70s | Pan Error: -11.25 | Face Confidence: 50%
2025-03-13 01:29:15,999 - INFO - Elapsed Time: 34.20s | Pan Error: 25.47 | Face Confidence: 55%
2025-03-13 01:29:16,169 - INFO - Elapsed Time: 34.37s | Pan Error: 25.00 | Face Confidence: 61%
2025-03-13 01:29:16,338 - INFO - Elapsed Time: 34.54s | Pan Error: 15.31 | Face Confidence: 58%
2025-03-13 01:29:17,247 - INFO - Elapsed Time: 35.45s | Pan Error: -9.69 | Face Confidence: 53%
2025-03-13 01:29:17,340 - INFO - Elapsed Time: 35.54s | Pan Error: -2.97 | Face Confidence: 51%
2025-03-13 01:29:18,176 - INFO - Elapsed Time: 36.38s | Pan Error: 22.19 | Face Confidence: 59%
2025-03-13 01:29:19,205 - INFO - Stream stats - Frame: 900, Size: 212805 bytes, Clients: 1
2025-03-13 01:29:19,536 - INFO - Elapsed Time: 37.74s | Pan Error: 6.09 | Face Confidence: 52%
2025-03-13 01:29:20,863 - INFO - Elapsed Time: 39.07s | Pan Error: -7.34 | Face Confidence: 50%
2025-03-13 01:29:22,098 - INFO - Elapsed Time: 40.30s | Pan Error: 5.31 | Face Confidence: 51%
2025-03-13 01:29:22,185 - INFO - Elapsed Time: 40.39s | Pan Error: 5.62 | Face Confidence: 54%
2025-03-13 01:29:22,269 - INFO - Elapsed Time: 40.47s | Pan Error: 29.69 | Face Confidence: 54%
2025-03-13 01:29:22,686 - INFO - Elapsed Time: 40.89s | Pan Error: 17.81 | Face Confidence: 52%
2025-03-13 01:29:23,554 - INFO - Elapsed Time: 41.74s | Pan Error: 12.50 | Face Confidence: 64%
2025-03-13 01:29:23,648 - INFO - Elapsed Time: 41.85s | Pan Error: 12.50 | Face Confidence: 60%
2025-03-13 01:29:23,733 - INFO - Elapsed Time: 41.94s | Pan Error: 11.56 | Face Confidence: 64%
2025-03-13 01:29:23,820 - INFO - Elapsed Time: 42.02s | Pan Error: 9.06 | Face Confidence: 61%
2025-03-13 01:29:24,318 - INFO - Elapsed Time: 42.52s | Pan Error: -6.56 | Face Confidence: 56%
2025-03-13 01:29:24,408 - INFO - Elapsed Time: 42.61s | Pan Error: -6.56 | Face Confidence: 52%
2025-03-13 01:29:24,822 - INFO - Elapsed Time: 43.03s | Pan Error: -9.84 | Face Confidence: 59%
2025-03-13 01:29:24,908 - INFO - Elapsed Time: 43.11s | Pan Error: -40.00 | Face Confidence: 51%
2025-03-13 01:29:27,297 - INFO - Elapsed Time: 45.50s | Pan Error: -17.19 | Face Confidence: 52%
2025-03-13 01:29:27,390 - INFO - Elapsed Time: 45.59s | Pan Error: -26.09 | Face Confidence: 57%
2025-03-13 01:29:27,560 - INFO - Elapsed Time: 45.76s | Pan Error: -6.25 | Face Confidence: 51%
2025-03-13 01:29:27,900 - INFO - Elapsed Time: 46.10s | Pan Error: -10.47 | Face Confidence: 50%
2025-03-13 01:29:27,986 - INFO - Elapsed Time: 46.19s | Pan Error: -19.53 | Face Confidence: 60%
2025-03-13 01:29:28,237 - INFO - Elapsed Time: 46.44s | Pan Error: -13.44 | Face Confidence: 59%
2025-03-13 01:29:28,327 - INFO - Elapsed Time: 46.53s | Pan Error: -10.31 | Face Confidence: 63%
2025-03-13 01:29:28,414 - INFO - Elapsed Time: 46.62s | Pan Error: -14.06 | Face Confidence: 63%
2025-03-13 01:29:28,505 - INFO - Elapsed Time: 46.71s | Pan Error: -12.19 | Face Confidence: 50%
2025-03-13 01:29:29,267 - INFO - Stream stats - Frame: 1200, Size: 178073 bytes, Clients: 1
2025-03-13 01:29:39,338 - INFO - Stream stats - Frame: 1500, Size: 206925 bytes, Clients: 1
2025-03-13 01:29:40,407 - INFO - Camera stopped
2025-03-13 01:29:40,610 - INFO - Camera closed successfully.
