2025-03-13 02:17:32,683 - INFO - Face tracking logging system initialized.
2025-03-13 02:17:32,754 - INFO - Initialization successful.
2025-03-13 02:17:32,754 - INFO - Camera now open.
2025-03-13 02:17:32,758 - INFO - Camera configuration has been adjusted!
2025-03-13 02:17:32,761 - INFO - Configuration successful!
2025-03-13 02:17:32,821 - INFO - Camera started
2025-03-13 02:17:32,834 - INFO - [31m[1mWARNING: This is a development server. Do not use it in a production deployment. Use a production WSGI server instead.[0m
 * Running on all addresses (0.0.0.0)
 * Running on http://127.0.0.1:5000
 * Running on http://172.20.10.4:5000
2025-03-13 02:17:32,834 - INFO - [33mPress CTRL+C to quit[0m
2025-03-13 02:17:33,031 - INFO - Stream stats - Frame: 0, Size: 221599 bytes, Clients: 0
2025-03-13 02:17:36,752 - INFO - 172.20.10.2 - - [13/Mar/2025 02:17:36] "GET / HTTP/1.1" 200 -
2025-03-13 02:17:36,815 - INFO - Client connected. Total clients: 1
2025-03-13 02:17:36,893 - INFO - 172.20.10.2 - - [13/Mar/2025 02:17:36] "GET /video_feed HTTP/1.1" 200 -
2025-03-13 02:17:44,227 - INFO - Elapsed Time: 11.36s | Pan Error: -80.00 | Face Confidence: 59%
2025-03-13 02:17:44,318 - INFO - Elapsed Time: 11.46s | Pan Error: -58.13 | Face Confidence: 68%
2025-03-13 02:17:44,569 - INFO - Elapsed Time: 11.71s | Pan Error: 26.72 | Face Confidence: 84%
2025-03-13 02:17:44,657 - INFO - Elapsed Time: 11.80s | Pan Error: 45.62 | Face Confidence: 92%
2025-03-13 02:17:44,742 - INFO - Elapsed Time: 11.89s | Pan Error: 41.56 | Face Confidence: 87%
2025-03-13 02:17:44,906 - INFO - Elapsed Time: 12.05s | Pan Error: 17.03 | Face Confidence: 83%
2025-03-13 02:17:44,993 - INFO - Elapsed Time: 12.14s | Pan Error: -6.25 | Face Confidence: 88%
2025-03-13 02:17:45,078 - INFO - Elapsed Time: 12.22s | Pan Error: -17.66 | Face Confidence: 88%
2025-03-13 02:17:45,162 - INFO - Elapsed Time: 12.31s | Pan Error: -25.31 | Face Confidence: 81%
2025-03-13 02:17:45,247 - INFO - Elapsed Time: 12.39s | Pan Error: -27.34 | Face Confidence: 85%
2025-03-13 02:17:45,333 - INFO - Elapsed Time: 12.48s | Pan Error: -25.62 | Face Confidence: 80%
2025-03-13 02:17:45,418 - INFO - Elapsed Time: 12.56s | Pan Error: -15.62 | Face Confidence: 91%
2025-03-13 02:17:45,505 - INFO - Elapsed Time: 12.65s | Pan Error: -12.19 | Face Confidence: 84%
2025-03-13 02:17:45,593 - INFO - Elapsed Time: 12.74s | Pan Error: -5.47 | Face Confidence: 93%
2025-03-13 02:17:45,679 - INFO - Elapsed Time: 12.82s | Pan Error: -5.78 | Face Confidence: 95%
2025-03-13 02:17:45,763 - INFO - Elapsed Time: 12.91s | Pan Error: -12.66 | Face Confidence: 90%
2025-03-13 02:17:45,848 - INFO - Elapsed Time: 12.99s | Pan Error: -20.62 | Face Confidence: 91%
2025-03-13 02:17:45,932 - INFO - Elapsed Time: 13.08s | Pan Error: -41.09 | Face Confidence: 81%
2025-03-13 02:17:46,017 - INFO - Elapsed Time: 13.16s | Pan Error: -51.09 | Face Confidence: 87%
2025-03-13 02:17:46,103 - INFO - Elapsed Time: 13.25s | Pan Error: -61.56 | Face Confidence: 90%
2025-03-13 02:17:46,188 - INFO - Elapsed Time: 13.33s | Pan Error: -55.31 | Face Confidence: 87%
2025-03-13 02:17:46,274 - INFO - Elapsed Time: 13.42s | Pan Error: -44.38 | Face Confidence: 78%
2025-03-13 02:17:46,359 - INFO - Elapsed Time: 13.50s | Pan Error: 0.00 | Face Confidence: 84%
2025-03-13 02:17:46,446 - INFO - Elapsed Time: 13.59s | Pan Error: 16.88 | Face Confidence: 88%
2025-03-13 02:17:46,535 - INFO - Elapsed Time: 13.68s | Pan Error: 32.03 | Face Confidence: 92%
2025-03-13 02:17:46,628 - INFO - Elapsed Time: 13.76s | Pan Error: 32.50 | Face Confidence: 90%
2025-03-13 02:17:46,727 - INFO - Elapsed Time: 13.87s | Pan Error: 25.31 | Face Confidence: 85%
2025-03-13 02:17:46,814 - INFO - Elapsed Time: 13.96s | Pan Error: 6.88 | Face Confidence: 87%
2025-03-13 02:17:46,898 - INFO - Stream stats - Frame: 300, Size: 195924 bytes, Clients: 1
2025-03-13 02:17:46,898 - INFO - Elapsed Time: 14.04s | Pan Error: -9.38 | Face Confidence: 92%
2025-03-13 02:17:46,982 - INFO - Elapsed Time: 14.13s | Pan Error: -15.94 | Face Confidence: 92%
2025-03-13 02:17:47,071 - INFO - Elapsed Time: 14.21s | Pan Error: -19.38 | Face Confidence: 91%
2025-03-13 02:17:47,159 - INFO - Elapsed Time: 14.30s | Pan Error: -16.56 | Face Confidence: 94%
2025-03-13 02:17:47,243 - INFO - Elapsed Time: 14.39s | Pan Error: -7.81 | Face Confidence: 92%
2025-03-13 02:17:47,327 - INFO - Elapsed Time: 14.47s | Pan Error: -0.94 | Face Confidence: 92%
2025-03-13 02:17:47,410 - INFO - Elapsed Time: 14.56s | Pan Error: 8.91 | Face Confidence: 94%
2025-03-13 02:17:47,496 - INFO - Elapsed Time: 14.64s | Pan Error: 14.06 | Face Confidence: 90%
2025-03-13 02:17:47,581 - INFO - Elapsed Time: 14.73s | Pan Error: 17.34 | Face Confidence: 92%
2025-03-13 02:17:47,667 - INFO - Elapsed Time: 14.81s | Pan Error: 22.03 | Face Confidence: 94%
2025-03-13 02:17:47,756 - INFO - Elapsed Time: 14.90s | Pan Error: 22.03 | Face Confidence: 94%
2025-03-13 02:17:47,842 - INFO - Elapsed Time: 14.99s | Pan Error: 20.78 | Face Confidence: 93%
2025-03-13 02:17:47,929 - INFO - Elapsed Time: 15.07s | Pan Error: 20.47 | Face Confidence: 94%
2025-03-13 02:17:48,015 - INFO - Elapsed Time: 15.16s | Pan Error: 21.72 | Face Confidence: 89%
2025-03-13 02:17:48,101 - INFO - Elapsed Time: 15.24s | Pan Error: 24.69 | Face Confidence: 86%
2025-03-13 02:17:48,189 - INFO - Elapsed Time: 15.33s | Pan Error: 32.34 | Face Confidence: 85%
2025-03-13 02:17:48,273 - INFO - Elapsed Time: 15.42s | Pan Error: 34.06 | Face Confidence: 90%
2025-03-13 02:17:48,361 - INFO - Elapsed Time: 15.50s | Pan Error: 26.25 | Face Confidence: 86%
2025-03-13 02:17:48,452 - INFO - Elapsed Time: 15.59s | Pan Error: 14.69 | Face Confidence: 84%
2025-03-13 02:17:48,536 - INFO - Elapsed Time: 15.68s | Pan Error: 5.78 | Face Confidence: 83%
2025-03-13 02:17:48,622 - INFO - Elapsed Time: 15.76s | Pan Error: -7.19 | Face Confidence: 87%
2025-03-13 02:17:48,714 - INFO - Elapsed Time: 15.86s | Pan Error: -14.53 | Face Confidence: 84%
2025-03-13 02:17:48,798 - INFO - Elapsed Time: 15.94s | Pan Error: -17.34 | Face Confidence: 85%
2025-03-13 02:17:48,886 - INFO - Elapsed Time: 16.03s | Pan Error: -20.16 | Face Confidence: 85%
2025-03-13 02:17:48,976 - INFO - Elapsed Time: 16.12s | Pan Error: -21.41 | Face Confidence: 86%
2025-03-13 02:17:49,060 - INFO - Elapsed Time: 16.21s | Pan Error: -15.00 | Face Confidence: 80%
2025-03-13 02:17:49,147 - INFO - Elapsed Time: 16.29s | Pan Error: -10.16 | Face Confidence: 90%
2025-03-13 02:17:49,232 - INFO - Elapsed Time: 16.38s | Pan Error: -6.09 | Face Confidence: 94%
2025-03-13 02:17:49,322 - INFO - Elapsed Time: 16.46s | Pan Error: -7.97 | Face Confidence: 94%
2025-03-13 02:17:49,408 - INFO - Elapsed Time: 16.55s | Pan Error: -15.31 | Face Confidence: 93%
2025-03-13 02:17:49,495 - INFO - Elapsed Time: 16.64s | Pan Error: -29.69 | Face Confidence: 89%
2025-03-13 02:17:49,581 - INFO - Elapsed Time: 16.72s | Pan Error: -46.41 | Face Confidence: 91%
2025-03-13 02:17:49,665 - INFO - Elapsed Time: 16.81s | Pan Error: -54.06 | Face Confidence: 93%
2025-03-13 02:17:49,752 - INFO - Elapsed Time: 16.90s | Pan Error: -51.09 | Face Confidence: 82%
2025-03-13 02:17:49,838 - INFO - Elapsed Time: 16.98s | Pan Error: -41.56 | Face Confidence: 85%
2025-03-13 02:17:49,925 - INFO - Elapsed Time: 17.07s | Pan Error: -16.56 | Face Confidence: 81%
2025-03-13 02:17:50,010 - INFO - Elapsed Time: 17.15s | Pan Error: -2.19 | Face Confidence: 89%
2025-03-13 02:17:50,094 - INFO - Elapsed Time: 17.24s | Pan Error: 15.00 | Face Confidence: 85%
2025-03-13 02:17:50,178 - INFO - Elapsed Time: 17.32s | Pan Error: 21.25 | Face Confidence: 91%
2025-03-13 02:17:50,266 - INFO - Elapsed Time: 17.41s | Pan Error: 24.22 | Face Confidence: 85%
2025-03-13 02:17:50,351 - INFO - Elapsed Time: 17.49s | Pan Error: 23.75 | Face Confidence: 87%
2025-03-13 02:17:50,435 - INFO - Elapsed Time: 17.58s | Pan Error: 7.03 | Face Confidence: 89%
2025-03-13 02:17:50,520 - INFO - Elapsed Time: 17.66s | Pan Error: -9.69 | Face Confidence: 88%
2025-03-13 02:17:50,605 - INFO - Elapsed Time: 17.75s | Pan Error: -13.91 | Face Confidence: 89%
2025-03-13 02:17:50,690 - INFO - Elapsed Time: 17.83s | Pan Error: -16.56 | Face Confidence: 90%
2025-03-13 02:17:50,776 - INFO - Elapsed Time: 17.92s | Pan Error: -16.56 | Face Confidence: 92%
2025-03-13 02:17:50,864 - INFO - Elapsed Time: 18.01s | Pan Error: -11.41 | Face Confidence: 89%
2025-03-13 02:17:50,949 - INFO - Elapsed Time: 18.09s | Pan Error: -4.84 | Face Confidence: 93%
2025-03-13 02:17:51,034 - INFO - Elapsed Time: 18.18s | Pan Error: 3.59 | Face Confidence: 92%
2025-03-13 02:17:51,122 - INFO - Elapsed Time: 18.27s | Pan Error: 9.22 | Face Confidence: 92%
2025-03-13 02:17:51,206 - INFO - Elapsed Time: 18.35s | Pan Error: 12.19 | Face Confidence: 90%
2025-03-13 02:17:51,295 - INFO - Elapsed Time: 18.44s | Pan Error: 12.03 | Face Confidence: 86%
2025-03-13 02:17:51,384 - INFO - Elapsed Time: 18.53s | Pan Error: 10.00 | Face Confidence: 87%
2025-03-13 02:17:51,471 - INFO - Elapsed Time: 18.61s | Pan Error: 2.81 | Face Confidence: 85%
2025-03-13 02:17:51,557 - INFO - Elapsed Time: 18.70s | Pan Error: -1.09 | Face Confidence: 81%
2025-03-13 02:17:51,641 - INFO - Elapsed Time: 18.79s | Pan Error: -4.53 | Face Confidence: 78%
2025-03-13 02:17:51,736 - INFO - Elapsed Time: 18.87s | Pan Error: -7.66 | Face Confidence: 55%
2025-03-13 02:17:51,836 - INFO - Elapsed Time: 18.98s | Pan Error: -7.03 | Face Confidence: 82%
2025-03-13 02:17:51,924 - INFO - Elapsed Time: 19.07s | Pan Error: -6.09 | Face Confidence: 86%
2025-03-13 02:17:52,010 - INFO - Elapsed Time: 19.15s | Pan Error: -2.19 | Face Confidence: 87%
2025-03-13 02:17:52,094 - INFO - Elapsed Time: 19.24s | Pan Error: 7.50 | Face Confidence: 80%
2025-03-13 02:17:52,180 - INFO - Elapsed Time: 19.32s | Pan Error: 9.22 | Face Confidence: 86%
2025-03-13 02:17:52,268 - INFO - Elapsed Time: 19.41s | Pan Error: 13.91 | Face Confidence: 87%
2025-03-13 02:17:52,355 - INFO - Elapsed Time: 19.50s | Pan Error: 17.66 | Face Confidence: 86%
2025-03-13 02:17:52,441 - INFO - Elapsed Time: 19.59s | Pan Error: 18.44 | Face Confidence: 88%
2025-03-13 02:17:52,526 - INFO - Elapsed Time: 19.67s | Pan Error: 15.00 | Face Confidence: 86%
2025-03-13 02:17:52,610 - INFO - Elapsed Time: 19.75s | Pan Error: 6.25 | Face Confidence: 81%
2025-03-13 02:17:52,696 - INFO - Elapsed Time: 19.84s | Pan Error: 0.16 | Face Confidence: 84%
2025-03-13 02:17:52,784 - INFO - Elapsed Time: 19.93s | Pan Error: -6.56 | Face Confidence: 75%
2025-03-13 02:17:52,871 - INFO - Elapsed Time: 20.01s | Pan Error: -13.91 | Face Confidence: 64%
2025-03-13 02:17:52,956 - INFO - Elapsed Time: 20.10s | Pan Error: -12.34 | Face Confidence: 74%
2025-03-13 02:17:53,041 - INFO - Elapsed Time: 20.19s | Pan Error: -15.16 | Face Confidence: 83%
2025-03-13 02:17:53,125 - INFO - Elapsed Time: 20.27s | Pan Error: -10.16 | Face Confidence: 81%
2025-03-13 02:17:53,216 - INFO - Elapsed Time: 20.36s | Pan Error: -2.50 | Face Confidence: 80%
2025-03-13 02:17:53,303 - INFO - Elapsed Time: 20.45s | Pan Error: 4.38 | Face Confidence: 86%
2025-03-13 02:17:53,393 - INFO - Elapsed Time: 20.53s | Pan Error: 8.44 | Face Confidence: 93%
2025-03-13 02:17:53,482 - INFO - Elapsed Time: 20.62s | Pan Error: 11.88 | Face Confidence: 88%
2025-03-13 02:17:53,574 - INFO - Elapsed Time: 20.71s | Pan Error: 16.56 | Face Confidence: 91%
2025-03-13 02:17:53,658 - INFO - Elapsed Time: 20.80s | Pan Error: 22.03 | Face Confidence: 88%
2025-03-13 02:17:53,754 - INFO - Elapsed Time: 20.89s | Pan Error: 22.34 | Face Confidence: 89%
2025-03-13 02:17:53,842 - INFO - Elapsed Time: 20.99s | Pan Error: 21.72 | Face Confidence: 90%
2025-03-13 02:17:53,925 - INFO - Elapsed Time: 21.07s | Pan Error: 20.47 | Face Confidence: 85%
2025-03-13 02:17:54,013 - INFO - Elapsed Time: 21.16s | Pan Error: 22.66 | Face Confidence: 86%
2025-03-13 02:17:54,102 - INFO - Elapsed Time: 21.24s | Pan Error: 23.44 | Face Confidence: 85%
2025-03-13 02:17:54,189 - INFO - Elapsed Time: 21.33s | Pan Error: 23.12 | Face Confidence: 72%
2025-03-13 02:17:54,278 - INFO - Elapsed Time: 21.42s | Pan Error: 18.91 | Face Confidence: 75%
2025-03-13 02:17:54,362 - INFO - Elapsed Time: 21.51s | Pan Error: 9.38 | Face Confidence: 67%
2025-03-13 02:17:54,446 - INFO - Elapsed Time: 21.59s | Pan Error: -5.47 | Face Confidence: 68%
2025-03-13 02:17:54,530 - INFO - Elapsed Time: 21.68s | Pan Error: -10.78 | Face Confidence: 70%
2025-03-13 02:17:54,617 - INFO - Elapsed Time: 21.76s | Pan Error: -15.94 | Face Confidence: 69%
2025-03-13 02:17:54,705 - INFO - Elapsed Time: 21.85s | Pan Error: -17.66 | Face Confidence: 70%
2025-03-13 02:17:54,792 - INFO - Elapsed Time: 21.94s | Pan Error: -16.25 | Face Confidence: 79%
2025-03-13 02:17:54,876 - INFO - Elapsed Time: 22.02s | Pan Error: -10.31 | Face Confidence: 79%
2025-03-13 02:17:54,962 - INFO - Elapsed Time: 22.11s | Pan Error: 3.28 | Face Confidence: 71%
2025-03-13 02:17:55,045 - INFO - Elapsed Time: 22.19s | Pan Error: 9.06 | Face Confidence: 82%
2025-03-13 02:17:55,131 - INFO - Elapsed Time: 22.28s | Pan Error: 13.75 | Face Confidence: 83%
2025-03-13 02:17:55,218 - INFO - Elapsed Time: 22.36s | Pan Error: 15.31 | Face Confidence: 83%
2025-03-13 02:17:55,303 - INFO - Elapsed Time: 22.45s | Pan Error: 12.50 | Face Confidence: 79%
2025-03-13 02:17:55,387 - INFO - Elapsed Time: 22.53s | Pan Error: 6.25 | Face Confidence: 88%
2025-03-13 02:17:55,472 - INFO - Elapsed Time: 22.62s | Pan Error: -0.78 | Face Confidence: 83%
2025-03-13 02:17:55,560 - INFO - Elapsed Time: 22.70s | Pan Error: -9.69 | Face Confidence: 88%
2025-03-13 02:17:55,646 - INFO - Elapsed Time: 22.79s | Pan Error: -13.44 | Face Confidence: 84%
2025-03-13 02:17:55,734 - INFO - Elapsed Time: 22.88s | Pan Error: -14.69 | Face Confidence: 88%
2025-03-13 02:17:55,822 - INFO - Elapsed Time: 22.96s | Pan Error: -13.44 | Face Confidence: 80%
2025-03-13 02:17:55,908 - INFO - Elapsed Time: 23.05s | Pan Error: -8.28 | Face Confidence: 92%
2025-03-13 02:17:55,992 - INFO - Elapsed Time: 23.14s | Pan Error: -5.62 | Face Confidence: 87%
2025-03-13 02:17:56,078 - INFO - Elapsed Time: 23.22s | Pan Error: -8.59 | Face Confidence: 91%
2025-03-13 02:17:56,166 - INFO - Elapsed Time: 23.31s | Pan Error: -15.62 | Face Confidence: 86%
2025-03-13 02:17:56,251 - INFO - Elapsed Time: 23.39s | Pan Error: -25.00 | Face Confidence: 81%
2025-03-13 02:17:56,338 - INFO - Elapsed Time: 23.48s | Pan Error: -40.16 | Face Confidence: 90%
2025-03-13 02:17:56,423 - INFO - Elapsed Time: 23.57s | Pan Error: -54.53 | Face Confidence: 91%
2025-03-13 02:17:56,511 - INFO - Elapsed Time: 23.65s | Pan Error: -53.28 | Face Confidence: 86%
2025-03-13 02:17:56,597 - INFO - Elapsed Time: 23.74s | Pan Error: -32.81 | Face Confidence: 79%
2025-03-13 02:17:56,684 - INFO - Elapsed Time: 23.83s | Pan Error: -8.28 | Face Confidence: 51%
2025-03-13 02:17:56,771 - INFO - Elapsed Time: 23.91s | Pan Error: 6.25 | Face Confidence: 84%
2025-03-13 02:17:56,870 - INFO - Elapsed Time: 24.00s | Pan Error: 15.62 | Face Confidence: 69%
2025-03-13 02:17:56,970 - INFO - Stream stats - Frame: 600, Size: 231495 bytes, Clients: 1
2025-03-13 02:17:56,971 - INFO - Elapsed Time: 24.11s | Pan Error: 22.97 | Face Confidence: 90%
2025-03-13 02:17:57,056 - INFO - Elapsed Time: 24.20s | Pan Error: 24.38 | Face Confidence: 88%
2025-03-13 02:17:57,144 - INFO - Elapsed Time: 24.29s | Pan Error: 23.59 | Face Confidence: 85%
2025-03-13 02:17:57,229 - INFO - Elapsed Time: 24.37s | Pan Error: 22.50 | Face Confidence: 90%
2025-03-13 02:17:57,315 - INFO - Elapsed Time: 24.46s | Pan Error: 22.03 | Face Confidence: 79%
2025-03-13 02:17:57,401 - INFO - Elapsed Time: 24.54s | Pan Error: 22.19 | Face Confidence: 82%
2025-03-13 02:17:57,490 - INFO - Elapsed Time: 24.63s | Pan Error: 29.53 | Face Confidence: 91%
2025-03-13 02:17:57,577 - INFO - Elapsed Time: 24.72s | Pan Error: 36.88 | Face Confidence: 86%
2025-03-13 02:17:57,659 - INFO - Elapsed Time: 24.81s | Pan Error: 41.09 | Face Confidence: 93%
2025-03-13 02:17:57,745 - INFO - Elapsed Time: 24.89s | Pan Error: 30.31 | Face Confidence: 78%
2025-03-13 02:17:57,831 - INFO - Elapsed Time: 24.97s | Pan Error: 20.94 | Face Confidence: 78%
2025-03-13 02:17:57,916 - INFO - Elapsed Time: 25.06s | Pan Error: -5.00 | Face Confidence: 64%
2025-03-13 02:17:58,001 - INFO - Elapsed Time: 25.15s | Pan Error: -25.31 | Face Confidence: 77%
2025-03-13 02:17:58,086 - INFO - Elapsed Time: 25.23s | Pan Error: -35.62 | Face Confidence: 89%
2025-03-13 02:17:58,172 - INFO - Elapsed Time: 25.32s | Pan Error: -41.09 | Face Confidence: 89%
2025-03-13 02:17:58,257 - INFO - Elapsed Time: 25.40s | Pan Error: -37.81 | Face Confidence: 84%
2025-03-13 02:17:58,345 - INFO - Elapsed Time: 25.49s | Pan Error: -25.62 | Face Confidence: 72%
2025-03-13 02:17:58,428 - INFO - Elapsed Time: 25.57s | Pan Error: -14.69 | Face Confidence: 71%
2025-03-13 02:17:58,515 - INFO - Elapsed Time: 25.66s | Pan Error: 5.00 | Face Confidence: 79%
2025-03-13 02:17:58,601 - INFO - Elapsed Time: 25.74s | Pan Error: 16.88 | Face Confidence: 79%
2025-03-13 02:17:58,686 - INFO - Elapsed Time: 25.83s | Pan Error: 22.81 | Face Confidence: 85%
2025-03-13 02:17:58,771 - INFO - Elapsed Time: 25.92s | Pan Error: 19.53 | Face Confidence: 86%
2025-03-13 02:17:58,857 - INFO - Elapsed Time: 26.00s | Pan Error: 10.62 | Face Confidence: 78%
2025-03-13 02:17:58,946 - INFO - Elapsed Time: 26.09s | Pan Error: -0.94 | Face Confidence: 71%
2025-03-13 02:17:59,029 - INFO - Elapsed Time: 26.17s | Pan Error: -5.94 | Face Confidence: 85%
2025-03-13 02:17:59,118 - INFO - Elapsed Time: 26.26s | Pan Error: -12.97 | Face Confidence: 73%
2025-03-13 02:17:59,205 - INFO - Elapsed Time: 26.35s | Pan Error: -15.31 | Face Confidence: 61%
2025-03-13 02:17:59,292 - INFO - Elapsed Time: 26.44s | Pan Error: -15.94 | Face Confidence: 69%
2025-03-13 02:17:59,379 - INFO - Elapsed Time: 26.52s | Pan Error: -12.81 | Face Confidence: 63%
2025-03-13 02:17:59,463 - INFO - Elapsed Time: 26.61s | Pan Error: -8.28 | Face Confidence: 69%
2025-03-13 02:17:59,554 - INFO - Elapsed Time: 26.70s | Pan Error: 0.16 | Face Confidence: 71%
2025-03-13 02:17:59,641 - INFO - Elapsed Time: 26.79s | Pan Error: 3.75 | Face Confidence: 82%
2025-03-13 02:17:59,729 - INFO - Elapsed Time: 26.87s | Pan Error: 11.88 | Face Confidence: 80%
2025-03-13 02:17:59,815 - INFO - Elapsed Time: 26.96s | Pan Error: 17.19 | Face Confidence: 71%
2025-03-13 02:17:59,902 - INFO - Elapsed Time: 27.04s | Pan Error: 20.31 | Face Confidence: 79%
2025-03-13 02:17:59,991 - INFO - Elapsed Time: 27.14s | Pan Error: 15.62 | Face Confidence: 90%
2025-03-13 02:18:00,075 - INFO - Elapsed Time: 27.22s | Pan Error: 8.12 | Face Confidence: 85%
2025-03-13 02:18:00,162 - INFO - Elapsed Time: 27.31s | Pan Error: -2.34 | Face Confidence: 81%
2025-03-13 02:18:00,247 - INFO - Elapsed Time: 27.39s | Pan Error: -10.47 | Face Confidence: 77%
2025-03-13 02:18:00,332 - INFO - Elapsed Time: 27.48s | Pan Error: -15.94 | Face Confidence: 76%
2025-03-13 02:18:00,418 - INFO - Elapsed Time: 27.56s | Pan Error: -20.47 | Face Confidence: 75%
2025-03-13 02:18:00,504 - INFO - Elapsed Time: 27.65s | Pan Error: -21.72 | Face Confidence: 64%
2025-03-13 02:18:00,592 - INFO - Elapsed Time: 27.74s | Pan Error: -20.31 | Face Confidence: 65%
2025-03-13 02:18:00,676 - INFO - Elapsed Time: 27.82s | Pan Error: -16.72 | Face Confidence: 76%
2025-03-13 02:18:00,762 - INFO - Elapsed Time: 27.91s | Pan Error: -14.37 | Face Confidence: 73%
2025-03-13 02:18:00,847 - INFO - Elapsed Time: 27.99s | Pan Error: -9.84 | Face Confidence: 84%
2025-03-13 02:18:00,931 - INFO - Elapsed Time: 28.08s | Pan Error: -5.94 | Face Confidence: 85%
2025-03-13 02:18:01,019 - INFO - Elapsed Time: 28.16s | Pan Error: -1.72 | Face Confidence: 81%
2025-03-13 02:18:01,102 - INFO - Elapsed Time: 28.25s | Pan Error: 6.25 | Face Confidence: 70%
2025-03-13 02:18:01,187 - INFO - Elapsed Time: 28.33s | Pan Error: 14.69 | Face Confidence: 63%
2025-03-13 02:18:01,273 - INFO - Elapsed Time: 28.42s | Pan Error: 17.66 | Face Confidence: 76%
2025-03-13 02:18:01,357 - INFO - Elapsed Time: 28.50s | Pan Error: 20.94 | Face Confidence: 67%
2025-03-13 02:18:01,442 - INFO - Elapsed Time: 28.59s | Pan Error: 22.81 | Face Confidence: 70%
2025-03-13 02:18:01,528 - INFO - Elapsed Time: 28.67s | Pan Error: 18.28 | Face Confidence: 83%
2025-03-13 02:18:01,614 - INFO - Elapsed Time: 28.76s | Pan Error: 17.03 | Face Confidence: 69%
2025-03-13 02:18:01,699 - INFO - Elapsed Time: 28.84s | Pan Error: 11.72 | Face Confidence: 77%
2025-03-13 02:18:01,784 - INFO - Elapsed Time: 28.93s | Pan Error: 13.12 | Face Confidence: 65%
2025-03-13 02:18:01,872 - INFO - Elapsed Time: 29.02s | Pan Error: 0.94 | Face Confidence: 88%
2025-03-13 02:18:01,968 - INFO - Elapsed Time: 29.10s | Pan Error: -7.34 | Face Confidence: 88%
2025-03-13 02:18:02,078 - INFO - Elapsed Time: 29.21s | Pan Error: -17.50 | Face Confidence: 86%
2025-03-13 02:18:02,171 - INFO - Elapsed Time: 29.31s | Pan Error: -24.84 | Face Confidence: 89%
2025-03-13 02:18:02,255 - INFO - Elapsed Time: 29.40s | Pan Error: -25.00 | Face Confidence: 86%
2025-03-13 02:18:02,342 - INFO - Elapsed Time: 29.49s | Pan Error: -19.53 | Face Confidence: 85%
2025-03-13 02:18:02,427 - INFO - Elapsed Time: 29.57s | Pan Error: -12.50 | Face Confidence: 74%
2025-03-13 02:18:02,515 - INFO - Elapsed Time: 29.66s | Pan Error: 2.66 | Face Confidence: 77%
2025-03-13 02:18:02,604 - INFO - Elapsed Time: 29.75s | Pan Error: 14.37 | Face Confidence: 86%
2025-03-13 02:18:02,689 - INFO - Elapsed Time: 29.83s | Pan Error: 20.16 | Face Confidence: 89%
2025-03-13 02:18:02,777 - INFO - Elapsed Time: 29.92s | Pan Error: 22.03 | Face Confidence: 87%
2025-03-13 02:18:02,864 - INFO - Elapsed Time: 30.01s | Pan Error: 19.84 | Face Confidence: 83%
2025-03-13 02:18:02,949 - INFO - Elapsed Time: 30.09s | Pan Error: 8.28 | Face Confidence: 83%
2025-03-13 02:18:03,034 - INFO - Elapsed Time: 30.18s | Pan Error: 1.88 | Face Confidence: 80%
2025-03-13 02:18:03,120 - INFO - Elapsed Time: 30.26s | Pan Error: -10.16 | Face Confidence: 85%
2025-03-13 02:18:03,212 - INFO - Elapsed Time: 30.35s | Pan Error: -15.16 | Face Confidence: 89%
2025-03-13 02:18:03,297 - INFO - Elapsed Time: 30.44s | Pan Error: -16.56 | Face Confidence: 90%
2025-03-13 02:18:03,386 - INFO - Elapsed Time: 30.53s | Pan Error: -15.16 | Face Confidence: 88%
2025-03-13 02:18:03,471 - INFO - Elapsed Time: 30.62s | Pan Error: -13.12 | Face Confidence: 88%
2025-03-13 02:18:03,557 - INFO - Elapsed Time: 30.70s | Pan Error: -3.91 | Face Confidence: 82%
2025-03-13 02:18:03,642 - INFO - Elapsed Time: 30.79s | Pan Error: 1.88 | Face Confidence: 84%
2025-03-13 02:18:03,728 - INFO - Elapsed Time: 30.87s | Pan Error: 10.16 | Face Confidence: 89%
2025-03-13 02:18:03,816 - INFO - Elapsed Time: 30.96s | Pan Error: 14.53 | Face Confidence: 89%
2025-03-13 02:18:03,901 - INFO - Elapsed Time: 31.05s | Pan Error: 13.12 | Face Confidence: 89%
2025-03-13 02:18:03,988 - INFO - Elapsed Time: 31.13s | Pan Error: 11.41 | Face Confidence: 92%
2025-03-13 02:18:04,073 - INFO - Elapsed Time: 31.22s | Pan Error: 4.84 | Face Confidence: 92%
2025-03-13 02:18:04,158 - INFO - Elapsed Time: 31.30s | Pan Error: -1.56 | Face Confidence: 92%
2025-03-13 02:18:04,244 - INFO - Elapsed Time: 31.39s | Pan Error: -7.03 | Face Confidence: 92%
2025-03-13 02:18:04,330 - INFO - Elapsed Time: 31.47s | Pan Error: -10.00 | Face Confidence: 88%
2025-03-13 02:18:04,417 - INFO - Elapsed Time: 31.56s | Pan Error: -10.78 | Face Confidence: 87%
2025-03-13 02:18:04,503 - INFO - Elapsed Time: 31.65s | Pan Error: -10.62 | Face Confidence: 89%
2025-03-13 02:18:04,589 - INFO - Elapsed Time: 31.73s | Pan Error: -8.44 | Face Confidence: 90%
2025-03-13 02:18:04,674 - INFO - Elapsed Time: 31.82s | Pan Error: -3.28 | Face Confidence: 91%
2025-03-13 02:18:04,760 - INFO - Elapsed Time: 31.90s | Pan Error: 2.81 | Face Confidence: 91%
2025-03-13 02:18:04,847 - INFO - Elapsed Time: 31.99s | Pan Error: 5.31 | Face Confidence: 90%
2025-03-13 02:18:04,932 - INFO - Elapsed Time: 32.08s | Pan Error: 9.22 | Face Confidence: 83%
2025-03-13 02:18:05,018 - INFO - Elapsed Time: 32.16s | Pan Error: 10.00 | Face Confidence: 86%
2025-03-13 02:18:05,102 - INFO - Elapsed Time: 32.25s | Pan Error: 9.84 | Face Confidence: 91%
2025-03-13 02:18:05,186 - INFO - Elapsed Time: 32.33s | Pan Error: 2.66 | Face Confidence: 89%
2025-03-13 02:18:05,270 - INFO - Elapsed Time: 32.42s | Pan Error: 0.00 | Face Confidence: 88%
2025-03-13 02:18:05,360 - INFO - Elapsed Time: 32.50s | Pan Error: -7.19 | Face Confidence: 91%
2025-03-13 02:18:05,446 - INFO - Elapsed Time: 32.59s | Pan Error: -8.44 | Face Confidence: 90%
2025-03-13 02:18:05,532 - INFO - Elapsed Time: 32.68s | Pan Error: -8.59 | Face Confidence: 91%
2025-03-13 02:18:05,616 - INFO - Elapsed Time: 32.76s | Pan Error: -8.59 | Face Confidence: 89%
2025-03-13 02:18:05,702 - INFO - Elapsed Time: 32.85s | Pan Error: -8.28 | Face Confidence: 91%
2025-03-13 02:18:05,785 - INFO - Elapsed Time: 32.93s | Pan Error: -4.38 | Face Confidence: 90%
2025-03-13 02:18:05,871 - INFO - Elapsed Time: 33.02s | Pan Error: 2.81 | Face Confidence: 88%
2025-03-13 02:18:05,956 - INFO - Elapsed Time: 33.10s | Pan Error: 5.00 | Face Confidence: 90%
2025-03-13 02:18:06,043 - INFO - Elapsed Time: 33.19s | Pan Error: 10.00 | Face Confidence: 88%
2025-03-13 02:18:06,128 - INFO - Elapsed Time: 33.27s | Pan Error: 9.84 | Face Confidence: 92%
2025-03-13 02:18:06,214 - INFO - Elapsed Time: 33.36s | Pan Error: 10.47 | Face Confidence: 90%
2025-03-13 02:18:06,300 - INFO - Elapsed Time: 33.44s | Pan Error: 4.22 | Face Confidence: 90%
2025-03-13 02:18:06,386 - INFO - Elapsed Time: 33.53s | Pan Error: 0.47 | Face Confidence: 89%
2025-03-13 02:18:06,474 - INFO - Elapsed Time: 33.62s | Pan Error: -6.88 | Face Confidence: 89%
2025-03-13 02:18:06,560 - INFO - Elapsed Time: 33.70s | Pan Error: -9.69 | Face Confidence: 86%
2025-03-13 02:18:06,646 - INFO - Elapsed Time: 33.79s | Pan Error: -9.84 | Face Confidence: 88%
2025-03-13 02:18:06,731 - INFO - Elapsed Time: 33.88s | Pan Error: -10.16 | Face Confidence: 87%
2025-03-13 02:18:06,815 - INFO - Elapsed Time: 33.96s | Pan Error: -8.91 | Face Confidence: 88%
2025-03-13 02:18:06,901 - INFO - Elapsed Time: 34.05s | Pan Error: -3.59 | Face Confidence: 90%
2025-03-13 02:18:06,983 - INFO - Elapsed Time: 34.13s | Pan Error: -0.31 | Face Confidence: 84%
2025-03-13 02:18:07,030 - INFO - Stream stats - Frame: 900, Size: 204804 bytes, Clients: 1
2025-03-13 02:18:07,075 - INFO - Elapsed Time: 34.21s | Pan Error: 4.84 | Face Confidence: 85%
2025-03-13 02:18:07,171 - INFO - Elapsed Time: 34.30s | Pan Error: 6.25 | Face Confidence: 81%
2025-03-13 02:18:07,215 - INFO - Camera stopped
2025-03-13 02:18:07,280 - INFO - Elapsed Time: 34.43s | Pan Error: 6.56 | Face Confidence: 84%
2025-03-13 02:18:07,362 - INFO - Elapsed Time: 34.51s | Pan Error: 6.56 | Face Confidence: 84%
