2025-03-13 00:39:48,932 - INFO - Face tracking logging system initialized.
2025-03-13 00:39:48,983 - INFO - Initialization successful.
2025-03-13 00:39:48,983 - INFO - Camera now open.
2025-03-13 00:39:48,988 - INFO - Camera configuration has been adjusted!
2025-03-13 00:39:48,990 - INFO - Configuration successful!
2025-03-13 00:39:49,047 - INFO - Camera started
2025-03-13 00:39:49,061 - INFO - [31m[1mWARNING: This is a development server. Do not use it in a production deployment. Use a production WSGI server instead.[0m
 * Running on all addresses (0.0.0.0)
 * Running on http://127.0.0.1:5000
 * Running on http://172.20.10.4:5000
2025-03-13 00:39:49,061 - INFO - [33mPress CTRL+C to quit[0m
2025-03-13 00:39:49,259 - INFO - Stream stats - Frame: 0, Size: 190044 bytes, Clients: 0
2025-03-13 00:39:50,541 - INFO - 172.20.10.2 - - [13/Mar/2025 00:39:50] "GET / HTTP/1.1" 200 -
2025-03-13 00:39:50,591 - INFO - Client connected. Total clients: 1
2025-03-13 00:39:50,643 - INFO - Elapsed Time: 1.54s | Pan Error: 7.66 | Face Confidence: 54%
2025-03-13 00:39:50,664 - INFO - 172.20.10.2 - - [13/Mar/2025 00:39:50] "GET /video_feed HTTP/1.1" 200 -
2025-03-13 00:39:53,042 - INFO - Elapsed Time: 3.96s | Pan Error: -8.91 | Face Confidence: 53%
2025-03-13 00:39:53,135 - INFO - Elapsed Time: 4.05s | Pan Error: -6.25 | Face Confidence: 57%
2025-03-13 00:39:53,224 - INFO - Elapsed Time: 4.14s | Pan Error: -5.94 | Face Confidence: 90%
2025-03-13 00:39:53,311 - INFO - Elapsed Time: 4.23s | Pan Error: 0.16 | Face Confidence: 59%
2025-03-13 00:39:53,400 - INFO - Elapsed Time: 4.32s | Pan Error: -6.88 | Face Confidence: 87%
2025-03-13 00:39:53,490 - INFO - Elapsed Time: 4.40s | Pan Error: -6.56 | Face Confidence: 83%
2025-03-13 00:39:53,579 - INFO - Elapsed Time: 4.50s | Pan Error: -6.56 | Face Confidence: 89%
2025-03-13 00:39:53,669 - INFO - Elapsed Time: 4.58s | Pan Error: -2.66 | Face Confidence: 86%
2025-03-13 00:39:53,759 - INFO - Elapsed Time: 4.67s | Pan Error: 0.00 | Face Confidence: 82%
2025-03-13 00:39:53,848 - INFO - Elapsed Time: 4.76s | Pan Error: -2.34 | Face Confidence: 88%
2025-03-13 00:39:53,937 - INFO - Elapsed Time: 4.85s | Pan Error: -10.16 | Face Confidence: 85%
2025-03-13 00:39:54,022 - INFO - Elapsed Time: 4.94s | Pan Error: -14.22 | Face Confidence: 86%
2025-03-13 00:39:54,109 - INFO - Elapsed Time: 5.02s | Pan Error: -28.59 | Face Confidence: 67%
2025-03-13 00:39:54,196 - INFO - Elapsed Time: 5.11s | Pan Error: -37.66 | Face Confidence: 68%
2025-03-13 00:39:54,287 - INFO - Elapsed Time: 5.20s | Pan Error: -40.31 | Face Confidence: 73%
2025-03-13 00:39:54,378 - INFO - Elapsed Time: 5.29s | Pan Error: -39.38 | Face Confidence: 79%
2025-03-13 00:39:54,465 - INFO - Elapsed Time: 5.38s | Pan Error: -30.31 | Face Confidence: 60%
2025-03-13 00:39:59,621 - INFO - Elapsed Time: 10.54s | Pan Error: 17.66 | Face Confidence: 56%
2025-03-13 00:39:59,709 - INFO - Elapsed Time: 10.62s | Pan Error: 23.44 | Face Confidence: 65%
2025-03-13 00:39:59,874 - INFO - Elapsed Time: 10.79s | Pan Error: 30.31 | Face Confidence: 70%
2025-03-13 00:39:59,960 - INFO - Elapsed Time: 10.88s | Pan Error: 30.47 | Face Confidence: 73%
2025-03-13 00:40:00,045 - INFO - Elapsed Time: 10.96s | Pan Error: 33.59 | Face Confidence: 76%
2025-03-13 00:40:00,132 - INFO - Elapsed Time: 11.05s | Pan Error: 31.72 | Face Confidence: 82%
2025-03-13 00:40:00,218 - INFO - Elapsed Time: 11.13s | Pan Error: 17.50 | Face Confidence: 51%
2025-03-13 00:40:00,461 - INFO - Elapsed Time: 11.38s | Pan Error: -20.62 | Face Confidence: 89%
2025-03-13 00:40:00,550 - INFO - Elapsed Time: 11.46s | Pan Error: -27.03 | Face Confidence: 86%
2025-03-13 00:40:00,637 - INFO - Elapsed Time: 11.55s | Pan Error: -26.41 | Face Confidence: 86%
2025-03-13 00:40:00,641 - INFO - Stream stats - Frame: 300, Size: 164379 bytes, Clients: 1
2025-03-13 00:40:00,723 - INFO - Elapsed Time: 11.64s | Pan Error: -19.38 | Face Confidence: 79%
2025-03-13 00:40:00,811 - INFO - Elapsed Time: 11.73s | Pan Error: -7.97 | Face Confidence: 79%
2025-03-13 00:40:00,895 - INFO - Elapsed Time: 11.81s | Pan Error: 1.41 | Face Confidence: 78%
2025-03-13 00:40:00,986 - INFO - Elapsed Time: 11.90s | Pan Error: 10.00 | Face Confidence: 90%
2025-03-13 00:40:01,074 - INFO - Elapsed Time: 11.99s | Pan Error: 11.88 | Face Confidence: 85%
2025-03-13 00:40:01,161 - INFO - Elapsed Time: 12.08s | Pan Error: 11.41 | Face Confidence: 83%
2025-03-13 00:40:01,248 - INFO - Elapsed Time: 12.16s | Pan Error: 3.59 | Face Confidence: 87%
2025-03-13 00:40:01,334 - INFO - Elapsed Time: 12.25s | Pan Error: -4.69 | Face Confidence: 76%
2025-03-13 00:40:01,421 - INFO - Elapsed Time: 12.34s | Pan Error: -21.88 | Face Confidence: 85%
2025-03-13 00:40:01,508 - INFO - Elapsed Time: 12.42s | Pan Error: -29.69 | Face Confidence: 88%
2025-03-13 00:40:01,591 - INFO - Elapsed Time: 12.51s | Pan Error: -30.00 | Face Confidence: 88%
2025-03-13 00:40:01,678 - INFO - Elapsed Time: 12.60s | Pan Error: -17.81 | Face Confidence: 86%
2025-03-13 00:40:01,867 - INFO - Elapsed Time: 12.77s | Pan Error: 12.19 | Face Confidence: 79%
2025-03-13 00:40:01,970 - INFO - Elapsed Time: 12.89s | Pan Error: 28.75 | Face Confidence: 91%
2025-03-13 00:40:02,055 - INFO - Elapsed Time: 12.97s | Pan Error: 34.53 | Face Confidence: 92%
2025-03-13 00:40:02,141 - INFO - Elapsed Time: 13.06s | Pan Error: 33.91 | Face Confidence: 91%
2025-03-13 00:40:02,227 - INFO - Elapsed Time: 13.14s | Pan Error: 19.38 | Face Confidence: 84%
2025-03-13 00:40:02,319 - INFO - Elapsed Time: 13.23s | Pan Error: -5.78 | Face Confidence: 73%
2025-03-13 00:40:02,405 - INFO - Elapsed Time: 13.32s | Pan Error: -21.25 | Face Confidence: 78%
2025-03-13 00:40:02,490 - INFO - Elapsed Time: 13.41s | Pan Error: -40.94 | Face Confidence: 87%
2025-03-13 00:40:02,579 - INFO - Elapsed Time: 13.49s | Pan Error: -42.81 | Face Confidence: 84%
2025-03-13 00:40:02,664 - INFO - Elapsed Time: 13.58s | Pan Error: -30.78 | Face Confidence: 84%
2025-03-13 00:40:02,753 - INFO - Elapsed Time: 13.67s | Pan Error: -10.62 | Face Confidence: 78%
2025-03-13 00:40:02,840 - INFO - Elapsed Time: 13.76s | Pan Error: 13.44 | Face Confidence: 81%
2025-03-13 00:40:02,928 - INFO - Elapsed Time: 13.84s | Pan Error: 25.78 | Face Confidence: 85%
2025-03-13 00:40:03,015 - INFO - Elapsed Time: 13.93s | Pan Error: 29.22 | Face Confidence: 84%
2025-03-13 00:40:03,100 - INFO - Elapsed Time: 14.02s | Pan Error: 22.97 | Face Confidence: 86%
2025-03-13 00:40:03,185 - INFO - Elapsed Time: 14.10s | Pan Error: 10.62 | Face Confidence: 82%
2025-03-13 00:40:03,270 - INFO - Elapsed Time: 14.19s | Pan Error: 0.78 | Face Confidence: 78%
2025-03-13 00:40:03,361 - INFO - Elapsed Time: 14.28s | Pan Error: -11.09 | Face Confidence: 91%
2025-03-13 00:40:03,447 - INFO - Elapsed Time: 14.36s | Pan Error: -16.25 | Face Confidence: 90%
2025-03-13 00:40:03,533 - INFO - Elapsed Time: 14.45s | Pan Error: -18.59 | Face Confidence: 90%
2025-03-13 00:40:03,621 - INFO - Elapsed Time: 14.54s | Pan Error: -17.50 | Face Confidence: 91%
2025-03-13 00:40:03,707 - INFO - Elapsed Time: 14.62s | Pan Error: -8.44 | Face Confidence: 92%
2025-03-13 00:40:03,797 - INFO - Elapsed Time: 14.71s | Pan Error: -1.41 | Face Confidence: 90%
2025-03-13 00:40:03,886 - INFO - Elapsed Time: 14.80s | Pan Error: 4.69 | Face Confidence: 92%
2025-03-13 00:40:03,971 - INFO - Elapsed Time: 14.89s | Pan Error: 7.81 | Face Confidence: 90%
2025-03-13 00:40:04,058 - INFO - Elapsed Time: 14.97s | Pan Error: 9.38 | Face Confidence: 89%
2025-03-13 00:40:04,151 - INFO - Elapsed Time: 15.07s | Pan Error: 9.69 | Face Confidence: 87%
2025-03-13 00:40:04,238 - INFO - Elapsed Time: 15.15s | Pan Error: 9.38 | Face Confidence: 85%
2025-03-13 00:40:04,324 - INFO - Elapsed Time: 15.24s | Pan Error: 2.34 | Face Confidence: 84%
2025-03-13 00:40:04,414 - INFO - Elapsed Time: 15.33s | Pan Error: -1.56 | Face Confidence: 79%
2025-03-13 00:40:04,510 - INFO - Elapsed Time: 15.42s | Pan Error: -14.37 | Face Confidence: 82%
2025-03-13 00:40:04,596 - INFO - Elapsed Time: 15.51s | Pan Error: -26.72 | Face Confidence: 90%
2025-03-13 00:40:04,684 - INFO - Elapsed Time: 15.60s | Pan Error: -36.88 | Face Confidence: 89%
2025-03-13 00:40:04,769 - INFO - Elapsed Time: 15.69s | Pan Error: -49.84 | Face Confidence: 90%
2025-03-13 00:40:04,857 - INFO - Elapsed Time: 15.77s | Pan Error: -48.28 | Face Confidence: 90%
2025-03-13 00:40:04,950 - INFO - Elapsed Time: 15.86s | Pan Error: -35.31 | Face Confidence: 86%
2025-03-13 00:40:05,046 - INFO - Elapsed Time: 15.96s | Pan Error: -13.91 | Face Confidence: 85%
2025-03-13 00:40:05,140 - INFO - Elapsed Time: 16.05s | Pan Error: 6.56 | Face Confidence: 88%
2025-03-13 00:40:05,229 - INFO - Elapsed Time: 16.14s | Pan Error: 14.84 | Face Confidence: 86%
2025-03-13 00:40:05,328 - INFO - Elapsed Time: 16.23s | Pan Error: 22.66 | Face Confidence: 88%
2025-03-13 00:40:05,416 - INFO - Elapsed Time: 16.33s | Pan Error: 23.59 | Face Confidence: 90%
2025-03-13 00:40:05,505 - INFO - Elapsed Time: 16.42s | Pan Error: 19.69 | Face Confidence: 93%
2025-03-13 00:40:05,595 - INFO - Elapsed Time: 16.51s | Pan Error: 16.56 | Face Confidence: 91%
2025-03-13 00:40:05,685 - INFO - Elapsed Time: 16.60s | Pan Error: 12.03 | Face Confidence: 91%
2025-03-13 00:40:05,769 - INFO - Elapsed Time: 16.69s | Pan Error: 13.75 | Face Confidence: 89%
2025-03-13 00:40:05,857 - INFO - Elapsed Time: 16.77s | Pan Error: 18.75 | Face Confidence: 88%
2025-03-13 00:40:05,952 - INFO - Elapsed Time: 16.86s | Pan Error: 25.78 | Face Confidence: 87%
2025-03-13 00:40:06,044 - INFO - Elapsed Time: 16.96s | Pan Error: 31.09 | Face Confidence: 91%
2025-03-13 00:40:06,131 - INFO - Elapsed Time: 17.05s | Pan Error: 33.28 | Face Confidence: 91%
2025-03-13 00:40:06,221 - INFO - Elapsed Time: 17.14s | Pan Error: 34.53 | Face Confidence: 85%
2025-03-13 00:40:06,311 - INFO - Elapsed Time: 17.23s | Pan Error: 24.69 | Face Confidence: 83%
2025-03-13 00:40:06,399 - INFO - Elapsed Time: 17.32s | Pan Error: 20.00 | Face Confidence: 84%
2025-03-13 00:40:06,487 - INFO - Elapsed Time: 17.40s | Pan Error: 3.91 | Face Confidence: 88%
2025-03-13 00:40:06,578 - INFO - Elapsed Time: 17.49s | Pan Error: -5.00 | Face Confidence: 87%
2025-03-13 00:40:06,665 - INFO - Elapsed Time: 17.58s | Pan Error: -10.31 | Face Confidence: 88%
2025-03-13 00:40:06,753 - INFO - Elapsed Time: 17.67s | Pan Error: -14.53 | Face Confidence: 90%
2025-03-13 00:40:06,845 - INFO - Elapsed Time: 17.76s | Pan Error: -16.72 | Face Confidence: 92%
2025-03-13 00:40:06,939 - INFO - Elapsed Time: 17.85s | Pan Error: -20.16 | Face Confidence: 92%
2025-03-13 00:40:07,042 - INFO - Elapsed Time: 17.96s | Pan Error: -19.69 | Face Confidence: 89%
2025-03-13 00:40:07,128 - INFO - Elapsed Time: 18.05s | Pan Error: -17.03 | Face Confidence: 89%
2025-03-13 00:40:07,218 - INFO - Elapsed Time: 18.13s | Pan Error: -13.44 | Face Confidence: 86%
2025-03-13 00:40:07,305 - INFO - Elapsed Time: 18.22s | Pan Error: -13.28 | Face Confidence: 91%
2025-03-13 00:40:07,390 - INFO - Elapsed Time: 18.31s | Pan Error: -14.84 | Face Confidence: 92%
2025-03-13 00:40:07,476 - INFO - Elapsed Time: 18.39s | Pan Error: -16.41 | Face Confidence: 89%
2025-03-13 00:40:07,561 - INFO - Elapsed Time: 18.48s | Pan Error: -14.53 | Face Confidence: 91%
2025-03-13 00:40:07,652 - INFO - Elapsed Time: 18.56s | Pan Error: -11.09 | Face Confidence: 86%
2025-03-13 00:40:07,737 - INFO - Elapsed Time: 18.66s | Pan Error: -2.19 | Face Confidence: 93%
2025-03-13 00:40:07,828 - INFO - Elapsed Time: 18.74s | Pan Error: 1.88 | Face Confidence: 90%
2025-03-13 00:40:07,915 - INFO - Elapsed Time: 18.83s | Pan Error: 5.00 | Face Confidence: 92%
2025-03-13 00:40:08,004 - INFO - Elapsed Time: 18.92s | Pan Error: 6.09 | Face Confidence: 92%
2025-03-13 00:40:08,096 - INFO - Elapsed Time: 19.01s | Pan Error: 5.16 | Face Confidence: 91%
2025-03-13 00:40:08,182 - INFO - Elapsed Time: 19.10s | Pan Error: 6.56 | Face Confidence: 91%
2025-03-13 00:40:08,269 - INFO - Elapsed Time: 19.18s | Pan Error: 5.94 | Face Confidence: 91%
2025-03-13 00:40:08,353 - INFO - Elapsed Time: 19.27s | Pan Error: 3.12 | Face Confidence: 87%
2025-03-13 00:40:08,438 - INFO - Elapsed Time: 19.36s | Pan Error: 2.03 | Face Confidence: 85%
2025-03-13 00:40:08,529 - INFO - Elapsed Time: 19.44s | Pan Error: -0.47 | Face Confidence: 88%
2025-03-13 00:40:08,614 - INFO - Elapsed Time: 19.53s | Pan Error: -0.47 | Face Confidence: 87%
2025-03-13 00:40:08,702 - INFO - Elapsed Time: 19.62s | Pan Error: -3.12 | Face Confidence: 90%
2025-03-13 00:40:08,791 - INFO - Elapsed Time: 19.70s | Pan Error: -2.50 | Face Confidence: 89%
2025-03-13 00:40:08,878 - INFO - Elapsed Time: 19.79s | Pan Error: -1.88 | Face Confidence: 87%
2025-03-13 00:40:08,965 - INFO - Elapsed Time: 19.88s | Pan Error: -2.19 | Face Confidence: 86%
2025-03-13 00:40:09,053 - INFO - Elapsed Time: 19.97s | Pan Error: -1.56 | Face Confidence: 88%
2025-03-13 00:40:09,144 - INFO - Elapsed Time: 20.06s | Pan Error: -2.03 | Face Confidence: 89%
2025-03-13 00:40:09,235 - INFO - Elapsed Time: 20.15s | Pan Error: -2.34 | Face Confidence: 88%
2025-03-13 00:40:09,323 - INFO - Elapsed Time: 20.24s | Pan Error: -2.66 | Face Confidence: 89%
2025-03-13 00:40:09,412 - INFO - Elapsed Time: 20.33s | Pan Error: -3.28 | Face Confidence: 90%
2025-03-13 00:40:09,499 - INFO - Elapsed Time: 20.42s | Pan Error: -3.28 | Face Confidence: 90%
2025-03-13 00:40:09,586 - INFO - Elapsed Time: 20.50s | Pan Error: -3.59 | Face Confidence: 90%
2025-03-13 00:40:09,673 - INFO - Elapsed Time: 20.59s | Pan Error: -4.06 | Face Confidence: 91%
2025-03-13 00:40:09,759 - INFO - Elapsed Time: 20.68s | Pan Error: -3.28 | Face Confidence: 90%
2025-03-13 00:40:09,848 - INFO - Elapsed Time: 20.76s | Pan Error: 0.47 | Face Confidence: 91%
2025-03-13 00:40:09,938 - INFO - Elapsed Time: 20.85s | Pan Error: 4.38 | Face Confidence: 91%
2025-03-13 00:40:10,026 - INFO - Elapsed Time: 20.94s | Pan Error: 5.94 | Face Confidence: 90%
2025-03-13 00:40:10,114 - INFO - Elapsed Time: 21.03s | Pan Error: 8.12 | Face Confidence: 85%
2025-03-13 00:40:10,202 - INFO - Elapsed Time: 21.12s | Pan Error: 10.31 | Face Confidence: 85%
2025-03-13 00:40:10,288 - INFO - Elapsed Time: 21.21s | Pan Error: 9.69 | Face Confidence: 80%
2025-03-13 00:40:10,383 - INFO - Elapsed Time: 21.30s | Pan Error: 9.84 | Face Confidence: 69%
2025-03-13 00:40:10,714 - INFO - Stream stats - Frame: 600, Size: 197066 bytes, Clients: 1
2025-03-13 00:40:10,885 - INFO - Elapsed Time: 21.80s | Pan Error: -7.97 | Face Confidence: 62%
2025-03-13 00:40:10,972 - INFO - Elapsed Time: 21.89s | Pan Error: -9.22 | Face Confidence: 64%
2025-03-13 00:40:11,065 - INFO - Elapsed Time: 21.98s | Pan Error: -12.03 | Face Confidence: 76%
2025-03-13 00:40:11,156 - INFO - Elapsed Time: 22.07s | Pan Error: -13.28 | Face Confidence: 82%
2025-03-13 00:40:11,246 - INFO - Elapsed Time: 22.16s | Pan Error: -14.69 | Face Confidence: 82%
2025-03-13 00:40:11,332 - INFO - Elapsed Time: 22.25s | Pan Error: -14.22 | Face Confidence: 80%
2025-03-13 00:40:11,417 - INFO - Elapsed Time: 22.33s | Pan Error: -13.59 | Face Confidence: 82%
2025-03-13 00:40:11,503 - INFO - Elapsed Time: 22.42s | Pan Error: -8.28 | Face Confidence: 79%
2025-03-13 00:40:11,588 - INFO - Elapsed Time: 22.51s | Pan Error: -4.06 | Face Confidence: 83%
2025-03-13 00:40:11,676 - INFO - Elapsed Time: 22.59s | Pan Error: 3.28 | Face Confidence: 74%
2025-03-13 00:40:11,763 - INFO - Elapsed Time: 22.68s | Pan Error: 6.72 | Face Confidence: 84%
2025-03-13 00:40:11,850 - INFO - Elapsed Time: 22.77s | Pan Error: 9.06 | Face Confidence: 83%
2025-03-13 00:40:11,940 - INFO - Elapsed Time: 22.85s | Pan Error: 8.44 | Face Confidence: 83%
2025-03-13 00:40:12,026 - INFO - Elapsed Time: 22.94s | Pan Error: 7.97 | Face Confidence: 85%
2025-03-13 00:40:12,131 - INFO - Elapsed Time: 23.04s | Pan Error: 4.69 | Face Confidence: 83%
2025-03-13 00:40:12,218 - INFO - Elapsed Time: 23.14s | Pan Error: -1.25 | Face Confidence: 82%
2025-03-13 00:40:12,303 - INFO - Elapsed Time: 23.22s | Pan Error: -1.72 | Face Confidence: 81%
2025-03-13 00:40:12,393 - INFO - Elapsed Time: 23.31s | Pan Error: -0.16 | Face Confidence: 69%
2025-03-13 00:40:12,480 - INFO - Elapsed Time: 23.40s | Pan Error: 0.00 | Face Confidence: 67%
2025-03-13 00:40:12,569 - INFO - Elapsed Time: 23.48s | Pan Error: 4.53 | Face Confidence: 56%
2025-03-13 00:40:12,661 - INFO - Elapsed Time: 23.57s | Pan Error: 5.16 | Face Confidence: 68%
2025-03-13 00:40:12,748 - INFO - Elapsed Time: 23.67s | Pan Error: 3.59 | Face Confidence: 67%
2025-03-13 00:40:12,998 - INFO - Elapsed Time: 23.91s | Pan Error: -7.19 | Face Confidence: 64%
2025-03-13 00:40:13,082 - INFO - Elapsed Time: 24.00s | Pan Error: -8.75 | Face Confidence: 56%
2025-03-13 00:40:13,169 - INFO - Elapsed Time: 24.09s | Pan Error: -10.62 | Face Confidence: 59%
2025-03-13 00:40:14,323 - INFO - Elapsed Time: 25.24s | Pan Error: 2.81 | Face Confidence: 65%
2025-03-13 00:40:14,410 - INFO - Elapsed Time: 25.33s | Pan Error: 2.50 | Face Confidence: 64%
2025-03-13 00:40:14,498 - INFO - Elapsed Time: 25.41s | Pan Error: 4.53 | Face Confidence: 60%
2025-03-13 00:40:14,584 - INFO - Elapsed Time: 25.50s | Pan Error: 5.62 | Face Confidence: 57%
2025-03-13 00:40:14,676 - INFO - Elapsed Time: 25.59s | Pan Error: 5.94 | Face Confidence: 50%
2025-03-13 00:40:14,764 - INFO - Elapsed Time: 25.68s | Pan Error: 7.81 | Face Confidence: 68%
2025-03-13 00:40:14,853 - INFO - Elapsed Time: 25.77s | Pan Error: 4.69 | Face Confidence: 76%
2025-03-13 00:40:14,944 - INFO - Elapsed Time: 25.86s | Pan Error: -2.03 | Face Confidence: 76%
2025-03-13 00:40:15,031 - INFO - Elapsed Time: 25.95s | Pan Error: -8.44 | Face Confidence: 85%
2025-03-13 00:40:15,123 - INFO - Elapsed Time: 26.04s | Pan Error: -21.25 | Face Confidence: 85%
2025-03-13 00:40:15,212 - INFO - Elapsed Time: 26.13s | Pan Error: -23.59 | Face Confidence: 86%
2025-03-13 00:40:15,298 - INFO - Elapsed Time: 26.22s | Pan Error: -23.12 | Face Confidence: 85%
2025-03-13 00:40:15,383 - INFO - Elapsed Time: 26.30s | Pan Error: -13.12 | Face Confidence: 80%
2025-03-13 00:40:15,470 - INFO - Elapsed Time: 26.39s | Pan Error: 0.16 | Face Confidence: 82%
2025-03-13 00:40:15,556 - INFO - Elapsed Time: 26.47s | Pan Error: 21.09 | Face Confidence: 83%
2025-03-13 00:40:15,649 - INFO - Elapsed Time: 26.56s | Pan Error: 34.06 | Face Confidence: 69%
2025-03-13 00:40:15,744 - INFO - Elapsed Time: 26.66s | Pan Error: 35.16 | Face Confidence: 70%
2025-03-13 00:40:15,835 - INFO - Elapsed Time: 26.75s | Pan Error: 24.69 | Face Confidence: 60%
2025-03-13 00:40:15,924 - INFO - Elapsed Time: 26.84s | Pan Error: 5.94 | Face Confidence: 59%
2025-03-13 00:40:16,010 - INFO - Elapsed Time: 26.93s | Pan Error: -9.22 | Face Confidence: 55%
2025-03-13 00:40:16,179 - INFO - Elapsed Time: 27.09s | Pan Error: -7.97 | Face Confidence: 58%
2025-03-13 00:40:16,267 - INFO - Elapsed Time: 27.18s | Pan Error: -11.88 | Face Confidence: 66%
2025-03-13 00:40:16,355 - INFO - Elapsed Time: 27.27s | Pan Error: -20.94 | Face Confidence: 71%
2025-03-13 00:40:16,444 - INFO - Elapsed Time: 27.36s | Pan Error: -29.22 | Face Confidence: 86%
2025-03-13 00:40:16,529 - INFO - Elapsed Time: 27.45s | Pan Error: -30.47 | Face Confidence: 88%
2025-03-13 00:40:16,614 - INFO - Elapsed Time: 27.53s | Pan Error: -18.59 | Face Confidence: 90%
2025-03-13 00:40:16,702 - INFO - Elapsed Time: 27.62s | Pan Error: -9.06 | Face Confidence: 86%
2025-03-13 00:40:16,788 - INFO - Elapsed Time: 27.71s | Pan Error: -4.69 | Face Confidence: 89%
2025-03-13 00:40:16,880 - INFO - Elapsed Time: 27.80s | Pan Error: -10.16 | Face Confidence: 85%
2025-03-13 00:40:16,967 - INFO - Elapsed Time: 27.88s | Pan Error: -17.50 | Face Confidence: 85%
2025-03-13 00:40:17,055 - INFO - Elapsed Time: 27.97s | Pan Error: -27.03 | Face Confidence: 89%
2025-03-13 00:40:17,148 - INFO - Elapsed Time: 28.06s | Pan Error: -26.88 | Face Confidence: 89%
2025-03-13 00:40:17,245 - INFO - Elapsed Time: 28.16s | Pan Error: -18.59 | Face Confidence: 90%
2025-03-13 00:40:17,332 - INFO - Elapsed Time: 28.25s | Pan Error: -0.31 | Face Confidence: 83%
2025-03-13 00:40:17,421 - INFO - Elapsed Time: 28.33s | Pan Error: 10.47 | Face Confidence: 78%
2025-03-13 00:40:17,508 - INFO - Elapsed Time: 28.42s | Pan Error: 26.56 | Face Confidence: 85%
2025-03-13 00:40:17,598 - INFO - Elapsed Time: 28.51s | Pan Error: 39.53 | Face Confidence: 86%
2025-03-13 00:40:17,682 - INFO - Elapsed Time: 28.60s | Pan Error: 45.78 | Face Confidence: 86%
2025-03-13 00:40:17,773 - INFO - Elapsed Time: 28.69s | Pan Error: 45.94 | Face Confidence: 86%
2025-03-13 00:40:17,865 - INFO - Elapsed Time: 28.78s | Pan Error: 40.94 | Face Confidence: 82%
2025-03-13 00:40:17,951 - INFO - Elapsed Time: 28.87s | Pan Error: 28.44 | Face Confidence: 62%
2025-03-13 00:40:18,042 - INFO - Elapsed Time: 28.96s | Pan Error: 12.50 | Face Confidence: 65%
2025-03-13 00:40:18,128 - INFO - Elapsed Time: 29.04s | Pan Error: -0.31 | Face Confidence: 79%
2025-03-13 00:40:18,217 - INFO - Elapsed Time: 29.13s | Pan Error: -6.88 | Face Confidence: 77%
2025-03-13 00:40:18,305 - INFO - Elapsed Time: 29.22s | Pan Error: -14.22 | Face Confidence: 75%
2025-03-13 00:40:18,394 - INFO - Elapsed Time: 29.31s | Pan Error: -16.09 | Face Confidence: 83%
2025-03-13 00:40:18,481 - INFO - Elapsed Time: 29.40s | Pan Error: -21.09 | Face Confidence: 87%
2025-03-13 00:40:18,566 - INFO - Elapsed Time: 29.48s | Pan Error: -22.34 | Face Confidence: 80%
2025-03-13 00:40:18,654 - INFO - Elapsed Time: 29.57s | Pan Error: -22.81 | Face Confidence: 89%
2025-03-13 00:40:18,745 - INFO - Elapsed Time: 29.66s | Pan Error: -23.44 | Face Confidence: 92%
2025-03-13 00:40:18,831 - INFO - Elapsed Time: 29.75s | Pan Error: -28.12 | Face Confidence: 89%
2025-03-13 00:40:18,916 - INFO - Elapsed Time: 29.83s | Pan Error: -31.41 | Face Confidence: 53%
2025-03-13 00:40:19,004 - INFO - Elapsed Time: 29.92s | Pan Error: -26.09 | Face Confidence: 88%
2025-03-13 00:40:19,094 - INFO - Elapsed Time: 30.01s | Pan Error: -11.88 | Face Confidence: 73%
2025-03-13 00:40:19,183 - INFO - Elapsed Time: 30.10s | Pan Error: 10.00 | Face Confidence: 77%
2025-03-13 00:40:19,269 - INFO - Elapsed Time: 30.19s | Pan Error: 28.91 | Face Confidence: 87%
2025-03-13 00:40:19,356 - INFO - Elapsed Time: 30.27s | Pan Error: 38.59 | Face Confidence: 86%
2025-03-13 00:40:19,447 - INFO - Elapsed Time: 30.36s | Pan Error: 43.91 | Face Confidence: 80%
2025-03-13 00:40:19,534 - INFO - Elapsed Time: 30.45s | Pan Error: 38.28 | Face Confidence: 80%
2025-03-13 00:40:19,781 - INFO - Elapsed Time: 30.70s | Pan Error: -17.50 | Face Confidence: 80%
2025-03-13 00:40:19,867 - INFO - Elapsed Time: 30.78s | Pan Error: -21.41 | Face Confidence: 64%
2025-03-13 00:40:19,958 - INFO - Elapsed Time: 30.87s | Pan Error: -23.75 | Face Confidence: 76%
2025-03-13 00:40:20,045 - INFO - Elapsed Time: 30.96s | Pan Error: -20.78 | Face Confidence: 80%
2025-03-13 00:40:20,130 - INFO - Elapsed Time: 31.05s | Pan Error: -19.06 | Face Confidence: 87%
2025-03-13 00:40:20,215 - INFO - Elapsed Time: 31.13s | Pan Error: -12.50 | Face Confidence: 87%
2025-03-13 00:40:20,302 - INFO - Elapsed Time: 31.22s | Pan Error: -4.53 | Face Confidence: 88%
2025-03-13 00:40:20,390 - INFO - Elapsed Time: 31.31s | Pan Error: 1.09 | Face Confidence: 90%
2025-03-13 00:40:20,477 - INFO - Elapsed Time: 31.39s | Pan Error: -0.94 | Face Confidence: 91%
2025-03-13 00:40:20,565 - INFO - Elapsed Time: 31.48s | Pan Error: -11.41 | Face Confidence: 79%
2025-03-13 00:40:20,655 - INFO - Elapsed Time: 31.57s | Pan Error: -19.38 | Face Confidence: 91%
2025-03-13 00:40:20,744 - INFO - Elapsed Time: 31.66s | Pan Error: -17.81 | Face Confidence: 90%
2025-03-13 00:40:20,781 - INFO - Stream stats - Frame: 900, Size: 184051 bytes, Clients: 1
2025-03-13 00:40:20,832 - INFO - Elapsed Time: 31.75s | Pan Error: 2.66 | Face Confidence: 69%
2025-03-13 00:40:20,923 - INFO - Elapsed Time: 31.84s | Pan Error: 27.66 | Face Confidence: 74%
2025-03-13 00:40:21,009 - INFO - Elapsed Time: 31.92s | Pan Error: 42.66 | Face Confidence: 89%
2025-03-13 00:40:21,095 - INFO - Elapsed Time: 32.01s | Pan Error: 58.13 | Face Confidence: 90%
2025-03-13 00:40:21,179 - INFO - Elapsed Time: 32.10s | Pan Error: 57.19 | Face Confidence: 83%
2025-03-13 00:40:21,427 - INFO - Elapsed Time: 32.34s | Pan Error: -13.12 | Face Confidence: 75%
2025-03-13 00:40:21,514 - INFO - Elapsed Time: 32.43s | Pan Error: -23.44 | Face Confidence: 84%
2025-03-13 00:40:21,599 - INFO - Elapsed Time: 32.52s | Pan Error: -30.47 | Face Confidence: 90%
2025-03-13 00:40:21,688 - INFO - Elapsed Time: 32.60s | Pan Error: -30.16 | Face Confidence: 88%
2025-03-13 00:40:21,777 - INFO - Elapsed Time: 32.69s | Pan Error: -25.31 | Face Confidence: 67%
2025-03-13 00:40:21,865 - INFO - Elapsed Time: 32.78s | Pan Error: -5.62 | Face Confidence: 82%
2025-03-13 00:40:21,950 - INFO - Elapsed Time: 32.87s | Pan Error: 7.66 | Face Confidence: 85%
2025-03-13 00:40:22,038 - INFO - Elapsed Time: 32.95s | Pan Error: 11.25 | Face Confidence: 70%
2025-03-13 00:40:22,126 - INFO - Elapsed Time: 33.04s | Pan Error: 16.41 | Face Confidence: 58%
2025-03-13 00:40:22,209 - INFO - Elapsed Time: 33.13s | Pan Error: 15.16 | Face Confidence: 72%
2025-03-13 00:40:22,396 - INFO - Elapsed Time: 33.31s | Pan Error: -2.97 | Face Confidence: 81%
2025-03-13 00:40:22,479 - INFO - Elapsed Time: 33.40s | Pan Error: -17.19 | Face Confidence: 81%
2025-03-13 00:40:22,566 - INFO - Elapsed Time: 33.48s | Pan Error: -38.28 | Face Confidence: 66%
2025-03-13 00:40:22,650 - INFO - Elapsed Time: 33.57s | Pan Error: -49.06 | Face Confidence: 74%
2025-03-13 00:40:27,677 - INFO - Elapsed Time: 38.59s | Pan Error: -38.12 | Face Confidence: 67%
2025-03-13 00:40:27,769 - INFO - Elapsed Time: 38.68s | Pan Error: -39.69 | Face Confidence: 71%
2025-03-13 00:40:27,858 - INFO - Elapsed Time: 38.77s | Pan Error: -37.19 | Face Confidence: 66%
2025-03-13 00:40:27,940 - INFO - Elapsed Time: 38.86s | Pan Error: -31.72 | Face Confidence: 55%
2025-03-13 00:40:28,029 - INFO - Elapsed Time: 38.95s | Pan Error: -20.78 | Face Confidence: 72%
2025-03-13 00:40:28,117 - INFO - Elapsed Time: 39.03s | Pan Error: -10.16 | Face Confidence: 59%
2025-03-13 00:40:28,204 - INFO - Elapsed Time: 39.12s | Pan Error: -0.16 | Face Confidence: 66%
2025-03-13 00:40:28,293 - INFO - Elapsed Time: 39.21s | Pan Error: 0.16 | Face Confidence: 61%
2025-03-13 00:40:30,735 - INFO - Elapsed Time: 41.65s | Pan Error: -9.38 | Face Confidence: 53%
2025-03-13 00:40:30,837 - INFO - Stream stats - Frame: 1200, Size: 172494 bytes, Clients: 1
2025-03-13 00:40:30,902 - INFO - Elapsed Time: 41.82s | Pan Error: -4.84 | Face Confidence: 57%
2025-03-13 00:40:30,987 - INFO - Elapsed Time: 41.90s | Pan Error: -4.38 | Face Confidence: 51%
2025-03-13 00:40:31,071 - INFO - Elapsed Time: 41.99s | Pan Error: -5.94 | Face Confidence: 55%
2025-03-13 00:40:31,889 - INFO - Elapsed Time: 42.80s | Pan Error: 0.94 | Face Confidence: 52%
2025-03-13 00:40:32,300 - INFO - Elapsed Time: 43.22s | Pan Error: 5.47 | Face Confidence: 52%
2025-03-13 00:40:32,390 - INFO - Elapsed Time: 43.31s | Pan Error: 5.16 | Face Confidence: 51%
2025-03-13 00:40:32,484 - INFO - Elapsed Time: 43.39s | Pan Error: 5.62 | Face Confidence: 51%
2025-03-13 00:40:32,658 - INFO - Elapsed Time: 43.58s | Pan Error: 4.38 | Face Confidence: 59%
2025-03-13 00:40:32,820 - INFO - Elapsed Time: 43.74s | Pan Error: -5.16 | Face Confidence: 50%
2025-03-13 00:40:33,314 - INFO - Elapsed Time: 44.23s | Pan Error: -4.38 | Face Confidence: 53%
2025-03-13 00:40:33,402 - INFO - Elapsed Time: 44.32s | Pan Error: -4.22 | Face Confidence: 58%
2025-03-13 00:40:33,568 - INFO - Elapsed Time: 44.48s | Pan Error: -5.78 | Face Confidence: 60%
2025-03-13 00:40:33,655 - INFO - Elapsed Time: 44.57s | Pan Error: -5.00 | Face Confidence: 55%
2025-03-13 00:40:33,739 - INFO - Elapsed Time: 44.66s | Pan Error: -5.94 | Face Confidence: 61%
2025-03-13 00:40:33,832 - INFO - Elapsed Time: 44.74s | Pan Error: -5.62 | Face Confidence: 58%
2025-03-13 00:40:33,917 - INFO - Elapsed Time: 44.84s | Pan Error: -0.94 | Face Confidence: 53%
2025-03-13 00:40:34,001 - INFO - Elapsed Time: 44.92s | Pan Error: -1.09 | Face Confidence: 61%
2025-03-13 00:40:40,898 - INFO - Stream stats - Frame: 1500, Size: 217923 bytes, Clients: 1
2025-03-13 00:40:41,072 - INFO - Elapsed Time: 51.99s | Pan Error: -72.81 | Face Confidence: 59%
2025-03-13 00:40:42,463 - INFO - Elapsed Time: 53.38s | Pan Error: -38.44 | Face Confidence: 55%
2025-03-13 00:40:45,113 - INFO - Elapsed Time: 56.03s | Pan Error: -19.38 | Face Confidence: 69%
2025-03-13 00:40:45,204 - INFO - Elapsed Time: 56.12s | Pan Error: -22.81 | Face Confidence: 84%
2025-03-13 00:40:45,294 - INFO - Elapsed Time: 56.21s | Pan Error: 67.81 | Face Confidence: 53%
2025-03-13 00:40:45,379 - INFO - Elapsed Time: 56.30s | Pan Error: 75.47 | Face Confidence: 55%
2025-03-13 00:40:45,631 - INFO - Elapsed Time: 56.55s | Pan Error: 20.47 | Face Confidence: 60%
2025-03-13 00:40:45,717 - INFO - Elapsed Time: 56.63s | Pan Error: -67.19 | Face Confidence: 62%
2025-03-13 00:40:45,806 - INFO - Elapsed Time: 56.72s | Pan Error: -1.72 | Face Confidence: 51%
2025-03-13 00:40:46,056 - INFO - Elapsed Time: 56.97s | Pan Error: -61.72 | Face Confidence: 62%
2025-03-13 00:40:46,142 - INFO - Elapsed Time: 57.06s | Pan Error: -64.38 | Face Confidence: 64%
2025-03-13 00:40:46,393 - INFO - Elapsed Time: 57.31s | Pan Error: -28.91 | Face Confidence: 62%
2025-03-13 00:40:46,480 - INFO - Elapsed Time: 57.40s | Pan Error: -21.41 | Face Confidence: 56%
2025-03-13 00:40:46,645 - INFO - Elapsed Time: 57.56s | Pan Error: 25.62 | Face Confidence: 52%
2025-03-13 00:40:46,976 - INFO - Elapsed Time: 57.89s | Pan Error: -19.06 | Face Confidence: 60%
2025-03-13 00:40:47,063 - INFO - Elapsed Time: 57.98s | Pan Error: -17.97 | Face Confidence: 56%
2025-03-13 00:40:47,148 - INFO - Elapsed Time: 58.07s | Pan Error: -17.03 | Face Confidence: 55%
2025-03-13 00:40:47,312 - INFO - Elapsed Time: 58.23s | Pan Error: -8.91 | Face Confidence: 51%
2025-03-13 00:40:48,395 - INFO - Elapsed Time: 59.31s | Pan Error: -72.19 | Face Confidence: 60%
2025-03-13 00:40:48,481 - INFO - Elapsed Time: 59.40s | Pan Error: -1.72 | Face Confidence: 52%
2025-03-13 00:40:48,644 - INFO - Elapsed Time: 59.56s | Pan Error: 1.72 | Face Confidence: 63%
2025-03-13 00:40:48,731 - INFO - Elapsed Time: 59.65s | Pan Error: -0.94 | Face Confidence: 90%
2025-03-13 00:40:48,816 - INFO - Elapsed Time: 59.73s | Pan Error: 0.78 | Face Confidence: 91%
2025-03-13 00:40:48,900 - INFO - Elapsed Time: 59.82s | Pan Error: 3.91 | Face Confidence: 94%
2025-03-13 00:40:48,990 - INFO - Elapsed Time: 59.90s | Pan Error: 11.56 | Face Confidence: 86%
2025-03-13 00:40:49,075 - INFO - Elapsed Time: 59.99s | Pan Error: 14.53 | Face Confidence: 91%
2025-03-13 00:40:49,162 - INFO - Elapsed Time: 60.08s | Pan Error: 22.66 | Face Confidence: 93%
2025-03-13 00:40:49,248 - INFO - Elapsed Time: 60.16s | Pan Error: 28.44 | Face Confidence: 89%
2025-03-13 00:40:49,332 - INFO - Elapsed Time: 60.25s | Pan Error: 29.69 | Face Confidence: 76%
2025-03-13 00:40:49,422 - INFO - Elapsed Time: 60.34s | Pan Error: 27.66 | Face Confidence: 50%
2025-03-13 00:40:49,587 - INFO - Elapsed Time: 60.50s | Pan Error: 11.09 | Face Confidence: 56%
2025-03-13 00:40:49,831 - INFO - Elapsed Time: 60.75s | Pan Error: -15.94 | Face Confidence: 55%
2025-03-13 00:40:49,914 - INFO - Elapsed Time: 60.83s | Pan Error: -20.94 | Face Confidence: 65%
2025-03-13 00:40:50,002 - INFO - Elapsed Time: 60.92s | Pan Error: -26.09 | Face Confidence: 67%
2025-03-13 00:40:50,093 - INFO - Elapsed Time: 61.01s | Pan Error: -25.62 | Face Confidence: 58%
2025-03-13 00:40:50,508 - INFO - Elapsed Time: 61.42s | Pan Error: -9.06 | Face Confidence: 57%
2025-03-13 00:40:50,596 - INFO - Elapsed Time: 61.51s | Pan Error: -15.16 | Face Confidence: 56%
2025-03-13 00:40:50,682 - INFO - Elapsed Time: 61.60s | Pan Error: -16.88 | Face Confidence: 59%
2025-03-13 00:40:50,772 - INFO - Elapsed Time: 61.68s | Pan Error: -17.19 | Face Confidence: 56%
2025-03-13 00:40:50,859 - INFO - Elapsed Time: 61.77s | Pan Error: -10.94 | Face Confidence: 52%
2025-03-13 00:40:50,973 - INFO - Stream stats - Frame: 1800, Size: 157351 bytes, Clients: 1
2025-03-13 00:40:51,027 - INFO - Elapsed Time: 61.94s | Pan Error: -1.09 | Face Confidence: 51%
2025-03-13 00:40:51,116 - INFO - Elapsed Time: 62.03s | Pan Error: -0.16 | Face Confidence: 67%
2025-03-13 00:40:51,203 - INFO - Elapsed Time: 62.12s | Pan Error: -80.16 | Face Confidence: 77%
2025-03-13 00:40:51,292 - INFO - Elapsed Time: 62.21s | Pan Error: -0.47 | Face Confidence: 75%
2025-03-13 00:40:51,381 - INFO - Elapsed Time: 62.30s | Pan Error: -0.94 | Face Confidence: 70%
2025-03-13 00:40:51,471 - INFO - Elapsed Time: 62.38s | Pan Error: -0.16 | Face Confidence: 70%
2025-03-13 00:40:51,559 - INFO - Elapsed Time: 62.47s | Pan Error: 0.62 | Face Confidence: 73%
2025-03-13 00:40:51,646 - INFO - Elapsed Time: 62.56s | Pan Error: 0.31 | Face Confidence: 71%
2025-03-13 00:40:51,732 - INFO - Elapsed Time: 62.65s | Pan Error: 1.25 | Face Confidence: 74%
2025-03-13 00:40:51,785 - INFO - Camera stopped
2025-03-13 00:40:51,817 - INFO - Elapsed Time: 62.74s | Pan Error: 0.94 | Face Confidence: 72%
2025-03-13 00:40:51,900 - INFO - Elapsed Time: 62.82s | Pan Error: 0.94 | Face Confidence: 72%
2025-03-13 00:40:51,982 - INFO - Elapsed Time: 62.90s | Pan Error: 0.94 | Face Confidence: 72%
