2025-03-13 00:37:55,951 - INFO - Face tracking logging system initialized.
2025-03-13 00:37:56,001 - INFO - Initialization successful.
2025-03-13 00:37:56,002 - INFO - Camera now open.
2025-03-13 00:37:56,006 - INFO - Camera configuration has been adjusted!
2025-03-13 00:37:56,009 - INFO - Configuration successful!
2025-03-13 00:37:56,054 - INFO - Camera started
2025-03-13 00:37:56,068 - INFO - [31m[1mWARNING: This is a development server. Do not use it in a production deployment. Use a production WSGI server instead.[0m
 * Running on all addresses (0.0.0.0)
 * Running on http://127.0.0.1:5000
 * Running on http://172.20.10.4:5000
2025-03-13 00:37:56,069 - INFO - [33mPress CTRL+C to quit[0m
2025-03-13 00:37:56,266 - INFO - Stream stats - Frame: 0, Size: 190250 bytes, Clients: 0
2025-03-13 00:38:19,654 - INFO - 172.20.10.2 - - [13/Mar/2025 00:38:19] "GET / HTTP/1.1" 200 -
2025-03-13 00:38:19,779 - INFO - Client connected. Total clients: 1
2025-03-13 00:38:19,886 - INFO - 172.20.10.2 - - [13/Mar/2025 00:38:19] "GET /video_feed HTTP/1.1" 200 -
2025-03-13 00:38:22,833 - INFO - Elapsed Time: 26.73s | Pan Error: -14.22 | Face Confidence: 66%
2025-03-13 00:38:22,928 - INFO - Elapsed Time: 26.83s | Pan Error: -15.47 | Face Confidence: 75%
2025-03-13 00:38:23,104 - INFO - Elapsed Time: 27.01s | Pan Error: -8.75 | Face Confidence: 66%
2025-03-13 00:38:23,196 - INFO - Elapsed Time: 27.10s | Pan Error: 2.97 | Face Confidence: 84%
2025-03-13 00:38:23,285 - INFO - Elapsed Time: 27.20s | Pan Error: 0.78 | Face Confidence: 79%
2025-03-13 00:38:23,379 - INFO - Elapsed Time: 27.28s | Pan Error: -1.72 | Face Confidence: 92%
2025-03-13 00:38:23,468 - INFO - Elapsed Time: 27.38s | Pan Error: -5.94 | Face Confidence: 91%
2025-03-13 00:38:23,558 - INFO - Elapsed Time: 27.47s | Pan Error: -11.09 | Face Confidence: 89%
2025-03-13 00:38:23,644 - INFO - Elapsed Time: 27.55s | Pan Error: -13.12 | Face Confidence: 89%
2025-03-13 00:38:23,731 - INFO - Elapsed Time: 27.64s | Pan Error: -16.09 | Face Confidence: 91%
2025-03-13 00:38:23,818 - INFO - Elapsed Time: 27.73s | Pan Error: -17.50 | Face Confidence: 91%
2025-03-13 00:38:23,903 - INFO - Elapsed Time: 27.81s | Pan Error: -16.25 | Face Confidence: 91%
2025-03-13 00:38:23,989 - INFO - Elapsed Time: 27.90s | Pan Error: -12.03 | Face Confidence: 87%
2025-03-13 00:38:24,073 - INFO - Elapsed Time: 27.98s | Pan Error: -1.88 | Face Confidence: 90%
2025-03-13 00:38:24,161 - INFO - Elapsed Time: 28.07s | Pan Error: 11.41 | Face Confidence: 84%
2025-03-13 00:38:24,246 - INFO - Elapsed Time: 28.16s | Pan Error: 19.84 | Face Confidence: 91%
2025-03-13 00:38:24,333 - INFO - Elapsed Time: 28.24s | Pan Error: 28.91 | Face Confidence: 93%
2025-03-13 00:38:24,418 - INFO - Elapsed Time: 28.33s | Pan Error: 32.19 | Face Confidence: 92%
2025-03-13 00:38:24,504 - INFO - Elapsed Time: 28.42s | Pan Error: 20.94 | Face Confidence: 81%
2025-03-13 00:38:24,587 - INFO - Elapsed Time: 28.50s | Pan Error: 0.31 | Face Confidence: 62%
2025-03-13 00:38:24,675 - INFO - Elapsed Time: 28.59s | Pan Error: -9.84 | Face Confidence: 59%
2025-03-13 00:38:24,764 - INFO - Elapsed Time: 28.67s | Pan Error: -22.34 | Face Confidence: 76%
2025-03-13 00:38:24,849 - INFO - Elapsed Time: 28.76s | Pan Error: -26.25 | Face Confidence: 75%
2025-03-13 00:38:24,939 - INFO - Elapsed Time: 28.84s | Pan Error: -25.78 | Face Confidence: 59%
2025-03-13 00:38:26,020 - INFO - Elapsed Time: 29.93s | Pan Error: -4.38 | Face Confidence: 50%
2025-03-13 00:38:26,110 - INFO - Elapsed Time: 30.02s | Pan Error: 1.25 | Face Confidence: 52%
2025-03-13 00:38:26,198 - INFO - Elapsed Time: 30.11s | Pan Error: 4.22 | Face Confidence: 55%
2025-03-13 00:38:26,767 - INFO - Elapsed Time: 30.68s | Pan Error: -1.41 | Face Confidence: 51%
2025-03-13 00:38:27,260 - INFO - Elapsed Time: 31.17s | Pan Error: 19.06 | Face Confidence: 51%
2025-03-13 00:38:27,596 - INFO - Elapsed Time: 31.51s | Pan Error: 6.56 | Face Confidence: 61%
2025-03-13 00:38:29,572 - INFO - Elapsed Time: 33.48s | Pan Error: -57.66 | Face Confidence: 50%
2025-03-13 00:38:29,851 - INFO - Stream stats - Frame: 300, Size: 194628 bytes, Clients: 1
2025-03-13 00:38:30,073 - INFO - Elapsed Time: 33.97s | Pan Error: 38.28 | Face Confidence: 60%
2025-03-13 00:38:30,174 - INFO - Elapsed Time: 34.08s | Pan Error: 36.41 | Face Confidence: 66%
2025-03-13 00:38:30,267 - INFO - Elapsed Time: 34.17s | Pan Error: 19.84 | Face Confidence: 60%
2025-03-13 00:38:30,353 - INFO - Elapsed Time: 34.26s | Pan Error: -2.66 | Face Confidence: 70%
2025-03-13 00:38:30,436 - INFO - Elapsed Time: 34.35s | Pan Error: -14.53 | Face Confidence: 68%
2025-03-13 00:38:30,520 - INFO - Elapsed Time: 34.43s | Pan Error: -34.53 | Face Confidence: 72%
2025-03-13 00:38:30,605 - INFO - Elapsed Time: 34.52s | Pan Error: -40.16 | Face Confidence: 86%
2025-03-13 00:38:30,688 - INFO - Elapsed Time: 34.60s | Pan Error: -45.31 | Face Confidence: 87%
2025-03-13 00:38:30,773 - INFO - Elapsed Time: 34.68s | Pan Error: -40.78 | Face Confidence: 77%
2025-03-13 00:38:30,865 - INFO - Elapsed Time: 34.77s | Pan Error: -24.84 | Face Confidence: 72%
2025-03-13 00:38:31,041 - INFO - Elapsed Time: 34.94s | Pan Error: 11.09 | Face Confidence: 69%
2025-03-13 00:38:31,127 - INFO - Elapsed Time: 35.04s | Pan Error: 25.62 | Face Confidence: 71%
2025-03-13 00:38:31,218 - INFO - Elapsed Time: 35.12s | Pan Error: 30.31 | Face Confidence: 56%
2025-03-13 00:38:31,305 - INFO - Elapsed Time: 35.22s | Pan Error: 32.34 | Face Confidence: 65%
2025-03-13 00:38:31,393 - INFO - Elapsed Time: 35.30s | Pan Error: 31.09 | Face Confidence: 64%
2025-03-13 00:38:31,482 - INFO - Elapsed Time: 35.39s | Pan Error: 24.84 | Face Confidence: 63%
2025-03-13 00:38:31,570 - INFO - Elapsed Time: 35.48s | Pan Error: 11.41 | Face Confidence: 65%
2025-03-13 00:38:31,652 - INFO - Elapsed Time: 35.57s | Pan Error: 7.81 | Face Confidence: 61%
2025-03-13 00:38:31,740 - INFO - Elapsed Time: 35.65s | Pan Error: 0.00 | Face Confidence: 63%
2025-03-13 00:38:31,824 - INFO - Elapsed Time: 35.74s | Pan Error: -2.81 | Face Confidence: 78%
2025-03-13 00:38:31,915 - INFO - Elapsed Time: 35.82s | Pan Error: -5.94 | Face Confidence: 68%
2025-03-13 00:38:32,003 - INFO - Elapsed Time: 35.91s | Pan Error: -5.47 | Face Confidence: 65%
2025-03-13 00:38:32,092 - INFO - Elapsed Time: 36.00s | Pan Error: -8.91 | Face Confidence: 64%
2025-03-13 00:38:32,180 - INFO - Elapsed Time: 36.09s | Pan Error: -11.09 | Face Confidence: 68%
2025-03-13 00:38:32,266 - INFO - Elapsed Time: 36.18s | Pan Error: -11.25 | Face Confidence: 58%
2025-03-13 00:38:32,352 - INFO - Elapsed Time: 36.26s | Pan Error: -12.34 | Face Confidence: 67%
2025-03-13 00:38:32,439 - INFO - Elapsed Time: 36.35s | Pan Error: -10.62 | Face Confidence: 54%
2025-03-13 00:38:32,530 - INFO - Elapsed Time: 36.44s | Pan Error: -11.09 | Face Confidence: 53%
2025-03-13 00:38:33,540 - INFO - Elapsed Time: 37.45s | Pan Error: -45.78 | Face Confidence: 50%
2025-03-13 00:38:33,627 - INFO - Elapsed Time: 37.54s | Pan Error: -43.12 | Face Confidence: 69%
2025-03-13 00:38:33,952 - INFO - Elapsed Time: 37.86s | Pan Error: 9.84 | Face Confidence: 68%
2025-03-13 00:38:34,039 - INFO - Elapsed Time: 37.95s | Pan Error: 16.88 | Face Confidence: 72%
2025-03-13 00:38:34,128 - INFO - Elapsed Time: 38.04s | Pan Error: 22.34 | Face Confidence: 68%
2025-03-13 00:38:34,215 - INFO - Elapsed Time: 38.12s | Pan Error: 27.81 | Face Confidence: 64%
2025-03-13 00:38:34,463 - INFO - Elapsed Time: 38.37s | Pan Error: -3.28 | Face Confidence: 57%
2025-03-13 00:38:34,549 - INFO - Elapsed Time: 38.46s | Pan Error: -9.38 | Face Confidence: 57%
2025-03-13 00:38:34,636 - INFO - Elapsed Time: 38.55s | Pan Error: -17.19 | Face Confidence: 55%
2025-03-13 00:38:34,726 - INFO - Elapsed Time: 38.63s | Pan Error: -22.81 | Face Confidence: 69%
2025-03-13 00:38:34,813 - INFO - Elapsed Time: 38.72s | Pan Error: -23.75 | Face Confidence: 57%
2025-03-13 00:38:34,898 - INFO - Elapsed Time: 38.81s | Pan Error: -20.16 | Face Confidence: 69%
2025-03-13 00:38:34,991 - INFO - Elapsed Time: 38.90s | Pan Error: -17.03 | Face Confidence: 51%
2025-03-13 00:38:35,077 - INFO - Elapsed Time: 38.99s | Pan Error: -12.50 | Face Confidence: 61%
2025-03-13 00:38:35,177 - INFO - Elapsed Time: 39.07s | Pan Error: -8.91 | Face Confidence: 65%
2025-03-13 00:38:35,279 - INFO - Elapsed Time: 39.19s | Pan Error: -1.72 | Face Confidence: 58%
2025-03-13 00:38:35,368 - INFO - Elapsed Time: 39.28s | Pan Error: 5.47 | Face Confidence: 66%
2025-03-13 00:38:35,454 - INFO - Elapsed Time: 39.36s | Pan Error: 12.97 | Face Confidence: 52%
2025-03-13 00:38:35,543 - INFO - Elapsed Time: 39.45s | Pan Error: 24.38 | Face Confidence: 65%
2025-03-13 00:38:35,630 - INFO - Elapsed Time: 39.54s | Pan Error: 34.22 | Face Confidence: 90%
2025-03-13 00:38:35,717 - INFO - Elapsed Time: 39.63s | Pan Error: 36.56 | Face Confidence: 87%
2025-03-13 00:38:35,803 - INFO - Elapsed Time: 39.71s | Pan Error: 34.84 | Face Confidence: 81%
2025-03-13 00:38:35,888 - INFO - Elapsed Time: 39.80s | Pan Error: 30.16 | Face Confidence: 85%
2025-03-13 00:38:35,976 - INFO - Elapsed Time: 39.88s | Pan Error: 17.34 | Face Confidence: 78%
2025-03-13 00:38:36,058 - INFO - Elapsed Time: 39.97s | Pan Error: 9.38 | Face Confidence: 76%
2025-03-13 00:38:36,143 - INFO - Elapsed Time: 40.05s | Pan Error: -4.53 | Face Confidence: 78%
2025-03-13 00:38:36,230 - INFO - Elapsed Time: 40.14s | Pan Error: -13.91 | Face Confidence: 76%
2025-03-13 00:38:36,316 - INFO - Elapsed Time: 40.23s | Pan Error: -18.28 | Face Confidence: 80%
2025-03-13 00:38:36,407 - INFO - Elapsed Time: 40.31s | Pan Error: -19.06 | Face Confidence: 77%
2025-03-13 00:38:36,493 - INFO - Elapsed Time: 40.40s | Pan Error: -18.91 | Face Confidence: 82%
2025-03-13 00:38:36,583 - INFO - Elapsed Time: 40.49s | Pan Error: -16.56 | Face Confidence: 82%
2025-03-13 00:38:36,670 - INFO - Elapsed Time: 40.58s | Pan Error: -8.28 | Face Confidence: 82%
2025-03-13 00:38:36,758 - INFO - Elapsed Time: 40.67s | Pan Error: -4.22 | Face Confidence: 80%
2025-03-13 00:38:36,846 - INFO - Elapsed Time: 40.75s | Pan Error: 2.81 | Face Confidence: 68%
2025-03-13 00:38:36,932 - INFO - Elapsed Time: 40.84s | Pan Error: 7.03 | Face Confidence: 70%
2025-03-13 00:38:37,018 - INFO - Elapsed Time: 40.93s | Pan Error: 10.00 | Face Confidence: 75%
2025-03-13 00:38:37,106 - INFO - Elapsed Time: 41.01s | Pan Error: 13.28 | Face Confidence: 69%
2025-03-13 00:38:37,195 - INFO - Elapsed Time: 41.10s | Pan Error: 14.84 | Face Confidence: 64%
2025-03-13 00:38:37,282 - INFO - Elapsed Time: 41.19s | Pan Error: 12.34 | Face Confidence: 66%
2025-03-13 00:38:37,369 - INFO - Elapsed Time: 41.28s | Pan Error: 8.59 | Face Confidence: 64%
2025-03-13 00:38:37,452 - INFO - Elapsed Time: 41.36s | Pan Error: 5.94 | Face Confidence: 60%
2025-03-13 00:38:37,537 - INFO - Elapsed Time: 41.45s | Pan Error: 2.81 | Face Confidence: 69%
2025-03-13 00:38:37,622 - INFO - Elapsed Time: 41.53s | Pan Error: -3.12 | Face Confidence: 65%
2025-03-13 00:38:37,709 - INFO - Elapsed Time: 41.62s | Pan Error: -6.56 | Face Confidence: 64%
2025-03-13 00:38:37,794 - INFO - Elapsed Time: 41.70s | Pan Error: -9.06 | Face Confidence: 63%
2025-03-13 00:38:37,882 - INFO - Elapsed Time: 41.79s | Pan Error: -12.50 | Face Confidence: 68%
2025-03-13 00:38:37,969 - INFO - Elapsed Time: 41.88s | Pan Error: -14.06 | Face Confidence: 69%
2025-03-13 00:38:38,054 - INFO - Elapsed Time: 41.97s | Pan Error: -16.88 | Face Confidence: 72%
2025-03-13 00:38:38,140 - INFO - Elapsed Time: 42.05s | Pan Error: -17.03 | Face Confidence: 75%
2025-03-13 00:38:38,223 - INFO - Elapsed Time: 42.14s | Pan Error: -16.09 | Face Confidence: 86%
2025-03-13 00:38:38,308 - INFO - Elapsed Time: 42.22s | Pan Error: -14.69 | Face Confidence: 87%
2025-03-13 00:38:38,395 - INFO - Elapsed Time: 42.30s | Pan Error: -9.22 | Face Confidence: 80%
2025-03-13 00:38:38,483 - INFO - Elapsed Time: 42.39s | Pan Error: -3.59 | Face Confidence: 87%
2025-03-13 00:38:38,570 - INFO - Elapsed Time: 42.48s | Pan Error: 2.19 | Face Confidence: 82%
2025-03-13 00:38:38,654 - INFO - Elapsed Time: 42.57s | Pan Error: 6.88 | Face Confidence: 85%
2025-03-13 00:38:38,741 - INFO - Elapsed Time: 42.65s | Pan Error: 7.50 | Face Confidence: 84%
2025-03-13 00:38:38,829 - INFO - Elapsed Time: 42.74s | Pan Error: 3.12 | Face Confidence: 85%
2025-03-13 00:38:38,912 - INFO - Elapsed Time: 42.82s | Pan Error: -4.69 | Face Confidence: 78%
2025-03-13 00:38:39,000 - INFO - Elapsed Time: 42.91s | Pan Error: -11.25 | Face Confidence: 72%
2025-03-13 00:38:39,089 - INFO - Elapsed Time: 43.00s | Pan Error: -18.91 | Face Confidence: 61%
2025-03-13 00:38:39,177 - INFO - Elapsed Time: 43.08s | Pan Error: -22.34 | Face Confidence: 65%
2025-03-13 00:38:39,262 - INFO - Elapsed Time: 43.17s | Pan Error: -26.56 | Face Confidence: 69%
2025-03-13 00:38:39,348 - INFO - Elapsed Time: 43.26s | Pan Error: -24.69 | Face Confidence: 61%
2025-03-13 00:38:39,434 - INFO - Elapsed Time: 43.35s | Pan Error: -20.78 | Face Confidence: 74%
2025-03-13 00:38:39,522 - INFO - Elapsed Time: 43.43s | Pan Error: -10.94 | Face Confidence: 73%
2025-03-13 00:38:39,690 - INFO - Elapsed Time: 43.60s | Pan Error: 4.84 | Face Confidence: 59%
2025-03-13 00:38:39,777 - INFO - Elapsed Time: 43.69s | Pan Error: 10.94 | Face Confidence: 65%
2025-03-13 00:38:39,862 - INFO - Elapsed Time: 43.77s | Pan Error: 16.25 | Face Confidence: 72%
2025-03-13 00:38:39,917 - INFO - Stream stats - Frame: 600, Size: 179616 bytes, Clients: 1
2025-03-13 00:38:39,949 - INFO - Elapsed Time: 43.86s | Pan Error: 19.53 | Face Confidence: 72%
2025-03-13 00:38:40,035 - INFO - Elapsed Time: 43.95s | Pan Error: 17.97 | Face Confidence: 60%
2025-03-13 00:38:40,121 - INFO - Elapsed Time: 44.03s | Pan Error: 9.84 | Face Confidence: 62%
2025-03-13 00:38:40,210 - INFO - Elapsed Time: 44.12s | Pan Error: 4.69 | Face Confidence: 50%
2025-03-13 00:38:40,319 - INFO - Elapsed Time: 44.22s | Pan Error: -5.47 | Face Confidence: 60%
2025-03-13 00:38:40,647 - INFO - Elapsed Time: 44.56s | Pan Error: -28.44 | Face Confidence: 60%
2025-03-13 00:38:40,734 - INFO - Elapsed Time: 44.64s | Pan Error: -27.81 | Face Confidence: 53%
2025-03-13 00:38:40,820 - INFO - Elapsed Time: 44.73s | Pan Error: -29.38 | Face Confidence: 69%
2025-03-13 00:38:40,910 - INFO - Elapsed Time: 44.82s | Pan Error: -27.34 | Face Confidence: 67%
2025-03-13 00:38:41,160 - INFO - Elapsed Time: 45.07s | Pan Error: -4.53 | Face Confidence: 74%
2025-03-13 00:38:41,244 - INFO - Elapsed Time: 45.16s | Pan Error: -2.50 | Face Confidence: 61%
2025-03-13 00:38:41,331 - INFO - Elapsed Time: 45.24s | Pan Error: 0.16 | Face Confidence: 67%
2025-03-13 00:38:41,413 - INFO - Elapsed Time: 45.33s | Pan Error: 0.62 | Face Confidence: 65%
2025-03-13 00:38:41,503 - INFO - Elapsed Time: 45.41s | Pan Error: 1.88 | Face Confidence: 62%
2025-03-13 00:38:41,592 - INFO - Elapsed Time: 45.50s | Pan Error: 2.50 | Face Confidence: 64%
2025-03-13 00:38:41,680 - INFO - Elapsed Time: 45.59s | Pan Error: 5.78 | Face Confidence: 64%
2025-03-13 00:38:41,766 - INFO - Elapsed Time: 45.68s | Pan Error: 11.41 | Face Confidence: 68%
2025-03-13 00:38:41,852 - INFO - Elapsed Time: 45.76s | Pan Error: 14.22 | Face Confidence: 66%
2025-03-13 00:38:41,939 - INFO - Elapsed Time: 45.85s | Pan Error: 12.81 | Face Confidence: 66%
2025-03-13 00:38:42,027 - INFO - Elapsed Time: 45.93s | Pan Error: 7.81 | Face Confidence: 62%
2025-03-13 00:38:42,113 - INFO - Elapsed Time: 46.02s | Pan Error: 4.06 | Face Confidence: 55%
2025-03-13 00:38:42,616 - INFO - Elapsed Time: 46.52s | Pan Error: -4.53 | Face Confidence: 57%
2025-03-13 00:38:42,706 - INFO - Elapsed Time: 46.61s | Pan Error: -12.97 | Face Confidence: 55%
2025-03-13 00:38:42,793 - INFO - Elapsed Time: 46.70s | Pan Error: -8.91 | Face Confidence: 51%
2025-03-13 00:38:43,044 - INFO - Elapsed Time: 46.95s | Pan Error: 3.44 | Face Confidence: 56%
2025-03-13 00:38:43,130 - INFO - Elapsed Time: 47.04s | Pan Error: 2.66 | Face Confidence: 57%
2025-03-13 00:38:43,220 - INFO - Elapsed Time: 47.13s | Pan Error: 0.94 | Face Confidence: 53%
2025-03-13 00:38:43,560 - INFO - Elapsed Time: 47.47s | Pan Error: 7.19 | Face Confidence: 50%
2025-03-13 00:38:43,739 - INFO - Elapsed Time: 47.65s | Pan Error: 13.59 | Face Confidence: 53%
2025-03-13 00:38:45,390 - INFO - Elapsed Time: 49.29s | Pan Error: -23.59 | Face Confidence: 59%
2025-03-13 00:38:45,482 - INFO - Elapsed Time: 49.39s | Pan Error: -25.47 | Face Confidence: 64%
2025-03-13 00:38:45,569 - INFO - Elapsed Time: 49.48s | Pan Error: -24.69 | Face Confidence: 61%
2025-03-13 00:38:45,658 - INFO - Elapsed Time: 49.57s | Pan Error: -17.81 | Face Confidence: 61%
2025-03-13 00:38:45,745 - INFO - Elapsed Time: 49.66s | Pan Error: -11.09 | Face Confidence: 62%
2025-03-13 00:38:45,831 - INFO - Elapsed Time: 49.74s | Pan Error: -1.25 | Face Confidence: 63%
2025-03-13 00:38:45,914 - INFO - Elapsed Time: 49.83s | Pan Error: 2.97 | Face Confidence: 70%
2025-03-13 00:38:46,005 - INFO - Elapsed Time: 49.91s | Pan Error: 7.97 | Face Confidence: 56%
2025-03-13 00:38:46,094 - INFO - Elapsed Time: 50.00s | Pan Error: 11.25 | Face Confidence: 57%
2025-03-13 00:38:46,179 - INFO - Elapsed Time: 50.09s | Pan Error: 9.22 | Face Confidence: 73%
2025-03-13 00:38:46,267 - INFO - Elapsed Time: 50.18s | Pan Error: 10.31 | Face Confidence: 72%
2025-03-13 00:38:46,353 - INFO - Elapsed Time: 50.26s | Pan Error: 3.44 | Face Confidence: 54%
2025-03-13 00:38:46,444 - INFO - Elapsed Time: 50.35s | Pan Error: 0.00 | Face Confidence: 70%
2025-03-13 00:38:46,531 - INFO - Elapsed Time: 50.44s | Pan Error: -2.66 | Face Confidence: 68%
2025-03-13 00:38:46,620 - INFO - Elapsed Time: 50.53s | Pan Error: -2.19 | Face Confidence: 67%
2025-03-13 00:38:46,711 - INFO - Elapsed Time: 50.62s | Pan Error: -2.66 | Face Confidence: 61%
2025-03-13 00:38:46,797 - INFO - Elapsed Time: 50.71s | Pan Error: -1.56 | Face Confidence: 62%
2025-03-13 00:38:46,888 - INFO - Elapsed Time: 50.79s | Pan Error: 0.16 | Face Confidence: 65%
2025-03-13 00:38:46,976 - INFO - Elapsed Time: 50.89s | Pan Error: 1.41 | Face Confidence: 72%
2025-03-13 00:38:47,067 - INFO - Elapsed Time: 50.97s | Pan Error: 1.88 | Face Confidence: 70%
2025-03-13 00:38:47,154 - INFO - Elapsed Time: 51.06s | Pan Error: 2.66 | Face Confidence: 67%
2025-03-13 00:38:47,242 - INFO - Elapsed Time: 51.15s | Pan Error: 1.88 | Face Confidence: 71%
2025-03-13 00:38:47,328 - INFO - Elapsed Time: 51.24s | Pan Error: 1.56 | Face Confidence: 73%
2025-03-13 00:38:47,414 - INFO - Elapsed Time: 51.32s | Pan Error: -1.41 | Face Confidence: 72%
2025-03-13 00:38:47,501 - INFO - Elapsed Time: 51.41s | Pan Error: -4.06 | Face Confidence: 80%
2025-03-13 00:38:47,588 - INFO - Elapsed Time: 51.50s | Pan Error: -3.91 | Face Confidence: 74%
2025-03-13 00:38:47,677 - INFO - Elapsed Time: 51.59s | Pan Error: -2.81 | Face Confidence: 73%
2025-03-13 00:38:47,763 - INFO - Elapsed Time: 51.67s | Pan Error: -2.50 | Face Confidence: 71%
2025-03-13 00:38:47,854 - INFO - Elapsed Time: 51.76s | Pan Error: -2.81 | Face Confidence: 82%
2025-03-13 00:38:47,942 - INFO - Elapsed Time: 51.85s | Pan Error: -2.03 | Face Confidence: 81%
2025-03-13 00:38:48,030 - INFO - Elapsed Time: 51.94s | Pan Error: 1.09 | Face Confidence: 78%
2025-03-13 00:38:48,118 - INFO - Elapsed Time: 52.03s | Pan Error: 1.09 | Face Confidence: 64%
2025-03-13 00:38:48,205 - INFO - Elapsed Time: 52.11s | Pan Error: -0.94 | Face Confidence: 62%
2025-03-13 00:38:48,291 - INFO - Elapsed Time: 52.20s | Pan Error: -1.56 | Face Confidence: 69%
2025-03-13 00:38:48,380 - INFO - Elapsed Time: 52.29s | Pan Error: -0.16 | Face Confidence: 63%
2025-03-13 00:38:48,473 - INFO - Elapsed Time: 52.38s | Pan Error: -2.66 | Face Confidence: 69%
2025-03-13 00:38:48,560 - INFO - Elapsed Time: 52.47s | Pan Error: 0.62 | Face Confidence: 61%
2025-03-13 00:38:48,645 - INFO - Elapsed Time: 52.56s | Pan Error: -3.75 | Face Confidence: 63%
2025-03-13 00:38:48,737 - INFO - Elapsed Time: 52.64s | Pan Error: -8.28 | Face Confidence: 64%
2025-03-13 00:38:48,826 - INFO - Elapsed Time: 52.73s | Pan Error: -10.00 | Face Confidence: 51%
2025-03-13 00:38:48,913 - INFO - Elapsed Time: 52.82s | Pan Error: -7.34 | Face Confidence: 56%
2025-03-13 00:38:49,001 - INFO - Elapsed Time: 52.91s | Pan Error: 0.31 | Face Confidence: 56%
2025-03-13 00:38:49,088 - INFO - Elapsed Time: 53.00s | Pan Error: 2.97 | Face Confidence: 66%
2025-03-13 00:38:49,175 - INFO - Elapsed Time: 53.08s | Pan Error: 6.88 | Face Confidence: 65%
2025-03-13 00:38:49,265 - INFO - Elapsed Time: 53.17s | Pan Error: 7.19 | Face Confidence: 63%
2025-03-13 00:38:49,351 - INFO - Elapsed Time: 53.26s | Pan Error: 7.19 | Face Confidence: 54%
2025-03-13 00:38:49,438 - INFO - Elapsed Time: 53.35s | Pan Error: 10.31 | Face Confidence: 58%
2025-03-13 00:38:49,523 - INFO - Elapsed Time: 53.43s | Pan Error: 5.47 | Face Confidence: 68%
2025-03-13 00:38:49,611 - INFO - Elapsed Time: 53.52s | Pan Error: 3.75 | Face Confidence: 72%
2025-03-13 00:38:49,699 - INFO - Elapsed Time: 53.61s | Pan Error: -3.91 | Face Confidence: 55%
2025-03-13 00:38:49,789 - INFO - Elapsed Time: 53.70s | Pan Error: -9.06 | Face Confidence: 53%
2025-03-13 00:38:49,877 - INFO - Elapsed Time: 53.78s | Pan Error: -10.16 | Face Confidence: 55%
2025-03-13 00:38:49,967 - INFO - Elapsed Time: 53.87s | Pan Error: -8.91 | Face Confidence: 55%
2025-03-13 00:38:49,995 - INFO - Stream stats - Frame: 900, Size: 205122 bytes, Clients: 1
2025-03-13 00:38:50,052 - INFO - Elapsed Time: 53.96s | Pan Error: -9.38 | Face Confidence: 58%
2025-03-13 00:38:50,140 - INFO - Elapsed Time: 54.05s | Pan Error: -9.06 | Face Confidence: 63%
2025-03-13 00:38:50,228 - INFO - Elapsed Time: 54.14s | Pan Error: -1.25 | Face Confidence: 54%
2025-03-13 00:38:50,318 - INFO - Elapsed Time: 54.23s | Pan Error: 3.91 | Face Confidence: 56%
2025-03-13 00:38:50,408 - INFO - Elapsed Time: 54.32s | Pan Error: 10.62 | Face Confidence: 57%
2025-03-13 00:38:50,519 - INFO - Elapsed Time: 54.42s | Pan Error: 11.25 | Face Confidence: 55%
2025-03-13 00:38:50,612 - INFO - Elapsed Time: 54.52s | Pan Error: 10.47 | Face Confidence: 57%
2025-03-13 00:38:50,698 - INFO - Elapsed Time: 54.61s | Pan Error: 9.22 | Face Confidence: 52%
2025-03-13 00:38:50,782 - INFO - Elapsed Time: 54.69s | Pan Error: 6.72 | Face Confidence: 59%
2025-03-13 00:38:50,870 - INFO - Elapsed Time: 54.78s | Pan Error: 3.44 | Face Confidence: 55%
2025-03-13 00:38:50,955 - INFO - Elapsed Time: 54.87s | Pan Error: -8.91 | Face Confidence: 57%
2025-03-13 00:38:51,043 - INFO - Elapsed Time: 54.95s | Pan Error: -10.62 | Face Confidence: 60%
2025-03-13 00:38:51,127 - INFO - Elapsed Time: 55.04s | Pan Error: -8.44 | Face Confidence: 64%
2025-03-13 00:38:51,214 - INFO - Elapsed Time: 55.12s | Pan Error: -6.41 | Face Confidence: 64%
2025-03-13 00:38:51,300 - INFO - Elapsed Time: 55.21s | Pan Error: -7.19 | Face Confidence: 50%
2025-03-13 00:38:51,467 - INFO - Elapsed Time: 55.37s | Pan Error: 1.25 | Face Confidence: 56%
2025-03-13 00:38:51,551 - INFO - Elapsed Time: 55.46s | Pan Error: 2.19 | Face Confidence: 52%
2025-03-13 00:38:51,638 - INFO - Elapsed Time: 55.55s | Pan Error: 0.62 | Face Confidence: 59%
2025-03-13 00:38:51,725 - INFO - Elapsed Time: 55.63s | Pan Error: 1.09 | Face Confidence: 56%
2025-03-13 00:38:51,744 - INFO - Camera stopped
2025-03-13 00:38:51,814 - INFO - Elapsed Time: 55.72s | Pan Error: -0.16 | Face Confidence: 64%
2025-03-13 00:38:51,897 - INFO - Elapsed Time: 55.81s | Pan Error: -0.16 | Face Confidence: 64%
2025-03-13 00:38:51,948 - INFO - Camera closed successfully.
