2025-03-07 02:06:43,838 - INFO - Face tracking logging system initialized.
2025-03-07 02:06:43,912 - INFO - Initialization successful.
2025-03-07 02:06:43,912 - INFO - Camera now open.
2025-03-07 02:06:43,917 - INFO - Camera configuration has been adjusted!
2025-03-07 02:06:43,919 - INFO - Configuration successful!
2025-03-07 02:06:43,978 - INFO - Camera started
2025-03-07 02:06:43,992 - INFO - [31m[1mWARNING: This is a development server. Do not use it in a production deployment. Use a production WSGI server instead.[0m
 * Running on all addresses (0.0.0.0)
 * Running on http://127.0.0.1:5000
 * Running on http://172.20.10.4:5000
2025-03-07 02:06:43,992 - INFO - [33mPress CTRL+C to quit[0m
2025-03-07 02:06:44,188 - INFO - Stream stats - Frame: 0, Size: 180727 bytes, Clients: 0
2025-03-07 02:06:48,986 - INFO - 172.20.10.2 - - [07/Mar/2025 02:06:48] "GET / HTTP/1.1" 200 -
2025-03-07 02:06:49,054 - INFO - Client connected. Total clients: 1
2025-03-07 02:06:49,133 - INFO - 172.20.10.2 - - [07/Mar/2025 02:06:49] "GET /video_feed HTTP/1.1" 200 -
2025-03-07 02:06:51,368 - INFO - Elapsed Time: 7.35s | Pan Error: -20.16 | Face Confidence: 66%
2025-03-07 02:06:56,749 - INFO - Elapsed Time: 12.74s | Pan Error: -14.06 | Face Confidence: 63%
2025-03-07 02:06:56,841 - INFO - Elapsed Time: 12.82s | Pan Error: -12.97 | Face Confidence: 77%
2025-03-07 02:06:57,084 - INFO - Elapsed Time: 13.07s | Pan Error: -3.75 | Face Confidence: 76%
2025-03-07 02:06:57,168 - INFO - Elapsed Time: 13.16s | Pan Error: 0.31 | Face Confidence: 72%
2025-03-07 02:06:57,251 - INFO - Elapsed Time: 13.24s | Pan Error: 10.47 | Face Confidence: 64%
2025-03-07 02:06:57,336 - INFO - Elapsed Time: 13.32s | Pan Error: 11.72 | Face Confidence: 60%
2025-03-07 02:06:57,418 - INFO - Elapsed Time: 13.41s | Pan Error: 19.38 | Face Confidence: 67%
2025-03-07 02:06:57,502 - INFO - Elapsed Time: 13.49s | Pan Error: 23.75 | Face Confidence: 83%
2025-03-07 02:06:57,610 - INFO - Elapsed Time: 13.59s | Pan Error: 23.59 | Face Confidence: 80%
2025-03-07 02:06:57,693 - INFO - Elapsed Time: 13.68s | Pan Error: 14.37 | Face Confidence: 58%
2025-03-07 02:06:57,859 - INFO - Elapsed Time: 13.85s | Pan Error: -3.75 | Face Confidence: 72%
2025-03-07 02:06:57,943 - INFO - Elapsed Time: 13.93s | Pan Error: -12.34 | Face Confidence: 80%
2025-03-07 02:06:58,028 - INFO - Elapsed Time: 14.01s | Pan Error: -14.53 | Face Confidence: 81%
2025-03-07 02:06:58,116 - INFO - Elapsed Time: 14.10s | Pan Error: -15.31 | Face Confidence: 83%
2025-03-07 02:06:58,198 - INFO - Elapsed Time: 14.19s | Pan Error: -17.34 | Face Confidence: 78%
2025-03-07 02:06:58,286 - INFO - Elapsed Time: 14.27s | Pan Error: -9.53 | Face Confidence: 77%
2025-03-07 02:06:58,370 - INFO - Elapsed Time: 14.36s | Pan Error: -2.03 | Face Confidence: 69%
2025-03-07 02:06:58,454 - INFO - Elapsed Time: 14.44s | Pan Error: 11.41 | Face Confidence: 85%
2025-03-07 02:06:58,540 - INFO - Elapsed Time: 14.53s | Pan Error: 15.78 | Face Confidence: 79%
2025-03-07 02:06:58,624 - INFO - Elapsed Time: 14.61s | Pan Error: 15.62 | Face Confidence: 81%
2025-03-07 02:06:58,710 - INFO - Elapsed Time: 14.70s | Pan Error: 16.56 | Face Confidence: 80%
2025-03-07 02:06:58,797 - INFO - Elapsed Time: 14.78s | Pan Error: 6.09 | Face Confidence: 66%
2025-03-07 02:06:58,881 - INFO - Elapsed Time: 14.87s | Pan Error: -5.62 | Face Confidence: 62%
2025-03-07 02:06:58,965 - INFO - Elapsed Time: 14.95s | Pan Error: -16.41 | Face Confidence: 83%
2025-03-07 02:06:59,050 - INFO - Elapsed Time: 15.04s | Pan Error: -23.91 | Face Confidence: 75%
2025-03-07 02:06:59,119 - INFO - Stream stats - Frame: 300, Size: 156654 bytes, Clients: 1
2025-03-07 02:06:59,143 - INFO - Elapsed Time: 15.13s | Pan Error: -30.16 | Face Confidence: 61%
2025-03-07 02:06:59,234 - INFO - Elapsed Time: 15.22s | Pan Error: -23.59 | Face Confidence: 55%
2025-03-07 02:06:59,318 - INFO - Elapsed Time: 15.30s | Pan Error: -16.09 | Face Confidence: 54%
2025-03-07 02:06:59,563 - INFO - Elapsed Time: 15.55s | Pan Error: 5.62 | Face Confidence: 69%
2025-03-07 02:06:59,648 - INFO - Elapsed Time: 15.64s | Pan Error: 12.50 | Face Confidence: 73%
2025-03-07 02:06:59,736 - INFO - Elapsed Time: 15.72s | Pan Error: 18.91 | Face Confidence: 78%
2025-03-07 02:06:59,826 - INFO - Elapsed Time: 15.81s | Pan Error: 27.66 | Face Confidence: 72%
2025-03-07 02:06:59,913 - INFO - Elapsed Time: 15.90s | Pan Error: 27.81 | Face Confidence: 64%
2025-03-07 02:07:00,003 - INFO - Elapsed Time: 15.99s | Pan Error: 19.69 | Face Confidence: 54%
2025-03-07 02:07:00,247 - INFO - Elapsed Time: 16.23s | Pan Error: -8.75 | Face Confidence: 86%
2025-03-07 02:07:00,331 - INFO - Elapsed Time: 16.32s | Pan Error: -14.69 | Face Confidence: 90%
2025-03-07 02:07:00,420 - INFO - Elapsed Time: 16.40s | Pan Error: -16.88 | Face Confidence: 90%
2025-03-07 02:07:00,507 - INFO - Elapsed Time: 16.49s | Pan Error: -16.88 | Face Confidence: 87%
2025-03-07 02:07:00,591 - INFO - Elapsed Time: 16.58s | Pan Error: -15.78 | Face Confidence: 79%
2025-03-07 02:07:00,676 - INFO - Elapsed Time: 16.66s | Pan Error: -16.25 | Face Confidence: 61%
2025-03-07 02:07:00,765 - INFO - Elapsed Time: 16.75s | Pan Error: -13.44 | Face Confidence: 71%
2025-03-07 02:07:00,850 - INFO - Elapsed Time: 16.84s | Pan Error: -5.47 | Face Confidence: 68%
2025-03-07 02:07:01,177 - INFO - Elapsed Time: 17.16s | Pan Error: 7.97 | Face Confidence: 56%
2025-03-07 02:07:01,261 - INFO - Elapsed Time: 17.25s | Pan Error: 8.59 | Face Confidence: 50%
2025-03-07 02:07:01,436 - INFO - Elapsed Time: 17.42s | Pan Error: 7.19 | Face Confidence: 59%
2025-03-07 02:07:01,603 - INFO - Elapsed Time: 17.59s | Pan Error: 8.59 | Face Confidence: 54%
2025-03-07 02:07:02,087 - INFO - Elapsed Time: 18.07s | Pan Error: 2.81 | Face Confidence: 50%
2025-03-07 02:07:02,171 - INFO - Elapsed Time: 18.16s | Pan Error: 2.34 | Face Confidence: 65%
2025-03-07 02:07:02,256 - INFO - Elapsed Time: 18.24s | Pan Error: 2.81 | Face Confidence: 61%
2025-03-07 02:07:02,345 - INFO - Elapsed Time: 18.33s | Pan Error: -0.47 | Face Confidence: 59%
2025-03-07 02:07:02,430 - INFO - Elapsed Time: 18.42s | Pan Error: -1.09 | Face Confidence: 68%
2025-03-07 02:07:02,515 - INFO - Elapsed Time: 18.50s | Pan Error: -2.81 | Face Confidence: 57%
2025-03-07 02:07:02,606 - INFO - Elapsed Time: 18.59s | Pan Error: -5.00 | Face Confidence: 62%
2025-03-07 02:07:02,711 - INFO - Elapsed Time: 18.69s | Pan Error: -7.34 | Face Confidence: 64%
2025-03-07 02:07:02,795 - INFO - Elapsed Time: 18.78s | Pan Error: -15.16 | Face Confidence: 76%
2025-03-07 02:07:02,883 - INFO - Elapsed Time: 18.87s | Pan Error: -15.31 | Face Confidence: 67%
2025-03-07 02:07:02,969 - INFO - Elapsed Time: 18.96s | Pan Error: -14.06 | Face Confidence: 73%
2025-03-07 02:07:03,055 - INFO - Elapsed Time: 19.04s | Pan Error: -0.47 | Face Confidence: 50%
2025-03-07 02:07:03,218 - INFO - Elapsed Time: 19.20s | Pan Error: 19.22 | Face Confidence: 72%
2025-03-07 02:07:03,301 - INFO - Elapsed Time: 19.29s | Pan Error: 26.72 | Face Confidence: 74%
2025-03-07 02:07:03,384 - INFO - Elapsed Time: 19.37s | Pan Error: 35.00 | Face Confidence: 89%
2025-03-07 02:07:03,471 - INFO - Elapsed Time: 19.46s | Pan Error: 32.66 | Face Confidence: 84%
2025-03-07 02:07:03,555 - INFO - Elapsed Time: 19.54s | Pan Error: 23.28 | Face Confidence: 51%
2025-03-07 02:07:03,719 - INFO - Elapsed Time: 19.71s | Pan Error: -6.41 | Face Confidence: 59%
2025-03-07 02:07:03,802 - INFO - Elapsed Time: 19.79s | Pan Error: -14.22 | Face Confidence: 81%
2025-03-07 02:07:03,887 - INFO - Elapsed Time: 19.87s | Pan Error: -23.44 | Face Confidence: 62%
2025-03-07 02:07:03,971 - INFO - Elapsed Time: 19.96s | Pan Error: -26.09 | Face Confidence: 76%
2025-03-07 02:07:04,294 - INFO - Elapsed Time: 20.28s | Pan Error: -30.63 | Face Confidence: 60%
2025-03-07 02:07:04,380 - INFO - Elapsed Time: 20.37s | Pan Error: -33.59 | Face Confidence: 62%
2025-03-07 02:07:04,468 - INFO - Elapsed Time: 20.45s | Pan Error: -32.66 | Face Confidence: 73%
2025-03-07 02:07:04,641 - INFO - Elapsed Time: 20.62s | Pan Error: -12.19 | Face Confidence: 55%
2025-03-07 02:07:04,730 - INFO - Elapsed Time: 20.72s | Pan Error: 0.94 | Face Confidence: 79%
2025-03-07 02:07:04,813 - INFO - Elapsed Time: 20.80s | Pan Error: 5.31 | Face Confidence: 77%
2025-03-07 02:07:04,901 - INFO - Elapsed Time: 20.89s | Pan Error: 11.09 | Face Confidence: 77%
2025-03-07 02:07:04,988 - INFO - Elapsed Time: 20.97s | Pan Error: 15.94 | Face Confidence: 82%
2025-03-07 02:07:05,075 - INFO - Elapsed Time: 21.06s | Pan Error: 27.81 | Face Confidence: 87%
2025-03-07 02:07:05,160 - INFO - Elapsed Time: 21.15s | Pan Error: 32.66 | Face Confidence: 87%
2025-03-07 02:07:05,248 - INFO - Elapsed Time: 21.23s | Pan Error: 26.56 | Face Confidence: 75%
2025-03-07 02:07:05,333 - INFO - Elapsed Time: 21.32s | Pan Error: 11.88 | Face Confidence: 53%
2025-03-07 02:07:05,416 - INFO - Elapsed Time: 21.40s | Pan Error: 4.38 | Face Confidence: 64%
2025-03-07 02:07:05,503 - INFO - Elapsed Time: 21.49s | Pan Error: -15.00 | Face Confidence: 58%
2025-03-07 02:07:05,586 - INFO - Elapsed Time: 21.57s | Pan Error: -22.50 | Face Confidence: 85%
2025-03-07 02:07:05,675 - INFO - Elapsed Time: 21.66s | Pan Error: -35.94 | Face Confidence: 84%
2025-03-07 02:07:05,762 - INFO - Elapsed Time: 21.75s | Pan Error: -41.56 | Face Confidence: 80%
2025-03-07 02:07:05,847 - INFO - Elapsed Time: 21.83s | Pan Error: -40.62 | Face Confidence: 80%
2025-03-07 02:07:05,935 - INFO - Elapsed Time: 21.92s | Pan Error: -36.09 | Face Confidence: 82%
2025-03-07 02:07:06,020 - INFO - Elapsed Time: 22.01s | Pan Error: -16.41 | Face Confidence: 61%
2025-03-07 02:07:06,105 - INFO - Elapsed Time: 22.09s | Pan Error: 4.53 | Face Confidence: 54%
2025-03-07 02:07:06,188 - INFO - Elapsed Time: 22.18s | Pan Error: 16.41 | Face Confidence: 71%
2025-03-07 02:07:06,278 - INFO - Elapsed Time: 22.26s | Pan Error: 30.31 | Face Confidence: 77%
2025-03-07 02:07:06,364 - INFO - Elapsed Time: 22.35s | Pan Error: 33.28 | Face Confidence: 81%
2025-03-07 02:07:06,448 - INFO - Elapsed Time: 22.43s | Pan Error: 37.81 | Face Confidence: 82%
2025-03-07 02:07:06,535 - INFO - Elapsed Time: 22.52s | Pan Error: 35.00 | Face Confidence: 84%
2025-03-07 02:07:06,616 - INFO - Elapsed Time: 22.61s | Pan Error: 30.16 | Face Confidence: 78%
2025-03-07 02:07:06,700 - INFO - Elapsed Time: 22.69s | Pan Error: 25.94 | Face Confidence: 83%
2025-03-07 02:07:06,784 - INFO - Elapsed Time: 22.77s | Pan Error: 18.28 | Face Confidence: 87%
2025-03-07 02:07:06,870 - INFO - Elapsed Time: 22.86s | Pan Error: 13.59 | Face Confidence: 85%
2025-03-07 02:07:07,034 - INFO - Elapsed Time: 23.02s | Pan Error: -24.69 | Face Confidence: 72%
2025-03-07 02:07:07,117 - INFO - Elapsed Time: 23.11s | Pan Error: -35.16 | Face Confidence: 93%
2025-03-07 02:07:07,199 - INFO - Elapsed Time: 23.19s | Pan Error: -35.31 | Face Confidence: 89%
2025-03-07 02:07:07,287 - INFO - Elapsed Time: 23.27s | Pan Error: -21.09 | Face Confidence: 81%
2025-03-07 02:07:07,453 - INFO - Elapsed Time: 23.44s | Pan Error: 14.06 | Face Confidence: 70%
2025-03-07 02:07:07,537 - INFO - Elapsed Time: 23.52s | Pan Error: 19.38 | Face Confidence: 86%
2025-03-07 02:07:07,621 - INFO - Elapsed Time: 23.61s | Pan Error: 20.16 | Face Confidence: 81%
2025-03-07 02:07:07,710 - INFO - Elapsed Time: 23.69s | Pan Error: 20.31 | Face Confidence: 73%
2025-03-07 02:07:07,813 - INFO - Elapsed Time: 23.79s | Pan Error: 15.47 | Face Confidence: 77%
2025-03-07 02:07:07,896 - INFO - Elapsed Time: 23.88s | Pan Error: 4.22 | Face Confidence: 85%
2025-03-07 02:07:07,980 - INFO - Elapsed Time: 23.97s | Pan Error: -7.97 | Face Confidence: 83%
2025-03-07 02:07:08,063 - INFO - Elapsed Time: 24.05s | Pan Error: -12.66 | Face Confidence: 78%
2025-03-07 02:07:08,146 - INFO - Elapsed Time: 24.13s | Pan Error: -17.81 | Face Confidence: 81%
2025-03-07 02:07:08,232 - INFO - Elapsed Time: 24.22s | Pan Error: -20.16 | Face Confidence: 76%
2025-03-07 02:07:08,317 - INFO - Elapsed Time: 24.31s | Pan Error: -17.50 | Face Confidence: 88%
2025-03-07 02:07:08,404 - INFO - Elapsed Time: 24.39s | Pan Error: -11.41 | Face Confidence: 51%
2025-03-07 02:07:08,566 - INFO - Elapsed Time: 24.55s | Pan Error: -13.28 | Face Confidence: 64%
2025-03-07 02:07:08,648 - INFO - Elapsed Time: 24.64s | Pan Error: -16.41 | Face Confidence: 81%
2025-03-07 02:07:08,731 - INFO - Elapsed Time: 24.72s | Pan Error: -19.69 | Face Confidence: 81%
2025-03-07 02:07:08,815 - INFO - Elapsed Time: 24.80s | Pan Error: -20.47 | Face Confidence: 76%
2025-03-07 02:07:08,900 - INFO - Elapsed Time: 24.89s | Pan Error: -7.03 | Face Confidence: 56%
2025-03-07 02:07:09,187 - INFO - Stream stats - Frame: 600, Size: 172399 bytes, Clients: 1
2025-03-07 02:07:12,110 - INFO - Elapsed Time: 28.10s | Pan Error: 3.59 | Face Confidence: 52%
2025-03-07 02:07:12,194 - INFO - Elapsed Time: 28.18s | Pan Error: -0.16 | Face Confidence: 59%
2025-03-07 02:07:12,282 - INFO - Elapsed Time: 28.27s | Pan Error: 0.94 | Face Confidence: 83%
2025-03-07 02:07:12,369 - INFO - Elapsed Time: 28.35s | Pan Error: -2.50 | Face Confidence: 50%
2025-03-07 02:07:12,454 - INFO - Elapsed Time: 28.44s | Pan Error: 0.78 | Face Confidence: 77%
2025-03-07 02:07:12,539 - INFO - Elapsed Time: 28.52s | Pan Error: 0.16 | Face Confidence: 81%
2025-03-07 02:07:12,624 - INFO - Elapsed Time: 28.61s | Pan Error: -0.47 | Face Confidence: 82%
2025-03-07 02:07:12,711 - INFO - Elapsed Time: 28.70s | Pan Error: -3.28 | Face Confidence: 83%
2025-03-07 02:07:12,798 - INFO - Elapsed Time: 28.78s | Pan Error: -7.03 | Face Confidence: 84%
2025-03-07 02:07:12,907 - INFO - Elapsed Time: 28.88s | Pan Error: -14.69 | Face Confidence: 90%
2025-03-07 02:07:14,587 - INFO - Elapsed Time: 30.58s | Pan Error: -19.69 | Face Confidence: 68%
2025-03-07 02:07:14,758 - INFO - Elapsed Time: 30.74s | Pan Error: 8.75 | Face Confidence: 60%
2025-03-07 02:07:14,847 - INFO - Elapsed Time: 30.83s | Pan Error: 12.97 | Face Confidence: 72%
2025-03-07 02:07:14,935 - INFO - Elapsed Time: 30.92s | Pan Error: 17.50 | Face Confidence: 52%
2025-03-07 02:07:15,019 - INFO - Elapsed Time: 31.01s | Pan Error: 14.84 | Face Confidence: 50%
2025-03-07 02:07:15,184 - INFO - Elapsed Time: 31.17s | Pan Error: 4.53 | Face Confidence: 69%
2025-03-07 02:07:15,270 - INFO - Elapsed Time: 31.26s | Pan Error: -1.88 | Face Confidence: 65%
2025-03-07 02:07:15,356 - INFO - Elapsed Time: 31.34s | Pan Error: -2.81 | Face Confidence: 71%
2025-03-07 02:07:15,443 - INFO - Elapsed Time: 31.43s | Pan Error: 2.97 | Face Confidence: 51%
2025-03-07 02:07:15,532 - INFO - Elapsed Time: 31.52s | Pan Error: -1.41 | Face Confidence: 74%
2025-03-07 02:07:15,618 - INFO - Elapsed Time: 31.60s | Pan Error: -0.94 | Face Confidence: 74%
2025-03-07 02:07:15,703 - INFO - Elapsed Time: 31.69s | Pan Error: -0.62 | Face Confidence: 76%
2025-03-07 02:07:15,790 - INFO - Elapsed Time: 31.78s | Pan Error: -1.09 | Face Confidence: 78%
2025-03-07 02:07:15,876 - INFO - Elapsed Time: 31.86s | Pan Error: 0.78 | Face Confidence: 69%
2025-03-07 02:07:15,965 - INFO - Elapsed Time: 31.95s | Pan Error: -0.78 | Face Confidence: 77%
2025-03-07 02:07:16,051 - INFO - Elapsed Time: 32.04s | Pan Error: -0.62 | Face Confidence: 77%
2025-03-07 02:07:16,138 - INFO - Elapsed Time: 32.12s | Pan Error: -0.16 | Face Confidence: 62%
2025-03-07 02:07:16,222 - INFO - Elapsed Time: 32.21s | Pan Error: -1.09 | Face Confidence: 65%
2025-03-07 02:07:16,307 - INFO - Elapsed Time: 32.29s | Pan Error: -1.41 | Face Confidence: 73%
2025-03-07 02:07:16,392 - INFO - Elapsed Time: 32.38s | Pan Error: -0.62 | Face Confidence: 76%
2025-03-07 02:07:16,479 - INFO - Elapsed Time: 32.46s | Pan Error: 0.31 | Face Confidence: 68%
2025-03-07 02:07:16,570 - INFO - Elapsed Time: 32.55s | Pan Error: 0.94 | Face Confidence: 80%
2025-03-07 02:07:16,653 - INFO - Elapsed Time: 32.64s | Pan Error: 0.31 | Face Confidence: 81%
2025-03-07 02:07:16,743 - INFO - Elapsed Time: 32.73s | Pan Error: -0.31 | Face Confidence: 70%
2025-03-07 02:07:16,830 - INFO - Elapsed Time: 32.82s | Pan Error: 0.47 | Face Confidence: 72%
2025-03-07 02:07:16,915 - INFO - Elapsed Time: 32.90s | Pan Error: 0.47 | Face Confidence: 73%
2025-03-07 02:07:17,002 - INFO - Elapsed Time: 32.99s | Pan Error: 0.31 | Face Confidence: 78%
2025-03-07 02:07:17,088 - INFO - Elapsed Time: 33.07s | Pan Error: 0.00 | Face Confidence: 74%
2025-03-07 02:07:17,174 - INFO - Elapsed Time: 33.16s | Pan Error: -0.78 | Face Confidence: 69%
2025-03-07 02:07:17,261 - INFO - Elapsed Time: 33.25s | Pan Error: 0.00 | Face Confidence: 67%
2025-03-07 02:07:17,353 - INFO - Elapsed Time: 33.34s | Pan Error: -0.94 | Face Confidence: 64%
2025-03-07 02:07:17,441 - INFO - Elapsed Time: 33.43s | Pan Error: 0.16 | Face Confidence: 57%
2025-03-07 02:07:17,527 - INFO - Elapsed Time: 33.51s | Pan Error: 2.03 | Face Confidence: 55%
2025-03-07 02:07:17,611 - INFO - Elapsed Time: 33.60s | Pan Error: 1.56 | Face Confidence: 57%
2025-03-07 02:07:17,695 - INFO - Elapsed Time: 33.68s | Pan Error: 0.00 | Face Confidence: 71%
2025-03-07 02:07:17,779 - INFO - Elapsed Time: 33.77s | Pan Error: 0.00 | Face Confidence: 63%
2025-03-07 02:07:17,864 - INFO - Elapsed Time: 33.85s | Pan Error: 1.09 | Face Confidence: 72%
2025-03-07 02:07:17,968 - INFO - Elapsed Time: 33.94s | Pan Error: 4.06 | Face Confidence: 61%
2025-03-07 02:07:18,068 - INFO - Elapsed Time: 34.05s | Pan Error: 10.31 | Face Confidence: 54%
2025-03-07 02:07:18,154 - INFO - Elapsed Time: 34.14s | Pan Error: 9.69 | Face Confidence: 59%
2025-03-07 02:07:18,239 - INFO - Elapsed Time: 34.23s | Pan Error: 7.03 | Face Confidence: 64%
2025-03-07 02:07:18,330 - INFO - Elapsed Time: 34.31s | Pan Error: 4.06 | Face Confidence: 64%
2025-03-07 02:07:18,415 - INFO - Elapsed Time: 34.40s | Pan Error: 2.34 | Face Confidence: 65%
2025-03-07 02:07:18,500 - INFO - Elapsed Time: 34.49s | Pan Error: -2.81 | Face Confidence: 63%
2025-03-07 02:07:18,662 - INFO - Elapsed Time: 34.65s | Pan Error: -3.28 | Face Confidence: 61%
2025-03-07 02:07:18,744 - INFO - Elapsed Time: 34.73s | Pan Error: -3.59 | Face Confidence: 63%
2025-03-07 02:07:18,911 - INFO - Elapsed Time: 34.90s | Pan Error: -5.00 | Face Confidence: 63%
2025-03-07 02:07:18,998 - INFO - Elapsed Time: 34.98s | Pan Error: -5.16 | Face Confidence: 53%
2025-03-07 02:07:19,083 - INFO - Elapsed Time: 35.07s | Pan Error: -4.84 | Face Confidence: 61%
2025-03-07 02:07:19,171 - INFO - Elapsed Time: 35.16s | Pan Error: -3.12 | Face Confidence: 57%
2025-03-07 02:07:19,254 - INFO - Elapsed Time: 35.24s | Pan Error: -5.00 | Face Confidence: 51%
2025-03-07 02:07:19,261 - INFO - Stream stats - Frame: 900, Size: 158345 bytes, Clients: 1
2025-03-07 02:07:19,500 - INFO - Elapsed Time: 35.49s | Pan Error: -6.88 | Face Confidence: 56%
2025-03-07 02:07:19,583 - INFO - Elapsed Time: 35.57s | Pan Error: -7.03 | Face Confidence: 71%
2025-03-07 02:07:19,671 - INFO - Elapsed Time: 35.66s | Pan Error: -8.12 | Face Confidence: 71%
2025-03-07 02:07:19,755 - INFO - Elapsed Time: 35.74s | Pan Error: -7.81 | Face Confidence: 68%
2025-03-07 02:07:19,841 - INFO - Elapsed Time: 35.83s | Pan Error: -4.84 | Face Confidence: 77%
2025-03-07 02:07:19,925 - INFO - Elapsed Time: 35.91s | Pan Error: -2.81 | Face Confidence: 72%
2025-03-07 02:07:20,011 - INFO - Elapsed Time: 36.00s | Pan Error: 1.88 | Face Confidence: 78%
2025-03-07 02:07:20,097 - INFO - Elapsed Time: 36.08s | Pan Error: 4.22 | Face Confidence: 75%
2025-03-07 02:07:20,183 - INFO - Elapsed Time: 36.17s | Pan Error: 6.09 | Face Confidence: 75%
2025-03-07 02:07:20,273 - INFO - Elapsed Time: 36.26s | Pan Error: 7.50 | Face Confidence: 75%
2025-03-07 02:07:20,359 - INFO - Elapsed Time: 36.35s | Pan Error: 8.12 | Face Confidence: 69%
2025-03-07 02:07:20,445 - INFO - Elapsed Time: 36.43s | Pan Error: 1.72 | Face Confidence: 66%
2025-03-07 02:07:20,529 - INFO - Elapsed Time: 36.52s | Pan Error: -1.56 | Face Confidence: 69%
2025-03-07 02:07:20,614 - INFO - Elapsed Time: 36.60s | Pan Error: -3.12 | Face Confidence: 79%
2025-03-07 02:07:20,699 - INFO - Elapsed Time: 36.68s | Pan Error: -2.81 | Face Confidence: 75%
2025-03-07 02:07:20,783 - INFO - Elapsed Time: 36.77s | Pan Error: -3.12 | Face Confidence: 74%
2025-03-07 02:07:20,869 - INFO - Elapsed Time: 36.85s | Pan Error: -3.28 | Face Confidence: 71%
2025-03-07 02:07:20,956 - INFO - Elapsed Time: 36.94s | Pan Error: -3.12 | Face Confidence: 68%
2025-03-07 02:07:21,043 - INFO - Elapsed Time: 37.03s | Pan Error: -6.41 | Face Confidence: 58%
2025-03-07 02:07:21,128 - INFO - Elapsed Time: 37.11s | Pan Error: -5.00 | Face Confidence: 64%
2025-03-07 02:07:21,215 - INFO - Elapsed Time: 37.20s | Pan Error: -0.94 | Face Confidence: 66%
2025-03-07 02:07:21,299 - INFO - Elapsed Time: 37.29s | Pan Error: -1.41 | Face Confidence: 66%
2025-03-07 02:07:21,386 - INFO - Elapsed Time: 37.37s | Pan Error: -0.78 | Face Confidence: 66%
2025-03-07 02:07:21,470 - INFO - Elapsed Time: 37.46s | Pan Error: -0.31 | Face Confidence: 67%
2025-03-07 02:07:21,556 - INFO - Elapsed Time: 37.54s | Pan Error: 0.47 | Face Confidence: 64%
2025-03-07 02:07:21,642 - INFO - Elapsed Time: 37.63s | Pan Error: 0.31 | Face Confidence: 73%
2025-03-07 02:07:21,726 - INFO - Elapsed Time: 37.71s | Pan Error: -0.62 | Face Confidence: 73%
2025-03-07 02:07:21,813 - INFO - Elapsed Time: 37.80s | Pan Error: -0.16 | Face Confidence: 72%
2025-03-07 02:07:21,902 - INFO - Elapsed Time: 37.88s | Pan Error: 0.47 | Face Confidence: 74%
2025-03-07 02:07:21,988 - INFO - Elapsed Time: 37.97s | Pan Error: 1.41 | Face Confidence: 63%
2025-03-07 02:07:22,076 - INFO - Elapsed Time: 38.06s | Pan Error: 1.25 | Face Confidence: 71%
2025-03-07 02:07:22,161 - INFO - Elapsed Time: 38.15s | Pan Error: 1.72 | Face Confidence: 67%
2025-03-07 02:07:22,249 - INFO - Elapsed Time: 38.23s | Pan Error: 1.41 | Face Confidence: 73%
2025-03-07 02:07:22,337 - INFO - Elapsed Time: 38.32s | Pan Error: 1.09 | Face Confidence: 72%
2025-03-07 02:07:22,429 - INFO - Elapsed Time: 38.41s | Pan Error: 0.94 | Face Confidence: 66%
2025-03-07 02:07:22,514 - INFO - Elapsed Time: 38.50s | Pan Error: 1.09 | Face Confidence: 68%
2025-03-07 02:07:22,613 - INFO - Elapsed Time: 38.59s | Pan Error: 2.03 | Face Confidence: 72%
2025-03-07 02:07:22,702 - INFO - Elapsed Time: 38.68s | Pan Error: -0.94 | Face Confidence: 69%
2025-03-07 02:07:22,788 - INFO - Elapsed Time: 38.78s | Pan Error: -0.47 | Face Confidence: 70%
2025-03-07 02:07:22,872 - INFO - Elapsed Time: 38.86s | Pan Error: 0.62 | Face Confidence: 65%
2025-03-07 02:07:22,958 - INFO - Elapsed Time: 38.94s | Pan Error: 1.09 | Face Confidence: 67%
2025-03-07 02:07:23,062 - INFO - Elapsed Time: 39.03s | Pan Error: 0.00 | Face Confidence: 63%
2025-03-07 02:07:23,163 - INFO - Elapsed Time: 39.15s | Pan Error: 0.31 | Face Confidence: 74%
2025-03-07 02:07:23,248 - INFO - Elapsed Time: 39.23s | Pan Error: 0.31 | Face Confidence: 72%
2025-03-07 02:07:23,336 - INFO - Elapsed Time: 39.32s | Pan Error: 0.16 | Face Confidence: 66%
2025-03-07 02:07:23,420 - INFO - Elapsed Time: 39.41s | Pan Error: 0.47 | Face Confidence: 68%
2025-03-07 02:07:23,503 - INFO - Elapsed Time: 39.49s | Pan Error: -1.25 | Face Confidence: 67%
2025-03-07 02:07:23,590 - INFO - Elapsed Time: 39.58s | Pan Error: -3.28 | Face Confidence: 66%
2025-03-07 02:07:23,673 - INFO - Elapsed Time: 39.66s | Pan Error: -2.03 | Face Confidence: 68%
2025-03-07 02:07:23,763 - INFO - Elapsed Time: 39.75s | Pan Error: 2.81 | Face Confidence: 58%
2025-03-07 02:07:23,848 - INFO - Elapsed Time: 39.84s | Pan Error: 2.97 | Face Confidence: 62%
2025-03-07 02:07:23,935 - INFO - Elapsed Time: 39.92s | Pan Error: 0.47 | Face Confidence: 52%
2025-03-07 02:07:24,022 - INFO - Elapsed Time: 40.01s | Pan Error: -0.78 | Face Confidence: 54%
2025-03-07 02:07:24,189 - INFO - Elapsed Time: 40.17s | Pan Error: -1.09 | Face Confidence: 62%
2025-03-07 02:07:24,595 - INFO - Elapsed Time: 40.58s | Pan Error: 0.16 | Face Confidence: 52%
2025-03-07 02:07:25,095 - INFO - Elapsed Time: 41.08s | Pan Error: -0.16 | Face Confidence: 52%
2025-03-07 02:07:25,179 - INFO - Elapsed Time: 41.17s | Pan Error: 1.25 | Face Confidence: 65%
2025-03-07 02:07:25,264 - INFO - Elapsed Time: 41.25s | Pan Error: 2.50 | Face Confidence: 69%
2025-03-07 02:07:25,351 - INFO - Elapsed Time: 41.34s | Pan Error: 1.72 | Face Confidence: 78%
2025-03-07 02:07:25,437 - INFO - Elapsed Time: 41.42s | Pan Error: 8.91 | Face Confidence: 79%
2025-03-07 02:07:25,521 - INFO - Elapsed Time: 41.51s | Pan Error: 10.00 | Face Confidence: 67%
2025-03-07 02:07:25,606 - INFO - Elapsed Time: 41.59s | Pan Error: 7.50 | Face Confidence: 71%
2025-03-07 02:07:25,688 - INFO - Elapsed Time: 41.68s | Pan Error: 2.50 | Face Confidence: 82%
2025-03-07 02:07:25,774 - INFO - Elapsed Time: 41.76s | Pan Error: -1.25 | Face Confidence: 72%
2025-03-07 02:07:25,861 - INFO - Elapsed Time: 41.85s | Pan Error: -3.12 | Face Confidence: 71%
2025-03-07 02:07:25,946 - INFO - Elapsed Time: 41.93s | Pan Error: -3.91 | Face Confidence: 79%
2025-03-07 02:07:26,032 - INFO - Elapsed Time: 42.02s | Pan Error: -3.28 | Face Confidence: 83%
2025-03-07 02:07:26,119 - INFO - Elapsed Time: 42.10s | Pan Error: -3.28 | Face Confidence: 83%
2025-03-07 02:07:26,203 - INFO - Elapsed Time: 42.19s | Pan Error: -3.28 | Face Confidence: 85%
2025-03-07 02:07:26,291 - INFO - Elapsed Time: 42.28s | Pan Error: -3.75 | Face Confidence: 74%
2025-03-07 02:07:26,375 - INFO - Elapsed Time: 42.36s | Pan Error: -2.81 | Face Confidence: 73%
2025-03-07 02:07:26,462 - INFO - Elapsed Time: 42.45s | Pan Error: -3.12 | Face Confidence: 74%
2025-03-07 02:07:26,548 - INFO - Elapsed Time: 42.53s | Pan Error: -1.88 | Face Confidence: 71%
2025-03-07 02:07:26,634 - INFO - Elapsed Time: 42.62s | Pan Error: -2.50 | Face Confidence: 70%
2025-03-07 02:07:26,719 - INFO - Elapsed Time: 42.71s | Pan Error: -2.03 | Face Confidence: 70%
2025-03-07 02:07:26,804 - INFO - Elapsed Time: 42.79s | Pan Error: -2.34 | Face Confidence: 74%
2025-03-07 02:07:26,893 - INFO - Elapsed Time: 42.88s | Pan Error: -2.34 | Face Confidence: 74%
2025-03-07 02:07:26,977 - INFO - Elapsed Time: 42.96s | Pan Error: 0.62 | Face Confidence: 72%
2025-03-07 02:07:27,065 - INFO - Elapsed Time: 43.05s | Pan Error: 2.03 | Face Confidence: 78%
2025-03-07 02:07:27,151 - INFO - Elapsed Time: 43.14s | Pan Error: 3.12 | Face Confidence: 84%
2025-03-07 02:07:27,235 - INFO - Elapsed Time: 43.22s | Pan Error: 2.66 | Face Confidence: 77%
2025-03-07 02:07:27,322 - INFO - Elapsed Time: 43.31s | Pan Error: 2.66 | Face Confidence: 83%
2025-03-07 02:07:27,406 - INFO - Elapsed Time: 43.39s | Pan Error: 0.47 | Face Confidence: 82%
2025-03-07 02:07:27,493 - INFO - Elapsed Time: 43.48s | Pan Error: -3.28 | Face Confidence: 89%
2025-03-07 02:07:27,578 - INFO - Elapsed Time: 43.57s | Pan Error: -5.16 | Face Confidence: 82%
2025-03-07 02:07:27,668 - INFO - Elapsed Time: 43.65s | Pan Error: -4.22 | Face Confidence: 84%
2025-03-07 02:07:27,756 - INFO - Elapsed Time: 43.74s | Pan Error: -4.22 | Face Confidence: 84%
2025-03-07 02:07:27,838 - INFO - Elapsed Time: 43.83s | Pan Error: -4.06 | Face Confidence: 82%
2025-03-07 02:07:27,924 - INFO - Elapsed Time: 43.91s | Pan Error: -3.59 | Face Confidence: 79%
2025-03-07 02:07:28,009 - INFO - Elapsed Time: 44.00s | Pan Error: -3.59 | Face Confidence: 83%
2025-03-07 02:07:28,097 - INFO - Elapsed Time: 44.08s | Pan Error: -2.97 | Face Confidence: 80%
2025-03-07 02:07:28,209 - INFO - Elapsed Time: 44.18s | Pan Error: -2.34 | Face Confidence: 81%
2025-03-07 02:07:28,295 - INFO - Elapsed Time: 44.28s | Pan Error: -1.72 | Face Confidence: 82%
2025-03-07 02:07:28,379 - INFO - Elapsed Time: 44.37s | Pan Error: -1.56 | Face Confidence: 78%
2025-03-07 02:07:28,464 - INFO - Elapsed Time: 44.45s | Pan Error: -0.62 | Face Confidence: 81%
2025-03-07 02:07:28,549 - INFO - Elapsed Time: 44.54s | Pan Error: -0.62 | Face Confidence: 81%
2025-03-07 02:07:28,641 - INFO - Elapsed Time: 44.62s | Pan Error: -0.94 | Face Confidence: 81%
2025-03-07 02:07:28,727 - INFO - Elapsed Time: 44.71s | Pan Error: -1.25 | Face Confidence: 79%
2025-03-07 02:07:28,814 - INFO - Elapsed Time: 44.80s | Pan Error: -1.41 | Face Confidence: 80%
2025-03-07 02:07:28,897 - INFO - Elapsed Time: 44.89s | Pan Error: -1.25 | Face Confidence: 79%
2025-03-07 02:07:28,980 - INFO - Elapsed Time: 44.97s | Pan Error: -1.09 | Face Confidence: 81%
2025-03-07 02:07:29,066 - INFO - Elapsed Time: 45.05s | Pan Error: -1.41 | Face Confidence: 79%
2025-03-07 02:07:29,149 - INFO - Elapsed Time: 45.14s | Pan Error: -1.41 | Face Confidence: 76%
2025-03-07 02:07:29,231 - INFO - Elapsed Time: 45.22s | Pan Error: -1.56 | Face Confidence: 74%
2025-03-07 02:07:29,314 - INFO - Elapsed Time: 45.30s | Pan Error: -0.94 | Face Confidence: 75%
2025-03-07 02:07:29,335 - INFO - Stream stats - Frame: 1200, Size: 166937 bytes, Clients: 1
2025-03-07 02:07:29,399 - INFO - Elapsed Time: 45.39s | Pan Error: -1.25 | Face Confidence: 75%
2025-03-07 02:07:29,484 - INFO - Elapsed Time: 45.47s | Pan Error: -0.47 | Face Confidence: 67%
2025-03-07 02:07:29,569 - INFO - Elapsed Time: 45.56s | Pan Error: -0.94 | Face Confidence: 68%
2025-03-07 02:07:29,656 - INFO - Elapsed Time: 45.64s | Pan Error: -0.62 | Face Confidence: 64%
2025-03-07 02:07:29,743 - INFO - Elapsed Time: 45.73s | Pan Error: -0.62 | Face Confidence: 67%
2025-03-07 02:07:29,828 - INFO - Elapsed Time: 45.81s | Pan Error: -0.78 | Face Confidence: 68%
2025-03-07 02:07:29,914 - INFO - Elapsed Time: 45.90s | Pan Error: -1.41 | Face Confidence: 69%
2025-03-07 02:07:30,000 - INFO - Elapsed Time: 45.99s | Pan Error: -1.25 | Face Confidence: 73%
2025-03-07 02:07:30,084 - INFO - Elapsed Time: 46.07s | Pan Error: -0.78 | Face Confidence: 69%
2025-03-07 02:07:30,167 - INFO - Elapsed Time: 46.16s | Pan Error: -1.25 | Face Confidence: 68%
2025-03-07 02:07:30,253 - INFO - Elapsed Time: 46.24s | Pan Error: -0.94 | Face Confidence: 64%
2025-03-07 02:07:30,338 - INFO - Elapsed Time: 46.33s | Pan Error: -1.25 | Face Confidence: 67%
2025-03-07 02:07:30,424 - INFO - Elapsed Time: 46.41s | Pan Error: -1.56 | Face Confidence: 64%
2025-03-07 02:07:30,511 - INFO - Elapsed Time: 46.50s | Pan Error: -1.41 | Face Confidence: 65%
2025-03-07 02:07:30,595 - INFO - Elapsed Time: 46.58s | Pan Error: -1.09 | Face Confidence: 64%
2025-03-07 02:07:30,681 - INFO - Elapsed Time: 46.67s | Pan Error: -1.09 | Face Confidence: 65%
2025-03-07 02:07:30,767 - INFO - Elapsed Time: 46.75s | Pan Error: -0.47 | Face Confidence: 64%
2025-03-07 02:07:30,854 - INFO - Elapsed Time: 46.84s | Pan Error: 0.00 | Face Confidence: 69%
2025-03-07 02:07:30,942 - INFO - Elapsed Time: 46.92s | Pan Error: 0.00 | Face Confidence: 71%
2025-03-07 02:07:31,028 - INFO - Elapsed Time: 47.02s | Pan Error: -0.47 | Face Confidence: 70%
2025-03-07 02:07:31,111 - INFO - Elapsed Time: 47.10s | Pan Error: 0.31 | Face Confidence: 71%
2025-03-07 02:07:31,198 - INFO - Elapsed Time: 47.18s | Pan Error: -0.47 | Face Confidence: 70%
2025-03-07 02:07:31,285 - INFO - Elapsed Time: 47.27s | Pan Error: -0.62 | Face Confidence: 70%
2025-03-07 02:07:31,369 - INFO - Elapsed Time: 47.36s | Pan Error: -0.47 | Face Confidence: 70%
2025-03-07 02:07:31,460 - INFO - Elapsed Time: 47.44s | Pan Error: 0.78 | Face Confidence: 75%
2025-03-07 02:07:31,548 - INFO - Elapsed Time: 47.54s | Pan Error: 1.09 | Face Confidence: 69%
2025-03-07 02:07:31,632 - INFO - Elapsed Time: 47.62s | Pan Error: 0.94 | Face Confidence: 70%
2025-03-07 02:07:31,718 - INFO - Elapsed Time: 47.70s | Pan Error: 0.31 | Face Confidence: 72%
2025-03-07 02:07:31,801 - INFO - Elapsed Time: 47.79s | Pan Error: -0.16 | Face Confidence: 72%
2025-03-07 02:07:31,891 - INFO - Elapsed Time: 47.87s | Pan Error: -1.41 | Face Confidence: 63%
2025-03-07 02:07:31,978 - INFO - Elapsed Time: 47.96s | Pan Error: -2.03 | Face Confidence: 63%
2025-03-07 02:07:32,066 - INFO - Elapsed Time: 48.05s | Pan Error: -1.41 | Face Confidence: 72%
2025-03-07 02:07:32,156 - INFO - Elapsed Time: 48.14s | Pan Error: -0.62 | Face Confidence: 56%
2025-03-07 02:07:32,242 - INFO - Elapsed Time: 48.23s | Pan Error: -1.09 | Face Confidence: 57%
2025-03-07 02:07:32,330 - INFO - Elapsed Time: 48.31s | Pan Error: -1.25 | Face Confidence: 66%
2025-03-07 02:07:32,419 - INFO - Elapsed Time: 48.40s | Pan Error: -2.97 | Face Confidence: 64%
2025-03-07 02:07:32,503 - INFO - Elapsed Time: 48.49s | Pan Error: -2.03 | Face Confidence: 67%
2025-03-07 02:07:32,587 - INFO - Elapsed Time: 48.57s | Pan Error: -2.34 | Face Confidence: 69%
2025-03-07 02:07:32,670 - INFO - Elapsed Time: 48.66s | Pan Error: -2.97 | Face Confidence: 69%
2025-03-07 02:07:32,756 - INFO - Elapsed Time: 48.74s | Pan Error: -2.97 | Face Confidence: 71%
2025-03-07 02:07:32,841 - INFO - Elapsed Time: 48.83s | Pan Error: -2.50 | Face Confidence: 72%
2025-03-07 02:07:32,931 - INFO - Elapsed Time: 48.92s | Pan Error: -2.03 | Face Confidence: 70%
2025-03-07 02:07:33,016 - INFO - Elapsed Time: 49.00s | Pan Error: -2.66 | Face Confidence: 70%
2025-03-07 02:07:33,100 - INFO - Elapsed Time: 49.09s | Pan Error: 0.94 | Face Confidence: 66%
2025-03-07 02:07:33,185 - INFO - Elapsed Time: 49.17s | Pan Error: 2.19 | Face Confidence: 75%
2025-03-07 02:07:33,290 - INFO - Elapsed Time: 49.26s | Pan Error: 4.22 | Face Confidence: 78%
2025-03-07 02:07:33,398 - INFO - Elapsed Time: 49.37s | Pan Error: 4.38 | Face Confidence: 78%
2025-03-07 02:07:33,483 - INFO - Elapsed Time: 49.47s | Pan Error: 3.91 | Face Confidence: 77%
2025-03-07 02:07:33,569 - INFO - Elapsed Time: 49.56s | Pan Error: 2.34 | Face Confidence: 72%
2025-03-07 02:07:33,656 - INFO - Elapsed Time: 49.64s | Pan Error: 1.88 | Face Confidence: 67%
2025-03-07 02:07:33,740 - INFO - Elapsed Time: 49.73s | Pan Error: -2.03 | Face Confidence: 63%
2025-03-07 02:07:33,831 - INFO - Elapsed Time: 49.82s | Pan Error: -2.19 | Face Confidence: 59%
2025-03-07 02:07:33,915 - INFO - Elapsed Time: 49.90s | Pan Error: -1.72 | Face Confidence: 61%
2025-03-07 02:07:34,000 - INFO - Elapsed Time: 49.99s | Pan Error: -1.41 | Face Confidence: 64%
2025-03-07 02:07:34,086 - INFO - Elapsed Time: 50.07s | Pan Error: -2.03 | Face Confidence: 63%
2025-03-07 02:07:34,175 - INFO - Elapsed Time: 50.16s | Pan Error: -1.25 | Face Confidence: 64%
2025-03-07 02:07:34,266 - INFO - Elapsed Time: 50.25s | Pan Error: -1.25 | Face Confidence: 69%
2025-03-07 02:07:34,352 - INFO - Elapsed Time: 50.34s | Pan Error: -1.09 | Face Confidence: 66%
2025-03-07 02:07:34,439 - INFO - Elapsed Time: 50.42s | Pan Error: -0.78 | Face Confidence: 67%
2025-03-07 02:07:34,526 - INFO - Elapsed Time: 50.51s | Pan Error: -1.25 | Face Confidence: 65%
2025-03-07 02:07:34,611 - INFO - Elapsed Time: 50.60s | Pan Error: -1.09 | Face Confidence: 63%
2025-03-07 02:07:34,706 - INFO - Elapsed Time: 50.69s | Pan Error: -1.25 | Face Confidence: 64%
2025-03-07 02:07:34,791 - INFO - Elapsed Time: 50.78s | Pan Error: -1.88 | Face Confidence: 65%
2025-03-07 02:07:34,878 - INFO - Elapsed Time: 50.86s | Pan Error: -0.62 | Face Confidence: 67%
2025-03-07 02:07:34,964 - INFO - Elapsed Time: 50.95s | Pan Error: -1.25 | Face Confidence: 66%
2025-03-07 02:07:35,049 - INFO - Elapsed Time: 51.04s | Pan Error: -0.78 | Face Confidence: 65%
2025-03-07 02:07:35,131 - INFO - Elapsed Time: 51.12s | Pan Error: 0.16 | Face Confidence: 66%
2025-03-07 02:07:35,220 - INFO - Elapsed Time: 51.21s | Pan Error: 0.31 | Face Confidence: 67%
2025-03-07 02:07:35,304 - INFO - Elapsed Time: 51.29s | Pan Error: 0.00 | Face Confidence: 67%
2025-03-07 02:07:35,389 - INFO - Elapsed Time: 51.38s | Pan Error: -0.31 | Face Confidence: 64%
2025-03-07 02:07:35,475 - INFO - Elapsed Time: 51.46s | Pan Error: -0.31 | Face Confidence: 63%
2025-03-07 02:07:35,559 - INFO - Elapsed Time: 51.55s | Pan Error: -0.47 | Face Confidence: 61%
2025-03-07 02:07:35,648 - INFO - Elapsed Time: 51.63s | Pan Error: -0.62 | Face Confidence: 61%
2025-03-07 02:07:35,731 - INFO - Elapsed Time: 51.72s | Pan Error: 0.16 | Face Confidence: 62%
2025-03-07 02:07:35,819 - INFO - Elapsed Time: 51.80s | Pan Error: 0.78 | Face Confidence: 68%
2025-03-07 02:07:35,906 - INFO - Elapsed Time: 51.89s | Pan Error: 1.25 | Face Confidence: 66%
2025-03-07 02:07:35,994 - INFO - Elapsed Time: 51.98s | Pan Error: 0.94 | Face Confidence: 67%
2025-03-07 02:07:36,080 - INFO - Elapsed Time: 52.07s | Pan Error: 0.16 | Face Confidence: 65%
2025-03-07 02:07:36,169 - INFO - Elapsed Time: 52.16s | Pan Error: 0.78 | Face Confidence: 69%
2025-03-07 02:07:36,259 - INFO - Elapsed Time: 52.24s | Pan Error: -0.16 | Face Confidence: 74%
2025-03-07 02:07:36,343 - INFO - Elapsed Time: 52.33s | Pan Error: -0.62 | Face Confidence: 75%
2025-03-07 02:07:36,429 - INFO - Elapsed Time: 52.42s | Pan Error: -1.25 | Face Confidence: 68%
2025-03-07 02:07:36,514 - INFO - Elapsed Time: 52.50s | Pan Error: -1.25 | Face Confidence: 70%
2025-03-07 02:07:36,597 - INFO - Elapsed Time: 52.59s | Pan Error: -1.41 | Face Confidence: 73%
2025-03-07 02:07:36,683 - INFO - Elapsed Time: 52.67s | Pan Error: -1.88 | Face Confidence: 73%
2025-03-07 02:07:36,766 - INFO - Elapsed Time: 52.76s | Pan Error: -1.41 | Face Confidence: 72%
2025-03-07 02:07:36,851 - INFO - Elapsed Time: 52.84s | Pan Error: -2.03 | Face Confidence: 73%
2025-03-07 02:07:36,935 - INFO - Elapsed Time: 52.92s | Pan Error: -1.88 | Face Confidence: 74%
2025-03-07 02:07:37,020 - INFO - Elapsed Time: 53.01s | Pan Error: -1.56 | Face Confidence: 58%
2025-03-07 02:07:37,111 - INFO - Elapsed Time: 53.09s | Pan Error: -1.56 | Face Confidence: 59%
2025-03-07 02:07:37,195 - INFO - Elapsed Time: 53.18s | Pan Error: -0.78 | Face Confidence: 73%
2025-03-07 02:07:37,281 - INFO - Elapsed Time: 53.27s | Pan Error: -1.41 | Face Confidence: 65%
2025-03-07 02:07:37,364 - INFO - Elapsed Time: 53.35s | Pan Error: -1.09 | Face Confidence: 68%
2025-03-07 02:07:37,450 - INFO - Elapsed Time: 53.44s | Pan Error: -1.56 | Face Confidence: 67%
2025-03-07 02:07:37,533 - INFO - Elapsed Time: 53.52s | Pan Error: -2.03 | Face Confidence: 67%
2025-03-07 02:07:37,622 - INFO - Elapsed Time: 53.61s | Pan Error: -1.72 | Face Confidence: 67%
2025-03-07 02:07:37,707 - INFO - Elapsed Time: 53.70s | Pan Error: -2.19 | Face Confidence: 66%
2025-03-07 02:07:37,797 - INFO - Elapsed Time: 53.78s | Pan Error: -0.62 | Face Confidence: 67%
2025-03-07 02:07:37,882 - INFO - Elapsed Time: 53.87s | Pan Error: -1.56 | Face Confidence: 65%
2025-03-07 02:07:37,966 - INFO - Elapsed Time: 53.95s | Pan Error: -1.56 | Face Confidence: 72%
2025-03-07 02:07:38,050 - INFO - Elapsed Time: 54.04s | Pan Error: -2.03 | Face Confidence: 73%
2025-03-07 02:07:38,133 - INFO - Elapsed Time: 54.12s | Pan Error: -0.94 | Face Confidence: 68%
2025-03-07 02:07:38,217 - INFO - Elapsed Time: 54.20s | Pan Error: 0.78 | Face Confidence: 80%
2025-03-07 02:07:38,300 - INFO - Elapsed Time: 54.29s | Pan Error: 0.47 | Face Confidence: 78%
2025-03-07 02:07:38,387 - INFO - Elapsed Time: 54.37s | Pan Error: 0.62 | Face Confidence: 76%
2025-03-07 02:07:38,486 - INFO - Elapsed Time: 54.46s | Pan Error: 0.94 | Face Confidence: 76%
2025-03-07 02:07:38,577 - INFO - Elapsed Time: 54.56s | Pan Error: 0.94 | Face Confidence: 74%
2025-03-07 02:07:38,661 - INFO - Elapsed Time: 54.65s | Pan Error: 1.72 | Face Confidence: 72%
2025-03-07 02:07:38,745 - INFO - Elapsed Time: 54.73s | Pan Error: 0.94 | Face Confidence: 64%
2025-03-07 02:07:38,829 - INFO - Elapsed Time: 54.82s | Pan Error: 1.09 | Face Confidence: 68%
2025-03-07 02:07:38,912 - INFO - Elapsed Time: 54.90s | Pan Error: 1.72 | Face Confidence: 67%
2025-03-07 02:07:38,996 - INFO - Elapsed Time: 54.98s | Pan Error: 1.25 | Face Confidence: 73%
2025-03-07 02:07:39,084 - INFO - Elapsed Time: 55.07s | Pan Error: 2.03 | Face Confidence: 73%
2025-03-07 02:07:39,170 - INFO - Elapsed Time: 55.16s | Pan Error: 1.41 | Face Confidence: 70%
2025-03-07 02:07:39,258 - INFO - Elapsed Time: 55.24s | Pan Error: 1.41 | Face Confidence: 72%
2025-03-07 02:07:39,347 - INFO - Elapsed Time: 55.33s | Pan Error: 0.94 | Face Confidence: 70%
2025-03-07 02:07:39,398 - INFO - Stream stats - Frame: 1500, Size: 156447 bytes, Clients: 1
2025-03-07 02:07:39,432 - INFO - Elapsed Time: 55.42s | Pan Error: -0.47 | Face Confidence: 66%
2025-03-07 02:07:39,516 - INFO - Elapsed Time: 55.50s | Pan Error: -0.78 | Face Confidence: 79%
2025-03-07 02:07:39,602 - INFO - Elapsed Time: 55.59s | Pan Error: -0.47 | Face Confidence: 77%
2025-03-07 02:07:39,689 - INFO - Elapsed Time: 55.67s | Pan Error: -0.47 | Face Confidence: 78%
2025-03-07 02:07:39,773 - INFO - Elapsed Time: 55.76s | Pan Error: -0.62 | Face Confidence: 77%
2025-03-07 02:07:39,859 - INFO - Elapsed Time: 55.85s | Pan Error: -0.94 | Face Confidence: 75%
2025-03-07 02:07:39,947 - INFO - Elapsed Time: 55.93s | Pan Error: -0.78 | Face Confidence: 76%
2025-03-07 02:07:40,031 - INFO - Elapsed Time: 56.02s | Pan Error: -0.78 | Face Confidence: 76%
2025-03-07 02:07:40,119 - INFO - Elapsed Time: 56.10s | Pan Error: -0.94 | Face Confidence: 74%
2025-03-07 02:07:40,204 - INFO - Elapsed Time: 56.19s | Pan Error: -0.78 | Face Confidence: 75%
2025-03-07 02:07:40,288 - INFO - Elapsed Time: 56.28s | Pan Error: -0.94 | Face Confidence: 73%
2025-03-07 02:07:40,372 - INFO - Elapsed Time: 56.36s | Pan Error: -1.09 | Face Confidence: 75%
2025-03-07 02:07:40,460 - INFO - Elapsed Time: 56.44s | Pan Error: -1.72 | Face Confidence: 73%
2025-03-07 02:07:40,548 - INFO - Elapsed Time: 56.53s | Pan Error: -1.41 | Face Confidence: 66%
2025-03-07 02:07:40,631 - INFO - Elapsed Time: 56.62s | Pan Error: -1.72 | Face Confidence: 70%
2025-03-07 02:07:40,723 - INFO - Elapsed Time: 56.71s | Pan Error: -1.41 | Face Confidence: 68%
2025-03-07 02:07:40,809 - INFO - Elapsed Time: 56.80s | Pan Error: -1.25 | Face Confidence: 68%
2025-03-07 02:07:40,894 - INFO - Elapsed Time: 56.88s | Pan Error: -1.72 | Face Confidence: 65%
2025-03-07 02:07:40,983 - INFO - Elapsed Time: 56.97s | Pan Error: -1.88 | Face Confidence: 64%
2025-03-07 02:07:41,069 - INFO - Elapsed Time: 57.06s | Pan Error: -2.19 | Face Confidence: 64%
2025-03-07 02:07:41,158 - INFO - Elapsed Time: 57.14s | Pan Error: -2.34 | Face Confidence: 61%
2025-03-07 02:07:41,243 - INFO - Elapsed Time: 57.23s | Pan Error: -1.72 | Face Confidence: 65%
2025-03-07 02:07:41,327 - INFO - Elapsed Time: 57.31s | Pan Error: -1.88 | Face Confidence: 63%
2025-03-07 02:07:41,412 - INFO - Elapsed Time: 57.40s | Pan Error: -2.34 | Face Confidence: 61%
2025-03-07 02:07:41,497 - INFO - Elapsed Time: 57.48s | Pan Error: -2.19 | Face Confidence: 66%
2025-03-07 02:07:41,585 - INFO - Elapsed Time: 57.57s | Pan Error: -2.50 | Face Confidence: 64%
2025-03-07 02:07:41,670 - INFO - Elapsed Time: 57.66s | Pan Error: -2.50 | Face Confidence: 64%
2025-03-07 02:07:41,758 - INFO - Elapsed Time: 57.74s | Pan Error: -2.03 | Face Confidence: 66%
2025-03-07 02:07:41,844 - INFO - Elapsed Time: 57.83s | Pan Error: -1.72 | Face Confidence: 68%
2025-03-07 02:07:41,930 - INFO - Elapsed Time: 57.92s | Pan Error: -2.34 | Face Confidence: 66%
2025-03-07 02:07:42,015 - INFO - Elapsed Time: 58.00s | Pan Error: -2.50 | Face Confidence: 70%
2025-03-07 02:07:42,100 - INFO - Elapsed Time: 58.09s | Pan Error: -2.34 | Face Confidence: 68%
2025-03-07 02:07:42,185 - INFO - Elapsed Time: 58.17s | Pan Error: -2.19 | Face Confidence: 66%
2025-03-07 02:07:42,269 - INFO - Elapsed Time: 58.26s | Pan Error: -0.47 | Face Confidence: 72%
2025-03-07 02:07:42,355 - INFO - Elapsed Time: 58.34s | Pan Error: -0.78 | Face Confidence: 63%
2025-03-07 02:07:42,440 - INFO - Elapsed Time: 58.43s | Pan Error: 3.28 | Face Confidence: 74%
2025-03-07 02:07:42,528 - INFO - Elapsed Time: 58.51s | Pan Error: 4.22 | Face Confidence: 73%
2025-03-07 02:07:42,612 - INFO - Elapsed Time: 58.60s | Pan Error: 3.91 | Face Confidence: 74%
2025-03-07 02:07:42,703 - INFO - Elapsed Time: 58.69s | Pan Error: 3.91 | Face Confidence: 72%
2025-03-07 02:07:42,790 - INFO - Elapsed Time: 58.77s | Pan Error: 4.38 | Face Confidence: 75%
2025-03-07 02:07:42,874 - INFO - Elapsed Time: 58.86s | Pan Error: 4.06 | Face Confidence: 73%
2025-03-07 02:07:42,958 - INFO - Elapsed Time: 58.95s | Pan Error: -0.47 | Face Confidence: 65%
2025-03-07 02:07:43,045 - INFO - Elapsed Time: 59.03s | Pan Error: -1.25 | Face Confidence: 74%
2025-03-07 02:07:43,133 - INFO - Elapsed Time: 59.12s | Pan Error: -3.12 | Face Confidence: 68%
2025-03-07 02:07:43,220 - INFO - Elapsed Time: 59.20s | Pan Error: -3.91 | Face Confidence: 59%
2025-03-07 02:07:43,387 - INFO - Elapsed Time: 59.37s | Pan Error: -5.00 | Face Confidence: 57%
2025-03-07 02:07:43,473 - INFO - Elapsed Time: 59.46s | Pan Error: -6.09 | Face Confidence: 60%
2025-03-07 02:07:43,571 - INFO - Elapsed Time: 59.54s | Pan Error: -5.94 | Face Confidence: 53%
2025-03-07 02:07:43,667 - INFO - Elapsed Time: 59.65s | Pan Error: -2.81 | Face Confidence: 52%
2025-03-07 02:07:43,756 - INFO - Elapsed Time: 59.74s | Pan Error: -1.09 | Face Confidence: 64%
2025-03-07 02:07:43,844 - INFO - Elapsed Time: 59.83s | Pan Error: 0.47 | Face Confidence: 68%
2025-03-07 02:07:43,931 - INFO - Elapsed Time: 59.92s | Pan Error: 1.25 | Face Confidence: 71%
2025-03-07 02:07:44,015 - INFO - Elapsed Time: 60.00s | Pan Error: 0.78 | Face Confidence: 71%
2025-03-07 02:07:44,100 - INFO - Elapsed Time: 60.09s | Pan Error: 1.09 | Face Confidence: 74%
2025-03-07 02:07:44,187 - INFO - Elapsed Time: 60.17s | Pan Error: 0.62 | Face Confidence: 78%
2025-03-07 02:07:44,276 - INFO - Elapsed Time: 60.26s | Pan Error: 0.31 | Face Confidence: 75%
2025-03-07 02:07:44,362 - INFO - Elapsed Time: 60.35s | Pan Error: 0.00 | Face Confidence: 77%
2025-03-07 02:07:44,448 - INFO - Elapsed Time: 60.43s | Pan Error: -0.47 | Face Confidence: 80%
2025-03-07 02:07:44,535 - INFO - Elapsed Time: 60.52s | Pan Error: 0.31 | Face Confidence: 78%
2025-03-07 02:07:44,620 - INFO - Elapsed Time: 60.61s | Pan Error: 0.62 | Face Confidence: 78%
2025-03-07 02:07:44,706 - INFO - Elapsed Time: 60.69s | Pan Error: 0.00 | Face Confidence: 81%
2025-03-07 02:07:44,790 - INFO - Elapsed Time: 60.78s | Pan Error: 0.62 | Face Confidence: 79%
2025-03-07 02:07:44,877 - INFO - Elapsed Time: 60.86s | Pan Error: 1.25 | Face Confidence: 77%
2025-03-07 02:07:44,965 - INFO - Elapsed Time: 60.95s | Pan Error: 0.78 | Face Confidence: 82%
2025-03-07 02:07:45,057 - INFO - Elapsed Time: 61.04s | Pan Error: 0.31 | Face Confidence: 83%
2025-03-07 02:07:45,143 - INFO - Elapsed Time: 61.13s | Pan Error: -0.16 | Face Confidence: 77%
2025-03-07 02:07:45,231 - INFO - Elapsed Time: 61.22s | Pan Error: 0.00 | Face Confidence: 78%
2025-03-07 02:07:45,323 - INFO - Elapsed Time: 61.31s | Pan Error: 0.31 | Face Confidence: 80%
2025-03-07 02:07:45,410 - INFO - Elapsed Time: 61.39s | Pan Error: 0.94 | Face Confidence: 81%
2025-03-07 02:07:45,500 - INFO - Elapsed Time: 61.48s | Pan Error: 1.09 | Face Confidence: 80%
2025-03-07 02:07:45,590 - INFO - Elapsed Time: 61.57s | Pan Error: 1.09 | Face Confidence: 78%
2025-03-07 02:07:45,674 - INFO - Elapsed Time: 61.66s | Pan Error: 1.41 | Face Confidence: 79%
2025-03-07 02:07:45,762 - INFO - Elapsed Time: 61.75s | Pan Error: 1.25 | Face Confidence: 79%
2025-03-07 02:07:45,847 - INFO - Elapsed Time: 61.83s | Pan Error: 1.56 | Face Confidence: 78%
2025-03-07 02:07:45,932 - INFO - Elapsed Time: 61.92s | Pan Error: 1.25 | Face Confidence: 78%
2025-03-07 02:07:46,022 - INFO - Elapsed Time: 62.00s | Pan Error: 1.25 | Face Confidence: 78%
2025-03-07 02:07:46,108 - INFO - Elapsed Time: 62.09s | Pan Error: 1.72 | Face Confidence: 79%
2025-03-07 02:07:46,197 - INFO - Elapsed Time: 62.18s | Pan Error: 1.56 | Face Confidence: 82%
2025-03-07 02:07:46,281 - INFO - Elapsed Time: 62.27s | Pan Error: 0.94 | Face Confidence: 77%
2025-03-07 02:07:46,366 - INFO - Elapsed Time: 62.35s | Pan Error: -4.53 | Face Confidence: 84%
2025-03-07 02:07:46,451 - INFO - Elapsed Time: 62.44s | Pan Error: -6.09 | Face Confidence: 81%
2025-03-07 02:07:46,536 - INFO - Elapsed Time: 62.52s | Pan Error: -5.47 | Face Confidence: 85%
2025-03-07 02:07:46,623 - INFO - Elapsed Time: 62.61s | Pan Error: -2.97 | Face Confidence: 85%
2025-03-07 02:07:46,708 - INFO - Elapsed Time: 62.70s | Pan Error: -1.56 | Face Confidence: 72%
2025-03-07 02:07:46,794 - INFO - Elapsed Time: 62.78s | Pan Error: -4.06 | Face Confidence: 75%
2025-03-07 02:07:46,879 - INFO - Elapsed Time: 62.87s | Pan Error: -3.28 | Face Confidence: 76%
2025-03-07 02:07:46,967 - INFO - Elapsed Time: 62.95s | Pan Error: -4.22 | Face Confidence: 55%
2025-03-07 02:07:47,054 - INFO - Elapsed Time: 63.04s | Pan Error: -3.75 | Face Confidence: 77%
2025-03-07 02:07:47,138 - INFO - Elapsed Time: 63.13s | Pan Error: -3.75 | Face Confidence: 69%
2025-03-07 02:07:47,223 - INFO - Elapsed Time: 63.21s | Pan Error: -3.28 | Face Confidence: 68%
2025-03-07 02:07:47,308 - INFO - Elapsed Time: 63.29s | Pan Error: -2.19 | Face Confidence: 69%
2025-03-07 02:07:47,391 - INFO - Elapsed Time: 63.38s | Pan Error: 0.16 | Face Confidence: 71%
2025-03-07 02:07:47,476 - INFO - Elapsed Time: 63.46s | Pan Error: 1.88 | Face Confidence: 57%
2025-03-07 02:07:47,559 - INFO - Elapsed Time: 63.55s | Pan Error: 1.41 | Face Confidence: 67%
2025-03-07 02:07:47,647 - INFO - Elapsed Time: 63.63s | Pan Error: 1.41 | Face Confidence: 65%
2025-03-07 02:07:47,736 - INFO - Elapsed Time: 63.72s | Pan Error: 2.03 | Face Confidence: 76%
2025-03-07 02:07:47,823 - INFO - Elapsed Time: 63.81s | Pan Error: 1.09 | Face Confidence: 81%
2025-03-07 02:07:47,909 - INFO - Elapsed Time: 63.90s | Pan Error: 0.62 | Face Confidence: 80%
2025-03-07 02:07:47,994 - INFO - Elapsed Time: 63.98s | Pan Error: 0.31 | Face Confidence: 73%
2025-03-07 02:07:48,076 - INFO - Elapsed Time: 64.06s | Pan Error: 0.00 | Face Confidence: 89%
2025-03-07 02:07:48,159 - INFO - Elapsed Time: 64.15s | Pan Error: -0.62 | Face Confidence: 90%
2025-03-07 02:07:48,243 - INFO - Elapsed Time: 64.23s | Pan Error: -2.19 | Face Confidence: 94%
2025-03-07 02:07:48,331 - INFO - Elapsed Time: 64.31s | Pan Error: -4.22 | Face Confidence: 93%
2025-03-07 02:07:48,418 - INFO - Elapsed Time: 64.40s | Pan Error: -5.31 | Face Confidence: 93%
2025-03-07 02:07:48,506 - INFO - Elapsed Time: 64.49s | Pan Error: -6.25 | Face Confidence: 92%
2025-03-07 02:07:48,589 - INFO - Elapsed Time: 64.58s | Pan Error: -6.41 | Face Confidence: 89%
2025-03-07 02:07:48,691 - INFO - Elapsed Time: 64.67s | Pan Error: -6.09 | Face Confidence: 94%
2025-03-07 02:07:48,783 - INFO - Elapsed Time: 64.77s | Pan Error: -5.78 | Face Confidence: 93%
2025-03-07 02:07:48,866 - INFO - Elapsed Time: 64.85s | Pan Error: -5.31 | Face Confidence: 92%
2025-03-07 02:07:48,952 - INFO - Elapsed Time: 64.94s | Pan Error: -3.28 | Face Confidence: 93%
2025-03-07 02:07:49,037 - INFO - Elapsed Time: 65.02s | Pan Error: -0.16 | Face Confidence: 95%
2025-03-07 02:07:49,122 - INFO - Elapsed Time: 65.11s | Pan Error: 2.81 | Face Confidence: 92%
2025-03-07 02:07:49,211 - INFO - Elapsed Time: 65.20s | Pan Error: 4.84 | Face Confidence: 93%
2025-03-07 02:07:49,299 - INFO - Elapsed Time: 65.28s | Pan Error: 5.47 | Face Confidence: 93%
2025-03-07 02:07:49,386 - INFO - Elapsed Time: 65.37s | Pan Error: 5.62 | Face Confidence: 94%
2025-03-07 02:07:49,473 - INFO - Elapsed Time: 65.46s | Pan Error: 5.62 | Face Confidence: 94%
2025-03-07 02:07:49,478 - INFO - Stream stats - Frame: 1800, Size: 159851 bytes, Clients: 1
2025-03-07 02:07:49,556 - INFO - Elapsed Time: 65.55s | Pan Error: 1.56 | Face Confidence: 95%
2025-03-07 02:07:49,641 - INFO - Elapsed Time: 65.63s | Pan Error: -1.41 | Face Confidence: 95%
2025-03-07 02:07:49,724 - INFO - Elapsed Time: 65.71s | Pan Error: -2.50 | Face Confidence: 94%
2025-03-07 02:07:49,808 - INFO - Elapsed Time: 65.80s | Pan Error: -3.44 | Face Confidence: 93%
2025-03-07 02:07:49,891 - INFO - Elapsed Time: 65.88s | Pan Error: -3.59 | Face Confidence: 93%
2025-03-07 02:07:49,976 - INFO - Elapsed Time: 65.96s | Pan Error: -3.44 | Face Confidence: 94%
2025-03-07 02:07:50,063 - INFO - Elapsed Time: 66.05s | Pan Error: -3.12 | Face Confidence: 93%
2025-03-07 02:07:50,153 - INFO - Elapsed Time: 66.14s | Pan Error: -2.97 | Face Confidence: 93%
2025-03-07 02:07:50,238 - INFO - Elapsed Time: 66.23s | Pan Error: -2.81 | Face Confidence: 93%
2025-03-07 02:07:50,321 - INFO - Elapsed Time: 66.31s | Pan Error: -1.72 | Face Confidence: 94%
2025-03-07 02:07:50,408 - INFO - Elapsed Time: 66.39s | Pan Error: -0.62 | Face Confidence: 93%
2025-03-07 02:07:50,494 - INFO - Elapsed Time: 66.48s | Pan Error: 1.56 | Face Confidence: 93%
2025-03-07 02:07:50,580 - INFO - Elapsed Time: 66.57s | Pan Error: 2.03 | Face Confidence: 93%
2025-03-07 02:07:50,664 - INFO - Elapsed Time: 66.65s | Pan Error: 2.50 | Face Confidence: 94%
2025-03-07 02:07:50,750 - INFO - Elapsed Time: 66.74s | Pan Error: 3.28 | Face Confidence: 93%
2025-03-07 02:07:50,838 - INFO - Elapsed Time: 66.82s | Pan Error: 3.59 | Face Confidence: 94%
2025-03-07 02:07:50,924 - INFO - Elapsed Time: 66.91s | Pan Error: 4.06 | Face Confidence: 94%
2025-03-07 02:07:51,009 - INFO - Elapsed Time: 67.00s | Pan Error: 3.12 | Face Confidence: 93%
2025-03-07 02:07:51,095 - INFO - Elapsed Time: 67.08s | Pan Error: 0.47 | Face Confidence: 94%
2025-03-07 02:07:51,183 - INFO - Elapsed Time: 67.17s | Pan Error: -0.62 | Face Confidence: 94%
2025-03-07 02:07:51,270 - INFO - Elapsed Time: 67.26s | Pan Error: -1.41 | Face Confidence: 94%
2025-03-07 02:07:51,355 - INFO - Elapsed Time: 67.34s | Pan Error: -1.41 | Face Confidence: 94%
2025-03-07 02:07:51,439 - INFO - Elapsed Time: 67.43s | Pan Error: -1.09 | Face Confidence: 94%
2025-03-07 02:07:51,524 - INFO - Elapsed Time: 67.51s | Pan Error: -1.09 | Face Confidence: 94%
2025-03-07 02:07:51,607 - INFO - Elapsed Time: 67.60s | Pan Error: -1.41 | Face Confidence: 95%
2025-03-07 02:07:51,692 - INFO - Elapsed Time: 67.68s | Pan Error: -2.19 | Face Confidence: 96%
2025-03-07 02:07:51,775 - INFO - Elapsed Time: 67.76s | Pan Error: -2.34 | Face Confidence: 96%
2025-03-07 02:07:51,862 - INFO - Elapsed Time: 67.85s | Pan Error: -1.41 | Face Confidence: 90%
2025-03-07 02:07:51,947 - INFO - Elapsed Time: 67.93s | Pan Error: -1.56 | Face Confidence: 93%
2025-03-07 02:07:52,034 - INFO - Elapsed Time: 68.02s | Pan Error: -2.19 | Face Confidence: 94%
2025-03-07 02:07:52,120 - INFO - Elapsed Time: 68.11s | Pan Error: -3.59 | Face Confidence: 89%
2025-03-07 02:07:52,205 - INFO - Elapsed Time: 68.19s | Pan Error: -4.69 | Face Confidence: 56%
2025-03-07 02:07:54,329 - INFO - Elapsed Time: 70.32s | Pan Error: -4.38 | Face Confidence: 57%
2025-03-07 02:07:54,424 - INFO - Elapsed Time: 70.40s | Pan Error: -3.91 | Face Confidence: 60%
2025-03-07 02:07:54,512 - INFO - Elapsed Time: 70.50s | Pan Error: -2.03 | Face Confidence: 54%
2025-03-07 02:07:54,681 - INFO - Elapsed Time: 70.67s | Pan Error: -1.41 | Face Confidence: 63%
2025-03-07 02:07:54,765 - INFO - Elapsed Time: 70.75s | Pan Error: 1.09 | Face Confidence: 74%
2025-03-07 02:07:54,849 - INFO - Elapsed Time: 70.84s | Pan Error: 3.91 | Face Confidence: 85%
2025-03-07 02:07:54,936 - INFO - Elapsed Time: 70.92s | Pan Error: 6.88 | Face Confidence: 89%
2025-03-07 02:07:55,021 - INFO - Elapsed Time: 71.01s | Pan Error: 6.88 | Face Confidence: 90%
2025-03-07 02:07:55,111 - INFO - Elapsed Time: 71.10s | Pan Error: 5.47 | Face Confidence: 88%
2025-03-07 02:07:55,194 - INFO - Elapsed Time: 71.18s | Pan Error: 4.38 | Face Confidence: 83%
2025-03-07 02:07:55,281 - INFO - Elapsed Time: 71.27s | Pan Error: 1.72 | Face Confidence: 80%
2025-03-07 02:07:55,371 - INFO - Elapsed Time: 71.35s | Pan Error: 0.31 | Face Confidence: 79%
2025-03-07 02:07:55,453 - INFO - Elapsed Time: 71.44s | Pan Error: -0.78 | Face Confidence: 85%
2025-03-07 02:07:55,542 - INFO - Elapsed Time: 71.53s | Pan Error: -0.94 | Face Confidence: 86%
2025-03-07 02:07:55,631 - INFO - Elapsed Time: 71.62s | Pan Error: -0.16 | Face Confidence: 84%
2025-03-07 02:07:55,718 - INFO - Elapsed Time: 71.70s | Pan Error: -0.16 | Face Confidence: 83%
2025-03-07 02:07:55,806 - INFO - Elapsed Time: 71.79s | Pan Error: -0.31 | Face Confidence: 84%
2025-03-07 02:07:55,890 - INFO - Elapsed Time: 71.88s | Pan Error: -0.31 | Face Confidence: 85%
2025-03-07 02:07:55,976 - INFO - Elapsed Time: 71.96s | Pan Error: 0.62 | Face Confidence: 82%
2025-03-07 02:07:56,060 - INFO - Elapsed Time: 72.05s | Pan Error: -0.16 | Face Confidence: 85%
2025-03-07 02:07:56,151 - INFO - Elapsed Time: 72.14s | Pan Error: 0.00 | Face Confidence: 86%
2025-03-07 02:07:56,238 - INFO - Elapsed Time: 72.22s | Pan Error: -0.16 | Face Confidence: 87%
2025-03-07 02:07:56,322 - INFO - Elapsed Time: 72.31s | Pan Error: -0.31 | Face Confidence: 87%
2025-03-07 02:07:56,409 - INFO - Elapsed Time: 72.39s | Pan Error: 0.00 | Face Confidence: 86%
2025-03-07 02:07:56,493 - INFO - Elapsed Time: 72.48s | Pan Error: -0.47 | Face Confidence: 87%
2025-03-07 02:07:56,579 - INFO - Elapsed Time: 72.56s | Pan Error: -0.47 | Face Confidence: 86%
2025-03-07 02:07:56,669 - INFO - Elapsed Time: 72.65s | Pan Error: -0.62 | Face Confidence: 84%
2025-03-07 02:07:56,756 - INFO - Elapsed Time: 72.74s | Pan Error: -0.62 | Face Confidence: 84%
2025-03-07 02:07:56,846 - INFO - Elapsed Time: 72.83s | Pan Error: -0.62 | Face Confidence: 84%
2025-03-07 02:07:56,934 - INFO - Elapsed Time: 72.92s | Pan Error: -0.62 | Face Confidence: 85%
2025-03-07 02:07:57,020 - INFO - Elapsed Time: 73.01s | Pan Error: -0.78 | Face Confidence: 87%
2025-03-07 02:07:57,106 - INFO - Elapsed Time: 73.09s | Pan Error: -0.78 | Face Confidence: 88%
2025-03-07 02:07:57,196 - INFO - Elapsed Time: 73.18s | Pan Error: -0.78 | Face Confidence: 87%
2025-03-07 02:07:57,284 - INFO - Elapsed Time: 73.27s | Pan Error: -0.78 | Face Confidence: 87%
2025-03-07 02:07:57,370 - INFO - Elapsed Time: 73.36s | Pan Error: -0.78 | Face Confidence: 87%
2025-03-07 02:07:57,460 - INFO - Elapsed Time: 73.44s | Pan Error: -0.78 | Face Confidence: 87%
2025-03-07 02:07:57,545 - INFO - Elapsed Time: 73.53s | Pan Error: -0.62 | Face Confidence: 87%
2025-03-07 02:07:57,632 - INFO - Elapsed Time: 73.62s | Pan Error: -0.47 | Face Confidence: 86%
2025-03-07 02:07:57,720 - INFO - Elapsed Time: 73.71s | Pan Error: -0.31 | Face Confidence: 86%
2025-03-07 02:07:57,807 - INFO - Elapsed Time: 73.79s | Pan Error: -0.16 | Face Confidence: 85%
2025-03-07 02:07:57,892 - INFO - Elapsed Time: 73.88s | Pan Error: 0.00 | Face Confidence: 85%
2025-03-07 02:07:57,977 - INFO - Elapsed Time: 73.96s | Pan Error: 0.00 | Face Confidence: 86%
2025-03-07 02:07:58,062 - INFO - Elapsed Time: 74.05s | Pan Error: -0.16 | Face Confidence: 85%
2025-03-07 02:07:58,146 - INFO - Elapsed Time: 74.13s | Pan Error: -0.16 | Face Confidence: 85%
2025-03-07 02:07:58,232 - INFO - Elapsed Time: 74.22s | Pan Error: -0.62 | Face Confidence: 83%
2025-03-07 02:07:58,317 - INFO - Elapsed Time: 74.30s | Pan Error: 0.31 | Face Confidence: 83%
2025-03-07 02:07:58,404 - INFO - Elapsed Time: 74.39s | Pan Error: 0.00 | Face Confidence: 82%
2025-03-07 02:07:58,488 - INFO - Elapsed Time: 74.48s | Pan Error: 0.47 | Face Confidence: 83%
2025-03-07 02:07:58,576 - INFO - Elapsed Time: 74.56s | Pan Error: 0.16 | Face Confidence: 82%
2025-03-07 02:07:58,663 - INFO - Elapsed Time: 74.65s | Pan Error: 0.31 | Face Confidence: 82%
2025-03-07 02:07:58,750 - INFO - Elapsed Time: 74.74s | Pan Error: 0.47 | Face Confidence: 82%
2025-03-07 02:07:58,850 - INFO - Elapsed Time: 74.82s | Pan Error: 0.31 | Face Confidence: 82%
2025-03-07 02:07:58,948 - INFO - Elapsed Time: 74.94s | Pan Error: -0.16 | Face Confidence: 82%
2025-03-07 02:07:59,034 - INFO - Elapsed Time: 75.02s | Pan Error: 0.16 | Face Confidence: 85%
2025-03-07 02:07:59,117 - INFO - Elapsed Time: 75.11s | Pan Error: 0.00 | Face Confidence: 87%
2025-03-07 02:07:59,203 - INFO - Elapsed Time: 75.19s | Pan Error: 0.16 | Face Confidence: 87%
2025-03-07 02:07:59,286 - INFO - Elapsed Time: 75.28s | Pan Error: -2.19 | Face Confidence: 87%
2025-03-07 02:07:59,376 - INFO - Elapsed Time: 75.36s | Pan Error: -6.25 | Face Confidence: 85%
2025-03-07 02:07:59,460 - INFO - Elapsed Time: 75.45s | Pan Error: -7.34 | Face Confidence: 88%
2025-03-07 02:07:59,538 - INFO - Stream stats - Frame: 2100, Size: 162399 bytes, Clients: 1
2025-03-07 02:07:59,548 - INFO - Elapsed Time: 75.53s | Pan Error: -7.34 | Face Confidence: 88%
2025-03-07 02:07:59,634 - INFO - Elapsed Time: 75.62s | Pan Error: -7.66 | Face Confidence: 87%
2025-03-07 02:07:59,719 - INFO - Elapsed Time: 75.71s | Pan Error: -7.34 | Face Confidence: 87%
2025-03-07 02:07:59,805 - INFO - Elapsed Time: 75.79s | Pan Error: -5.78 | Face Confidence: 91%
2025-03-07 02:07:59,892 - INFO - Elapsed Time: 75.88s | Pan Error: -1.88 | Face Confidence: 87%
2025-03-07 02:07:59,979 - INFO - Elapsed Time: 75.96s | Pan Error: 0.78 | Face Confidence: 84%
2025-03-07 02:08:00,063 - INFO - Elapsed Time: 76.05s | Pan Error: 1.41 | Face Confidence: 86%
2025-03-07 02:08:00,149 - INFO - Elapsed Time: 76.14s | Pan Error: 2.81 | Face Confidence: 84%
2025-03-07 02:08:00,235 - INFO - Elapsed Time: 76.22s | Pan Error: 2.66 | Face Confidence: 87%
2025-03-07 02:08:00,322 - INFO - Elapsed Time: 76.31s | Pan Error: 2.97 | Face Confidence: 88%
2025-03-07 02:08:00,409 - INFO - Elapsed Time: 76.39s | Pan Error: 2.50 | Face Confidence: 84%
2025-03-07 02:08:00,496 - INFO - Elapsed Time: 76.48s | Pan Error: 2.66 | Face Confidence: 86%
2025-03-07 02:08:00,583 - INFO - Elapsed Time: 76.57s | Pan Error: 1.72 | Face Confidence: 84%
2025-03-07 02:08:00,667 - INFO - Elapsed Time: 76.65s | Pan Error: 0.78 | Face Confidence: 87%
2025-03-07 02:08:00,753 - INFO - Elapsed Time: 76.74s | Pan Error: 0.00 | Face Confidence: 85%
2025-03-07 02:08:00,837 - INFO - Elapsed Time: 76.82s | Pan Error: 0.16 | Face Confidence: 86%
2025-03-07 02:08:00,922 - INFO - Elapsed Time: 76.91s | Pan Error: 0.00 | Face Confidence: 87%
2025-03-07 02:08:01,007 - INFO - Elapsed Time: 76.99s | Pan Error: 0.00 | Face Confidence: 87%
2025-03-07 02:08:01,094 - INFO - Elapsed Time: 77.08s | Pan Error: -0.16 | Face Confidence: 87%
2025-03-07 02:08:01,178 - INFO - Elapsed Time: 77.17s | Pan Error: -0.31 | Face Confidence: 87%
2025-03-07 02:08:01,264 - INFO - Elapsed Time: 77.25s | Pan Error: -0.31 | Face Confidence: 87%
2025-03-07 02:08:01,354 - INFO - Elapsed Time: 77.34s | Pan Error: -0.31 | Face Confidence: 87%
2025-03-07 02:08:01,441 - INFO - Elapsed Time: 77.43s | Pan Error: 0.00 | Face Confidence: 87%
2025-03-07 02:08:01,528 - INFO - Elapsed Time: 77.51s | Pan Error: -0.31 | Face Confidence: 85%
2025-03-07 02:08:01,615 - INFO - Elapsed Time: 77.60s | Pan Error: -0.94 | Face Confidence: 87%
2025-03-07 02:08:01,699 - INFO - Elapsed Time: 77.69s | Pan Error: -0.78 | Face Confidence: 84%
2025-03-07 02:08:01,784 - INFO - Elapsed Time: 77.77s | Pan Error: -1.25 | Face Confidence: 85%
2025-03-07 02:08:01,871 - INFO - Elapsed Time: 77.86s | Pan Error: -1.72 | Face Confidence: 84%
2025-03-07 02:08:01,956 - INFO - Elapsed Time: 77.94s | Pan Error: -2.03 | Face Confidence: 85%
2025-03-07 02:08:02,042 - INFO - Elapsed Time: 78.03s | Pan Error: -1.88 | Face Confidence: 85%
2025-03-07 02:08:02,130 - INFO - Elapsed Time: 78.12s | Pan Error: -2.03 | Face Confidence: 84%
2025-03-07 02:08:02,215 - INFO - Elapsed Time: 78.20s | Pan Error: -1.72 | Face Confidence: 82%
2025-03-07 02:08:02,304 - INFO - Elapsed Time: 78.29s | Pan Error: -2.03 | Face Confidence: 82%
2025-03-07 02:08:02,388 - INFO - Elapsed Time: 78.37s | Pan Error: -2.03 | Face Confidence: 84%
2025-03-07 02:08:02,473 - INFO - Elapsed Time: 78.46s | Pan Error: -2.03 | Face Confidence: 82%
2025-03-07 02:08:02,558 - INFO - Elapsed Time: 78.55s | Pan Error: -2.34 | Face Confidence: 83%
2025-03-07 02:08:02,643 - INFO - Elapsed Time: 78.63s | Pan Error: -2.34 | Face Confidence: 87%
2025-03-07 02:08:02,729 - INFO - Elapsed Time: 78.71s | Pan Error: -2.34 | Face Confidence: 83%
2025-03-07 02:08:02,815 - INFO - Elapsed Time: 78.80s | Pan Error: -2.50 | Face Confidence: 84%
2025-03-07 02:08:02,902 - INFO - Elapsed Time: 78.89s | Pan Error: -6.25 | Face Confidence: 87%
2025-03-07 02:08:02,986 - INFO - Elapsed Time: 78.97s | Pan Error: -7.19 | Face Confidence: 83%
2025-03-07 02:08:03,072 - INFO - Elapsed Time: 79.06s | Pan Error: -11.09 | Face Confidence: 81%
2025-03-07 02:08:03,156 - INFO - Elapsed Time: 79.14s | Pan Error: -11.09 | Face Confidence: 84%
2025-03-07 02:08:03,242 - INFO - Elapsed Time: 79.23s | Pan Error: -6.25 | Face Confidence: 84%
2025-03-07 02:08:03,329 - INFO - Elapsed Time: 79.31s | Pan Error: -3.59 | Face Confidence: 88%
2025-03-07 02:08:03,413 - INFO - Elapsed Time: 79.40s | Pan Error: 0.31 | Face Confidence: 80%
2025-03-07 02:08:03,498 - INFO - Elapsed Time: 79.48s | Pan Error: 4.06 | Face Confidence: 82%
2025-03-07 02:08:03,582 - INFO - Elapsed Time: 79.57s | Pan Error: 5.78 | Face Confidence: 83%
2025-03-07 02:08:03,669 - INFO - Elapsed Time: 79.66s | Pan Error: 2.81 | Face Confidence: 78%
2025-03-07 02:08:03,754 - INFO - Elapsed Time: 79.74s | Pan Error: 3.59 | Face Confidence: 77%
2025-03-07 02:08:03,842 - INFO - Elapsed Time: 79.83s | Pan Error: 2.34 | Face Confidence: 81%
2025-03-07 02:08:03,939 - INFO - Elapsed Time: 79.92s | Pan Error: -0.78 | Face Confidence: 88%
2025-03-07 02:08:04,041 - INFO - Elapsed Time: 80.03s | Pan Error: -7.19 | Face Confidence: 72%
2025-03-07 02:08:04,128 - INFO - Elapsed Time: 80.11s | Pan Error: -8.75 | Face Confidence: 75%
2025-03-07 02:08:04,213 - INFO - Elapsed Time: 80.20s | Pan Error: -11.09 | Face Confidence: 64%
2025-03-07 02:08:04,879 - INFO - Elapsed Time: 80.86s | Pan Error: -7.97 | Face Confidence: 54%
2025-03-07 02:08:05,852 - INFO - Elapsed Time: 81.84s | Pan Error: 7.19 | Face Confidence: 70%
2025-03-07 02:08:05,939 - INFO - Elapsed Time: 81.92s | Pan Error: 10.47 | Face Confidence: 64%
2025-03-07 02:08:06,030 - INFO - Elapsed Time: 82.01s | Pan Error: 12.19 | Face Confidence: 77%
2025-03-07 02:08:06,119 - INFO - Elapsed Time: 82.10s | Pan Error: 14.53 | Face Confidence: 87%
2025-03-07 02:08:06,206 - INFO - Elapsed Time: 82.19s | Pan Error: 14.06 | Face Confidence: 89%
2025-03-07 02:08:06,299 - INFO - Elapsed Time: 82.28s | Pan Error: 9.22 | Face Confidence: 93%
2025-03-07 02:08:06,383 - INFO - Elapsed Time: 82.37s | Pan Error: 3.59 | Face Confidence: 87%
2025-03-07 02:08:06,467 - INFO - Elapsed Time: 82.45s | Pan Error: -1.88 | Face Confidence: 89%
2025-03-07 02:08:06,552 - INFO - Elapsed Time: 82.54s | Pan Error: -5.62 | Face Confidence: 85%
2025-03-07 02:08:06,638 - INFO - Elapsed Time: 82.62s | Pan Error: -6.72 | Face Confidence: 85%
2025-03-07 02:08:06,724 - INFO - Elapsed Time: 82.71s | Pan Error: -7.34 | Face Confidence: 87%
2025-03-07 02:08:06,809 - INFO - Elapsed Time: 82.80s | Pan Error: -6.09 | Face Confidence: 86%
2025-03-07 02:08:06,895 - INFO - Elapsed Time: 82.88s | Pan Error: -6.09 | Face Confidence: 86%
2025-03-07 02:08:06,981 - INFO - Elapsed Time: 82.97s | Pan Error: -5.31 | Face Confidence: 86%
2025-03-07 02:08:07,067 - INFO - Elapsed Time: 83.05s | Pan Error: -3.28 | Face Confidence: 86%
2025-03-07 02:08:07,151 - INFO - Elapsed Time: 83.14s | Pan Error: -0.31 | Face Confidence: 83%
2025-03-07 02:08:07,239 - INFO - Elapsed Time: 83.22s | Pan Error: 3.59 | Face Confidence: 81%
2025-03-07 02:08:07,322 - INFO - Elapsed Time: 83.31s | Pan Error: 3.59 | Face Confidence: 82%
2025-03-07 02:08:07,409 - INFO - Elapsed Time: 83.40s | Pan Error: 4.53 | Face Confidence: 87%
2025-03-07 02:08:07,493 - INFO - Elapsed Time: 83.48s | Pan Error: 4.38 | Face Confidence: 87%
2025-03-07 02:08:07,577 - INFO - Elapsed Time: 83.56s | Pan Error: 3.28 | Face Confidence: 88%
2025-03-07 02:08:07,664 - INFO - Elapsed Time: 83.65s | Pan Error: 2.03 | Face Confidence: 91%
2025-03-07 02:08:07,748 - INFO - Elapsed Time: 83.74s | Pan Error: -3.91 | Face Confidence: 81%
2025-03-07 02:08:07,832 - INFO - Elapsed Time: 83.82s | Pan Error: -6.88 | Face Confidence: 85%
2025-03-07 02:08:07,914 - INFO - Elapsed Time: 83.90s | Pan Error: -8.28 | Face Confidence: 87%
2025-03-07 02:08:08,006 - INFO - Elapsed Time: 83.99s | Pan Error: -9.38 | Face Confidence: 79%
2025-03-07 02:08:08,090 - INFO - Elapsed Time: 84.08s | Pan Error: -9.69 | Face Confidence: 84%
2025-03-07 02:08:08,176 - INFO - Elapsed Time: 84.16s | Pan Error: -9.22 | Face Confidence: 82%
2025-03-07 02:08:08,264 - INFO - Elapsed Time: 84.25s | Pan Error: -8.91 | Face Confidence: 80%
2025-03-07 02:08:08,351 - INFO - Elapsed Time: 84.34s | Pan Error: -2.50 | Face Confidence: 73%
2025-03-07 02:08:08,439 - INFO - Elapsed Time: 84.42s | Pan Error: 2.66 | Face Confidence: 78%
2025-03-07 02:08:08,526 - INFO - Elapsed Time: 84.51s | Pan Error: 5.78 | Face Confidence: 83%
2025-03-07 02:08:08,613 - INFO - Elapsed Time: 84.60s | Pan Error: 7.81 | Face Confidence: 72%
2025-03-07 02:08:08,700 - INFO - Elapsed Time: 84.69s | Pan Error: 5.78 | Face Confidence: 79%
2025-03-07 02:08:08,788 - INFO - Elapsed Time: 84.77s | Pan Error: 3.28 | Face Confidence: 81%
2025-03-07 02:08:08,875 - INFO - Elapsed Time: 84.86s | Pan Error: -2.34 | Face Confidence: 70%
2025-03-07 02:08:08,957 - INFO - Elapsed Time: 84.95s | Pan Error: -6.09 | Face Confidence: 81%
2025-03-07 02:08:09,060 - INFO - Elapsed Time: 85.03s | Pan Error: -10.31 | Face Confidence: 81%
2025-03-07 02:08:09,160 - INFO - Elapsed Time: 85.15s | Pan Error: -14.84 | Face Confidence: 84%
2025-03-07 02:08:09,251 - INFO - Elapsed Time: 85.24s | Pan Error: -19.84 | Face Confidence: 85%
2025-03-07 02:08:09,337 - INFO - Elapsed Time: 85.32s | Pan Error: -19.38 | Face Confidence: 81%
2025-03-07 02:08:09,424 - INFO - Elapsed Time: 85.41s | Pan Error: -16.25 | Face Confidence: 81%
2025-03-07 02:08:09,509 - INFO - Elapsed Time: 85.50s | Pan Error: -14.37 | Face Confidence: 70%
2025-03-07 02:08:09,594 - INFO - Elapsed Time: 85.58s | Pan Error: -7.66 | Face Confidence: 80%
2025-03-07 02:08:09,624 - INFO - Stream stats - Frame: 2400, Size: 155787 bytes, Clients: 1
2025-03-07 02:08:09,680 - INFO - Elapsed Time: 85.67s | Pan Error: -2.50 | Face Confidence: 77%
2025-03-07 02:08:09,767 - INFO - Elapsed Time: 85.75s | Pan Error: 3.44 | Face Confidence: 83%
2025-03-07 02:08:09,850 - INFO - Elapsed Time: 85.84s | Pan Error: 6.25 | Face Confidence: 85%
2025-03-07 02:08:09,939 - INFO - Elapsed Time: 85.92s | Pan Error: 8.91 | Face Confidence: 83%
2025-03-07 02:08:10,023 - INFO - Elapsed Time: 86.01s | Pan Error: 5.78 | Face Confidence: 82%
2025-03-07 02:08:10,109 - INFO - Elapsed Time: 86.10s | Pan Error: 4.69 | Face Confidence: 88%
2025-03-07 02:08:10,194 - INFO - Elapsed Time: 86.18s | Pan Error: -2.97 | Face Confidence: 85%
2025-03-07 02:08:10,277 - INFO - Elapsed Time: 86.27s | Pan Error: -6.88 | Face Confidence: 87%
2025-03-07 02:08:10,366 - INFO - Elapsed Time: 86.35s | Pan Error: -10.00 | Face Confidence: 80%
2025-03-07 02:08:10,453 - INFO - Elapsed Time: 86.44s | Pan Error: -10.62 | Face Confidence: 81%
2025-03-07 02:08:10,542 - INFO - Elapsed Time: 86.53s | Pan Error: -11.41 | Face Confidence: 73%
2025-03-07 02:08:10,626 - INFO - Elapsed Time: 86.61s | Pan Error: -6.88 | Face Confidence: 84%
2025-03-07 02:08:10,708 - INFO - Elapsed Time: 86.70s | Pan Error: -1.88 | Face Confidence: 76%
2025-03-07 02:08:10,797 - INFO - Elapsed Time: 86.78s | Pan Error: 0.31 | Face Confidence: 81%
2025-03-07 02:08:10,887 - INFO - Elapsed Time: 86.87s | Pan Error: 3.44 | Face Confidence: 78%
2025-03-07 02:08:10,976 - INFO - Elapsed Time: 86.96s | Pan Error: 3.59 | Face Confidence: 83%
2025-03-07 02:08:11,060 - INFO - Elapsed Time: 87.05s | Pan Error: 3.28 | Face Confidence: 87%
2025-03-07 02:08:11,143 - INFO - Elapsed Time: 87.13s | Pan Error: 2.19 | Face Confidence: 82%
2025-03-07 02:08:11,229 - INFO - Elapsed Time: 87.22s | Pan Error: 1.72 | Face Confidence: 83%
2025-03-07 02:08:11,316 - INFO - Elapsed Time: 87.30s | Pan Error: 0.31 | Face Confidence: 85%
2025-03-07 02:08:11,402 - INFO - Elapsed Time: 87.39s | Pan Error: -3.75 | Face Confidence: 92%
2025-03-07 02:08:11,487 - INFO - Elapsed Time: 87.47s | Pan Error: -6.41 | Face Confidence: 91%
2025-03-07 02:08:11,576 - INFO - Elapsed Time: 87.56s | Pan Error: -6.72 | Face Confidence: 90%
2025-03-07 02:08:11,663 - INFO - Elapsed Time: 87.65s | Pan Error: -7.81 | Face Confidence: 88%
2025-03-07 02:08:11,745 - INFO - Elapsed Time: 87.73s | Pan Error: -10.16 | Face Confidence: 89%
2025-03-07 02:08:11,834 - INFO - Elapsed Time: 87.82s | Pan Error: -11.09 | Face Confidence: 89%
2025-03-07 02:08:11,918 - INFO - Elapsed Time: 87.91s | Pan Error: -11.41 | Face Confidence: 89%
2025-03-07 02:08:12,003 - INFO - Elapsed Time: 87.99s | Pan Error: -1.88 | Face Confidence: 83%
2025-03-07 02:08:12,086 - INFO - Elapsed Time: 88.07s | Pan Error: 0.62 | Face Confidence: 83%
2025-03-07 02:08:12,173 - INFO - Elapsed Time: 88.16s | Pan Error: 4.53 | Face Confidence: 88%
2025-03-07 02:08:12,260 - INFO - Elapsed Time: 88.25s | Pan Error: 6.25 | Face Confidence: 86%
2025-03-07 02:08:12,347 - INFO - Elapsed Time: 88.33s | Pan Error: 5.78 | Face Confidence: 92%
2025-03-07 02:08:12,435 - INFO - Elapsed Time: 88.42s | Pan Error: 6.56 | Face Confidence: 95%
2025-03-07 02:08:12,525 - INFO - Elapsed Time: 88.51s | Pan Error: 9.38 | Face Confidence: 94%
2025-03-07 02:08:12,617 - INFO - Elapsed Time: 88.60s | Pan Error: 12.03 | Face Confidence: 89%
2025-03-07 02:08:12,702 - INFO - Elapsed Time: 88.69s | Pan Error: 8.59 | Face Confidence: 92%
2025-03-07 02:08:12,792 - INFO - Elapsed Time: 88.77s | Pan Error: 1.72 | Face Confidence: 90%
2025-03-07 02:08:12,878 - INFO - Elapsed Time: 88.86s | Pan Error: -7.66 | Face Confidence: 90%
2025-03-07 02:08:12,965 - INFO - Elapsed Time: 88.95s | Pan Error: -13.28 | Face Confidence: 90%
2025-03-07 02:08:13,053 - INFO - Elapsed Time: 89.04s | Pan Error: -16.41 | Face Confidence: 94%
2025-03-07 02:08:13,139 - INFO - Elapsed Time: 89.12s | Pan Error: -17.81 | Face Confidence: 93%
2025-03-07 02:08:13,225 - INFO - Elapsed Time: 89.21s | Pan Error: -13.44 | Face Confidence: 89%
2025-03-07 02:08:13,311 - INFO - Elapsed Time: 89.30s | Pan Error: -10.78 | Face Confidence: 80%
2025-03-07 02:08:13,398 - INFO - Elapsed Time: 89.38s | Pan Error: -3.44 | Face Confidence: 89%
2025-03-07 02:08:13,482 - INFO - Elapsed Time: 89.47s | Pan Error: -0.47 | Face Confidence: 89%
2025-03-07 02:08:13,570 - INFO - Elapsed Time: 89.55s | Pan Error: 2.34 | Face Confidence: 91%
2025-03-07 02:08:13,656 - INFO - Elapsed Time: 89.64s | Pan Error: 2.34 | Face Confidence: 89%
2025-03-07 02:08:13,743 - INFO - Elapsed Time: 89.73s | Pan Error: 1.56 | Face Confidence: 88%
2025-03-07 02:08:13,832 - INFO - Elapsed Time: 89.82s | Pan Error: 0.94 | Face Confidence: 84%
2025-03-07 02:08:13,920 - INFO - Elapsed Time: 89.90s | Pan Error: 1.41 | Face Confidence: 85%
2025-03-07 02:08:14,008 - INFO - Elapsed Time: 90.00s | Pan Error: 9.22 | Face Confidence: 92%
2025-03-07 02:08:14,099 - INFO - Elapsed Time: 90.08s | Pan Error: 12.03 | Face Confidence: 87%
2025-03-07 02:08:14,208 - INFO - Elapsed Time: 90.18s | Pan Error: 12.34 | Face Confidence: 91%
2025-03-07 02:08:14,300 - INFO - Elapsed Time: 90.29s | Pan Error: 15.00 | Face Confidence: 92%
2025-03-07 02:08:14,386 - INFO - Elapsed Time: 90.37s | Pan Error: 12.34 | Face Confidence: 92%
2025-03-07 02:08:14,472 - INFO - Elapsed Time: 90.46s | Pan Error: 7.03 | Face Confidence: 93%
2025-03-07 02:08:14,557 - INFO - Elapsed Time: 90.54s | Pan Error: -0.94 | Face Confidence: 90%
2025-03-07 02:08:14,641 - INFO - Elapsed Time: 90.63s | Pan Error: -6.25 | Face Confidence: 94%
2025-03-07 02:08:14,727 - INFO - Elapsed Time: 90.71s | Pan Error: -11.72 | Face Confidence: 89%
2025-03-07 02:08:14,811 - INFO - Elapsed Time: 90.80s | Pan Error: -12.50 | Face Confidence: 85%
2025-03-07 02:08:14,898 - INFO - Elapsed Time: 90.88s | Pan Error: -11.56 | Face Confidence: 82%
2025-03-07 02:08:14,983 - INFO - Elapsed Time: 90.97s | Pan Error: -9.53 | Face Confidence: 85%
2025-03-07 02:08:15,072 - INFO - Elapsed Time: 91.06s | Pan Error: -2.50 | Face Confidence: 86%
2025-03-07 02:08:15,157 - INFO - Elapsed Time: 91.14s | Pan Error: -0.16 | Face Confidence: 85%
2025-03-07 02:08:15,241 - INFO - Elapsed Time: 91.23s | Pan Error: 4.38 | Face Confidence: 88%
2025-03-07 02:08:15,329 - INFO - Elapsed Time: 91.31s | Pan Error: 5.16 | Face Confidence: 89%
2025-03-07 02:08:15,413 - INFO - Elapsed Time: 91.40s | Pan Error: 4.84 | Face Confidence: 88%
2025-03-07 02:08:15,499 - INFO - Elapsed Time: 91.48s | Pan Error: 4.84 | Face Confidence: 87%
2025-03-07 02:08:15,583 - INFO - Elapsed Time: 91.57s | Pan Error: 5.00 | Face Confidence: 87%
2025-03-07 02:08:15,681 - INFO - Elapsed Time: 91.66s | Pan Error: 3.59 | Face Confidence: 91%
2025-03-07 02:08:15,766 - INFO - Elapsed Time: 91.75s | Pan Error: 7.97 | Face Confidence: 85%
2025-03-07 02:08:15,850 - INFO - Elapsed Time: 91.84s | Pan Error: 8.75 | Face Confidence: 93%
2025-03-07 02:08:15,945 - INFO - Elapsed Time: 91.93s | Pan Error: 11.88 | Face Confidence: 88%
2025-03-07 02:08:16,032 - INFO - Elapsed Time: 92.02s | Pan Error: 11.88 | Face Confidence: 86%
2025-03-07 02:08:16,114 - INFO - Elapsed Time: 92.10s | Pan Error: 12.03 | Face Confidence: 82%
2025-03-07 02:08:16,203 - INFO - Elapsed Time: 92.19s | Pan Error: 9.69 | Face Confidence: 81%
2025-03-07 02:08:16,286 - INFO - Elapsed Time: 92.27s | Pan Error: 7.03 | Face Confidence: 85%
2025-03-07 02:08:16,371 - INFO - Elapsed Time: 92.36s | Pan Error: 4.22 | Face Confidence: 86%
2025-03-07 02:08:16,456 - INFO - Elapsed Time: 92.44s | Pan Error: 2.81 | Face Confidence: 78%
2025-03-07 02:08:16,539 - INFO - Elapsed Time: 92.53s | Pan Error: 1.88 | Face Confidence: 73%
2025-03-07 02:08:16,623 - INFO - Elapsed Time: 92.61s | Pan Error: 3.75 | Face Confidence: 76%
2025-03-07 02:08:16,706 - INFO - Elapsed Time: 92.69s | Pan Error: 6.25 | Face Confidence: 76%
2025-03-07 02:08:16,789 - INFO - Elapsed Time: 92.78s | Pan Error: 7.66 | Face Confidence: 71%
2025-03-07 02:08:16,873 - INFO - Elapsed Time: 92.86s | Pan Error: 11.09 | Face Confidence: 65%
2025-03-07 02:08:16,956 - INFO - Elapsed Time: 92.94s | Pan Error: 9.06 | Face Confidence: 78%
2025-03-07 02:08:17,042 - INFO - Elapsed Time: 93.03s | Pan Error: 4.38 | Face Confidence: 80%
2025-03-07 02:08:17,126 - INFO - Elapsed Time: 93.11s | Pan Error: 0.62 | Face Confidence: 76%
2025-03-07 02:08:17,215 - INFO - Elapsed Time: 93.20s | Pan Error: -2.97 | Face Confidence: 65%
2025-03-07 02:08:17,301 - INFO - Elapsed Time: 93.29s | Pan Error: 38.12 | Face Confidence: 76%
2025-03-07 02:08:17,386 - INFO - Elapsed Time: 93.37s | Pan Error: -5.00 | Face Confidence: 66%
2025-03-07 02:08:17,470 - INFO - Elapsed Time: 93.46s | Pan Error: 42.66 | Face Confidence: 60%
2025-03-07 02:08:17,555 - INFO - Elapsed Time: 93.54s | Pan Error: -17.50 | Face Confidence: 74%
2025-03-07 02:08:17,640 - INFO - Elapsed Time: 93.63s | Pan Error: 26.56 | Face Confidence: 80%
2025-03-07 02:08:17,723 - INFO - Elapsed Time: 93.71s | Pan Error: -35.62 | Face Confidence: 76%
2025-03-07 02:08:17,809 - INFO - Elapsed Time: 93.79s | Pan Error: -40.31 | Face Confidence: 72%
2025-03-07 02:08:17,893 - INFO - Elapsed Time: 93.88s | Pan Error: -41.25 | Face Confidence: 76%
2025-03-07 02:08:17,979 - INFO - Elapsed Time: 93.97s | Pan Error: 33.12 | Face Confidence: 82%
2025-03-07 02:08:18,065 - INFO - Elapsed Time: 94.05s | Pan Error: 46.72 | Face Confidence: 51%
2025-03-07 02:08:18,154 - INFO - Elapsed Time: 94.14s | Pan Error: 52.81 | Face Confidence: 76%
2025-03-07 02:08:18,398 - INFO - Elapsed Time: 94.38s | Pan Error: -48.59 | Face Confidence: 78%
2025-03-07 02:08:18,482 - INFO - Elapsed Time: 94.47s | Pan Error: -54.53 | Face Confidence: 77%
2025-03-07 02:08:18,568 - INFO - Elapsed Time: 94.55s | Pan Error: -53.12 | Face Confidence: 67%
2025-03-07 02:08:18,659 - INFO - Elapsed Time: 94.65s | Pan Error: -38.44 | Face Confidence: 53%
2025-03-07 02:08:18,741 - INFO - Elapsed Time: 94.73s | Pan Error: 47.81 | Face Confidence: 50%
2025-03-07 02:08:18,825 - INFO - Elapsed Time: 94.81s | Pan Error: -3.44 | Face Confidence: 50%
2025-03-07 02:08:18,911 - INFO - Elapsed Time: 94.90s | Pan Error: 7.19 | Face Confidence: 77%
2025-03-07 02:08:18,998 - INFO - Elapsed Time: 94.98s | Pan Error: -0.78 | Face Confidence: 78%
2025-03-07 02:08:19,084 - INFO - Elapsed Time: 95.07s | Pan Error: -4.84 | Face Confidence: 76%
2025-03-07 02:08:19,168 - INFO - Elapsed Time: 95.16s | Pan Error: -6.41 | Face Confidence: 77%
2025-03-07 02:08:19,265 - INFO - Elapsed Time: 95.24s | Pan Error: -9.53 | Face Confidence: 67%
2025-03-07 02:08:19,368 - INFO - Elapsed Time: 95.35s | Pan Error: 65.78 | Face Confidence: 69%
2025-03-07 02:08:19,456 - INFO - Elapsed Time: 95.44s | Pan Error: -12.19 | Face Confidence: 80%
2025-03-07 02:08:19,623 - INFO - Elapsed Time: 95.61s | Pan Error: -29.38 | Face Confidence: 89%
2025-03-07 02:08:19,688 - INFO - Stream stats - Frame: 2700, Size: 177034 bytes, Clients: 1
2025-03-07 02:08:19,706 - INFO - Elapsed Time: 95.70s | Pan Error: -33.12 | Face Confidence: 90%
2025-03-07 02:08:19,795 - INFO - Elapsed Time: 95.78s | Pan Error: -35.31 | Face Confidence: 89%
2025-03-07 02:08:19,878 - INFO - Elapsed Time: 95.87s | Pan Error: -32.03 | Face Confidence: 79%
2025-03-07 02:08:19,968 - INFO - Elapsed Time: 95.95s | Pan Error: -21.41 | Face Confidence: 74%
2025-03-07 02:08:20,056 - INFO - Elapsed Time: 96.04s | Pan Error: -12.50 | Face Confidence: 80%
2025-03-07 02:08:20,145 - INFO - Elapsed Time: 96.13s | Pan Error: 2.66 | Face Confidence: 76%
2025-03-07 02:08:20,237 - INFO - Elapsed Time: 96.22s | Pan Error: 13.28 | Face Confidence: 86%
2025-03-07 02:08:20,326 - INFO - Elapsed Time: 96.31s | Pan Error: 17.97 | Face Confidence: 87%
2025-03-07 02:08:20,414 - INFO - Elapsed Time: 96.40s | Pan Error: 19.22 | Face Confidence: 88%
2025-03-07 02:08:20,503 - INFO - Elapsed Time: 96.49s | Pan Error: 14.53 | Face Confidence: 78%
2025-03-07 02:08:20,589 - INFO - Elapsed Time: 96.58s | Pan Error: 12.19 | Face Confidence: 84%
2025-03-07 02:08:20,672 - INFO - Elapsed Time: 96.66s | Pan Error: 2.19 | Face Confidence: 84%
2025-03-07 02:08:20,757 - INFO - Elapsed Time: 96.74s | Pan Error: -0.94 | Face Confidence: 85%
2025-03-07 02:08:20,840 - INFO - Elapsed Time: 96.83s | Pan Error: -7.50 | Face Confidence: 91%
2025-03-07 02:08:20,924 - INFO - Elapsed Time: 96.91s | Pan Error: -10.31 | Face Confidence: 88%
2025-03-07 02:08:21,009 - INFO - Elapsed Time: 97.00s | Pan Error: -10.31 | Face Confidence: 83%
2025-03-07 02:08:21,094 - INFO - Elapsed Time: 97.08s | Pan Error: -10.78 | Face Confidence: 86%
2025-03-07 02:08:21,179 - INFO - Elapsed Time: 97.16s | Pan Error: -7.19 | Face Confidence: 85%
2025-03-07 02:08:21,264 - INFO - Elapsed Time: 97.25s | Pan Error: -0.62 | Face Confidence: 91%
2025-03-07 02:08:21,349 - INFO - Elapsed Time: 97.34s | Pan Error: -0.47 | Face Confidence: 90%
2025-03-07 02:08:21,435 - INFO - Elapsed Time: 97.42s | Pan Error: 0.62 | Face Confidence: 85%
2025-03-07 02:08:21,518 - INFO - Elapsed Time: 97.51s | Pan Error: 0.62 | Face Confidence: 82%
2025-03-07 02:08:21,603 - INFO - Elapsed Time: 97.59s | Pan Error: 3.28 | Face Confidence: 88%
2025-03-07 02:08:21,691 - INFO - Elapsed Time: 97.68s | Pan Error: 2.03 | Face Confidence: 87%
2025-03-07 02:08:21,779 - INFO - Elapsed Time: 97.76s | Pan Error: 2.03 | Face Confidence: 87%
2025-03-07 02:08:21,864 - INFO - Elapsed Time: 97.85s | Pan Error: 2.34 | Face Confidence: 91%
2025-03-07 02:08:21,952 - INFO - Elapsed Time: 97.94s | Pan Error: 2.66 | Face Confidence: 87%
2025-03-07 02:08:22,040 - INFO - Elapsed Time: 98.02s | Pan Error: 0.47 | Face Confidence: 81%
2025-03-07 02:08:22,129 - INFO - Elapsed Time: 98.11s | Pan Error: -0.47 | Face Confidence: 88%
2025-03-07 02:08:22,218 - INFO - Elapsed Time: 98.20s | Pan Error: -0.31 | Face Confidence: 86%
2025-03-07 02:08:22,303 - INFO - Elapsed Time: 98.29s | Pan Error: 2.19 | Face Confidence: 80%
2025-03-07 02:08:22,392 - INFO - Elapsed Time: 98.38s | Pan Error: 3.12 | Face Confidence: 81%
2025-03-07 02:08:22,480 - INFO - Elapsed Time: 98.46s | Pan Error: 0.62 | Face Confidence: 68%
2025-03-07 02:08:22,565 - INFO - Elapsed Time: 98.55s | Pan Error: -2.34 | Face Confidence: 74%
2025-03-07 02:08:22,652 - INFO - Elapsed Time: 98.64s | Pan Error: -4.84 | Face Confidence: 77%
2025-03-07 02:08:22,736 - INFO - Elapsed Time: 98.72s | Pan Error: -8.12 | Face Confidence: 62%
2025-03-07 02:08:22,823 - INFO - Elapsed Time: 98.81s | Pan Error: -11.88 | Face Confidence: 77%
2025-03-07 02:08:22,907 - INFO - Elapsed Time: 98.89s | Pan Error: -14.37 | Face Confidence: 76%
2025-03-07 02:08:22,989 - INFO - Elapsed Time: 98.98s | Pan Error: -18.59 | Face Confidence: 72%
2025-03-07 02:08:23,072 - INFO - Elapsed Time: 99.06s | Pan Error: -18.28 | Face Confidence: 84%
2025-03-07 02:08:23,155 - INFO - Elapsed Time: 99.14s | Pan Error: -15.47 | Face Confidence: 78%
2025-03-07 02:08:23,242 - INFO - Elapsed Time: 99.23s | Pan Error: -7.03 | Face Confidence: 81%
2025-03-07 02:08:23,330 - INFO - Elapsed Time: 99.31s | Pan Error: -3.12 | Face Confidence: 80%
2025-03-07 02:08:23,416 - INFO - Elapsed Time: 99.40s | Pan Error: 1.25 | Face Confidence: 69%
2025-03-07 02:08:23,501 - INFO - Elapsed Time: 99.49s | Pan Error: 2.97 | Face Confidence: 69%
2025-03-07 02:08:23,592 - INFO - Elapsed Time: 99.58s | Pan Error: 2.97 | Face Confidence: 82%
2025-03-07 02:08:23,680 - INFO - Elapsed Time: 99.67s | Pan Error: -1.56 | Face Confidence: 82%
2025-03-07 02:08:23,766 - INFO - Elapsed Time: 99.75s | Pan Error: -1.88 | Face Confidence: 86%
2025-03-07 02:08:23,851 - INFO - Elapsed Time: 99.84s | Pan Error: -4.22 | Face Confidence: 88%
2025-03-07 02:08:23,937 - INFO - Elapsed Time: 99.93s | Pan Error: -4.84 | Face Confidence: 88%
2025-03-07 02:08:24,025 - INFO - Elapsed Time: 100.01s | Pan Error: -6.88 | Face Confidence: 88%
2025-03-07 02:08:24,112 - INFO - Elapsed Time: 100.10s | Pan Error: -5.62 | Face Confidence: 83%
2025-03-07 02:08:24,202 - INFO - Elapsed Time: 100.18s | Pan Error: -5.78 | Face Confidence: 70%
2025-03-07 02:08:24,291 - INFO - Elapsed Time: 100.28s | Pan Error: -7.34 | Face Confidence: 80%
2025-03-07 02:08:24,391 - INFO - Elapsed Time: 100.36s | Pan Error: -3.59 | Face Confidence: 81%
2025-03-07 02:08:24,481 - INFO - Elapsed Time: 100.47s | Pan Error: 2.66 | Face Confidence: 60%
2025-03-07 02:08:24,566 - INFO - Elapsed Time: 100.55s | Pan Error: 3.59 | Face Confidence: 68%
2025-03-07 02:08:24,650 - INFO - Elapsed Time: 100.64s | Pan Error: 3.12 | Face Confidence: 72%
2025-03-07 02:08:24,734 - INFO - Elapsed Time: 100.72s | Pan Error: 6.72 | Face Confidence: 74%
2025-03-07 02:08:24,818 - INFO - Elapsed Time: 100.80s | Pan Error: 7.03 | Face Confidence: 76%
2025-03-07 02:08:24,903 - INFO - Elapsed Time: 100.89s | Pan Error: 6.25 | Face Confidence: 77%
2025-03-07 02:08:25,146 - INFO - Elapsed Time: 101.13s | Pan Error: -2.81 | Face Confidence: 52%
2025-03-07 02:08:26,835 - INFO - Elapsed Time: 102.82s | Pan Error: -6.25 | Face Confidence: 50%
2025-03-07 02:08:27,001 - INFO - Elapsed Time: 102.99s | Pan Error: -48.91 | Face Confidence: 79%
2025-03-07 02:08:27,084 - INFO - Elapsed Time: 103.07s | Pan Error: -48.12 | Face Confidence: 77%
2025-03-07 02:08:27,328 - INFO - Elapsed Time: 103.31s | Pan Error: 7.81 | Face Confidence: 50%
2025-03-07 02:08:27,412 - INFO - Elapsed Time: 103.40s | Pan Error: 22.03 | Face Confidence: 70%
2025-03-07 02:08:27,500 - INFO - Elapsed Time: 103.48s | Pan Error: 27.66 | Face Confidence: 74%
2025-03-07 02:08:27,585 - INFO - Elapsed Time: 103.57s | Pan Error: 31.56 | Face Confidence: 62%
2025-03-07 02:08:27,671 - INFO - Elapsed Time: 103.66s | Pan Error: 25.31 | Face Confidence: 69%
2025-03-07 02:08:27,756 - INFO - Elapsed Time: 103.74s | Pan Error: 19.22 | Face Confidence: 69%
2025-03-07 02:08:27,850 - INFO - Elapsed Time: 103.83s | Pan Error: 6.56 | Face Confidence: 74%
2025-03-07 02:08:27,935 - INFO - Elapsed Time: 103.92s | Pan Error: 0.16 | Face Confidence: 64%
2025-03-07 02:08:28,023 - INFO - Elapsed Time: 104.01s | Pan Error: -9.69 | Face Confidence: 61%
2025-03-07 02:08:28,110 - INFO - Elapsed Time: 104.09s | Pan Error: -16.88 | Face Confidence: 57%
2025-03-07 02:08:29,760 - INFO - Stream stats - Frame: 3000, Size: 166291 bytes, Clients: 1
2025-03-07 02:08:33,113 - INFO - Elapsed Time: 109.10s | Pan Error: 37.50 | Face Confidence: 60%
2025-03-07 02:08:37,530 - INFO - Client disconnected. Remaining clients: 0
2025-03-07 02:08:37,531 - INFO - Saved data at: /home/lberm/Documents/github/Senior_Desing_QKD_2024/src/Pi_Control/face_runs/run_2025-03-07_02-06-43/data_face.csv
2025-03-07 02:15:28,041 - INFO - Camera stopped
