2025-03-13 00:42:31,783 - INFO - Face tracking logging system initialized.
2025-03-13 00:42:31,833 - INFO - Initialization successful.
2025-03-13 00:42:31,834 - INFO - Camera now open.
2025-03-13 00:42:31,839 - INFO - Camera configuration has been adjusted!
2025-03-13 00:42:31,841 - INFO - Configuration successful!
2025-03-13 00:42:31,888 - INFO - Camera started
2025-03-13 00:42:31,902 - INFO - [31m[1mWARNING: This is a development server. Do not use it in a production deployment. Use a production WSGI server instead.[0m
 * Running on all addresses (0.0.0.0)
 * Running on http://127.0.0.1:5000
 * Running on http://172.20.10.4:5000
2025-03-13 00:42:31,902 - INFO - [33mPress CTRL+C to quit[0m
2025-03-13 00:42:32,099 - INFO - Stream stats - Frame: 0, Size: 191622 bytes, Clients: 0
2025-03-13 00:42:32,861 - INFO - 172.20.10.2 - - [13/Mar/2025 00:42:32] "GET / HTTP/1.1" 200 -
2025-03-13 00:42:32,911 - INFO - Client connected. Total clients: 1
2025-03-13 00:42:32,977 - INFO - 172.20.10.2 - - [13/Mar/2025 00:42:32] "GET /video_feed HTTP/1.1" 200 -
2025-03-13 00:42:42,977 - INFO - Stream stats - Frame: 300, Size: 209802 bytes, Clients: 1
2025-03-13 00:42:43,017 - INFO - Elapsed Time: 11.09s | Pan Error: -51.88 | Face Confidence: 74%
2025-03-13 00:42:43,104 - INFO - Elapsed Time: 11.18s | Pan Error: -49.53 | Face Confidence: 84%
2025-03-13 00:42:43,269 - INFO - Elapsed Time: 11.35s | Pan Error: -24.06 | Face Confidence: 55%
2025-03-13 00:42:43,359 - INFO - Elapsed Time: 11.43s | Pan Error: 7.66 | Face Confidence: 85%
2025-03-13 00:42:43,445 - INFO - Elapsed Time: 11.52s | Pan Error: 17.66 | Face Confidence: 86%
2025-03-13 00:42:43,538 - INFO - Elapsed Time: 11.61s | Pan Error: 18.75 | Face Confidence: 89%
2025-03-13 00:42:43,628 - INFO - Elapsed Time: 11.70s | Pan Error: 9.69 | Face Confidence: 85%
2025-03-13 00:42:43,714 - INFO - Elapsed Time: 11.79s | Pan Error: -5.94 | Face Confidence: 90%
2025-03-13 00:42:43,801 - INFO - Elapsed Time: 11.87s | Pan Error: -13.59 | Face Confidence: 86%
2025-03-13 00:42:43,891 - INFO - Elapsed Time: 11.96s | Pan Error: -23.59 | Face Confidence: 84%
2025-03-13 00:42:43,982 - INFO - Elapsed Time: 12.06s | Pan Error: -23.44 | Face Confidence: 89%
2025-03-13 00:42:44,076 - INFO - Elapsed Time: 12.15s | Pan Error: -21.72 | Face Confidence: 87%
2025-03-13 00:42:44,162 - INFO - Elapsed Time: 12.24s | Pan Error: -11.41 | Face Confidence: 86%
2025-03-13 00:42:44,249 - INFO - Elapsed Time: 12.32s | Pan Error: 0.78 | Face Confidence: 83%
2025-03-13 00:42:44,338 - INFO - Elapsed Time: 12.41s | Pan Error: 18.44 | Face Confidence: 86%
2025-03-13 00:42:44,434 - INFO - Elapsed Time: 12.50s | Pan Error: 30.47 | Face Confidence: 85%
2025-03-13 00:42:44,524 - INFO - Elapsed Time: 12.60s | Pan Error: 34.38 | Face Confidence: 84%
2025-03-13 00:42:44,614 - INFO - Elapsed Time: 12.69s | Pan Error: 28.59 | Face Confidence: 85%
2025-03-13 00:42:44,702 - INFO - Elapsed Time: 12.78s | Pan Error: 0.16 | Face Confidence: 62%
2025-03-13 00:42:44,792 - INFO - Elapsed Time: 12.87s | Pan Error: -27.03 | Face Confidence: 63%
2025-03-13 00:42:44,880 - INFO - Elapsed Time: 12.96s | Pan Error: -42.34 | Face Confidence: 89%
2025-03-13 00:42:44,969 - INFO - Elapsed Time: 13.04s | Pan Error: -61.25 | Face Confidence: 81%
2025-03-13 00:42:45,059 - INFO - Elapsed Time: 13.13s | Pan Error: -62.66 | Face Confidence: 88%
2025-03-13 00:42:45,148 - INFO - Elapsed Time: 13.22s | Pan Error: -57.81 | Face Confidence: 83%
2025-03-13 00:42:45,245 - INFO - Elapsed Time: 13.31s | Pan Error: -12.50 | Face Confidence: 74%
2025-03-13 00:42:45,337 - INFO - Elapsed Time: 13.41s | Pan Error: 22.34 | Face Confidence: 70%
2025-03-13 00:42:45,427 - INFO - Elapsed Time: 13.50s | Pan Error: 39.69 | Face Confidence: 90%
2025-03-13 00:42:45,515 - INFO - Elapsed Time: 13.59s | Pan Error: 48.12 | Face Confidence: 86%
2025-03-13 00:42:45,609 - INFO - Elapsed Time: 13.68s | Pan Error: 35.16 | Face Confidence: 83%
2025-03-13 00:42:45,705 - INFO - Elapsed Time: 13.77s | Pan Error: 10.31 | Face Confidence: 76%
2025-03-13 00:42:45,793 - INFO - Elapsed Time: 13.87s | Pan Error: -2.50 | Face Confidence: 70%
2025-03-13 00:42:45,883 - INFO - Elapsed Time: 13.96s | Pan Error: -16.41 | Face Confidence: 85%
2025-03-13 00:42:45,990 - INFO - Elapsed Time: 14.05s | Pan Error: -22.66 | Face Confidence: 88%
2025-03-13 00:42:46,093 - INFO - Elapsed Time: 14.17s | Pan Error: -22.66 | Face Confidence: 90%
2025-03-13 00:42:46,184 - INFO - Elapsed Time: 14.26s | Pan Error: -18.12 | Face Confidence: 89%
2025-03-13 00:42:46,276 - INFO - Elapsed Time: 14.35s | Pan Error: -8.44 | Face Confidence: 90%
2025-03-13 00:42:46,371 - INFO - Elapsed Time: 14.44s | Pan Error: 1.72 | Face Confidence: 91%
2025-03-13 00:42:46,459 - INFO - Elapsed Time: 14.53s | Pan Error: 12.19 | Face Confidence: 89%
2025-03-13 00:42:46,548 - INFO - Elapsed Time: 14.62s | Pan Error: 17.50 | Face Confidence: 94%
2025-03-13 00:42:46,633 - INFO - Elapsed Time: 14.71s | Pan Error: 18.91 | Face Confidence: 92%
2025-03-13 00:42:46,723 - INFO - Elapsed Time: 14.80s | Pan Error: 15.78 | Face Confidence: 94%
2025-03-13 00:42:46,813 - INFO - Elapsed Time: 14.88s | Pan Error: 12.19 | Face Confidence: 89%
2025-03-13 00:42:46,901 - INFO - Elapsed Time: 14.97s | Pan Error: 9.06 | Face Confidence: 85%
2025-03-13 00:42:46,993 - INFO - Elapsed Time: 15.07s | Pan Error: 11.56 | Face Confidence: 89%
2025-03-13 00:42:47,082 - INFO - Elapsed Time: 15.15s | Pan Error: 12.97 | Face Confidence: 85%
2025-03-13 00:42:47,174 - INFO - Elapsed Time: 15.25s | Pan Error: 19.38 | Face Confidence: 92%
2025-03-13 00:42:47,260 - INFO - Elapsed Time: 15.34s | Pan Error: 22.03 | Face Confidence: 90%
2025-03-13 00:42:47,348 - INFO - Elapsed Time: 15.42s | Pan Error: 21.25 | Face Confidence: 86%
2025-03-13 00:42:47,435 - INFO - Elapsed Time: 15.51s | Pan Error: 17.97 | Face Confidence: 79%
2025-03-13 00:42:47,531 - INFO - Elapsed Time: 15.60s | Pan Error: 13.12 | Face Confidence: 63%
2025-03-13 00:42:47,624 - INFO - Elapsed Time: 15.69s | Pan Error: -0.47 | Face Confidence: 66%
2025-03-13 00:42:47,710 - INFO - Elapsed Time: 15.79s | Pan Error: -0.16 | Face Confidence: 82%
2025-03-13 00:42:47,797 - INFO - Elapsed Time: 15.87s | Pan Error: -10.16 | Face Confidence: 88%
2025-03-13 00:42:47,888 - INFO - Elapsed Time: 15.96s | Pan Error: -13.28 | Face Confidence: 87%
2025-03-13 00:42:47,975 - INFO - Elapsed Time: 16.05s | Pan Error: -14.37 | Face Confidence: 87%
2025-03-13 00:42:48,067 - INFO - Elapsed Time: 16.14s | Pan Error: -18.91 | Face Confidence: 91%
2025-03-13 00:42:48,156 - INFO - Elapsed Time: 16.23s | Pan Error: -19.38 | Face Confidence: 85%
2025-03-13 00:42:48,251 - INFO - Elapsed Time: 16.32s | Pan Error: -16.09 | Face Confidence: 91%
2025-03-13 00:42:48,341 - INFO - Elapsed Time: 16.41s | Pan Error: -14.37 | Face Confidence: 92%
2025-03-13 00:42:48,429 - INFO - Elapsed Time: 16.50s | Pan Error: -16.56 | Face Confidence: 95%
2025-03-13 00:42:48,523 - INFO - Elapsed Time: 16.59s | Pan Error: -19.06 | Face Confidence: 95%
2025-03-13 00:42:48,614 - INFO - Elapsed Time: 16.69s | Pan Error: -24.06 | Face Confidence: 91%
2025-03-13 00:42:48,700 - INFO - Elapsed Time: 16.77s | Pan Error: -25.16 | Face Confidence: 90%
2025-03-13 00:42:48,788 - INFO - Elapsed Time: 16.86s | Pan Error: -24.69 | Face Confidence: 91%
2025-03-13 00:42:48,876 - INFO - Elapsed Time: 16.95s | Pan Error: -17.66 | Face Confidence: 91%
2025-03-13 00:42:48,960 - INFO - Elapsed Time: 17.04s | Pan Error: -14.69 | Face Confidence: 82%
2025-03-13 00:42:49,046 - INFO - Elapsed Time: 17.12s | Pan Error: -7.19 | Face Confidence: 90%
2025-03-13 00:42:49,130 - INFO - Elapsed Time: 17.21s | Pan Error: -2.34 | Face Confidence: 85%
2025-03-13 00:42:49,218 - INFO - Elapsed Time: 17.29s | Pan Error: -2.03 | Face Confidence: 81%
2025-03-13 00:42:49,310 - INFO - Elapsed Time: 17.38s | Pan Error: -2.50 | Face Confidence: 77%
2025-03-13 00:42:49,396 - INFO - Elapsed Time: 17.47s | Pan Error: -3.59 | Face Confidence: 79%
2025-03-13 00:42:49,485 - INFO - Elapsed Time: 17.56s | Pan Error: -12.03 | Face Confidence: 79%
2025-03-13 00:42:49,574 - INFO - Elapsed Time: 17.65s | Pan Error: -14.69 | Face Confidence: 78%
2025-03-13 00:42:49,660 - INFO - Elapsed Time: 17.74s | Pan Error: -13.28 | Face Confidence: 80%
2025-03-13 00:42:49,750 - INFO - Elapsed Time: 17.82s | Pan Error: -6.25 | Face Confidence: 77%
2025-03-13 00:42:49,843 - INFO - Elapsed Time: 17.91s | Pan Error: 7.03 | Face Confidence: 77%
2025-03-13 00:42:49,929 - INFO - Elapsed Time: 18.00s | Pan Error: 13.91 | Face Confidence: 73%
2025-03-13 00:42:50,018 - INFO - Elapsed Time: 18.09s | Pan Error: 30.47 | Face Confidence: 83%
2025-03-13 00:42:50,110 - INFO - Elapsed Time: 18.18s | Pan Error: 38.75 | Face Confidence: 88%
2025-03-13 00:42:50,200 - INFO - Elapsed Time: 18.27s | Pan Error: 37.66 | Face Confidence: 88%
2025-03-13 00:42:50,289 - INFO - Elapsed Time: 18.36s | Pan Error: 31.25 | Face Confidence: 68%
2025-03-13 00:42:50,380 - INFO - Elapsed Time: 18.45s | Pan Error: 15.16 | Face Confidence: 86%
2025-03-13 00:42:50,464 - INFO - Elapsed Time: 18.54s | Pan Error: 9.22 | Face Confidence: 78%
2025-03-13 00:42:50,556 - INFO - Elapsed Time: 18.63s | Pan Error: 1.88 | Face Confidence: 89%
2025-03-13 00:42:50,642 - INFO - Elapsed Time: 18.72s | Pan Error: 0.47 | Face Confidence: 88%
2025-03-13 00:42:50,728 - INFO - Elapsed Time: 18.80s | Pan Error: 4.06 | Face Confidence: 90%
2025-03-13 00:42:50,818 - INFO - Elapsed Time: 18.89s | Pan Error: 12.81 | Face Confidence: 86%
2025-03-13 00:42:50,909 - INFO - Elapsed Time: 18.98s | Pan Error: 17.50 | Face Confidence: 93%
2025-03-13 00:42:51,000 - INFO - Elapsed Time: 19.07s | Pan Error: 17.97 | Face Confidence: 83%
2025-03-13 00:42:51,106 - INFO - Elapsed Time: 19.16s | Pan Error: 13.75 | Face Confidence: 77%
2025-03-13 00:42:51,226 - INFO - Elapsed Time: 19.29s | Pan Error: 2.03 | Face Confidence: 70%
2025-03-13 00:42:51,325 - INFO - Elapsed Time: 19.40s | Pan Error: -17.66 | Face Confidence: 90%
2025-03-13 00:42:51,412 - INFO - Elapsed Time: 19.49s | Pan Error: -26.72 | Face Confidence: 90%
2025-03-13 00:42:51,501 - INFO - Elapsed Time: 19.57s | Pan Error: -38.91 | Face Confidence: 89%
2025-03-13 00:42:51,591 - INFO - Elapsed Time: 19.66s | Pan Error: -43.44 | Face Confidence: 93%
2025-03-13 00:42:51,677 - INFO - Elapsed Time: 19.75s | Pan Error: -39.38 | Face Confidence: 88%
2025-03-13 00:42:51,767 - INFO - Elapsed Time: 19.84s | Pan Error: -32.34 | Face Confidence: 92%
2025-03-13 00:42:51,854 - INFO - Elapsed Time: 19.93s | Pan Error: -25.62 | Face Confidence: 91%
2025-03-13 00:42:51,939 - INFO - Elapsed Time: 20.02s | Pan Error: -11.72 | Face Confidence: 86%
2025-03-13 00:42:52,028 - INFO - Elapsed Time: 20.10s | Pan Error: -4.53 | Face Confidence: 80%
2025-03-13 00:42:52,117 - INFO - Elapsed Time: 20.19s | Pan Error: -0.62 | Face Confidence: 84%
2025-03-13 00:42:52,201 - INFO - Elapsed Time: 20.28s | Pan Error: -1.09 | Face Confidence: 74%
2025-03-13 00:42:52,290 - INFO - Elapsed Time: 20.36s | Pan Error: -1.41 | Face Confidence: 69%
2025-03-13 00:42:52,376 - INFO - Elapsed Time: 20.45s | Pan Error: -2.50 | Face Confidence: 63%
2025-03-13 00:42:52,462 - INFO - Elapsed Time: 20.54s | Pan Error: -0.78 | Face Confidence: 78%
2025-03-13 00:42:52,553 - INFO - Elapsed Time: 20.62s | Pan Error: -1.41 | Face Confidence: 60%
2025-03-13 00:42:52,640 - INFO - Elapsed Time: 20.71s | Pan Error: 5.31 | Face Confidence: 89%
2025-03-13 00:42:52,726 - INFO - Elapsed Time: 20.80s | Pan Error: 11.41 | Face Confidence: 87%
2025-03-13 00:42:52,817 - INFO - Elapsed Time: 20.89s | Pan Error: 17.34 | Face Confidence: 89%
2025-03-13 00:42:52,911 - INFO - Elapsed Time: 20.98s | Pan Error: 27.81 | Face Confidence: 91%
2025-03-13 00:42:53,001 - INFO - Elapsed Time: 21.07s | Pan Error: 27.81 | Face Confidence: 88%
2025-03-13 00:42:53,065 - INFO - Stream stats - Frame: 600, Size: 183110 bytes, Clients: 1
2025-03-13 00:42:53,091 - INFO - Elapsed Time: 21.16s | Pan Error: 23.28 | Face Confidence: 73%
2025-03-13 00:42:53,181 - INFO - Elapsed Time: 21.25s | Pan Error: 11.88 | Face Confidence: 79%
2025-03-13 00:42:53,266 - INFO - Elapsed Time: 21.34s | Pan Error: -1.25 | Face Confidence: 85%
2025-03-13 00:42:53,358 - INFO - Elapsed Time: 21.43s | Pan Error: -8.75 | Face Confidence: 83%
2025-03-13 00:42:53,446 - INFO - Elapsed Time: 21.52s | Pan Error: -13.28 | Face Confidence: 88%
2025-03-13 00:42:53,534 - INFO - Elapsed Time: 21.61s | Pan Error: -15.16 | Face Confidence: 88%
2025-03-13 00:42:53,624 - INFO - Elapsed Time: 21.70s | Pan Error: -15.94 | Face Confidence: 87%
2025-03-13 00:42:53,718 - INFO - Elapsed Time: 21.79s | Pan Error: -13.12 | Face Confidence: 85%
2025-03-13 00:42:53,809 - INFO - Elapsed Time: 21.88s | Pan Error: -5.78 | Face Confidence: 86%
2025-03-13 00:42:53,900 - INFO - Elapsed Time: 21.97s | Pan Error: -0.47 | Face Confidence: 85%
2025-03-13 00:42:53,994 - INFO - Elapsed Time: 22.07s | Pan Error: 6.88 | Face Confidence: 92%
2025-03-13 00:42:54,084 - INFO - Elapsed Time: 22.16s | Pan Error: 10.94 | Face Confidence: 88%
2025-03-13 00:42:54,174 - INFO - Elapsed Time: 22.25s | Pan Error: 12.19 | Face Confidence: 87%
2025-03-13 00:42:54,262 - INFO - Elapsed Time: 22.34s | Pan Error: 11.09 | Face Confidence: 87%
2025-03-13 00:42:54,350 - INFO - Elapsed Time: 22.42s | Pan Error: 4.69 | Face Confidence: 91%
2025-03-13 00:42:54,441 - INFO - Elapsed Time: 22.51s | Pan Error: -0.31 | Face Confidence: 88%
2025-03-13 00:42:54,533 - INFO - Elapsed Time: 22.60s | Pan Error: -6.25 | Face Confidence: 89%
2025-03-13 00:42:54,620 - INFO - Elapsed Time: 22.69s | Pan Error: -12.03 | Face Confidence: 81%
2025-03-13 00:42:54,707 - INFO - Elapsed Time: 22.78s | Pan Error: -11.09 | Face Confidence: 83%
2025-03-13 00:42:54,793 - INFO - Elapsed Time: 22.87s | Pan Error: -10.94 | Face Confidence: 88%
2025-03-13 00:42:54,888 - INFO - Elapsed Time: 22.96s | Pan Error: -11.25 | Face Confidence: 88%
2025-03-13 00:42:54,980 - INFO - Elapsed Time: 23.05s | Pan Error: -6.72 | Face Confidence: 90%
2025-03-13 00:42:55,071 - INFO - Elapsed Time: 23.14s | Pan Error: -2.50 | Face Confidence: 92%
2025-03-13 00:42:55,159 - INFO - Elapsed Time: 23.23s | Pan Error: 4.53 | Face Confidence: 89%
2025-03-13 00:42:55,253 - INFO - Elapsed Time: 23.32s | Pan Error: 7.97 | Face Confidence: 89%
2025-03-13 00:42:55,346 - INFO - Elapsed Time: 23.42s | Pan Error: 9.38 | Face Confidence: 83%
2025-03-13 00:42:55,436 - INFO - Elapsed Time: 23.51s | Pan Error: 10.00 | Face Confidence: 87%
2025-03-13 00:42:55,527 - INFO - Elapsed Time: 23.60s | Pan Error: 9.38 | Face Confidence: 84%
2025-03-13 00:42:55,619 - INFO - Elapsed Time: 23.69s | Pan Error: 5.78 | Face Confidence: 87%
2025-03-13 00:42:55,706 - INFO - Elapsed Time: 23.78s | Pan Error: 0.16 | Face Confidence: 75%
2025-03-13 00:42:55,792 - INFO - Elapsed Time: 23.87s | Pan Error: -4.22 | Face Confidence: 78%
2025-03-13 00:42:55,881 - INFO - Elapsed Time: 23.95s | Pan Error: -8.12 | Face Confidence: 86%
2025-03-13 00:42:55,970 - INFO - Elapsed Time: 24.04s | Pan Error: -9.06 | Face Confidence: 84%
2025-03-13 00:42:56,065 - INFO - Elapsed Time: 24.13s | Pan Error: -9.53 | Face Confidence: 85%
2025-03-13 00:42:56,154 - INFO - Elapsed Time: 24.23s | Pan Error: -9.22 | Face Confidence: 84%
2025-03-13 00:42:56,249 - INFO - Elapsed Time: 24.32s | Pan Error: -9.69 | Face Confidence: 80%
2025-03-13 00:42:56,360 - INFO - Elapsed Time: 24.42s | Pan Error: -1.72 | Face Confidence: 80%
2025-03-13 00:42:56,453 - INFO - Elapsed Time: 24.52s | Pan Error: 4.84 | Face Confidence: 87%
2025-03-13 00:42:56,545 - INFO - Elapsed Time: 24.62s | Pan Error: 9.38 | Face Confidence: 77%
2025-03-13 00:42:56,637 - INFO - Elapsed Time: 24.71s | Pan Error: 9.38 | Face Confidence: 63%
2025-03-13 00:42:56,724 - INFO - Elapsed Time: 24.80s | Pan Error: 9.53 | Face Confidence: 80%
2025-03-13 00:42:56,812 - INFO - Elapsed Time: 24.89s | Pan Error: 9.06 | Face Confidence: 79%
2025-03-13 00:42:56,903 - INFO - Elapsed Time: 24.98s | Pan Error: 0.00 | Face Confidence: 74%
2025-03-13 00:42:56,993 - INFO - Elapsed Time: 25.07s | Pan Error: -2.97 | Face Confidence: 59%
2025-03-13 00:42:57,083 - INFO - Elapsed Time: 25.16s | Pan Error: -7.97 | Face Confidence: 74%
2025-03-13 00:42:57,176 - INFO - Elapsed Time: 25.25s | Pan Error: -6.25 | Face Confidence: 72%
2025-03-13 00:42:57,269 - INFO - Elapsed Time: 25.34s | Pan Error: -5.78 | Face Confidence: 70%
2025-03-13 00:42:57,361 - INFO - Elapsed Time: 25.43s | Pan Error: -7.50 | Face Confidence: 74%
2025-03-13 00:42:57,453 - INFO - Elapsed Time: 25.52s | Pan Error: -5.47 | Face Confidence: 68%
2025-03-13 00:42:57,549 - INFO - Elapsed Time: 25.62s | Pan Error: -0.31 | Face Confidence: 78%
2025-03-13 00:42:57,643 - INFO - Elapsed Time: 25.71s | Pan Error: 4.53 | Face Confidence: 64%
2025-03-13 00:42:57,737 - INFO - Elapsed Time: 25.81s | Pan Error: 10.16 | Face Confidence: 77%
2025-03-13 00:42:57,828 - INFO - Elapsed Time: 25.90s | Pan Error: 11.41 | Face Confidence: 80%
2025-03-13 00:42:57,916 - INFO - Elapsed Time: 25.99s | Pan Error: 11.72 | Face Confidence: 72%
2025-03-13 00:42:58,004 - INFO - Elapsed Time: 26.08s | Pan Error: 10.00 | Face Confidence: 72%
2025-03-13 00:42:58,096 - INFO - Elapsed Time: 26.17s | Pan Error: 6.41 | Face Confidence: 66%
2025-03-13 00:42:58,186 - INFO - Elapsed Time: 26.26s | Pan Error: 0.31 | Face Confidence: 69%
2025-03-13 00:42:58,273 - INFO - Elapsed Time: 26.35s | Pan Error: -1.25 | Face Confidence: 78%
2025-03-13 00:42:58,362 - INFO - Elapsed Time: 26.44s | Pan Error: -1.25 | Face Confidence: 86%
2025-03-13 00:42:58,450 - INFO - Elapsed Time: 26.53s | Pan Error: -1.88 | Face Confidence: 72%
2025-03-13 00:42:58,541 - INFO - Elapsed Time: 26.61s | Pan Error: -0.47 | Face Confidence: 73%
2025-03-13 00:42:58,632 - INFO - Elapsed Time: 26.70s | Pan Error: 1.09 | Face Confidence: 72%
2025-03-13 00:42:58,724 - INFO - Elapsed Time: 26.79s | Pan Error: 1.56 | Face Confidence: 80%
2025-03-13 00:42:58,814 - INFO - Elapsed Time: 26.89s | Pan Error: 0.94 | Face Confidence: 69%
2025-03-13 00:42:58,904 - INFO - Elapsed Time: 26.98s | Pan Error: 2.03 | Face Confidence: 84%
2025-03-13 00:42:58,997 - INFO - Elapsed Time: 27.07s | Pan Error: 12.19 | Face Confidence: 83%
2025-03-13 00:42:59,088 - INFO - Elapsed Time: 27.16s | Pan Error: 22.50 | Face Confidence: 78%
2025-03-13 00:42:59,175 - INFO - Elapsed Time: 27.25s | Pan Error: 32.03 | Face Confidence: 85%
2025-03-13 00:42:59,262 - INFO - Elapsed Time: 27.34s | Pan Error: 25.94 | Face Confidence: 76%
2025-03-13 00:42:59,348 - INFO - Elapsed Time: 27.42s | Pan Error: 6.09 | Face Confidence: 53%
2025-03-13 00:42:59,529 - INFO - Elapsed Time: 27.59s | Pan Error: -45.78 | Face Confidence: 62%
2025-03-13 00:42:59,623 - INFO - Elapsed Time: 27.69s | Pan Error: -46.41 | Face Confidence: 75%
2025-03-13 00:42:59,706 - INFO - Elapsed Time: 27.78s | Pan Error: -47.03 | Face Confidence: 77%
2025-03-13 00:42:59,794 - INFO - Elapsed Time: 27.87s | Pan Error: -32.19 | Face Confidence: 62%
2025-03-13 00:42:59,960 - INFO - Elapsed Time: 28.04s | Pan Error: 7.50 | Face Confidence: 62%
2025-03-13 00:43:00,045 - INFO - Elapsed Time: 28.12s | Pan Error: 18.12 | Face Confidence: 83%
2025-03-13 00:43:00,128 - INFO - Elapsed Time: 28.21s | Pan Error: 23.44 | Face Confidence: 80%
2025-03-13 00:43:00,216 - INFO - Elapsed Time: 28.29s | Pan Error: 23.59 | Face Confidence: 78%
2025-03-13 00:43:00,302 - INFO - Elapsed Time: 28.38s | Pan Error: 17.97 | Face Confidence: 81%
2025-03-13 00:43:00,402 - INFO - Elapsed Time: 28.47s | Pan Error: 2.50 | Face Confidence: 83%
2025-03-13 00:43:00,491 - INFO - Elapsed Time: 28.56s | Pan Error: -9.84 | Face Confidence: 82%
2025-03-13 00:43:00,583 - INFO - Elapsed Time: 28.65s | Pan Error: -12.50 | Face Confidence: 82%
2025-03-13 00:43:00,673 - INFO - Elapsed Time: 28.75s | Pan Error: -16.09 | Face Confidence: 78%
2025-03-13 00:43:00,761 - INFO - Elapsed Time: 28.84s | Pan Error: -12.03 | Face Confidence: 70%
2025-03-13 00:43:00,852 - INFO - Elapsed Time: 28.92s | Pan Error: -10.47 | Face Confidence: 64%
2025-03-13 00:43:00,944 - INFO - Elapsed Time: 29.01s | Pan Error: -0.16 | Face Confidence: 76%
2025-03-13 00:43:01,035 - INFO - Elapsed Time: 29.11s | Pan Error: 9.06 | Face Confidence: 61%
2025-03-13 00:43:01,122 - INFO - Elapsed Time: 29.20s | Pan Error: 10.62 | Face Confidence: 69%
2025-03-13 00:43:01,208 - INFO - Elapsed Time: 29.28s | Pan Error: 12.19 | Face Confidence: 58%
2025-03-13 00:43:01,298 - INFO - Elapsed Time: 29.37s | Pan Error: 14.84 | Face Confidence: 70%
2025-03-13 00:43:01,446 - INFO - Elapsed Time: 29.47s | Pan Error: 16.09 | Face Confidence: 68%
2025-03-13 00:43:01,554 - INFO - Elapsed Time: 29.62s | Pan Error: 6.72 | Face Confidence: 60%
2025-03-13 00:43:01,649 - INFO - Elapsed Time: 29.72s | Pan Error: -4.06 | Face Confidence: 51%
2025-03-13 00:43:01,742 - INFO - Elapsed Time: 29.81s | Pan Error: -9.22 | Face Confidence: 60%
2025-03-13 00:43:01,833 - INFO - Elapsed Time: 29.90s | Pan Error: -19.69 | Face Confidence: 68%
2025-03-13 00:43:01,922 - INFO - Elapsed Time: 30.00s | Pan Error: -31.41 | Face Confidence: 64%
2025-03-13 00:43:02,008 - INFO - Elapsed Time: 30.08s | Pan Error: -37.97 | Face Confidence: 77%
2025-03-13 00:43:02,095 - INFO - Elapsed Time: 30.17s | Pan Error: -32.81 | Face Confidence: 75%
2025-03-13 00:43:02,180 - INFO - Elapsed Time: 30.26s | Pan Error: -28.28 | Face Confidence: 61%
2025-03-13 00:43:02,268 - INFO - Elapsed Time: 30.34s | Pan Error: -14.84 | Face Confidence: 73%
2025-03-13 00:43:02,361 - INFO - Elapsed Time: 30.43s | Pan Error: 0.16 | Face Confidence: 58%
2025-03-13 00:43:02,447 - INFO - Elapsed Time: 30.52s | Pan Error: 3.12 | Face Confidence: 74%
2025-03-13 00:43:02,530 - INFO - Elapsed Time: 30.61s | Pan Error: 7.97 | Face Confidence: 69%
2025-03-13 00:43:02,622 - INFO - Elapsed Time: 30.69s | Pan Error: 9.84 | Face Confidence: 56%
2025-03-13 00:43:02,715 - INFO - Elapsed Time: 30.78s | Pan Error: 10.94 | Face Confidence: 54%
2025-03-13 00:43:02,804 - INFO - Elapsed Time: 30.88s | Pan Error: 7.34 | Face Confidence: 52%
2025-03-13 00:43:02,896 - INFO - Elapsed Time: 30.97s | Pan Error: 10.94 | Face Confidence: 63%
2025-03-13 00:43:02,986 - INFO - Elapsed Time: 31.06s | Pan Error: 11.41 | Face Confidence: 80%
2025-03-13 00:43:03,074 - INFO - Elapsed Time: 31.15s | Pan Error: 10.00 | Face Confidence: 67%
2025-03-13 00:43:03,161 - INFO - Stream stats - Frame: 900, Size: 201131 bytes, Clients: 1
2025-03-13 00:43:03,164 - INFO - Elapsed Time: 31.24s | Pan Error: 13.91 | Face Confidence: 81%
2025-03-13 00:43:03,252 - INFO - Elapsed Time: 31.33s | Pan Error: 14.69 | Face Confidence: 89%
2025-03-13 00:43:03,337 - INFO - Elapsed Time: 31.41s | Pan Error: 21.72 | Face Confidence: 81%
2025-03-13 00:43:03,421 - INFO - Elapsed Time: 31.50s | Pan Error: 25.00 | Face Confidence: 81%
2025-03-13 00:43:03,515 - INFO - Elapsed Time: 31.58s | Pan Error: 26.72 | Face Confidence: 86%
2025-03-13 00:43:03,607 - INFO - Elapsed Time: 31.68s | Pan Error: 25.31 | Face Confidence: 79%
2025-03-13 00:43:03,700 - INFO - Elapsed Time: 31.77s | Pan Error: 22.03 | Face Confidence: 83%
2025-03-13 00:43:03,792 - INFO - Elapsed Time: 31.86s | Pan Error: 22.81 | Face Confidence: 61%
2025-03-13 00:43:03,885 - INFO - Elapsed Time: 31.95s | Pan Error: 12.34 | Face Confidence: 72%
2025-03-13 00:43:03,973 - INFO - Elapsed Time: 32.05s | Pan Error: 1.72 | Face Confidence: 76%
2025-03-13 00:43:04,059 - INFO - Elapsed Time: 32.13s | Pan Error: -7.97 | Face Confidence: 65%
2025-03-13 00:43:04,144 - INFO - Elapsed Time: 32.22s | Pan Error: -17.66 | Face Confidence: 52%
2025-03-13 00:43:04,395 - INFO - Elapsed Time: 32.47s | Pan Error: -23.75 | Face Confidence: 63%
2025-03-13 00:43:04,484 - INFO - Elapsed Time: 32.56s | Pan Error: -22.19 | Face Confidence: 58%
2025-03-13 00:43:05,817 - INFO - Elapsed Time: 33.89s | Pan Error: 10.78 | Face Confidence: 50%
2025-03-13 00:43:05,907 - INFO - Elapsed Time: 33.98s | Pan Error: 11.56 | Face Confidence: 53%
2025-03-13 00:43:08,685 - INFO - Camera stopped
