2025-03-13 00:36:51,429 - INFO - Logging system initialized.
2025-03-13 00:36:51,430 - INFO - 
Pan and Tilt Mechanism: 
Current Date: 2025-03-13_00-36-51

------------------------- Running Parameters -------------------------
Pan Servo: Pin 17, PID Values: 
 KP: 0.5
 KI: 0.0
 KD: 0.5, Angle Range -135-135, Current Angle -0.0
Tilt Servo: Pin 27, PID Values: 
 KP: 0.5
 KI: 0.0
 KD: 0.5, Angle Range -90-90, Current Angle -0.0

Tracking Point: False
--------------------------------------------------

2025-03-13 00:36:51,458 - INFO - Initialization successful.
2025-03-13 00:36:51,458 - INFO - Camera now open.
2025-03-13 00:36:51,462 - INFO - Camera configuration has been adjusted!
2025-03-13 00:36:51,465 - INFO - Configuration successful!
2025-03-13 00:36:51,510 - INFO - Camera started
2025-03-13 00:36:51,524 - INFO - [31m[1mWARNING: This is a development server. Do not use it in a production deployment. Use a production WSGI server instead.[0m
 * Running on all addresses (0.0.0.0)
 * Running on http://127.0.0.1:5000
 * Running on http://172.20.10.4:5000
2025-03-13 00:36:51,525 - INFO - [33mPress CTRL+C to quit[0m
2025-03-13 00:36:51,703 - INFO - Stream stats - Frame: 0, Size: 151348 bytes, Clients: 0
2025-03-13 00:36:55,116 - INFO - 172.20.10.2 - - [13/Mar/2025 00:36:55] "GET / HTTP/1.1" 200 -
2025-03-13 00:36:55,162 - INFO - Client connected. Total clients: 1
2025-03-13 00:36:55,373 - INFO - 172.20.10.2 - - [13/Mar/2025 00:36:55] "GET /video_feed HTTP/1.1" 200 -
2025-03-13 00:36:55,515 - INFO - Time: 1741826215.52s | Pan Error: 15.97, Tilt Error: -5.86
2025-03-13 00:36:55,516 - INFO - Pan Angle: -32.4, Tilt Angle: -11.88
2025-03-13 00:36:55,640 - INFO - Time: 1741826215.64s | Pan Error: 15.90, Tilt Error: -5.89
2025-03-13 00:36:55,641 - INFO - Pan Angle: -40.5, Tilt Angle: -14.94
2025-03-13 00:36:55,998 - INFO - Time: 1741826216.00s | Pan Error: -20.13, Tilt Error: 9.99
2025-03-13 00:36:55,999 - INFO - Pan Angle: -8.37, Tilt Angle: -0.36
2025-03-13 00:36:56,116 - INFO - Time: 1741826216.12s | Pan Error: -21.31, Tilt Error: 10.00
2025-03-13 00:36:56,117 - INFO - Pan Angle: 2.7, Tilt Angle: 4.5
2025-03-13 00:36:56,467 - INFO - Time: 1741826216.47s | Pan Error: 17.13, Tilt Error: -11.56
2025-03-13 00:36:56,468 - INFO - Pan Angle: -21.06, Tilt Angle: -9.72
2025-03-13 00:36:56,605 - INFO - Time: 1741826216.61s | Pan Error: 18.52, Tilt Error: -11.73
2025-03-13 00:36:56,606 - INFO - Pan Angle: -31.05, Tilt Angle: -15.66
2025-03-13 00:36:56,971 - INFO - Time: 1741826216.97s | Pan Error: -11.46, Tilt Error: 9.62
2025-03-13 00:36:56,972 - INFO - Pan Angle: -17.01, Tilt Angle: -5.04
2025-03-13 00:36:57,091 - INFO - Time: 1741826217.09s | Pan Error: -12.33, Tilt Error: 9.65
2025-03-13 00:36:57,092 - INFO - Pan Angle: -10.8, Tilt Angle: -0.36
2025-03-13 00:36:57,326 - INFO - Time: 1741826217.33s | Pan Error: 2.21, Tilt Error: -5.24
2025-03-13 00:36:57,327 - INFO - Pan Angle: -15.39, Tilt Angle: -6.48
2025-03-13 00:36:57,452 - INFO - Time: 1741826217.45s | Pan Error: 4.81, Tilt Error: -5.13
2025-03-13 00:36:57,454 - INFO - Pan Angle: -18.63, Tilt Angle: -9.18
2025-03-13 00:36:57,577 - INFO - Time: 1741826217.58s | Pan Error: 3.86, Tilt Error: -0.85
2025-03-13 00:36:57,578 - INFO - Pan Angle: -20.52, Tilt Angle: -8.82
2025-03-13 00:36:57,698 - INFO - Time: 1741826217.70s | Pan Error: 0.88, Tilt Error: 1.70
2025-03-13 00:36:57,699 - INFO - Pan Angle: -20.52, Tilt Angle: -7.56
2025-03-13 00:36:57,821 - INFO - Time: 1741826217.82s | Pan Error: -1.41, Tilt Error: 2.01
2025-03-13 00:36:57,822 - INFO - Pan Angle: -19.44, Tilt Angle: -6.66
2025-03-13 00:36:57,944 - INFO - Time: 1741826217.94s | Pan Error: -2.90, Tilt Error: 2.03
2025-03-13 00:36:57,945 - INFO - Pan Angle: -17.82, Tilt Angle: -5.76
2025-03-13 00:36:58,082 - INFO - Time: 1741826218.08s | Pan Error: -2.83, Tilt Error: 1.31
2025-03-13 00:36:58,082 - INFO - Pan Angle: -16.47, Tilt Angle: -5.4
2025-03-13 00:36:58,214 - INFO - Time: 1741826218.21s | Pan Error: -2.87, Tilt Error: 0.71
2025-03-13 00:36:58,215 - INFO - Pan Angle: -15.12, Tilt Angle: -5.22
2025-03-13 00:36:58,337 - INFO - Time: 1741826218.34s | Pan Error: -1.42, Tilt Error: 0.07
2025-03-13 00:36:58,338 - INFO - Pan Angle: -14.85, Tilt Angle: -5.4
2025-03-13 00:36:58,460 - INFO - Time: 1741826218.46s | Pan Error: 0.89, Tilt Error: -0.12
2025-03-13 00:36:58,461 - INFO - Pan Angle: -15.66, Tilt Angle: -5.58
2025-03-13 00:36:58,590 - INFO - Time: 1741826218.59s | Pan Error: 0.96, Tilt Error: -0.17
2025-03-13 00:36:58,590 - INFO - Pan Angle: -16.2, Tilt Angle: -5.76
2025-03-13 00:36:58,710 - INFO - Time: 1741826218.71s | Pan Error: 0.89, Tilt Error: -0.13
2025-03-13 00:36:58,711 - INFO - Pan Angle: -16.74, Tilt Angle: -5.94
2025-03-13 00:36:58,837 - INFO - Time: 1741826218.84s | Pan Error: 0.96, Tilt Error: -0.17
2025-03-13 00:36:58,838 - INFO - Pan Angle: -17.28, Tilt Angle: -6.12
2025-03-13 00:36:58,966 - INFO - Time: 1741826218.97s | Pan Error: 0.89, Tilt Error: -0.13
2025-03-13 00:36:58,967 - INFO - Pan Angle: -17.82, Tilt Angle: -6.3
2025-03-13 00:36:59,089 - INFO - Time: 1741826219.09s | Pan Error: 0.89, Tilt Error: -0.13
2025-03-13 00:36:59,091 - INFO - Pan Angle: -18.36, Tilt Angle: -6.48
2025-03-13 00:36:59,209 - INFO - Time: 1741826219.21s | Pan Error: 0.89, Tilt Error: -0.13
2025-03-13 00:36:59,210 - INFO - Pan Angle: -18.9, Tilt Angle: -6.66
2025-03-13 00:36:59,335 - INFO - Time: 1741826219.34s | Pan Error: -0.62, Tilt Error: -0.07
2025-03-13 00:36:59,336 - INFO - Pan Angle: -18.63, Tilt Angle: -6.84
2025-03-13 00:36:59,465 - INFO - Time: 1741826219.47s | Pan Error: -1.01, Tilt Error: -0.09
2025-03-13 00:36:59,466 - INFO - Pan Angle: -18.09, Tilt Angle: -7.02
2025-03-13 00:36:59,590 - INFO - Time: 1741826219.59s | Pan Error: -0.97, Tilt Error: -0.05
2025-03-13 00:36:59,591 - INFO - Pan Angle: -17.82, Tilt Angle: -7.2
2025-03-13 00:36:59,715 - INFO - Time: 1741826219.72s | Pan Error: -0.96, Tilt Error: -0.07
2025-03-13 00:36:59,716 - INFO - Pan Angle: -17.55, Tilt Angle: -7.38
2025-03-13 00:36:59,851 - INFO - Time: 1741826219.85s | Pan Error: -0.96, Tilt Error: -0.07
2025-03-13 00:36:59,852 - INFO - Pan Angle: -17.28, Tilt Angle: -7.56
2025-03-13 00:36:59,977 - INFO - Time: 1741826219.98s | Pan Error: -0.95, Tilt Error: -0.07
2025-03-13 00:36:59,977 - INFO - Pan Angle: -17.01, Tilt Angle: -7.74
2025-03-13 00:37:00,110 - INFO - Time: 1741826220.11s | Pan Error: -1.09, Tilt Error: -0.06
2025-03-13 00:37:00,110 - INFO - Pan Angle: -16.47, Tilt Angle: -7.92
2025-03-13 00:37:00,241 - INFO - Time: 1741826220.24s | Pan Error: -1.15, Tilt Error: 0.75
2025-03-13 00:37:00,242 - INFO - Pan Angle: -15.93, Tilt Angle: -7.56
2025-03-13 00:37:00,372 - INFO - Time: 1741826220.37s | Pan Error: -1.05, Tilt Error: 0.80
2025-03-13 00:37:00,373 - INFO - Pan Angle: -15.66, Tilt Angle: -7.2
2025-03-13 00:37:00,509 - INFO - Time: 1741826220.51s | Pan Error: -1.66, Tilt Error: 0.69
2025-03-13 00:37:00,511 - INFO - Pan Angle: -14.85, Tilt Angle: -7.02
2025-03-13 00:37:00,655 - INFO - Time: 1741826220.66s | Pan Error: -3.52, Tilt Error: 0.89
2025-03-13 00:37:00,655 - INFO - Pan Angle: -12.96, Tilt Angle: -6.66
2025-03-13 00:37:00,788 - INFO - Time: 1741826220.79s | Pan Error: -3.37, Tilt Error: 0.86
2025-03-13 00:37:00,788 - INFO - Pan Angle: -11.34, Tilt Angle: -6.3
2025-03-13 00:37:00,927 - INFO - Time: 1741826220.93s | Pan Error: -3.28, Tilt Error: 0.86
2025-03-13 00:37:00,929 - INFO - Pan Angle: -9.72, Tilt Angle: -5.94
2025-03-13 00:37:01,066 - INFO - Time: 1741826221.07s | Pan Error: -3.34, Tilt Error: 0.88
2025-03-13 00:37:01,068 - INFO - Pan Angle: -8.1, Tilt Angle: -5.58
2025-03-13 00:37:01,199 - INFO - Time: 1741826221.20s | Pan Error: -2.80, Tilt Error: 0.91
2025-03-13 00:37:01,200 - INFO - Pan Angle: -6.75, Tilt Angle: -5.22
2025-03-13 00:37:01,332 - INFO - Time: 1741826221.33s | Pan Error: -3.91, Tilt Error: 1.00
2025-03-13 00:37:01,333 - INFO - Pan Angle: -4.86, Tilt Angle: -4.86
2025-03-13 00:37:01,466 - INFO - Time: 1741826221.47s | Pan Error: -3.22, Tilt Error: 0.60
2025-03-13 00:37:01,467 - INFO - Pan Angle: -3.51, Tilt Angle: -4.68
2025-03-13 00:37:01,596 - INFO - Time: 1741826221.60s | Pan Error: -4.51, Tilt Error: 0.18
2025-03-13 00:37:01,597 - INFO - Pan Angle: -1.35, Tilt Angle: -4.68
2025-03-13 00:37:01,733 - INFO - Time: 1741826221.73s | Pan Error: -4.52, Tilt Error: 0.15
2025-03-13 00:37:01,734 - INFO - Pan Angle: 0.81, Tilt Angle: -4.68
2025-03-13 00:37:01,863 - INFO - Time: 1741826221.86s | Pan Error: -1.15, Tilt Error: -0.01
2025-03-13 00:37:01,864 - INFO - Pan Angle: 1.08, Tilt Angle: -4.86
2025-03-13 00:37:01,996 - INFO - Time: 1741826222.00s | Pan Error: 1.72, Tilt Error: -0.20
2025-03-13 00:37:01,996 - INFO - Pan Angle: -0.0, Tilt Angle: -5.04
2025-03-13 00:37:02,125 - INFO - Time: 1741826222.13s | Pan Error: 4.41, Tilt Error: -0.36
2025-03-13 00:37:02,126 - INFO - Pan Angle: -2.43, Tilt Angle: -5.4
2025-03-13 00:37:02,245 - INFO - Time: 1741826222.25s | Pan Error: 5.42, Tilt Error: -0.43
2025-03-13 00:37:02,246 - INFO - Pan Angle: -5.4, Tilt Angle: -5.76
2025-03-13 00:37:02,374 - INFO - Time: 1741826222.37s | Pan Error: 6.32, Tilt Error: -0.46
2025-03-13 00:37:02,375 - INFO - Pan Angle: -8.64, Tilt Angle: -6.12
2025-03-13 00:37:02,503 - INFO - Time: 1741826222.50s | Pan Error: 7.46, Tilt Error: -0.61
2025-03-13 00:37:02,503 - INFO - Pan Angle: -12.69, Tilt Angle: -6.48
2025-03-13 00:37:02,634 - INFO - Time: 1741826222.63s | Pan Error: 7.69, Tilt Error: -0.56
2025-03-13 00:37:02,635 - INFO - Pan Angle: -16.74, Tilt Angle: -6.84
2025-03-13 00:37:02,767 - INFO - Time: 1741826222.77s | Pan Error: 4.58, Tilt Error: -0.44
2025-03-13 00:37:02,767 - INFO - Pan Angle: -18.9, Tilt Angle: -7.2
2025-03-13 00:37:02,913 - INFO - Time: 1741826222.91s | Pan Error: 0.18, Tilt Error: -0.25
2025-03-13 00:37:02,913 - INFO - Pan Angle: -18.9, Tilt Angle: -7.38
2025-03-13 00:37:03,036 - INFO - Time: 1741826223.04s | Pan Error: -3.93, Tilt Error: -0.13
2025-03-13 00:37:03,037 - INFO - Pan Angle: -16.74, Tilt Angle: -7.56
2025-03-13 00:37:03,172 - INFO - Time: 1741826223.17s | Pan Error: -3.67, Tilt Error: -0.24
2025-03-13 00:37:03,173 - INFO - Pan Angle: -15.12, Tilt Angle: -7.74
2025-03-13 00:37:03,305 - INFO - Time: 1741826223.31s | Pan Error: 1.68, Tilt Error: -0.52
2025-03-13 00:37:03,306 - INFO - Pan Angle: -16.47, Tilt Angle: -8.1
2025-03-13 00:37:03,436 - INFO - Time: 1741826223.44s | Pan Error: 5.18, Tilt Error: 0.38
2025-03-13 00:37:03,437 - INFO - Pan Angle: -19.44, Tilt Angle: -7.92
2025-03-13 00:37:03,601 - INFO - Time: 1741826223.60s | Pan Error: 6.28, Tilt Error: 0.34
2025-03-13 00:37:03,602 - INFO - Pan Angle: -22.68, Tilt Angle: -7.92
2025-03-13 00:37:03,732 - INFO - Time: 1741826223.73s | Pan Error: 4.84, Tilt Error: 0.43
2025-03-13 00:37:03,733 - INFO - Pan Angle: -25.11, Tilt Angle: -7.74
2025-03-13 00:37:03,863 - INFO - Time: 1741826223.86s | Pan Error: 3.51, Tilt Error: 0.57
2025-03-13 00:37:03,863 - INFO - Pan Angle: -27.0, Tilt Angle: -7.56
2025-03-13 00:37:04,000 - INFO - Time: 1741826224.00s | Pan Error: 0.38, Tilt Error: -1.07
2025-03-13 00:37:04,001 - INFO - Pan Angle: -27.27, Tilt Angle: -8.28
2025-03-13 00:37:04,129 - INFO - Time: 1741826224.13s | Pan Error: -1.86, Tilt Error: -5.97
2025-03-13 00:37:04,130 - INFO - Pan Angle: -26.46, Tilt Angle: -11.7
2025-03-13 00:37:04,256 - INFO - Time: 1741826224.26s | Pan Error: -2.11, Tilt Error: -9.22
2025-03-13 00:37:04,257 - INFO - Pan Angle: -25.65, Tilt Angle: -16.56
2025-03-13 00:37:04,384 - INFO - Time: 1741826224.38s | Pan Error: -1.93, Tilt Error: -6.51
2025-03-13 00:37:04,385 - INFO - Pan Angle: -24.84, Tilt Angle: -19.8
2025-03-13 00:37:04,515 - INFO - Time: 1741826224.52s | Pan Error: -2.04, Tilt Error: -1.56
2025-03-13 00:37:04,515 - INFO - Pan Angle: -24.03, Tilt Angle: -20.34
2025-03-13 00:37:04,800 - INFO - Time: 1741826224.80s | Pan Error: -1.84, Tilt Error: -2.67
2025-03-13 00:37:04,801 - INFO - Pan Angle: -23.22, Tilt Angle: -21.78
2025-03-13 00:37:04,941 - INFO - Time: 1741826224.94s | Pan Error: -0.69, Tilt Error: -4.51
2025-03-13 00:37:04,942 - INFO - Pan Angle: -22.95, Tilt Angle: -24.3
2025-03-13 00:37:05,072 - INFO - Time: 1741826225.07s | Pan Error: -0.37, Tilt Error: -5.71
2025-03-13 00:37:05,073 - INFO - Pan Angle: -22.95, Tilt Angle: -27.36
2025-03-13 00:37:05,157 - INFO - Stream stats - Frame: 300, Size: 177353 bytes, Clients: 1
2025-03-13 00:37:05,205 - INFO - Time: 1741826225.21s | Pan Error: -0.02, Tilt Error: -5.69
2025-03-13 00:37:05,206 - INFO - Pan Angle: -23.22, Tilt Angle: -30.24
2025-03-13 00:37:05,337 - INFO - Time: 1741826225.34s | Pan Error: -0.32, Tilt Error: -3.98
2025-03-13 00:37:05,338 - INFO - Pan Angle: -23.22, Tilt Angle: -32.22
2025-03-13 00:37:05,466 - INFO - Time: 1741826225.47s | Pan Error: -0.48, Tilt Error: -1.88
2025-03-13 00:37:05,467 - INFO - Pan Angle: -23.22, Tilt Angle: -33.12
2025-03-13 00:37:05,607 - INFO - Time: 1741826225.61s | Pan Error: -0.94, Tilt Error: -2.75
2025-03-13 00:37:05,608 - INFO - Pan Angle: -22.95, Tilt Angle: -34.56
2025-03-13 00:37:05,765 - INFO - Time: 1741826225.77s | Pan Error: -1.28, Tilt Error: -4.37
2025-03-13 00:37:05,766 - INFO - Pan Angle: -22.41, Tilt Angle: -36.9
2025-03-13 00:37:05,899 - INFO - Time: 1741826225.90s | Pan Error: -1.72, Tilt Error: -4.92
2025-03-13 00:37:05,900 - INFO - Pan Angle: -21.6, Tilt Angle: -39.42
2025-03-13 00:37:06,029 - INFO - Time: 1741826226.03s | Pan Error: -1.84, Tilt Error: -3.74
2025-03-13 00:37:06,030 - INFO - Pan Angle: -20.79, Tilt Angle: -41.4
2025-03-13 00:37:06,161 - INFO - Time: 1741826226.16s | Pan Error: -2.16, Tilt Error: -2.30
2025-03-13 00:37:06,162 - INFO - Pan Angle: -19.71, Tilt Angle: -42.66
2025-03-13 00:37:06,284 - INFO - Time: 1741826226.28s | Pan Error: -1.74, Tilt Error: -1.94
2025-03-13 00:37:06,285 - INFO - Pan Angle: -18.9, Tilt Angle: -43.74
2025-03-13 00:37:06,414 - INFO - Time: 1741826226.41s | Pan Error: -0.33, Tilt Error: -2.01
2025-03-13 00:37:06,415 - INFO - Pan Angle: -18.9, Tilt Angle: -44.82
2025-03-13 00:37:06,537 - INFO - Time: 1741826226.54s | Pan Error: -0.07, Tilt Error: -1.82
2025-03-13 00:37:06,538 - INFO - Pan Angle: -18.9, Tilt Angle: -45.9
2025-03-13 00:37:06,910 - INFO - Time: 1741826226.91s | Pan Error: -1.07, Tilt Error: -3.29
2025-03-13 00:37:06,912 - INFO - Pan Angle: -18.36, Tilt Angle: -47.7
2025-03-13 00:37:07,139 - INFO - Time: 1741826227.14s | Pan Error: -1.29, Tilt Error: -3.56
2025-03-13 00:37:07,140 - INFO - Pan Angle: -17.82, Tilt Angle: -49.5
2025-03-13 00:37:07,513 - INFO - Time: 1741826227.51s | Pan Error: -2.49, Tilt Error: 5.91
2025-03-13 00:37:07,514 - INFO - Pan Angle: -16.74, Tilt Angle: -46.26
2025-03-13 00:37:07,647 - INFO - Time: 1741826227.65s | Pan Error: -2.94, Tilt Error: 8.82
2025-03-13 00:37:07,647 - INFO - Pan Angle: -15.39, Tilt Angle: -41.76
2025-03-13 00:37:07,804 - INFO - Time: 1741826227.80s | Pan Error: -2.04, Tilt Error: 10.69
2025-03-13 00:37:07,805 - INFO - Pan Angle: -14.58, Tilt Angle: -36.36
2025-03-13 00:37:07,937 - INFO - Time: 1741826227.94s | Pan Error: -0.02, Tilt Error: 8.42
2025-03-13 00:37:07,938 - INFO - Pan Angle: -14.85, Tilt Angle: -32.4
2025-03-13 00:37:08,063 - INFO - Time: 1741826228.06s | Pan Error: -0.13, Tilt Error: 5.13
2025-03-13 00:37:08,064 - INFO - Pan Angle: -14.85, Tilt Angle: -30.06
2025-03-13 00:37:08,194 - INFO - Time: 1741826228.19s | Pan Error: -0.21, Tilt Error: 2.75
2025-03-13 00:37:08,196 - INFO - Pan Angle: -14.85, Tilt Angle: -28.8
2025-03-13 00:37:08,330 - INFO - Time: 1741826228.33s | Pan Error: -0.31, Tilt Error: 2.71
2025-03-13 00:37:08,331 - INFO - Pan Angle: -14.85, Tilt Angle: -27.54
2025-03-13 00:37:08,463 - INFO - Time: 1741826228.46s | Pan Error: -0.44, Tilt Error: 3.58
2025-03-13 00:37:08,463 - INFO - Pan Angle: -14.85, Tilt Angle: -25.74
2025-03-13 00:37:08,597 - INFO - Time: 1741826228.60s | Pan Error: -0.66, Tilt Error: 5.64
2025-03-13 00:37:08,598 - INFO - Pan Angle: -14.58, Tilt Angle: -22.86
2025-03-13 00:37:08,731 - INFO - Time: 1741826228.73s | Pan Error: -1.09, Tilt Error: 6.20
2025-03-13 00:37:08,732 - INFO - Pan Angle: -14.04, Tilt Angle: -19.8
2025-03-13 00:37:08,880 - INFO - Time: 1741826228.88s | Pan Error: -1.73, Tilt Error: 5.25
2025-03-13 00:37:08,881 - INFO - Pan Angle: -13.23, Tilt Angle: -17.28
2025-03-13 00:37:09,084 - INFO - Time: 1741826229.08s | Pan Error: -2.64, Tilt Error: 4.92
2025-03-13 00:37:09,085 - INFO - Pan Angle: -11.88, Tilt Angle: -14.94
2025-03-13 00:37:09,209 - INFO - Time: 1741826229.21s | Pan Error: -3.35, Tilt Error: 6.51
2025-03-13 00:37:09,210 - INFO - Pan Angle: -10.26, Tilt Angle: -11.7
2025-03-13 00:37:09,368 - INFO - Time: 1741826229.37s | Pan Error: -1.98, Tilt Error: 5.90
2025-03-13 00:37:09,369 - INFO - Pan Angle: -9.45, Tilt Angle: -8.82
2025-03-13 00:37:09,500 - INFO - Time: 1741826229.50s | Pan Error: -1.00, Tilt Error: 3.91
2025-03-13 00:37:09,501 - INFO - Pan Angle: -9.18, Tilt Angle: -7.02
2025-03-13 00:37:09,631 - INFO - Time: 1741826229.63s | Pan Error: -0.85, Tilt Error: 1.11
2025-03-13 00:37:09,632 - INFO - Pan Angle: -8.91, Tilt Angle: -6.66
2025-03-13 00:37:09,765 - INFO - Time: 1741826229.77s | Pan Error: -0.95, Tilt Error: 1.13
2025-03-13 00:37:09,766 - INFO - Pan Angle: -8.64, Tilt Angle: -6.12
2025-03-13 00:37:09,899 - INFO - Time: 1741826229.90s | Pan Error: -0.97, Tilt Error: 1.37
2025-03-13 00:37:09,899 - INFO - Pan Angle: -8.37, Tilt Angle: -5.58
2025-03-13 00:37:10,050 - INFO - Time: 1741826230.05s | Pan Error: 0.09, Tilt Error: 0.91
2025-03-13 00:37:10,051 - INFO - Pan Angle: -8.64, Tilt Angle: -5.22
2025-03-13 00:37:10,175 - INFO - Time: 1741826230.18s | Pan Error: -0.09, Tilt Error: 0.75
2025-03-13 00:37:10,176 - INFO - Pan Angle: -8.64, Tilt Angle: -4.86
2025-03-13 00:37:10,336 - INFO - Time: 1741826230.34s | Pan Error: -0.09, Tilt Error: 0.33
2025-03-13 00:37:10,336 - INFO - Pan Angle: -8.64, Tilt Angle: -4.86
2025-03-13 00:37:10,496 - INFO - Time: 1741826230.50s | Pan Error: 1.18, Tilt Error: 0.25
2025-03-13 00:37:10,497 - INFO - Pan Angle: -9.45, Tilt Angle: -4.86
2025-03-13 00:37:10,629 - INFO - Time: 1741826230.63s | Pan Error: 1.36, Tilt Error: -0.20
2025-03-13 00:37:10,630 - INFO - Pan Angle: -10.26, Tilt Angle: -5.04
2025-03-13 00:37:10,765 - INFO - Time: 1741826230.77s | Pan Error: 1.39, Tilt Error: -0.27
2025-03-13 00:37:10,766 - INFO - Pan Angle: -11.07, Tilt Angle: -5.22
2025-03-13 00:37:10,965 - INFO - Time: 1741826230.97s | Pan Error: 1.39, Tilt Error: -0.21
2025-03-13 00:37:10,967 - INFO - Pan Angle: -11.88, Tilt Angle: -5.4
2025-03-13 00:37:11,139 - INFO - Time: 1741826231.14s | Pan Error: 1.40, Tilt Error: -0.21
2025-03-13 00:37:11,140 - INFO - Pan Angle: -12.69, Tilt Angle: -5.58
2025-03-13 00:37:11,304 - INFO - Time: 1741826231.30s | Pan Error: 1.37, Tilt Error: -0.25
2025-03-13 00:37:11,306 - INFO - Pan Angle: -13.5, Tilt Angle: -5.76
2025-03-13 00:37:11,496 - INFO - Time: 1741826231.50s | Pan Error: 1.28, Tilt Error: -0.24
2025-03-13 00:37:11,497 - INFO - Pan Angle: -14.31, Tilt Angle: -5.94
2025-03-13 00:37:11,773 - INFO - Time: 1741826231.77s | Pan Error: -1.88, Tilt Error: -0.10
2025-03-13 00:37:11,774 - INFO - Pan Angle: -13.5, Tilt Angle: -6.12
2025-03-13 00:37:11,935 - INFO - Time: 1741826231.94s | Pan Error: -2.00, Tilt Error: -0.10
2025-03-13 00:37:11,936 - INFO - Pan Angle: -12.69, Tilt Angle: -6.3
2025-03-13 00:37:12,119 - INFO - Time: 1741826232.12s | Pan Error: -2.04, Tilt Error: -0.15
2025-03-13 00:37:12,121 - INFO - Pan Angle: -11.88, Tilt Angle: -6.48
2025-03-13 00:37:12,265 - INFO - Time: 1741826232.27s | Pan Error: -2.05, Tilt Error: -0.13
2025-03-13 00:37:12,267 - INFO - Pan Angle: -11.07, Tilt Angle: -6.66
2025-03-13 00:37:12,407 - INFO - Time: 1741826232.41s | Pan Error: -2.06, Tilt Error: -0.11
2025-03-13 00:37:12,409 - INFO - Pan Angle: -10.26, Tilt Angle: -6.84
2025-03-13 00:37:12,578 - INFO - Time: 1741826232.58s | Pan Error: -2.00, Tilt Error: -0.15
2025-03-13 00:37:12,583 - INFO - Pan Angle: -9.45, Tilt Angle: -7.02
2025-03-13 00:37:12,723 - INFO - Time: 1741826232.72s | Pan Error: -1.86, Tilt Error: -0.13
2025-03-13 00:37:12,724 - INFO - Pan Angle: -8.64, Tilt Angle: -7.2
2025-03-13 00:37:12,858 - INFO - Time: 1741826232.86s | Pan Error: 1.10, Tilt Error: -0.38
2025-03-13 00:37:12,859 - INFO - Pan Angle: -9.45, Tilt Angle: -7.56
2025-03-13 00:37:12,989 - INFO - Time: 1741826232.99s | Pan Error: 3.78, Tilt Error: -0.48
2025-03-13 00:37:12,990 - INFO - Pan Angle: -11.61, Tilt Angle: -7.92
2025-03-13 00:37:13,124 - INFO - Time: 1741826233.12s | Pan Error: 6.01, Tilt Error: -0.05
2025-03-13 00:37:13,125 - INFO - Pan Angle: -14.85, Tilt Angle: -8.1
2025-03-13 00:37:13,253 - INFO - Time: 1741826233.25s | Pan Error: 7.97, Tilt Error: 0.37
2025-03-13 00:37:13,254 - INFO - Pan Angle: -18.9, Tilt Angle: -7.92
2025-03-13 00:37:13,383 - INFO - Time: 1741826233.38s | Pan Error: 8.31, Tilt Error: 0.37
2025-03-13 00:37:13,384 - INFO - Pan Angle: -23.22, Tilt Angle: -7.74
2025-03-13 00:37:13,511 - INFO - Time: 1741826233.51s | Pan Error: 5.53, Tilt Error: 0.43
2025-03-13 00:37:13,512 - INFO - Pan Angle: -25.92, Tilt Angle: -7.56
2025-03-13 00:37:13,646 - INFO - Time: 1741826233.65s | Pan Error: 2.07, Tilt Error: 0.61
2025-03-13 00:37:13,647 - INFO - Pan Angle: -27.0, Tilt Angle: -7.38
2025-03-13 00:37:13,781 - INFO - Time: 1741826233.78s | Pan Error: -0.76, Tilt Error: 0.72
2025-03-13 00:37:13,782 - INFO - Pan Angle: -26.73, Tilt Angle: -7.02
2025-03-13 00:37:13,908 - INFO - Time: 1741826233.91s | Pan Error: -2.68, Tilt Error: 0.81
2025-03-13 00:37:13,909 - INFO - Pan Angle: -25.38, Tilt Angle: -6.66
2025-03-13 00:37:14,038 - INFO - Time: 1741826234.04s | Pan Error: -2.68, Tilt Error: 0.83
2025-03-13 00:37:14,039 - INFO - Pan Angle: -24.3, Tilt Angle: -6.3
2025-03-13 00:37:14,202 - INFO - Time: 1741826234.20s | Pan Error: -2.70, Tilt Error: 0.82
2025-03-13 00:37:14,203 - INFO - Pan Angle: -23.22, Tilt Angle: -5.94
2025-03-13 00:37:14,356 - INFO - Time: 1741826234.36s | Pan Error: -2.74, Tilt Error: 0.81
2025-03-13 00:37:14,357 - INFO - Pan Angle: -21.87, Tilt Angle: -5.58
2025-03-13 00:37:14,491 - INFO - Time: 1741826234.49s | Pan Error: -1.85, Tilt Error: 0.73
2025-03-13 00:37:14,492 - INFO - Pan Angle: -21.06, Tilt Angle: -5.22
2025-03-13 00:37:14,637 - INFO - Time: 1741826234.64s | Pan Error: 0.21, Tilt Error: 0.66
2025-03-13 00:37:14,638 - INFO - Pan Angle: -21.33, Tilt Angle: -5.04
2025-03-13 00:37:14,790 - INFO - Time: 1741826234.79s | Pan Error: 1.19, Tilt Error: 0.53
2025-03-13 00:37:14,791 - INFO - Pan Angle: -22.14, Tilt Angle: -4.86
2025-03-13 00:37:14,928 - INFO - Time: 1741826234.93s | Pan Error: 1.60, Tilt Error: 0.49
2025-03-13 00:37:14,929 - INFO - Pan Angle: -23.22, Tilt Angle: -4.68
2025-03-13 00:37:15,062 - INFO - Time: 1741826235.06s | Pan Error: 2.87, Tilt Error: -0.44
2025-03-13 00:37:15,063 - INFO - Pan Angle: -24.84, Tilt Angle: -5.04
2025-03-13 00:37:15,129 - INFO - Stream stats - Frame: 600, Size: 187285 bytes, Clients: 1
2025-03-13 00:37:15,227 - INFO - Time: 1741826235.23s | Pan Error: 4.37, Tilt Error: -0.68
2025-03-13 00:37:15,228 - INFO - Pan Angle: -27.27, Tilt Angle: -5.4
2025-03-13 00:37:15,360 - INFO - Time: 1741826235.36s | Pan Error: 3.66, Tilt Error: -0.70
2025-03-13 00:37:15,361 - INFO - Pan Angle: -29.16, Tilt Angle: -5.76
2025-03-13 00:37:15,521 - INFO - Time: 1741826235.52s | Pan Error: 1.52, Tilt Error: -0.57
2025-03-13 00:37:15,523 - INFO - Pan Angle: -29.97, Tilt Angle: -6.12
2025-03-13 00:37:15,690 - INFO - Time: 1741826235.69s | Pan Error: -1.25, Tilt Error: -0.46
2025-03-13 00:37:15,691 - INFO - Pan Angle: -29.43, Tilt Angle: -6.48
2025-03-13 00:37:15,828 - INFO - Time: 1741826235.83s | Pan Error: -2.38, Tilt Error: -0.38
2025-03-13 00:37:15,829 - INFO - Pan Angle: -28.35, Tilt Angle: -6.84
2025-03-13 00:37:15,959 - INFO - Time: 1741826235.96s | Pan Error: -2.53, Tilt Error: -0.34
2025-03-13 00:37:15,960 - INFO - Pan Angle: -27.27, Tilt Angle: -7.02
2025-03-13 00:37:16,109 - INFO - Time: 1741826236.11s | Pan Error: -3.78, Tilt Error: -0.28
2025-03-13 00:37:16,110 - INFO - Pan Angle: -25.38, Tilt Angle: -7.2
2025-03-13 00:37:16,274 - INFO - Time: 1741826236.27s | Pan Error: -5.73, Tilt Error: -0.16
2025-03-13 00:37:16,274 - INFO - Pan Angle: -22.68, Tilt Angle: -7.38
2025-03-13 00:37:16,401 - INFO - Time: 1741826236.40s | Pan Error: -4.17, Tilt Error: -0.24
2025-03-13 00:37:16,401 - INFO - Pan Angle: -20.79, Tilt Angle: -7.56
2025-03-13 00:37:16,569 - INFO - Time: 1741826236.57s | Pan Error: -2.02, Tilt Error: 0.16
2025-03-13 00:37:16,570 - INFO - Pan Angle: -19.98, Tilt Angle: -7.56
2025-03-13 00:37:16,924 - INFO - Time: 1741826236.92s | Pan Error: -0.59, Tilt Error: 0.08
2025-03-13 00:37:16,925 - INFO - Pan Angle: -19.98, Tilt Angle: -7.56
2025-03-13 00:37:17,067 - INFO - Time: 1741826237.07s | Pan Error: -2.27, Tilt Error: 0.14
2025-03-13 00:37:17,068 - INFO - Pan Angle: -18.9, Tilt Angle: -7.56
2025-03-13 00:37:17,608 - INFO - Time: 1741826237.61s | Pan Error: -4.23, Tilt Error: 0.29
2025-03-13 00:37:17,608 - INFO - Pan Angle: -17.01, Tilt Angle: -7.56
2025-03-13 00:37:17,736 - INFO - Time: 1741826237.74s | Pan Error: -5.42, Tilt Error: 0.37
2025-03-13 00:37:17,738 - INFO - Pan Angle: -14.31, Tilt Angle: -7.38
2025-03-13 00:37:17,879 - INFO - Time: 1741826237.88s | Pan Error: -6.53, Tilt Error: 0.43
2025-03-13 00:37:17,881 - INFO - Pan Angle: -11.07, Tilt Angle: -7.2
2025-03-13 00:37:18,075 - INFO - Time: 1741826238.08s | Pan Error: -5.44, Tilt Error: 0.35
2025-03-13 00:37:18,076 - INFO - Pan Angle: -8.64, Tilt Angle: -7.2
2025-03-13 00:37:18,720 - INFO - Time: 1741826238.72s | Pan Error: -3.80, Tilt Error: 0.36
2025-03-13 00:37:18,721 - INFO - Pan Angle: -7.02, Tilt Angle: -7.02
2025-03-13 00:37:19,018 - INFO - Time: 1741826239.02s | Pan Error: -5.60, Tilt Error: 0.46
2025-03-13 00:37:19,019 - INFO - Pan Angle: -4.32, Tilt Angle: -6.84
2025-03-13 00:37:19,174 - INFO - Time: 1741826239.17s | Pan Error: -6.40, Tilt Error: 0.52
2025-03-13 00:37:19,176 - INFO - Pan Angle: -1.35, Tilt Angle: -6.66
2025-03-13 00:37:19,396 - INFO - Time: 1741826239.40s | Pan Error: -4.86, Tilt Error: 0.41
2025-03-13 00:37:19,398 - INFO - Pan Angle: 0.81, Tilt Angle: -6.48
2025-03-13 00:37:19,555 - INFO - Time: 1741826239.56s | Pan Error: -1.26, Tilt Error: 0.25
2025-03-13 00:37:19,556 - INFO - Pan Angle: 1.35, Tilt Angle: -6.48
2025-03-13 00:37:19,700 - INFO - Time: 1741826239.70s | Pan Error: -0.26, Tilt Error: 0.22
2025-03-13 00:37:19,701 - INFO - Pan Angle: 1.35, Tilt Angle: -6.48
2025-03-13 00:37:19,834 - INFO - Time: 1741826239.83s | Pan Error: 0.82, Tilt Error: 0.21
2025-03-13 00:37:19,835 - INFO - Pan Angle: 0.81, Tilt Angle: -6.48
2025-03-13 00:37:19,973 - INFO - Time: 1741826239.97s | Pan Error: 0.97, Tilt Error: 0.19
2025-03-13 00:37:19,974 - INFO - Pan Angle: 0.27, Tilt Angle: -6.48
2025-03-13 00:37:20,188 - INFO - Time: 1741826240.19s | Pan Error: 1.41, Tilt Error: 0.18
2025-03-13 00:37:20,189 - INFO - Pan Angle: -0.54, Tilt Angle: -6.48
2025-03-13 00:37:20,330 - INFO - Time: 1741826240.33s | Pan Error: 2.48, Tilt Error: 0.13
2025-03-13 00:37:20,333 - INFO - Pan Angle: -1.89, Tilt Angle: -6.48
2025-03-13 00:37:20,480 - INFO - Time: 1741826240.48s | Pan Error: 4.11, Tilt Error: 0.02
2025-03-13 00:37:20,483 - INFO - Pan Angle: -4.05, Tilt Angle: -6.48
2025-03-13 00:37:20,684 - INFO - Time: 1741826240.68s | Pan Error: 4.38, Tilt Error: 0.04
2025-03-13 00:37:20,684 - INFO - Pan Angle: -6.48, Tilt Angle: -6.48
2025-03-13 00:37:20,830 - INFO - Time: 1741826240.83s | Pan Error: 4.05, Tilt Error: -0.02
2025-03-13 00:37:20,831 - INFO - Pan Angle: -8.64, Tilt Angle: -6.66
2025-03-13 00:37:20,961 - INFO - Time: 1741826240.96s | Pan Error: 5.88, Tilt Error: -0.19
2025-03-13 00:37:20,962 - INFO - Pan Angle: -11.88, Tilt Angle: -6.84
2025-03-13 00:37:21,121 - INFO - Time: 1741826241.12s | Pan Error: 5.53, Tilt Error: -0.18
2025-03-13 00:37:21,123 - INFO - Pan Angle: -14.85, Tilt Angle: -7.02
2025-03-13 00:37:21,276 - INFO - Time: 1741826241.28s | Pan Error: 3.64, Tilt Error: -0.07
2025-03-13 00:37:21,276 - INFO - Pan Angle: -16.74, Tilt Angle: -7.2
2025-03-13 00:37:21,481 - INFO - Time: 1741826241.48s | Pan Error: -0.14, Tilt Error: 0.05
2025-03-13 00:37:21,482 - INFO - Pan Angle: -16.74, Tilt Angle: -7.2
2025-03-13 00:37:21,626 - INFO - Time: 1741826241.63s | Pan Error: -3.97, Tilt Error: 0.33
2025-03-13 00:37:21,627 - INFO - Pan Angle: -14.85, Tilt Angle: -7.2
2025-03-13 00:37:21,760 - INFO - Time: 1741826241.76s | Pan Error: -4.50, Tilt Error: 0.36
2025-03-13 00:37:21,760 - INFO - Pan Angle: -12.69, Tilt Angle: -7.02
2025-03-13 00:37:21,898 - INFO - Time: 1741826241.90s | Pan Error: -4.47, Tilt Error: 0.46
2025-03-13 00:37:21,899 - INFO - Pan Angle: -10.53, Tilt Angle: -6.84
2025-03-13 00:37:22,092 - INFO - Time: 1741826242.09s | Pan Error: -5.99, Tilt Error: -1.99
2025-03-13 00:37:22,093 - INFO - Pan Angle: -7.56, Tilt Angle: -7.92
2025-03-13 00:37:22,251 - INFO - Time: 1741826242.25s | Pan Error: -7.44, Tilt Error: -8.28
2025-03-13 00:37:22,252 - INFO - Pan Angle: -4.05, Tilt Angle: -12.24
2025-03-13 00:37:22,389 - INFO - Time: 1741826242.39s | Pan Error: -9.09, Tilt Error: -10.45
2025-03-13 00:37:22,390 - INFO - Pan Angle: 0.27, Tilt Angle: -17.64
2025-03-13 00:37:22,942 - INFO - Time: 1741826242.94s | Pan Error: -8.71, Tilt Error: -6.04
2025-03-13 00:37:22,943 - INFO - Pan Angle: 4.59, Tilt Angle: -20.7
2025-03-13 00:37:23,642 - INFO - Time: 1741826243.64s | Pan Error: -9.30, Tilt Error: -12.80
2025-03-13 00:37:23,643 - INFO - Pan Angle: 9.18, Tilt Angle: -27.36
2025-03-13 00:37:23,795 - INFO - Time: 1741826243.80s | Pan Error: -9.54, Tilt Error: -16.50
2025-03-13 00:37:23,796 - INFO - Pan Angle: 13.77, Tilt Angle: -35.82
2025-03-13 00:37:24,199 - INFO - Time: 1741826244.20s | Pan Error: -0.93, Tilt Error: -2.89
2025-03-13 00:37:24,201 - INFO - Pan Angle: 14.04, Tilt Angle: -37.08
2025-03-13 00:37:24,335 - INFO - Time: 1741826244.34s | Pan Error: -0.85, Tilt Error: -4.92
2025-03-13 00:37:24,336 - INFO - Pan Angle: 14.31, Tilt Angle: -39.6
2025-03-13 00:37:24,468 - INFO - Time: 1741826244.47s | Pan Error: -1.04, Tilt Error: -5.63
2025-03-13 00:37:24,469 - INFO - Pan Angle: 14.58, Tilt Angle: -42.48
2025-03-13 00:37:24,604 - INFO - Time: 1741826244.60s | Pan Error: -1.32, Tilt Error: -4.53
2025-03-13 00:37:24,605 - INFO - Pan Angle: 15.12, Tilt Angle: -44.82
2025-03-13 00:37:24,856 - INFO - Time: 1741826244.86s | Pan Error: -1.40, Tilt Error: -2.19
2025-03-13 00:37:24,857 - INFO - Pan Angle: 15.66, Tilt Angle: -45.9
2025-03-13 00:37:25,136 - INFO - Stream stats - Frame: 900, Size: 201756 bytes, Clients: 1
2025-03-13 00:37:25,455 - INFO - Time: 1741826245.46s | Pan Error: -1.11, Tilt Error: 1.82
2025-03-13 00:37:25,456 - INFO - Pan Angle: 16.2, Tilt Angle: -45.0
2025-03-13 00:37:25,603 - INFO - Time: 1741826245.60s | Pan Error: -1.24, Tilt Error: 1.82
2025-03-13 00:37:25,604 - INFO - Pan Angle: 16.74, Tilt Angle: -44.1
2025-03-13 00:37:25,783 - INFO - Time: 1741826245.78s | Pan Error: 0.64, Tilt Error: 1.70
2025-03-13 00:37:25,785 - INFO - Pan Angle: 16.2, Tilt Angle: -43.38
2025-03-13 00:37:25,971 - INFO - Time: 1741826245.97s | Pan Error: 0.81, Tilt Error: 1.86
2025-03-13 00:37:25,973 - INFO - Pan Angle: 15.66, Tilt Angle: -42.48
2025-03-13 00:37:26,206 - INFO - Time: 1741826246.21s | Pan Error: 1.43, Tilt Error: 2.28
2025-03-13 00:37:26,207 - INFO - Pan Angle: 14.85, Tilt Angle: -41.4
2025-03-13 00:37:26,400 - INFO - Time: 1741826246.40s | Pan Error: 2.08, Tilt Error: 2.00
2025-03-13 00:37:26,401 - INFO - Pan Angle: 13.77, Tilt Angle: -40.5
2025-03-13 00:37:26,566 - INFO - Time: 1741826246.57s | Pan Error: 2.93, Tilt Error: 1.27
2025-03-13 00:37:26,567 - INFO - Pan Angle: 12.15, Tilt Angle: -39.96
2025-03-13 00:37:26,705 - INFO - Time: 1741826246.71s | Pan Error: 3.19, Tilt Error: 0.41
2025-03-13 00:37:26,707 - INFO - Pan Angle: 10.53, Tilt Angle: -39.78
2025-03-13 00:37:26,847 - INFO - Time: 1741826246.85s | Pan Error: 3.20, Tilt Error: 0.28
2025-03-13 00:37:26,849 - INFO - Pan Angle: 8.91, Tilt Angle: -39.78
2025-03-13 00:37:26,994 - INFO - Time: 1741826246.99s | Pan Error: 3.77, Tilt Error: 1.25
2025-03-13 00:37:26,995 - INFO - Pan Angle: 6.75, Tilt Angle: -39.24
2025-03-13 00:37:27,128 - INFO - Time: 1741826247.13s | Pan Error: 4.25, Tilt Error: 3.31
2025-03-13 00:37:27,129 - INFO - Pan Angle: 4.59, Tilt Angle: -37.62
2025-03-13 00:37:27,267 - INFO - Time: 1741826247.27s | Pan Error: 4.92, Tilt Error: 3.18
2025-03-13 00:37:27,268 - INFO - Pan Angle: 1.89, Tilt Angle: -36.18
2025-03-13 00:37:27,460 - INFO - Time: 1741826247.46s | Pan Error: 5.29, Tilt Error: 0.63
2025-03-13 00:37:27,461 - INFO - Pan Angle: -0.81, Tilt Angle: -36.0
2025-03-13 00:37:27,594 - INFO - Time: 1741826247.59s | Pan Error: 5.10, Tilt Error: -1.04
2025-03-13 00:37:27,595 - INFO - Pan Angle: -3.51, Tilt Angle: -36.72
2025-03-13 00:37:27,724 - INFO - Time: 1741826247.72s | Pan Error: 4.97, Tilt Error: -0.03
2025-03-13 00:37:27,725 - INFO - Pan Angle: -6.21, Tilt Angle: -36.9
2025-03-13 00:37:27,861 - INFO - Time: 1741826247.86s | Pan Error: 4.86, Tilt Error: 2.66
2025-03-13 00:37:27,862 - INFO - Pan Angle: -8.64, Tilt Angle: -35.64
2025-03-13 00:37:27,995 - INFO - Time: 1741826248.00s | Pan Error: 4.03, Tilt Error: 4.92
2025-03-13 00:37:27,996 - INFO - Pan Angle: -10.8, Tilt Angle: -33.3
2025-03-13 00:37:28,181 - INFO - Time: 1741826248.18s | Pan Error: 2.82, Tilt Error: 6.22
2025-03-13 00:37:28,184 - INFO - Pan Angle: -12.42, Tilt Angle: -30.24
2025-03-13 00:37:28,321 - INFO - Time: 1741826248.32s | Pan Error: 0.73, Tilt Error: 7.16
2025-03-13 00:37:28,322 - INFO - Pan Angle: -12.96, Tilt Angle: -26.82
2025-03-13 00:37:28,469 - INFO - Time: 1741826248.47s | Pan Error: 0.38, Tilt Error: 8.42
2025-03-13 00:37:28,470 - INFO - Pan Angle: -13.23, Tilt Angle: -22.68
2025-03-13 00:37:28,596 - INFO - Time: 1741826248.60s | Pan Error: 0.26, Tilt Error: 7.70
2025-03-13 00:37:28,597 - INFO - Pan Angle: -13.5, Tilt Angle: -18.9
2025-03-13 00:37:28,728 - INFO - Time: 1741826248.73s | Pan Error: -0.67, Tilt Error: 4.65
2025-03-13 00:37:28,729 - INFO - Pan Angle: -13.23, Tilt Angle: -16.74
2025-03-13 00:37:28,869 - INFO - Time: 1741826248.87s | Pan Error: -1.25, Tilt Error: 0.34
2025-03-13 00:37:28,870 - INFO - Pan Angle: -12.69, Tilt Angle: -16.74
2025-03-13 00:37:29,097 - INFO - Time: 1741826249.10s | Pan Error: -1.64, Tilt Error: -1.73
2025-03-13 00:37:29,098 - INFO - Pan Angle: -11.88, Tilt Angle: -17.64
2025-03-13 00:37:29,235 - INFO - Time: 1741826249.24s | Pan Error: -1.74, Tilt Error: -4.07
2025-03-13 00:37:29,237 - INFO - Pan Angle: -11.07, Tilt Angle: -19.8
2025-03-13 00:37:29,430 - INFO - Time: 1741826249.43s | Pan Error: -1.69, Tilt Error: -4.76
2025-03-13 00:37:29,430 - INFO - Pan Angle: -10.26, Tilt Angle: -22.32
2025-03-13 00:37:29,565 - INFO - Time: 1741826249.57s | Pan Error: -1.78, Tilt Error: -5.41
2025-03-13 00:37:29,566 - INFO - Pan Angle: -9.45, Tilt Angle: -25.2
2025-03-13 00:37:29,695 - INFO - Time: 1741826249.70s | Pan Error: -1.94, Tilt Error: -3.35
2025-03-13 00:37:29,696 - INFO - Pan Angle: -8.64, Tilt Angle: -27.0
2025-03-13 00:37:30,061 - INFO - Time: 1741826250.06s | Pan Error: 0.05, Tilt Error: 1.26
2025-03-13 00:37:30,062 - INFO - Pan Angle: -8.91, Tilt Angle: -26.46
2025-03-13 00:37:30,197 - INFO - Time: 1741826250.20s | Pan Error: 0.54, Tilt Error: 2.12
2025-03-13 00:37:30,198 - INFO - Pan Angle: -9.45, Tilt Angle: -25.56
2025-03-13 00:37:30,327 - INFO - Time: 1741826250.33s | Pan Error: 0.73, Tilt Error: 2.24
2025-03-13 00:37:30,328 - INFO - Pan Angle: -9.99, Tilt Angle: -24.48
2025-03-13 00:37:30,463 - INFO - Time: 1741826250.46s | Pan Error: 3.49, Tilt Error: 0.74
2025-03-13 00:37:30,464 - INFO - Pan Angle: -11.88, Tilt Angle: -24.3
2025-03-13 00:37:30,601 - INFO - Time: 1741826250.60s | Pan Error: 6.67, Tilt Error: -0.47
2025-03-13 00:37:30,602 - INFO - Pan Angle: -15.39, Tilt Angle: -24.66
2025-03-13 00:37:30,813 - INFO - Time: 1741826250.81s | Pan Error: 9.92, Tilt Error: -0.96
2025-03-13 00:37:30,815 - INFO - Pan Angle: -20.52, Tilt Angle: -25.2
2025-03-13 00:37:30,951 - INFO - Time: 1741826250.95s | Pan Error: 10.85, Tilt Error: 0.02
2025-03-13 00:37:30,952 - INFO - Pan Angle: -26.19, Tilt Angle: -25.2
2025-03-13 00:37:31,085 - INFO - Time: 1741826251.09s | Pan Error: 8.50, Tilt Error: 1.58
2025-03-13 00:37:31,086 - INFO - Pan Angle: -30.51, Tilt Angle: -24.48
2025-03-13 00:37:31,222 - INFO - Time: 1741826251.22s | Pan Error: 4.88, Tilt Error: 2.62
2025-03-13 00:37:31,224 - INFO - Pan Angle: -32.94, Tilt Angle: -23.22
2025-03-13 00:37:31,360 - INFO - Time: 1741826251.36s | Pan Error: 0.68, Tilt Error: 2.58
2025-03-13 00:37:31,361 - INFO - Pan Angle: -33.48, Tilt Angle: -21.96
2025-03-13 00:37:31,550 - INFO - Time: 1741826251.55s | Pan Error: -1.49, Tilt Error: 1.63
2025-03-13 00:37:31,551 - INFO - Pan Angle: -32.94, Tilt Angle: -21.24
2025-03-13 00:37:31,867 - INFO - Time: 1741826251.87s | Pan Error: -5.97, Tilt Error: -1.82
2025-03-13 00:37:31,868 - INFO - Pan Angle: -29.97, Tilt Angle: -22.32
2025-03-13 00:37:32,065 - INFO - Time: 1741826252.07s | Pan Error: -7.37, Tilt Error: -1.89
2025-03-13 00:37:32,066 - INFO - Pan Angle: -26.46, Tilt Angle: -23.4
2025-03-13 00:37:32,196 - INFO - Time: 1741826252.20s | Pan Error: -9.53, Tilt Error: -0.60
2025-03-13 00:37:32,197 - INFO - Pan Angle: -21.87, Tilt Angle: -23.76
2025-03-13 00:37:32,325 - INFO - Time: 1741826252.33s | Pan Error: -8.99, Tilt Error: 0.12
2025-03-13 00:37:32,326 - INFO - Pan Angle: -17.55, Tilt Angle: -23.76
2025-03-13 00:37:32,455 - INFO - Time: 1741826252.46s | Pan Error: -7.52, Tilt Error: 0.37
2025-03-13 00:37:32,456 - INFO - Pan Angle: -14.04, Tilt Angle: -23.58
2025-03-13 00:37:32,586 - INFO - Time: 1741826252.59s | Pan Error: -6.35, Tilt Error: 0.43
2025-03-13 00:37:32,587 - INFO - Pan Angle: -11.07, Tilt Angle: -23.4
2025-03-13 00:37:32,731 - INFO - Time: 1741826252.73s | Pan Error: -4.65, Tilt Error: 0.43
2025-03-13 00:37:32,732 - INFO - Pan Angle: -8.91, Tilt Angle: -23.22
2025-03-13 00:37:33,066 - INFO - Time: 1741826253.07s | Pan Error: -5.34, Tilt Error: -0.02
2025-03-13 00:37:33,066 - INFO - Pan Angle: -6.48, Tilt Angle: -23.4
2025-03-13 00:37:33,291 - INFO - Time: 1741826253.29s | Pan Error: -8.88, Tilt Error: -0.22
2025-03-13 00:37:33,293 - INFO - Pan Angle: -2.16, Tilt Angle: -23.58
2025-03-13 00:37:33,429 - INFO - Time: 1741826253.43s | Pan Error: -10.75, Tilt Error: 0.41
2025-03-13 00:37:33,430 - INFO - Pan Angle: 3.24, Tilt Angle: -23.4
2025-03-13 00:37:33,579 - INFO - Time: 1741826253.58s | Pan Error: -9.60, Tilt Error: 1.68
2025-03-13 00:37:33,581 - INFO - Pan Angle: 7.83, Tilt Angle: -22.68
2025-03-13 00:37:33,795 - INFO - Time: 1741826253.80s | Pan Error: -5.60, Tilt Error: 3.80
2025-03-13 00:37:33,797 - INFO - Pan Angle: 10.53, Tilt Angle: -20.88
2025-03-13 00:37:34,007 - INFO - Time: 1741826254.01s | Pan Error: -0.91, Tilt Error: 11.33
2025-03-13 00:37:34,011 - INFO - Pan Angle: 10.8, Tilt Angle: -15.3
2025-03-13 00:37:34,168 - INFO - Time: 1741826254.17s | Pan Error: 0.36, Tilt Error: 14.10
2025-03-13 00:37:34,169 - INFO - Pan Angle: 10.53, Tilt Angle: -8.28
2025-03-13 00:37:34,324 - INFO - Time: 1741826254.32s | Pan Error: 0.26, Tilt Error: 12.02
2025-03-13 00:37:34,325 - INFO - Pan Angle: 10.26, Tilt Angle: -2.34
2025-03-13 00:37:34,543 - INFO - Time: 1741826254.54s | Pan Error: 0.14, Tilt Error: 6.81
2025-03-13 00:37:34,544 - INFO - Pan Angle: 9.99, Tilt Angle: 0.9
2025-03-13 00:37:34,846 - INFO - Time: 1741826254.85s | Pan Error: 1.03, Tilt Error: -7.70
2025-03-13 00:37:34,847 - INFO - Pan Angle: 9.45, Tilt Angle: -3.24
2025-03-13 00:37:35,056 - INFO - Time: 1741826255.06s | Pan Error: 1.25, Tilt Error: -11.85
2025-03-13 00:37:35,058 - INFO - Pan Angle: 8.64, Tilt Angle: -9.36
2025-03-13 00:37:35,237 - INFO - Stream stats - Frame: 1200, Size: 201359 bytes, Clients: 1
2025-03-13 00:37:37,922 - INFO - Time: 1741826257.92s | Pan Error: 5.90, Tilt Error: -18.64
2025-03-13 00:37:37,923 - INFO - Pan Angle: 5.4, Tilt Angle: -18.9
2025-03-13 00:37:38,067 - INFO - Time: 1741826258.07s | Pan Error: 3.91, Tilt Error: -12.59
2025-03-13 00:37:38,068 - INFO - Pan Angle: 3.24, Tilt Angle: -25.2
2025-03-13 00:37:38,226 - INFO - Time: 1741826258.23s | Pan Error: 1.74, Tilt Error: -0.44
2025-03-13 00:37:38,229 - INFO - Pan Angle: 2.16, Tilt Angle: -25.38
2025-03-13 00:37:38,391 - INFO - Time: 1741826258.39s | Pan Error: -1.69, Tilt Error: 7.69
2025-03-13 00:37:38,392 - INFO - Pan Angle: 2.97, Tilt Angle: -21.6
2025-03-13 00:37:38,613 - INFO - Time: 1741826258.61s | Pan Error: -3.84, Tilt Error: 8.75
2025-03-13 00:37:38,613 - INFO - Pan Angle: 4.86, Tilt Angle: -17.28
2025-03-13 00:37:39,214 - INFO - Time: 1741826259.21s | Pan Error: -1.03, Tilt Error: -15.24
2025-03-13 00:37:39,215 - INFO - Pan Angle: 5.13, Tilt Angle: -25.2
2025-03-13 00:37:39,607 - INFO - Time: 1741826259.61s | Pan Error: -3.84, Tilt Error: 4.54
2025-03-13 00:37:39,610 - INFO - Pan Angle: 7.02, Tilt Angle: -22.86
2025-03-13 00:37:39,774 - INFO - Time: 1741826259.77s | Pan Error: -4.45, Tilt Error: 8.43
2025-03-13 00:37:39,776 - INFO - Pan Angle: 9.18, Tilt Angle: -18.72
2025-03-13 00:37:39,933 - INFO - Time: 1741826259.93s | Pan Error: -2.83, Tilt Error: 9.19
2025-03-13 00:37:39,934 - INFO - Pan Angle: 10.53, Tilt Angle: -14.22
2025-03-13 00:37:40,067 - INFO - Time: 1741826260.07s | Pan Error: 0.93, Tilt Error: 5.10
2025-03-13 00:37:40,069 - INFO - Pan Angle: 9.99, Tilt Angle: -11.88
2025-03-13 00:37:40,208 - INFO - Time: 1741826260.21s | Pan Error: 4.77, Tilt Error: -0.74
2025-03-13 00:37:40,209 - INFO - Pan Angle: 7.56, Tilt Angle: -12.42
2025-03-13 00:37:40,371 - INFO - Time: 1741826260.37s | Pan Error: 8.97, Tilt Error: -4.58
2025-03-13 00:37:40,373 - INFO - Pan Angle: 2.97, Tilt Angle: -14.76
2025-03-13 00:37:40,544 - INFO - Time: 1741826260.54s | Pan Error: 13.55, Tilt Error: -5.15
2025-03-13 00:37:40,545 - INFO - Pan Angle: -4.05, Tilt Angle: -17.46
2025-03-13 00:37:40,697 - INFO - Time: 1741826260.70s | Pan Error: 14.28, Tilt Error: -4.81
2025-03-13 00:37:40,698 - INFO - Pan Angle: -11.34, Tilt Angle: -19.98
2025-03-13 00:37:40,831 - INFO - Time: 1741826260.83s | Pan Error: 12.63, Tilt Error: -2.00
2025-03-13 00:37:40,832 - INFO - Pan Angle: -17.82, Tilt Angle: -21.06
2025-03-13 00:37:41,023 - INFO - Time: 1741826261.02s | Pan Error: 9.09, Tilt Error: 0.68
2025-03-13 00:37:41,024 - INFO - Pan Angle: -22.41, Tilt Angle: -20.7
2025-03-13 00:37:41,151 - INFO - Time: 1741826261.15s | Pan Error: 3.62, Tilt Error: 0.78
2025-03-13 00:37:41,153 - INFO - Pan Angle: -24.3, Tilt Angle: -20.34
2025-03-13 00:37:41,477 - INFO - Time: 1741826261.48s | Pan Error: -3.78, Tilt Error: 1.17
2025-03-13 00:37:41,478 - INFO - Pan Angle: -22.41, Tilt Angle: -19.8
2025-03-13 00:37:41,632 - INFO - Time: 1741826261.63s | Pan Error: -4.57, Tilt Error: 1.25
2025-03-13 00:37:41,633 - INFO - Pan Angle: -20.25, Tilt Angle: -19.26
2025-03-13 00:37:41,836 - INFO - Time: 1741826261.84s | Pan Error: -4.54, Tilt Error: 1.64
2025-03-13 00:37:41,837 - INFO - Pan Angle: -18.09, Tilt Angle: -18.54
2025-03-13 00:37:42,219 - INFO - Time: 1741826262.22s | Pan Error: 0.89, Tilt Error: 1.45
2025-03-13 00:37:42,223 - INFO - Pan Angle: -18.63, Tilt Angle: -17.82
2025-03-13 00:37:42,384 - INFO - Time: 1741826262.38s | Pan Error: 1.24, Tilt Error: 1.55
2025-03-13 00:37:42,385 - INFO - Pan Angle: -19.44, Tilt Angle: -17.1
2025-03-13 00:37:42,518 - INFO - Time: 1741826262.52s | Pan Error: 1.37, Tilt Error: 1.30
2025-03-13 00:37:42,520 - INFO - Pan Angle: -20.25, Tilt Angle: -16.56
2025-03-13 00:37:42,724 - INFO - Time: 1741826262.72s | Pan Error: 1.40, Tilt Error: 0.83
2025-03-13 00:37:42,725 - INFO - Pan Angle: -21.06, Tilt Angle: -16.2
2025-03-13 00:37:42,864 - INFO - Time: 1741826262.86s | Pan Error: 1.47, Tilt Error: 0.14
2025-03-13 00:37:42,865 - INFO - Pan Angle: -21.87, Tilt Angle: -16.2
2025-03-13 00:37:43,102 - INFO - Time: 1741826263.10s | Pan Error: 0.17, Tilt Error: 0.71
2025-03-13 00:37:43,103 - INFO - Pan Angle: -22.14, Tilt Angle: -16.02
2025-03-13 00:37:43,482 - INFO - Time: 1741826263.48s | Pan Error: -2.83, Tilt Error: 11.34
2025-03-13 00:37:43,484 - INFO - Pan Angle: -20.79, Tilt Angle: -10.26
2025-03-13 00:37:43,637 - INFO - Time: 1741826263.64s | Pan Error: -1.56, Tilt Error: 11.97
2025-03-13 00:37:43,640 - INFO - Pan Angle: -20.25, Tilt Angle: -4.32
2025-03-13 00:37:43,801 - INFO - Time: 1741826263.80s | Pan Error: -1.66, Tilt Error: 6.53
2025-03-13 00:37:43,801 - INFO - Pan Angle: -19.44, Tilt Angle: -1.26
2025-03-13 00:37:43,953 - INFO - Time: 1741826263.95s | Pan Error: -1.93, Tilt Error: -0.29
2025-03-13 00:37:43,953 - INFO - Pan Angle: -18.63, Tilt Angle: -1.62
2025-03-13 00:37:44,083 - INFO - Time: 1741826264.08s | Pan Error: -1.95, Tilt Error: -3.92
2025-03-13 00:37:44,084 - INFO - Pan Angle: -17.82, Tilt Angle: -3.78
2025-03-13 00:37:44,215 - INFO - Time: 1741826264.22s | Pan Error: -0.59, Tilt Error: -4.23
2025-03-13 00:37:44,216 - INFO - Pan Angle: -17.55, Tilt Angle: -5.94
2025-03-13 00:37:44,353 - INFO - Time: 1741826264.35s | Pan Error: 0.52, Tilt Error: -3.89
2025-03-13 00:37:44,354 - INFO - Pan Angle: -18.09, Tilt Angle: -7.92
2025-03-13 00:37:44,496 - INFO - Time: 1741826264.50s | Pan Error: 0.87, Tilt Error: -1.58
2025-03-13 00:37:44,496 - INFO - Pan Angle: -18.63, Tilt Angle: -8.82
2025-03-13 00:37:44,669 - INFO - Time: 1741826264.67s | Pan Error: 0.93, Tilt Error: 0.45
2025-03-13 00:37:44,671 - INFO - Pan Angle: -19.17, Tilt Angle: -8.64
2025-03-13 00:37:44,849 - INFO - Time: 1741826264.85s | Pan Error: 0.97, Tilt Error: 1.33
2025-03-13 00:37:44,850 - INFO - Pan Angle: -19.71, Tilt Angle: -8.1
2025-03-13 00:37:44,987 - INFO - Time: 1741826264.99s | Pan Error: 0.91, Tilt Error: 1.31
2025-03-13 00:37:44,988 - INFO - Pan Angle: -20.25, Tilt Angle: -7.56
2025-03-13 00:37:45,141 - INFO - Time: 1741826265.14s | Pan Error: 0.72, Tilt Error: 1.28
2025-03-13 00:37:45,143 - INFO - Pan Angle: -20.79, Tilt Angle: -7.02
2025-03-13 00:37:45,182 - INFO - Stream stats - Frame: 1500, Size: 194724 bytes, Clients: 1
2025-03-13 00:37:45,361 - INFO - 172.20.10.2 - - [13/Mar/2025 00:37:45] "GET / HTTP/1.1" 200 -
2025-03-13 00:37:45,419 - INFO - Time: 1741826265.42s | Pan Error: 0.16, Tilt Error: 1.36
2025-03-13 00:37:45,421 - INFO - Pan Angle: -21.06, Tilt Angle: -6.48
2025-03-13 00:37:45,438 - INFO - Client connected. Total clients: 2
2025-03-13 00:37:45,617 - INFO - 172.20.10.2 - - [13/Mar/2025 00:37:45] "GET /video_feed HTTP/1.1" 200 -
2025-03-13 00:37:45,676 - INFO - Client disconnected. Remaining clients: 1
2025-03-13 00:37:45,682 - INFO - Saved data at: /home/lberm/Documents/github/Senior_Desing_QKD_2024/src/Pi_Control/runs/run_2025-03-13_00-36-51/data_pan.csv
2025-03-13 00:37:46,134 - INFO - Time: 1741826266.13s | Pan Error: -1.31, Tilt Error: 1.39
2025-03-13 00:37:46,150 - INFO - Pan Angle: -19.17, Tilt Angle: -5.76
2025-03-13 00:37:46,512 - INFO - Time: 1741826266.51s | Pan Error: -1.28, Tilt Error: 1.37
2025-03-13 00:37:46,513 - INFO - Pan Angle: -18.63, Tilt Angle: -5.22
2025-03-13 00:37:46,838 - INFO - Time: 1741826266.84s | Pan Error: -1.30, Tilt Error: 0.60
2025-03-13 00:37:46,840 - INFO - Pan Angle: -18.09, Tilt Angle: -5.4
2025-03-13 00:37:46,879 - INFO - Pan plot saved at: /home/lberm/Documents/github/Senior_Desing_QKD_2024/src/Pi_Control/runs/run_2025-03-13_00-36-51/pan_response.png
2025-03-13 00:37:47,192 - INFO - Time: 1741826267.19s | Pan Error: 0.28, Tilt Error: -0.10
2025-03-13 00:37:47,220 - INFO - Pan Angle: -18.9, Tilt Angle: -5.76
2025-03-13 00:37:47,527 - INFO - Time: 1741826267.53s | Pan Error: 0.31, Tilt Error: -0.17
2025-03-13 00:37:47,529 - INFO - Pan Angle: -19.17, Tilt Angle: -5.94
2025-03-13 00:37:47,759 - INFO - Time: 1741826267.76s | Pan Error: 0.31, Tilt Error: -0.17
2025-03-13 00:37:47,778 - INFO - Pan Angle: -19.44, Tilt Angle: -6.12
2025-03-13 00:37:47,914 - INFO - Tilt plot saved at: /home/lberm/Documents/github/Senior_Desing_QKD_2024/src/Pi_Control/runs/run_2025-03-13_00-36-51/tilt_response.png
2025-03-13 00:37:48,000 - INFO - Time: 1741826268.00s | Pan Error: 0.31, Tilt Error: -0.17
2025-03-13 00:37:48,002 - INFO - Pan Angle: -19.71, Tilt Angle: -6.3
2025-03-13 00:37:48,185 - INFO - Time: 1741826268.19s | Pan Error: 0.31, Tilt Error: -0.17
2025-03-13 00:37:48,188 - INFO - Pan Angle: -19.98, Tilt Angle: -6.48
2025-03-13 00:37:48,382 - INFO - Time: 1741826268.38s | Pan Error: 0.31, Tilt Error: -0.17
2025-03-13 00:37:48,383 - INFO - Pan Angle: -20.25, Tilt Angle: -6.66
2025-03-13 00:37:48,518 - INFO - Time: 1741826268.52s | Pan Error: 0.31, Tilt Error: -0.17
2025-03-13 00:37:48,519 - INFO - Pan Angle: -20.52, Tilt Angle: -6.84
2025-03-13 00:37:48,657 - INFO - Time: 1741826268.66s | Pan Error: 0.31, Tilt Error: -0.17
2025-03-13 00:37:48,658 - INFO - Pan Angle: -20.79, Tilt Angle: -7.02
2025-03-13 00:37:48,793 - INFO - Time: 1741826268.79s | Pan Error: 0.26, Tilt Error: -0.15
2025-03-13 00:37:48,794 - INFO - Pan Angle: -21.06, Tilt Angle: -7.2
2025-03-13 00:37:49,001 - INFO - Time: 1741826269.00s | Pan Error: 0.26, Tilt Error: -0.15
2025-03-13 00:37:49,002 - INFO - Pan Angle: -21.33, Tilt Angle: -7.38
2025-03-13 00:37:49,017 - INFO - Client disconnected. Remaining clients: 0
2025-03-13 00:37:49,019 - INFO - Saved data at: /home/lberm/Documents/github/Senior_Desing_QKD_2024/src/Pi_Control/runs/run_2025-03-13_00-36-51/data_pan.csv
2025-03-13 00:37:49,676 - INFO - Pan plot saved at: /home/lberm/Documents/github/Senior_Desing_QKD_2024/src/Pi_Control/runs/run_2025-03-13_00-36-51/pan_response.png
2025-03-13 00:37:50,307 - INFO - Tilt plot saved at: /home/lberm/Documents/github/Senior_Desing_QKD_2024/src/Pi_Control/runs/run_2025-03-13_00-36-51/tilt_response.png
2025-03-13 00:37:51,538 - INFO - Camera stopped
